<?xml version="1.0" encoding="UTF-8"?>
<testsuite name="org.springframework.jdbc.core.support.JdbcBeanDefinitionReaderTests" tests="1" skipped="0" failures="0" errors="0" timestamp="2023-03-06T07:46:55" hostname="DESKTOP-VGJP1PJ" time="0.006">
  <properties/>
  <testcase name="readBeanDefinitionFromMockedDataSource()" classname="org.springframework.jdbc.core.support.JdbcBeanDefinitionReaderTests" time="0.006"/>
  <system-out><![CDATA[]]></system-out>
  <system-err><![CDATA[]]></system-err>
</testsuite>
