<?xml version="1.0" encoding="UTF-8"?>
<testsuite name="org.springframework.jdbc.datasource.init.CompositeDatabasePopulatorTests" tests="5" skipped="0" failures="0" errors="0" timestamp="2023-03-06T07:47:02" hostname="DESKTOP-VGJP1PJ" time="0.004">
  <properties/>
  <testcase name="addPopulators()" classname="org.springframework.jdbc.datasource.init.CompositeDatabasePopulatorTests" time="0.001"/>
  <testcase name="constructWithCollection()" classname="org.springframework.jdbc.datasource.init.CompositeDatabasePopulatorTests" time="0.001"/>
  <testcase name="setPopulatorsForOverride()" classname="org.springframework.jdbc.datasource.init.CompositeDatabasePopulatorTests" time="0.001"/>
  <testcase name="constructWithVarargs()" classname="org.springframework.jdbc.datasource.init.CompositeDatabasePopulatorTests" time="0.001"/>
  <testcase name="setPopulatorsWithMultiple()" classname="org.springframework.jdbc.datasource.init.CompositeDatabasePopulatorTests" time="0.0"/>
  <system-out><![CDATA[]]></system-out>
  <system-err><![CDATA[]]></system-err>
</testsuite>
