<?xml version="1.0" encoding="UTF-8"?>
<testsuite name="org.springframework.jdbc.datasource.init.ScriptUtilsIntegrationTests" tests="2" skipped="0" failures="0" errors="0" timestamp="2023-03-06T07:47:07" hostname="DESKTOP-VGJP1PJ" time="0.026">
  <properties/>
  <testcase name="executeSqlScriptContainingSingleQuotesNestedInsideDoubleQuotes()" classname="org.springframework.jdbc.datasource.init.ScriptUtilsIntegrationTests" time="0.011"/>
  <testcase name="executeSqlScriptContainingMultiLineComments()" classname="org.springframework.jdbc.datasource.init.ScriptUtilsIntegrationTests" time="0.015"/>
  <system-out><![CDATA[]]></system-out>
  <system-err><![CDATA[]]></system-err>
</testsuite>
