<?xml version="1.0" encoding="UTF-8"?>
<testsuite name="org.springframework.jdbc.object.GenericStoredProcedureTests" tests="1" skipped="0" failures="0" errors="0" timestamp="2023-03-06T07:47:07" hostname="DESKTOP-VGJP1PJ" time="0.032">
  <properties/>
  <testcase name="testAddInvoices()" classname="org.springframework.jdbc.object.GenericStoredProcedureTests" time="0.032"/>
  <system-out><![CDATA[]]></system-out>
  <system-err><![CDATA[]]></system-err>
</testsuite>
