<?xml version="1.0" encoding="UTF-8"?>
<testsuite name="org.springframework.jdbc.core.BeanPropertyRowMapperTests" tests="10" skipped="0" failures="0" errors="0" timestamp="2023-03-06T07:46:52" hostname="DESKTOP-VGJP1PJ" time="1.796">
  <properties/>
  <testcase name="testOverridingSameClassDefinedForMapping()" classname="org.springframework.jdbc.core.BeanPropertyRowMapperTests" time="0.003"/>
  <testcase name="testMappingWithInheritance()" classname="org.springframework.jdbc.core.BeanPropertyRowMapperTests" time="1.732"/>
  <testcase name="testMappingWithNoUnpopulatedFieldsFound()" classname="org.springframework.jdbc.core.BeanPropertyRowMapperTests" time="0.006"/>
  <testcase name="testQueryWithSpaceInColumnNameAndLocalDateTime()" classname="org.springframework.jdbc.core.BeanPropertyRowMapperTests" time="0.016"/>
  <testcase name="testMappingNullValue()" classname="org.springframework.jdbc.core.BeanPropertyRowMapperTests" time="0.007"/>
  <testcase name="testQueryWithSpaceInColumnNameAndLocalDate()" classname="org.springframework.jdbc.core.BeanPropertyRowMapperTests" time="0.011"/>
  <testcase name="testMappingWithUnpopulatedFieldsNotChecked()" classname="org.springframework.jdbc.core.BeanPropertyRowMapperTests" time="0.007"/>
  <testcase name="testOverridingDifferentClassDefinedForMapping()" classname="org.springframework.jdbc.core.BeanPropertyRowMapperTests" time="0.0"/>
  <testcase name="testStaticQueryWithRowMapper()" classname="org.springframework.jdbc.core.BeanPropertyRowMapperTests" time="0.005"/>
  <testcase name="testMappingWithUnpopulatedFieldsNotAccepted()" classname="org.springframework.jdbc.core.BeanPropertyRowMapperTests" time="0.005"/>
  <system-out><![CDATA[]]></system-out>
  <system-err><![CDATA[]]></system-err>
</testsuite>
