<?xml version="1.0" encoding="UTF-8"?>
<testsuite name="org.springframework.jdbc.support.DatabaseStartupValidatorTests" tests="7" skipped="0" failures="0" errors="0" timestamp="2023-03-06T07:47:08" hostname="DESKTOP-VGJP1PJ" time="4.057">
  <properties/>
  <testcase name="shouldCallValidatonTwiceInCaseOfException()" classname="org.springframework.jdbc.support.DatabaseStartupValidatorTests" time="1.017"/>
  <testcase name="shouldCallValidatonTwiceWhenNotValid()" classname="org.springframework.jdbc.support.DatabaseStartupValidatorTests" time="1.006"/>
  <testcase name="shouldExecuteValidatonTwiceOnError()" classname="org.springframework.jdbc.support.DatabaseStartupValidatorTests" time="1.008"/>
  <testcase name="useValidationQueryInsteadOfIsValid()" classname="org.springframework.jdbc.support.DatabaseStartupValidatorTests" time="0.002"/>
  <testcase name="exceededTimeoutThrowsException()" classname="org.springframework.jdbc.support.DatabaseStartupValidatorTests" time="1.017"/>
  <testcase name="shouldUseJdbc4IsValidByDefault()" classname="org.springframework.jdbc.support.DatabaseStartupValidatorTests" time="0.001"/>
  <testcase name="properSetupForDataSource()" classname="org.springframework.jdbc.support.DatabaseStartupValidatorTests" time="0.002"/>
  <system-out><![CDATA[]]></system-out>
  <system-err><![CDATA[]]></system-err>
</testsuite>
