<?xml version="1.0" encoding="UTF-8"?>
<testsuite name="org.springframework.jdbc.core.namedparam.NamedParameterQueryTests" tests="13" skipped="0" failures="0" errors="0" timestamp="2023-03-06T07:46:55" hostname="DESKTOP-VGJP1PJ" time="0.051">
  <properties/>
  <testcase name="testQueryForObjectWithMapAndInteger()" classname="org.springframework.jdbc.core.namedparam.NamedParameterQueryTests" time="0.003"/>
  <testcase name="testQueryForLongWithParamBeanWithCollection()" classname="org.springframework.jdbc.core.namedparam.NamedParameterQueryTests" time="0.007"/>
  <testcase name="testQueryForLongWithParamBean()" classname="org.springframework.jdbc.core.namedparam.NamedParameterQueryTests" time="0.004"/>
  <testcase name="testQueryForObjectWithParamMapAndListOfExpressionLists()" classname="org.springframework.jdbc.core.namedparam.NamedParameterQueryTests" time="0.003"/>
  <testcase name="testQueryForObjectWithParamMapAndRowMapper()" classname="org.springframework.jdbc.core.namedparam.NamedParameterQueryTests" time="0.003"/>
  <testcase name="testQueryForListWithParamMapAndIntegerElementAndSingleRowAndColumn()" classname="org.springframework.jdbc.core.namedparam.NamedParameterQueryTests" time="0.003"/>
  <testcase name="testQueryForListWithParamMapAndEmptyResult()" classname="org.springframework.jdbc.core.namedparam.NamedParameterQueryTests" time="0.003"/>
  <testcase name="testQueryForMapWithParamMapAndSingleRowAndColumn()" classname="org.springframework.jdbc.core.namedparam.NamedParameterQueryTests" time="0.003"/>
  <testcase name="testQueryForListWithParamMap()" classname="org.springframework.jdbc.core.namedparam.NamedParameterQueryTests" time="0.005"/>
  <testcase name="testQueryForObjectWithParamMapAndInteger()" classname="org.springframework.jdbc.core.namedparam.NamedParameterQueryTests" time="0.003"/>
  <testcase name="testQueryForIntWithParamMap()" classname="org.springframework.jdbc.core.namedparam.NamedParameterQueryTests" time="0.003"/>
  <testcase name="testQueryForObjectWithParamMapAndList()" classname="org.springframework.jdbc.core.namedparam.NamedParameterQueryTests" time="0.002"/>
  <testcase name="testQueryForListWithParamMapAndSingleRowAndColumn()" classname="org.springframework.jdbc.core.namedparam.NamedParameterQueryTests" time="0.003"/>
  <system-out><![CDATA[]]></system-out>
  <system-err><![CDATA[]]></system-err>
</testsuite>
