<?xml version="1.0" encoding="UTF-8"?>
<testsuite name="org.springframework.jdbc.datasource.UserCredentialsDataSourceAdapterTests" tests="3" skipped="0" failures="0" errors="0" timestamp="2023-03-06T07:47:07" hostname="DESKTOP-VGJP1PJ" time="0.005">
  <properties/>
  <testcase name="testStaticCredentials()" classname="org.springframework.jdbc.datasource.UserCredentialsDataSourceAdapterTests" time="0.001"/>
  <testcase name="testThreadBoundCredentials()" classname="org.springframework.jdbc.datasource.UserCredentialsDataSourceAdapterTests" time="0.001"/>
  <testcase name="testNoCredentials()" classname="org.springframework.jdbc.datasource.UserCredentialsDataSourceAdapterTests" time="0.001"/>
  <system-out><![CDATA[]]></system-out>
  <system-err><![CDATA[]]></system-err>
</testsuite>
