<?xml version="1.0" encoding="UTF-8"?>
<testsuite name="org.springframework.jdbc.object.BatchSqlUpdateTests" tests="2" skipped="0" failures="0" errors="0" timestamp="2023-03-06T07:47:07" hostname="DESKTOP-VGJP1PJ" time="0.007">
  <properties/>
  <testcase name="testBatchUpdateWithFlushThroughBatchSize()" classname="org.springframework.jdbc.object.BatchSqlUpdateTests" time="0.005"/>
  <testcase name="testBatchUpdateWithExplicitFlush()" classname="org.springframework.jdbc.object.BatchSqlUpdateTests" time="0.001"/>
  <system-out><![CDATA[]]></system-out>
  <system-err><![CDATA[]]></system-err>
</testsuite>
