<?xml version="1.0" encoding="UTF-8"?>
<testsuite name="org.springframework.jdbc.core.JdbcOperationsExtensionsTests" tests="12" skipped="0" failures="0" errors="0" timestamp="2023-03-06T07:47:16" hostname="DESKTOP-VGJP1PJ" time="3.144">
  <properties/>
  <testcase name="queryForObject with nullable RowMapper-like function()" classname="org.springframework.jdbc.core.JdbcOperationsExtensionsTests" time="2.719"/>
  <testcase name="queryForObject with reified type parameters()" classname="org.springframework.jdbc.core.JdbcOperationsExtensionsTests" time="0.018"/>
  <testcase name="queryForObject with RowMapper-like function()" classname="org.springframework.jdbc.core.JdbcOperationsExtensionsTests" time="0.013"/>
  <testcase name="queryForList with reified type parameters and argTypes()" classname="org.springframework.jdbc.core.JdbcOperationsExtensionsTests" time="0.246"/>
  <testcase name="query with ResultSetExtractor-like function()" classname="org.springframework.jdbc.core.JdbcOperationsExtensionsTests" time="0.019"/>
  <testcase name="queryForList with reified type parameters()" classname="org.springframework.jdbc.core.JdbcOperationsExtensionsTests" time="0.012"/>
  <testcase name="query with nullable ResultSetExtractor-like function()" classname="org.springframework.jdbc.core.JdbcOperationsExtensionsTests" time="0.014"/>
  <testcase name="queryForObject with reified type parameters and argTypes()" classname="org.springframework.jdbc.core.JdbcOperationsExtensionsTests" time="0.023"/>
  <testcase name="queryForObject with reified type parameters and args()" classname="org.springframework.jdbc.core.JdbcOperationsExtensionsTests" time="0.011"/>
  <testcase name="query with RowMapper-like function()" classname="org.springframework.jdbc.core.JdbcOperationsExtensionsTests" time="0.02"/>
  <testcase name="queryForList with reified type parameters and args()" classname="org.springframework.jdbc.core.JdbcOperationsExtensionsTests" time="0.012"/>
  <testcase name="query with RowCallbackHandler-like function()" classname="org.springframework.jdbc.core.JdbcOperationsExtensionsTests" time="0.017"/>
  <system-out><![CDATA[]]></system-out>
  <system-err><![CDATA[]]></system-err>
</testsuite>
