<?xml version="1.0" encoding="UTF-8"?>
<testsuite name="org.springframework.http.codec.protobuf.ProtobufEncoderTests" tests="3" skipped="0" failures="0" errors="0" timestamp="2023-03-06T08:30:41" hostname="DESKTOP-VGJP1PJ" time="0.007">
  <properties/>
  <testcase name="encode()" classname="org.springframework.http.codec.protobuf.ProtobufEncoderTests" time="0.003"/>
  <testcase name="encodeStream()" classname="org.springframework.http.codec.protobuf.ProtobufEncoderTests" time="0.003"/>
  <testcase name="canEncode()" classname="org.springframework.http.codec.protobuf.ProtobufEncoderTests" time="0.001"/>
  <system-out><![CDATA[]]></system-out>
  <system-err><![CDATA[]]></system-err>
</testsuite>
