<?xml version="1.0" encoding="UTF-8"?>
<testsuite name="org.springframework.http.client.StreamingHttpComponentsClientHttpRequestFactoryTests" tests="6" skipped="0" failures="0" errors="0" timestamp="2023-03-06T08:30:38" hostname="DESKTOP-VGJP1PJ" time="0.042">
  <properties/>
  <testcase name="headersAfterExecute()" classname="org.springframework.http.client.StreamingHttpComponentsClientHttpRequestFactoryTests" time="0.002"/>
  <testcase name="status()" classname="org.springframework.http.client.StreamingHttpComponentsClientHttpRequestFactoryTests" time="0.005"/>
  <testcase name="echo()" classname="org.springframework.http.client.StreamingHttpComponentsClientHttpRequestFactoryTests" time="0.007"/>
  <testcase name="multipleWrites()" classname="org.springframework.http.client.StreamingHttpComponentsClientHttpRequestFactoryTests" time="0.009"/>
  <testcase name="queryParameters()" classname="org.springframework.http.client.StreamingHttpComponentsClientHttpRequestFactoryTests" time="0.008"/>
  <testcase name="httpMethods()" classname="org.springframework.http.client.StreamingHttpComponentsClientHttpRequestFactoryTests" time="0.007"/>
  <system-out><![CDATA[]]></system-out>
  <system-err><![CDATA[Mar 06, 2023 3:30:38 AM okhttp3.mockwebserver.MockWebServer$3 execute
INFO: MockWebServer[59560] starting to accept connections
Mar 06, 2023 3:30:38 AM okhttp3.mockwebserver.MockWebServer$3 acceptConnections
INFO: MockWebServer[59560] done accepting connections: socket closed
Mar 06, 2023 3:30:38 AM okhttp3.mockwebserver.MockWebServer$3 execute
INFO: MockWebServer[59561] starting to accept connections
Mar 06, 2023 3:30:38 AM okhttp3.mockwebserver.MockWebServer$4 processOneRequest
INFO: MockWebServer[59561] received request: GET /status/notfound HTTP/1.1 and responded: HTTP/1.1 404 Client Error
Mar 06, 2023 3:30:38 AM okhttp3.mockwebserver.MockWebServer$3 acceptConnections
INFO: MockWebServer[59561] done accepting connections: socket closed
Mar 06, 2023 3:30:38 AM okhttp3.mockwebserver.MockWebServer$3 execute
INFO: MockWebServer[59563] starting to accept connections
Mar 06, 2023 3:30:38 AM okhttp3.mockwebserver.MockWebServer$4 processOneRequest
INFO: MockWebServer[59563] received request: PUT /echo HTTP/1.1 and responded: HTTP/1.1 200 OK
Mar 06, 2023 3:30:38 AM okhttp3.mockwebserver.MockWebServer$3 acceptConnections
INFO: MockWebServer[59563] done accepting connections: socket closed
Mar 06, 2023 3:30:38 AM okhttp3.mockwebserver.MockWebServer$3 execute
INFO: MockWebServer[59565] starting to accept connections
Mar 06, 2023 3:30:38 AM okhttp3.mockwebserver.MockWebServer$4 processOneRequest
INFO: MockWebServer[59565] received request: POST /echo HTTP/1.1 and responded: HTTP/1.1 200 OK
Mar 06, 2023 3:30:38 AM okhttp3.mockwebserver.MockWebServer$3 acceptConnections
INFO: MockWebServer[59565] done accepting connections: socket closed
Mar 06, 2023 3:30:38 AM okhttp3.mockwebserver.MockWebServer$3 execute
INFO: MockWebServer[59567] starting to accept connections
Mar 06, 2023 3:30:38 AM okhttp3.mockwebserver.MockWebServer$4 processOneRequest
INFO: MockWebServer[59567] received request: GET /params?param1=value&param2=value1&param2=value2 HTTP/1.1 and responded: HTTP/1.1 200 OK
Mar 06, 2023 3:30:38 AM okhttp3.mockwebserver.MockWebServer$3 acceptConnections
INFO: MockWebServer[59567] done accepting connections: socket closed
Mar 06, 2023 3:30:38 AM okhttp3.mockwebserver.MockWebServer$3 execute
INFO: MockWebServer[59569] starting to accept connections
Mar 06, 2023 3:30:38 AM okhttp3.mockwebserver.MockWebServer$3 acceptConnections
INFO: MockWebServer[59569] done accepting connections: socket closed
Mar 06, 2023 3:30:38 AM okhttp3.mockwebserver.MockWebServer$4 processOneRequest
INFO: MockWebServer[59569] received request: PATCH /methods/patch HTTP/1.1 and responded: HTTP/1.1 200 OK
]]></system-err>
</testsuite>
