<?xml version="1.0" encoding="UTF-8"?>
<testsuite name="org.springframework.http.codec.multipart.SynchronossPartHttpMessageReaderTests" tests="9" skipped="0" failures="0" errors="0" timestamp="2023-03-06T08:30:41" hostname="DESKTOP-VGJP1PJ" time="0.04">
  <properties/>
  <testcase name="transferTo()" classname="org.springframework.http.codec.multipart.SynchronossPartHttpMessageReaderTests" time="0.01"/>
  <testcase name="readPartsWithoutDemand()" classname="org.springframework.http.codec.multipart.SynchronossPartHttpMessageReaderTests" time="0.004"/>
  <testcase name="readPartHeadersTooBig()" classname="org.springframework.http.codec.multipart.SynchronossPartHttpMessageReaderTests" time="0.004"/>
  <testcase name="readFilePartTooBig()" classname="org.springframework.http.codec.multipart.SynchronossPartHttpMessageReaderTests" time="0.004"/>
  <testcase name="gh23768()" classname="org.springframework.http.codec.multipart.SynchronossPartHttpMessageReaderTests" time="0.003"/>
  <testcase name="resolveParts()" classname="org.springframework.http.codec.multipart.SynchronossPartHttpMessageReaderTests" time="0.004"/>
  <testcase name="canRead()" classname="org.springframework.http.codec.multipart.SynchronossPartHttpMessageReaderTests" time="0.001"/>
  <testcase name="readTooManyParts()" classname="org.springframework.http.codec.multipart.SynchronossPartHttpMessageReaderTests" time="0.004"/>
  <testcase name="bodyError()" classname="org.springframework.http.codec.multipart.SynchronossPartHttpMessageReaderTests" time="0.001"/>
  <system-out><![CDATA[03:30:41.556 [Test worker] DEBUG o.s.w.HttpLogging - Encoding parts [filePart, textPart] (content masked)
03:30:41.562 [Test worker] DEBUG o.s.w.HttpLogging - Parsed parts [filePart, textPart] (content masked)
03:30:41.566 [Test worker] DEBUG o.s.w.HttpLogging - Encoding parts [filePart, textPart] (content masked)
03:30:41.571 [Test worker] DEBUG o.s.w.HttpLogging - Encoding parts [filePart, textPart] (content masked)
03:30:41.576 [Test worker] DEBUG o.s.w.HttpLogging - Encoding parts [filePart, textPart] (content masked)
03:30:41.582 [Test worker] DEBUG o.s.w.HttpLogging - Parsed parts [] (content masked)
03:30:41.584 [Test worker] DEBUG o.s.w.HttpLogging - Encoding parts [filePart, textPart] (content masked)
03:30:41.586 [Test worker] DEBUG o.s.w.HttpLogging - Parsed parts [filePart, textPart] (content masked)
03:30:41.590 [Test worker] DEBUG o.s.w.HttpLogging - Encoding parts [filePart, textPart] (content masked)
]]></system-out>
  <system-err><![CDATA[]]></system-err>
</testsuite>
