<?xml version="1.0" encoding="UTF-8"?>
<testsuite name="org.springframework.http.server.reactive.RandomHandlerIntegrationTests" tests="4" skipped="0" failures="0" errors="0" timestamp="2023-03-06T08:30:56" hostname="DESKTOP-VGJP1PJ" time="0.266">
  <properties/>
  <testcase name="random(HttpServer)[1]" classname="org.springframework.http.server.reactive.RandomHandlerIntegrationTests" time="0.038"/>
  <testcase name="random(HttpServer)[2]" classname="org.springframework.http.server.reactive.RandomHandlerIntegrationTests" time="0.012"/>
  <testcase name="random(HttpServer)[3]" classname="org.springframework.http.server.reactive.RandomHandlerIntegrationTests" time="0.192"/>
  <testcase name="random(HttpServer)[4]" classname="org.springframework.http.server.reactive.RandomHandlerIntegrationTests" time="0.024"/>
  <system-out><![CDATA[03:30:56.971 [Test worker] DEBUG o.s.w.t.h.s.r.b.JettyHttpServer - Starting JettyHttpServer...
03:30:56.990 [Test worker] DEBUG o.s.w.t.h.s.r.b.JettyHttpServer - Server started on port 59794(0 millis).
03:30:56.995 [Test worker] DEBUG o.s.w.c.RestTemplate - HTTP POST http://localhost:59794
03:30:56.996 [Test worker] DEBUG o.s.w.c.RestTemplate - Accept=[application/octet-stream, application/xml, text/xml, application/json, application/x-jackson-smile, application/cbor, application/*+xml, application/*+json, */*]
03:30:56.996 [Test worker] DEBUG o.s.w.c.RestTemplate - Writing [[B@fed5944] with org.springframework.http.converter.ByteArrayHttpMessageConverter
03:30:57.003 [Test worker] DEBUG o.s.w.c.RestTemplate - Response 200 OK
03:30:57.003 [Test worker] DEBUG o.s.w.c.RestTemplate - Reading to [[B] as "application/octet-stream"
03:30:57.006 [Test worker] DEBUG o.s.w.t.h.s.r.b.JettyHttpServer - Stopping JettyHttpServer...
03:30:57.008 [Test worker] DEBUG o.s.w.t.h.s.r.b.JettyHttpServer - Server stopped (0 millis).
03:30:57.010 [Test worker] DEBUG o.s.w.t.h.s.r.b.ReactorHttpServer - Starting ReactorHttpServer...
03:30:57.011 [Test worker] DEBUG o.s.w.t.h.s.r.b.ReactorHttpServer - Server started on port 59801(0 millis).
03:30:57.014 [Test worker] DEBUG o.s.w.c.RestTemplate - HTTP POST http://localhost:59801
03:30:57.014 [Test worker] DEBUG o.s.w.c.RestTemplate - Accept=[application/octet-stream, application/xml, text/xml, application/json, application/x-jackson-smile, application/cbor, application/*+xml, application/*+json, */*]
03:30:57.015 [Test worker] DEBUG o.s.w.c.RestTemplate - Writing [[B@7cfa21ec] with org.springframework.http.converter.ByteArrayHttpMessageConverter
03:30:57.018 [Test worker] DEBUG o.s.w.c.RestTemplate - Response 200 OK
03:30:57.020 [Test worker] DEBUG o.s.w.c.RestTemplate - Reading to [[B] as "application/octet-stream"
03:30:57.020 [Test worker] DEBUG o.s.w.t.h.s.r.b.ReactorHttpServer - Stopping ReactorHttpServer...
03:30:57.020 [Test worker] DEBUG o.s.w.t.h.s.r.b.ReactorHttpServer - Server stopped (0 millis).
03:30:57.022 [Test worker] DEBUG o.s.w.t.h.s.r.b.TomcatHttpServer - Starting TomcatHttpServer...
03:30:57.033 [Test worker] DEBUG o.s.w.t.h.s.r.b.TomcatHttpServer - Server started on port 59803(0 millis).
03:30:57.035 [Test worker] DEBUG o.s.w.c.RestTemplate - HTTP POST http://localhost:59803
03:30:57.036 [Test worker] DEBUG o.s.w.c.RestTemplate - Accept=[application/octet-stream, application/xml, text/xml, application/json, application/x-jackson-smile, application/cbor, application/*+xml, application/*+json, */*]
03:30:57.036 [Test worker] DEBUG o.s.w.c.RestTemplate - Writing [[B@2629ad51] with org.springframework.http.converter.ByteArrayHttpMessageConverter
03:30:57.041 [Test worker] DEBUG o.s.w.c.RestTemplate - Response 200 OK
03:30:57.042 [Test worker] DEBUG o.s.w.c.RestTemplate - Reading to [[B] as "application/octet-stream"
03:30:57.042 [Test worker] DEBUG o.s.w.t.h.s.r.b.TomcatHttpServer - Stopping TomcatHttpServer...
03:30:57.213 [Test worker] DEBUG o.s.w.t.h.s.r.b.TomcatHttpServer - Server stopped (0 millis).
03:30:57.214 [Test worker] DEBUG o.s.w.t.h.s.r.b.UndertowHttpServer - Starting UndertowHttpServer...
03:30:57.222 [Test worker] DEBUG o.s.w.t.h.s.r.b.UndertowHttpServer - Server started on port 59821(0 millis).
03:30:57.226 [Test worker] DEBUG o.s.w.c.RestTemplate - HTTP POST http://localhost:59821
03:30:57.226 [Test worker] DEBUG o.s.w.c.RestTemplate - Accept=[application/octet-stream, application/xml, text/xml, application/json, application/x-jackson-smile, application/cbor, application/*+xml, application/*+json, */*]
03:30:57.226 [Test worker] DEBUG o.s.w.c.RestTemplate - Writing [[B@23b61214] with org.springframework.http.converter.ByteArrayHttpMessageConverter
03:30:57.229 [Test worker] DEBUG o.s.w.c.RestTemplate - Response 200 OK
03:30:57.229 [Test worker] DEBUG o.s.w.c.RestTemplate - Reading to [[B] as "application/octet-stream"
03:30:57.231 [Test worker] DEBUG o.s.w.t.h.s.r.b.UndertowHttpServer - Stopping UndertowHttpServer...
03:30:57.237 [Test worker] DEBUG o.s.w.t.h.s.r.b.UndertowHttpServer - Server stopped (0 millis).
]]></system-out>
  <system-err><![CDATA[Mar 06, 2023 3:30:57 AM org.apache.catalina.core.StandardService startInternal
INFO: Starting service [Tomcat]
Mar 06, 2023 3:30:57 AM org.apache.catalina.core.StandardEngine startInternal
INFO: Starting Servlet engine: [Apache Tomcat/9.0.36]
Mar 06, 2023 3:30:57 AM org.apache.coyote.AbstractProtocol init
INFO: Initializing ProtocolHandler ["http-nio-auto-8"]
Mar 06, 2023 3:30:57 AM org.apache.coyote.AbstractProtocol start
INFO: Starting ProtocolHandler ["http-nio-auto-8-59803"]
Mar 06, 2023 3:30:57 AM org.apache.coyote.AbstractProtocol pause
INFO: Pausing ProtocolHandler ["http-nio-auto-8-59803"]
Mar 06, 2023 3:30:57 AM org.apache.catalina.core.StandardService stopInternal
INFO: Stopping service [Tomcat]
Mar 06, 2023 3:30:57 AM org.apache.coyote.AbstractProtocol stop
INFO: Stopping ProtocolHandler ["http-nio-auto-8-59803"]
Mar 06, 2023 3:30:57 AM org.apache.coyote.AbstractProtocol destroy
INFO: Destroying ProtocolHandler ["http-nio-auto-8-59803"]
]]></system-err>
</testsuite>
