<?xml version="1.0" encoding="UTF-8"?>
<testsuite name="org.springframework.http.server.reactive.CookieIntegrationTests" tests="4" skipped="0" failures="0" errors="0" timestamp="2023-03-06T08:30:55" hostname="DESKTOP-VGJP1PJ" time="0.316">
  <properties/>
  <testcase name="basicTest(HttpServer)[1]" classname="org.springframework.http.server.reactive.CookieIntegrationTests" time="0.032"/>
  <testcase name="basicTest(HttpServer)[2]" classname="org.springframework.http.server.reactive.CookieIntegrationTests" time="0.013"/>
  <testcase name="basicTest(HttpServer)[3]" classname="org.springframework.http.server.reactive.CookieIntegrationTests" time="0.239"/>
  <testcase name="basicTest(HttpServer)[4]" classname="org.springframework.http.server.reactive.CookieIntegrationTests" time="0.03"/>
  <system-out><![CDATA[03:30:55.011 [Test worker] DEBUG o.s.w.t.h.s.r.b.JettyHttpServer - Starting JettyHttpServer...
03:30:55.018 [Test worker] DEBUG o.s.w.t.h.s.r.b.JettyHttpServer - Server started on port 59625(0 millis).
03:30:55.023 [Test worker] DEBUG o.s.w.c.RestTemplate - HTTP GET http://localhost:59625
03:30:55.026 [Test worker] DEBUG o.s.w.c.RestTemplate - Accept=[application/xml, text/xml, application/json, application/x-jackson-smile, application/cbor, application/*+xml, application/*+json]
03:30:55.036 [Test worker] DEBUG o.s.w.c.RestTemplate - Response 200 OK
03:30:55.039 [Test worker] DEBUG o.s.w.t.h.s.r.b.JettyHttpServer - Stopping JettyHttpServer...
03:30:55.041 [Test worker] DEBUG o.s.w.t.h.s.r.b.JettyHttpServer - Server stopped (0 millis).
03:30:55.042 [Test worker] DEBUG o.s.w.t.h.s.r.b.ReactorHttpServer - Starting ReactorHttpServer...
03:30:55.044 [Test worker] DEBUG o.s.w.t.h.s.r.b.ReactorHttpServer - Server started on port 59631(0 millis).
03:30:55.048 [Test worker] DEBUG o.s.w.c.RestTemplate - HTTP GET http://localhost:59631
03:30:55.048 [Test worker] DEBUG o.s.w.c.RestTemplate - Accept=[application/xml, text/xml, application/json, application/x-jackson-smile, application/cbor, application/*+xml, application/*+json]
03:30:55.053 [Test worker] DEBUG o.s.w.c.RestTemplate - Response 200 OK
03:30:55.054 [Test worker] DEBUG o.s.w.t.h.s.r.b.ReactorHttpServer - Stopping ReactorHttpServer...
03:30:55.054 [Test worker] DEBUG o.s.w.t.h.s.r.b.ReactorHttpServer - Server stopped (0 millis).
03:30:55.056 [Test worker] DEBUG o.s.w.t.h.s.r.b.TomcatHttpServer - Starting TomcatHttpServer...
03:30:55.069 [Test worker] DEBUG o.s.w.t.h.s.r.b.TomcatHttpServer - Server started on port 59633(0 millis).
03:30:55.074 [Test worker] DEBUG o.s.w.c.RestTemplate - HTTP GET http://localhost:59633
03:30:55.075 [Test worker] DEBUG o.s.w.c.RestTemplate - Accept=[application/xml, text/xml, application/json, application/x-jackson-smile, application/cbor, application/*+xml, application/*+json]
03:30:55.119 [Test worker] DEBUG o.s.w.c.RestTemplate - Response 200 OK
03:30:55.119 [Test worker] DEBUG o.s.w.t.h.s.r.b.TomcatHttpServer - Stopping TomcatHttpServer...
03:30:55.294 [Test worker] DEBUG o.s.w.t.h.s.r.b.TomcatHttpServer - Server stopped (0 millis).
03:30:55.295 [Test worker] DEBUG o.s.w.t.h.s.r.b.UndertowHttpServer - Starting UndertowHttpServer...
03:30:55.302 [Test worker] DEBUG o.s.w.t.h.s.r.b.UndertowHttpServer - Server started on port 59651(0 millis).
03:30:55.305 [Test worker] DEBUG o.s.w.c.RestTemplate - HTTP GET http://localhost:59651
03:30:55.306 [Test worker] DEBUG o.s.w.c.RestTemplate - Accept=[application/xml, text/xml, application/json, application/x-jackson-smile, application/cbor, application/*+xml, application/*+json]
03:30:55.319 [Test worker] DEBUG o.s.w.c.RestTemplate - Response 200 OK
03:30:55.319 [Test worker] DEBUG o.s.w.t.h.s.r.b.UndertowHttpServer - Stopping UndertowHttpServer...
03:30:55.324 [Test worker] DEBUG o.s.w.t.h.s.r.b.UndertowHttpServer - Server stopped (0 millis).
]]></system-out>
  <system-err><![CDATA[Mar 06, 2023 3:30:55 AM org.apache.catalina.core.StandardService startInternal
INFO: Starting service [Tomcat]
Mar 06, 2023 3:30:55 AM org.apache.catalina.core.StandardEngine startInternal
INFO: Starting Servlet engine: [Apache Tomcat/9.0.36]
Mar 06, 2023 3:30:55 AM org.apache.coyote.AbstractProtocol init
INFO: Initializing ProtocolHandler ["http-nio-auto-2"]
Mar 06, 2023 3:30:55 AM org.apache.coyote.AbstractProtocol start
INFO: Starting ProtocolHandler ["http-nio-auto-2-59633"]
Mar 06, 2023 3:30:55 AM org.apache.coyote.AbstractProtocol pause
INFO: Pausing ProtocolHandler ["http-nio-auto-2-59633"]
Mar 06, 2023 3:30:55 AM org.apache.catalina.core.StandardService stopInternal
INFO: Stopping service [Tomcat]
Mar 06, 2023 3:30:55 AM org.apache.coyote.AbstractProtocol stop
INFO: Stopping ProtocolHandler ["http-nio-auto-2-59633"]
Mar 06, 2023 3:30:55 AM org.apache.coyote.AbstractProtocol destroy
INFO: Destroying ProtocolHandler ["http-nio-auto-2-59633"]
]]></system-err>
</testsuite>
