<?xml version="1.0" encoding="UTF-8"?>
<testsuite name="org.springframework.web.client.ExtractingResponseErrorHandlerTests" tests="6" skipped="0" failures="0" errors="0" timestamp="2023-03-06T08:31:03" hostname="DESKTOP-VGJP1PJ" time="0.014">
  <properties/>
  <testcase name="handleNoMatch()" classname="org.springframework.web.client.ExtractingResponseErrorHandlerTests" time="0.002"/>
  <testcase name="hasError()" classname="org.springframework.web.client.ExtractingResponseErrorHandlerTests" time="0.0"/>
  <testcase name="handleErrorSeriesMatch()" classname="org.springframework.web.client.ExtractingResponseErrorHandlerTests" time="0.005"/>
  <testcase name="hasErrorOverride()" classname="org.springframework.web.client.ExtractingResponseErrorHandlerTests" time="0.001"/>
  <testcase name="handleNoMatchOverride()" classname="org.springframework.web.client.ExtractingResponseErrorHandlerTests" time="0.001"/>
  <testcase name="handleErrorStatusMatch()" classname="org.springframework.web.client.ExtractingResponseErrorHandlerTests" time="0.003"/>
  <system-out><![CDATA[03:31:03.796 [Test worker] DEBUG o.s.w.c.HttpMessageConverterExtractor - Reading to [org.springframework.web.client.ExtractingResponseErrorHandlerTests$MyRestClientException]
03:31:03.802 [Test worker] DEBUG o.s.w.c.HttpMessageConverterExtractor - Reading to [org.springframework.web.client.ExtractingResponseErrorHandlerTests$MyRestClientException]
]]></system-out>
  <system-err><![CDATA[]]></system-err>
</testsuite>
