<?xml version="1.0" encoding="UTF-8"?>
<testsuite name="org.springframework.http.client.SimpleClientHttpResponseTests" tests="5" skipped="0" failures="0" errors="0" timestamp="2023-03-06T08:30:38" hostname="DESKTOP-VGJP1PJ" time="0.047">
  <properties/>
  <testcase name="shouldDrainResponseEvenIfResponseNotRead()" classname="org.springframework.http.client.SimpleClientHttpResponseTests" time="0.001"/>
  <testcase name="shouldDrainStreamWhenResponseClosed()" classname="org.springframework.http.client.SimpleClientHttpResponseTests" time="0.003"/>
  <testcase name="shouldDrainErrorStreamWhenResponseClosed()" classname="org.springframework.http.client.SimpleClientHttpResponseTests" time="0.002"/>
  <testcase name="shouldNotDrainWhenErrorStreamClosed()" classname="org.springframework.http.client.SimpleClientHttpResponseTests" time="0.033"/>
  <testcase name="shouldNotCloseConnectionWhenResponseClosed()" classname="org.springframework.http.client.SimpleClientHttpResponseTests" time="0.001"/>
  <system-out><![CDATA[]]></system-out>
  <system-err><![CDATA[]]></system-err>
</testsuite>
