<?xml version="1.0" encoding="UTF-8"?>
<testsuite name="org.springframework.http.codec.ServerSentEventHttpMessageWriterTests" tests="48" skipped="0" failures="0" errors="0" timestamp="2023-03-06T08:30:46" hostname="DESKTOP-VGJP1PJ" time="0.146">
  <properties/>
  <testcase name="writeServerSentEvent(String, DataBufferFactory)[1]" classname="org.springframework.http.codec.ServerSentEventHttpMessageWriterTests" time="0.002"/>
  <testcase name="writeServerSentEvent(String, DataBufferFactory)[2]" classname="org.springframework.http.codec.ServerSentEventHttpMessageWriterTests" time="0.001"/>
  <testcase name="writeServerSentEvent(String, DataBufferFactory)[3]" classname="org.springframework.http.codec.ServerSentEventHttpMessageWriterTests" time="0.005"/>
  <testcase name="writeServerSentEvent(String, DataBufferFactory)[4]" classname="org.springframework.http.codec.ServerSentEventHttpMessageWriterTests" time="0.003"/>
  <testcase name="writeServerSentEvent(String, DataBufferFactory)[5]" classname="org.springframework.http.codec.ServerSentEventHttpMessageWriterTests" time="0.001"/>
  <testcase name="writeServerSentEvent(String, DataBufferFactory)[6]" classname="org.springframework.http.codec.ServerSentEventHttpMessageWriterTests" time="0.001"/>
  <testcase name="writeStringWithCustomCharset(String, DataBufferFactory)[1]" classname="org.springframework.http.codec.ServerSentEventHttpMessageWriterTests" time="0.001"/>
  <testcase name="writeStringWithCustomCharset(String, DataBufferFactory)[2]" classname="org.springframework.http.codec.ServerSentEventHttpMessageWriterTests" time="0.002"/>
  <testcase name="writeStringWithCustomCharset(String, DataBufferFactory)[3]" classname="org.springframework.http.codec.ServerSentEventHttpMessageWriterTests" time="0.002"/>
  <testcase name="writeStringWithCustomCharset(String, DataBufferFactory)[4]" classname="org.springframework.http.codec.ServerSentEventHttpMessageWriterTests" time="0.001"/>
  <testcase name="writeStringWithCustomCharset(String, DataBufferFactory)[5]" classname="org.springframework.http.codec.ServerSentEventHttpMessageWriterTests" time="0.001"/>
  <testcase name="writeStringWithCustomCharset(String, DataBufferFactory)[6]" classname="org.springframework.http.codec.ServerSentEventHttpMessageWriterTests" time="0.001"/>
  <testcase name="writePojo(String, DataBufferFactory)[1]" classname="org.springframework.http.codec.ServerSentEventHttpMessageWriterTests" time="0.007"/>
  <testcase name="writePojo(String, DataBufferFactory)[2]" classname="org.springframework.http.codec.ServerSentEventHttpMessageWriterTests" time="0.003"/>
  <testcase name="writePojo(String, DataBufferFactory)[3]" classname="org.springframework.http.codec.ServerSentEventHttpMessageWriterTests" time="0.005"/>
  <testcase name="writePojo(String, DataBufferFactory)[4]" classname="org.springframework.http.codec.ServerSentEventHttpMessageWriterTests" time="0.003"/>
  <testcase name="writePojo(String, DataBufferFactory)[5]" classname="org.springframework.http.codec.ServerSentEventHttpMessageWriterTests" time="0.003"/>
  <testcase name="writePojo(String, DataBufferFactory)[6]" classname="org.springframework.http.codec.ServerSentEventHttpMessageWriterTests" time="0.002"/>
  <testcase name="writePojoWithCustomEncoding(String, DataBufferFactory)[1]" classname="org.springframework.http.codec.ServerSentEventHttpMessageWriterTests" time="0.004"/>
  <testcase name="writePojoWithCustomEncoding(String, DataBufferFactory)[2]" classname="org.springframework.http.codec.ServerSentEventHttpMessageWriterTests" time="0.002"/>
  <testcase name="writePojoWithCustomEncoding(String, DataBufferFactory)[3]" classname="org.springframework.http.codec.ServerSentEventHttpMessageWriterTests" time="0.003"/>
  <testcase name="writePojoWithCustomEncoding(String, DataBufferFactory)[4]" classname="org.springframework.http.codec.ServerSentEventHttpMessageWriterTests" time="0.002"/>
  <testcase name="writePojoWithCustomEncoding(String, DataBufferFactory)[5]" classname="org.springframework.http.codec.ServerSentEventHttpMessageWriterTests" time="0.002"/>
  <testcase name="writePojoWithCustomEncoding(String, DataBufferFactory)[6]" classname="org.springframework.http.codec.ServerSentEventHttpMessageWriterTests" time="0.003"/>
  <testcase name="canWrite(String, DataBufferFactory)[1]" classname="org.springframework.http.codec.ServerSentEventHttpMessageWriterTests" time="0.0"/>
  <testcase name="canWrite(String, DataBufferFactory)[2]" classname="org.springframework.http.codec.ServerSentEventHttpMessageWriterTests" time="0.0"/>
  <testcase name="canWrite(String, DataBufferFactory)[3]" classname="org.springframework.http.codec.ServerSentEventHttpMessageWriterTests" time="0.001"/>
  <testcase name="canWrite(String, DataBufferFactory)[4]" classname="org.springframework.http.codec.ServerSentEventHttpMessageWriterTests" time="0.001"/>
  <testcase name="canWrite(String, DataBufferFactory)[5]" classname="org.springframework.http.codec.ServerSentEventHttpMessageWriterTests" time="0.0"/>
  <testcase name="canWrite(String, DataBufferFactory)[6]" classname="org.springframework.http.codec.ServerSentEventHttpMessageWriterTests" time="0.001"/>
  <testcase name="writePojoWithPrettyPrint(String, DataBufferFactory)[1]" classname="org.springframework.http.codec.ServerSentEventHttpMessageWriterTests" time="0.004"/>
  <testcase name="writePojoWithPrettyPrint(String, DataBufferFactory)[2]" classname="org.springframework.http.codec.ServerSentEventHttpMessageWriterTests" time="0.003"/>
  <testcase name="writePojoWithPrettyPrint(String, DataBufferFactory)[3]" classname="org.springframework.http.codec.ServerSentEventHttpMessageWriterTests" time="0.003"/>
  <testcase name="writePojoWithPrettyPrint(String, DataBufferFactory)[4]" classname="org.springframework.http.codec.ServerSentEventHttpMessageWriterTests" time="0.004"/>
  <testcase name="writePojoWithPrettyPrint(String, DataBufferFactory)[5]" classname="org.springframework.http.codec.ServerSentEventHttpMessageWriterTests" time="0.002"/>
  <testcase name="writePojoWithPrettyPrint(String, DataBufferFactory)[6]" classname="org.springframework.http.codec.ServerSentEventHttpMessageWriterTests" time="0.003"/>
  <testcase name="writeMultiLineString(String, DataBufferFactory)[1]" classname="org.springframework.http.codec.ServerSentEventHttpMessageWriterTests" time="0.001"/>
  <testcase name="writeMultiLineString(String, DataBufferFactory)[2]" classname="org.springframework.http.codec.ServerSentEventHttpMessageWriterTests" time="0.001"/>
  <testcase name="writeMultiLineString(String, DataBufferFactory)[3]" classname="org.springframework.http.codec.ServerSentEventHttpMessageWriterTests" time="0.001"/>
  <testcase name="writeMultiLineString(String, DataBufferFactory)[4]" classname="org.springframework.http.codec.ServerSentEventHttpMessageWriterTests" time="0.001"/>
  <testcase name="writeMultiLineString(String, DataBufferFactory)[5]" classname="org.springframework.http.codec.ServerSentEventHttpMessageWriterTests" time="0.001"/>
  <testcase name="writeMultiLineString(String, DataBufferFactory)[6]" classname="org.springframework.http.codec.ServerSentEventHttpMessageWriterTests" time="0.0"/>
  <testcase name="writeString(String, DataBufferFactory)[1]" classname="org.springframework.http.codec.ServerSentEventHttpMessageWriterTests" time="0.0"/>
  <testcase name="writeString(String, DataBufferFactory)[2]" classname="org.springframework.http.codec.ServerSentEventHttpMessageWriterTests" time="0.001"/>
  <testcase name="writeString(String, DataBufferFactory)[3]" classname="org.springframework.http.codec.ServerSentEventHttpMessageWriterTests" time="0.001"/>
  <testcase name="writeString(String, DataBufferFactory)[4]" classname="org.springframework.http.codec.ServerSentEventHttpMessageWriterTests" time="0.001"/>
  <testcase name="writeString(String, DataBufferFactory)[5]" classname="org.springframework.http.codec.ServerSentEventHttpMessageWriterTests" time="0.001"/>
  <testcase name="writeString(String, DataBufferFactory)[6]" classname="org.springframework.http.codec.ServerSentEventHttpMessageWriterTests" time="0.001"/>
  <system-out><![CDATA[03:30:46.895 [Test worker] DEBUG o.s.w.HttpLogging - Encoding [Pojo[foo='foofoo', bar='barbar']]
03:30:46.899 [Test worker] DEBUG o.s.w.HttpLogging - Encoding [Pojo[foo='foofoofoo', bar='barbarbar']]
03:30:46.902 [Test worker] DEBUG o.s.w.HttpLogging - Encoding [Pojo[foo='foofoo', bar='barbar']]
03:30:46.903 [Test worker] DEBUG o.s.w.HttpLogging - Encoding [Pojo[foo='foofoofoo', bar='barbarbar']]
03:30:46.906 [Test worker] DEBUG o.s.w.HttpLogging - Encoding [Pojo[foo='foofoo', bar='barbar']]
03:30:46.909 [Test worker] DEBUG o.s.w.HttpLogging - Encoding [Pojo[foo='foofoofoo', bar='barbarbar']]
03:30:46.912 [Test worker] DEBUG o.s.w.HttpLogging - Encoding [Pojo[foo='foofoo', bar='barbar']]
03:30:46.914 [Test worker] DEBUG o.s.w.HttpLogging - Encoding [Pojo[foo='foofoofoo', bar='barbarbar']]
03:30:46.916 [Test worker] DEBUG o.s.w.HttpLogging - Encoding [Pojo[foo='foofoo', bar='barbar']]
03:30:46.918 [Test worker] DEBUG o.s.w.HttpLogging - Encoding [Pojo[foo='foofoofoo', bar='barbarbar']]
03:30:46.920 [Test worker] DEBUG o.s.w.HttpLogging - Encoding [Pojo[foo='foofoo', bar='barbar']]
03:30:46.921 [Test worker] DEBUG o.s.w.HttpLogging - Encoding [Pojo[foo='foofoofoo', bar='barbarbar']]
03:30:46.925 [Test worker] DEBUG o.s.w.HttpLogging - Encoding [Pojo[foo='foo?', bar='bar?']]
03:30:46.929 [Test worker] DEBUG o.s.w.HttpLogging - Encoding [Pojo[foo='foo?', bar='bar?']]
03:30:46.932 [Test worker] DEBUG o.s.w.HttpLogging - Encoding [Pojo[foo='foo?', bar='bar?']]
03:30:46.936 [Test worker] DEBUG o.s.w.HttpLogging - Encoding [Pojo[foo='foo?', bar='bar?']]
03:30:46.940 [Test worker] DEBUG o.s.w.HttpLogging - Encoding [Pojo[foo='foo?', bar='bar?']]
03:30:46.944 [Test worker] DEBUG o.s.w.HttpLogging - Encoding [Pojo[foo='foo?', bar='bar?']]
03:30:46.957 [Test worker] DEBUG o.s.w.HttpLogging - Encoding [Pojo[foo='foofoo', bar='barbar']]
03:30:46.959 [Test worker] DEBUG o.s.w.HttpLogging - Encoding [Pojo[foo='foofoofoo', bar='barbarbar']]
03:30:46.962 [Test worker] DEBUG o.s.w.HttpLogging - Encoding [Pojo[foo='foofoo', bar='barbar']]
03:30:46.963 [Test worker] DEBUG o.s.w.HttpLogging - Encoding [Pojo[foo='foofoofoo', bar='barbarbar']]
03:30:46.965 [Test worker] DEBUG o.s.w.HttpLogging - Encoding [Pojo[foo='foofoo', bar='barbar']]
03:30:46.967 [Test worker] DEBUG o.s.w.HttpLogging - Encoding [Pojo[foo='foofoofoo', bar='barbarbar']]
03:30:46.969 [Test worker] DEBUG o.s.w.HttpLogging - Encoding [Pojo[foo='foofoo', bar='barbar']]
03:30:46.971 [Test worker] DEBUG o.s.w.HttpLogging - Encoding [Pojo[foo='foofoofoo', bar='barbarbar']]
03:30:46.974 [Test worker] DEBUG o.s.w.HttpLogging - Encoding [Pojo[foo='foofoo', bar='barbar']]
03:30:46.975 [Test worker] DEBUG o.s.w.HttpLogging - Encoding [Pojo[foo='foofoofoo', bar='barbarbar']]
03:30:46.978 [Test worker] DEBUG o.s.w.HttpLogging - Encoding [Pojo[foo='foofoo', bar='barbar']]
03:30:46.979 [Test worker] DEBUG o.s.w.HttpLogging - Encoding [Pojo[foo='foofoofoo', bar='barbarbar']]
]]></system-out>
  <system-err><![CDATA[]]></system-err>
</testsuite>
