<?xml version="1.0" encoding="UTF-8"?>
<testsuite name="org.springframework.http.client.HttpComponentsClientHttpRequestFactoryTests" tests="11" skipped="0" failures="0" errors="0" timestamp="2023-03-06T08:30:27" hostname="DESKTOP-VGJP1PJ" time="1.076">
  <properties/>
  <testcase name="headersAfterExecute()" classname="org.springframework.http.client.HttpComponentsClientHttpRequestFactoryTests" time="0.017"/>
  <testcase name="status()" classname="org.springframework.http.client.HttpComponentsClientHttpRequestFactoryTests" time="0.009"/>
  <testcase name="echo()" classname="org.springframework.http.client.HttpComponentsClientHttpRequestFactoryTests" time="0.01"/>
  <testcase name="multipleWrites()" classname="org.springframework.http.client.HttpComponentsClientHttpRequestFactoryTests" time="0.008"/>
  <testcase name="queryParameters()" classname="org.springframework.http.client.HttpComponentsClientHttpRequestFactoryTests" time="0.012"/>
  <testcase name="createHttpUriRequest()" classname="org.springframework.http.client.HttpComponentsClientHttpRequestFactoryTests" time="0.018"/>
  <testcase name="mergeBasedOnCurrentHttpClient()" classname="org.springframework.http.client.HttpComponentsClientHttpRequestFactoryTests" time="0.942"/>
  <testcase name="assertCustomConfig()" classname="org.springframework.http.client.HttpComponentsClientHttpRequestFactoryTests" time="0.006"/>
  <testcase name="localSettingsOverrideClientDefaultSettings()" classname="org.springframework.http.client.HttpComponentsClientHttpRequestFactoryTests" time="0.005"/>
  <testcase name="httpMethods()" classname="org.springframework.http.client.HttpComponentsClientHttpRequestFactoryTests" time="0.039"/>
  <testcase name="defaultSettingsOfHttpClientMergedOnExecutorCustomization()" classname="org.springframework.http.client.HttpComponentsClientHttpRequestFactoryTests" time="0.006"/>
  <system-out><![CDATA[]]></system-out>
  <system-err><![CDATA[Mar 06, 2023 3:30:27 AM okhttp3.mockwebserver.MockWebServer$3 execute
INFO: MockWebServer[59294] starting to accept connections
Mar 06, 2023 3:30:27 AM okhttp3.mockwebserver.MockWebServer$4 processOneRequest
INFO: MockWebServer[59294] received request: POST /status/ok HTTP/1.1 and responded: HTTP/1.1 200 OK
Mar 06, 2023 3:30:27 AM okhttp3.mockwebserver.MockWebServer$3 acceptConnections
INFO: MockWebServer[59294] done accepting connections: socket closed
Mar 06, 2023 3:30:27 AM okhttp3.mockwebserver.MockWebServer$3 execute
INFO: MockWebServer[59296] starting to accept connections
Mar 06, 2023 3:30:27 AM okhttp3.mockwebserver.MockWebServer$4 processOneRequest
INFO: MockWebServer[59296] received request: GET /status/notfound HTTP/1.1 and responded: HTTP/1.1 404 Client Error
Mar 06, 2023 3:30:27 AM okhttp3.mockwebserver.MockWebServer$3 acceptConnections
INFO: MockWebServer[59296] done accepting connections: socket closed
Mar 06, 2023 3:30:27 AM okhttp3.mockwebserver.MockWebServer$3 execute
INFO: MockWebServer[59298] starting to accept connections
Mar 06, 2023 3:30:27 AM okhttp3.mockwebserver.MockWebServer$4 processOneRequest
INFO: MockWebServer[59298] received request: PUT /echo HTTP/1.1 and responded: HTTP/1.1 200 OK
Mar 06, 2023 3:30:27 AM okhttp3.mockwebserver.MockWebServer$3 acceptConnections
INFO: MockWebServer[59298] done accepting connections: socket closed
Mar 06, 2023 3:30:27 AM okhttp3.mockwebserver.MockWebServer$3 execute
INFO: MockWebServer[59300] starting to accept connections
Mar 06, 2023 3:30:27 AM okhttp3.mockwebserver.MockWebServer$3 acceptConnections
INFO: MockWebServer[59300] done accepting connections: socket closed
Mar 06, 2023 3:30:27 AM okhttp3.mockwebserver.MockWebServer$4 processOneRequest
INFO: MockWebServer[59300] received request: POST /echo HTTP/1.1 and responded: HTTP/1.1 200 OK
Mar 06, 2023 3:30:27 AM okhttp3.mockwebserver.MockWebServer$3 execute
INFO: MockWebServer[59302] starting to accept connections
Mar 06, 2023 3:30:27 AM okhttp3.mockwebserver.MockWebServer$3 acceptConnections
INFO: MockWebServer[59302] done accepting connections: socket closed
Mar 06, 2023 3:30:27 AM okhttp3.mockwebserver.MockWebServer$4 processOneRequest
INFO: MockWebServer[59302] received request: GET /params?param1=value&param2=value1&param2=value2 HTTP/1.1 and responded: HTTP/1.1 200 OK
Mar 06, 2023 3:30:27 AM okhttp3.mockwebserver.MockWebServer$3 execute
INFO: MockWebServer[59304] starting to accept connections
Mar 06, 2023 3:30:27 AM okhttp3.mockwebserver.MockWebServer$3 acceptConnections
INFO: MockWebServer[59304] done accepting connections: Socket is closed
Mar 06, 2023 3:30:27 AM okhttp3.mockwebserver.MockWebServer$3 execute
INFO: MockWebServer[59305] starting to accept connections
Mar 06, 2023 3:30:28 AM okhttp3.mockwebserver.MockWebServer$3 acceptConnections
INFO: MockWebServer[59305] done accepting connections: socket closed
Mar 06, 2023 3:30:28 AM okhttp3.mockwebserver.MockWebServer$3 execute
INFO: MockWebServer[59306] starting to accept connections
Mar 06, 2023 3:30:28 AM okhttp3.mockwebserver.MockWebServer$3 acceptConnections
INFO: MockWebServer[59306] done accepting connections: socket closed
Mar 06, 2023 3:30:28 AM okhttp3.mockwebserver.MockWebServer$3 execute
INFO: MockWebServer[59307] starting to accept connections
Mar 06, 2023 3:30:28 AM okhttp3.mockwebserver.MockWebServer$3 acceptConnections
INFO: MockWebServer[59307] done accepting connections: Socket is closed
Mar 06, 2023 3:30:28 AM okhttp3.mockwebserver.MockWebServer$3 execute
INFO: MockWebServer[59308] starting to accept connections
Mar 06, 2023 3:30:28 AM okhttp3.mockwebserver.MockWebServer$4 processOneRequest
INFO: MockWebServer[59308] received request: GET /methods/get HTTP/1.1 and responded: HTTP/1.1 200 OK
Mar 06, 2023 3:30:28 AM okhttp3.mockwebserver.MockWebServer$4 processOneRequest
INFO: MockWebServer[59308] received request: HEAD /methods/head HTTP/1.1 and responded: HTTP/1.1 200 OK
Mar 06, 2023 3:30:28 AM okhttp3.mockwebserver.MockWebServer$4 processOneRequest
INFO: MockWebServer[59308] received request: POST /methods/post HTTP/1.1 and responded: HTTP/1.1 200 OK
Mar 06, 2023 3:30:28 AM okhttp3.mockwebserver.MockWebServer$4 processOneRequest
INFO: MockWebServer[59308] received request: PUT /methods/put HTTP/1.1 and responded: HTTP/1.1 200 OK
Mar 06, 2023 3:30:28 AM okhttp3.mockwebserver.MockWebServer$4 processOneRequest
INFO: MockWebServer[59308] received request: OPTIONS /methods/options HTTP/1.1 and responded: HTTP/1.1 200 OK
Mar 06, 2023 3:30:28 AM okhttp3.mockwebserver.MockWebServer$4 processOneRequest
INFO: MockWebServer[59308] received request: DELETE /methods/delete HTTP/1.1 and responded: HTTP/1.1 200 OK
Mar 06, 2023 3:30:28 AM okhttp3.mockwebserver.MockWebServer$3 acceptConnections
INFO: MockWebServer[59308] done accepting connections: socket closed
Mar 06, 2023 3:30:28 AM okhttp3.mockwebserver.MockWebServer$4 processOneRequest
INFO: MockWebServer[59308] received request: PATCH /methods/patch HTTP/1.1 and responded: HTTP/1.1 200 OK
Mar 06, 2023 3:30:28 AM okhttp3.mockwebserver.MockWebServer$3 execute
INFO: MockWebServer[59311] starting to accept connections
Mar 06, 2023 3:30:28 AM okhttp3.mockwebserver.MockWebServer$3 acceptConnections
INFO: MockWebServer[59311] done accepting connections: Socket is closed
]]></system-err>
</testsuite>
