<?xml version="1.0" encoding="UTF-8"?>
<testsuite name="org.springframework.web.server.adapter.WebHttpHandlerBuilderTests" tests="5" skipped="0" failures="0" errors="0" timestamp="2023-03-06T08:31:17" hostname="DESKTOP-VGJP1PJ" time="0.109">
  <properties/>
  <testcase name="configWithoutFilters()" classname="org.springframework.web.server.adapter.WebHttpHandlerBuilderTests" time="0.031"/>
  <testcase name="orderedWebExceptionHandlerBeans()" classname="org.springframework.web.server.adapter.WebHttpHandlerBuilderTests" time="0.033"/>
  <testcase name="cloneWithApplicationContext()" classname="org.springframework.web.server.adapter.WebHttpHandlerBuilderTests" time="0.01"/>
  <testcase name="forwardedHeaderFilter()" classname="org.springframework.web.server.adapter.WebHttpHandlerBuilderTests" time="0.019"/>
  <testcase name="orderedWebFilterBeans()" classname="org.springframework.web.server.adapter.WebHttpHandlerBuilderTests" time="0.016"/>
  <system-out><![CDATA[03:31:17.933 [Test worker] DEBUG o.s.w.s.a.HttpWebHandlerAdapter - enableLoggingRequestDetails='false': form data and headers will be masked to prevent unsafe logging of potentially sensitive data
03:31:17.934 [Test worker] DEBUG o.s.w.s.a.HttpWebHandlerAdapter - [7252f7f1] HTTP GET "/"
03:31:17.935 [Test worker] DEBUG o.s.w.s.a.HttpWebHandlerAdapter - [7252f7f1] Completed 200 OK
03:31:17.964 [Test worker] DEBUG o.s.w.s.a.HttpWebHandlerAdapter - enableLoggingRequestDetails='false': form data and headers will be masked to prevent unsafe logging of potentially sensitive data
03:31:17.964 [Test worker] DEBUG o.s.w.s.a.HttpWebHandlerAdapter - [21388e6f] HTTP GET "/"
03:31:17.969 [Test worker] DEBUG o.s.w.s.a.HttpWebHandlerAdapter - [21388e6f] Completed 200 OK
03:31:17.977 [Test worker] DEBUG o.s.w.s.a.HttpWebHandlerAdapter - enableLoggingRequestDetails='false': form data and headers will be masked to prevent unsafe logging of potentially sensitive data
03:31:17.978 [Test worker] DEBUG o.s.w.s.a.HttpWebHandlerAdapter - enableLoggingRequestDetails='false': form data and headers will be masked to prevent unsafe logging of potentially sensitive data
03:31:18.012 [Test worker] DEBUG o.s.w.s.a.HttpWebHandlerAdapter - enableLoggingRequestDetails='false': form data and headers will be masked to prevent unsafe logging of potentially sensitive data
03:31:18.013 [Test worker] DEBUG o.s.w.s.a.HttpWebHandlerAdapter - [7ce2842c] HTTP GET "/"
03:31:18.013 [Test worker] DEBUG o.s.w.s.a.HttpWebHandlerAdapter - [7ce2842c] Completed 200 OK
]]></system-out>
  <system-err><![CDATA[]]></system-err>
</testsuite>
