<?xml version="1.0" encoding="UTF-8"?>
<testsuite name="org.springframework.http.client.BufferingClientHttpRequestFactoryTests" tests="7" skipped="0" failures="0" errors="0" timestamp="2023-03-06T08:30:26" hostname="DESKTOP-VGJP1PJ" time="0.356">
  <properties/>
  <testcase name="headersAfterExecute()" classname="org.springframework.http.client.BufferingClientHttpRequestFactoryTests" time="0.258"/>
  <testcase name="status()" classname="org.springframework.http.client.BufferingClientHttpRequestFactoryTests" time="0.015"/>
  <testcase name="echo()" classname="org.springframework.http.client.BufferingClientHttpRequestFactoryTests" time="0.012"/>
  <testcase name="multipleWrites()" classname="org.springframework.http.client.BufferingClientHttpRequestFactoryTests" time="0.011"/>
  <testcase name="queryParameters()" classname="org.springframework.http.client.BufferingClientHttpRequestFactoryTests" time="0.011"/>
  <testcase name="httpMethods()" classname="org.springframework.http.client.BufferingClientHttpRequestFactoryTests" time="0.029"/>
  <testcase name="repeatableRead()" classname="org.springframework.http.client.BufferingClientHttpRequestFactoryTests" time="0.017"/>
  <system-out><![CDATA[]]></system-out>
  <system-err><![CDATA[Mar 06, 2023 3:30:26 AM okhttp3.mockwebserver.MockWebServer$3 execute
INFO: MockWebServer[59147] starting to accept connections
Mar 06, 2023 3:30:26 AM okhttp3.mockwebserver.MockWebServer$4 processOneRequest
INFO: MockWebServer[59147] received request: POST /status/ok HTTP/1.1 and responded: HTTP/1.1 200 OK
Mar 06, 2023 3:30:26 AM okhttp3.mockwebserver.MockWebServer$3 acceptConnections
INFO: MockWebServer[59147] done accepting connections: socket closed
Mar 06, 2023 3:30:26 AM okhttp3.mockwebserver.MockWebServer$3 execute
INFO: MockWebServer[59149] starting to accept connections
Mar 06, 2023 3:30:26 AM okhttp3.mockwebserver.MockWebServer$4 processOneRequest
INFO: MockWebServer[59149] received request: GET /status/notfound HTTP/1.1 and responded: HTTP/1.1 404 Client Error
Mar 06, 2023 3:30:26 AM okhttp3.mockwebserver.MockWebServer$3 acceptConnections
INFO: MockWebServer[59149] done accepting connections: socket closed
Mar 06, 2023 3:30:26 AM okhttp3.mockwebserver.MockWebServer$3 execute
INFO: MockWebServer[59151] starting to accept connections
Mar 06, 2023 3:30:26 AM okhttp3.mockwebserver.MockWebServer$4 processOneRequest
INFO: MockWebServer[59151] received request: PUT /echo HTTP/1.1 and responded: HTTP/1.1 200 OK
Mar 06, 2023 3:30:26 AM okhttp3.mockwebserver.MockWebServer$3 acceptConnections
INFO: MockWebServer[59151] done accepting connections: socket closed
Mar 06, 2023 3:30:26 AM okhttp3.mockwebserver.MockWebServer$3 execute
INFO: MockWebServer[59153] starting to accept connections
Mar 06, 2023 3:30:26 AM okhttp3.mockwebserver.MockWebServer$3 acceptConnections
INFO: MockWebServer[59153] done accepting connections: socket closed
Mar 06, 2023 3:30:26 AM okhttp3.mockwebserver.MockWebServer$4 processOneRequest
INFO: MockWebServer[59153] received request: POST /echo HTTP/1.1 and responded: HTTP/1.1 200 OK
Mar 06, 2023 3:30:26 AM okhttp3.mockwebserver.MockWebServer$3 execute
INFO: MockWebServer[59156] starting to accept connections
Mar 06, 2023 3:30:26 AM okhttp3.mockwebserver.MockWebServer$4 processOneRequest
INFO: MockWebServer[59156] received request: GET /params?param1=value&param2=value1&param2=value2 HTTP/1.1 and responded: HTTP/1.1 200 OK
Mar 06, 2023 3:30:26 AM okhttp3.mockwebserver.MockWebServer$3 acceptConnections
INFO: MockWebServer[59156] done accepting connections: socket closed
Mar 06, 2023 3:30:26 AM okhttp3.mockwebserver.MockWebServer$3 execute
INFO: MockWebServer[59158] starting to accept connections
Mar 06, 2023 3:30:26 AM okhttp3.mockwebserver.MockWebServer$4 processOneRequest
INFO: MockWebServer[59158] received request: GET /methods/get HTTP/1.1 and responded: HTTP/1.1 200 OK
Mar 06, 2023 3:30:26 AM okhttp3.mockwebserver.MockWebServer$4 processOneRequest
INFO: MockWebServer[59158] received request: HEAD /methods/head HTTP/1.1 and responded: HTTP/1.1 200 OK
Mar 06, 2023 3:30:26 AM okhttp3.mockwebserver.MockWebServer$4 processOneRequest
INFO: MockWebServer[59158] received request: POST /methods/post HTTP/1.1 and responded: HTTP/1.1 200 OK
Mar 06, 2023 3:30:26 AM okhttp3.mockwebserver.MockWebServer$4 processOneRequest
INFO: MockWebServer[59158] received request: PUT /methods/put HTTP/1.1 and responded: HTTP/1.1 200 OK
Mar 06, 2023 3:30:26 AM okhttp3.mockwebserver.MockWebServer$4 processOneRequest
INFO: MockWebServer[59158] received request: OPTIONS /methods/options HTTP/1.1 and responded: HTTP/1.1 200 OK
Mar 06, 2023 3:30:26 AM okhttp3.mockwebserver.MockWebServer$4 processOneRequest
INFO: MockWebServer[59158] received request: DELETE /methods/delete HTTP/1.1 and responded: HTTP/1.1 200 OK
Mar 06, 2023 3:30:26 AM okhttp3.mockwebserver.MockWebServer$3 acceptConnections
INFO: MockWebServer[59158] done accepting connections: socket closed
Mar 06, 2023 3:30:27 AM okhttp3.mockwebserver.MockWebServer$3 execute
INFO: MockWebServer[59160] starting to accept connections
Mar 06, 2023 3:30:27 AM okhttp3.mockwebserver.MockWebServer$3 acceptConnections
INFO: MockWebServer[59160] done accepting connections: socket closed
Mar 06, 2023 3:30:27 AM okhttp3.mockwebserver.MockWebServer$4 processOneRequest
INFO: MockWebServer[59160] received request: PUT /echo HTTP/1.1 and responded: HTTP/1.1 200 OK
]]></system-err>
</testsuite>
