<?xml version="1.0" encoding="UTF-8"?>
<testsuite name="org.springframework.http.converter.xml.MarshallingHttpMessageConverterTests" tests="8" skipped="0" failures="0" errors="0" timestamp="2023-03-06T08:30:50" hostname="DESKTOP-VGJP1PJ" time="0.04">
  <properties/>
  <testcase name="supports()" classname="org.springframework.http.converter.xml.MarshallingHttpMessageConverterTests" time="0.002"/>
  <testcase name="canWrite()" classname="org.springframework.http.converter.xml.MarshallingHttpMessageConverterTests" time="0.013"/>
  <testcase name="read()" classname="org.springframework.http.converter.xml.MarshallingHttpMessageConverterTests" time="0.014"/>
  <testcase name="writeWithMarshallingFailureException()" classname="org.springframework.http.converter.xml.MarshallingHttpMessageConverterTests" time="0.002"/>
  <testcase name="write()" classname="org.springframework.http.converter.xml.MarshallingHttpMessageConverterTests" time="0.001"/>
  <testcase name="canRead()" classname="org.springframework.http.converter.xml.MarshallingHttpMessageConverterTests" time="0.001"/>
  <testcase name="readWithMarshallingFailureException()" classname="org.springframework.http.converter.xml.MarshallingHttpMessageConverterTests" time="0.002"/>
  <testcase name="readWithTypeMismatchException()" classname="org.springframework.http.converter.xml.MarshallingHttpMessageConverterTests" time="0.002"/>
  <system-out><![CDATA[]]></system-out>
  <system-err><![CDATA[]]></system-err>
</testsuite>
