<?xml version="1.0" encoding="UTF-8"?>
<testsuite name="org.springframework.web.context.request.async.DeferredResultTests" tests="7" skipped="0" failures="0" errors="0" timestamp="2023-03-06T08:31:05" hostname="DESKTOP-VGJP1PJ" time="0.059">
  <properties/>
  <testcase name="onCompletion()" classname="org.springframework.web.context.request.async.DeferredResultTests" time="0.001"/>
  <testcase name="onError()" classname="org.springframework.web.context.request.async.DeferredResultTests" time="0.055"/>
  <testcase name="isSetOrExpired()" classname="org.springframework.web.context.request.async.DeferredResultTests" time="0.0"/>
  <testcase name="hasResult()" classname="org.springframework.web.context.request.async.DeferredResultTests" time="0.001"/>
  <testcase name="onTimeout()" classname="org.springframework.web.context.request.async.DeferredResultTests" time="0.001"/>
  <testcase name="setResult()" classname="org.springframework.web.context.request.async.DeferredResultTests" time="0.0"/>
  <testcase name="setResultTwice()" classname="org.springframework.web.context.request.async.DeferredResultTests" time="0.0"/>
  <system-out><![CDATA[]]></system-out>
  <system-err><![CDATA[]]></system-err>
</testsuite>
