<?xml version="1.0" encoding="UTF-8"?>
<testsuite name="org.springframework.http.server.reactive.AsyncIntegrationTests" tests="4" skipped="0" failures="0" errors="0" timestamp="2023-03-06T08:30:50" hostname="DESKTOP-VGJP1PJ" time="3.984">
  <properties/>
  <testcase name="basicTest(HttpServer)[1]" classname="org.springframework.http.server.reactive.AsyncIntegrationTests" time="0.84"/>
  <testcase name="basicTest(HttpServer)[2]" classname="org.springframework.http.server.reactive.AsyncIntegrationTests" time="0.597"/>
  <testcase name="basicTest(HttpServer)[3]" classname="org.springframework.http.server.reactive.AsyncIntegrationTests" time="1.572"/>
  <testcase name="basicTest(HttpServer)[4]" classname="org.springframework.http.server.reactive.AsyncIntegrationTests" time="0.973"/>
  <system-out><![CDATA[03:30:50.755 [Test worker] DEBUG o.s.w.t.h.s.r.b.JettyHttpServer - Starting JettyHttpServer...
03:30:50.776 [Test worker] DEBUG o.s.w.t.h.s.r.b.JettyHttpServer - Server started on port 59586(0 millis).
03:30:50.802 [Test worker] DEBUG o.s.w.c.RestTemplate - HTTP GET http://localhost:59586
03:30:50.804 [Test worker] DEBUG o.s.w.c.RestTemplate - Accept=[text/plain, application/xml, text/xml, application/json, application/x-jackson-smile, application/cbor, application/*+xml, application/*+json, */*]
03:30:51.490 [Test worker] DEBUG o.s.w.c.RestTemplate - Response 200 OK
03:30:51.492 [Test worker] DEBUG o.s.w.c.RestTemplate - Reading to [java.lang.String] as "application/octet-stream"
03:30:51.495 [Test worker] DEBUG o.s.w.t.h.s.r.b.JettyHttpServer - Stopping JettyHttpServer...
03:30:51.509 [Test worker] DEBUG o.s.w.t.h.s.r.b.JettyHttpServer - Server stopped (0 millis).
03:30:51.521 [Test worker] DEBUG o.s.w.t.h.s.r.b.ReactorHttpServer - Starting ReactorHttpServer...
03:30:51.537 [Test worker] DEBUG o.s.w.t.h.s.r.b.ReactorHttpServer - Server started on port 59600(0 millis).
03:30:51.541 [Test worker] DEBUG o.s.w.c.RestTemplate - HTTP GET http://localhost:59600
03:30:51.541 [Test worker] DEBUG o.s.w.c.RestTemplate - Accept=[text/plain, application/xml, text/xml, application/json, application/x-jackson-smile, application/cbor, application/*+xml, application/*+json, */*]
03:30:52.105 [Test worker] DEBUG o.s.w.c.RestTemplate - Response 200 OK
03:30:52.105 [Test worker] DEBUG o.s.w.c.RestTemplate - Reading to [java.lang.String] as "application/octet-stream"
03:30:52.106 [Test worker] DEBUG o.s.w.t.h.s.r.b.ReactorHttpServer - Stopping ReactorHttpServer...
03:30:52.108 [Test worker] DEBUG o.s.w.t.h.s.r.b.ReactorHttpServer - Server stopped (0 millis).
03:30:52.211 [Test worker] DEBUG o.s.w.t.h.s.r.b.TomcatHttpServer - Starting TomcatHttpServer...
03:30:52.822 [Test worker] DEBUG o.s.w.t.h.s.r.b.TomcatHttpServer - Server started on port 59602(0 millis).
03:30:52.830 [Test worker] DEBUG o.s.w.c.RestTemplate - HTTP GET http://localhost:59602
03:30:52.830 [Test worker] DEBUG o.s.w.c.RestTemplate - Accept=[text/plain, application/xml, text/xml, application/json, application/x-jackson-smile, application/cbor, application/*+xml, application/*+json, */*]
03:30:53.479 [Test worker] DEBUG o.s.w.c.RestTemplate - Response 200 OK
03:30:53.480 [Test worker] DEBUG o.s.w.c.RestTemplate - Reading to [java.lang.String] as "application/octet-stream"
03:30:53.490 [Test worker] DEBUG o.s.w.t.h.s.r.b.TomcatHttpServer - Stopping TomcatHttpServer...
03:30:53.679 [Test worker] DEBUG o.s.w.t.h.s.r.b.TomcatHttpServer - Server stopped (0 millis).
03:30:53.688 [Test worker] DEBUG o.s.w.t.h.s.r.b.UndertowHttpServer - Starting UndertowHttpServer...
03:30:53.937 [Test worker] DEBUG o.s.w.t.h.s.r.b.UndertowHttpServer - Server started on port 59623(0 millis).
03:30:53.968 [Test worker] DEBUG o.s.w.c.RestTemplate - HTTP GET http://localhost:59623
03:30:53.970 [Test worker] DEBUG o.s.w.c.RestTemplate - Accept=[text/plain, application/xml, text/xml, application/json, application/x-jackson-smile, application/cbor, application/*+xml, application/*+json, */*]
03:30:54.631 [Test worker] DEBUG o.s.w.c.RestTemplate - Response 200 OK
03:30:54.632 [Test worker] DEBUG o.s.w.c.RestTemplate - Reading to [java.lang.String] as "application/octet-stream"
03:30:54.633 [Test worker] DEBUG o.s.w.t.h.s.r.b.UndertowHttpServer - Stopping UndertowHttpServer...
03:30:54.652 [Test worker] DEBUG o.s.w.t.h.s.r.b.UndertowHttpServer - Server stopped (0 millis).
]]></system-out>
  <system-err><![CDATA[Mar 06, 2023 3:30:52 AM org.apache.catalina.core.StandardService startInternal
INFO: Starting service [Tomcat]
Mar 06, 2023 3:30:52 AM org.apache.catalina.core.StandardEngine startInternal
INFO: Starting Servlet engine: [Apache Tomcat/9.0.36]
Mar 06, 2023 3:30:52 AM org.apache.coyote.AbstractProtocol init
INFO: Initializing ProtocolHandler ["http-nio-auto-1"]
Mar 06, 2023 3:30:52 AM org.apache.coyote.AbstractProtocol start
INFO: Starting ProtocolHandler ["http-nio-auto-1-59602"]
Mar 06, 2023 3:30:53 AM org.apache.coyote.AbstractProtocol pause
INFO: Pausing ProtocolHandler ["http-nio-auto-1-59602"]
Mar 06, 2023 3:30:53 AM org.apache.catalina.core.StandardService stopInternal
INFO: Stopping service [Tomcat]
Mar 06, 2023 3:30:53 AM org.apache.coyote.AbstractProtocol stop
INFO: Stopping ProtocolHandler ["http-nio-auto-1-59602"]
Mar 06, 2023 3:30:53 AM org.apache.coyote.AbstractProtocol destroy
INFO: Destroying ProtocolHandler ["http-nio-auto-1-59602"]
]]></system-err>
</testsuite>
