<?xml version="1.0" encoding="UTF-8"?>
<testsuite name="org.springframework.web.multipart.support.StandardMultipartHttpServletRequestTests" tests="4" skipped="0" failures="0" errors="0" timestamp="2023-03-06T08:31:08" hostname="DESKTOP-VGJP1PJ" time="0.023">
  <properties/>
  <testcase name="filename()" classname="org.springframework.web.multipart.support.StandardMultipartHttpServletRequestTests" time="0.001"/>
  <testcase name="multipartFileResource()" classname="org.springframework.web.multipart.support.StandardMultipartHttpServletRequestTests" time="0.003"/>
  <testcase name="filenameRfc2047()" classname="org.springframework.web.multipart.support.StandardMultipartHttpServletRequestTests" time="0.017"/>
  <testcase name="filenameRfc5987()" classname="org.springframework.web.multipart.support.StandardMultipartHttpServletRequestTests" time="0.0"/>
  <system-out><![CDATA[]]></system-out>
  <system-err><![CDATA[]]></system-err>
</testsuite>
