<?xml version="1.0" encoding="UTF-8"?>
<testsuite name="org.springframework.http.client.support.BasicAuthorizationInterceptorTests" tests="4" skipped="0" failures="0" errors="0" timestamp="2023-03-06T08:30:38" hostname="DESKTOP-VGJP1PJ" time="0.028">
  <properties/>
  <testcase name="createWhenUsernameContainsColonShouldThrowException()" classname="org.springframework.http.client.support.BasicAuthorizationInterceptorTests" time="0.001"/>
  <testcase name="createWhenUsernameIsNullShouldUseEmptyUsername()" classname="org.springframework.http.client.support.BasicAuthorizationInterceptorTests" time="0.016"/>
  <testcase name="createWhenPasswordIsNullShouldUseEmptyPassword()" classname="org.springframework.http.client.support.BasicAuthorizationInterceptorTests" time="0.001"/>
  <testcase name="interceptShouldAddHeader()" classname="org.springframework.http.client.support.BasicAuthorizationInterceptorTests" time="0.01"/>
  <system-out><![CDATA[]]></system-out>
  <system-err><![CDATA[]]></system-err>
</testsuite>
