<?xml version="1.0" encoding="UTF-8"?>
<testsuite name="org.springframework.web.client.RestTemplateIntegrationTests" tests="104" skipped="1" failures="0" errors="0" timestamp="2023-03-06T08:31:03" hostname="DESKTOP-VGJP1PJ" time="1.483">
  <properties/>
  <testcase name="serverPort(ClientHttpRequestFactory)[1]" classname="org.springframework.web.client.RestTemplateIntegrationTests" time="0.007"/>
  <testcase name="serverPort(ClientHttpRequestFactory)[2]" classname="org.springframework.web.client.RestTemplateIntegrationTests" time="0.008"/>
  <testcase name="serverPort(ClientHttpRequestFactory)[3]" classname="org.springframework.web.client.RestTemplateIntegrationTests" time="0.013"/>
  <testcase name="serverPort(ClientHttpRequestFactory)[4]" classname="org.springframework.web.client.RestTemplateIntegrationTests" time="0.01"/>
  <testcase name="jsonPostForObjectWithJacksonView(ClientHttpRequestFactory)[1]" classname="org.springframework.web.client.RestTemplateIntegrationTests" time="0.014"/>
  <testcase name="jsonPostForObjectWithJacksonView(ClientHttpRequestFactory)[2]" classname="org.springframework.web.client.RestTemplateIntegrationTests" time="0.011"/>
  <testcase name="jsonPostForObjectWithJacksonView(ClientHttpRequestFactory)[3]" classname="org.springframework.web.client.RestTemplateIntegrationTests" time="0.015"/>
  <testcase name="jsonPostForObjectWithJacksonView(ClientHttpRequestFactory)[4]" classname="org.springframework.web.client.RestTemplateIntegrationTests" time="0.012"/>
  <testcase name="exchangeGet(ClientHttpRequestFactory)[1]" classname="org.springframework.web.client.RestTemplateIntegrationTests" time="0.007"/>
  <testcase name="exchangeGet(ClientHttpRequestFactory)[2]" classname="org.springframework.web.client.RestTemplateIntegrationTests" time="0.008"/>
  <testcase name="exchangeGet(ClientHttpRequestFactory)[3]" classname="org.springframework.web.client.RestTemplateIntegrationTests" time="0.02"/>
  <testcase name="exchangeGet(ClientHttpRequestFactory)[4]" classname="org.springframework.web.client.RestTemplateIntegrationTests" time="0.013"/>
  <testcase name="multipartMixed(ClientHttpRequestFactory)[1]" classname="org.springframework.web.client.RestTemplateIntegrationTests" time="0.011"/>
  <testcase name="multipartMixed(ClientHttpRequestFactory)[2]" classname="org.springframework.web.client.RestTemplateIntegrationTests" time="0.011"/>
  <testcase name="multipartMixed(ClientHttpRequestFactory)[3]" classname="org.springframework.web.client.RestTemplateIntegrationTests" time="0.016"/>
  <testcase name="multipartMixed(ClientHttpRequestFactory)[4]" classname="org.springframework.web.client.RestTemplateIntegrationTests" time="0.012"/>
  <testcase name="getNoContentTypeHeader(ClientHttpRequestFactory)[1]" classname="org.springframework.web.client.RestTemplateIntegrationTests" time="0.01"/>
  <testcase name="getNoContentTypeHeader(ClientHttpRequestFactory)[2]" classname="org.springframework.web.client.RestTemplateIntegrationTests" time="0.011"/>
  <testcase name="getNoContentTypeHeader(ClientHttpRequestFactory)[3]" classname="org.springframework.web.client.RestTemplateIntegrationTests" time="0.013"/>
  <testcase name="getNoContentTypeHeader(ClientHttpRequestFactory)[4]" classname="org.springframework.web.client.RestTemplateIntegrationTests" time="0.007"/>
  <testcase name="postWithoutBody(ClientHttpRequestFactory)[1]" classname="org.springframework.web.client.RestTemplateIntegrationTests" time="0.007"/>
  <testcase name="postWithoutBody(ClientHttpRequestFactory)[2]" classname="org.springframework.web.client.RestTemplateIntegrationTests" time="0.007"/>
  <testcase name="postWithoutBody(ClientHttpRequestFactory)[3]" classname="org.springframework.web.client.RestTemplateIntegrationTests" time="0.013"/>
  <testcase name="postWithoutBody(ClientHttpRequestFactory)[4]" classname="org.springframework.web.client.RestTemplateIntegrationTests" time="0.008"/>
  <testcase name="getNotModified(ClientHttpRequestFactory)[1]" classname="org.springframework.web.client.RestTemplateIntegrationTests" time="0.008"/>
  <testcase name="getNotModified(ClientHttpRequestFactory)[2]" classname="org.springframework.web.client.RestTemplateIntegrationTests" time="0.01"/>
  <testcase name="getNotModified(ClientHttpRequestFactory)[3]" classname="org.springframework.web.client.RestTemplateIntegrationTests" time="0.021"/>
  <testcase name="getNotModified(ClientHttpRequestFactory)[4]" classname="org.springframework.web.client.RestTemplateIntegrationTests" time="0.016"/>
  <testcase name="serverError(ClientHttpRequestFactory)[1]" classname="org.springframework.web.client.RestTemplateIntegrationTests" time="0.011"/>
  <testcase name="serverError(ClientHttpRequestFactory)[2]" classname="org.springframework.web.client.RestTemplateIntegrationTests" time="0.009"/>
  <testcase name="serverError(ClientHttpRequestFactory)[3]" classname="org.springframework.web.client.RestTemplateIntegrationTests" time="0.014"/>
  <testcase name="serverError(ClientHttpRequestFactory)[4]" classname="org.springframework.web.client.RestTemplateIntegrationTests" time="0.009"/>
  <testcase name="jsonPostForObject(ClientHttpRequestFactory)[1]" classname="org.springframework.web.client.RestTemplateIntegrationTests" time="0.008"/>
  <testcase name="jsonPostForObject(ClientHttpRequestFactory)[2]" classname="org.springframework.web.client.RestTemplateIntegrationTests" time="0.01"/>
  <testcase name="jsonPostForObject(ClientHttpRequestFactory)[3]" classname="org.springframework.web.client.RestTemplateIntegrationTests" time="0.014"/>
  <testcase name="jsonPostForObject(ClientHttpRequestFactory)[4]" classname="org.springframework.web.client.RestTemplateIntegrationTests" time="0.009"/>
  <testcase name="postForLocationEntity(ClientHttpRequestFactory)[1]" classname="org.springframework.web.client.RestTemplateIntegrationTests" time="0.033"/>
  <testcase name="postForLocationEntity(ClientHttpRequestFactory)[2]" classname="org.springframework.web.client.RestTemplateIntegrationTests" time="0.007"/>
  <testcase name="postForLocationEntity(ClientHttpRequestFactory)[3]" classname="org.springframework.web.client.RestTemplateIntegrationTests" time="0.013"/>
  <testcase name="postForLocationEntity(ClientHttpRequestFactory)[4]" classname="org.springframework.web.client.RestTemplateIntegrationTests" time="0.008"/>
  <testcase name="badRequest(ClientHttpRequestFactory)[1]" classname="org.springframework.web.client.RestTemplateIntegrationTests" time="0.01"/>
  <testcase name="badRequest(ClientHttpRequestFactory)[2]" classname="org.springframework.web.client.RestTemplateIntegrationTests" time="0.012"/>
  <testcase name="badRequest(ClientHttpRequestFactory)[3]" classname="org.springframework.web.client.RestTemplateIntegrationTests" time="0.038"/>
  <testcase name="badRequest(ClientHttpRequestFactory)[4]" classname="org.springframework.web.client.RestTemplateIntegrationTests" time="0.023"/>
  <testcase name="postForObject(ClientHttpRequestFactory)[1]" classname="org.springframework.web.client.RestTemplateIntegrationTests" time="0.013"/>
  <testcase name="postForObject(ClientHttpRequestFactory)[2]" classname="org.springframework.web.client.RestTemplateIntegrationTests" time="0.01"/>
  <testcase name="postForObject(ClientHttpRequestFactory)[3]" classname="org.springframework.web.client.RestTemplateIntegrationTests" time="0.025"/>
  <testcase name="postForObject(ClientHttpRequestFactory)[4]" classname="org.springframework.web.client.RestTemplateIntegrationTests" time="0.01"/>
  <testcase name="postForLocation(ClientHttpRequestFactory)[1]" classname="org.springframework.web.client.RestTemplateIntegrationTests" time="0.016"/>
  <testcase name="postForLocation(ClientHttpRequestFactory)[2]" classname="org.springframework.web.client.RestTemplateIntegrationTests" time="0.009"/>
  <testcase name="postForLocation(ClientHttpRequestFactory)[3]" classname="org.springframework.web.client.RestTemplateIntegrationTests" time="0.012"/>
  <testcase name="postForLocation(ClientHttpRequestFactory)[4]" classname="org.springframework.web.client.RestTemplateIntegrationTests" time="0.009"/>
  <testcase name="uri(ClientHttpRequestFactory)[1]" classname="org.springframework.web.client.RestTemplateIntegrationTests" time="0.01"/>
  <testcase name="uri(ClientHttpRequestFactory)[2]" classname="org.springframework.web.client.RestTemplateIntegrationTests" time="0.013"/>
  <testcase name="uri(ClientHttpRequestFactory)[3]" classname="org.springframework.web.client.RestTemplateIntegrationTests" time="0.024"/>
  <testcase name="uri(ClientHttpRequestFactory)[4]" classname="org.springframework.web.client.RestTemplateIntegrationTests" time="0.011"/>
  <testcase name="form(ClientHttpRequestFactory)[1]" classname="org.springframework.web.client.RestTemplateIntegrationTests" time="0.008"/>
  <testcase name="form(ClientHttpRequestFactory)[2]" classname="org.springframework.web.client.RestTemplateIntegrationTests" time="0.007"/>
  <testcase name="form(ClientHttpRequestFactory)[3]" classname="org.springframework.web.client.RestTemplateIntegrationTests" time="0.011"/>
  <testcase name="form(ClientHttpRequestFactory)[4]" classname="org.springframework.web.client.RestTemplateIntegrationTests" time="0.006"/>
  <testcase name="multipartRelated(ClientHttpRequestFactory)[1]" classname="org.springframework.web.client.RestTemplateIntegrationTests" time="0.008"/>
  <testcase name="multipartRelated(ClientHttpRequestFactory)[2]" classname="org.springframework.web.client.RestTemplateIntegrationTests" time="0.008"/>
  <testcase name="multipartRelated(ClientHttpRequestFactory)[3]" classname="org.springframework.web.client.RestTemplateIntegrationTests" time="0.011"/>
  <testcase name="multipartRelated(ClientHttpRequestFactory)[4]" classname="org.springframework.web.client.RestTemplateIntegrationTests" time="0.01"/>
  <testcase name="getEntity(ClientHttpRequestFactory)[1]" classname="org.springframework.web.client.RestTemplateIntegrationTests" time="0.008"/>
  <testcase name="getEntity(ClientHttpRequestFactory)[2]" classname="org.springframework.web.client.RestTemplateIntegrationTests" time="0.008"/>
  <testcase name="getEntity(ClientHttpRequestFactory)[3]" classname="org.springframework.web.client.RestTemplateIntegrationTests" time="0.016"/>
  <testcase name="getEntity(ClientHttpRequestFactory)[4]" classname="org.springframework.web.client.RestTemplateIntegrationTests" time="0.008"/>
  <testcase name="getNoResponse(ClientHttpRequestFactory)[1]" classname="org.springframework.web.client.RestTemplateIntegrationTests" time="0.005"/>
  <testcase name="getNoResponse(ClientHttpRequestFactory)[2]" classname="org.springframework.web.client.RestTemplateIntegrationTests" time="0.006"/>
  <testcase name="getNoResponse(ClientHttpRequestFactory)[3]" classname="org.springframework.web.client.RestTemplateIntegrationTests" time="0.01"/>
  <testcase name="getNoResponse(ClientHttpRequestFactory)[4]" classname="org.springframework.web.client.RestTemplateIntegrationTests" time="0.006"/>
  <testcase name="patchForObject(ClientHttpRequestFactory)[1]" classname="org.springframework.web.client.RestTemplateIntegrationTests" time="0.001">
    <skipped/>
  </testcase>
  <testcase name="patchForObject(ClientHttpRequestFactory)[2]" classname="org.springframework.web.client.RestTemplateIntegrationTests" time="0.007"/>
  <testcase name="patchForObject(ClientHttpRequestFactory)[3]" classname="org.springframework.web.client.RestTemplateIntegrationTests" time="0.013"/>
  <testcase name="patchForObject(ClientHttpRequestFactory)[4]" classname="org.springframework.web.client.RestTemplateIntegrationTests" time="0.007"/>
  <testcase name="getString(ClientHttpRequestFactory)[1]" classname="org.springframework.web.client.RestTemplateIntegrationTests" time="0.006"/>
  <testcase name="getString(ClientHttpRequestFactory)[2]" classname="org.springframework.web.client.RestTemplateIntegrationTests" time="0.008"/>
  <testcase name="getString(ClientHttpRequestFactory)[3]" classname="org.springframework.web.client.RestTemplateIntegrationTests" time="0.011"/>
  <testcase name="getString(ClientHttpRequestFactory)[4]" classname="org.springframework.web.client.RestTemplateIntegrationTests" time="0.007"/>
  <testcase name="optionsForAllow(ClientHttpRequestFactory)[1]" classname="org.springframework.web.client.RestTemplateIntegrationTests" time="0.007"/>
  <testcase name="optionsForAllow(ClientHttpRequestFactory)[2]" classname="org.springframework.web.client.RestTemplateIntegrationTests" time="0.007"/>
  <testcase name="optionsForAllow(ClientHttpRequestFactory)[3]" classname="org.springframework.web.client.RestTemplateIntegrationTests" time="0.011"/>
  <testcase name="optionsForAllow(ClientHttpRequestFactory)[4]" classname="org.springframework.web.client.RestTemplateIntegrationTests" time="0.009"/>
  <testcase name="exchangePost(ClientHttpRequestFactory)[1]" classname="org.springframework.web.client.RestTemplateIntegrationTests" time="0.011"/>
  <testcase name="exchangePost(ClientHttpRequestFactory)[2]" classname="org.springframework.web.client.RestTemplateIntegrationTests" time="0.011"/>
  <testcase name="exchangePost(ClientHttpRequestFactory)[3]" classname="org.springframework.web.client.RestTemplateIntegrationTests" time="0.014"/>
  <testcase name="exchangePost(ClientHttpRequestFactory)[4]" classname="org.springframework.web.client.RestTemplateIntegrationTests" time="0.008"/>
  <testcase name="getNoContent(ClientHttpRequestFactory)[1]" classname="org.springframework.web.client.RestTemplateIntegrationTests" time="0.009"/>
  <testcase name="getNoContent(ClientHttpRequestFactory)[2]" classname="org.springframework.web.client.RestTemplateIntegrationTests" time="0.012"/>
  <testcase name="getNoContent(ClientHttpRequestFactory)[3]" classname="org.springframework.web.client.RestTemplateIntegrationTests" time="0.025"/>
  <testcase name="getNoContent(ClientHttpRequestFactory)[4]" classname="org.springframework.web.client.RestTemplateIntegrationTests" time="0.01"/>
  <testcase name="notFound(ClientHttpRequestFactory)[1]" classname="org.springframework.web.client.RestTemplateIntegrationTests" time="0.023"/>
  <testcase name="notFound(ClientHttpRequestFactory)[2]" classname="org.springframework.web.client.RestTemplateIntegrationTests" time="0.013"/>
  <testcase name="notFound(ClientHttpRequestFactory)[3]" classname="org.springframework.web.client.RestTemplateIntegrationTests" time="0.018"/>
  <testcase name="notFound(ClientHttpRequestFactory)[4]" classname="org.springframework.web.client.RestTemplateIntegrationTests" time="0.01"/>
  <testcase name="multipartFormData(ClientHttpRequestFactory)[1]" classname="org.springframework.web.client.RestTemplateIntegrationTests" time="0.01"/>
  <testcase name="multipartFormData(ClientHttpRequestFactory)[2]" classname="org.springframework.web.client.RestTemplateIntegrationTests" time="0.008"/>
  <testcase name="multipartFormData(ClientHttpRequestFactory)[3]" classname="org.springframework.web.client.RestTemplateIntegrationTests" time="0.011"/>
  <testcase name="multipartFormData(ClientHttpRequestFactory)[4]" classname="org.springframework.web.client.RestTemplateIntegrationTests" time="0.011"/>
  <testcase name="jsonPostForObjectWithJacksonTypeInfoList(ClientHttpRequestFactory)[1]" classname="org.springframework.web.client.RestTemplateIntegrationTests" time="0.01"/>
  <testcase name="jsonPostForObjectWithJacksonTypeInfoList(ClientHttpRequestFactory)[2]" classname="org.springframework.web.client.RestTemplateIntegrationTests" time="0.011"/>
  <testcase name="jsonPostForObjectWithJacksonTypeInfoList(ClientHttpRequestFactory)[3]" classname="org.springframework.web.client.RestTemplateIntegrationTests" time="0.018"/>
  <testcase name="jsonPostForObjectWithJacksonTypeInfoList(ClientHttpRequestFactory)[4]" classname="org.springframework.web.client.RestTemplateIntegrationTests" time="0.011"/>
  <system-out><![CDATA[03:31:03.859 [Test worker] DEBUG o.s.w.c.RestTemplate - HTTP GET http://localhost:60458/get
03:31:03.860 [Test worker] DEBUG o.s.w.c.RestTemplate - Accept=[text/plain, application/xml, text/xml, application/json, application/x-jackson-smile, application/cbor, application/*+xml, application/*+json, */*]
03:31:03.862 [Test worker] DEBUG o.s.w.c.RestTemplate - Response 200 OK
03:31:03.862 [Test worker] DEBUG o.s.w.c.RestTemplate - Reading to [java.lang.String] as "text/plain;charset=UTF-8"
03:31:03.868 [Test worker] DEBUG o.s.w.c.RestTemplate - HTTP GET http://localhost:60460/get
03:31:03.868 [Test worker] DEBUG o.s.w.c.RestTemplate - Accept=[text/plain, application/xml, text/xml, application/json, application/x-jackson-smile, application/cbor, application/*+xml, application/*+json, */*]
03:31:03.870 [Test worker] DEBUG o.s.w.c.RestTemplate - Response 200 OK
03:31:03.871 [Test worker] DEBUG o.s.w.c.RestTemplate - Reading to [java.lang.String] as "text/plain;charset=UTF-8"
03:31:03.877 [Test worker] DEBUG o.s.w.c.RestTemplate - HTTP GET http://localhost:60462/get
03:31:03.877 [Test worker] DEBUG o.s.w.c.RestTemplate - Accept=[text/plain, application/xml, text/xml, application/json, application/x-jackson-smile, application/cbor, application/*+xml, application/*+json, */*]
03:31:03.883 [Test worker] DEBUG o.s.w.c.RestTemplate - Response 200 OK
03:31:03.884 [Test worker] DEBUG o.s.w.c.RestTemplate - Reading to [java.lang.String] as "text/plain;charset=UTF-8"
03:31:03.891 [Test worker] DEBUG o.s.w.c.RestTemplate - HTTP GET http://localhost:60464/get
03:31:03.891 [Test worker] DEBUG o.s.w.c.RestTemplate - Accept=[text/plain, application/xml, text/xml, application/json, application/x-jackson-smile, application/cbor, application/*+xml, application/*+json, */*]
03:31:03.894 [Test worker] DEBUG o.s.w.c.RestTemplate - Response 200 OK
03:31:03.895 [Test worker] DEBUG o.s.w.c.RestTemplate - Reading to [java.lang.String] as "text/plain;charset=UTF-8"
03:31:03.912 [Test worker] DEBUG o.s.w.c.RestTemplate - HTTP POST http://localhost:60483/jsonpost
03:31:03.912 [Test worker] DEBUG o.s.w.c.RestTemplate - Accept=[text/plain, application/xml, text/xml, application/json, application/x-jackson-smile, application/cbor, application/*+xml, application/*+json, */*]
03:31:03.917 [Test worker] DEBUG o.s.w.c.RestTemplate - Writing [org.springframework.http.converter.json.MappingJacksonValue@fc8ef97] as "application/json;charset=UTF-8"
03:31:03.920 [Test worker] DEBUG o.s.w.c.RestTemplate - Response 201 CREATED
03:31:03.920 [Test worker] DEBUG o.s.w.c.RestTemplate - Reading to [java.lang.String] as "application/json;charset=utf-8"
03:31:03.927 [Test worker] DEBUG o.s.w.c.RestTemplate - HTTP POST http://localhost:60485/jsonpost
03:31:03.927 [Test worker] DEBUG o.s.w.c.RestTemplate - Accept=[text/plain, application/xml, text/xml, application/json, application/x-jackson-smile, application/cbor, application/*+xml, application/*+json, */*]
03:31:03.929 [Test worker] DEBUG o.s.w.c.RestTemplate - Writing [org.springframework.http.converter.json.MappingJacksonValue@3d4c0bf7] as "application/json;charset=UTF-8"
03:31:03.932 [Test worker] DEBUG o.s.w.c.RestTemplate - Response 201 CREATED
03:31:03.932 [Test worker] DEBUG o.s.w.c.RestTemplate - Reading to [java.lang.String] as "application/json;charset=utf-8"
03:31:03.938 [Test worker] DEBUG o.s.w.c.RestTemplate - HTTP POST http://localhost:60487/jsonpost
03:31:03.938 [Test worker] DEBUG o.s.w.c.RestTemplate - Accept=[text/plain, application/xml, text/xml, application/json, application/x-jackson-smile, application/cbor, application/*+xml, application/*+json, */*]
03:31:03.940 [Test worker] DEBUG o.s.w.c.RestTemplate - Writing [org.springframework.http.converter.json.MappingJacksonValue@25ecd7bb] as "application/json;charset=UTF-8"
03:31:03.948 [Test worker] DEBUG o.s.w.c.RestTemplate - Response 201 CREATED
03:31:03.948 [Test worker] DEBUG o.s.w.c.RestTemplate - Reading to [java.lang.String] as "application/json;charset=utf-8"
03:31:03.953 [Test worker] DEBUG o.s.w.c.RestTemplate - HTTP POST http://localhost:60489/jsonpost
03:31:03.954 [Test worker] DEBUG o.s.w.c.RestTemplate - Accept=[text/plain, application/xml, text/xml, application/json, application/x-jackson-smile, application/cbor, application/*+xml, application/*+json, */*]
03:31:03.955 [Test worker] DEBUG o.s.w.c.RestTemplate - Writing [org.springframework.http.converter.json.MappingJacksonValue@251c285b] as "application/json;charset=UTF-8"
03:31:03.961 [Test worker] DEBUG o.s.w.c.RestTemplate - Response 201 CREATED
03:31:03.961 [Test worker] DEBUG o.s.w.c.RestTemplate - Reading to [java.lang.String] as "application/json;charset=utf-8"
03:31:03.977 [Test worker] DEBUG o.s.w.c.RestTemplate - HTTP GET http://localhost:60508/get
03:31:03.977 [Test worker] DEBUG o.s.w.c.RestTemplate - Accept=[text/plain, application/xml, text/xml, application/json, application/x-jackson-smile, application/cbor, application/*+xml, application/*+json, */*]
03:31:03.979 [Test worker] DEBUG o.s.w.c.RestTemplate - Response 200 OK
03:31:03.979 [Test worker] DEBUG o.s.w.c.RestTemplate - Reading to [java.lang.String] as "text/plain;charset=UTF-8"
03:31:03.985 [Test worker] DEBUG o.s.w.c.RestTemplate - HTTP GET http://localhost:60510/get
03:31:03.985 [Test worker] DEBUG o.s.w.c.RestTemplate - Accept=[text/plain, application/xml, text/xml, application/json, application/x-jackson-smile, application/cbor, application/*+xml, application/*+json, */*]
03:31:03.988 [Test worker] DEBUG o.s.w.c.RestTemplate - Response 200 OK
03:31:03.988 [Test worker] DEBUG o.s.w.c.RestTemplate - Reading to [java.lang.String] as "text/plain;charset=UTF-8"
03:31:03.995 [Test worker] DEBUG o.s.w.c.RestTemplate - HTTP GET http://localhost:60512/get
03:31:03.995 [Test worker] DEBUG o.s.w.c.RestTemplate - Accept=[text/plain, application/xml, text/xml, application/json, application/x-jackson-smile, application/cbor, application/*+xml, application/*+json, */*]
03:31:04.007 [Test worker] DEBUG o.s.w.c.RestTemplate - Response 200 OK
03:31:04.007 [Test worker] DEBUG o.s.w.c.RestTemplate - Reading to [java.lang.String] as "text/plain;charset=UTF-8"
03:31:04.015 [Test worker] DEBUG o.s.w.c.RestTemplate - HTTP GET http://localhost:60514/get
03:31:04.016 [Test worker] DEBUG o.s.w.c.RestTemplate - Accept=[text/plain, application/xml, text/xml, application/json, application/x-jackson-smile, application/cbor, application/*+xml, application/*+json, */*]
03:31:04.022 [Test worker] DEBUG o.s.w.c.RestTemplate - Response 200 OK
03:31:04.022 [Test worker] DEBUG o.s.w.c.RestTemplate - Reading to [java.lang.String] as "text/plain;charset=UTF-8"
03:31:04.038 [Test worker] DEBUG o.s.w.c.RestTemplate - HTTP POST http://localhost:60532/multipartMixed
03:31:04.039 [Test worker] DEBUG o.s.w.c.RestTemplate - Writing [{name 1=[value 1], name 2=[value 2+1, value 2+2], logo=[class path resource [org/springframework/http/converter/logo.jpg]]}] as "multipart/mixed"
03:31:04.043 [Test worker] DEBUG o.s.w.c.RestTemplate - Response 200 OK
03:31:04.050 [Test worker] DEBUG o.s.w.c.RestTemplate - HTTP POST http://localhost:60535/multipartMixed
03:31:04.051 [Test worker] DEBUG o.s.w.c.RestTemplate - Writing [{name 1=[value 1], name 2=[value 2+1, value 2+2], logo=[class path resource [org/springframework/http/converter/logo.jpg]]}] as "multipart/mixed"
03:31:04.055 [Test worker] DEBUG o.s.w.c.RestTemplate - Response 200 OK
03:31:04.062 [Test worker] DEBUG o.s.w.c.RestTemplate - HTTP POST http://localhost:60537/multipartMixed
03:31:04.062 [Test worker] DEBUG o.s.w.c.RestTemplate - Writing [{name 1=[value 1], name 2=[value 2+1, value 2+2], logo=[class path resource [org/springframework/http/converter/logo.jpg]]}] as "multipart/mixed"
03:31:04.071 [Test worker] DEBUG o.s.w.c.RestTemplate - Response 200 OK
03:31:04.079 [Test worker] DEBUG o.s.w.c.RestTemplate - HTTP POST http://localhost:60539/multipartMixed
03:31:04.079 [Test worker] DEBUG o.s.w.c.RestTemplate - Writing [{name 1=[value 1], name 2=[value 2+1, value 2+2], logo=[class path resource [org/springframework/http/converter/logo.jpg]]}] as "multipart/mixed"
03:31:04.084 [Test worker] DEBUG o.s.w.c.RestTemplate - Response 200 OK
03:31:04.101 [Test worker] DEBUG o.s.w.c.RestTemplate - HTTP GET http://localhost:60557/get/nocontenttype
03:31:04.101 [Test worker] DEBUG o.s.w.c.RestTemplate - Accept=[application/octet-stream, application/xml, text/xml, application/json, application/x-jackson-smile, application/cbor, application/*+xml, application/*+json, */*]
03:31:04.105 [Test worker] DEBUG o.s.w.c.RestTemplate - Response 200 OK
03:31:04.105 [Test worker] DEBUG o.s.w.c.RestTemplate - Reading to [[B] as "application/octet-stream"
03:31:04.112 [Test worker] DEBUG o.s.w.c.RestTemplate - HTTP GET http://localhost:60560/get/nocontenttype
03:31:04.113 [Test worker] DEBUG o.s.w.c.RestTemplate - Accept=[application/octet-stream, application/xml, text/xml, application/json, application/x-jackson-smile, application/cbor, application/*+xml, application/*+json, */*]
03:31:04.117 [Test worker] DEBUG o.s.w.c.RestTemplate - Response 200 OK
03:31:04.117 [Test worker] DEBUG o.s.w.c.RestTemplate - Reading to [[B] as "application/octet-stream"
03:31:04.124 [Test worker] DEBUG o.s.w.c.RestTemplate - HTTP GET http://localhost:60562/get/nocontenttype
03:31:04.124 [Test worker] DEBUG o.s.w.c.RestTemplate - Accept=[application/octet-stream, application/xml, text/xml, application/json, application/x-jackson-smile, application/cbor, application/*+xml, application/*+json, */*]
03:31:04.131 [Test worker] DEBUG o.s.w.c.RestTemplate - Response 200 OK
03:31:04.131 [Test worker] DEBUG o.s.w.c.RestTemplate - Reading to [[B] as "application/octet-stream"
03:31:04.136 [Test worker] DEBUG o.s.w.c.RestTemplate - HTTP GET http://localhost:60564/get/nocontenttype
03:31:04.137 [Test worker] DEBUG o.s.w.c.RestTemplate - Accept=[application/octet-stream, application/xml, text/xml, application/json, application/x-jackson-smile, application/cbor, application/*+xml, application/*+json, */*]
03:31:04.139 [Test worker] DEBUG o.s.w.c.RestTemplate - Response 200 OK
03:31:04.139 [Test worker] DEBUG o.s.w.c.RestTemplate - Reading to [[B] as "application/octet-stream"
03:31:04.151 [Test worker] DEBUG o.s.w.c.RestTemplate - HTTP POST http://localhost:60583/jsonpost
03:31:04.152 [Test worker] DEBUG o.s.w.c.RestTemplate - Accept=[text/plain, application/xml, text/xml, application/json, application/x-jackson-smile, application/cbor, application/*+xml, application/*+json, */*]
03:31:04.153 [Test worker] DEBUG o.s.w.c.RestTemplate - Response 201 CREATED
03:31:04.157 [Test worker] DEBUG o.s.w.c.RestTemplate - HTTP POST http://localhost:60585/jsonpost
03:31:04.158 [Test worker] DEBUG o.s.w.c.RestTemplate - Accept=[text/plain, application/xml, text/xml, application/json, application/x-jackson-smile, application/cbor, application/*+xml, application/*+json, */*]
03:31:04.160 [Test worker] DEBUG o.s.w.c.RestTemplate - Response 201 CREATED
03:31:04.166 [Test worker] DEBUG o.s.w.c.RestTemplate - HTTP POST http://localhost:60587/jsonpost
03:31:04.166 [Test worker] DEBUG o.s.w.c.RestTemplate - Accept=[text/plain, application/xml, text/xml, application/json, application/x-jackson-smile, application/cbor, application/*+xml, application/*+json, */*]
03:31:04.172 [Test worker] DEBUG o.s.w.c.RestTemplate - Response 201 CREATED
03:31:04.179 [Test worker] DEBUG o.s.w.c.RestTemplate - HTTP POST http://localhost:60589/jsonpost
03:31:04.179 [Test worker] DEBUG o.s.w.c.RestTemplate - Accept=[text/plain, application/xml, text/xml, application/json, application/x-jackson-smile, application/cbor, application/*+xml, application/*+json, */*]
03:31:04.181 [Test worker] DEBUG o.s.w.c.RestTemplate - Response 201 CREATED
03:31:04.194 [Test worker] DEBUG o.s.w.c.RestTemplate - HTTP GET http://localhost:60608/status/notmodified
03:31:04.194 [Test worker] DEBUG o.s.w.c.RestTemplate - Accept=[text/plain, application/xml, text/xml, application/json, application/x-jackson-smile, application/cbor, application/*+xml, application/*+json, */*]
03:31:04.196 [Test worker] DEBUG o.s.w.c.RestTemplate - Response 304 NOT_MODIFIED
03:31:04.197 [Test worker] DEBUG o.s.w.c.RestTemplate - HTTP GET http://localhost:60608/status/notmodified
03:31:04.197 [Test worker] DEBUG o.s.w.c.RestTemplate - Accept=[text/plain, application/xml, text/xml, application/json, application/x-jackson-smile, application/cbor, application/*+xml, application/*+json, */*]
03:31:04.198 [Test worker] DEBUG o.s.w.c.RestTemplate - Response 304 NOT_MODIFIED
03:31:04.203 [Test worker] DEBUG o.s.w.c.RestTemplate - HTTP GET http://localhost:60610/status/notmodified
03:31:04.204 [Test worker] DEBUG o.s.w.c.RestTemplate - Accept=[text/plain, application/xml, text/xml, application/json, application/x-jackson-smile, application/cbor, application/*+xml, application/*+json, */*]
03:31:04.206 [Test worker] DEBUG o.s.w.c.RestTemplate - Response 304 NOT_MODIFIED
03:31:04.207 [Test worker] DEBUG o.s.w.c.RestTemplate - HTTP GET http://localhost:60610/status/notmodified
03:31:04.207 [Test worker] DEBUG o.s.w.c.RestTemplate - Accept=[text/plain, application/xml, text/xml, application/json, application/x-jackson-smile, application/cbor, application/*+xml, application/*+json, */*]
03:31:04.208 [Test worker] DEBUG o.s.w.c.RestTemplate - Response 304 NOT_MODIFIED
03:31:04.216 [Test worker] DEBUG o.s.w.c.RestTemplate - HTTP GET http://localhost:60612/status/notmodified
03:31:04.216 [Test worker] DEBUG o.s.w.c.RestTemplate - Accept=[text/plain, application/xml, text/xml, application/json, application/x-jackson-smile, application/cbor, application/*+xml, application/*+json, */*]
03:31:04.222 [Test worker] DEBUG o.s.w.c.RestTemplate - Response 304 NOT_MODIFIED
03:31:04.223 [Test worker] DEBUG o.s.w.c.RestTemplate - HTTP GET http://localhost:60612/status/notmodified
03:31:04.223 [Test worker] DEBUG o.s.w.c.RestTemplate - Accept=[text/plain, application/xml, text/xml, application/json, application/x-jackson-smile, application/cbor, application/*+xml, application/*+json, */*]
03:31:04.230 [Test worker] DEBUG o.s.w.c.RestTemplate - Response 304 NOT_MODIFIED
03:31:04.236 [Test worker] DEBUG o.s.w.c.RestTemplate - HTTP GET http://localhost:60615/status/notmodified
03:31:04.236 [Test worker] DEBUG o.s.w.c.RestTemplate - Accept=[text/plain, application/xml, text/xml, application/json, application/x-jackson-smile, application/cbor, application/*+xml, application/*+json, */*]
03:31:04.246 [Test worker] DEBUG o.s.w.c.RestTemplate - Response 304 NOT_MODIFIED
03:31:04.246 [Test worker] DEBUG o.s.w.c.RestTemplate - HTTP GET http://localhost:60615/status/notmodified
03:31:04.246 [Test worker] DEBUG o.s.w.c.RestTemplate - Accept=[text/plain, application/xml, text/xml, application/json, application/x-jackson-smile, application/cbor, application/*+xml, application/*+json, */*]
03:31:04.247 [Test worker] DEBUG o.s.w.c.RestTemplate - Response 304 NOT_MODIFIED
03:31:04.263 [Test worker] DEBUG o.s.w.c.RestTemplate - HTTP GET http://localhost:60634/status/server
03:31:04.267 [Test worker] DEBUG o.s.w.c.RestTemplate - Response 500 INTERNAL_SERVER_ERROR
03:31:04.275 [Test worker] DEBUG o.s.w.c.RestTemplate - HTTP GET http://localhost:60636/status/server
03:31:04.278 [Test worker] DEBUG o.s.w.c.RestTemplate - Response 500 INTERNAL_SERVER_ERROR
03:31:04.285 [Test worker] DEBUG o.s.w.c.RestTemplate - HTTP GET http://localhost:60638/status/server
03:31:04.292 [Test worker] DEBUG o.s.w.c.RestTemplate - Response 500 INTERNAL_SERVER_ERROR
03:31:04.299 [Test worker] DEBUG o.s.w.c.RestTemplate - HTTP GET http://localhost:60640/status/server
03:31:04.302 [Test worker] DEBUG o.s.w.c.RestTemplate - Response 500 INTERNAL_SERVER_ERROR
03:31:04.316 [Test worker] DEBUG o.s.w.c.RestTemplate - HTTP POST http://localhost:60659/jsonpost
03:31:04.316 [Test worker] DEBUG o.s.w.c.RestTemplate - Accept=[text/plain, application/xml, text/xml, application/json, application/x-jackson-smile, application/cbor, application/*+xml, application/*+json, */*]
03:31:04.317 [Test worker] DEBUG o.s.w.c.RestTemplate - Writing [org.springframework.web.client.RestTemplateIntegrationTests$MySampleBean@2363cc1b] as "application/json;charset=UTF-8"
03:31:04.319 [Test worker] DEBUG o.s.w.c.RestTemplate - Response 201 CREATED
03:31:04.319 [Test worker] DEBUG o.s.w.c.RestTemplate - Reading to [java.lang.String] as "application/json;charset=utf-8"
03:31:04.325 [Test worker] DEBUG o.s.w.c.RestTemplate - HTTP POST http://localhost:60661/jsonpost
03:31:04.325 [Test worker] DEBUG o.s.w.c.RestTemplate - Accept=[text/plain, application/xml, text/xml, application/json, application/x-jackson-smile, application/cbor, application/*+xml, application/*+json, */*]
03:31:04.326 [Test worker] DEBUG o.s.w.c.RestTemplate - Writing [org.springframework.web.client.RestTemplateIntegrationTests$MySampleBean@53686839] as "application/json;charset=UTF-8"
03:31:04.330 [Test worker] DEBUG o.s.w.c.RestTemplate - Response 201 CREATED
03:31:04.330 [Test worker] DEBUG o.s.w.c.RestTemplate - Reading to [java.lang.String] as "application/json;charset=utf-8"
03:31:04.337 [Test worker] DEBUG o.s.w.c.RestTemplate - HTTP POST http://localhost:60663/jsonpost
03:31:04.337 [Test worker] DEBUG o.s.w.c.RestTemplate - Accept=[text/plain, application/xml, text/xml, application/json, application/x-jackson-smile, application/cbor, application/*+xml, application/*+json, */*]
03:31:04.338 [Test worker] DEBUG o.s.w.c.RestTemplate - Writing [org.springframework.web.client.RestTemplateIntegrationTests$MySampleBean@1ddb9108] as "application/json;charset=UTF-8"
03:31:04.345 [Test worker] DEBUG o.s.w.c.RestTemplate - Response 201 CREATED
03:31:04.345 [Test worker] DEBUG o.s.w.c.RestTemplate - Reading to [java.lang.String] as "application/json;charset=utf-8"
03:31:04.350 [Test worker] DEBUG o.s.w.c.RestTemplate - HTTP POST http://localhost:60665/jsonpost
03:31:04.351 [Test worker] DEBUG o.s.w.c.RestTemplate - Accept=[text/plain, application/xml, text/xml, application/json, application/x-jackson-smile, application/cbor, application/*+xml, application/*+json, */*]
03:31:04.351 [Test worker] DEBUG o.s.w.c.RestTemplate - Writing [org.springframework.web.client.RestTemplateIntegrationTests$MySampleBean@6736dcf] as "application/json;charset=UTF-8"
03:31:04.355 [Test worker] DEBUG o.s.w.c.RestTemplate - Response 201 CREATED
03:31:04.355 [Test worker] DEBUG o.s.w.c.RestTemplate - Reading to [java.lang.String] as "application/json;charset=utf-8"
03:31:04.396 [Test worker] DEBUG o.s.w.c.RestTemplate - HTTP POST http://localhost:60684/post
03:31:04.396 [Test worker] DEBUG o.s.w.c.RestTemplate - Writing [Héllo Wörld] as "text/plain;charset=ISO-8859-1"
03:31:04.399 [Test worker] DEBUG o.s.w.c.RestTemplate - Response 201 CREATED
03:31:04.404 [Test worker] DEBUG o.s.w.c.RestTemplate - HTTP POST http://localhost:60686/post
03:31:04.404 [Test worker] DEBUG o.s.w.c.RestTemplate - Writing [Héllo Wörld] as "text/plain;charset=ISO-8859-1"
03:31:04.406 [Test worker] DEBUG o.s.w.c.RestTemplate - Response 201 CREATED
03:31:04.412 [Test worker] DEBUG o.s.w.c.RestTemplate - HTTP POST http://localhost:60689/post
03:31:04.412 [Test worker] DEBUG o.s.w.c.RestTemplate - Writing [Héllo Wörld] as "text/plain;charset=ISO-8859-1"
03:31:04.419 [Test worker] DEBUG o.s.w.c.RestTemplate - Response 201 CREATED
03:31:04.426 [Test worker] DEBUG o.s.w.c.RestTemplate - HTTP POST http://localhost:60691/post
03:31:04.426 [Test worker] DEBUG o.s.w.c.RestTemplate - Writing [Héllo Wörld] as "text/plain;charset=ISO-8859-1"
03:31:04.429 [Test worker] DEBUG o.s.w.c.RestTemplate - Response 201 CREATED
03:31:04.446 [Test worker] DEBUG o.s.w.c.RestTemplate - HTTP GET http://localhost:60709/status/badrequest
03:31:04.448 [Test worker] DEBUG o.s.w.c.RestTemplate - Response 400 BAD_REQUEST
03:31:04.456 [Test worker] DEBUG o.s.w.c.RestTemplate - HTTP GET http://localhost:60712/status/badrequest
03:31:04.459 [Test worker] DEBUG o.s.w.c.RestTemplate - Response 400 BAD_REQUEST
03:31:04.472 [Test worker] DEBUG o.s.w.c.RestTemplate - HTTP GET http://localhost:60714/status/badrequest
03:31:04.499 [Test worker] DEBUG o.s.w.c.RestTemplate - Response 400 BAD_REQUEST
03:31:04.518 [Test worker] DEBUG o.s.w.c.RestTemplate - HTTP GET http://localhost:60716/status/badrequest
03:31:04.523 [Test worker] DEBUG o.s.w.c.RestTemplate - Response 400 BAD_REQUEST
03:31:04.539 [Test worker] DEBUG o.s.w.c.RestTemplate - HTTP POST http://localhost:60735/post
03:31:04.539 [Test worker] DEBUG o.s.w.c.RestTemplate - Accept=[text/plain, application/xml, text/xml, application/json, application/x-jackson-smile, application/cbor, application/*+xml, application/*+json, */*]
03:31:04.539 [Test worker] DEBUG o.s.w.c.RestTemplate - Writing [Héllo Wörld] with org.springframework.http.converter.StringHttpMessageConverter
03:31:04.544 [Test worker] DEBUG o.s.w.c.RestTemplate - Response 201 CREATED
03:31:04.544 [Test worker] DEBUG o.s.w.c.RestTemplate - Reading to [java.lang.String] as "text/plain;charset=UTF-8"
03:31:04.550 [Test worker] DEBUG o.s.w.c.RestTemplate - HTTP POST http://localhost:60737/post
03:31:04.551 [Test worker] DEBUG o.s.w.c.RestTemplate - Accept=[text/plain, application/xml, text/xml, application/json, application/x-jackson-smile, application/cbor, application/*+xml, application/*+json, */*]
03:31:04.551 [Test worker] DEBUG o.s.w.c.RestTemplate - Writing [Héllo Wörld] with org.springframework.http.converter.StringHttpMessageConverter
03:31:04.555 [Test worker] DEBUG o.s.w.c.RestTemplate - Response 201 CREATED
03:31:04.555 [Test worker] DEBUG o.s.w.c.RestTemplate - Reading to [java.lang.String] as "text/plain;charset=UTF-8"
03:31:04.570 [Test worker] DEBUG o.s.w.c.RestTemplate - HTTP POST http://localhost:60739/post
03:31:04.570 [Test worker] DEBUG o.s.w.c.RestTemplate - Accept=[text/plain, application/xml, text/xml, application/json, application/x-jackson-smile, application/cbor, application/*+xml, application/*+json, */*]
03:31:04.570 [Test worker] DEBUG o.s.w.c.RestTemplate - Writing [Héllo Wörld] with org.springframework.http.converter.StringHttpMessageConverter
03:31:04.579 [Test worker] DEBUG o.s.w.c.RestTemplate - Response 201 CREATED
03:31:04.580 [Test worker] DEBUG o.s.w.c.RestTemplate - Reading to [java.lang.String] as "text/plain;charset=UTF-8"
03:31:04.588 [Test worker] DEBUG o.s.w.c.RestTemplate - HTTP POST http://localhost:60741/post
03:31:04.588 [Test worker] DEBUG o.s.w.c.RestTemplate - Accept=[text/plain, application/xml, text/xml, application/json, application/x-jackson-smile, application/cbor, application/*+xml, application/*+json, */*]
03:31:04.588 [Test worker] DEBUG o.s.w.c.RestTemplate - Writing [Héllo Wörld] with org.springframework.http.converter.StringHttpMessageConverter
03:31:04.592 [Test worker] DEBUG o.s.w.c.RestTemplate - Response 201 CREATED
03:31:04.592 [Test worker] DEBUG o.s.w.c.RestTemplate - Reading to [java.lang.String] as "text/plain;charset=UTF-8"
03:31:04.611 [Test worker] DEBUG o.s.w.c.RestTemplate - HTTP POST http://localhost:60760/post
03:31:04.612 [Test worker] DEBUG o.s.w.c.RestTemplate - Writing [Héllo Wörld] with org.springframework.http.converter.StringHttpMessageConverter
03:31:04.622 [Test worker] DEBUG o.s.w.c.RestTemplate - Response 201 CREATED
03:31:04.627 [Test worker] DEBUG o.s.w.c.RestTemplate - HTTP POST http://localhost:60762/post
03:31:04.627 [Test worker] DEBUG o.s.w.c.RestTemplate - Writing [Héllo Wörld] with org.springframework.http.converter.StringHttpMessageConverter
03:31:04.630 [Test worker] DEBUG o.s.w.c.RestTemplate - Response 201 CREATED
03:31:04.637 [Test worker] DEBUG o.s.w.c.RestTemplate - HTTP POST http://localhost:60764/post
03:31:04.637 [Test worker] DEBUG o.s.w.c.RestTemplate - Writing [Héllo Wörld] with org.springframework.http.converter.StringHttpMessageConverter
03:31:04.643 [Test worker] DEBUG o.s.w.c.RestTemplate - Response 201 CREATED
03:31:04.651 [Test worker] DEBUG o.s.w.c.RestTemplate - HTTP POST http://localhost:60766/post
03:31:04.651 [Test worker] DEBUG o.s.w.c.RestTemplate - Writing [Héllo Wörld] with org.springframework.http.converter.StringHttpMessageConverter
03:31:04.654 [Test worker] DEBUG o.s.w.c.RestTemplate - Response 201 CREATED
03:31:04.667 [Test worker] DEBUG o.s.w.c.RestTemplate - HTTP GET http://localhost:60785/uri/Z%C3%BCrich
03:31:04.667 [Test worker] DEBUG o.s.w.c.RestTemplate - Accept=[text/plain, application/xml, text/xml, application/json, application/x-jackson-smile, application/cbor, application/*+xml, application/*+json, */*]
03:31:04.670 [Test worker] DEBUG o.s.w.c.RestTemplate - Response 200 OK
03:31:04.670 [Test worker] DEBUG o.s.w.c.RestTemplate - Reading to [java.lang.String] as "text/plain"
03:31:04.670 [Test worker] DEBUG o.s.w.c.RestTemplate - HTTP GET http://localhost:60785/uri/query=foo@bar
03:31:04.670 [Test worker] DEBUG o.s.w.c.RestTemplate - Accept=[text/plain, application/xml, text/xml, application/json, application/x-jackson-smile, application/cbor, application/*+xml, application/*+json, */*]
03:31:04.671 [Test worker] DEBUG o.s.w.c.RestTemplate - Response 200 OK
03:31:04.671 [Test worker] DEBUG o.s.w.c.RestTemplate - Reading to [java.lang.String] as "text/plain"
03:31:04.672 [Test worker] DEBUG o.s.w.c.RestTemplate - HTTP GET http://localhost:60785/uri/query=T%C5%8Dky%C5%8D
03:31:04.672 [Test worker] DEBUG o.s.w.c.RestTemplate - Accept=[text/plain, application/xml, text/xml, application/json, application/x-jackson-smile, application/cbor, application/*+xml, application/*+json, */*]
03:31:04.673 [Test worker] DEBUG o.s.w.c.RestTemplate - Response 200 OK
03:31:04.673 [Test worker] DEBUG o.s.w.c.RestTemplate - Reading to [java.lang.String] as "text/plain"
03:31:04.679 [Test worker] DEBUG o.s.w.c.RestTemplate - HTTP GET http://localhost:60787/uri/Z%C3%BCrich
03:31:04.680 [Test worker] DEBUG o.s.w.c.RestTemplate - Accept=[text/plain, application/xml, text/xml, application/json, application/x-jackson-smile, application/cbor, application/*+xml, application/*+json, */*]
03:31:04.682 [Test worker] DEBUG o.s.w.c.RestTemplate - Response 200 OK
03:31:04.683 [Test worker] DEBUG o.s.w.c.RestTemplate - Reading to [java.lang.String] as "text/plain"
03:31:04.683 [Test worker] DEBUG o.s.w.c.RestTemplate - HTTP GET http://localhost:60787/uri/query=foo@bar
03:31:04.683 [Test worker] DEBUG o.s.w.c.RestTemplate - Accept=[text/plain, application/xml, text/xml, application/json, application/x-jackson-smile, application/cbor, application/*+xml, application/*+json, */*]
03:31:04.684 [Test worker] DEBUG o.s.w.c.RestTemplate - Response 200 OK
03:31:04.684 [Test worker] DEBUG o.s.w.c.RestTemplate - Reading to [java.lang.String] as "text/plain"
03:31:04.685 [Test worker] DEBUG o.s.w.c.RestTemplate - HTTP GET http://localhost:60787/uri/query=T%C5%8Dky%C5%8D
03:31:04.685 [Test worker] DEBUG o.s.w.c.RestTemplate - Accept=[text/plain, application/xml, text/xml, application/json, application/x-jackson-smile, application/cbor, application/*+xml, application/*+json, */*]
03:31:04.686 [Test worker] DEBUG o.s.w.c.RestTemplate - Response 200 OK
03:31:04.686 [Test worker] DEBUG o.s.w.c.RestTemplate - Reading to [java.lang.String] as "text/plain"
03:31:04.692 [Test worker] DEBUG o.s.w.c.RestTemplate - HTTP GET http://localhost:60789/uri/Z%C3%BCrich
03:31:04.692 [Test worker] DEBUG o.s.w.c.RestTemplate - Accept=[text/plain, application/xml, text/xml, application/json, application/x-jackson-smile, application/cbor, application/*+xml, application/*+json, */*]
03:31:04.700 [Test worker] DEBUG o.s.w.c.RestTemplate - Response 200 OK
03:31:04.700 [Test worker] DEBUG o.s.w.c.RestTemplate - Reading to [java.lang.String] as "text/plain"
03:31:04.701 [Test worker] DEBUG o.s.w.c.RestTemplate - HTTP GET http://localhost:60789/uri/query=foo@bar
03:31:04.701 [Test worker] DEBUG o.s.w.c.RestTemplate - Accept=[text/plain, application/xml, text/xml, application/json, application/x-jackson-smile, application/cbor, application/*+xml, application/*+json, */*]
03:31:04.706 [Test worker] DEBUG o.s.w.c.RestTemplate - Response 200 OK
03:31:04.706 [Test worker] DEBUG o.s.w.c.RestTemplate - Reading to [java.lang.String] as "text/plain"
03:31:04.707 [Test worker] DEBUG o.s.w.c.RestTemplate - HTTP GET http://localhost:60789/uri/query=T%C5%8Dky%C5%8D
03:31:04.707 [Test worker] DEBUG o.s.w.c.RestTemplate - Accept=[text/plain, application/xml, text/xml, application/json, application/x-jackson-smile, application/cbor, application/*+xml, application/*+json, */*]
03:31:04.712 [Test worker] DEBUG o.s.w.c.RestTemplate - Response 200 OK
03:31:04.713 [Test worker] DEBUG o.s.w.c.RestTemplate - Reading to [java.lang.String] as "text/plain"
03:31:04.717 [Test worker] DEBUG o.s.w.c.RestTemplate - HTTP GET http://localhost:60793/uri/Z%C3%BCrich
03:31:04.717 [Test worker] DEBUG o.s.w.c.RestTemplate - Accept=[text/plain, application/xml, text/xml, application/json, application/x-jackson-smile, application/cbor, application/*+xml, application/*+json, */*]
03:31:04.720 [Test worker] DEBUG o.s.w.c.RestTemplate - Response 200 OK
03:31:04.720 [Test worker] DEBUG o.s.w.c.RestTemplate - Reading to [java.lang.String] as "text/plain"
03:31:04.721 [Test worker] DEBUG o.s.w.c.RestTemplate - HTTP GET http://localhost:60793/uri/query=foo@bar
03:31:04.721 [Test worker] DEBUG o.s.w.c.RestTemplate - Accept=[text/plain, application/xml, text/xml, application/json, application/x-jackson-smile, application/cbor, application/*+xml, application/*+json, */*]
03:31:04.722 [Test worker] DEBUG o.s.w.c.RestTemplate - Response 200 OK
03:31:04.722 [Test worker] DEBUG o.s.w.c.RestTemplate - Reading to [java.lang.String] as "text/plain"
03:31:04.723 [Test worker] DEBUG o.s.w.c.RestTemplate - HTTP GET http://localhost:60793/uri/query=T%C5%8Dky%C5%8D
03:31:04.723 [Test worker] DEBUG o.s.w.c.RestTemplate - Accept=[text/plain, application/xml, text/xml, application/json, application/x-jackson-smile, application/cbor, application/*+xml, application/*+json, */*]
03:31:04.724 [Test worker] DEBUG o.s.w.c.RestTemplate - Response 200 OK
03:31:04.724 [Test worker] DEBUG o.s.w.c.RestTemplate - Reading to [java.lang.String] as "text/plain"
03:31:04.737 [Test worker] DEBUG o.s.w.c.RestTemplate - HTTP POST http://localhost:60812/form
03:31:04.737 [Test worker] DEBUG o.s.w.c.RestTemplate - Writing [{name 1=[value 1], name 2=[value 2+1, value 2+2]}] with org.springframework.http.converter.support.AllEncompassingFormHttpMessageConverter
03:31:04.740 [Test worker] DEBUG o.s.w.c.RestTemplate - Response 200 OK
03:31:04.745 [Test worker] DEBUG o.s.w.c.RestTemplate - HTTP POST http://localhost:60814/form
03:31:04.745 [Test worker] DEBUG o.s.w.c.RestTemplate - Writing [{name 1=[value 1], name 2=[value 2+1, value 2+2]}] with org.springframework.http.converter.support.AllEncompassingFormHttpMessageConverter
03:31:04.747 [Test worker] DEBUG o.s.w.c.RestTemplate - Response 200 OK
03:31:04.752 [Test worker] DEBUG o.s.w.c.RestTemplate - HTTP POST http://localhost:60816/form
03:31:04.752 [Test worker] DEBUG o.s.w.c.RestTemplate - Writing [{name 1=[value 1], name 2=[value 2+1, value 2+2]}] with org.springframework.http.converter.support.AllEncompassingFormHttpMessageConverter
03:31:04.758 [Test worker] DEBUG o.s.w.c.RestTemplate - Response 200 OK
03:31:04.762 [Test worker] DEBUG o.s.w.c.RestTemplate - HTTP POST http://localhost:60818/form
03:31:04.762 [Test worker] DEBUG o.s.w.c.RestTemplate - Writing [{name 1=[value 1], name 2=[value 2+1, value 2+2]}] with org.springframework.http.converter.support.AllEncompassingFormHttpMessageConverter
03:31:04.764 [Test worker] DEBUG o.s.w.c.RestTemplate - Response 200 OK
03:31:04.777 [Test worker] DEBUG o.s.w.c.RestTemplate - HTTP POST http://localhost:60837/multipartRelated
03:31:04.777 [Test worker] DEBUG o.s.w.c.RestTemplate - Writing [{name 1=[value 1], name 2=[value 2+1, value 2+2], logo=[class path resource [org/springframework/http/converter/logo.jpg]]}] as "multipart/related"
03:31:04.780 [Test worker] DEBUG o.s.w.c.RestTemplate - Response 200 OK
03:31:04.785 [Test worker] DEBUG o.s.w.c.RestTemplate - HTTP POST http://localhost:60839/multipartRelated
03:31:04.785 [Test worker] DEBUG o.s.w.c.RestTemplate - Writing [{name 1=[value 1], name 2=[value 2+1, value 2+2], logo=[class path resource [org/springframework/http/converter/logo.jpg]]}] as "multipart/related"
03:31:04.789 [Test worker] DEBUG o.s.w.c.RestTemplate - Response 200 OK
03:31:04.794 [Test worker] DEBUG o.s.w.c.RestTemplate - HTTP POST http://localhost:60841/multipartRelated
03:31:04.794 [Test worker] DEBUG o.s.w.c.RestTemplate - Writing [{name 1=[value 1], name 2=[value 2+1, value 2+2], logo=[class path resource [org/springframework/http/converter/logo.jpg]]}] as "multipart/related"
03:31:04.800 [Test worker] DEBUG o.s.w.c.RestTemplate - Response 200 OK
03:31:04.807 [Test worker] DEBUG o.s.w.c.RestTemplate - HTTP POST http://localhost:60844/multipartRelated
03:31:04.807 [Test worker] DEBUG o.s.w.c.RestTemplate - Writing [{name 1=[value 1], name 2=[value 2+1, value 2+2], logo=[class path resource [org/springframework/http/converter/logo.jpg]]}] as "multipart/related"
03:31:04.811 [Test worker] DEBUG o.s.w.c.RestTemplate - Response 200 OK
03:31:04.828 [Test worker] DEBUG o.s.w.c.RestTemplate - HTTP GET http://localhost:60862/get
03:31:04.828 [Test worker] DEBUG o.s.w.c.RestTemplate - Accept=[text/plain, application/xml, text/xml, application/json, application/x-jackson-smile, application/cbor, application/*+xml, application/*+json, */*]
03:31:04.830 [Test worker] DEBUG o.s.w.c.RestTemplate - Response 200 OK
03:31:04.830 [Test worker] DEBUG o.s.w.c.RestTemplate - Reading to [java.lang.String] as "text/plain;charset=UTF-8"
03:31:04.837 [Test worker] DEBUG o.s.w.c.RestTemplate - HTTP GET http://localhost:60865/get
03:31:04.837 [Test worker] DEBUG o.s.w.c.RestTemplate - Accept=[text/plain, application/xml, text/xml, application/json, application/x-jackson-smile, application/cbor, application/*+xml, application/*+json, */*]
03:31:04.840 [Test worker] DEBUG o.s.w.c.RestTemplate - Response 200 OK
03:31:04.840 [Test worker] DEBUG o.s.w.c.RestTemplate - Reading to [java.lang.String] as "text/plain;charset=UTF-8"
03:31:04.845 [Test worker] DEBUG o.s.w.c.RestTemplate - HTTP GET http://localhost:60867/get
03:31:04.845 [Test worker] DEBUG o.s.w.c.RestTemplate - Accept=[text/plain, application/xml, text/xml, application/json, application/x-jackson-smile, application/cbor, application/*+xml, application/*+json, */*]
03:31:04.856 [Test worker] DEBUG o.s.w.c.RestTemplate - Response 200 OK
03:31:04.856 [Test worker] DEBUG o.s.w.c.RestTemplate - Reading to [java.lang.String] as "text/plain;charset=UTF-8"
03:31:04.862 [Test worker] DEBUG o.s.w.c.RestTemplate - HTTP GET http://localhost:60869/get
03:31:04.862 [Test worker] DEBUG o.s.w.c.RestTemplate - Accept=[text/plain, application/xml, text/xml, application/json, application/x-jackson-smile, application/cbor, application/*+xml, application/*+json, */*]
03:31:04.864 [Test worker] DEBUG o.s.w.c.RestTemplate - Response 200 OK
03:31:04.865 [Test worker] DEBUG o.s.w.c.RestTemplate - Reading to [java.lang.String] as "text/plain;charset=UTF-8"
03:31:04.876 [Test worker] DEBUG o.s.w.c.RestTemplate - HTTP GET http://localhost:60888/get/nothing
03:31:04.876 [Test worker] DEBUG o.s.w.c.RestTemplate - Accept=[text/plain, application/xml, text/xml, application/json, application/x-jackson-smile, application/cbor, application/*+xml, application/*+json, */*]
03:31:04.878 [Test worker] DEBUG o.s.w.c.RestTemplate - Response 200 OK
03:31:04.883 [Test worker] DEBUG o.s.w.c.RestTemplate - HTTP GET http://localhost:60890/get/nothing
03:31:04.883 [Test worker] DEBUG o.s.w.c.RestTemplate - Accept=[text/plain, application/xml, text/xml, application/json, application/x-jackson-smile, application/cbor, application/*+xml, application/*+json, */*]
03:31:04.885 [Test worker] DEBUG o.s.w.c.RestTemplate - Response 200 OK
03:31:04.890 [Test worker] DEBUG o.s.w.c.RestTemplate - HTTP GET http://localhost:60892/get/nothing
03:31:04.890 [Test worker] DEBUG o.s.w.c.RestTemplate - Accept=[text/plain, application/xml, text/xml, application/json, application/x-jackson-smile, application/cbor, application/*+xml, application/*+json, */*]
03:31:04.895 [Test worker] DEBUG o.s.w.c.RestTemplate - Response 200 OK
03:31:04.899 [Test worker] DEBUG o.s.w.c.RestTemplate - HTTP GET http://localhost:60894/get/nothing
03:31:04.900 [Test worker] DEBUG o.s.w.c.RestTemplate - Accept=[text/plain, application/xml, text/xml, application/json, application/x-jackson-smile, application/cbor, application/*+xml, application/*+json, */*]
03:31:04.902 [Test worker] DEBUG o.s.w.c.RestTemplate - Response 200 OK
03:31:04.914 [Test worker] DEBUG o.s.w.c.RestTemplate - HTTP PATCH http://localhost:60914/patch
03:31:04.914 [Test worker] DEBUG o.s.w.c.RestTemplate - Accept=[text/plain, application/xml, text/xml, application/json, application/x-jackson-smile, application/cbor, application/*+xml, application/*+json, */*]
03:31:04.914 [Test worker] DEBUG o.s.w.c.RestTemplate - Writing [Héllo Wörld] with org.springframework.http.converter.StringHttpMessageConverter
03:31:04.916 [Test worker] DEBUG o.s.w.c.RestTemplate - Response 201 CREATED
03:31:04.916 [Test worker] DEBUG o.s.w.c.RestTemplate - Reading to [java.lang.String] as "text/plain;charset=UTF-8"
03:31:04.922 [Test worker] DEBUG o.s.w.c.RestTemplate - HTTP PATCH http://localhost:60916/patch
03:31:04.922 [Test worker] DEBUG o.s.w.c.RestTemplate - Accept=[text/plain, application/xml, text/xml, application/json, application/x-jackson-smile, application/cbor, application/*+xml, application/*+json, */*]
03:31:04.922 [Test worker] DEBUG o.s.w.c.RestTemplate - Writing [Héllo Wörld] with org.springframework.http.converter.StringHttpMessageConverter
03:31:04.929 [Test worker] DEBUG o.s.w.c.RestTemplate - Response 201 CREATED
03:31:04.929 [Test worker] DEBUG o.s.w.c.RestTemplate - Reading to [java.lang.String] as "text/plain;charset=UTF-8"
03:31:04.934 [Test worker] DEBUG o.s.w.c.RestTemplate - HTTP PATCH http://localhost:60918/patch
03:31:04.935 [Test worker] DEBUG o.s.w.c.RestTemplate - Accept=[text/plain, application/xml, text/xml, application/json, application/x-jackson-smile, application/cbor, application/*+xml, application/*+json, */*]
03:31:04.935 [Test worker] DEBUG o.s.w.c.RestTemplate - Writing [Héllo Wörld] with org.springframework.http.converter.StringHttpMessageConverter
03:31:04.938 [Test worker] DEBUG o.s.w.c.RestTemplate - Response 201 CREATED
03:31:04.938 [Test worker] DEBUG o.s.w.c.RestTemplate - Reading to [java.lang.String] as "text/plain;charset=UTF-8"
03:31:04.949 [Test worker] DEBUG o.s.w.c.RestTemplate - HTTP GET http://localhost:60936/get
03:31:04.950 [Test worker] DEBUG o.s.w.c.RestTemplate - Accept=[text/plain, application/xml, text/xml, application/json, application/x-jackson-smile, application/cbor, application/*+xml, application/*+json, */*]
03:31:04.951 [Test worker] DEBUG o.s.w.c.RestTemplate - Response 200 OK
03:31:04.951 [Test worker] DEBUG o.s.w.c.RestTemplate - Reading to [java.lang.String] as "text/plain;charset=UTF-8"
03:31:04.956 [Test worker] DEBUG o.s.w.c.RestTemplate - HTTP GET http://localhost:60938/get
03:31:04.957 [Test worker] DEBUG o.s.w.c.RestTemplate - Accept=[text/plain, application/xml, text/xml, application/json, application/x-jackson-smile, application/cbor, application/*+xml, application/*+json, */*]
03:31:04.959 [Test worker] DEBUG o.s.w.c.RestTemplate - Response 200 OK
03:31:04.960 [Test worker] DEBUG o.s.w.c.RestTemplate - Reading to [java.lang.String] as "text/plain;charset=UTF-8"
03:31:04.965 [Test worker] DEBUG o.s.w.c.RestTemplate - HTTP GET http://localhost:60940/get
03:31:04.965 [Test worker] DEBUG o.s.w.c.RestTemplate - Accept=[text/plain, application/xml, text/xml, application/json, application/x-jackson-smile, application/cbor, application/*+xml, application/*+json, */*]
03:31:04.972 [Test worker] DEBUG o.s.w.c.RestTemplate - Response 200 OK
03:31:04.972 [Test worker] DEBUG o.s.w.c.RestTemplate - Reading to [java.lang.String] as "text/plain;charset=UTF-8"
03:31:04.977 [Test worker] DEBUG o.s.w.c.RestTemplate - HTTP GET http://localhost:60943/get
03:31:04.977 [Test worker] DEBUG o.s.w.c.RestTemplate - Accept=[text/plain, application/xml, text/xml, application/json, application/x-jackson-smile, application/cbor, application/*+xml, application/*+json, */*]
03:31:04.980 [Test worker] DEBUG o.s.w.c.RestTemplate - Response 200 OK
03:31:04.980 [Test worker] DEBUG o.s.w.c.RestTemplate - Reading to [java.lang.String] as "text/plain;charset=UTF-8"
03:31:04.994 [Test worker] DEBUG o.s.w.c.RestTemplate - HTTP OPTIONS http://localhost:60961/get
03:31:04.996 [Test worker] DEBUG o.s.w.c.RestTemplate - Response 200 OK
03:31:05.002 [Test worker] DEBUG o.s.w.c.RestTemplate - HTTP OPTIONS http://localhost:60963/get
03:31:05.004 [Test worker] DEBUG o.s.w.c.RestTemplate - Response 200 OK
03:31:05.009 [Test worker] DEBUG o.s.w.c.RestTemplate - HTTP OPTIONS http://localhost:60965/get
03:31:05.015 [Test worker] DEBUG o.s.w.c.RestTemplate - Response 200 OK
03:31:05.020 [Test worker] DEBUG o.s.w.c.RestTemplate - HTTP OPTIONS http://localhost:60967/get
03:31:05.023 [Test worker] DEBUG o.s.w.c.RestTemplate - Response 200 OK
03:31:05.040 [Test worker] DEBUG o.s.w.c.RestTemplate - HTTP POST http://localhost:60986/post
03:31:05.041 [Test worker] DEBUG o.s.w.c.RestTemplate - Accept=[application/xml, text/xml, application/json, application/x-jackson-smile, application/cbor, application/*+xml, application/*+json]
03:31:05.041 [Test worker] DEBUG o.s.w.c.RestTemplate - Writing [Héllo Wörld] as "text/plain"
03:31:05.045 [Test worker] DEBUG o.s.w.c.RestTemplate - Response 201 CREATED
03:31:05.052 [Test worker] DEBUG o.s.w.c.RestTemplate - HTTP POST http://localhost:60988/post
03:31:05.052 [Test worker] DEBUG o.s.w.c.RestTemplate - Accept=[application/xml, text/xml, application/json, application/x-jackson-smile, application/cbor, application/*+xml, application/*+json]
03:31:05.052 [Test worker] DEBUG o.s.w.c.RestTemplate - Writing [Héllo Wörld] as "text/plain"
03:31:05.057 [Test worker] DEBUG o.s.w.c.RestTemplate - Response 201 CREATED
03:31:05.062 [Test worker] DEBUG o.s.w.c.RestTemplate - HTTP POST http://localhost:60990/post
03:31:05.063 [Test worker] DEBUG o.s.w.c.RestTemplate - Accept=[application/xml, text/xml, application/json, application/x-jackson-smile, application/cbor, application/*+xml, application/*+json]
03:31:05.063 [Test worker] DEBUG o.s.w.c.RestTemplate - Writing [Héllo Wörld] as "text/plain"
03:31:05.071 [Test worker] DEBUG o.s.w.c.RestTemplate - Response 201 CREATED
03:31:05.077 [Test worker] DEBUG o.s.w.c.RestTemplate - HTTP POST http://localhost:60992/post
03:31:05.077 [Test worker] DEBUG o.s.w.c.RestTemplate - Accept=[application/xml, text/xml, application/json, application/x-jackson-smile, application/cbor, application/*+xml, application/*+json]
03:31:05.077 [Test worker] DEBUG o.s.w.c.RestTemplate - Writing [Héllo Wörld] as "text/plain"
03:31:05.080 [Test worker] DEBUG o.s.w.c.RestTemplate - Response 201 CREATED
03:31:05.096 [Test worker] DEBUG o.s.w.c.RestTemplate - HTTP GET http://localhost:61011/status/nocontent
03:31:05.096 [Test worker] DEBUG o.s.w.c.RestTemplate - Accept=[text/plain, application/xml, text/xml, application/json, application/x-jackson-smile, application/cbor, application/*+xml, application/*+json, */*]
03:31:05.098 [Test worker] DEBUG o.s.w.c.RestTemplate - Response 204 NO_CONTENT
03:31:05.099 [Test worker] DEBUG o.s.w.c.RestTemplate - HTTP GET http://localhost:61011/status/nocontent
03:31:05.099 [Test worker] DEBUG o.s.w.c.RestTemplate - Accept=[text/plain, application/xml, text/xml, application/json, application/x-jackson-smile, application/cbor, application/*+xml, application/*+json, */*]
03:31:05.100 [Test worker] DEBUG o.s.w.c.RestTemplate - Response 204 NO_CONTENT
03:31:05.106 [Test worker] DEBUG o.s.w.c.RestTemplate - HTTP GET http://localhost:61013/status/nocontent
03:31:05.106 [Test worker] DEBUG o.s.w.c.RestTemplate - Accept=[text/plain, application/xml, text/xml, application/json, application/x-jackson-smile, application/cbor, application/*+xml, application/*+json, */*]
03:31:05.109 [Test worker] DEBUG o.s.w.c.RestTemplate - Response 204 NO_CONTENT
03:31:05.110 [Test worker] DEBUG o.s.w.c.RestTemplate - HTTP GET http://localhost:61013/status/nocontent
03:31:05.110 [Test worker] DEBUG o.s.w.c.RestTemplate - Accept=[text/plain, application/xml, text/xml, application/json, application/x-jackson-smile, application/cbor, application/*+xml, application/*+json, */*]
03:31:05.112 [Test worker] DEBUG o.s.w.c.RestTemplate - Response 204 NO_CONTENT
03:31:05.120 [Test worker] DEBUG o.s.w.c.RestTemplate - HTTP GET http://localhost:61015/status/nocontent
03:31:05.120 [Test worker] DEBUG o.s.w.c.RestTemplate - Accept=[text/plain, application/xml, text/xml, application/json, application/x-jackson-smile, application/cbor, application/*+xml, application/*+json, */*]
03:31:05.126 [Test worker] DEBUG o.s.w.c.RestTemplate - Response 204 NO_CONTENT
03:31:05.127 [Test worker] DEBUG o.s.w.c.RestTemplate - HTTP GET http://localhost:61015/status/nocontent
03:31:05.127 [Test worker] DEBUG o.s.w.c.RestTemplate - Accept=[text/plain, application/xml, text/xml, application/json, application/x-jackson-smile, application/cbor, application/*+xml, application/*+json, */*]
03:31:05.137 [Test worker] DEBUG o.s.w.c.RestTemplate - Response 204 NO_CONTENT
03:31:05.143 [Test worker] DEBUG o.s.w.c.RestTemplate - HTTP GET http://localhost:61018/status/nocontent
03:31:05.143 [Test worker] DEBUG o.s.w.c.RestTemplate - Accept=[text/plain, application/xml, text/xml, application/json, application/x-jackson-smile, application/cbor, application/*+xml, application/*+json, */*]
03:31:05.146 [Test worker] DEBUG o.s.w.c.RestTemplate - Response 204 NO_CONTENT
03:31:05.146 [Test worker] DEBUG o.s.w.c.RestTemplate - HTTP GET http://localhost:61018/status/nocontent
03:31:05.146 [Test worker] DEBUG o.s.w.c.RestTemplate - Accept=[text/plain, application/xml, text/xml, application/json, application/x-jackson-smile, application/cbor, application/*+xml, application/*+json, */*]
03:31:05.148 [Test worker] DEBUG o.s.w.c.RestTemplate - Response 204 NO_CONTENT
03:31:05.172 [Test worker] DEBUG o.s.w.c.RestTemplate - HTTP GET http://localhost:61037/status/notfound
03:31:05.182 [Test worker] DEBUG o.s.w.c.RestTemplate - Response 404 NOT_FOUND
03:31:05.189 [Test worker] DEBUG o.s.w.c.RestTemplate - HTTP GET http://localhost:61039/status/notfound
03:31:05.196 [Test worker] DEBUG o.s.w.c.RestTemplate - Response 404 NOT_FOUND
03:31:05.206 [Test worker] DEBUG o.s.w.c.RestTemplate - HTTP GET http://localhost:61041/status/notfound
03:31:05.215 [Test worker] DEBUG o.s.w.c.RestTemplate - Response 404 NOT_FOUND
03:31:05.222 [Test worker] DEBUG o.s.w.c.RestTemplate - HTTP GET http://localhost:61043/status/notfound
03:31:05.226 [Test worker] DEBUG o.s.w.c.RestTemplate - Response 404 NOT_FOUND
03:31:05.240 [Test worker] DEBUG o.s.w.c.RestTemplate - HTTP POST http://localhost:61063/multipartFormData
03:31:05.240 [Test worker] DEBUG o.s.w.c.RestTemplate - Writing [{name 1=[value 1], name 2=[value 2+1, value 2+2], logo=[class path resource [org/springframework/http/converter/logo.jpg]]}] with org.springframework.http.converter.support.AllEncompassingFormHttpMessageConverter
03:31:05.244 [Test worker] DEBUG o.s.w.c.RestTemplate - Response 200 OK
03:31:05.250 [Test worker] DEBUG o.s.w.c.RestTemplate - HTTP POST http://localhost:61065/multipartFormData
03:31:05.250 [Test worker] DEBUG o.s.w.c.RestTemplate - Writing [{name 1=[value 1], name 2=[value 2+1, value 2+2], logo=[class path resource [org/springframework/http/converter/logo.jpg]]}] with org.springframework.http.converter.support.AllEncompassingFormHttpMessageConverter
03:31:05.254 [Test worker] DEBUG o.s.w.c.RestTemplate - Response 200 OK
03:31:05.258 [Test worker] DEBUG o.s.w.c.RestTemplate - HTTP POST http://localhost:61067/multipartFormData
03:31:05.258 [Test worker] DEBUG o.s.w.c.RestTemplate - Writing [{name 1=[value 1], name 2=[value 2+1, value 2+2], logo=[class path resource [org/springframework/http/converter/logo.jpg]]}] with org.springframework.http.converter.support.AllEncompassingFormHttpMessageConverter
03:31:05.265 [Test worker] DEBUG o.s.w.c.RestTemplate - Response 200 OK
03:31:05.272 [Test worker] DEBUG o.s.w.c.RestTemplate - HTTP POST http://localhost:61069/multipartFormData
03:31:05.272 [Test worker] DEBUG o.s.w.c.RestTemplate - Writing [{name 1=[value 1], name 2=[value 2+1, value 2+2], logo=[class path resource [org/springframework/http/converter/logo.jpg]]}] with org.springframework.http.converter.support.AllEncompassingFormHttpMessageConverter
03:31:05.276 [Test worker] DEBUG o.s.w.c.RestTemplate - Response 200 OK
03:31:05.290 [Test worker] DEBUG o.s.w.c.RestTemplate - HTTP POST http://localhost:61088/jsonpost
03:31:05.290 [Test worker] DEBUG o.s.w.c.RestTemplate - Accept=[text/plain, application/xml, text/xml, application/json, application/x-jackson-smile, application/cbor, application/*+xml, application/*+json, */*]
03:31:05.291 [Test worker] DEBUG o.s.w.c.RestTemplate - Writing [[org.springframework.web.client.RestTemplateIntegrationTests$Foo@18e360dc, org.springframework.web.client.RestTemplateIntegrationTests$Bar@33c8cbf6]] as "application/json;charset=UTF-8"
03:31:05.296 [Test worker] DEBUG o.s.w.c.RestTemplate - Response 201 CREATED
03:31:05.296 [Test worker] DEBUG o.s.w.c.RestTemplate - Reading to [java.lang.String] as "application/json;charset=utf-8"
03:31:05.302 [Test worker] DEBUG o.s.w.c.RestTemplate - HTTP POST http://localhost:61090/jsonpost
03:31:05.303 [Test worker] DEBUG o.s.w.c.RestTemplate - Accept=[text/plain, application/xml, text/xml, application/json, application/x-jackson-smile, application/cbor, application/*+xml, application/*+json, */*]
03:31:05.303 [Test worker] DEBUG o.s.w.c.RestTemplate - Writing [[org.springframework.web.client.RestTemplateIntegrationTests$Foo@1f725580, org.springframework.web.client.RestTemplateIntegrationTests$Bar@59e5c757]] as "application/json;charset=UTF-8"
03:31:05.307 [Test worker] DEBUG o.s.w.c.RestTemplate - Response 201 CREATED
03:31:05.307 [Test worker] DEBUG o.s.w.c.RestTemplate - Reading to [java.lang.String] as "application/json;charset=utf-8"
03:31:05.312 [Test worker] DEBUG o.s.w.c.RestTemplate - HTTP POST http://localhost:61092/jsonpost
03:31:05.313 [Test worker] DEBUG o.s.w.c.RestTemplate - Accept=[text/plain, application/xml, text/xml, application/json, application/x-jackson-smile, application/cbor, application/*+xml, application/*+json, */*]
03:31:05.313 [Test worker] DEBUG o.s.w.c.RestTemplate - Writing [[org.springframework.web.client.RestTemplateIntegrationTests$Foo@5e2c488, org.springframework.web.client.RestTemplateIntegrationTests$Bar@5cfc66e7]] as "application/json;charset=UTF-8"
03:31:05.325 [Test worker] DEBUG o.s.w.c.RestTemplate - Response 201 CREATED
03:31:05.326 [Test worker] DEBUG o.s.w.c.RestTemplate - Reading to [java.lang.String] as "application/json;charset=utf-8"
03:31:05.332 [Test worker] DEBUG o.s.w.c.RestTemplate - HTTP POST http://localhost:61094/jsonpost
03:31:05.333 [Test worker] DEBUG o.s.w.c.RestTemplate - Accept=[text/plain, application/xml, text/xml, application/json, application/x-jackson-smile, application/cbor, application/*+xml, application/*+json, */*]
03:31:05.333 [Test worker] DEBUG o.s.w.c.RestTemplate - Writing [[org.springframework.web.client.RestTemplateIntegrationTests$Foo@7076c8c0, org.springframework.web.client.RestTemplateIntegrationTests$Bar@2a1f4ec1]] as "application/json;charset=UTF-8"
03:31:05.338 [Test worker] DEBUG o.s.w.c.RestTemplate - Response 201 CREATED
03:31:05.338 [Test worker] DEBUG o.s.w.c.RestTemplate - Reading to [java.lang.String] as "application/json;charset=utf-8"
]]></system-out>
  <system-err><![CDATA[Mar 06, 2023 3:31:03 AM okhttp3.mockwebserver.MockWebServer$3 execute
INFO: MockWebServer[60458] starting to accept connections
Mar 06, 2023 3:31:03 AM okhttp3.mockwebserver.MockWebServer$4 processOneRequest
INFO: MockWebServer[60458] received request: GET /get HTTP/1.1 and responded: HTTP/1.1 200 OK
Mar 06, 2023 3:31:03 AM okhttp3.mockwebserver.MockWebServer$3 acceptConnections
INFO: MockWebServer[60458] done accepting connections: socket closed
Mar 06, 2023 3:31:03 AM okhttp3.mockwebserver.MockWebServer$3 execute
INFO: MockWebServer[60460] starting to accept connections
Mar 06, 2023 3:31:03 AM okhttp3.mockwebserver.MockWebServer$4 processOneRequest
INFO: MockWebServer[60460] received request: GET /get HTTP/1.1 and responded: HTTP/1.1 200 OK
Mar 06, 2023 3:31:03 AM okhttp3.mockwebserver.MockWebServer$3 acceptConnections
INFO: MockWebServer[60460] done accepting connections: socket closed
Mar 06, 2023 3:31:03 AM okhttp3.mockwebserver.MockWebServer$3 execute
INFO: MockWebServer[60462] starting to accept connections
Mar 06, 2023 3:31:03 AM okhttp3.mockwebserver.MockWebServer$4 processOneRequest
INFO: MockWebServer[60462] received request: GET /get HTTP/1.1 and responded: HTTP/1.1 200 OK
Mar 06, 2023 3:31:03 AM okhttp3.mockwebserver.MockWebServer$3 acceptConnections
INFO: MockWebServer[60462] done accepting connections: socket closed
Mar 06, 2023 3:31:03 AM okhttp3.mockwebserver.MockWebServer$3 execute
INFO: MockWebServer[60464] starting to accept connections
Mar 06, 2023 3:31:03 AM okhttp3.mockwebserver.MockWebServer$4 processOneRequest
INFO: MockWebServer[60464] received request: GET /get HTTP/1.1 and responded: HTTP/1.1 200 OK
Mar 06, 2023 3:31:03 AM okhttp3.mockwebserver.MockWebServer$3 acceptConnections
INFO: MockWebServer[60464] done accepting connections: socket closed
Mar 06, 2023 3:31:03 AM okhttp3.mockwebserver.MockWebServer$3 execute
INFO: MockWebServer[60483] starting to accept connections
Mar 06, 2023 3:31:03 AM okhttp3.mockwebserver.MockWebServer$4 processOneRequest
INFO: MockWebServer[60483] received request: POST /jsonpost HTTP/1.1 and responded: HTTP/1.1 201 OK
Mar 06, 2023 3:31:03 AM okhttp3.mockwebserver.MockWebServer$3 acceptConnections
INFO: MockWebServer[60483] done accepting connections: socket closed
Mar 06, 2023 3:31:03 AM okhttp3.mockwebserver.MockWebServer$3 execute
INFO: MockWebServer[60485] starting to accept connections
Mar 06, 2023 3:31:03 AM okhttp3.mockwebserver.MockWebServer$4 processOneRequest
INFO: MockWebServer[60485] received request: POST /jsonpost HTTP/1.1 and responded: HTTP/1.1 201 OK
Mar 06, 2023 3:31:03 AM okhttp3.mockwebserver.MockWebServer$3 acceptConnections
INFO: MockWebServer[60485] done accepting connections: socket closed
Mar 06, 2023 3:31:03 AM okhttp3.mockwebserver.MockWebServer$3 execute
INFO: MockWebServer[60487] starting to accept connections
Mar 06, 2023 3:31:03 AM okhttp3.mockwebserver.MockWebServer$4 processOneRequest
INFO: MockWebServer[60487] received request: POST /jsonpost HTTP/1.1 and responded: HTTP/1.1 201 OK
Mar 06, 2023 3:31:03 AM okhttp3.mockwebserver.MockWebServer$3 acceptConnections
INFO: MockWebServer[60487] done accepting connections: socket closed
Mar 06, 2023 3:31:03 AM okhttp3.mockwebserver.MockWebServer$3 execute
INFO: MockWebServer[60489] starting to accept connections
Mar 06, 2023 3:31:03 AM okhttp3.mockwebserver.MockWebServer$4 processOneRequest
INFO: MockWebServer[60489] received request: POST /jsonpost HTTP/1.1 and responded: HTTP/1.1 201 OK
Mar 06, 2023 3:31:03 AM okhttp3.mockwebserver.MockWebServer$3 acceptConnections
INFO: MockWebServer[60489] done accepting connections: socket closed
Mar 06, 2023 3:31:03 AM okhttp3.mockwebserver.MockWebServer$3 execute
INFO: MockWebServer[60508] starting to accept connections
Mar 06, 2023 3:31:03 AM okhttp3.mockwebserver.MockWebServer$4 processOneRequest
INFO: MockWebServer[60508] received request: GET /get HTTP/1.1 and responded: HTTP/1.1 200 OK
Mar 06, 2023 3:31:03 AM okhttp3.mockwebserver.MockWebServer$3 acceptConnections
INFO: MockWebServer[60508] done accepting connections: socket closed
Mar 06, 2023 3:31:03 AM okhttp3.mockwebserver.MockWebServer$3 execute
INFO: MockWebServer[60510] starting to accept connections
Mar 06, 2023 3:31:03 AM okhttp3.mockwebserver.MockWebServer$4 processOneRequest
INFO: MockWebServer[60510] received request: GET /get HTTP/1.1 and responded: HTTP/1.1 200 OK
Mar 06, 2023 3:31:03 AM okhttp3.mockwebserver.MockWebServer$3 acceptConnections
INFO: MockWebServer[60510] done accepting connections: socket closed
Mar 06, 2023 3:31:03 AM okhttp3.mockwebserver.MockWebServer$3 execute
INFO: MockWebServer[60512] starting to accept connections
Mar 06, 2023 3:31:04 AM okhttp3.mockwebserver.MockWebServer$4 processOneRequest
INFO: MockWebServer[60512] received request: GET /get HTTP/1.1 and responded: HTTP/1.1 200 OK
Mar 06, 2023 3:31:04 AM okhttp3.mockwebserver.MockWebServer$3 acceptConnections
INFO: MockWebServer[60512] done accepting connections: socket closed
Mar 06, 2023 3:31:04 AM okhttp3.mockwebserver.MockWebServer$3 execute
INFO: MockWebServer[60514] starting to accept connections
Mar 06, 2023 3:31:04 AM okhttp3.mockwebserver.MockWebServer$3 acceptConnections
INFO: MockWebServer[60514] done accepting connections: socket closed
Mar 06, 2023 3:31:04 AM okhttp3.mockwebserver.MockWebServer$4 processOneRequest
INFO: MockWebServer[60514] received request: GET /get HTTP/1.1 and responded: HTTP/1.1 200 OK
Mar 06, 2023 3:31:04 AM okhttp3.mockwebserver.MockWebServer$3 execute
INFO: MockWebServer[60532] starting to accept connections
Mar 06, 2023 3:31:04 AM okhttp3.mockwebserver.MockWebServer$3 acceptConnections
INFO: MockWebServer[60532] done accepting connections: socket closed
Mar 06, 2023 3:31:04 AM okhttp3.mockwebserver.MockWebServer$4 processOneRequest
INFO: MockWebServer[60532] received request: POST /multipartMixed HTTP/1.1 and responded: HTTP/1.1 200 OK
Mar 06, 2023 3:31:04 AM okhttp3.mockwebserver.MockWebServer$3 execute
INFO: MockWebServer[60535] starting to accept connections
Mar 06, 2023 3:31:04 AM okhttp3.mockwebserver.MockWebServer$4 processOneRequest
INFO: MockWebServer[60535] received request: POST /multipartMixed HTTP/1.1 and responded: HTTP/1.1 200 OK
Mar 06, 2023 3:31:04 AM okhttp3.mockwebserver.MockWebServer$3 acceptConnections
INFO: MockWebServer[60535] done accepting connections: socket closed
Mar 06, 2023 3:31:04 AM okhttp3.mockwebserver.MockWebServer$3 execute
INFO: MockWebServer[60537] starting to accept connections
Mar 06, 2023 3:31:04 AM okhttp3.mockwebserver.MockWebServer$4 processOneRequest
INFO: MockWebServer[60537] received request: POST /multipartMixed HTTP/1.1 and responded: HTTP/1.1 200 OK
Mar 06, 2023 3:31:04 AM okhttp3.mockwebserver.MockWebServer$3 acceptConnections
INFO: MockWebServer[60537] done accepting connections: socket closed
Mar 06, 2023 3:31:04 AM okhttp3.mockwebserver.MockWebServer$3 execute
INFO: MockWebServer[60539] starting to accept connections
Mar 06, 2023 3:31:04 AM okhttp3.mockwebserver.MockWebServer$4 processOneRequest
INFO: MockWebServer[60539] received request: POST /multipartMixed HTTP/1.1 and responded: HTTP/1.1 200 OK
Mar 06, 2023 3:31:04 AM okhttp3.mockwebserver.MockWebServer$3 acceptConnections
INFO: MockWebServer[60539] done accepting connections: socket closed
Mar 06, 2023 3:31:04 AM okhttp3.mockwebserver.MockWebServer$3 execute
INFO: MockWebServer[60557] starting to accept connections
Mar 06, 2023 3:31:04 AM okhttp3.mockwebserver.MockWebServer$3 acceptConnections
INFO: MockWebServer[60557] done accepting connections: socket closed
Mar 06, 2023 3:31:04 AM okhttp3.mockwebserver.MockWebServer$4 processOneRequest
INFO: MockWebServer[60557] received request: GET /get/nocontenttype HTTP/1.1 and responded: HTTP/1.1 200 OK
Mar 06, 2023 3:31:04 AM okhttp3.mockwebserver.MockWebServer$3 execute
INFO: MockWebServer[60560] starting to accept connections
Mar 06, 2023 3:31:04 AM okhttp3.mockwebserver.MockWebServer$4 processOneRequest
INFO: MockWebServer[60560] received request: GET /get/nocontenttype HTTP/1.1 and responded: HTTP/1.1 200 OK
Mar 06, 2023 3:31:04 AM okhttp3.mockwebserver.MockWebServer$3 acceptConnections
INFO: MockWebServer[60560] done accepting connections: socket closed
Mar 06, 2023 3:31:04 AM okhttp3.mockwebserver.MockWebServer$3 execute
INFO: MockWebServer[60562] starting to accept connections
Mar 06, 2023 3:31:04 AM okhttp3.mockwebserver.MockWebServer$4 processOneRequest
INFO: MockWebServer[60562] received request: GET /get/nocontenttype HTTP/1.1 and responded: HTTP/1.1 200 OK
Mar 06, 2023 3:31:04 AM okhttp3.mockwebserver.MockWebServer$3 acceptConnections
INFO: MockWebServer[60562] done accepting connections: socket closed
Mar 06, 2023 3:31:04 AM okhttp3.mockwebserver.MockWebServer$3 execute
INFO: MockWebServer[60564] starting to accept connections
Mar 06, 2023 3:31:04 AM okhttp3.mockwebserver.MockWebServer$4 processOneRequest
INFO: MockWebServer[60564] received request: GET /get/nocontenttype HTTP/1.1 and responded: HTTP/1.1 200 OK
Mar 06, 2023 3:31:04 AM okhttp3.mockwebserver.MockWebServer$3 acceptConnections
INFO: MockWebServer[60564] done accepting connections: socket closed
Mar 06, 2023 3:31:04 AM okhttp3.mockwebserver.MockWebServer$3 execute
INFO: MockWebServer[60583] starting to accept connections
Mar 06, 2023 3:31:04 AM okhttp3.mockwebserver.MockWebServer$4 processOneRequest
INFO: MockWebServer[60583] received request: POST /jsonpost HTTP/1.1 and responded: HTTP/1.1 201 OK
Mar 06, 2023 3:31:04 AM okhttp3.mockwebserver.MockWebServer$3 acceptConnections
INFO: MockWebServer[60583] done accepting connections: socket closed
Mar 06, 2023 3:31:04 AM okhttp3.mockwebserver.MockWebServer$3 execute
INFO: MockWebServer[60585] starting to accept connections
Mar 06, 2023 3:31:04 AM okhttp3.mockwebserver.MockWebServer$4 processOneRequest
INFO: MockWebServer[60585] received request: POST /jsonpost HTTP/1.1 and responded: HTTP/1.1 201 OK
Mar 06, 2023 3:31:04 AM okhttp3.mockwebserver.MockWebServer$3 acceptConnections
INFO: MockWebServer[60585] done accepting connections: socket closed
Mar 06, 2023 3:31:04 AM okhttp3.mockwebserver.MockWebServer$3 execute
INFO: MockWebServer[60587] starting to accept connections
Mar 06, 2023 3:31:04 AM okhttp3.mockwebserver.MockWebServer$4 processOneRequest
INFO: MockWebServer[60587] received request: POST /jsonpost HTTP/1.1 and responded: HTTP/1.1 201 OK
Mar 06, 2023 3:31:04 AM okhttp3.mockwebserver.MockWebServer$3 acceptConnections
INFO: MockWebServer[60587] done accepting connections: socket closed
Mar 06, 2023 3:31:04 AM okhttp3.mockwebserver.MockWebServer$3 execute
INFO: MockWebServer[60589] starting to accept connections
Mar 06, 2023 3:31:04 AM okhttp3.mockwebserver.MockWebServer$4 processOneRequest
INFO: MockWebServer[60589] received request: POST /jsonpost HTTP/1.1 and responded: HTTP/1.1 201 OK
Mar 06, 2023 3:31:04 AM okhttp3.mockwebserver.MockWebServer$3 acceptConnections
INFO: MockWebServer[60589] done accepting connections: socket closed
Mar 06, 2023 3:31:04 AM okhttp3.mockwebserver.MockWebServer$3 execute
INFO: MockWebServer[60608] starting to accept connections
Mar 06, 2023 3:31:04 AM okhttp3.mockwebserver.MockWebServer$4 processOneRequest
INFO: MockWebServer[60608] received request: GET /status/notmodified HTTP/1.1 and responded: HTTP/1.1 304 Redirection
Mar 06, 2023 3:31:04 AM okhttp3.mockwebserver.MockWebServer$4 processOneRequest
INFO: MockWebServer[60608] received request: GET /status/notmodified HTTP/1.1 and responded: HTTP/1.1 304 Redirection
Mar 06, 2023 3:31:04 AM okhttp3.mockwebserver.MockWebServer$3 acceptConnections
INFO: MockWebServer[60608] done accepting connections: socket closed
Mar 06, 2023 3:31:04 AM okhttp3.mockwebserver.MockWebServer$3 execute
INFO: MockWebServer[60610] starting to accept connections
Mar 06, 2023 3:31:04 AM okhttp3.mockwebserver.MockWebServer$4 processOneRequest
INFO: MockWebServer[60610] received request: GET /status/notmodified HTTP/1.1 and responded: HTTP/1.1 304 Redirection
Mar 06, 2023 3:31:04 AM okhttp3.mockwebserver.MockWebServer$4 processOneRequest
INFO: MockWebServer[60610] received request: GET /status/notmodified HTTP/1.1 and responded: HTTP/1.1 304 Redirection
Mar 06, 2023 3:31:04 AM okhttp3.mockwebserver.MockWebServer$3 acceptConnections
INFO: MockWebServer[60610] done accepting connections: socket closed
Mar 06, 2023 3:31:04 AM okhttp3.mockwebserver.MockWebServer$3 execute
INFO: MockWebServer[60612] starting to accept connections
Mar 06, 2023 3:31:04 AM okhttp3.mockwebserver.MockWebServer$4 processOneRequest
INFO: MockWebServer[60612] received request: GET /status/notmodified HTTP/1.1 and responded: HTTP/1.1 304 Redirection
Mar 06, 2023 3:31:04 AM okhttp3.mockwebserver.MockWebServer$4 processOneRequest
INFO: MockWebServer[60612] received request: GET /status/notmodified HTTP/1.1 and responded: HTTP/1.1 304 Redirection
Mar 06, 2023 3:31:04 AM okhttp3.mockwebserver.MockWebServer$3 acceptConnections
INFO: MockWebServer[60612] done accepting connections: socket closed
Mar 06, 2023 3:31:04 AM okhttp3.mockwebserver.MockWebServer$3 execute
INFO: MockWebServer[60615] starting to accept connections
Mar 06, 2023 3:31:04 AM okhttp3.mockwebserver.MockWebServer$4 processOneRequest
INFO: MockWebServer[60615] received request: GET /status/notmodified HTTP/1.1 and responded: HTTP/1.1 304 Redirection
Mar 06, 2023 3:31:04 AM okhttp3.mockwebserver.MockWebServer$4 processOneRequest
INFO: MockWebServer[60615] received request: GET /status/notmodified HTTP/1.1 and responded: HTTP/1.1 304 Redirection
Mar 06, 2023 3:31:04 AM okhttp3.mockwebserver.MockWebServer$3 acceptConnections
INFO: MockWebServer[60615] done accepting connections: socket closed
Mar 06, 2023 3:31:04 AM okhttp3.mockwebserver.MockWebServer$3 execute
INFO: MockWebServer[60634] starting to accept connections
Mar 06, 2023 3:31:04 AM okhttp3.mockwebserver.MockWebServer$4 processOneRequest
INFO: MockWebServer[60634] received request: GET /status/server HTTP/1.1 and responded: HTTP/1.1 500 Server Error
Mar 06, 2023 3:31:04 AM okhttp3.mockwebserver.MockWebServer$3 acceptConnections
INFO: MockWebServer[60634] done accepting connections: socket closed
Mar 06, 2023 3:31:04 AM okhttp3.mockwebserver.MockWebServer$3 execute
INFO: MockWebServer[60636] starting to accept connections
Mar 06, 2023 3:31:04 AM okhttp3.mockwebserver.MockWebServer$4 processOneRequest
INFO: MockWebServer[60636] received request: GET /status/server HTTP/1.1 and responded: HTTP/1.1 500 Server Error
Mar 06, 2023 3:31:04 AM okhttp3.mockwebserver.MockWebServer$3 acceptConnections
INFO: MockWebServer[60636] done accepting connections: socket closed
Mar 06, 2023 3:31:04 AM okhttp3.mockwebserver.MockWebServer$3 execute
INFO: MockWebServer[60638] starting to accept connections
Mar 06, 2023 3:31:04 AM okhttp3.mockwebserver.MockWebServer$4 processOneRequest
INFO: MockWebServer[60638] received request: GET /status/server HTTP/1.1 and responded: HTTP/1.1 500 Server Error
Mar 06, 2023 3:31:04 AM okhttp3.mockwebserver.MockWebServer$3 acceptConnections
INFO: MockWebServer[60638] done accepting connections: socket closed
Mar 06, 2023 3:31:04 AM okhttp3.mockwebserver.MockWebServer$3 execute
INFO: MockWebServer[60640] starting to accept connections
Mar 06, 2023 3:31:04 AM okhttp3.mockwebserver.MockWebServer$4 processOneRequest
INFO: MockWebServer[60640] received request: GET /status/server HTTP/1.1 and responded: HTTP/1.1 500 Server Error
Mar 06, 2023 3:31:04 AM okhttp3.mockwebserver.MockWebServer$3 acceptConnections
INFO: MockWebServer[60640] done accepting connections: socket closed
Mar 06, 2023 3:31:04 AM okhttp3.mockwebserver.MockWebServer$3 execute
INFO: MockWebServer[60659] starting to accept connections
Mar 06, 2023 3:31:04 AM okhttp3.mockwebserver.MockWebServer$4 processOneRequest
INFO: MockWebServer[60659] received request: POST /jsonpost HTTP/1.1 and responded: HTTP/1.1 201 OK
Mar 06, 2023 3:31:04 AM okhttp3.mockwebserver.MockWebServer$3 acceptConnections
INFO: MockWebServer[60659] done accepting connections: socket closed
Mar 06, 2023 3:31:04 AM okhttp3.mockwebserver.MockWebServer$3 execute
INFO: MockWebServer[60661] starting to accept connections
Mar 06, 2023 3:31:04 AM okhttp3.mockwebserver.MockWebServer$4 processOneRequest
INFO: MockWebServer[60661] received request: POST /jsonpost HTTP/1.1 and responded: HTTP/1.1 201 OK
Mar 06, 2023 3:31:04 AM okhttp3.mockwebserver.MockWebServer$3 acceptConnections
INFO: MockWebServer[60661] done accepting connections: socket closed
Mar 06, 2023 3:31:04 AM okhttp3.mockwebserver.MockWebServer$3 execute
INFO: MockWebServer[60663] starting to accept connections
Mar 06, 2023 3:31:04 AM okhttp3.mockwebserver.MockWebServer$4 processOneRequest
INFO: MockWebServer[60663] received request: POST /jsonpost HTTP/1.1 and responded: HTTP/1.1 201 OK
Mar 06, 2023 3:31:04 AM okhttp3.mockwebserver.MockWebServer$3 acceptConnections
INFO: MockWebServer[60663] done accepting connections: socket closed
Mar 06, 2023 3:31:04 AM okhttp3.mockwebserver.MockWebServer$3 execute
INFO: MockWebServer[60665] starting to accept connections
Mar 06, 2023 3:31:04 AM okhttp3.mockwebserver.MockWebServer$4 processOneRequest
INFO: MockWebServer[60665] received request: POST /jsonpost HTTP/1.1 and responded: HTTP/1.1 201 OK
Mar 06, 2023 3:31:04 AM okhttp3.mockwebserver.MockWebServer$3 acceptConnections
INFO: MockWebServer[60665] done accepting connections: socket closed
Mar 06, 2023 3:31:04 AM okhttp3.mockwebserver.MockWebServer$3 execute
INFO: MockWebServer[60684] starting to accept connections
Mar 06, 2023 3:31:04 AM okhttp3.mockwebserver.MockWebServer$4 processOneRequest
INFO: MockWebServer[60684] received request: POST /post HTTP/1.1 and responded: HTTP/1.1 201 OK
Mar 06, 2023 3:31:04 AM okhttp3.mockwebserver.MockWebServer$3 acceptConnections
INFO: MockWebServer[60684] done accepting connections: socket closed
Mar 06, 2023 3:31:04 AM okhttp3.mockwebserver.MockWebServer$3 execute
INFO: MockWebServer[60686] starting to accept connections
Mar 06, 2023 3:31:04 AM okhttp3.mockwebserver.MockWebServer$4 processOneRequest
INFO: MockWebServer[60686] received request: POST /post HTTP/1.1 and responded: HTTP/1.1 201 OK
Mar 06, 2023 3:31:04 AM okhttp3.mockwebserver.MockWebServer$3 acceptConnections
INFO: MockWebServer[60686] done accepting connections: socket closed
Mar 06, 2023 3:31:04 AM okhttp3.mockwebserver.MockWebServer$3 execute
INFO: MockWebServer[60689] starting to accept connections
Mar 06, 2023 3:31:04 AM okhttp3.mockwebserver.MockWebServer$4 processOneRequest
INFO: MockWebServer[60689] received request: POST /post HTTP/1.1 and responded: HTTP/1.1 201 OK
Mar 06, 2023 3:31:04 AM okhttp3.mockwebserver.MockWebServer$3 acceptConnections
INFO: MockWebServer[60689] done accepting connections: socket closed
Mar 06, 2023 3:31:04 AM okhttp3.mockwebserver.MockWebServer$3 execute
INFO: MockWebServer[60691] starting to accept connections
Mar 06, 2023 3:31:04 AM okhttp3.mockwebserver.MockWebServer$4 processOneRequest
INFO: MockWebServer[60691] received request: POST /post HTTP/1.1 and responded: HTTP/1.1 201 OK
Mar 06, 2023 3:31:04 AM okhttp3.mockwebserver.MockWebServer$3 acceptConnections
INFO: MockWebServer[60691] done accepting connections: socket closed
Mar 06, 2023 3:31:04 AM okhttp3.mockwebserver.MockWebServer$3 execute
INFO: MockWebServer[60709] starting to accept connections
Mar 06, 2023 3:31:04 AM okhttp3.mockwebserver.MockWebServer$3 acceptConnections
INFO: MockWebServer[60709] done accepting connections: socket closed
Mar 06, 2023 3:31:04 AM okhttp3.mockwebserver.MockWebServer$4 processOneRequest
INFO: MockWebServer[60709] received request: GET /status/badrequest HTTP/1.1 and responded: HTTP/1.1 400 Client Error
Mar 06, 2023 3:31:04 AM okhttp3.mockwebserver.MockWebServer$3 execute
INFO: MockWebServer[60712] starting to accept connections
Mar 06, 2023 3:31:04 AM okhttp3.mockwebserver.MockWebServer$3 acceptConnections
INFO: MockWebServer[60712] done accepting connections: socket closed
Mar 06, 2023 3:31:04 AM okhttp3.mockwebserver.MockWebServer$4 processOneRequest
INFO: MockWebServer[60712] received request: GET /status/badrequest HTTP/1.1 and responded: HTTP/1.1 400 Client Error
Mar 06, 2023 3:31:04 AM okhttp3.mockwebserver.MockWebServer$3 execute
INFO: MockWebServer[60714] starting to accept connections
Mar 06, 2023 3:31:04 AM okhttp3.mockwebserver.MockWebServer$4 processOneRequest
INFO: MockWebServer[60714] received request: GET /status/badrequest HTTP/1.1 and responded: HTTP/1.1 400 Client Error
Mar 06, 2023 3:31:04 AM okhttp3.mockwebserver.MockWebServer$3 acceptConnections
INFO: MockWebServer[60714] done accepting connections: socket closed
Mar 06, 2023 3:31:04 AM okhttp3.mockwebserver.MockWebServer$3 execute
INFO: MockWebServer[60716] starting to accept connections
Mar 06, 2023 3:31:04 AM okhttp3.mockwebserver.MockWebServer$4 processOneRequest
INFO: MockWebServer[60716] received request: GET /status/badrequest HTTP/1.1 and responded: HTTP/1.1 400 Client Error
Mar 06, 2023 3:31:04 AM okhttp3.mockwebserver.MockWebServer$3 acceptConnections
INFO: MockWebServer[60716] done accepting connections: socket closed
Mar 06, 2023 3:31:04 AM okhttp3.mockwebserver.MockWebServer$3 execute
INFO: MockWebServer[60735] starting to accept connections
Mar 06, 2023 3:31:04 AM okhttp3.mockwebserver.MockWebServer$4 processOneRequest
INFO: MockWebServer[60735] received request: POST /post HTTP/1.1 and responded: HTTP/1.1 201 OK
Mar 06, 2023 3:31:04 AM okhttp3.mockwebserver.MockWebServer$3 acceptConnections
INFO: MockWebServer[60735] done accepting connections: socket closed
Mar 06, 2023 3:31:04 AM okhttp3.mockwebserver.MockWebServer$3 execute
INFO: MockWebServer[60737] starting to accept connections
Mar 06, 2023 3:31:04 AM okhttp3.mockwebserver.MockWebServer$4 processOneRequest
INFO: MockWebServer[60737] received request: POST /post HTTP/1.1 and responded: HTTP/1.1 201 OK
Mar 06, 2023 3:31:04 AM okhttp3.mockwebserver.MockWebServer$3 acceptConnections
INFO: MockWebServer[60737] done accepting connections: socket closed
Mar 06, 2023 3:31:04 AM okhttp3.mockwebserver.MockWebServer$3 execute
INFO: MockWebServer[60739] starting to accept connections
Mar 06, 2023 3:31:04 AM okhttp3.mockwebserver.MockWebServer$3 acceptConnections
INFO: MockWebServer[60739] done accepting connections: socket closed
Mar 06, 2023 3:31:04 AM okhttp3.mockwebserver.MockWebServer$4 processOneRequest
INFO: MockWebServer[60739] received request: POST /post HTTP/1.1 and responded: HTTP/1.1 201 OK
Mar 06, 2023 3:31:04 AM okhttp3.mockwebserver.MockWebServer$3 execute
INFO: MockWebServer[60741] starting to accept connections
Mar 06, 2023 3:31:04 AM okhttp3.mockwebserver.MockWebServer$4 processOneRequest
INFO: MockWebServer[60741] received request: POST /post HTTP/1.1 and responded: HTTP/1.1 201 OK
Mar 06, 2023 3:31:04 AM okhttp3.mockwebserver.MockWebServer$3 acceptConnections
INFO: MockWebServer[60741] done accepting connections: socket closed
Mar 06, 2023 3:31:04 AM okhttp3.mockwebserver.MockWebServer$3 execute
INFO: MockWebServer[60760] starting to accept connections
Mar 06, 2023 3:31:04 AM okhttp3.mockwebserver.MockWebServer$4 processOneRequest
INFO: MockWebServer[60760] received request: POST /post HTTP/1.1 and responded: HTTP/1.1 201 OK
Mar 06, 2023 3:31:04 AM okhttp3.mockwebserver.MockWebServer$3 acceptConnections
INFO: MockWebServer[60760] done accepting connections: socket closed
Mar 06, 2023 3:31:04 AM okhttp3.mockwebserver.MockWebServer$3 execute
INFO: MockWebServer[60762] starting to accept connections
Mar 06, 2023 3:31:04 AM okhttp3.mockwebserver.MockWebServer$4 processOneRequest
INFO: MockWebServer[60762] received request: POST /post HTTP/1.1 and responded: HTTP/1.1 201 OK
Mar 06, 2023 3:31:04 AM okhttp3.mockwebserver.MockWebServer$3 acceptConnections
INFO: MockWebServer[60762] done accepting connections: socket closed
Mar 06, 2023 3:31:04 AM okhttp3.mockwebserver.MockWebServer$3 execute
INFO: MockWebServer[60764] starting to accept connections
Mar 06, 2023 3:31:04 AM okhttp3.mockwebserver.MockWebServer$4 processOneRequest
INFO: MockWebServer[60764] received request: POST /post HTTP/1.1 and responded: HTTP/1.1 201 OK
Mar 06, 2023 3:31:04 AM okhttp3.mockwebserver.MockWebServer$3 acceptConnections
INFO: MockWebServer[60764] done accepting connections: socket closed
Mar 06, 2023 3:31:04 AM okhttp3.mockwebserver.MockWebServer$3 execute
INFO: MockWebServer[60766] starting to accept connections
Mar 06, 2023 3:31:04 AM okhttp3.mockwebserver.MockWebServer$4 processOneRequest
INFO: MockWebServer[60766] received request: POST /post HTTP/1.1 and responded: HTTP/1.1 201 OK
Mar 06, 2023 3:31:04 AM okhttp3.mockwebserver.MockWebServer$3 acceptConnections
INFO: MockWebServer[60766] done accepting connections: socket closed
Mar 06, 2023 3:31:04 AM okhttp3.mockwebserver.MockWebServer$3 execute
INFO: MockWebServer[60785] starting to accept connections
Mar 06, 2023 3:31:04 AM okhttp3.mockwebserver.MockWebServer$4 processOneRequest
INFO: MockWebServer[60785] received request: GET /uri/Z%C3%BCrich HTTP/1.1 and responded: HTTP/1.1 200 OK
Mar 06, 2023 3:31:04 AM okhttp3.mockwebserver.MockWebServer$4 processOneRequest
INFO: MockWebServer[60785] received request: GET /uri/query=foo@bar HTTP/1.1 and responded: HTTP/1.1 200 OK
Mar 06, 2023 3:31:04 AM okhttp3.mockwebserver.MockWebServer$4 processOneRequest
INFO: MockWebServer[60785] received request: GET /uri/query=T%C5%8Dky%C5%8D HTTP/1.1 and responded: HTTP/1.1 200 OK
Mar 06, 2023 3:31:04 AM okhttp3.mockwebserver.MockWebServer$3 acceptConnections
INFO: MockWebServer[60785] done accepting connections: socket closed
Mar 06, 2023 3:31:04 AM okhttp3.mockwebserver.MockWebServer$3 execute
INFO: MockWebServer[60787] starting to accept connections
Mar 06, 2023 3:31:04 AM okhttp3.mockwebserver.MockWebServer$4 processOneRequest
INFO: MockWebServer[60787] received request: GET /uri/Z%C3%BCrich HTTP/1.1 and responded: HTTP/1.1 200 OK
Mar 06, 2023 3:31:04 AM okhttp3.mockwebserver.MockWebServer$4 processOneRequest
INFO: MockWebServer[60787] received request: GET /uri/query=foo@bar HTTP/1.1 and responded: HTTP/1.1 200 OK
Mar 06, 2023 3:31:04 AM okhttp3.mockwebserver.MockWebServer$4 processOneRequest
INFO: MockWebServer[60787] received request: GET /uri/query=T%C5%8Dky%C5%8D HTTP/1.1 and responded: HTTP/1.1 200 OK
Mar 06, 2023 3:31:04 AM okhttp3.mockwebserver.MockWebServer$3 acceptConnections
INFO: MockWebServer[60787] done accepting connections: socket closed
Mar 06, 2023 3:31:04 AM okhttp3.mockwebserver.MockWebServer$3 execute
INFO: MockWebServer[60789] starting to accept connections
Mar 06, 2023 3:31:04 AM okhttp3.mockwebserver.MockWebServer$4 processOneRequest
INFO: MockWebServer[60789] received request: GET /uri/Z%C3%BCrich HTTP/1.1 and responded: HTTP/1.1 200 OK
Mar 06, 2023 3:31:04 AM okhttp3.mockwebserver.MockWebServer$4 processOneRequest
INFO: MockWebServer[60789] received request: GET /uri/query=foo@bar HTTP/1.1 and responded: HTTP/1.1 200 OK
Mar 06, 2023 3:31:04 AM okhttp3.mockwebserver.MockWebServer$4 processOneRequest
INFO: MockWebServer[60789] received request: GET /uri/query=T%C5%8Dky%C5%8D HTTP/1.1 and responded: HTTP/1.1 200 OK
Mar 06, 2023 3:31:04 AM okhttp3.mockwebserver.MockWebServer$3 acceptConnections
INFO: MockWebServer[60789] done accepting connections: socket closed
Mar 06, 2023 3:31:04 AM okhttp3.mockwebserver.MockWebServer$3 execute
INFO: MockWebServer[60793] starting to accept connections
Mar 06, 2023 3:31:04 AM okhttp3.mockwebserver.MockWebServer$4 processOneRequest
INFO: MockWebServer[60793] received request: GET /uri/Z%C3%BCrich HTTP/1.1 and responded: HTTP/1.1 200 OK
Mar 06, 2023 3:31:04 AM okhttp3.mockwebserver.MockWebServer$4 processOneRequest
INFO: MockWebServer[60793] received request: GET /uri/query=foo@bar HTTP/1.1 and responded: HTTP/1.1 200 OK
Mar 06, 2023 3:31:04 AM okhttp3.mockwebserver.MockWebServer$4 processOneRequest
INFO: MockWebServer[60793] received request: GET /uri/query=T%C5%8Dky%C5%8D HTTP/1.1 and responded: HTTP/1.1 200 OK
Mar 06, 2023 3:31:04 AM okhttp3.mockwebserver.MockWebServer$3 acceptConnections
INFO: MockWebServer[60793] done accepting connections: socket closed
Mar 06, 2023 3:31:04 AM okhttp3.mockwebserver.MockWebServer$3 execute
INFO: MockWebServer[60812] starting to accept connections
Mar 06, 2023 3:31:04 AM okhttp3.mockwebserver.MockWebServer$4 processOneRequest
INFO: MockWebServer[60812] received request: POST /form HTTP/1.1 and responded: HTTP/1.1 200 OK
Mar 06, 2023 3:31:04 AM okhttp3.mockwebserver.MockWebServer$3 acceptConnections
INFO: MockWebServer[60812] done accepting connections: socket closed
Mar 06, 2023 3:31:04 AM okhttp3.mockwebserver.MockWebServer$3 execute
INFO: MockWebServer[60814] starting to accept connections
Mar 06, 2023 3:31:04 AM okhttp3.mockwebserver.MockWebServer$4 processOneRequest
INFO: MockWebServer[60814] received request: POST /form HTTP/1.1 and responded: HTTP/1.1 200 OK
Mar 06, 2023 3:31:04 AM okhttp3.mockwebserver.MockWebServer$3 acceptConnections
INFO: MockWebServer[60814] done accepting connections: socket closed
Mar 06, 2023 3:31:04 AM okhttp3.mockwebserver.MockWebServer$3 execute
INFO: MockWebServer[60816] starting to accept connections
Mar 06, 2023 3:31:04 AM okhttp3.mockwebserver.MockWebServer$4 processOneRequest
INFO: MockWebServer[60816] received request: POST /form HTTP/1.1 and responded: HTTP/1.1 200 OK
Mar 06, 2023 3:31:04 AM okhttp3.mockwebserver.MockWebServer$3 acceptConnections
INFO: MockWebServer[60816] done accepting connections: socket closed
Mar 06, 2023 3:31:04 AM okhttp3.mockwebserver.MockWebServer$3 execute
INFO: MockWebServer[60818] starting to accept connections
Mar 06, 2023 3:31:04 AM okhttp3.mockwebserver.MockWebServer$4 processOneRequest
INFO: MockWebServer[60818] received request: POST /form HTTP/1.1 and responded: HTTP/1.1 200 OK
Mar 06, 2023 3:31:04 AM okhttp3.mockwebserver.MockWebServer$3 acceptConnections
INFO: MockWebServer[60818] done accepting connections: socket closed
Mar 06, 2023 3:31:04 AM okhttp3.mockwebserver.MockWebServer$3 execute
INFO: MockWebServer[60837] starting to accept connections
Mar 06, 2023 3:31:04 AM okhttp3.mockwebserver.MockWebServer$4 processOneRequest
INFO: MockWebServer[60837] received request: POST /multipartRelated HTTP/1.1 and responded: HTTP/1.1 200 OK
Mar 06, 2023 3:31:04 AM okhttp3.mockwebserver.MockWebServer$3 acceptConnections
INFO: MockWebServer[60837] done accepting connections: socket closed
Mar 06, 2023 3:31:04 AM okhttp3.mockwebserver.MockWebServer$3 execute
INFO: MockWebServer[60839] starting to accept connections
Mar 06, 2023 3:31:04 AM okhttp3.mockwebserver.MockWebServer$4 processOneRequest
INFO: MockWebServer[60839] received request: POST /multipartRelated HTTP/1.1 and responded: HTTP/1.1 200 OK
Mar 06, 2023 3:31:04 AM okhttp3.mockwebserver.MockWebServer$3 acceptConnections
INFO: MockWebServer[60839] done accepting connections: socket closed
Mar 06, 2023 3:31:04 AM okhttp3.mockwebserver.MockWebServer$3 execute
INFO: MockWebServer[60841] starting to accept connections
Mar 06, 2023 3:31:04 AM okhttp3.mockwebserver.MockWebServer$4 processOneRequest
INFO: MockWebServer[60841] received request: POST /multipartRelated HTTP/1.1 and responded: HTTP/1.1 200 OK
Mar 06, 2023 3:31:04 AM okhttp3.mockwebserver.MockWebServer$3 acceptConnections
INFO: MockWebServer[60841] done accepting connections: socket closed
Mar 06, 2023 3:31:04 AM okhttp3.mockwebserver.MockWebServer$3 execute
INFO: MockWebServer[60844] starting to accept connections
Mar 06, 2023 3:31:04 AM okhttp3.mockwebserver.MockWebServer$4 processOneRequest
INFO: MockWebServer[60844] received request: POST /multipartRelated HTTP/1.1 and responded: HTTP/1.1 200 OK
Mar 06, 2023 3:31:04 AM okhttp3.mockwebserver.MockWebServer$3 acceptConnections
INFO: MockWebServer[60844] done accepting connections: socket closed
Mar 06, 2023 3:31:04 AM okhttp3.mockwebserver.MockWebServer$3 execute
INFO: MockWebServer[60862] starting to accept connections
Mar 06, 2023 3:31:04 AM okhttp3.mockwebserver.MockWebServer$4 processOneRequest
INFO: MockWebServer[60862] received request: GET /get HTTP/1.1 and responded: HTTP/1.1 200 OK
Mar 06, 2023 3:31:04 AM okhttp3.mockwebserver.MockWebServer$3 acceptConnections
INFO: MockWebServer[60862] done accepting connections: socket closed
Mar 06, 2023 3:31:04 AM okhttp3.mockwebserver.MockWebServer$3 execute
INFO: MockWebServer[60865] starting to accept connections
Mar 06, 2023 3:31:04 AM okhttp3.mockwebserver.MockWebServer$4 processOneRequest
INFO: MockWebServer[60865] received request: GET /get HTTP/1.1 and responded: HTTP/1.1 200 OK
Mar 06, 2023 3:31:04 AM okhttp3.mockwebserver.MockWebServer$3 acceptConnections
INFO: MockWebServer[60865] done accepting connections: socket closed
Mar 06, 2023 3:31:04 AM okhttp3.mockwebserver.MockWebServer$3 execute
INFO: MockWebServer[60867] starting to accept connections
Mar 06, 2023 3:31:04 AM okhttp3.mockwebserver.MockWebServer$4 processOneRequest
INFO: MockWebServer[60867] received request: GET /get HTTP/1.1 and responded: HTTP/1.1 200 OK
Mar 06, 2023 3:31:04 AM okhttp3.mockwebserver.MockWebServer$3 acceptConnections
INFO: MockWebServer[60867] done accepting connections: socket closed
Mar 06, 2023 3:31:04 AM okhttp3.mockwebserver.MockWebServer$3 execute
INFO: MockWebServer[60869] starting to accept connections
Mar 06, 2023 3:31:04 AM okhttp3.mockwebserver.MockWebServer$4 processOneRequest
INFO: MockWebServer[60869] received request: GET /get HTTP/1.1 and responded: HTTP/1.1 200 OK
Mar 06, 2023 3:31:04 AM okhttp3.mockwebserver.MockWebServer$3 acceptConnections
INFO: MockWebServer[60869] done accepting connections: socket closed
Mar 06, 2023 3:31:04 AM okhttp3.mockwebserver.MockWebServer$3 execute
INFO: MockWebServer[60888] starting to accept connections
Mar 06, 2023 3:31:04 AM okhttp3.mockwebserver.MockWebServer$4 processOneRequest
INFO: MockWebServer[60888] received request: GET /get/nothing HTTP/1.1 and responded: HTTP/1.1 200 OK
Mar 06, 2023 3:31:04 AM okhttp3.mockwebserver.MockWebServer$3 acceptConnections
INFO: MockWebServer[60888] done accepting connections: socket closed
Mar 06, 2023 3:31:04 AM okhttp3.mockwebserver.MockWebServer$3 execute
INFO: MockWebServer[60890] starting to accept connections
Mar 06, 2023 3:31:04 AM okhttp3.mockwebserver.MockWebServer$4 processOneRequest
INFO: MockWebServer[60890] received request: GET /get/nothing HTTP/1.1 and responded: HTTP/1.1 200 OK
Mar 06, 2023 3:31:04 AM okhttp3.mockwebserver.MockWebServer$3 acceptConnections
INFO: MockWebServer[60890] done accepting connections: socket closed
Mar 06, 2023 3:31:04 AM okhttp3.mockwebserver.MockWebServer$3 execute
INFO: MockWebServer[60892] starting to accept connections
Mar 06, 2023 3:31:04 AM okhttp3.mockwebserver.MockWebServer$4 processOneRequest
INFO: MockWebServer[60892] received request: GET /get/nothing HTTP/1.1 and responded: HTTP/1.1 200 OK
Mar 06, 2023 3:31:04 AM okhttp3.mockwebserver.MockWebServer$3 acceptConnections
INFO: MockWebServer[60892] done accepting connections: socket closed
Mar 06, 2023 3:31:04 AM okhttp3.mockwebserver.MockWebServer$3 execute
INFO: MockWebServer[60894] starting to accept connections
Mar 06, 2023 3:31:04 AM okhttp3.mockwebserver.MockWebServer$4 processOneRequest
INFO: MockWebServer[60894] received request: GET /get/nothing HTTP/1.1 and responded: HTTP/1.1 200 OK
Mar 06, 2023 3:31:04 AM okhttp3.mockwebserver.MockWebServer$3 acceptConnections
INFO: MockWebServer[60894] done accepting connections: socket closed
Mar 06, 2023 3:31:04 AM okhttp3.mockwebserver.MockWebServer$3 execute
INFO: MockWebServer[60913] starting to accept connections
Mar 06, 2023 3:31:04 AM okhttp3.mockwebserver.MockWebServer$3 acceptConnections
INFO: MockWebServer[60913] done accepting connections: socket closed
Mar 06, 2023 3:31:04 AM okhttp3.mockwebserver.MockWebServer$3 execute
INFO: MockWebServer[60914] starting to accept connections
Mar 06, 2023 3:31:04 AM okhttp3.mockwebserver.MockWebServer$4 processOneRequest
INFO: MockWebServer[60914] received request: PATCH /patch HTTP/1.1 and responded: HTTP/1.1 201 OK
Mar 06, 2023 3:31:04 AM okhttp3.mockwebserver.MockWebServer$3 acceptConnections
INFO: MockWebServer[60914] done accepting connections: socket closed
Mar 06, 2023 3:31:04 AM okhttp3.mockwebserver.MockWebServer$3 execute
INFO: MockWebServer[60916] starting to accept connections
Mar 06, 2023 3:31:04 AM okhttp3.mockwebserver.MockWebServer$4 processOneRequest
INFO: MockWebServer[60916] received request: PATCH /patch HTTP/1.1 and responded: HTTP/1.1 201 OK
Mar 06, 2023 3:31:04 AM okhttp3.mockwebserver.MockWebServer$3 acceptConnections
INFO: MockWebServer[60916] done accepting connections: socket closed
Mar 06, 2023 3:31:04 AM okhttp3.mockwebserver.MockWebServer$3 execute
INFO: MockWebServer[60918] starting to accept connections
Mar 06, 2023 3:31:04 AM okhttp3.mockwebserver.MockWebServer$4 processOneRequest
INFO: MockWebServer[60918] received request: PATCH /patch HTTP/1.1 and responded: HTTP/1.1 201 OK
Mar 06, 2023 3:31:04 AM okhttp3.mockwebserver.MockWebServer$3 acceptConnections
INFO: MockWebServer[60918] done accepting connections: socket closed
Mar 06, 2023 3:31:04 AM okhttp3.mockwebserver.MockWebServer$3 execute
INFO: MockWebServer[60936] starting to accept connections
Mar 06, 2023 3:31:04 AM okhttp3.mockwebserver.MockWebServer$4 processOneRequest
INFO: MockWebServer[60936] received request: GET /get HTTP/1.1 and responded: HTTP/1.1 200 OK
Mar 06, 2023 3:31:04 AM okhttp3.mockwebserver.MockWebServer$3 acceptConnections
INFO: MockWebServer[60936] done accepting connections: socket closed
Mar 06, 2023 3:31:04 AM okhttp3.mockwebserver.MockWebServer$3 execute
INFO: MockWebServer[60938] starting to accept connections
Mar 06, 2023 3:31:04 AM okhttp3.mockwebserver.MockWebServer$4 processOneRequest
INFO: MockWebServer[60938] received request: GET /get HTTP/1.1 and responded: HTTP/1.1 200 OK
Mar 06, 2023 3:31:04 AM okhttp3.mockwebserver.MockWebServer$3 acceptConnections
INFO: MockWebServer[60938] done accepting connections: socket closed
Mar 06, 2023 3:31:04 AM okhttp3.mockwebserver.MockWebServer$3 execute
INFO: MockWebServer[60940] starting to accept connections
Mar 06, 2023 3:31:04 AM okhttp3.mockwebserver.MockWebServer$4 processOneRequest
INFO: MockWebServer[60940] received request: GET /get HTTP/1.1 and responded: HTTP/1.1 200 OK
Mar 06, 2023 3:31:04 AM okhttp3.mockwebserver.MockWebServer$3 acceptConnections
INFO: MockWebServer[60940] done accepting connections: socket closed
Mar 06, 2023 3:31:04 AM okhttp3.mockwebserver.MockWebServer$3 execute
INFO: MockWebServer[60943] starting to accept connections
Mar 06, 2023 3:31:04 AM okhttp3.mockwebserver.MockWebServer$4 processOneRequest
INFO: MockWebServer[60943] received request: GET /get HTTP/1.1 and responded: HTTP/1.1 200 OK
Mar 06, 2023 3:31:04 AM okhttp3.mockwebserver.MockWebServer$3 acceptConnections
INFO: MockWebServer[60943] done accepting connections: socket closed
Mar 06, 2023 3:31:04 AM okhttp3.mockwebserver.MockWebServer$3 execute
INFO: MockWebServer[60961] starting to accept connections
Mar 06, 2023 3:31:04 AM okhttp3.mockwebserver.MockWebServer$3 acceptConnections
INFO: MockWebServer[60961] done accepting connections: socket closed
Mar 06, 2023 3:31:04 AM okhttp3.mockwebserver.MockWebServer$4 processOneRequest
INFO: MockWebServer[60961] received request: OPTIONS /get HTTP/1.1 and responded: HTTP/1.1 200 OK
Mar 06, 2023 3:31:04 AM okhttp3.mockwebserver.MockWebServer$3 execute
INFO: MockWebServer[60963] starting to accept connections
Mar 06, 2023 3:31:05 AM okhttp3.mockwebserver.MockWebServer$4 processOneRequest
INFO: MockWebServer[60963] received request: OPTIONS /get HTTP/1.1 and responded: HTTP/1.1 200 OK
Mar 06, 2023 3:31:05 AM okhttp3.mockwebserver.MockWebServer$3 acceptConnections
INFO: MockWebServer[60963] done accepting connections: socket closed
Mar 06, 2023 3:31:05 AM okhttp3.mockwebserver.MockWebServer$3 execute
INFO: MockWebServer[60965] starting to accept connections
Mar 06, 2023 3:31:05 AM okhttp3.mockwebserver.MockWebServer$4 processOneRequest
INFO: MockWebServer[60965] received request: OPTIONS /get HTTP/1.1 and responded: HTTP/1.1 200 OK
Mar 06, 2023 3:31:05 AM okhttp3.mockwebserver.MockWebServer$3 acceptConnections
INFO: MockWebServer[60965] done accepting connections: socket closed
Mar 06, 2023 3:31:05 AM okhttp3.mockwebserver.MockWebServer$3 execute
INFO: MockWebServer[60967] starting to accept connections
Mar 06, 2023 3:31:05 AM okhttp3.mockwebserver.MockWebServer$4 processOneRequest
INFO: MockWebServer[60967] received request: OPTIONS /get HTTP/1.1 and responded: HTTP/1.1 200 OK
Mar 06, 2023 3:31:05 AM okhttp3.mockwebserver.MockWebServer$3 acceptConnections
INFO: MockWebServer[60967] done accepting connections: socket closed
Mar 06, 2023 3:31:05 AM okhttp3.mockwebserver.MockWebServer$3 execute
INFO: MockWebServer[60986] starting to accept connections
Mar 06, 2023 3:31:05 AM okhttp3.mockwebserver.MockWebServer$4 processOneRequest
INFO: MockWebServer[60986] received request: POST /post HTTP/1.1 and responded: HTTP/1.1 201 OK
Mar 06, 2023 3:31:05 AM okhttp3.mockwebserver.MockWebServer$3 acceptConnections
INFO: MockWebServer[60986] done accepting connections: socket closed
Mar 06, 2023 3:31:05 AM okhttp3.mockwebserver.MockWebServer$3 execute
INFO: MockWebServer[60988] starting to accept connections
Mar 06, 2023 3:31:05 AM okhttp3.mockwebserver.MockWebServer$4 processOneRequest
INFO: MockWebServer[60988] received request: POST /post HTTP/1.1 and responded: HTTP/1.1 201 OK
Mar 06, 2023 3:31:05 AM okhttp3.mockwebserver.MockWebServer$3 acceptConnections
INFO: MockWebServer[60988] done accepting connections: socket closed
Mar 06, 2023 3:31:05 AM okhttp3.mockwebserver.MockWebServer$3 execute
INFO: MockWebServer[60990] starting to accept connections
Mar 06, 2023 3:31:05 AM okhttp3.mockwebserver.MockWebServer$4 processOneRequest
INFO: MockWebServer[60990] received request: POST /post HTTP/1.1 and responded: HTTP/1.1 201 OK
Mar 06, 2023 3:31:05 AM okhttp3.mockwebserver.MockWebServer$3 acceptConnections
INFO: MockWebServer[60990] done accepting connections: socket closed
Mar 06, 2023 3:31:05 AM okhttp3.mockwebserver.MockWebServer$3 execute
INFO: MockWebServer[60992] starting to accept connections
Mar 06, 2023 3:31:05 AM okhttp3.mockwebserver.MockWebServer$4 processOneRequest
INFO: MockWebServer[60992] received request: POST /post HTTP/1.1 and responded: HTTP/1.1 201 OK
Mar 06, 2023 3:31:05 AM okhttp3.mockwebserver.MockWebServer$3 acceptConnections
INFO: MockWebServer[60992] done accepting connections: socket closed
Mar 06, 2023 3:31:05 AM okhttp3.mockwebserver.MockWebServer$3 execute
INFO: MockWebServer[61011] starting to accept connections
Mar 06, 2023 3:31:05 AM okhttp3.mockwebserver.MockWebServer$4 processOneRequest
INFO: MockWebServer[61011] received request: GET /status/nocontent HTTP/1.1 and responded: HTTP/1.1 204 OK
Mar 06, 2023 3:31:05 AM okhttp3.mockwebserver.MockWebServer$4 processOneRequest
INFO: MockWebServer[61011] received request: GET /status/nocontent HTTP/1.1 and responded: HTTP/1.1 204 OK
Mar 06, 2023 3:31:05 AM okhttp3.mockwebserver.MockWebServer$3 acceptConnections
INFO: MockWebServer[61011] done accepting connections: socket closed
Mar 06, 2023 3:31:05 AM okhttp3.mockwebserver.MockWebServer$3 execute
INFO: MockWebServer[61013] starting to accept connections
Mar 06, 2023 3:31:05 AM okhttp3.mockwebserver.MockWebServer$4 processOneRequest
INFO: MockWebServer[61013] received request: GET /status/nocontent HTTP/1.1 and responded: HTTP/1.1 204 OK
Mar 06, 2023 3:31:05 AM okhttp3.mockwebserver.MockWebServer$3 acceptConnections
INFO: MockWebServer[61013] done accepting connections: socket closed
Mar 06, 2023 3:31:05 AM okhttp3.mockwebserver.MockWebServer$4 processOneRequest
INFO: MockWebServer[61013] received request: GET /status/nocontent HTTP/1.1 and responded: HTTP/1.1 204 OK
Mar 06, 2023 3:31:05 AM okhttp3.mockwebserver.MockWebServer$3 execute
INFO: MockWebServer[61015] starting to accept connections
Mar 06, 2023 3:31:05 AM okhttp3.mockwebserver.MockWebServer$4 processOneRequest
INFO: MockWebServer[61015] received request: GET /status/nocontent HTTP/1.1 and responded: HTTP/1.1 204 OK
Mar 06, 2023 3:31:05 AM okhttp3.mockwebserver.MockWebServer$4 processOneRequest
INFO: MockWebServer[61015] received request: GET /status/nocontent HTTP/1.1 and responded: HTTP/1.1 204 OK
Mar 06, 2023 3:31:05 AM okhttp3.mockwebserver.MockWebServer$3 acceptConnections
INFO: MockWebServer[61015] done accepting connections: socket closed
Mar 06, 2023 3:31:05 AM okhttp3.mockwebserver.MockWebServer$3 execute
INFO: MockWebServer[61018] starting to accept connections
Mar 06, 2023 3:31:05 AM okhttp3.mockwebserver.MockWebServer$4 processOneRequest
INFO: MockWebServer[61018] received request: GET /status/nocontent HTTP/1.1 and responded: HTTP/1.1 204 OK
Mar 06, 2023 3:31:05 AM okhttp3.mockwebserver.MockWebServer$4 processOneRequest
INFO: MockWebServer[61018] received request: GET /status/nocontent HTTP/1.1 and responded: HTTP/1.1 204 OK
Mar 06, 2023 3:31:05 AM okhttp3.mockwebserver.MockWebServer$3 acceptConnections
INFO: MockWebServer[61018] done accepting connections: socket closed
Mar 06, 2023 3:31:05 AM okhttp3.mockwebserver.MockWebServer$3 execute
INFO: MockWebServer[61037] starting to accept connections
Mar 06, 2023 3:31:05 AM okhttp3.mockwebserver.MockWebServer$3 acceptConnections
INFO: MockWebServer[61037] done accepting connections: socket closed
Mar 06, 2023 3:31:05 AM okhttp3.mockwebserver.MockWebServer$4 processOneRequest
INFO: MockWebServer[61037] received request: GET /status/notfound HTTP/1.1 and responded: HTTP/1.1 404 Client Error
Mar 06, 2023 3:31:05 AM okhttp3.mockwebserver.MockWebServer$3 execute
INFO: MockWebServer[61039] starting to accept connections
Mar 06, 2023 3:31:05 AM okhttp3.mockwebserver.MockWebServer$3 acceptConnections
INFO: MockWebServer[61039] done accepting connections: socket closed
Mar 06, 2023 3:31:05 AM okhttp3.mockwebserver.MockWebServer$4 processOneRequest
INFO: MockWebServer[61039] received request: GET /status/notfound HTTP/1.1 and responded: HTTP/1.1 404 Client Error
Mar 06, 2023 3:31:05 AM okhttp3.mockwebserver.MockWebServer$3 execute
INFO: MockWebServer[61041] starting to accept connections
Mar 06, 2023 3:31:05 AM okhttp3.mockwebserver.MockWebServer$4 processOneRequest
INFO: MockWebServer[61041] received request: GET /status/notfound HTTP/1.1 and responded: HTTP/1.1 404 Client Error
Mar 06, 2023 3:31:05 AM okhttp3.mockwebserver.MockWebServer$3 acceptConnections
INFO: MockWebServer[61041] done accepting connections: socket closed
Mar 06, 2023 3:31:05 AM okhttp3.mockwebserver.MockWebServer$3 execute
INFO: MockWebServer[61043] starting to accept connections
Mar 06, 2023 3:31:05 AM okhttp3.mockwebserver.MockWebServer$4 processOneRequest
INFO: MockWebServer[61043] received request: GET /status/notfound HTTP/1.1 and responded: HTTP/1.1 404 Client Error
Mar 06, 2023 3:31:05 AM okhttp3.mockwebserver.MockWebServer$3 acceptConnections
INFO: MockWebServer[61043] done accepting connections: socket closed
Mar 06, 2023 3:31:05 AM okhttp3.mockwebserver.MockWebServer$3 execute
INFO: MockWebServer[61063] starting to accept connections
Mar 06, 2023 3:31:05 AM okhttp3.mockwebserver.MockWebServer$3 acceptConnections
INFO: MockWebServer[61063] done accepting connections: socket closed
Mar 06, 2023 3:31:05 AM okhttp3.mockwebserver.MockWebServer$4 processOneRequest
INFO: MockWebServer[61063] received request: POST /multipartFormData HTTP/1.1 and responded: HTTP/1.1 200 OK
Mar 06, 2023 3:31:05 AM okhttp3.mockwebserver.MockWebServer$3 execute
INFO: MockWebServer[61065] starting to accept connections
Mar 06, 2023 3:31:05 AM okhttp3.mockwebserver.MockWebServer$4 processOneRequest
INFO: MockWebServer[61065] received request: POST /multipartFormData HTTP/1.1 and responded: HTTP/1.1 200 OK
Mar 06, 2023 3:31:05 AM okhttp3.mockwebserver.MockWebServer$3 acceptConnections
INFO: MockWebServer[61065] done accepting connections: socket closed
Mar 06, 2023 3:31:05 AM okhttp3.mockwebserver.MockWebServer$3 execute
INFO: MockWebServer[61067] starting to accept connections
Mar 06, 2023 3:31:05 AM okhttp3.mockwebserver.MockWebServer$4 processOneRequest
INFO: MockWebServer[61067] received request: POST /multipartFormData HTTP/1.1 and responded: HTTP/1.1 200 OK
Mar 06, 2023 3:31:05 AM okhttp3.mockwebserver.MockWebServer$3 acceptConnections
INFO: MockWebServer[61067] done accepting connections: socket closed
Mar 06, 2023 3:31:05 AM okhttp3.mockwebserver.MockWebServer$3 execute
INFO: MockWebServer[61069] starting to accept connections
Mar 06, 2023 3:31:05 AM okhttp3.mockwebserver.MockWebServer$4 processOneRequest
INFO: MockWebServer[61069] received request: POST /multipartFormData HTTP/1.1 and responded: HTTP/1.1 200 OK
Mar 06, 2023 3:31:05 AM okhttp3.mockwebserver.MockWebServer$3 acceptConnections
INFO: MockWebServer[61069] done accepting connections: socket closed
Mar 06, 2023 3:31:05 AM okhttp3.mockwebserver.MockWebServer$3 execute
INFO: MockWebServer[61088] starting to accept connections
Mar 06, 2023 3:31:05 AM okhttp3.mockwebserver.MockWebServer$3 acceptConnections
INFO: MockWebServer[61088] done accepting connections: socket closed
Mar 06, 2023 3:31:05 AM okhttp3.mockwebserver.MockWebServer$4 processOneRequest
INFO: MockWebServer[61088] received request: POST /jsonpost HTTP/1.1 and responded: HTTP/1.1 201 OK
Mar 06, 2023 3:31:05 AM okhttp3.mockwebserver.MockWebServer$3 execute
INFO: MockWebServer[61090] starting to accept connections
Mar 06, 2023 3:31:05 AM okhttp3.mockwebserver.MockWebServer$4 processOneRequest
INFO: MockWebServer[61090] received request: POST /jsonpost HTTP/1.1 and responded: HTTP/1.1 201 OK
Mar 06, 2023 3:31:05 AM okhttp3.mockwebserver.MockWebServer$3 acceptConnections
INFO: MockWebServer[61090] done accepting connections: socket closed
Mar 06, 2023 3:31:05 AM okhttp3.mockwebserver.MockWebServer$3 execute
INFO: MockWebServer[61092] starting to accept connections
Mar 06, 2023 3:31:05 AM okhttp3.mockwebserver.MockWebServer$4 processOneRequest
INFO: MockWebServer[61092] received request: POST /jsonpost HTTP/1.1 and responded: HTTP/1.1 201 OK
Mar 06, 2023 3:31:05 AM okhttp3.mockwebserver.MockWebServer$3 acceptConnections
INFO: MockWebServer[61092] done accepting connections: socket closed
Mar 06, 2023 3:31:05 AM okhttp3.mockwebserver.MockWebServer$3 execute
INFO: MockWebServer[61094] starting to accept connections
Mar 06, 2023 3:31:05 AM okhttp3.mockwebserver.MockWebServer$4 processOneRequest
INFO: MockWebServer[61094] received request: POST /jsonpost HTTP/1.1 and responded: HTTP/1.1 201 OK
Mar 06, 2023 3:31:05 AM okhttp3.mockwebserver.MockWebServer$3 acceptConnections
INFO: MockWebServer[61094] done accepting connections: socket closed
]]></system-err>
</testsuite>
