<?xml version="1.0" encoding="UTF-8"?>
<testsuite name="org.springframework.http.codec.multipart.PartHttpMessageWriterTests" tests="2" skipped="0" failures="0" errors="0" timestamp="2023-03-06T08:30:41" hostname="DESKTOP-VGJP1PJ" time="0.025">
  <properties/>
  <testcase name="canWrite()" classname="org.springframework.http.codec.multipart.PartHttpMessageWriterTests" time="0.001"/>
  <testcase name="write()" classname="org.springframework.http.codec.multipart.PartHttpMessageWriterTests" time="0.024"/>
  <system-out><![CDATA[03:30:41.544 [Test worker] DEBUG o.s.w.HttpLogging - Encoding Publisher<Part>
03:30:41.552 [Test worker] DEBUG o.s.w.HttpLogging - Parsed parts [file part, text part] (content masked)
]]></system-out>
  <system-err><![CDATA[]]></system-err>
</testsuite>
