<?xml version="1.0" encoding="UTF-8"?>
<testsuite name="org.springframework.http.server.reactive.MultipartIntegrationTests" tests="4" skipped="0" failures="0" errors="0" timestamp="2023-03-06T08:30:56" hostname="DESKTOP-VGJP1PJ" time="0.321">
  <properties/>
  <testcase name="getFormParts(HttpServer)[1]" classname="org.springframework.http.server.reactive.MultipartIntegrationTests" time="0.036"/>
  <testcase name="getFormParts(HttpServer)[2]" classname="org.springframework.http.server.reactive.MultipartIntegrationTests" time="0.017"/>
  <testcase name="getFormParts(HttpServer)[3]" classname="org.springframework.http.server.reactive.MultipartIntegrationTests" time="0.226"/>
  <testcase name="getFormParts(HttpServer)[4]" classname="org.springframework.http.server.reactive.MultipartIntegrationTests" time="0.041"/>
  <system-out><![CDATA[03:30:56.656 [Test worker] DEBUG o.s.w.t.h.s.r.b.JettyHttpServer - Starting JettyHttpServer...
03:30:56.662 [Test worker] DEBUG o.s.w.t.h.s.r.b.JettyHttpServer - Server started on port 59766(0 millis).
03:30:56.666 [Test worker] DEBUG o.s.w.c.RestTemplate - HTTP POST http://localhost:59766/form-parts
03:30:56.667 [Test worker] DEBUG o.s.w.c.RestTemplate - Accept=[application/xml, text/xml, application/json, application/x-jackson-smile, application/cbor, application/*+xml, application/*+json]
03:30:56.668 [Test worker] DEBUG o.s.w.c.RestTemplate - Writing [{fooPart=[<class path resource [org/springframework/http/codec/multipart/foo.txt],[Content-Type:"text/plain"]>], barPart=[<bar,[]>]}] as "multipart/form-data"
03:30:56.676 [qtp1353407504-660] DEBUG o.s.w.s.a.HttpWebHandlerAdapter - [6ad625c1] HTTP POST "/form-parts"
03:30:56.679 [qtp1353407504-660] DEBUG o.s.w.HttpLogging - [6ad625c1] Parsed parts [barPart, fooPart] (content masked)
03:30:56.680 [qtp1353407504-660] DEBUG o.s.w.s.a.HttpWebHandlerAdapter - [6ad625c1] Completed 200 OK
03:30:56.681 [Test worker] DEBUG o.s.w.c.RestTemplate - Response 200 OK
03:30:56.681 [Test worker] DEBUG o.s.w.t.h.s.r.b.JettyHttpServer - Stopping JettyHttpServer...
03:30:56.683 [Test worker] DEBUG o.s.w.t.h.s.r.b.JettyHttpServer - Server stopped (0 millis).
03:30:56.684 [Test worker] DEBUG o.s.w.t.h.s.r.b.ReactorHttpServer - Starting ReactorHttpServer...
03:30:56.685 [Test worker] DEBUG o.s.w.t.h.s.r.b.ReactorHttpServer - Server started on port 59772(0 millis).
03:30:56.689 [Test worker] DEBUG o.s.w.c.RestTemplate - HTTP POST http://localhost:59772/form-parts
03:30:56.690 [Test worker] DEBUG o.s.w.c.RestTemplate - Accept=[application/xml, text/xml, application/json, application/x-jackson-smile, application/cbor, application/*+xml, application/*+json]
03:30:56.690 [Test worker] DEBUG o.s.w.c.RestTemplate - Writing [{fooPart=[<class path resource [org/springframework/http/codec/multipart/foo.txt],[Content-Type:"text/plain"]>], barPart=[<bar,[]>]}] as "multipart/form-data"
03:30:56.695 [reactor-http-nio-2] DEBUG o.s.w.s.a.HttpWebHandlerAdapter - [01b4430f-7] HTTP POST "/form-parts"
03:30:56.698 [reactor-http-nio-2] DEBUG o.s.w.HttpLogging - [01b4430f-7] Parsed parts [barPart, fooPart] (content masked)
03:30:56.699 [reactor-http-nio-2] DEBUG o.s.w.s.a.HttpWebHandlerAdapter - [01b4430f-7] Completed 200 OK
03:30:56.700 [Test worker] DEBUG o.s.w.c.RestTemplate - Response 200 OK
03:30:56.700 [Test worker] DEBUG o.s.w.t.h.s.r.b.ReactorHttpServer - Stopping ReactorHttpServer...
03:30:56.701 [Test worker] DEBUG o.s.w.t.h.s.r.b.ReactorHttpServer - Server stopped (0 millis).
03:30:56.702 [Test worker] DEBUG o.s.w.t.h.s.r.b.TomcatHttpServer - Starting TomcatHttpServer...
03:30:56.717 [Test worker] DEBUG o.s.w.t.h.s.r.b.TomcatHttpServer - Server started on port 59775(0 millis).
03:30:56.720 [Test worker] DEBUG o.s.w.c.RestTemplate - HTTP POST http://localhost:59775/form-parts
03:30:56.721 [Test worker] DEBUG o.s.w.c.RestTemplate - Accept=[application/xml, text/xml, application/json, application/x-jackson-smile, application/cbor, application/*+xml, application/*+json]
03:30:56.721 [Test worker] DEBUG o.s.w.c.RestTemplate - Writing [{fooPart=[<class path resource [org/springframework/http/codec/multipart/foo.txt],[Content-Type:"text/plain"]>], barPart=[<bar,[]>]}] as "multipart/form-data"
03:30:56.728 [http-nio-auto-7-exec-1] DEBUG o.s.w.s.a.HttpWebHandlerAdapter - [1fb8cef6] HTTP POST "/form-parts"
03:30:56.729 [http-nio-auto-7-exec-1] DEBUG o.s.w.HttpLogging - [1fb8cef6] Parsed parts [barPart, fooPart] (content masked)
03:30:56.730 [http-nio-auto-7-exec-1] DEBUG o.s.w.s.a.HttpWebHandlerAdapter - [1fb8cef6] Completed 200 OK
03:30:56.731 [Test worker] DEBUG o.s.w.c.RestTemplate - Response 200 OK
03:30:56.731 [Test worker] DEBUG o.s.w.t.h.s.r.b.TomcatHttpServer - Stopping TomcatHttpServer...
03:30:56.927 [Test worker] DEBUG o.s.w.t.h.s.r.b.TomcatHttpServer - Server stopped (0 millis).
03:30:56.928 [Test worker] DEBUG o.s.w.t.h.s.r.b.UndertowHttpServer - Starting UndertowHttpServer...
03:30:56.939 [Test worker] DEBUG o.s.w.t.h.s.r.b.UndertowHttpServer - Server started on port 59792(0 millis).
03:30:56.943 [Test worker] DEBUG o.s.w.c.RestTemplate - HTTP POST http://localhost:59792/form-parts
03:30:56.943 [Test worker] DEBUG o.s.w.c.RestTemplate - Accept=[application/xml, text/xml, application/json, application/x-jackson-smile, application/cbor, application/*+xml, application/*+json]
03:30:56.944 [Test worker] DEBUG o.s.w.c.RestTemplate - Writing [{fooPart=[<class path resource [org/springframework/http/codec/multipart/foo.txt],[Content-Type:"text/plain"]>], barPart=[<bar,[]>]}] as "multipart/form-data"
03:30:56.952 [XNIO-7 I/O-2] DEBUG o.s.w.s.a.HttpWebHandlerAdapter - [35df9467] HTTP POST "/form-parts"
03:30:56.953 [XNIO-7 I/O-2] DEBUG o.s.w.HttpLogging - [35df9467] Parsed parts [barPart, fooPart] (content masked)
03:30:56.953 [XNIO-7 I/O-2] DEBUG o.s.w.s.a.HttpWebHandlerAdapter - [35df9467] Completed 200 OK
03:30:56.957 [Test worker] DEBUG o.s.w.c.RestTemplate - Response 200 OK
03:30:56.958 [Test worker] DEBUG o.s.w.t.h.s.r.b.UndertowHttpServer - Stopping UndertowHttpServer...
03:30:56.969 [Test worker] DEBUG o.s.w.t.h.s.r.b.UndertowHttpServer - Server stopped (0 millis).
]]></system-out>
  <system-err><![CDATA[Mar 06, 2023 3:30:56 AM org.apache.catalina.core.StandardService startInternal
INFO: Starting service [Tomcat]
Mar 06, 2023 3:30:56 AM org.apache.catalina.core.StandardEngine startInternal
INFO: Starting Servlet engine: [Apache Tomcat/9.0.36]
Mar 06, 2023 3:30:56 AM org.apache.coyote.AbstractProtocol init
INFO: Initializing ProtocolHandler ["http-nio-auto-7"]
Mar 06, 2023 3:30:56 AM org.apache.coyote.AbstractProtocol start
INFO: Starting ProtocolHandler ["http-nio-auto-7-59775"]
Mar 06, 2023 3:30:56 AM org.apache.coyote.AbstractProtocol pause
INFO: Pausing ProtocolHandler ["http-nio-auto-7-59775"]
Mar 06, 2023 3:30:56 AM org.apache.catalina.core.StandardService stopInternal
INFO: Stopping service [Tomcat]
Mar 06, 2023 3:30:56 AM org.apache.catalina.loader.WebappClassLoaderBase clearReferencesThreads
WARNING: The web application [ROOT] appears to have started a thread named [boundedElastic-evictor-48] but has failed to stop it. This is very likely to create a memory leak. Stack trace of thread:
 sun.misc.Unsafe.park(Native Method)
 java.util.concurrent.locks.LockSupport.parkNanos(LockSupport.java:215)
 java.util.concurrent.locks.AbstractQueuedSynchronizer$ConditionObject.awaitNanos(AbstractQueuedSynchronizer.java:2078)
 java.util.concurrent.ScheduledThreadPoolExecutor$DelayedWorkQueue.take(ScheduledThreadPoolExecutor.java:1093)
 java.util.concurrent.ScheduledThreadPoolExecutor$DelayedWorkQueue.take(ScheduledThreadPoolExecutor.java:809)
 java.util.concurrent.ThreadPoolExecutor.getTask(ThreadPoolExecutor.java:1074)
 java.util.concurrent.ThreadPoolExecutor.runWorker(ThreadPoolExecutor.java:1134)
 java.util.concurrent.ThreadPoolExecutor$Worker.run(ThreadPoolExecutor.java:624)
 java.lang.Thread.run(Thread.java:748)
Mar 06, 2023 3:30:56 AM org.apache.coyote.AbstractProtocol stop
INFO: Stopping ProtocolHandler ["http-nio-auto-7-59775"]
Mar 06, 2023 3:30:56 AM org.apache.coyote.AbstractProtocol destroy
INFO: Destroying ProtocolHandler ["http-nio-auto-7-59775"]
]]></system-err>
</testsuite>
