<?xml version="1.0" encoding="UTF-8"?>
<testsuite name="org.springframework.http.server.reactive.EchoHandlerIntegrationTests" tests="4" skipped="0" failures="0" errors="0" timestamp="2023-03-06T08:30:55" hostname="DESKTOP-VGJP1PJ" time="0.353">
  <properties/>
  <testcase name="echo(HttpServer)[1]" classname="org.springframework.http.server.reactive.EchoHandlerIntegrationTests" time="0.017"/>
  <testcase name="echo(HttpServer)[2]" classname="org.springframework.http.server.reactive.EchoHandlerIntegrationTests" time="0.014"/>
  <testcase name="echo(HttpServer)[3]" classname="org.springframework.http.server.reactive.EchoHandlerIntegrationTests" time="0.282"/>
  <testcase name="echo(HttpServer)[4]" classname="org.springframework.http.server.reactive.EchoHandlerIntegrationTests" time="0.039"/>
  <system-out><![CDATA[03:30:55.327 [Test worker] DEBUG o.s.w.t.h.s.r.b.JettyHttpServer - Starting JettyHttpServer...
03:30:55.332 [Test worker] DEBUG o.s.w.t.h.s.r.b.JettyHttpServer - Server started on port 59653(0 millis).
03:30:55.335 [Test worker] DEBUG o.s.w.c.RestTemplate - HTTP POST http://localhost:59653
03:30:55.335 [Test worker] DEBUG o.s.w.c.RestTemplate - Accept=[application/octet-stream, application/xml, text/xml, application/json, application/x-jackson-smile, application/cbor, application/*+xml, application/*+json, */*]
03:30:55.335 [Test worker] DEBUG o.s.w.c.RestTemplate - Writing [[B@625241c4] with org.springframework.http.converter.ByteArrayHttpMessageConverter
03:30:55.339 [Test worker] DEBUG o.s.w.c.RestTemplate - Response 200 OK
03:30:55.339 [Test worker] DEBUG o.s.w.c.RestTemplate - Reading to [[B] as "application/octet-stream"
03:30:55.340 [Test worker] DEBUG o.s.w.t.h.s.r.b.JettyHttpServer - Stopping JettyHttpServer...
03:30:55.342 [Test worker] DEBUG o.s.w.t.h.s.r.b.JettyHttpServer - Server stopped (0 millis).
03:30:55.343 [Test worker] DEBUG o.s.w.t.h.s.r.b.ReactorHttpServer - Starting ReactorHttpServer...
03:30:55.345 [Test worker] DEBUG o.s.w.t.h.s.r.b.ReactorHttpServer - Server started on port 59659(0 millis).
03:30:55.347 [Test worker] DEBUG o.s.w.c.RestTemplate - HTTP POST http://localhost:59659
03:30:55.348 [Test worker] DEBUG o.s.w.c.RestTemplate - Accept=[application/octet-stream, application/xml, text/xml, application/json, application/x-jackson-smile, application/cbor, application/*+xml, application/*+json, */*]
03:30:55.348 [Test worker] DEBUG o.s.w.c.RestTemplate - Writing [[B@36a4271b] with org.springframework.http.converter.ByteArrayHttpMessageConverter
03:30:55.353 [Test worker] DEBUG o.s.w.c.RestTemplate - Response 200 OK
03:30:55.354 [Test worker] DEBUG o.s.w.c.RestTemplate - Reading to [[B] as "application/octet-stream"
03:30:55.355 [Test worker] DEBUG o.s.w.t.h.s.r.b.ReactorHttpServer - Stopping ReactorHttpServer...
03:30:55.356 [Test worker] DEBUG o.s.w.t.h.s.r.b.ReactorHttpServer - Server stopped (0 millis).
03:30:55.357 [Test worker] DEBUG o.s.w.t.h.s.r.b.TomcatHttpServer - Starting TomcatHttpServer...
03:30:55.391 [Test worker] DEBUG o.s.w.t.h.s.r.b.TomcatHttpServer - Server started on port 59661(0 millis).
03:30:55.408 [Test worker] DEBUG o.s.w.c.RestTemplate - HTTP POST http://localhost:59661
03:30:55.409 [Test worker] DEBUG o.s.w.c.RestTemplate - Accept=[application/octet-stream, application/xml, text/xml, application/json, application/x-jackson-smile, application/cbor, application/*+xml, application/*+json, */*]
03:30:55.409 [Test worker] DEBUG o.s.w.c.RestTemplate - Writing [[B@4f86cf1f] with org.springframework.http.converter.ByteArrayHttpMessageConverter
03:30:55.416 [Test worker] DEBUG o.s.w.c.RestTemplate - Response 200 OK
03:30:55.416 [Test worker] DEBUG o.s.w.c.RestTemplate - Reading to [[B] as "application/octet-stream"
03:30:55.418 [Test worker] DEBUG o.s.w.t.h.s.r.b.TomcatHttpServer - Stopping TomcatHttpServer...
03:30:55.639 [Test worker] DEBUG o.s.w.t.h.s.r.b.TomcatHttpServer - Server stopped (0 millis).
03:30:55.640 [Test worker] DEBUG o.s.w.t.h.s.r.b.UndertowHttpServer - Starting UndertowHttpServer...
03:30:55.653 [Test worker] DEBUG o.s.w.t.h.s.r.b.UndertowHttpServer - Server started on port 59679(0 millis).
03:30:55.659 [Test worker] DEBUG o.s.w.c.RestTemplate - HTTP POST http://localhost:59679
03:30:55.660 [Test worker] DEBUG o.s.w.c.RestTemplate - Accept=[application/octet-stream, application/xml, text/xml, application/json, application/x-jackson-smile, application/cbor, application/*+xml, application/*+json, */*]
03:30:55.662 [Test worker] DEBUG o.s.w.c.RestTemplate - Writing [[B@f6b425c] with org.springframework.http.converter.ByteArrayHttpMessageConverter
03:30:55.673 [Test worker] DEBUG o.s.w.c.RestTemplate - Response 200 OK
03:30:55.674 [Test worker] DEBUG o.s.w.c.RestTemplate - Reading to [[B] as "application/octet-stream"
03:30:55.674 [Test worker] DEBUG o.s.w.t.h.s.r.b.UndertowHttpServer - Stopping UndertowHttpServer...
03:30:55.679 [Test worker] DEBUG o.s.w.t.h.s.r.b.UndertowHttpServer - Server stopped (0 millis).
]]></system-out>
  <system-err><![CDATA[Mar 06, 2023 3:30:55 AM org.apache.catalina.core.StandardService startInternal
INFO: Starting service [Tomcat]
Mar 06, 2023 3:30:55 AM org.apache.catalina.core.StandardEngine startInternal
INFO: Starting Servlet engine: [Apache Tomcat/9.0.36]
Mar 06, 2023 3:30:55 AM org.apache.coyote.AbstractProtocol init
INFO: Initializing ProtocolHandler ["http-nio-auto-3"]
Mar 06, 2023 3:30:55 AM org.apache.coyote.AbstractProtocol start
INFO: Starting ProtocolHandler ["http-nio-auto-3-59661"]
Mar 06, 2023 3:30:55 AM org.apache.coyote.AbstractProtocol pause
INFO: Pausing ProtocolHandler ["http-nio-auto-3-59661"]
Mar 06, 2023 3:30:55 AM org.apache.catalina.core.StandardService stopInternal
INFO: Stopping service [Tomcat]
Mar 06, 2023 3:30:55 AM org.apache.coyote.AbstractProtocol stop
INFO: Stopping ProtocolHandler ["http-nio-auto-3-59661"]
Mar 06, 2023 3:30:55 AM org.apache.coyote.AbstractProtocol destroy
INFO: Destroying ProtocolHandler ["http-nio-auto-3-59661"]
]]></system-err>
</testsuite>
