<?xml version="1.0" encoding="UTF-8"?>
<testsuite name="org.springframework.http.converter.xml.Jaxb2RootElementHttpMessageConverterTests" tests="12" skipped="0" failures="0" errors="0" timestamp="2023-03-06T08:30:49" hostname="DESKTOP-VGJP1PJ" time="0.207">
  <properties/>
  <testcase name="customizeMarshaller()" classname="org.springframework.http.converter.xml.Jaxb2RootElementHttpMessageConverterTests" time="0.116"/>
  <testcase name="readXmlRootElementExternalEntityDisabled()" classname="org.springframework.http.converter.xml.Jaxb2RootElementHttpMessageConverterTests" time="0.015"/>
  <testcase name="readXmlRootElementExternalEntityEnabled()" classname="org.springframework.http.converter.xml.Jaxb2RootElementHttpMessageConverterTests" time="0.006"/>
  <testcase name="canWrite()" classname="org.springframework.http.converter.xml.Jaxb2RootElementHttpMessageConverterTests" time="0.004"/>
  <testcase name="writeXmlRootElementSubclass()" classname="org.springframework.http.converter.xml.Jaxb2RootElementHttpMessageConverterTests" time="0.022"/>
  <testcase name="canRead()" classname="org.springframework.http.converter.xml.Jaxb2RootElementHttpMessageConverterTests" time="0.001"/>
  <testcase name="customizeUnmarshaller()" classname="org.springframework.http.converter.xml.Jaxb2RootElementHttpMessageConverterTests" time="0.004"/>
  <testcase name="writeXmlRootElement()" classname="org.springframework.http.converter.xml.Jaxb2RootElementHttpMessageConverterTests" time="0.011"/>
  <testcase name="readXmlRootElement()" classname="org.springframework.http.converter.xml.Jaxb2RootElementHttpMessageConverterTests" time="0.005"/>
  <testcase name="readXmlRootElementSubclass()" classname="org.springframework.http.converter.xml.Jaxb2RootElementHttpMessageConverterTests" time="0.005"/>
  <testcase name="readXmlType()" classname="org.springframework.http.converter.xml.Jaxb2RootElementHttpMessageConverterTests" time="0.004"/>
  <testcase name="testXmlBomb()" classname="org.springframework.http.converter.xml.Jaxb2RootElementHttpMessageConverterTests" time="0.012"/>
  <system-out><![CDATA[]]></system-out>
  <system-err><![CDATA[]]></system-err>
</testsuite>
