<?xml version="1.0" encoding="UTF-8"?>
<testsuite name="org.springframework.http.client.InterceptingClientHttpRequestFactoryTests" tests="6" skipped="0" failures="0" errors="0" timestamp="2023-03-06T08:30:28" hostname="DESKTOP-VGJP1PJ" time="0.018">
  <properties/>
  <testcase name="changeBody()" classname="org.springframework.http.client.InterceptingClientHttpRequestFactoryTests" time="0.005"/>
  <testcase name="changeMethod()" classname="org.springframework.http.client.InterceptingClientHttpRequestFactoryTests" time="0.005"/>
  <testcase name="changeHeaders()" classname="org.springframework.http.client.InterceptingClientHttpRequestFactoryTests" time="0.002"/>
  <testcase name="basic()" classname="org.springframework.http.client.InterceptingClientHttpRequestFactoryTests" time="0.001"/>
  <testcase name="noExecution()" classname="org.springframework.http.client.InterceptingClientHttpRequestFactoryTests" time="0.002"/>
  <testcase name="changeURI()" classname="org.springframework.http.client.InterceptingClientHttpRequestFactoryTests" time="0.003"/>
  <system-out><![CDATA[]]></system-out>
  <system-err><![CDATA[]]></system-err>
</testsuite>
