<?xml version="1.0" encoding="UTF-8"?>
<testsuite name="org.springframework.http.codec.json.Jackson2TokenizerTests" tests="8" skipped="0" failures="0" errors="0" timestamp="2023-03-06T08:30:40" hostname="DESKTOP-VGJP1PJ" time="0.077">
  <properties/>
  <testcase name="jsonEOFExceptionIsWrappedAsDecodingError()" classname="org.springframework.http.codec.json.Jackson2TokenizerTests" time="0.001"/>
  <testcase name="useBigDecimalForFloats(boolean)[1]" classname="org.springframework.http.codec.json.Jackson2TokenizerTests" time="0.002"/>
  <testcase name="useBigDecimalForFloats(boolean)[2]" classname="org.springframework.http.codec.json.Jackson2TokenizerTests" time="0.001"/>
  <testcase name="errorInStream()" classname="org.springframework.http.codec.json.Jackson2TokenizerTests" time="0.001"/>
  <testcase name="tokenizeArrayElements()" classname="org.springframework.http.codec.json.Jackson2TokenizerTests" time="0.036"/>
  <testcase name="testLimit()" classname="org.springframework.http.codec.json.Jackson2TokenizerTests" time="0.011"/>
  <testcase name="doNotTokenizeArrayElements()" classname="org.springframework.http.codec.json.Jackson2TokenizerTests" time="0.011"/>
  <testcase name="testLimitTokenized()" classname="org.springframework.http.codec.json.Jackson2TokenizerTests" time="0.007"/>
  <system-out><![CDATA[]]></system-out>
  <system-err><![CDATA[]]></system-err>
</testsuite>
