<?xml version="1.0" encoding="UTF-8"?>
<testsuite name="org.springframework.http.client.MultipartBodyBuilderTests" tests="2" skipped="0" failures="0" errors="0" timestamp="2023-03-06T08:30:28" hostname="DESKTOP-VGJP1PJ" time="0.162">
  <properties/>
  <testcase name="publisherEntityAcceptedAsInput()" classname="org.springframework.http.client.MultipartBodyBuilderTests" time="0.156"/>
  <testcase name="builder()" classname="org.springframework.http.client.MultipartBodyBuilderTests" time="0.005"/>
  <system-out><![CDATA[]]></system-out>
  <system-err><![CDATA[]]></system-err>
</testsuite>
