<?xml version="1.0" encoding="UTF-8"?>
<testsuite name="org.springframework.http.codec.FormHttpMessageWriterTests" tests="2" skipped="0" failures="0" errors="0" timestamp="2023-03-06T08:30:40" hostname="DESKTOP-VGJP1PJ" time="0.004">
  <properties/>
  <testcase name="writeForm()" classname="org.springframework.http.codec.FormHttpMessageWriterTests" time="0.003"/>
  <testcase name="canWrite()" classname="org.springframework.http.codec.FormHttpMessageWriterTests" time="0.001"/>
  <system-out><![CDATA[03:30:40.184 [Test worker] DEBUG o.s.w.HttpLogging - Writing form fields [name 1, name 2, name 3] (content masked)
]]></system-out>
  <system-err><![CDATA[]]></system-err>
</testsuite>
