<?xml version="1.0" encoding="UTF-8"?>
<testsuite name="org.springframework.http.server.reactive.ListenerReadPublisherTests" tests="3" skipped="0" failures="0" errors="0" timestamp="2023-03-06T08:30:56" hostname="DESKTOP-VGJP1PJ" time="0.025">
  <properties/>
  <testcase name="discardDataOnCancel()" classname="org.springframework.http.server.reactive.ListenerReadPublisherTests" time="0.023"/>
  <testcase name="twoReads()" classname="org.springframework.http.server.reactive.ListenerReadPublisherTests" time="0.0"/>
  <testcase name="discardDataOnError()" classname="org.springframework.http.server.reactive.ListenerReadPublisherTests" time="0.001"/>
  <system-out><![CDATA[]]></system-out>
  <system-err><![CDATA[]]></system-err>
</testsuite>
