<?xml version="1.0" encoding="UTF-8"?>
<testsuite name="org.springframework.core.convert.support.IntegerToEnumConverterFactoryTests" tests="4" skipped="0" failures="0" errors="0" timestamp="2023-03-06T08:30:25" hostname="DESKTOP-VGJP1PJ" time="0.219">
  <properties/>
  <testcase name="convertsIntegerToEnum(int, Color)[1]" classname="org.springframework.core.convert.support.IntegerToEnumConverterFactoryTests" time="0.131"/>
  <testcase name="convertsIntegerToEnum(int, Color)[2]" classname="org.springframework.core.convert.support.IntegerToEnumConverterFactoryTests" time="0.001"/>
  <testcase name="convertsIntegerToEnum(int, Color)[3]" classname="org.springframework.core.convert.support.IntegerToEnumConverterFactoryTests" time="0.002"/>
  <testcase name="throwsArrayIndexOutOfBoundsExceptionIfInvalidEnumInteger()" classname="org.springframework.core.convert.support.IntegerToEnumConverterFactoryTests" time="0.009"/>
  <system-out><![CDATA[]]></system-out>
  <system-err><![CDATA[]]></system-err>
</testsuite>
