<?xml version="1.0" encoding="UTF-8"?>
<testsuite name="org.springframework.http.client.Netty4ClientHttpRequestFactoryTests" tests="6" skipped="0" failures="0" errors="0" timestamp="2023-03-06T08:30:31" hostname="DESKTOP-VGJP1PJ" time="0.099">
  <properties/>
  <testcase name="headersAfterExecute()" classname="org.springframework.http.client.Netty4ClientHttpRequestFactoryTests" time="0.015"/>
  <testcase name="status()" classname="org.springframework.http.client.Netty4ClientHttpRequestFactoryTests" time="0.013"/>
  <testcase name="echo()" classname="org.springframework.http.client.Netty4ClientHttpRequestFactoryTests" time="0.009"/>
  <testcase name="multipleWrites()" classname="org.springframework.http.client.Netty4ClientHttpRequestFactoryTests" time="0.008"/>
  <testcase name="queryParameters()" classname="org.springframework.http.client.Netty4ClientHttpRequestFactoryTests" time="0.011"/>
  <testcase name="httpMethods()" classname="org.springframework.http.client.Netty4ClientHttpRequestFactoryTests" time="0.04"/>
  <system-out><![CDATA[]]></system-out>
  <system-err><![CDATA[Mar 06, 2023 3:30:31 AM okhttp3.mockwebserver.MockWebServer$3 execute
INFO: MockWebServer[59378] starting to accept connections
Mar 06, 2023 3:30:31 AM okhttp3.mockwebserver.MockWebServer$4 processOneRequest
INFO: MockWebServer[59378] received request: POST /status/ok HTTP/1.1 and responded: HTTP/1.1 200 OK
Mar 06, 2023 3:30:31 AM okhttp3.mockwebserver.MockWebServer$3 acceptConnections
INFO: MockWebServer[59378] done accepting connections: socket closed
Mar 06, 2023 3:30:31 AM okhttp3.mockwebserver.MockWebServer$3 execute
INFO: MockWebServer[59380] starting to accept connections
Mar 06, 2023 3:30:31 AM okhttp3.mockwebserver.MockWebServer$4 processOneRequest
INFO: MockWebServer[59380] received request: GET /status/notfound HTTP/1.1 and responded: HTTP/1.1 404 Client Error
Mar 06, 2023 3:30:31 AM okhttp3.mockwebserver.MockWebServer$3 acceptConnections
INFO: MockWebServer[59380] done accepting connections: socket closed
Mar 06, 2023 3:30:31 AM okhttp3.mockwebserver.MockWebServer$3 execute
INFO: MockWebServer[59383] starting to accept connections
Mar 06, 2023 3:30:31 AM okhttp3.mockwebserver.MockWebServer$4 processOneRequest
INFO: MockWebServer[59383] received request: PUT /echo HTTP/1.1 and responded: HTTP/1.1 200 OK
Mar 06, 2023 3:30:31 AM okhttp3.mockwebserver.MockWebServer$3 acceptConnections
INFO: MockWebServer[59383] done accepting connections: socket closed
Mar 06, 2023 3:30:31 AM okhttp3.mockwebserver.MockWebServer$3 execute
INFO: MockWebServer[59385] starting to accept connections
Mar 06, 2023 3:30:31 AM okhttp3.mockwebserver.MockWebServer$4 processOneRequest
INFO: MockWebServer[59385] received request: POST /echo HTTP/1.1 and responded: HTTP/1.1 200 OK
Mar 06, 2023 3:30:31 AM okhttp3.mockwebserver.MockWebServer$3 acceptConnections
INFO: MockWebServer[59385] done accepting connections: socket closed
Mar 06, 2023 3:30:31 AM okhttp3.mockwebserver.MockWebServer$3 execute
INFO: MockWebServer[59387] starting to accept connections
Mar 06, 2023 3:30:32 AM okhttp3.mockwebserver.MockWebServer$4 processOneRequest
INFO: MockWebServer[59387] received request: GET /params?param1=value&param2=value1&param2=value2 HTTP/1.1 and responded: HTTP/1.1 200 OK
Mar 06, 2023 3:30:32 AM okhttp3.mockwebserver.MockWebServer$3 acceptConnections
INFO: MockWebServer[59387] done accepting connections: socket closed
Mar 06, 2023 3:30:32 AM okhttp3.mockwebserver.MockWebServer$3 execute
INFO: MockWebServer[59389] starting to accept connections
Mar 06, 2023 3:30:32 AM okhttp3.mockwebserver.MockWebServer$4 processOneRequest
INFO: MockWebServer[59389] received request: GET /methods/get HTTP/1.1 and responded: HTTP/1.1 200 OK
Mar 06, 2023 3:30:32 AM okhttp3.mockwebserver.MockWebServer$4 processOneRequest
INFO: MockWebServer[59389] received request: HEAD /methods/head HTTP/1.1 and responded: HTTP/1.1 200 OK
Mar 06, 2023 3:30:32 AM okhttp3.mockwebserver.MockWebServer$4 processOneRequest
INFO: MockWebServer[59389] received request: POST /methods/post HTTP/1.1 and responded: HTTP/1.1 200 OK
Mar 06, 2023 3:30:32 AM okhttp3.mockwebserver.MockWebServer$4 processOneRequest
INFO: MockWebServer[59389] received request: PUT /methods/put HTTP/1.1 and responded: HTTP/1.1 200 OK
Mar 06, 2023 3:30:32 AM okhttp3.mockwebserver.MockWebServer$4 processOneRequest
INFO: MockWebServer[59389] received request: OPTIONS /methods/options HTTP/1.1 and responded: HTTP/1.1 200 OK
Mar 06, 2023 3:30:32 AM okhttp3.mockwebserver.MockWebServer$4 processOneRequest
INFO: MockWebServer[59389] received request: DELETE /methods/delete HTTP/1.1 and responded: HTTP/1.1 200 OK
Mar 06, 2023 3:30:32 AM okhttp3.mockwebserver.MockWebServer$4 processOneRequest
INFO: MockWebServer[59389] received request: PATCH /methods/patch HTTP/1.1 and responded: HTTP/1.1 200 OK
Mar 06, 2023 3:30:32 AM okhttp3.mockwebserver.MockWebServer$3 acceptConnections
INFO: MockWebServer[59389] done accepting connections: socket closed
]]></system-err>
</testsuite>
