<?xml version="1.0" encoding="UTF-8"?>
<testsuite name="org.springframework.web.method.annotation.InitBinderDataBinderFactoryTests" tests="7" skipped="0" failures="0" errors="0" timestamp="2023-03-06T08:31:07" hostname="DESKTOP-VGJP1PJ" time="0.145">
  <properties/>
  <testcase name="createBinderNullAttrName()" classname="org.springframework.web.method.annotation.InitBinderDataBinderFactoryTests" time="0.013"/>
  <testcase name="createBinderWithAttrNameNoMatch()" classname="org.springframework.web.method.annotation.InitBinderDataBinderFactoryTests" time="0.001"/>
  <testcase name="createBinderWithGlobalInitialization()" classname="org.springframework.web.method.annotation.InitBinderDataBinderFactoryTests" time="0.114"/>
  <testcase name="createBinderTypeConversion()" classname="org.springframework.web.method.annotation.InitBinderDataBinderFactoryTests" time="0.011"/>
  <testcase name="returnValueNotExpected()" classname="org.springframework.web.method.annotation.InitBinderDataBinderFactoryTests" time="0.002"/>
  <testcase name="createBinder()" classname="org.springframework.web.method.annotation.InitBinderDataBinderFactoryTests" time="0.002"/>
  <testcase name="createBinderWithAttrName()" classname="org.springframework.web.method.annotation.InitBinderDataBinderFactoryTests" time="0.001"/>
  <system-out><![CDATA[]]></system-out>
  <system-err><![CDATA[]]></system-err>
</testsuite>
