<?xml version="1.0" encoding="UTF-8"?>
<testsuite name="org.springframework.http.converter.json.SpringHandlerInstantiatorTests" tests="5" skipped="0" failures="0" errors="0" timestamp="2023-03-06T08:30:49" hostname="DESKTOP-VGJP1PJ" time="0.093">
  <properties/>
  <testcase name="applicationContextAwareTypeIdResolver()" classname="org.springframework.http.converter.json.SpringHandlerInstantiatorTests" time="0.069"/>
  <testcase name="autowiredDeserializer()" classname="org.springframework.http.converter.json.SpringHandlerInstantiatorTests" time="0.009"/>
  <testcase name="autowiredKeyDeserializer()" classname="org.springframework.http.converter.json.SpringHandlerInstantiatorTests" time="0.004"/>
  <testcase name="autowiredSerializer()" classname="org.springframework.http.converter.json.SpringHandlerInstantiatorTests" time="0.007"/>
  <testcase name="applicationContextAwaretypeResolverBuilder()" classname="org.springframework.http.converter.json.SpringHandlerInstantiatorTests" time="0.003"/>
  <system-out><![CDATA[]]></system-out>
  <system-err><![CDATA[]]></system-err>
</testsuite>
