<?xml version="1.0" encoding="UTF-8"?>
<testsuite name="org.springframework.http.client.BufferedSimpleAsyncHttpRequestFactoryTests" tests="7" skipped="0" failures="0" errors="0" timestamp="2023-03-06T08:30:25" hostname="DESKTOP-VGJP1PJ" time="1.254">
  <properties/>
  <testcase name="cancel()" classname="org.springframework.http.client.BufferedSimpleAsyncHttpRequestFactoryTests" time="1.078"/>
  <testcase name="headersAfterExecute()" classname="org.springframework.http.client.BufferedSimpleAsyncHttpRequestFactoryTests" time="0.069"/>
  <testcase name="status()" classname="org.springframework.http.client.BufferedSimpleAsyncHttpRequestFactoryTests" time="0.013"/>
  <testcase name="echo()" classname="org.springframework.http.client.BufferedSimpleAsyncHttpRequestFactoryTests" time="0.026"/>
  <testcase name="statusCallback()" classname="org.springframework.http.client.BufferedSimpleAsyncHttpRequestFactoryTests" time="0.011"/>
  <testcase name="multipleWrites()" classname="org.springframework.http.client.BufferedSimpleAsyncHttpRequestFactoryTests" time="0.01"/>
  <testcase name="httpMethods()" classname="org.springframework.http.client.BufferedSimpleAsyncHttpRequestFactoryTests" time="0.04"/>
  <system-out><![CDATA[]]></system-out>
  <system-err><![CDATA[Mar 06, 2023 3:30:25 AM okhttp3.mockwebserver.MockWebServer$3 execute
INFO: MockWebServer[59120] starting to accept connections
Mar 06, 2023 3:30:26 AM okhttp3.mockwebserver.MockWebServer$3 acceptConnections
INFO: MockWebServer[59120] done accepting connections: socket closed
Mar 06, 2023 3:30:26 AM okhttp3.mockwebserver.MockWebServer$3 execute
INFO: MockWebServer[59121] starting to accept connections
Mar 06, 2023 3:30:26 AM okhttp3.mockwebserver.MockWebServer$4 processOneRequest
INFO: MockWebServer[59121] received request: POST /echo HTTP/1.1 and responded: HTTP/1.1 200 OK
Mar 06, 2023 3:30:26 AM okhttp3.mockwebserver.MockWebServer$3 acceptConnections
INFO: MockWebServer[59121] done accepting connections: socket closed
Mar 06, 2023 3:30:26 AM okhttp3.mockwebserver.MockWebServer$3 execute
INFO: MockWebServer[59123] starting to accept connections
Mar 06, 2023 3:30:26 AM okhttp3.mockwebserver.MockWebServer$4 processOneRequest
INFO: MockWebServer[59123] received request: GET /status/notfound HTTP/1.1 and responded: HTTP/1.1 404 Client Error
Mar 06, 2023 3:30:26 AM okhttp3.mockwebserver.MockWebServer$3 acceptConnections
INFO: MockWebServer[59123] done accepting connections: socket closed
Mar 06, 2023 3:30:26 AM okhttp3.mockwebserver.MockWebServer$3 execute
INFO: MockWebServer[59125] starting to accept connections
Mar 06, 2023 3:30:26 AM okhttp3.mockwebserver.MockWebServer$4 processOneRequest
INFO: MockWebServer[59125] received request: PUT /echo HTTP/1.1 and responded: HTTP/1.1 200 OK
Mar 06, 2023 3:30:26 AM okhttp3.mockwebserver.MockWebServer$3 acceptConnections
INFO: MockWebServer[59125] done accepting connections: socket closed
Mar 06, 2023 3:30:26 AM okhttp3.mockwebserver.MockWebServer$3 execute
INFO: MockWebServer[59127] starting to accept connections
Mar 06, 2023 3:30:26 AM okhttp3.mockwebserver.MockWebServer$4 processOneRequest
INFO: MockWebServer[59127] received request: GET /status/notfound HTTP/1.1 and responded: HTTP/1.1 404 Client Error
Mar 06, 2023 3:30:26 AM okhttp3.mockwebserver.MockWebServer$3 acceptConnections
INFO: MockWebServer[59127] done accepting connections: socket closed
Mar 06, 2023 3:30:26 AM okhttp3.mockwebserver.MockWebServer$3 execute
INFO: MockWebServer[59129] starting to accept connections
Mar 06, 2023 3:30:26 AM okhttp3.mockwebserver.MockWebServer$4 processOneRequest
INFO: MockWebServer[59129] received request: POST /echo HTTP/1.1 and responded: HTTP/1.1 200 OK
Mar 06, 2023 3:30:26 AM okhttp3.mockwebserver.MockWebServer$3 acceptConnections
INFO: MockWebServer[59129] done accepting connections: socket closed
Mar 06, 2023 3:30:26 AM okhttp3.mockwebserver.MockWebServer$3 execute
INFO: MockWebServer[59131] starting to accept connections
Mar 06, 2023 3:30:26 AM okhttp3.mockwebserver.MockWebServer$4 processOneRequest
INFO: MockWebServer[59131] received request: GET /methods/get HTTP/1.1 and responded: HTTP/1.1 200 OK
Mar 06, 2023 3:30:26 AM okhttp3.mockwebserver.MockWebServer$4 processOneRequest
INFO: MockWebServer[59131] received request: HEAD /methods/head HTTP/1.1 and responded: HTTP/1.1 200 OK
Mar 06, 2023 3:30:26 AM okhttp3.mockwebserver.MockWebServer$4 processOneRequest
INFO: MockWebServer[59131] received request: POST /methods/post HTTP/1.1 and responded: HTTP/1.1 200 OK
Mar 06, 2023 3:30:26 AM okhttp3.mockwebserver.MockWebServer$4 processOneRequest
INFO: MockWebServer[59131] received request: PUT /methods/put HTTP/1.1 and responded: HTTP/1.1 200 OK
Mar 06, 2023 3:30:26 AM okhttp3.mockwebserver.MockWebServer$4 processOneRequest
INFO: MockWebServer[59131] received request: OPTIONS /methods/options HTTP/1.1 and responded: HTTP/1.1 200 OK
Mar 06, 2023 3:30:26 AM okhttp3.mockwebserver.MockWebServer$4 processOneRequest
INFO: MockWebServer[59131] received request: DELETE /methods/delete HTTP/1.1 and responded: HTTP/1.1 200 OK
Mar 06, 2023 3:30:26 AM okhttp3.mockwebserver.MockWebServer$3 acceptConnections
INFO: MockWebServer[59131] done accepting connections: socket closed
]]></system-err>
</testsuite>
