<?xml version="1.0" encoding="UTF-8"?>
<testsuite name="org.springframework.http.client.SimpleClientHttpRequestFactoryTests" tests="1" skipped="0" failures="0" errors="0" timestamp="2023-03-06T08:30:38" hostname="DESKTOP-VGJP1PJ" time="0.154">
  <properties/>
  <testcase name="headerWithNullValue()" classname="org.springframework.http.client.SimpleClientHttpRequestFactoryTests" time="0.154"/>
  <system-out><![CDATA[]]></system-out>
  <system-err><![CDATA[]]></system-err>
</testsuite>
