<?xml version="1.0" encoding="UTF-8"?>
<testsuite name="org.springframework.http.codec.cbor.Jackson2CborDecoderTests" tests="3" skipped="0" failures="0" errors="0" timestamp="2023-03-06T08:30:39" hostname="DESKTOP-VGJP1PJ" time="0.11">
  <properties/>
  <testcase name="decodeToMono()" classname="org.springframework.http.codec.cbor.Jackson2CborDecoderTests" time="0.105"/>
  <testcase name="decode()" classname="org.springframework.http.codec.cbor.Jackson2CborDecoderTests" time="0.001"/>
  <testcase name="canDecode()" classname="org.springframework.http.codec.cbor.Jackson2CborDecoderTests" time="0.002"/>
  <system-out><![CDATA[03:30:40.057 [Test worker] DEBUG o.s.w.HttpLogging - Decoded [[Pojo[foo='f1', bar='b1'], Pojo[foo='f2', bar='b2']]]
]]></system-out>
  <system-err><![CDATA[]]></system-err>
</testsuite>
