<?xml version="1.0" encoding="UTF-8"?>
<testsuite name="org.springframework.http.client.StreamingSimpleClientHttpRequestFactoryTests" tests="8" skipped="1" failures="0" errors="0" timestamp="2023-03-06T08:30:38" hostname="DESKTOP-VGJP1PJ" time="0.075">
  <properties/>
  <testcase name="headersAfterExecute()" classname="org.springframework.http.client.StreamingSimpleClientHttpRequestFactoryTests" time="0.013"/>
  <testcase name="status()" classname="org.springframework.http.client.StreamingSimpleClientHttpRequestFactoryTests" time="0.006"/>
  <testcase name="echo()" classname="org.springframework.http.client.StreamingSimpleClientHttpRequestFactoryTests" time="0.006"/>
  <testcase name="multipleWrites()" classname="org.springframework.http.client.StreamingSimpleClientHttpRequestFactoryTests" time="0.004"/>
  <testcase name="queryParameters()" classname="org.springframework.http.client.StreamingSimpleClientHttpRequestFactoryTests" time="0.01"/>
  <testcase name="httpMethods()" classname="org.springframework.http.client.StreamingSimpleClientHttpRequestFactoryTests" time="0.026"/>
  <testcase name="largeFileUpload()" classname="org.springframework.http.client.StreamingSimpleClientHttpRequestFactoryTests" time="0.001">
    <skipped/>
  </testcase>
  <testcase name="interceptor()" classname="org.springframework.http.client.StreamingSimpleClientHttpRequestFactoryTests" time="0.005"/>
  <system-out><![CDATA[]]></system-out>
  <system-err><![CDATA[Mar 06, 2023 3:30:38 AM okhttp3.mockwebserver.MockWebServer$3 execute
INFO: MockWebServer[59571] starting to accept connections
Mar 06, 2023 3:30:38 AM okhttp3.mockwebserver.MockWebServer$3 acceptConnections
INFO: MockWebServer[59571] done accepting connections: socket closed
Mar 06, 2023 3:30:38 AM okhttp3.mockwebserver.MockWebServer$4 processOneRequest
INFO: MockWebServer[59571] received request: POST /status/ok HTTP/1.1 and responded: HTTP/1.1 200 OK
Mar 06, 2023 3:30:38 AM okhttp3.mockwebserver.MockWebServer$3 execute
INFO: MockWebServer[59573] starting to accept connections
Mar 06, 2023 3:30:38 AM okhttp3.mockwebserver.MockWebServer$3 acceptConnections
INFO: MockWebServer[59573] done accepting connections: socket closed
Mar 06, 2023 3:30:38 AM okhttp3.mockwebserver.MockWebServer$4 processOneRequest
INFO: MockWebServer[59573] received request: GET /status/notfound HTTP/1.1 and responded: HTTP/1.1 404 Client Error
Mar 06, 2023 3:30:38 AM okhttp3.mockwebserver.MockWebServer$3 execute
INFO: MockWebServer[59575] starting to accept connections
Mar 06, 2023 3:30:38 AM okhttp3.mockwebserver.MockWebServer$4 processOneRequest
INFO: MockWebServer[59575] received request: PUT /echo HTTP/1.1 and responded: HTTP/1.1 200 OK
Mar 06, 2023 3:30:38 AM okhttp3.mockwebserver.MockWebServer$3 acceptConnections
INFO: MockWebServer[59575] done accepting connections: socket closed
Mar 06, 2023 3:30:38 AM okhttp3.mockwebserver.MockWebServer$3 execute
INFO: MockWebServer[59577] starting to accept connections
Mar 06, 2023 3:30:38 AM okhttp3.mockwebserver.MockWebServer$3 acceptConnections
INFO: MockWebServer[59577] done accepting connections: Socket is closed
Mar 06, 2023 3:30:38 AM okhttp3.mockwebserver.MockWebServer$3 execute
INFO: MockWebServer[59579] starting to accept connections
Mar 06, 2023 3:30:38 AM okhttp3.mockwebserver.MockWebServer$3 acceptConnections
INFO: MockWebServer[59579] done accepting connections: socket closed
Mar 06, 2023 3:30:38 AM okhttp3.mockwebserver.MockWebServer$4 processOneRequest
INFO: MockWebServer[59579] received request: GET /params?param1=value&param2=value1&param2=value2 HTTP/1.1 and responded: HTTP/1.1 200 OK
Mar 06, 2023 3:30:38 AM okhttp3.mockwebserver.MockWebServer$3 execute
INFO: MockWebServer[59582] starting to accept connections
Mar 06, 2023 3:30:38 AM okhttp3.mockwebserver.MockWebServer$4 processOneRequest
INFO: MockWebServer[59582] received request: GET /methods/get HTTP/1.1 and responded: HTTP/1.1 200 OK
Mar 06, 2023 3:30:38 AM okhttp3.mockwebserver.MockWebServer$4 processOneRequest
INFO: MockWebServer[59582] received request: HEAD /methods/head HTTP/1.1 and responded: HTTP/1.1 200 OK
Mar 06, 2023 3:30:38 AM okhttp3.mockwebserver.MockWebServer$4 processOneRequest
INFO: MockWebServer[59582] received request: POST /methods/post HTTP/1.1 and responded: HTTP/1.1 200 OK
Mar 06, 2023 3:30:38 AM okhttp3.mockwebserver.MockWebServer$4 processOneRequest
INFO: MockWebServer[59582] received request: PUT /methods/put HTTP/1.1 and responded: HTTP/1.1 200 OK
Mar 06, 2023 3:30:38 AM okhttp3.mockwebserver.MockWebServer$4 processOneRequest
INFO: MockWebServer[59582] received request: OPTIONS /methods/options HTTP/1.1 and responded: HTTP/1.1 200 OK
Mar 06, 2023 3:30:38 AM okhttp3.mockwebserver.MockWebServer$4 processOneRequest
INFO: MockWebServer[59582] received request: DELETE /methods/delete HTTP/1.1 and responded: HTTP/1.1 200 OK
Mar 06, 2023 3:30:38 AM okhttp3.mockwebserver.MockWebServer$3 acceptConnections
INFO: MockWebServer[59582] done accepting connections: socket closed
Mar 06, 2023 3:30:38 AM okhttp3.mockwebserver.MockWebServer$3 execute
INFO: MockWebServer[59584] starting to accept connections
Mar 06, 2023 3:30:38 AM okhttp3.mockwebserver.MockWebServer$4 processOneRequest
INFO: MockWebServer[59584] received request: GET /echo HTTP/1.1 and responded: HTTP/1.1 200 OK
Mar 06, 2023 3:30:38 AM okhttp3.mockwebserver.MockWebServer$3 acceptConnections
INFO: MockWebServer[59584] done accepting connections: socket closed
]]></system-err>
</testsuite>
