<?xml version="1.0" encoding="UTF-8"?>
<testsuite name="org.springframework.http.client.Netty4AsyncClientHttpRequestFactoryTests" tests="7" skipped="0" failures="0" errors="0" timestamp="2023-03-06T08:30:29" hostname="DESKTOP-VGJP1PJ" time="0.831">
  <properties/>
  <testcase name="cancel()" classname="org.springframework.http.client.Netty4AsyncClientHttpRequestFactoryTests" time="0.581"/>
  <testcase name="headersAfterExecute()" classname="org.springframework.http.client.Netty4AsyncClientHttpRequestFactoryTests" time="0.156"/>
  <testcase name="status()" classname="org.springframework.http.client.Netty4AsyncClientHttpRequestFactoryTests" time="0.011"/>
  <testcase name="echo()" classname="org.springframework.http.client.Netty4AsyncClientHttpRequestFactoryTests" time="0.012"/>
  <testcase name="statusCallback()" classname="org.springframework.http.client.Netty4AsyncClientHttpRequestFactoryTests" time="0.011"/>
  <testcase name="multipleWrites()" classname="org.springframework.http.client.Netty4AsyncClientHttpRequestFactoryTests" time="0.016"/>
  <testcase name="httpMethods()" classname="org.springframework.http.client.Netty4AsyncClientHttpRequestFactoryTests" time="0.041"/>
  <system-out><![CDATA[]]></system-out>
  <system-err><![CDATA[Mar 06, 2023 3:30:29 AM okhttp3.mockwebserver.MockWebServer$3 execute
INFO: MockWebServer[59341] starting to accept connections
Mar 06, 2023 3:30:29 AM okhttp3.mockwebserver.MockWebServer$3 acceptConnections
INFO: MockWebServer[59341] done accepting connections: socket closed
Mar 06, 2023 3:30:29 AM okhttp3.mockwebserver.MockWebServer$3 execute
INFO: MockWebServer[59342] starting to accept connections
Mar 06, 2023 3:30:29 AM okhttp3.mockwebserver.MockWebServer$4 processOneRequest
INFO: MockWebServer[59342] received request: POST /echo HTTP/1.1 and responded: HTTP/1.1 200 OK
Mar 06, 2023 3:30:29 AM okhttp3.mockwebserver.MockWebServer$3 acceptConnections
INFO: MockWebServer[59342] done accepting connections: socket closed
Mar 06, 2023 3:30:29 AM okhttp3.mockwebserver.MockWebServer$3 execute
INFO: MockWebServer[59345] starting to accept connections
Mar 06, 2023 3:30:29 AM okhttp3.mockwebserver.MockWebServer$4 processOneRequest
INFO: MockWebServer[59345] received request: GET /status/notfound HTTP/1.1 and responded: HTTP/1.1 404 Client Error
Mar 06, 2023 3:30:29 AM okhttp3.mockwebserver.MockWebServer$3 acceptConnections
INFO: MockWebServer[59345] done accepting connections: socket closed
Mar 06, 2023 3:30:29 AM okhttp3.mockwebserver.MockWebServer$3 execute
INFO: MockWebServer[59347] starting to accept connections
Mar 06, 2023 3:30:29 AM okhttp3.mockwebserver.MockWebServer$4 processOneRequest
INFO: MockWebServer[59347] received request: PUT /echo HTTP/1.1 and responded: HTTP/1.1 200 OK
Mar 06, 2023 3:30:29 AM okhttp3.mockwebserver.MockWebServer$3 acceptConnections
INFO: MockWebServer[59347] done accepting connections: socket closed
Mar 06, 2023 3:30:29 AM okhttp3.mockwebserver.MockWebServer$3 execute
INFO: MockWebServer[59349] starting to accept connections
Mar 06, 2023 3:30:29 AM okhttp3.mockwebserver.MockWebServer$4 processOneRequest
INFO: MockWebServer[59349] received request: GET /status/notfound HTTP/1.1 and responded: HTTP/1.1 404 Client Error
Mar 06, 2023 3:30:29 AM okhttp3.mockwebserver.MockWebServer$3 acceptConnections
INFO: MockWebServer[59349] done accepting connections: socket closed
Mar 06, 2023 3:30:29 AM okhttp3.mockwebserver.MockWebServer$3 execute
INFO: MockWebServer[59352] starting to accept connections
Mar 06, 2023 3:30:29 AM okhttp3.mockwebserver.MockWebServer$4 processOneRequest
INFO: MockWebServer[59352] received request: POST /echo HTTP/1.1 and responded: HTTP/1.1 200 OK
Mar 06, 2023 3:30:29 AM okhttp3.mockwebserver.MockWebServer$3 acceptConnections
INFO: MockWebServer[59352] done accepting connections: socket closed
Mar 06, 2023 3:30:29 AM okhttp3.mockwebserver.MockWebServer$3 execute
INFO: MockWebServer[59354] starting to accept connections
Mar 06, 2023 3:30:29 AM okhttp3.mockwebserver.MockWebServer$4 processOneRequest
INFO: MockWebServer[59354] received request: GET /methods/get HTTP/1.1 and responded: HTTP/1.1 200 OK
Mar 06, 2023 3:30:29 AM okhttp3.mockwebserver.MockWebServer$4 processOneRequest
INFO: MockWebServer[59354] received request: HEAD /methods/head HTTP/1.1 and responded: HTTP/1.1 200 OK
Mar 06, 2023 3:30:29 AM okhttp3.mockwebserver.MockWebServer$4 processOneRequest
INFO: MockWebServer[59354] received request: POST /methods/post HTTP/1.1 and responded: HTTP/1.1 200 OK
Mar 06, 2023 3:30:29 AM okhttp3.mockwebserver.MockWebServer$4 processOneRequest
INFO: MockWebServer[59354] received request: PUT /methods/put HTTP/1.1 and responded: HTTP/1.1 200 OK
Mar 06, 2023 3:30:29 AM okhttp3.mockwebserver.MockWebServer$4 processOneRequest
INFO: MockWebServer[59354] received request: OPTIONS /methods/options HTTP/1.1 and responded: HTTP/1.1 200 OK
Mar 06, 2023 3:30:29 AM okhttp3.mockwebserver.MockWebServer$4 processOneRequest
INFO: MockWebServer[59354] received request: DELETE /methods/delete HTTP/1.1 and responded: HTTP/1.1 200 OK
Mar 06, 2023 3:30:29 AM okhttp3.mockwebserver.MockWebServer$4 processOneRequest
INFO: MockWebServer[59354] received request: PATCH /methods/patch HTTP/1.1 and responded: HTTP/1.1 200 OK
Mar 06, 2023 3:30:29 AM okhttp3.mockwebserver.MockWebServer$3 acceptConnections
INFO: MockWebServer[59354] done accepting connections: socket closed
]]></system-err>
</testsuite>
