<?xml version="1.0" encoding="UTF-8"?>
<testsuite name="org.springframework.http.codec.support.ClientCodecConfigurerTests" tests="8" skipped="0" failures="0" errors="0" timestamp="2023-03-06T08:30:47" hostname="DESKTOP-VGJP1PJ" time="0.051">
  <properties/>
  <testcase name="defaultReaders()" classname="org.springframework.http.codec.support.ClientCodecConfigurerTests" time="0.03"/>
  <testcase name="maxInMemorySize()" classname="org.springframework.http.codec.support.ClientCodecConfigurerTests" time="0.002"/>
  <testcase name="defaultWriters()" classname="org.springframework.http.codec.support.ClientCodecConfigurerTests" time="0.002"/>
  <testcase name="cloneShouldNotBeImpactedByChangesToOriginal()" classname="org.springframework.http.codec.support.ClientCodecConfigurerTests" time="0.004"/>
  <testcase name="cloneShouldNotDropMultipartCodecs()" classname="org.springframework.http.codec.support.ClientCodecConfigurerTests" time="0.002"/>
  <testcase name="enableLoggingRequestDetails()" classname="org.springframework.http.codec.support.ClientCodecConfigurerTests" time="0.001"/>
  <testcase name="jackson2EncoderOverride()" classname="org.springframework.http.codec.support.ClientCodecConfigurerTests" time="0.001"/>
  <testcase name="clonedConfigurer()" classname="org.springframework.http.codec.support.ClientCodecConfigurerTests" time="0.004"/>
  <system-out><![CDATA[03:30:47.030 [Test worker] DEBUG o.s.w.HttpLogging - Decoded "line1"
03:30:47.030 [Test worker] DEBUG o.s.w.HttpLogging - Decoded "line2"
03:30:47.030 [Test worker] DEBUG o.s.w.HttpLogging - Decoded "line1"
03:30:47.031 [Test worker] DEBUG o.s.w.HttpLogging - Decoded "line2"
]]></system-out>
  <system-err><![CDATA[]]></system-err>
</testsuite>
