<?xml version="1.0" encoding="UTF-8"?>
<testsuite name="org.springframework.web.context.ContextLoaderInitializerTests" tests="1" skipped="0" failures="0" errors="0" timestamp="2023-03-06T08:31:05" hostname="DESKTOP-VGJP1PJ" time="0.032">
  <properties/>
  <testcase name="register()" classname="org.springframework.web.context.ContextLoaderInitializerTests" time="0.032"/>
  <system-out><![CDATA[03:31:05.589 [Test worker] INFO  o.s.w.c.ContextLoaderInitializerTests$MyMockServletContext - Initializing Spring root WebApplicationContext
03:31:05.589 [Test worker] INFO  o.s.w.c.ContextLoader - Root WebApplicationContext: initialization started
03:31:05.599 [Test worker] DEBUG o.s.w.c.s.StaticWebApplicationContext - Refreshing Root WebApplicationContext
03:31:05.615 [Test worker] INFO  o.s.w.c.ContextLoader - Root WebApplicationContext initialized in 25 ms
]]></system-out>
  <system-err><![CDATA[]]></system-err>
</testsuite>
