<?xml version="1.0" encoding="UTF-8"?>
<testsuite name="org.springframework.http.converter.json.MappingJackson2HttpMessageConverterTests" tests="24" skipped="0" failures="0" errors="0" timestamp="2023-03-06T08:30:49" hostname="DESKTOP-VGJP1PJ" time="0.079">
  <properties/>
  <testcase name="readAndWriteGenerics()" classname="org.springframework.http.converter.json.MappingJackson2HttpMessageConverterTests" time="0.02"/>
  <testcase name="readInvalidJson()" classname="org.springframework.http.converter.json.MappingJackson2HttpMessageConverterTests" time="0.0"/>
  <testcase name="prefixJson()" classname="org.springframework.http.converter.json.MappingJackson2HttpMessageConverterTests" time="0.001"/>
  <testcase name="readTyped()" classname="org.springframework.http.converter.json.MappingJackson2HttpMessageConverterTests" time="0.002"/>
  <testcase name="readUntyped()" classname="org.springframework.http.converter.json.MappingJackson2HttpMessageConverterTests" time="0.003"/>
  <testcase name="filters()" classname="org.springframework.http.converter.json.MappingJackson2HttpMessageConverterTests" time="0.002"/>
  <testcase name="writeUTF16()" classname="org.springframework.http.converter.json.MappingJackson2HttpMessageConverterTests" time="0.001"/>
  <testcase name="writeParameterizedBaseType()" classname="org.springframework.http.converter.json.MappingJackson2HttpMessageConverterTests" time="0.005"/>
  <testcase name="canWrite()" classname="org.springframework.http.converter.json.MappingJackson2HttpMessageConverterTests" time="0.003"/>
  <testcase name="readAndWriteParameterizedType()" classname="org.springframework.http.converter.json.MappingJackson2HttpMessageConverterTests" time="0.004"/>
  <testcase name="write()" classname="org.springframework.http.converter.json.MappingJackson2HttpMessageConverterTests" time="0.002"/>
  <testcase name="prettyPrintWithSse()" classname="org.springframework.http.converter.json.MappingJackson2HttpMessageConverterTests" time="0.002"/>
  <testcase name="canRead()" classname="org.springframework.http.converter.json.MappingJackson2HttpMessageConverterTests" time="0.002"/>
  <testcase name="writeSubTypeList()" classname="org.springframework.http.converter.json.MappingJackson2HttpMessageConverterTests" time="0.001"/>
  <testcase name="writeSubType()" classname="org.springframework.http.converter.json.MappingJackson2HttpMessageConverterTests" time="0.001"/>
  <testcase name="prefixJsonCustom()" classname="org.springframework.http.converter.json.MappingJackson2HttpMessageConverterTests" time="0.0"/>
  <testcase name="prettyPrint()" classname="org.springframework.http.converter.json.MappingJackson2HttpMessageConverterTests" time="0.001"/>
  <testcase name="classLevelJsonView()" classname="org.springframework.http.converter.json.MappingJackson2HttpMessageConverterTests" time="0.003"/>
  <testcase name="readWithNoDefaultConstructor()" classname="org.springframework.http.converter.json.MappingJackson2HttpMessageConverterTests" time="0.002"/>
  <testcase name="readValidJsonWithUnknownProperty()" classname="org.springframework.http.converter.json.MappingJackson2HttpMessageConverterTests" time="0.002"/>
  <testcase name="readNonUnicode()" classname="org.springframework.http.converter.json.MappingJackson2HttpMessageConverterTests" time="0.002"/>
  <testcase name="canReadAndWriteMicroformats()" classname="org.springframework.http.converter.json.MappingJackson2HttpMessageConverterTests" time="0.003"/>
  <testcase name="writeWithBaseType()" classname="org.springframework.http.converter.json.MappingJackson2HttpMessageConverterTests" time="0.002"/>
  <testcase name="fieldLevelJsonView()" classname="org.springframework.http.converter.json.MappingJackson2HttpMessageConverterTests" time="0.002"/>
  <system-out><![CDATA[]]></system-out>
  <system-err><![CDATA[]]></system-err>
</testsuite>
