<?xml version="1.0" encoding="UTF-8"?>
<testsuite name="org.springframework.http.codec.protobuf.ProtobufDecoderTests" tests="9" skipped="0" failures="0" errors="0" timestamp="2023-03-06T08:30:41" hostname="DESKTOP-VGJP1PJ" time="0.133">
  <properties/>
  <testcase name="decodeToMono()" classname="org.springframework.http.codec.protobuf.ProtobufDecoderTests" time="0.089"/>
  <testcase name="decode()" classname="org.springframework.http.codec.protobuf.ProtobufDecoderTests" time="0.005"/>
  <testcase name="decodeMergedChunks()" classname="org.springframework.http.codec.protobuf.ProtobufDecoderTests" time="0.001"/>
  <testcase name="decodeChunksToMono()" classname="org.springframework.http.codec.protobuf.ProtobufDecoderTests" time="0.006"/>
  <testcase name="canDecode()" classname="org.springframework.http.codec.protobuf.ProtobufDecoderTests" time="0.001"/>
  <testcase name="decodeSplitMessageSize()" classname="org.springframework.http.codec.protobuf.ProtobufDecoderTests" time="0.023"/>
  <testcase name="decodeSplitChunks()" classname="org.springframework.http.codec.protobuf.ProtobufDecoderTests" time="0.004"/>
  <testcase name="extensionRegistryNull()" classname="org.springframework.http.codec.protobuf.ProtobufDecoderTests" time="0.001"/>
  <testcase name="exceedMaxSize()" classname="org.springframework.http.codec.protobuf.ProtobufDecoderTests" time="0.001"/>
  <system-out><![CDATA[]]></system-out>
  <system-err><![CDATA[]]></system-err>
</testsuite>
