<?xml version="1.0" encoding="UTF-8"?>
<testsuite name="org.springframework.http.client.InterceptingStreamingHttpComponentsTests" tests="6" skipped="0" failures="0" errors="0" timestamp="2023-03-06T08:30:28" hostname="DESKTOP-VGJP1PJ" time="0.063">
  <properties/>
  <testcase name="headersAfterExecute()" classname="org.springframework.http.client.InterceptingStreamingHttpComponentsTests" time="0.019"/>
  <testcase name="status()" classname="org.springframework.http.client.InterceptingStreamingHttpComponentsTests" time="0.01"/>
  <testcase name="echo()" classname="org.springframework.http.client.InterceptingStreamingHttpComponentsTests" time="0.01"/>
  <testcase name="multipleWrites()" classname="org.springframework.http.client.InterceptingStreamingHttpComponentsTests" time="0.008"/>
  <testcase name="queryParameters()" classname="org.springframework.http.client.InterceptingStreamingHttpComponentsTests" time="0.008"/>
  <testcase name="httpMethods()" classname="org.springframework.http.client.InterceptingStreamingHttpComponentsTests" time="0.006"/>
  <system-out><![CDATA[]]></system-out>
  <system-err><![CDATA[Mar 06, 2023 3:30:28 AM okhttp3.mockwebserver.MockWebServer$3 execute
INFO: MockWebServer[59312] starting to accept connections
Mar 06, 2023 3:30:28 AM okhttp3.mockwebserver.MockWebServer$4 processOneRequest
INFO: MockWebServer[59312] received request: POST /status/ok HTTP/1.1 and responded: HTTP/1.1 200 OK
Mar 06, 2023 3:30:28 AM okhttp3.mockwebserver.MockWebServer$3 acceptConnections
INFO: MockWebServer[59312] done accepting connections: socket closed
Mar 06, 2023 3:30:28 AM okhttp3.mockwebserver.MockWebServer$3 execute
INFO: MockWebServer[59314] starting to accept connections
Mar 06, 2023 3:30:28 AM okhttp3.mockwebserver.MockWebServer$3 acceptConnections
INFO: MockWebServer[59314] done accepting connections: socket closed
Mar 06, 2023 3:30:28 AM okhttp3.mockwebserver.MockWebServer$4 processOneRequest
INFO: MockWebServer[59314] received request: GET /status/notfound HTTP/1.1 and responded: HTTP/1.1 404 Client Error
Mar 06, 2023 3:30:28 AM okhttp3.mockwebserver.MockWebServer$3 execute
INFO: MockWebServer[59316] starting to accept connections
Mar 06, 2023 3:30:28 AM okhttp3.mockwebserver.MockWebServer$4 processOneRequest
INFO: MockWebServer[59316] received request: PUT /echo HTTP/1.1 and responded: HTTP/1.1 200 OK
Mar 06, 2023 3:30:28 AM okhttp3.mockwebserver.MockWebServer$3 acceptConnections
INFO: MockWebServer[59316] done accepting connections: socket closed
Mar 06, 2023 3:30:28 AM okhttp3.mockwebserver.MockWebServer$3 execute
INFO: MockWebServer[59318] starting to accept connections
Mar 06, 2023 3:30:28 AM okhttp3.mockwebserver.MockWebServer$3 acceptConnections
INFO: MockWebServer[59318] done accepting connections: socket closed
Mar 06, 2023 3:30:28 AM okhttp3.mockwebserver.MockWebServer$4 processOneRequest
INFO: MockWebServer[59318] received request: POST /echo HTTP/1.1 and responded: HTTP/1.1 200 OK
Mar 06, 2023 3:30:28 AM okhttp3.mockwebserver.MockWebServer$3 execute
INFO: MockWebServer[59320] starting to accept connections
Mar 06, 2023 3:30:28 AM okhttp3.mockwebserver.MockWebServer$4 processOneRequest
INFO: MockWebServer[59320] received request: GET /params?param1=value&param2=value1&param2=value2 HTTP/1.1 and responded: HTTP/1.1 200 OK
Mar 06, 2023 3:30:28 AM okhttp3.mockwebserver.MockWebServer$3 acceptConnections
INFO: MockWebServer[59320] done accepting connections: socket closed
Mar 06, 2023 3:30:28 AM okhttp3.mockwebserver.MockWebServer$3 execute
INFO: MockWebServer[59322] starting to accept connections
Mar 06, 2023 3:30:28 AM okhttp3.mockwebserver.MockWebServer$4 processOneRequest
INFO: MockWebServer[59322] received request: PATCH /methods/patch HTTP/1.1 and responded: HTTP/1.1 200 OK
Mar 06, 2023 3:30:28 AM okhttp3.mockwebserver.MockWebServer$3 acceptConnections
INFO: MockWebServer[59322] done accepting connections: socket closed
]]></system-err>
</testsuite>
