<?xml version="1.0" encoding="UTF-8"?>
<testsuite name="org.springframework.http.client.OkHttp3AsyncClientHttpRequestFactoryTests" tests="7" skipped="0" failures="0" errors="0" timestamp="2023-03-06T08:30:34" hostname="DESKTOP-VGJP1PJ" time="0.215">
  <properties/>
  <testcase name="cancel()" classname="org.springframework.http.client.OkHttp3AsyncClientHttpRequestFactoryTests" time="0.034"/>
  <testcase name="headersAfterExecute()" classname="org.springframework.http.client.OkHttp3AsyncClientHttpRequestFactoryTests" time="0.037"/>
  <testcase name="status()" classname="org.springframework.http.client.OkHttp3AsyncClientHttpRequestFactoryTests" time="0.01"/>
  <testcase name="echo()" classname="org.springframework.http.client.OkHttp3AsyncClientHttpRequestFactoryTests" time="0.024"/>
  <testcase name="statusCallback()" classname="org.springframework.http.client.OkHttp3AsyncClientHttpRequestFactoryTests" time="0.005"/>
  <testcase name="multipleWrites()" classname="org.springframework.http.client.OkHttp3AsyncClientHttpRequestFactoryTests" time="0.006"/>
  <testcase name="httpMethods()" classname="org.springframework.http.client.OkHttp3AsyncClientHttpRequestFactoryTests" time="0.096"/>
  <system-out><![CDATA[]]></system-out>
  <system-err><![CDATA[Mar 06, 2023 3:30:34 AM okhttp3.mockwebserver.MockWebServer$3 execute
INFO: MockWebServer[59423] starting to accept connections
Mar 06, 2023 3:30:34 AM okhttp3.mockwebserver.MockWebServer$3 acceptConnections
INFO: MockWebServer[59423] done accepting connections: socket closed
Mar 06, 2023 3:30:34 AM okhttp3.mockwebserver.MockWebServer$3 execute
INFO: MockWebServer[59424] starting to accept connections
Mar 06, 2023 3:30:34 AM okhttp3.mockwebserver.MockWebServer$4 processOneRequest
INFO: MockWebServer[59424] received request: POST /echo HTTP/1.1 and responded: HTTP/1.1 200 OK
Mar 06, 2023 3:30:34 AM okhttp3.mockwebserver.MockWebServer$3 acceptConnections
INFO: MockWebServer[59424] done accepting connections: socket closed
Mar 06, 2023 3:30:34 AM okhttp3.mockwebserver.MockWebServer$3 execute
INFO: MockWebServer[59426] starting to accept connections
Mar 06, 2023 3:30:34 AM okhttp3.mockwebserver.MockWebServer$4 processOneRequest
INFO: MockWebServer[59426] received request: GET /status/notfound HTTP/1.1 and responded: HTTP/1.1 404 Client Error
Mar 06, 2023 3:30:34 AM okhttp3.mockwebserver.MockWebServer$3 acceptConnections
INFO: MockWebServer[59426] done accepting connections: socket closed
Mar 06, 2023 3:30:34 AM okhttp3.mockwebserver.MockWebServer$3 execute
INFO: MockWebServer[59428] starting to accept connections
Mar 06, 2023 3:30:34 AM okhttp3.mockwebserver.MockWebServer$4 processOneRequest
INFO: MockWebServer[59428] received request: PUT /echo HTTP/1.1 and responded: HTTP/1.1 200 OK
Mar 06, 2023 3:30:34 AM okhttp3.mockwebserver.MockWebServer$3 acceptConnections
INFO: MockWebServer[59428] done accepting connections: socket closed
Mar 06, 2023 3:30:34 AM okhttp3.mockwebserver.MockWebServer$3 execute
INFO: MockWebServer[59432] starting to accept connections
Mar 06, 2023 3:30:34 AM okhttp3.mockwebserver.MockWebServer$4 processOneRequest
INFO: MockWebServer[59432] received request: GET /status/notfound HTTP/1.1 and responded: HTTP/1.1 404 Client Error
Mar 06, 2023 3:30:34 AM okhttp3.mockwebserver.MockWebServer$3 acceptConnections
INFO: MockWebServer[59432] done accepting connections: socket closed
Mar 06, 2023 3:30:34 AM okhttp3.mockwebserver.MockWebServer$3 execute
INFO: MockWebServer[59434] starting to accept connections
Mar 06, 2023 3:30:34 AM okhttp3.mockwebserver.MockWebServer$4 processOneRequest
INFO: MockWebServer[59434] received request: POST /echo HTTP/1.1 and responded: HTTP/1.1 200 OK
Mar 06, 2023 3:30:34 AM okhttp3.mockwebserver.MockWebServer$3 acceptConnections
INFO: MockWebServer[59434] done accepting connections: socket closed
Mar 06, 2023 3:30:34 AM okhttp3.mockwebserver.MockWebServer$3 execute
INFO: MockWebServer[59437] starting to accept connections
Mar 06, 2023 3:30:34 AM okhttp3.mockwebserver.MockWebServer$4 processOneRequest
INFO: MockWebServer[59437] received request: GET /methods/get HTTP/1.1 and responded: HTTP/1.1 200 OK
Mar 06, 2023 3:30:34 AM okhttp3.mockwebserver.MockWebServer$4 processOneRequest
INFO: MockWebServer[59437] received request: HEAD /methods/head HTTP/1.1 and responded: HTTP/1.1 200 OK
Mar 06, 2023 3:30:34 AM okhttp3.mockwebserver.MockWebServer$4 processOneRequest
INFO: MockWebServer[59437] received request: POST /methods/post HTTP/1.1 and responded: HTTP/1.1 200 OK
Mar 06, 2023 3:30:34 AM okhttp3.mockwebserver.MockWebServer$4 processOneRequest
INFO: MockWebServer[59437] received request: PUT /methods/put HTTP/1.1 and responded: HTTP/1.1 200 OK
Mar 06, 2023 3:30:34 AM okhttp3.mockwebserver.MockWebServer$4 processOneRequest
INFO: MockWebServer[59437] received request: OPTIONS /methods/options HTTP/1.1 and responded: HTTP/1.1 200 OK
Mar 06, 2023 3:30:34 AM okhttp3.mockwebserver.MockWebServer$4 processOneRequest
INFO: MockWebServer[59437] received request: DELETE /methods/delete HTTP/1.1 and responded: HTTP/1.1 200 OK
Mar 06, 2023 3:30:34 AM okhttp3.mockwebserver.MockWebServer$4 processOneRequest
INFO: MockWebServer[59437] received request: PATCH /methods/patch HTTP/1.1 and responded: HTTP/1.1 200 OK
Mar 06, 2023 3:30:34 AM okhttp3.mockwebserver.MockWebServer$3 acceptConnections
INFO: MockWebServer[59437] done accepting connections: socket closed
]]></system-err>
</testsuite>
