<?xml version="1.0" encoding="UTF-8"?>
<testsuite name="org.springframework.http.client.NoOutputStreamingBufferedSimpleHttpRequestFactoryTests" tests="6" skipped="0" failures="0" errors="0" timestamp="2023-03-06T08:30:34" hostname="DESKTOP-VGJP1PJ" time="0.064">
  <properties/>
  <testcase name="headersAfterExecute()" classname="org.springframework.http.client.NoOutputStreamingBufferedSimpleHttpRequestFactoryTests" time="0.014"/>
  <testcase name="status()" classname="org.springframework.http.client.NoOutputStreamingBufferedSimpleHttpRequestFactoryTests" time="0.014"/>
  <testcase name="echo()" classname="org.springframework.http.client.NoOutputStreamingBufferedSimpleHttpRequestFactoryTests" time="0.008"/>
  <testcase name="multipleWrites()" classname="org.springframework.http.client.NoOutputStreamingBufferedSimpleHttpRequestFactoryTests" time="0.004"/>
  <testcase name="queryParameters()" classname="org.springframework.http.client.NoOutputStreamingBufferedSimpleHttpRequestFactoryTests" time="0.007"/>
  <testcase name="httpMethods()" classname="org.springframework.http.client.NoOutputStreamingBufferedSimpleHttpRequestFactoryTests" time="0.012"/>
  <system-out><![CDATA[]]></system-out>
  <system-err><![CDATA[Mar 06, 2023 3:30:34 AM okhttp3.mockwebserver.MockWebServer$3 execute
INFO: MockWebServer[59397] starting to accept connections
Mar 06, 2023 3:30:34 AM okhttp3.mockwebserver.MockWebServer$4 processOneRequest
INFO: MockWebServer[59397] received request: POST /status/ok HTTP/1.1 and responded: HTTP/1.1 200 OK
Mar 06, 2023 3:30:34 AM okhttp3.mockwebserver.MockWebServer$3 acceptConnections
INFO: MockWebServer[59397] done accepting connections: socket closed
Mar 06, 2023 3:30:34 AM okhttp3.mockwebserver.MockWebServer$3 execute
INFO: MockWebServer[59399] starting to accept connections
Mar 06, 2023 3:30:34 AM okhttp3.mockwebserver.MockWebServer$4 processOneRequest
INFO: MockWebServer[59399] received request: GET /status/notfound HTTP/1.1 and responded: HTTP/1.1 404 Client Error
Mar 06, 2023 3:30:34 AM okhttp3.mockwebserver.MockWebServer$3 acceptConnections
INFO: MockWebServer[59399] done accepting connections: socket closed
Mar 06, 2023 3:30:34 AM okhttp3.mockwebserver.MockWebServer$3 execute
INFO: MockWebServer[59401] starting to accept connections
Mar 06, 2023 3:30:34 AM okhttp3.mockwebserver.MockWebServer$4 processOneRequest
INFO: MockWebServer[59401] received request: PUT /echo HTTP/1.1 and responded: HTTP/1.1 200 OK
Mar 06, 2023 3:30:34 AM okhttp3.mockwebserver.MockWebServer$3 acceptConnections
INFO: MockWebServer[59401] done accepting connections: socket closed
Mar 06, 2023 3:30:34 AM okhttp3.mockwebserver.MockWebServer$3 execute
INFO: MockWebServer[59403] starting to accept connections
Mar 06, 2023 3:30:34 AM okhttp3.mockwebserver.MockWebServer$3 acceptConnections
INFO: MockWebServer[59403] done accepting connections: socket closed
Mar 06, 2023 3:30:34 AM okhttp3.mockwebserver.MockWebServer$4 processConnection
WARNING: MockWebServer[59403] connection from /127.0.0.1 didn't make a request
Mar 06, 2023 3:30:34 AM okhttp3.mockwebserver.MockWebServer$3 execute
INFO: MockWebServer[59405] starting to accept connections
Mar 06, 2023 3:30:34 AM okhttp3.mockwebserver.MockWebServer$4 processOneRequest
INFO: MockWebServer[59405] received request: GET /params?param1=value&param2=value1&param2=value2 HTTP/1.1 and responded: HTTP/1.1 200 OK
Mar 06, 2023 3:30:34 AM okhttp3.mockwebserver.MockWebServer$3 acceptConnections
INFO: MockWebServer[59405] done accepting connections: socket closed
Mar 06, 2023 3:30:34 AM okhttp3.mockwebserver.MockWebServer$3 execute
INFO: MockWebServer[59407] starting to accept connections
Mar 06, 2023 3:30:34 AM okhttp3.mockwebserver.MockWebServer$4 processOneRequest
INFO: MockWebServer[59407] received request: GET /methods/get HTTP/1.1 and responded: HTTP/1.1 200 OK
Mar 06, 2023 3:30:34 AM okhttp3.mockwebserver.MockWebServer$4 processOneRequest
INFO: MockWebServer[59407] received request: HEAD /methods/head HTTP/1.1 and responded: HTTP/1.1 200 OK
Mar 06, 2023 3:30:34 AM okhttp3.mockwebserver.MockWebServer$4 processOneRequest
INFO: MockWebServer[59407] received request: POST /methods/post HTTP/1.1 and responded: HTTP/1.1 200 OK
Mar 06, 2023 3:30:34 AM okhttp3.mockwebserver.MockWebServer$4 processOneRequest
INFO: MockWebServer[59407] received request: PUT /methods/put HTTP/1.1 and responded: HTTP/1.1 200 OK
Mar 06, 2023 3:30:34 AM okhttp3.mockwebserver.MockWebServer$4 processOneRequest
INFO: MockWebServer[59407] received request: OPTIONS /methods/options HTTP/1.1 and responded: HTTP/1.1 200 OK
Mar 06, 2023 3:30:34 AM okhttp3.mockwebserver.MockWebServer$4 processOneRequest
INFO: MockWebServer[59407] received request: DELETE /methods/delete HTTP/1.1 and responded: HTTP/1.1 200 OK
Mar 06, 2023 3:30:34 AM okhttp3.mockwebserver.MockWebServer$3 acceptConnections
INFO: MockWebServer[59407] done accepting connections: socket closed
]]></system-err>
</testsuite>
