<?xml version="1.0" encoding="UTF-8"?>
<testsuite name="org.springframework.web.method.annotation.ExpressionValueMethodArgumentResolverTests" tests="3" skipped="0" failures="0" errors="0" timestamp="2023-03-06T08:31:07" hostname="DESKTOP-VGJP1PJ" time="0.006">
  <properties/>
  <testcase name="resolveSystemProperty()" classname="org.springframework.web.method.annotation.ExpressionValueMethodArgumentResolverTests" time="0.003"/>
  <testcase name="resolveContextPath()" classname="org.springframework.web.method.annotation.ExpressionValueMethodArgumentResolverTests" time="0.002"/>
  <testcase name="supportsParameter()" classname="org.springframework.web.method.annotation.ExpressionValueMethodArgumentResolverTests" time="0.001"/>
  <system-out><![CDATA[03:31:07.401 [Test worker] DEBUG o.s.w.c.s.GenericWebApplicationContext - Refreshing org.springframework.web.context.support.GenericWebApplicationContext@220e2cd0
03:31:07.405 [Test worker] DEBUG o.s.w.c.s.GenericWebApplicationContext - Refreshing org.springframework.web.context.support.GenericWebApplicationContext@7588a048
03:31:07.407 [Test worker] DEBUG o.s.w.c.s.GenericWebApplicationContext - Refreshing org.springframework.web.context.support.GenericWebApplicationContext@33450519
]]></system-out>
  <system-err><![CDATA[]]></system-err>
</testsuite>
