<?xml version="1.0" encoding="UTF-8"?>
<testsuite name="org.springframework.web.accept.MappingMediaTypeFileExtensionResolverTests" tests="4" skipped="0" failures="0" errors="0" timestamp="2023-03-06T08:31:02" hostname="DESKTOP-VGJP1PJ" time="0.001">
  <properties/>
  <testcase name="resolveExtensionsNoMatch()" classname="org.springframework.web.accept.MappingMediaTypeFileExtensionResolverTests" time="0.0"/>
  <testcase name="resolveExtensions()" classname="org.springframework.web.accept.MappingMediaTypeFileExtensionResolverTests" time="0.0"/>
  <testcase name="allFileExtensions()" classname="org.springframework.web.accept.MappingMediaTypeFileExtensionResolverTests" time="0.0"/>
  <testcase name="lookupMediaTypeCaseInsensitive()" classname="org.springframework.web.accept.MappingMediaTypeFileExtensionResolverTests" time="0.0"/>
  <system-out><![CDATA[]]></system-out>
  <system-err><![CDATA[]]></system-err>
</testsuite>
