<?xml version="1.0" encoding="UTF-8"?>
<testsuite name="org.springframework.web.method.annotation.CookieValueMethodArgumentResolverTests" tests="3" skipped="0" failures="0" errors="0" timestamp="2023-03-06T08:31:07" hostname="DESKTOP-VGJP1PJ" time="0.008">
  <properties/>
  <testcase name="resolveCookieDefaultValue()" classname="org.springframework.web.method.annotation.CookieValueMethodArgumentResolverTests" time="0.006"/>
  <testcase name="notFound()" classname="org.springframework.web.method.annotation.CookieValueMethodArgumentResolverTests" time="0.001"/>
  <testcase name="supportsParameter()" classname="org.springframework.web.method.annotation.CookieValueMethodArgumentResolverTests" time="0.001"/>
  <system-out><![CDATA[]]></system-out>
  <system-err><![CDATA[]]></system-err>
</testsuite>
