<?xml version="1.0" encoding="UTF-8"?>
<testsuite name="org.springframework.http.converter.BufferedImageHttpMessageConverterTests" tests="5" skipped="0" failures="0" errors="0" timestamp="2023-03-06T08:30:47" hostname="DESKTOP-VGJP1PJ" time="0.432">
  <properties/>
  <testcase name="canWrite()" classname="org.springframework.http.converter.BufferedImageHttpMessageConverterTests" time="0.035"/>
  <testcase name="read()" classname="org.springframework.http.converter.BufferedImageHttpMessageConverterTests" time="0.12"/>
  <testcase name="write()" classname="org.springframework.http.converter.BufferedImageHttpMessageConverterTests" time="0.183"/>
  <testcase name="canRead()" classname="org.springframework.http.converter.BufferedImageHttpMessageConverterTests" time="0.001"/>
  <testcase name="writeDefaultContentType()" classname="org.springframework.http.converter.BufferedImageHttpMessageConverterTests" time="0.091"/>
  <system-out><![CDATA[]]></system-out>
  <system-err><![CDATA[]]></system-err>
</testsuite>
