<?xml version="1.0" encoding="UTF-8"?>
<testsuite name="org.springframework.http.client.reactive.ReactorResourceFactoryTests" tests="6" skipped="0" failures="0" errors="0" timestamp="2023-03-06T08:30:36" hostname="DESKTOP-VGJP1PJ" time="2.103">
  <properties/>
  <testcase name="customShutdownDurations()" classname="org.springframework.http.client.reactive.ReactorResourceFactoryTests" time="0.017"/>
  <testcase name="localResourcesViaSupplier()" classname="org.springframework.http.client.reactive.ReactorResourceFactoryTests" time="0.001"/>
  <testcase name="localResources()" classname="org.springframework.http.client.reactive.ReactorResourceFactoryTests" time="0.003"/>
  <testcase name="globalResources()" classname="org.springframework.http.client.reactive.ReactorResourceFactoryTests" time="2.074"/>
  <testcase name="globalResourcesWithConsumer()" classname="org.springframework.http.client.reactive.ReactorResourceFactoryTests" time="0.002"/>
  <testcase name="externalResources()" classname="org.springframework.http.client.reactive.ReactorResourceFactoryTests" time="0.001"/>
  <system-out><![CDATA[]]></system-out>
  <system-err><![CDATA[]]></system-err>
</testsuite>
