<?xml version="1.0" encoding="UTF-8"?>
<testsuite name="org.springframework.web.context.request.ServletWebRequestTests" tests="4" skipped="0" failures="0" errors="0" timestamp="2023-03-06T08:31:06" hostname="DESKTOP-VGJP1PJ" time="0.004">
  <properties/>
  <testcase name="locale()" classname="org.springframework.web.context.request.ServletWebRequestTests" time="0.001"/>
  <testcase name="nativeRequest()" classname="org.springframework.web.context.request.ServletWebRequestTests" time="0.0"/>
  <testcase name="parameters()" classname="org.springframework.web.context.request.ServletWebRequestTests" time="0.001"/>
  <testcase name="decoratedNativeRequest()" classname="org.springframework.web.context.request.ServletWebRequestTests" time="0.002"/>
  <system-out><![CDATA[]]></system-out>
  <system-err><![CDATA[]]></system-err>
</testsuite>
