<?xml version="1.0" encoding="UTF-8"?>
<testsuite name="org.springframework.web.method.annotation.ModelFactoryOrderingTests" tests="4" skipped="0" failures="0" errors="0" timestamp="2023-03-06T08:31:08" hostname="DESKTOP-VGJP1PJ" time="0.021">
  <properties/>
  <testcase name="unresolvedDependency()" classname="org.springframework.web.method.annotation.ModelFactoryOrderingTests" time="0.011"/>
  <testcase name="treeDependency()" classname="org.springframework.web.method.annotation.ModelFactoryOrderingTests" time="0.003"/>
  <testcase name="straightLineDependency()" classname="org.springframework.web.method.annotation.ModelFactoryOrderingTests" time="0.003"/>
  <testcase name="InvertedTreeDependency()" classname="org.springframework.web.method.annotation.ModelFactoryOrderingTests" time="0.004"/>
  <system-out><![CDATA[03:31:08.171 [Test worker] DEBUG o.s.w.m.a.ModelFactoryOrderingTests -  >> getA >> getC2 >> getC1 >> getC4 >> getC3
03:31:08.175 [Test worker] DEBUG o.s.w.m.a.ModelFactoryOrderingTests -  >> getA >> getB1 >> getC1 >> getB2 >> getC3 >> getC4 >> getC2
03:31:08.178 [Test worker] DEBUG o.s.w.m.a.ModelFactoryOrderingTests -  >> getA >> getB1 >> getB2 >> getC1 >> getC2 >> getC3 >> getC4
03:31:08.181 [Test worker] DEBUG o.s.w.m.a.ModelFactoryOrderingTests -  >> getC2 >> getC3 >> getC1 >> getB1 >> getC4 >> getB2 >> getA
]]></system-out>
  <system-err><![CDATA[]]></system-err>
</testsuite>
