<?xml version="1.0" encoding="UTF-8"?>
<testsuite name="org.springframework.web.server.session.WebSessionIntegrationTests" tests="20" skipped="0" failures="0" errors="0" timestamp="2023-03-06T08:31:18" hostname="DESKTOP-VGJP1PJ" time="1.408">
  <properties/>
  <testcase name="invalidate(HttpServer)[1]" classname="org.springframework.web.server.session.WebSessionIntegrationTests" time="0.026"/>
  <testcase name="invalidate(HttpServer)[2]" classname="org.springframework.web.server.session.WebSessionIntegrationTests" time="0.015"/>
  <testcase name="invalidate(HttpServer)[3]" classname="org.springframework.web.server.session.WebSessionIntegrationTests" time="0.228"/>
  <testcase name="invalidate(HttpServer)[4]" classname="org.springframework.web.server.session.WebSessionIntegrationTests" time="0.024"/>
  <testcase name="expiredSessionIsRecreated(HttpServer)[1]" classname="org.springframework.web.server.session.WebSessionIntegrationTests" time="0.026"/>
  <testcase name="expiredSessionIsRecreated(HttpServer)[2]" classname="org.springframework.web.server.session.WebSessionIntegrationTests" time="0.015"/>
  <testcase name="expiredSessionIsRecreated(HttpServer)[3]" classname="org.springframework.web.server.session.WebSessionIntegrationTests" time="0.193"/>
  <testcase name="expiredSessionIsRecreated(HttpServer)[4]" classname="org.springframework.web.server.session.WebSessionIntegrationTests" time="0.021"/>
  <testcase name="expiredSessionEnds(HttpServer)[1]" classname="org.springframework.web.server.session.WebSessionIntegrationTests" time="0.024"/>
  <testcase name="expiredSessionEnds(HttpServer)[2]" classname="org.springframework.web.server.session.WebSessionIntegrationTests" time="0.011"/>
  <testcase name="expiredSessionEnds(HttpServer)[3]" classname="org.springframework.web.server.session.WebSessionIntegrationTests" time="0.203"/>
  <testcase name="expiredSessionEnds(HttpServer)[4]" classname="org.springframework.web.server.session.WebSessionIntegrationTests" time="0.023"/>
  <testcase name="createSession(HttpServer)[1]" classname="org.springframework.web.server.session.WebSessionIntegrationTests" time="0.041"/>
  <testcase name="createSession(HttpServer)[2]" classname="org.springframework.web.server.session.WebSessionIntegrationTests" time="0.013"/>
  <testcase name="createSession(HttpServer)[3]" classname="org.springframework.web.server.session.WebSessionIntegrationTests" time="0.215"/>
  <testcase name="createSession(HttpServer)[4]" classname="org.springframework.web.server.session.WebSessionIntegrationTests" time="0.014"/>
  <testcase name="changeSessionId(HttpServer)[1]" classname="org.springframework.web.server.session.WebSessionIntegrationTests" time="0.019"/>
  <testcase name="changeSessionId(HttpServer)[2]" classname="org.springframework.web.server.session.WebSessionIntegrationTests" time="0.008"/>
  <testcase name="changeSessionId(HttpServer)[3]" classname="org.springframework.web.server.session.WebSessionIntegrationTests" time="0.189"/>
  <testcase name="changeSessionId(HttpServer)[4]" classname="org.springframework.web.server.session.WebSessionIntegrationTests" time="0.017"/>
  <system-out><![CDATA[03:31:18.611 [Test worker] DEBUG o.s.w.s.a.HttpWebHandlerAdapter - enableLoggingRequestDetails='false': form data and headers will be masked to prevent unsafe logging of potentially sensitive data
03:31:18.611 [Test worker] DEBUG o.s.w.t.h.s.r.b.JettyHttpServer - Starting JettyHttpServer...
03:31:18.618 [Test worker] DEBUG o.s.w.t.h.s.r.b.JettyHttpServer - Server started on port 61105(0 millis).
03:31:18.618 [Test worker] DEBUG o.s.w.c.RestTemplate - HTTP GET http://localhost:61105/
03:31:18.619 [Test worker] DEBUG o.s.w.c.RestTemplate - Accept=[application/xml, text/xml, application/json, application/x-jackson-smile, application/cbor, application/*+xml, application/*+json]
03:31:18.623 [qtp916393579-1398] DEBUG o.s.w.s.a.HttpWebHandlerAdapter - [2f577b2a] HTTP GET "/"
03:31:18.624 [boundedElastic-14] DEBUG o.s.w.s.s.DefaultWebSessionManager - Created new WebSession.
03:31:18.625 [boundedElastic-14] DEBUG o.s.w.s.a.HttpWebHandlerAdapter - [2f577b2a] Completed 200 OK
03:31:18.626 [Test worker] DEBUG o.s.w.c.RestTemplate - Response 200 OK
03:31:18.627 [Test worker] DEBUG o.s.w.c.RestTemplate - HTTP GET http://localhost:61105/?invalidate
03:31:18.627 [Test worker] DEBUG o.s.w.c.RestTemplate - Accept=[application/xml, text/xml, application/json, application/x-jackson-smile, application/cbor, application/*+xml, application/*+json]
03:31:18.629 [qtp916393579-1393] DEBUG o.s.w.s.a.HttpWebHandlerAdapter - [2e54323f] HTTP GET "/?invalidate"
03:31:18.631 [qtp916393579-1393] DEBUG o.s.w.s.a.HttpWebHandlerAdapter - [2e54323f] Completed 200 OK
03:31:18.631 [qtp916393579-1393] DEBUG o.s.w.s.s.DefaultWebSessionManager - WebSession expired or has been invalidated
03:31:18.632 [Test worker] DEBUG o.s.w.c.RestTemplate - Response 200 OK
03:31:18.632 [Test worker] DEBUG o.s.w.t.h.s.r.b.JettyHttpServer - Stopping JettyHttpServer...
03:31:18.636 [Test worker] DEBUG o.s.w.t.h.s.r.b.JettyHttpServer - Server stopped (0 millis).
03:31:18.641 [Test worker] DEBUG o.s.w.s.a.HttpWebHandlerAdapter - enableLoggingRequestDetails='false': form data and headers will be masked to prevent unsafe logging of potentially sensitive data
03:31:18.641 [Test worker] DEBUG o.s.w.t.h.s.r.b.ReactorHttpServer - Starting ReactorHttpServer...
03:31:18.644 [Test worker] DEBUG o.s.w.t.h.s.r.b.ReactorHttpServer - Server started on port 61111(0 millis).
03:31:18.644 [Test worker] DEBUG o.s.w.c.RestTemplate - HTTP GET http://localhost:61111/
03:31:18.644 [Test worker] DEBUG o.s.w.c.RestTemplate - Accept=[application/xml, text/xml, application/json, application/x-jackson-smile, application/cbor, application/*+xml, application/*+json]
03:31:18.648 [reactor-http-nio-2] DEBUG o.s.w.s.a.HttpWebHandlerAdapter - [95c96490-13] HTTP GET "/"
03:31:18.649 [boundedElastic-14] DEBUG o.s.w.s.s.DefaultWebSessionManager - Created new WebSession.
03:31:18.649 [boundedElastic-14] DEBUG o.s.w.s.a.HttpWebHandlerAdapter - [95c96490-13] Completed 200 OK
03:31:18.652 [Test worker] DEBUG o.s.w.c.RestTemplate - Response 200 OK
03:31:18.652 [Test worker] DEBUG o.s.w.c.RestTemplate - HTTP GET http://localhost:61111/?invalidate
03:31:18.652 [Test worker] DEBUG o.s.w.c.RestTemplate - Accept=[application/xml, text/xml, application/json, application/x-jackson-smile, application/cbor, application/*+xml, application/*+json]
03:31:18.653 [reactor-http-nio-2] DEBUG o.s.w.s.a.HttpWebHandlerAdapter - [95c96490-14] HTTP GET "/?invalidate"
03:31:18.653 [reactor-http-nio-2] DEBUG o.s.w.s.a.HttpWebHandlerAdapter - [95c96490-14] Completed 200 OK
03:31:18.654 [reactor-http-nio-2] DEBUG o.s.w.s.s.DefaultWebSessionManager - WebSession expired or has been invalidated
03:31:18.655 [Test worker] DEBUG o.s.w.c.RestTemplate - Response 200 OK
03:31:18.655 [Test worker] DEBUG o.s.w.t.h.s.r.b.ReactorHttpServer - Stopping ReactorHttpServer...
03:31:18.655 [Test worker] DEBUG o.s.w.t.h.s.r.b.ReactorHttpServer - Server stopped (0 millis).
03:31:18.660 [Test worker] DEBUG o.s.w.s.a.HttpWebHandlerAdapter - enableLoggingRequestDetails='false': form data and headers will be masked to prevent unsafe logging of potentially sensitive data
03:31:18.660 [Test worker] DEBUG o.s.w.t.h.s.r.b.TomcatHttpServer - Starting TomcatHttpServer...
03:31:18.676 [Test worker] DEBUG o.s.w.t.h.s.r.b.TomcatHttpServer - Server started on port 61113(0 millis).
03:31:18.676 [Test worker] DEBUG o.s.w.c.RestTemplate - HTTP GET http://localhost:61113/
03:31:18.677 [Test worker] DEBUG o.s.w.c.RestTemplate - Accept=[application/xml, text/xml, application/json, application/x-jackson-smile, application/cbor, application/*+xml, application/*+json]
03:31:18.688 [http-nio-auto-11-exec-1] DEBUG o.s.w.s.a.HttpWebHandlerAdapter - [bdc6c18] HTTP GET "/"
03:31:18.689 [boundedElastic-14] DEBUG o.s.w.s.s.DefaultWebSessionManager - Created new WebSession.
03:31:18.689 [boundedElastic-14] DEBUG o.s.w.s.a.HttpWebHandlerAdapter - [bdc6c18] Completed 200 OK
03:31:18.694 [Test worker] DEBUG o.s.w.c.RestTemplate - Response 200 OK
03:31:18.694 [Test worker] DEBUG o.s.w.c.RestTemplate - HTTP GET http://localhost:61113/?invalidate
03:31:18.694 [Test worker] DEBUG o.s.w.c.RestTemplate - Accept=[application/xml, text/xml, application/json, application/x-jackson-smile, application/cbor, application/*+xml, application/*+json]
03:31:18.697 [http-nio-auto-11-exec-4] DEBUG o.s.w.s.a.HttpWebHandlerAdapter - [7a414afe] HTTP GET "/?invalidate"
03:31:18.697 [http-nio-auto-11-exec-4] DEBUG o.s.w.s.a.HttpWebHandlerAdapter - [7a414afe] Completed 200 OK
03:31:18.697 [http-nio-auto-11-exec-4] DEBUG o.s.w.s.s.DefaultWebSessionManager - WebSession expired or has been invalidated
03:31:18.701 [Test worker] DEBUG o.s.w.c.RestTemplate - Response 200 OK
03:31:18.701 [Test worker] DEBUG o.s.w.t.h.s.r.b.TomcatHttpServer - Stopping TomcatHttpServer...
03:31:18.887 [Test worker] DEBUG o.s.w.t.h.s.r.b.TomcatHttpServer - Server stopped (0 millis).
03:31:18.891 [Test worker] DEBUG o.s.w.s.a.HttpWebHandlerAdapter - enableLoggingRequestDetails='false': form data and headers will be masked to prevent unsafe logging of potentially sensitive data
03:31:18.891 [Test worker] DEBUG o.s.w.t.h.s.r.b.UndertowHttpServer - Starting UndertowHttpServer...
03:31:18.900 [Test worker] DEBUG o.s.w.t.h.s.r.b.UndertowHttpServer - Server started on port 61131(0 millis).
03:31:18.900 [Test worker] DEBUG o.s.w.c.RestTemplate - HTTP GET http://localhost:61131/
03:31:18.901 [Test worker] DEBUG o.s.w.c.RestTemplate - Accept=[application/xml, text/xml, application/json, application/x-jackson-smile, application/cbor, application/*+xml, application/*+json]
03:31:18.904 [XNIO-12 I/O-3] DEBUG o.s.w.s.a.HttpWebHandlerAdapter - [56bcf754] HTTP GET "/"
03:31:18.905 [boundedElastic-14] DEBUG o.s.w.s.s.DefaultWebSessionManager - Created new WebSession.
03:31:18.905 [boundedElastic-14] DEBUG o.s.w.s.a.HttpWebHandlerAdapter - [56bcf754] Completed 200 OK
03:31:18.906 [Test worker] DEBUG o.s.w.c.RestTemplate - Response 200 OK
03:31:18.906 [Test worker] DEBUG o.s.w.c.RestTemplate - HTTP GET http://localhost:61131/?invalidate
03:31:18.907 [Test worker] DEBUG o.s.w.c.RestTemplate - Accept=[application/xml, text/xml, application/json, application/x-jackson-smile, application/cbor, application/*+xml, application/*+json]
03:31:18.909 [XNIO-12 I/O-3] DEBUG o.s.w.s.a.HttpWebHandlerAdapter - [56bcf754] HTTP GET "/?invalidate"
03:31:18.909 [XNIO-12 I/O-3] DEBUG o.s.w.s.a.HttpWebHandlerAdapter - [56bcf754] Completed 200 OK
03:31:18.909 [XNIO-12 I/O-3] DEBUG o.s.w.s.s.DefaultWebSessionManager - WebSession expired or has been invalidated
03:31:18.910 [Test worker] DEBUG o.s.w.c.RestTemplate - Response 200 OK
03:31:18.910 [Test worker] DEBUG o.s.w.t.h.s.r.b.UndertowHttpServer - Stopping UndertowHttpServer...
03:31:18.914 [Test worker] DEBUG o.s.w.t.h.s.r.b.UndertowHttpServer - Server stopped (0 millis).
03:31:18.920 [Test worker] DEBUG o.s.w.s.a.HttpWebHandlerAdapter - enableLoggingRequestDetails='false': form data and headers will be masked to prevent unsafe logging of potentially sensitive data
03:31:18.921 [Test worker] DEBUG o.s.w.t.h.s.r.b.JettyHttpServer - Starting JettyHttpServer...
03:31:18.929 [Test worker] DEBUG o.s.w.t.h.s.r.b.JettyHttpServer - Server started on port 61133(0 millis).
03:31:18.929 [Test worker] DEBUG o.s.w.c.RestTemplate - HTTP GET http://localhost:61133/
03:31:18.930 [Test worker] DEBUG o.s.w.c.RestTemplate - Accept=[application/xml, text/xml, application/json, application/x-jackson-smile, application/cbor, application/*+xml, application/*+json]
03:31:18.932 [qtp2113354149-1426] DEBUG o.s.w.s.a.HttpWebHandlerAdapter - [420c5ef0] HTTP GET "/"
03:31:18.933 [boundedElastic-14] DEBUG o.s.w.s.s.DefaultWebSessionManager - Created new WebSession.
03:31:18.933 [boundedElastic-14] DEBUG o.s.w.s.a.HttpWebHandlerAdapter - [420c5ef0] Completed 200 OK
03:31:18.934 [Test worker] DEBUG o.s.w.c.RestTemplate - Response 200 OK
03:31:18.935 [Test worker] DEBUG o.s.w.c.RestTemplate - HTTP GET http://localhost:61133/
03:31:18.935 [Test worker] DEBUG o.s.w.c.RestTemplate - Accept=[application/xml, text/xml, application/json, application/x-jackson-smile, application/cbor, application/*+xml, application/*+json]
03:31:18.937 [qtp2113354149-1423] DEBUG o.s.w.s.a.HttpWebHandlerAdapter - [6f2208fc] HTTP GET "/"
03:31:18.938 [qtp2113354149-1423] DEBUG o.s.w.s.a.HttpWebHandlerAdapter - [6f2208fc] Completed 200 OK
03:31:18.938 [Test worker] DEBUG o.s.w.c.RestTemplate - Response 200 OK
03:31:18.939 [Test worker] DEBUG o.s.w.c.RestTemplate - HTTP GET http://localhost:61133/
03:31:18.939 [Test worker] DEBUG o.s.w.c.RestTemplate - Accept=[application/xml, text/xml, application/json, application/x-jackson-smile, application/cbor, application/*+xml, application/*+json]
03:31:18.940 [qtp2113354149-1423] DEBUG o.s.w.s.a.HttpWebHandlerAdapter - [6b1d91c0] HTTP GET "/"
03:31:18.940 [boundedElastic-14] DEBUG o.s.w.s.s.DefaultWebSessionManager - Created new WebSession.
03:31:18.940 [boundedElastic-14] DEBUG o.s.w.s.a.HttpWebHandlerAdapter - [6b1d91c0] Completed 200 OK
03:31:18.941 [Test worker] DEBUG o.s.w.c.RestTemplate - Response 200 OK
03:31:18.941 [Test worker] DEBUG o.s.w.t.h.s.r.b.JettyHttpServer - Stopping JettyHttpServer...
03:31:18.946 [Test worker] DEBUG o.s.w.t.h.s.r.b.JettyHttpServer - Server stopped (0 millis).
03:31:18.949 [Test worker] DEBUG o.s.w.s.a.HttpWebHandlerAdapter - enableLoggingRequestDetails='false': form data and headers will be masked to prevent unsafe logging of potentially sensitive data
03:31:18.950 [Test worker] DEBUG o.s.w.t.h.s.r.b.ReactorHttpServer - Starting ReactorHttpServer...
03:31:18.950 [Test worker] DEBUG o.s.w.t.h.s.r.b.ReactorHttpServer - Server started on port 61139(0 millis).
03:31:18.951 [Test worker] DEBUG o.s.w.c.RestTemplate - HTTP GET http://localhost:61139/
03:31:18.951 [Test worker] DEBUG o.s.w.c.RestTemplate - Accept=[application/xml, text/xml, application/json, application/x-jackson-smile, application/cbor, application/*+xml, application/*+json]
03:31:18.954 [reactor-http-nio-4] DEBUG o.s.w.s.a.HttpWebHandlerAdapter - [c6b0298f-15] HTTP GET "/"
03:31:18.954 [boundedElastic-14] DEBUG o.s.w.s.s.DefaultWebSessionManager - Created new WebSession.
03:31:18.955 [boundedElastic-14] DEBUG o.s.w.s.a.HttpWebHandlerAdapter - [c6b0298f-15] Completed 200 OK
03:31:18.957 [Test worker] DEBUG o.s.w.c.RestTemplate - Response 200 OK
03:31:18.958 [Test worker] DEBUG o.s.w.c.RestTemplate - HTTP GET http://localhost:61139/
03:31:18.958 [Test worker] DEBUG o.s.w.c.RestTemplate - Accept=[application/xml, text/xml, application/json, application/x-jackson-smile, application/cbor, application/*+xml, application/*+json]
03:31:18.958 [reactor-http-nio-4] DEBUG o.s.w.s.a.HttpWebHandlerAdapter - [c6b0298f-16] HTTP GET "/"
03:31:18.959 [reactor-http-nio-4] DEBUG o.s.w.s.a.HttpWebHandlerAdapter - [c6b0298f-16] Completed 200 OK
03:31:18.959 [Test worker] DEBUG o.s.w.c.RestTemplate - Response 200 OK
03:31:18.960 [Test worker] DEBUG o.s.w.c.RestTemplate - HTTP GET http://localhost:61139/
03:31:18.960 [Test worker] DEBUG o.s.w.c.RestTemplate - Accept=[application/xml, text/xml, application/json, application/x-jackson-smile, application/cbor, application/*+xml, application/*+json]
03:31:18.960 [reactor-http-nio-4] DEBUG o.s.w.s.a.HttpWebHandlerAdapter - [c6b0298f-17] HTTP GET "/"
03:31:18.961 [boundedElastic-14] DEBUG o.s.w.s.s.DefaultWebSessionManager - Created new WebSession.
03:31:18.961 [boundedElastic-14] DEBUG o.s.w.s.a.HttpWebHandlerAdapter - [c6b0298f-17] Completed 200 OK
03:31:18.964 [Test worker] DEBUG o.s.w.c.RestTemplate - Response 200 OK
03:31:18.965 [Test worker] DEBUG o.s.w.t.h.s.r.b.ReactorHttpServer - Stopping ReactorHttpServer...
03:31:18.965 [Test worker] DEBUG o.s.w.t.h.s.r.b.ReactorHttpServer - Server stopped (0 millis).
03:31:18.969 [Test worker] DEBUG o.s.w.s.a.HttpWebHandlerAdapter - enableLoggingRequestDetails='false': form data and headers will be masked to prevent unsafe logging of potentially sensitive data
03:31:18.969 [Test worker] DEBUG o.s.w.t.h.s.r.b.TomcatHttpServer - Starting TomcatHttpServer...
03:31:18.979 [Test worker] DEBUG o.s.w.t.h.s.r.b.TomcatHttpServer - Server started on port 61141(0 millis).
03:31:18.979 [Test worker] DEBUG o.s.w.c.RestTemplate - HTTP GET http://localhost:61141/
03:31:18.979 [Test worker] DEBUG o.s.w.c.RestTemplate - Accept=[application/xml, text/xml, application/json, application/x-jackson-smile, application/cbor, application/*+xml, application/*+json]
03:31:18.985 [http-nio-auto-12-exec-1] DEBUG o.s.w.s.a.HttpWebHandlerAdapter - [6a81b344] HTTP GET "/"
03:31:18.985 [boundedElastic-14] DEBUG o.s.w.s.s.DefaultWebSessionManager - Created new WebSession.
03:31:18.985 [boundedElastic-14] DEBUG o.s.w.s.a.HttpWebHandlerAdapter - [6a81b344] Completed 200 OK
03:31:18.989 [Test worker] DEBUG o.s.w.c.RestTemplate - Response 200 OK
03:31:18.989 [Test worker] DEBUG o.s.w.c.RestTemplate - HTTP GET http://localhost:61141/
03:31:18.989 [Test worker] DEBUG o.s.w.c.RestTemplate - Accept=[application/xml, text/xml, application/json, application/x-jackson-smile, application/cbor, application/*+xml, application/*+json]
03:31:18.991 [http-nio-auto-12-exec-3] DEBUG o.s.w.s.a.HttpWebHandlerAdapter - [3f52248b] HTTP GET "/"
03:31:18.991 [http-nio-auto-12-exec-3] DEBUG o.s.w.s.a.HttpWebHandlerAdapter - [3f52248b] Completed 200 OK
03:31:18.992 [Test worker] DEBUG o.s.w.c.RestTemplate - Response 200 OK
03:31:18.993 [Test worker] DEBUG o.s.w.c.RestTemplate - HTTP GET http://localhost:61141/
03:31:18.993 [Test worker] DEBUG o.s.w.c.RestTemplate - Accept=[application/xml, text/xml, application/json, application/x-jackson-smile, application/cbor, application/*+xml, application/*+json]
03:31:18.994 [http-nio-auto-12-exec-4] DEBUG o.s.w.s.a.HttpWebHandlerAdapter - [29238720] HTTP GET "/"
03:31:18.994 [boundedElastic-14] DEBUG o.s.w.s.s.DefaultWebSessionManager - Created new WebSession.
03:31:18.994 [boundedElastic-14] DEBUG o.s.w.s.a.HttpWebHandlerAdapter - [29238720] Completed 200 OK
03:31:18.995 [Test worker] DEBUG o.s.w.c.RestTemplate - Response 200 OK
03:31:18.996 [Test worker] DEBUG o.s.w.t.h.s.r.b.TomcatHttpServer - Stopping TomcatHttpServer...
03:31:19.161 [Test worker] DEBUG o.s.w.t.h.s.r.b.TomcatHttpServer - Server stopped (0 millis).
03:31:19.165 [Test worker] DEBUG o.s.w.s.a.HttpWebHandlerAdapter - enableLoggingRequestDetails='false': form data and headers will be masked to prevent unsafe logging of potentially sensitive data
03:31:19.165 [Test worker] DEBUG o.s.w.t.h.s.r.b.UndertowHttpServer - Starting UndertowHttpServer...
03:31:19.174 [Test worker] DEBUG o.s.w.t.h.s.r.b.UndertowHttpServer - Server started on port 61159(0 millis).
03:31:19.174 [Test worker] DEBUG o.s.w.c.RestTemplate - HTTP GET http://localhost:61159/
03:31:19.174 [Test worker] DEBUG o.s.w.c.RestTemplate - Accept=[application/xml, text/xml, application/json, application/x-jackson-smile, application/cbor, application/*+xml, application/*+json]
03:31:19.177 [XNIO-13 I/O-4] DEBUG o.s.w.s.a.HttpWebHandlerAdapter - [4cc5cde1] HTTP GET "/"
03:31:19.177 [boundedElastic-14] DEBUG o.s.w.s.s.DefaultWebSessionManager - Created new WebSession.
03:31:19.177 [boundedElastic-14] DEBUG o.s.w.s.a.HttpWebHandlerAdapter - [4cc5cde1] Completed 200 OK
03:31:19.178 [Test worker] DEBUG o.s.w.c.RestTemplate - Response 200 OK
03:31:19.178 [Test worker] DEBUG o.s.w.c.RestTemplate - HTTP GET http://localhost:61159/
03:31:19.178 [Test worker] DEBUG o.s.w.c.RestTemplate - Accept=[application/xml, text/xml, application/json, application/x-jackson-smile, application/cbor, application/*+xml, application/*+json]
03:31:19.179 [XNIO-13 I/O-4] DEBUG o.s.w.s.a.HttpWebHandlerAdapter - [4cc5cde1] HTTP GET "/"
03:31:19.179 [XNIO-13 I/O-4] DEBUG o.s.w.s.a.HttpWebHandlerAdapter - [4cc5cde1] Completed 200 OK
03:31:19.180 [Test worker] DEBUG o.s.w.c.RestTemplate - Response 200 OK
03:31:19.180 [Test worker] DEBUG o.s.w.c.RestTemplate - HTTP GET http://localhost:61159/
03:31:19.180 [Test worker] DEBUG o.s.w.c.RestTemplate - Accept=[application/xml, text/xml, application/json, application/x-jackson-smile, application/cbor, application/*+xml, application/*+json]
03:31:19.181 [XNIO-13 I/O-4] DEBUG o.s.w.s.a.HttpWebHandlerAdapter - [4cc5cde1] HTTP GET "/"
03:31:19.181 [boundedElastic-14] DEBUG o.s.w.s.s.DefaultWebSessionManager - Created new WebSession.
03:31:19.181 [boundedElastic-14] DEBUG o.s.w.s.a.HttpWebHandlerAdapter - [4cc5cde1] Completed 200 OK
03:31:19.182 [Test worker] DEBUG o.s.w.c.RestTemplate - Response 200 OK
03:31:19.182 [Test worker] DEBUG o.s.w.t.h.s.r.b.UndertowHttpServer - Stopping UndertowHttpServer...
03:31:19.186 [Test worker] DEBUG o.s.w.t.h.s.r.b.UndertowHttpServer - Server stopped (0 millis).
03:31:19.190 [Test worker] DEBUG o.s.w.s.a.HttpWebHandlerAdapter - enableLoggingRequestDetails='false': form data and headers will be masked to prevent unsafe logging of potentially sensitive data
03:31:19.190 [Test worker] DEBUG o.s.w.t.h.s.r.b.JettyHttpServer - Starting JettyHttpServer...
03:31:19.197 [Test worker] DEBUG o.s.w.t.h.s.r.b.JettyHttpServer - Server started on port 61161(0 millis).
03:31:19.197 [Test worker] DEBUG o.s.w.c.RestTemplate - HTTP GET http://localhost:61161/
03:31:19.198 [Test worker] DEBUG o.s.w.c.RestTemplate - Accept=[application/xml, text/xml, application/json, application/x-jackson-smile, application/cbor, application/*+xml, application/*+json]
03:31:19.201 [qtp94119504-1455] DEBUG o.s.w.s.a.HttpWebHandlerAdapter - [21eaf6c2] HTTP GET "/"
03:31:19.201 [boundedElastic-14] DEBUG o.s.w.s.s.DefaultWebSessionManager - Created new WebSession.
03:31:19.201 [boundedElastic-14] DEBUG o.s.w.s.a.HttpWebHandlerAdapter - [21eaf6c2] Completed 200 OK
03:31:19.202 [Test worker] DEBUG o.s.w.c.RestTemplate - Response 200 OK
03:31:19.203 [Test worker] DEBUG o.s.w.c.RestTemplate - HTTP GET http://localhost:61161/?expire
03:31:19.204 [Test worker] DEBUG o.s.w.c.RestTemplate - Accept=[application/xml, text/xml, application/json, application/x-jackson-smile, application/cbor, application/*+xml, application/*+json]
03:31:19.208 [qtp94119504-1451] DEBUG o.s.w.s.a.HttpWebHandlerAdapter - [29b574af] HTTP GET "/?expire"
03:31:19.208 [boundedElastic-14] DEBUG o.s.w.s.s.DefaultWebSessionManager - Created new WebSession.
03:31:19.208 [boundedElastic-14] DEBUG o.s.w.s.a.HttpWebHandlerAdapter - [29b574af] Completed 200 OK
03:31:19.209 [boundedElastic-14] DEBUG o.s.w.s.s.DefaultWebSessionManager - WebSession expired or has been invalidated
03:31:19.209 [Test worker] DEBUG o.s.w.c.RestTemplate - Response 200 OK
03:31:19.209 [Test worker] DEBUG o.s.w.t.h.s.r.b.JettyHttpServer - Stopping JettyHttpServer...
03:31:19.213 [Test worker] DEBUG o.s.w.t.h.s.r.b.JettyHttpServer - Server stopped (0 millis).
03:31:19.218 [Test worker] DEBUG o.s.w.s.a.HttpWebHandlerAdapter - enableLoggingRequestDetails='false': form data and headers will be masked to prevent unsafe logging of potentially sensitive data
03:31:19.218 [Test worker] DEBUG o.s.w.t.h.s.r.b.ReactorHttpServer - Starting ReactorHttpServer...
03:31:19.219 [Test worker] DEBUG o.s.w.t.h.s.r.b.ReactorHttpServer - Server started on port 61167(0 millis).
03:31:19.219 [Test worker] DEBUG o.s.w.c.RestTemplate - HTTP GET http://localhost:61167/
03:31:19.220 [Test worker] DEBUG o.s.w.c.RestTemplate - Accept=[application/xml, text/xml, application/json, application/x-jackson-smile, application/cbor, application/*+xml, application/*+json]
03:31:19.222 [reactor-http-nio-2] DEBUG o.s.w.s.a.HttpWebHandlerAdapter - [f62df8fe-18] HTTP GET "/"
03:31:19.222 [boundedElastic-14] DEBUG o.s.w.s.s.DefaultWebSessionManager - Created new WebSession.
03:31:19.222 [boundedElastic-14] DEBUG o.s.w.s.a.HttpWebHandlerAdapter - [f62df8fe-18] Completed 200 OK
03:31:19.224 [Test worker] DEBUG o.s.w.c.RestTemplate - Response 200 OK
03:31:19.225 [Test worker] DEBUG o.s.w.c.RestTemplate - HTTP GET http://localhost:61167/?expire
03:31:19.225 [Test worker] DEBUG o.s.w.c.RestTemplate - Accept=[application/xml, text/xml, application/json, application/x-jackson-smile, application/cbor, application/*+xml, application/*+json]
03:31:19.226 [reactor-http-nio-2] DEBUG o.s.w.s.a.HttpWebHandlerAdapter - [f62df8fe-19] HTTP GET "/?expire"
03:31:19.226 [boundedElastic-14] DEBUG o.s.w.s.s.DefaultWebSessionManager - Created new WebSession.
03:31:19.227 [boundedElastic-14] DEBUG o.s.w.s.a.HttpWebHandlerAdapter - [f62df8fe-19] Completed 200 OK
03:31:19.227 [boundedElastic-14] DEBUG o.s.w.s.s.DefaultWebSessionManager - WebSession expired or has been invalidated
03:31:19.228 [Test worker] DEBUG o.s.w.c.RestTemplate - Response 200 OK
03:31:19.228 [Test worker] DEBUG o.s.w.t.h.s.r.b.ReactorHttpServer - Stopping ReactorHttpServer...
03:31:19.228 [Test worker] DEBUG o.s.w.t.h.s.r.b.ReactorHttpServer - Server stopped (0 millis).
03:31:19.232 [Test worker] DEBUG o.s.w.s.a.HttpWebHandlerAdapter - enableLoggingRequestDetails='false': form data and headers will be masked to prevent unsafe logging of potentially sensitive data
03:31:19.233 [Test worker] DEBUG o.s.w.t.h.s.r.b.TomcatHttpServer - Starting TomcatHttpServer...
03:31:19.253 [Test worker] DEBUG o.s.w.t.h.s.r.b.TomcatHttpServer - Server started on port 61169(0 millis).
03:31:19.253 [Test worker] DEBUG o.s.w.c.RestTemplate - HTTP GET http://localhost:61169/
03:31:19.253 [Test worker] DEBUG o.s.w.c.RestTemplate - Accept=[application/xml, text/xml, application/json, application/x-jackson-smile, application/cbor, application/*+xml, application/*+json]
03:31:19.259 [http-nio-auto-13-exec-1] DEBUG o.s.w.s.a.HttpWebHandlerAdapter - [1dd14d9c] HTTP GET "/"
03:31:19.259 [boundedElastic-14] DEBUG o.s.w.s.s.DefaultWebSessionManager - Created new WebSession.
03:31:19.260 [boundedElastic-14] DEBUG o.s.w.s.a.HttpWebHandlerAdapter - [1dd14d9c] Completed 200 OK
03:31:19.263 [Test worker] DEBUG o.s.w.c.RestTemplate - Response 200 OK
03:31:19.264 [Test worker] DEBUG o.s.w.c.RestTemplate - HTTP GET http://localhost:61169/?expire
03:31:19.264 [Test worker] DEBUG o.s.w.c.RestTemplate - Accept=[application/xml, text/xml, application/json, application/x-jackson-smile, application/cbor, application/*+xml, application/*+json]
03:31:19.265 [http-nio-auto-13-exec-2] DEBUG o.s.w.s.a.HttpWebHandlerAdapter - [55a2e402] HTTP GET "/?expire"
03:31:19.266 [boundedElastic-14] DEBUG o.s.w.s.s.DefaultWebSessionManager - Created new WebSession.
03:31:19.266 [boundedElastic-14] DEBUG o.s.w.s.a.HttpWebHandlerAdapter - [55a2e402] Completed 200 OK
03:31:19.266 [boundedElastic-14] DEBUG o.s.w.s.s.DefaultWebSessionManager - WebSession expired or has been invalidated
03:31:19.270 [Test worker] DEBUG o.s.w.c.RestTemplate - Response 200 OK
03:31:19.270 [Test worker] DEBUG o.s.w.t.h.s.r.b.TomcatHttpServer - Stopping TomcatHttpServer...
03:31:19.435 [Test worker] DEBUG o.s.w.t.h.s.r.b.TomcatHttpServer - Server stopped (0 millis).
03:31:19.450 [Test worker] DEBUG o.s.w.s.a.HttpWebHandlerAdapter - enableLoggingRequestDetails='false': form data and headers will be masked to prevent unsafe logging of potentially sensitive data
03:31:19.451 [Test worker] DEBUG o.s.w.t.h.s.r.b.UndertowHttpServer - Starting UndertowHttpServer...
03:31:19.461 [Test worker] DEBUG o.s.w.t.h.s.r.b.UndertowHttpServer - Server started on port 61187(0 millis).
03:31:19.461 [Test worker] DEBUG o.s.w.c.RestTemplate - HTTP GET http://localhost:61187/
03:31:19.461 [Test worker] DEBUG o.s.w.c.RestTemplate - Accept=[application/xml, text/xml, application/json, application/x-jackson-smile, application/cbor, application/*+xml, application/*+json]
03:31:19.464 [XNIO-14 I/O-2] DEBUG o.s.w.s.a.HttpWebHandlerAdapter - [4bb68eb2] HTTP GET "/"
03:31:19.464 [boundedElastic-14] DEBUG o.s.w.s.s.DefaultWebSessionManager - Created new WebSession.
03:31:19.464 [boundedElastic-14] DEBUG o.s.w.s.a.HttpWebHandlerAdapter - [4bb68eb2] Completed 200 OK
03:31:19.465 [Test worker] DEBUG o.s.w.c.RestTemplate - Response 200 OK
03:31:19.465 [Test worker] DEBUG o.s.w.c.RestTemplate - HTTP GET http://localhost:61187/?expire
03:31:19.466 [Test worker] DEBUG o.s.w.c.RestTemplate - Accept=[application/xml, text/xml, application/json, application/x-jackson-smile, application/cbor, application/*+xml, application/*+json]
03:31:19.466 [XNIO-14 I/O-2] DEBUG o.s.w.s.a.HttpWebHandlerAdapter - [4bb68eb2] HTTP GET "/?expire"
03:31:19.467 [boundedElastic-14] DEBUG o.s.w.s.s.DefaultWebSessionManager - Created new WebSession.
03:31:19.467 [boundedElastic-14] DEBUG o.s.w.s.a.HttpWebHandlerAdapter - [4bb68eb2] Completed 200 OK
03:31:19.467 [boundedElastic-14] DEBUG o.s.w.s.s.DefaultWebSessionManager - WebSession expired or has been invalidated
03:31:19.468 [Test worker] DEBUG o.s.w.c.RestTemplate - Response 200 OK
03:31:19.468 [Test worker] DEBUG o.s.w.t.h.s.r.b.UndertowHttpServer - Stopping UndertowHttpServer...
03:31:19.472 [Test worker] DEBUG o.s.w.t.h.s.r.b.UndertowHttpServer - Server stopped (0 millis).
03:31:19.478 [Test worker] DEBUG o.s.w.s.a.HttpWebHandlerAdapter - enableLoggingRequestDetails='false': form data and headers will be masked to prevent unsafe logging of potentially sensitive data
03:31:19.479 [Test worker] DEBUG o.s.w.t.h.s.r.b.JettyHttpServer - Starting JettyHttpServer...
03:31:19.487 [Test worker] DEBUG o.s.w.t.h.s.r.b.JettyHttpServer - Server started on port 61189(0 millis).
03:31:19.487 [Test worker] DEBUG o.s.w.c.RestTemplate - HTTP GET http://localhost:61189/
03:31:19.487 [Test worker] DEBUG o.s.w.c.RestTemplate - Accept=[application/xml, text/xml, application/json, application/x-jackson-smile, application/cbor, application/*+xml, application/*+json]
03:31:19.490 [qtp339873531-1482] DEBUG o.s.w.s.a.HttpWebHandlerAdapter - [221262d1] HTTP GET "/"
03:31:19.491 [boundedElastic-14] DEBUG o.s.w.s.s.DefaultWebSessionManager - Created new WebSession.
03:31:19.491 [boundedElastic-14] DEBUG o.s.w.s.a.HttpWebHandlerAdapter - [221262d1] Completed 200 OK
03:31:19.492 [Test worker] DEBUG o.s.w.c.RestTemplate - Response 200 OK
03:31:19.492 [Test worker] DEBUG o.s.w.c.RestTemplate - HTTP GET http://localhost:61189/
03:31:19.492 [Test worker] DEBUG o.s.w.c.RestTemplate - Accept=[application/xml, text/xml, application/json, application/x-jackson-smile, application/cbor, application/*+xml, application/*+json]
03:31:19.495 [qtp339873531-1486] DEBUG o.s.w.s.a.HttpWebHandlerAdapter - [5b2c891d] HTTP GET "/"
03:31:19.495 [qtp339873531-1486] DEBUG o.s.w.s.a.HttpWebHandlerAdapter - [5b2c891d] Completed 200 OK
03:31:19.497 [Test worker] DEBUG o.s.w.c.RestTemplate - Response 200 OK
03:31:19.497 [Test worker] DEBUG o.s.w.t.h.s.r.b.JettyHttpServer - Stopping JettyHttpServer...
03:31:19.518 [Test worker] DEBUG o.s.w.t.h.s.r.b.JettyHttpServer - Server stopped (0 millis).
03:31:19.523 [Test worker] DEBUG o.s.w.s.a.HttpWebHandlerAdapter - enableLoggingRequestDetails='false': form data and headers will be masked to prevent unsafe logging of potentially sensitive data
03:31:19.523 [Test worker] DEBUG o.s.w.t.h.s.r.b.ReactorHttpServer - Starting ReactorHttpServer...
03:31:19.524 [Test worker] DEBUG o.s.w.t.h.s.r.b.ReactorHttpServer - Server started on port 61195(0 millis).
03:31:19.525 [Test worker] DEBUG o.s.w.c.RestTemplate - HTTP GET http://localhost:61195/
03:31:19.526 [Test worker] DEBUG o.s.w.c.RestTemplate - Accept=[application/xml, text/xml, application/json, application/x-jackson-smile, application/cbor, application/*+xml, application/*+json]
03:31:19.529 [reactor-http-nio-4] DEBUG o.s.w.s.a.HttpWebHandlerAdapter - [91269e81-20] HTTP GET "/"
03:31:19.530 [boundedElastic-14] DEBUG o.s.w.s.s.DefaultWebSessionManager - Created new WebSession.
03:31:19.530 [boundedElastic-14] DEBUG o.s.w.s.a.HttpWebHandlerAdapter - [91269e81-20] Completed 200 OK
03:31:19.533 [Test worker] DEBUG o.s.w.c.RestTemplate - Response 200 OK
03:31:19.533 [Test worker] DEBUG o.s.w.c.RestTemplate - HTTP GET http://localhost:61195/
03:31:19.534 [Test worker] DEBUG o.s.w.c.RestTemplate - Accept=[application/xml, text/xml, application/json, application/x-jackson-smile, application/cbor, application/*+xml, application/*+json]
03:31:19.534 [reactor-http-nio-4] DEBUG o.s.w.s.a.HttpWebHandlerAdapter - [91269e81-21] HTTP GET "/"
03:31:19.535 [reactor-http-nio-4] DEBUG o.s.w.s.a.HttpWebHandlerAdapter - [91269e81-21] Completed 200 OK
03:31:19.536 [Test worker] DEBUG o.s.w.c.RestTemplate - Response 200 OK
03:31:19.536 [Test worker] DEBUG o.s.w.t.h.s.r.b.ReactorHttpServer - Stopping ReactorHttpServer...
03:31:19.536 [Test worker] DEBUG o.s.w.t.h.s.r.b.ReactorHttpServer - Server stopped (0 millis).
03:31:19.540 [Test worker] DEBUG o.s.w.s.a.HttpWebHandlerAdapter - enableLoggingRequestDetails='false': form data and headers will be masked to prevent unsafe logging of potentially sensitive data
03:31:19.541 [Test worker] DEBUG o.s.w.t.h.s.r.b.TomcatHttpServer - Starting TomcatHttpServer...
03:31:19.553 [Test worker] DEBUG o.s.w.t.h.s.r.b.TomcatHttpServer - Server started on port 61197(0 millis).
03:31:19.554 [Test worker] DEBUG o.s.w.c.RestTemplate - HTTP GET http://localhost:61197/
03:31:19.554 [Test worker] DEBUG o.s.w.c.RestTemplate - Accept=[application/xml, text/xml, application/json, application/x-jackson-smile, application/cbor, application/*+xml, application/*+json]
03:31:19.561 [http-nio-auto-14-exec-1] DEBUG o.s.w.s.a.HttpWebHandlerAdapter - [6d7912cf] HTTP GET "/"
03:31:19.561 [boundedElastic-14] DEBUG o.s.w.s.s.DefaultWebSessionManager - Created new WebSession.
03:31:19.561 [boundedElastic-14] DEBUG o.s.w.s.a.HttpWebHandlerAdapter - [6d7912cf] Completed 200 OK
03:31:19.566 [Test worker] DEBUG o.s.w.c.RestTemplate - Response 200 OK
03:31:19.566 [Test worker] DEBUG o.s.w.c.RestTemplate - HTTP GET http://localhost:61197/
03:31:19.567 [Test worker] DEBUG o.s.w.c.RestTemplate - Accept=[application/xml, text/xml, application/json, application/x-jackson-smile, application/cbor, application/*+xml, application/*+json]
03:31:19.571 [http-nio-auto-14-exec-2] DEBUG o.s.w.s.a.HttpWebHandlerAdapter - [1120f003] HTTP GET "/"
03:31:19.572 [http-nio-auto-14-exec-2] DEBUG o.s.w.s.a.HttpWebHandlerAdapter - [1120f003] Completed 200 OK
03:31:19.573 [Test worker] DEBUG o.s.w.c.RestTemplate - Response 200 OK
03:31:19.573 [Test worker] DEBUG o.s.w.t.h.s.r.b.TomcatHttpServer - Stopping TomcatHttpServer...
03:31:19.754 [Test worker] DEBUG o.s.w.t.h.s.r.b.TomcatHttpServer - Server stopped (0 millis).
03:31:19.758 [Test worker] DEBUG o.s.w.s.a.HttpWebHandlerAdapter - enableLoggingRequestDetails='false': form data and headers will be masked to prevent unsafe logging of potentially sensitive data
03:31:19.758 [Test worker] DEBUG o.s.w.t.h.s.r.b.UndertowHttpServer - Starting UndertowHttpServer...
03:31:19.765 [Test worker] DEBUG o.s.w.t.h.s.r.b.UndertowHttpServer - Server started on port 61215(0 millis).
03:31:19.766 [Test worker] DEBUG o.s.w.c.RestTemplate - HTTP GET http://localhost:61215/
03:31:19.766 [Test worker] DEBUG o.s.w.c.RestTemplate - Accept=[application/xml, text/xml, application/json, application/x-jackson-smile, application/cbor, application/*+xml, application/*+json]
03:31:19.768 [XNIO-15 I/O-4] DEBUG o.s.w.s.a.HttpWebHandlerAdapter - [2113139c] HTTP GET "/"
03:31:19.768 [boundedElastic-14] DEBUG o.s.w.s.s.DefaultWebSessionManager - Created new WebSession.
03:31:19.768 [boundedElastic-14] DEBUG o.s.w.s.a.HttpWebHandlerAdapter - [2113139c] Completed 200 OK
03:31:19.769 [Test worker] DEBUG o.s.w.c.RestTemplate - Response 200 OK
03:31:19.769 [Test worker] DEBUG o.s.w.c.RestTemplate - HTTP GET http://localhost:61215/
03:31:19.769 [Test worker] DEBUG o.s.w.c.RestTemplate - Accept=[application/xml, text/xml, application/json, application/x-jackson-smile, application/cbor, application/*+xml, application/*+json]
03:31:19.770 [XNIO-15 I/O-4] DEBUG o.s.w.s.a.HttpWebHandlerAdapter - [2113139c] HTTP GET "/"
03:31:19.770 [XNIO-15 I/O-4] DEBUG o.s.w.s.a.HttpWebHandlerAdapter - [2113139c] Completed 200 OK
03:31:19.770 [Test worker] DEBUG o.s.w.c.RestTemplate - Response 200 OK
03:31:19.770 [Test worker] DEBUG o.s.w.t.h.s.r.b.UndertowHttpServer - Stopping UndertowHttpServer...
03:31:19.773 [Test worker] DEBUG o.s.w.t.h.s.r.b.UndertowHttpServer - Server stopped (0 millis).
03:31:19.776 [Test worker] DEBUG o.s.w.s.a.HttpWebHandlerAdapter - enableLoggingRequestDetails='false': form data and headers will be masked to prevent unsafe logging of potentially sensitive data
03:31:19.776 [Test worker] DEBUG o.s.w.t.h.s.r.b.JettyHttpServer - Starting JettyHttpServer...
03:31:19.782 [Test worker] DEBUG o.s.w.t.h.s.r.b.JettyHttpServer - Server started on port 61217(0 millis).
03:31:19.782 [Test worker] DEBUG o.s.w.c.RestTemplate - HTTP GET http://localhost:61217/
03:31:19.782 [Test worker] DEBUG o.s.w.c.RestTemplate - Accept=[application/xml, text/xml, application/json, application/x-jackson-smile, application/cbor, application/*+xml, application/*+json]
03:31:19.784 [qtp1168165869-1513] DEBUG o.s.w.s.a.HttpWebHandlerAdapter - [1b95c5ea] HTTP GET "/"
03:31:19.785 [boundedElastic-14] DEBUG o.s.w.s.s.DefaultWebSessionManager - Created new WebSession.
03:31:19.785 [boundedElastic-14] DEBUG o.s.w.s.a.HttpWebHandlerAdapter - [1b95c5ea] Completed 200 OK
03:31:19.786 [Test worker] DEBUG o.s.w.c.RestTemplate - Response 200 OK
03:31:19.787 [Test worker] DEBUG o.s.w.c.RestTemplate - HTTP GET http://localhost:61217/?changeId
03:31:19.787 [Test worker] DEBUG o.s.w.c.RestTemplate - Accept=[application/xml, text/xml, application/json, application/x-jackson-smile, application/cbor, application/*+xml, application/*+json]
03:31:19.790 [qtp1168165869-1509] DEBUG o.s.w.s.a.HttpWebHandlerAdapter - [2f293ef8] HTTP GET "/?changeId"
03:31:19.792 [qtp1168165869-1509] DEBUG o.s.w.s.a.HttpWebHandlerAdapter - [2f293ef8] Completed 200 OK
03:31:19.792 [Test worker] DEBUG o.s.w.c.RestTemplate - Response 200 OK
03:31:19.792 [Test worker] DEBUG o.s.w.t.h.s.r.b.JettyHttpServer - Stopping JettyHttpServer...
03:31:19.794 [Test worker] DEBUG o.s.w.t.h.s.r.b.JettyHttpServer - Server stopped (0 millis).
03:31:19.799 [Test worker] DEBUG o.s.w.s.a.HttpWebHandlerAdapter - enableLoggingRequestDetails='false': form data and headers will be masked to prevent unsafe logging of potentially sensitive data
03:31:19.799 [Test worker] DEBUG o.s.w.t.h.s.r.b.ReactorHttpServer - Starting ReactorHttpServer...
03:31:19.800 [Test worker] DEBUG o.s.w.t.h.s.r.b.ReactorHttpServer - Server started on port 61223(0 millis).
03:31:19.800 [Test worker] DEBUG o.s.w.c.RestTemplate - HTTP GET http://localhost:61223/
03:31:19.800 [Test worker] DEBUG o.s.w.c.RestTemplate - Accept=[application/xml, text/xml, application/json, application/x-jackson-smile, application/cbor, application/*+xml, application/*+json]
03:31:19.802 [reactor-http-nio-2] DEBUG o.s.w.s.a.HttpWebHandlerAdapter - [e116daf8-22] HTTP GET "/"
03:31:19.802 [boundedElastic-14] DEBUG o.s.w.s.s.DefaultWebSessionManager - Created new WebSession.
03:31:19.802 [boundedElastic-14] DEBUG o.s.w.s.a.HttpWebHandlerAdapter - [e116daf8-22] Completed 200 OK
03:31:19.804 [Test worker] DEBUG o.s.w.c.RestTemplate - Response 200 OK
03:31:19.804 [Test worker] DEBUG o.s.w.c.RestTemplate - HTTP GET http://localhost:61223/?changeId
03:31:19.804 [Test worker] DEBUG o.s.w.c.RestTemplate - Accept=[application/xml, text/xml, application/json, application/x-jackson-smile, application/cbor, application/*+xml, application/*+json]
03:31:19.805 [reactor-http-nio-2] DEBUG o.s.w.s.a.HttpWebHandlerAdapter - [e116daf8-23] HTTP GET "/?changeId"
03:31:19.805 [reactor-http-nio-2] DEBUG o.s.w.s.a.HttpWebHandlerAdapter - [e116daf8-23] Completed 200 OK
03:31:19.806 [Test worker] DEBUG o.s.w.c.RestTemplate - Response 200 OK
03:31:19.806 [Test worker] DEBUG o.s.w.t.h.s.r.b.ReactorHttpServer - Stopping ReactorHttpServer...
03:31:19.807 [Test worker] DEBUG o.s.w.t.h.s.r.b.ReactorHttpServer - Server stopped (0 millis).
03:31:19.809 [Test worker] DEBUG o.s.w.s.a.HttpWebHandlerAdapter - enableLoggingRequestDetails='false': form data and headers will be masked to prevent unsafe logging of potentially sensitive data
03:31:19.810 [Test worker] DEBUG o.s.w.t.h.s.r.b.TomcatHttpServer - Starting TomcatHttpServer...
03:31:19.821 [Test worker] DEBUG o.s.w.t.h.s.r.b.TomcatHttpServer - Server started on port 61225(0 millis).
03:31:19.821 [Test worker] DEBUG o.s.w.c.RestTemplate - HTTP GET http://localhost:61225/
03:31:19.821 [Test worker] DEBUG o.s.w.c.RestTemplate - Accept=[application/xml, text/xml, application/json, application/x-jackson-smile, application/cbor, application/*+xml, application/*+json]
03:31:19.826 [http-nio-auto-15-exec-1] DEBUG o.s.w.s.a.HttpWebHandlerAdapter - [a94b604] HTTP GET "/"
03:31:19.827 [boundedElastic-14] DEBUG o.s.w.s.s.DefaultWebSessionManager - Created new WebSession.
03:31:19.827 [boundedElastic-14] DEBUG o.s.w.s.a.HttpWebHandlerAdapter - [a94b604] Completed 200 OK
03:31:19.830 [Test worker] DEBUG o.s.w.c.RestTemplate - Response 200 OK
03:31:19.830 [Test worker] DEBUG o.s.w.c.RestTemplate - HTTP GET http://localhost:61225/?changeId
03:31:19.831 [Test worker] DEBUG o.s.w.c.RestTemplate - Accept=[application/xml, text/xml, application/json, application/x-jackson-smile, application/cbor, application/*+xml, application/*+json]
03:31:19.832 [http-nio-auto-15-exec-3] DEBUG o.s.w.s.a.HttpWebHandlerAdapter - [2244410e] HTTP GET "/?changeId"
03:31:19.832 [http-nio-auto-15-exec-3] DEBUG o.s.w.s.a.HttpWebHandlerAdapter - [2244410e] Completed 200 OK
03:31:19.833 [Test worker] DEBUG o.s.w.c.RestTemplate - Response 200 OK
03:31:19.833 [Test worker] DEBUG o.s.w.t.h.s.r.b.TomcatHttpServer - Stopping TomcatHttpServer...
03:31:19.998 [Test worker] DEBUG o.s.w.t.h.s.r.b.TomcatHttpServer - Server stopped (0 millis).
03:31:20.001 [Test worker] DEBUG o.s.w.s.a.HttpWebHandlerAdapter - enableLoggingRequestDetails='false': form data and headers will be masked to prevent unsafe logging of potentially sensitive data
03:31:20.001 [Test worker] DEBUG o.s.w.t.h.s.r.b.UndertowHttpServer - Starting UndertowHttpServer...
03:31:20.007 [Test worker] DEBUG o.s.w.t.h.s.r.b.UndertowHttpServer - Server started on port 61243(0 millis).
03:31:20.008 [Test worker] DEBUG o.s.w.c.RestTemplate - HTTP GET http://localhost:61243/
03:31:20.008 [Test worker] DEBUG o.s.w.c.RestTemplate - Accept=[application/xml, text/xml, application/json, application/x-jackson-smile, application/cbor, application/*+xml, application/*+json]
03:31:20.010 [XNIO-16 I/O-1] DEBUG o.s.w.s.a.HttpWebHandlerAdapter - [24777b15] HTTP GET "/"
03:31:20.010 [boundedElastic-14] DEBUG o.s.w.s.s.DefaultWebSessionManager - Created new WebSession.
03:31:20.011 [boundedElastic-14] DEBUG o.s.w.s.a.HttpWebHandlerAdapter - [24777b15] Completed 200 OK
03:31:20.011 [Test worker] DEBUG o.s.w.c.RestTemplate - Response 200 OK
03:31:20.012 [Test worker] DEBUG o.s.w.c.RestTemplate - HTTP GET http://localhost:61243/?changeId
03:31:20.012 [Test worker] DEBUG o.s.w.c.RestTemplate - Accept=[application/xml, text/xml, application/json, application/x-jackson-smile, application/cbor, application/*+xml, application/*+json]
03:31:20.012 [XNIO-16 I/O-1] DEBUG o.s.w.s.a.HttpWebHandlerAdapter - [24777b15] HTTP GET "/?changeId"
03:31:20.013 [XNIO-16 I/O-1] DEBUG o.s.w.s.a.HttpWebHandlerAdapter - [24777b15] Completed 200 OK
03:31:20.013 [Test worker] DEBUG o.s.w.c.RestTemplate - Response 200 OK
03:31:20.014 [Test worker] DEBUG o.s.w.t.h.s.r.b.UndertowHttpServer - Stopping UndertowHttpServer...
03:31:20.018 [Test worker] DEBUG o.s.w.t.h.s.r.b.UndertowHttpServer - Server stopped (0 millis).
]]></system-out>
  <system-err><![CDATA[Mar 06, 2023 3:31:18 AM org.apache.catalina.core.StandardService startInternal
INFO: Starting service [Tomcat]
Mar 06, 2023 3:31:18 AM org.apache.catalina.core.StandardEngine startInternal
INFO: Starting Servlet engine: [Apache Tomcat/9.0.36]
Mar 06, 2023 3:31:18 AM org.apache.coyote.AbstractProtocol init
INFO: Initializing ProtocolHandler ["http-nio-auto-11"]
Mar 06, 2023 3:31:18 AM org.apache.coyote.AbstractProtocol start
INFO: Starting ProtocolHandler ["http-nio-auto-11-61113"]
Mar 06, 2023 3:31:18 AM org.apache.coyote.AbstractProtocol pause
INFO: Pausing ProtocolHandler ["http-nio-auto-11-61113"]
Mar 06, 2023 3:31:18 AM org.apache.catalina.core.StandardService stopInternal
INFO: Stopping service [Tomcat]
Mar 06, 2023 3:31:18 AM org.apache.coyote.AbstractProtocol stop
INFO: Stopping ProtocolHandler ["http-nio-auto-11-61113"]
Mar 06, 2023 3:31:18 AM org.apache.coyote.AbstractProtocol destroy
INFO: Destroying ProtocolHandler ["http-nio-auto-11-61113"]
Mar 06, 2023 3:31:18 AM org.apache.catalina.core.StandardService startInternal
INFO: Starting service [Tomcat]
Mar 06, 2023 3:31:18 AM org.apache.catalina.core.StandardEngine startInternal
INFO: Starting Servlet engine: [Apache Tomcat/9.0.36]
Mar 06, 2023 3:31:18 AM org.apache.coyote.AbstractProtocol init
INFO: Initializing ProtocolHandler ["http-nio-auto-12"]
Mar 06, 2023 3:31:18 AM org.apache.coyote.AbstractProtocol start
INFO: Starting ProtocolHandler ["http-nio-auto-12-61141"]
Mar 06, 2023 3:31:18 AM org.apache.coyote.AbstractProtocol pause
INFO: Pausing ProtocolHandler ["http-nio-auto-12-61141"]
Mar 06, 2023 3:31:19 AM org.apache.catalina.core.StandardService stopInternal
INFO: Stopping service [Tomcat]
Mar 06, 2023 3:31:19 AM org.apache.coyote.AbstractProtocol stop
INFO: Stopping ProtocolHandler ["http-nio-auto-12-61141"]
Mar 06, 2023 3:31:19 AM org.apache.coyote.AbstractProtocol destroy
INFO: Destroying ProtocolHandler ["http-nio-auto-12-61141"]
Mar 06, 2023 3:31:19 AM org.apache.catalina.core.StandardService startInternal
INFO: Starting service [Tomcat]
Mar 06, 2023 3:31:19 AM org.apache.catalina.core.StandardEngine startInternal
INFO: Starting Servlet engine: [Apache Tomcat/9.0.36]
Mar 06, 2023 3:31:19 AM org.apache.coyote.AbstractProtocol init
INFO: Initializing ProtocolHandler ["http-nio-auto-13"]
Mar 06, 2023 3:31:19 AM org.apache.coyote.AbstractProtocol start
INFO: Starting ProtocolHandler ["http-nio-auto-13-61169"]
Mar 06, 2023 3:31:19 AM org.apache.coyote.AbstractProtocol pause
INFO: Pausing ProtocolHandler ["http-nio-auto-13-61169"]
Mar 06, 2023 3:31:19 AM org.apache.catalina.core.StandardService stopInternal
INFO: Stopping service [Tomcat]
Mar 06, 2023 3:31:19 AM org.apache.coyote.AbstractProtocol stop
INFO: Stopping ProtocolHandler ["http-nio-auto-13-61169"]
Mar 06, 2023 3:31:19 AM org.apache.coyote.AbstractProtocol destroy
INFO: Destroying ProtocolHandler ["http-nio-auto-13-61169"]
Mar 06, 2023 3:31:19 AM org.apache.catalina.core.StandardService startInternal
INFO: Starting service [Tomcat]
Mar 06, 2023 3:31:19 AM org.apache.catalina.core.StandardEngine startInternal
INFO: Starting Servlet engine: [Apache Tomcat/9.0.36]
Mar 06, 2023 3:31:19 AM org.apache.coyote.AbstractProtocol init
INFO: Initializing ProtocolHandler ["http-nio-auto-14"]
Mar 06, 2023 3:31:19 AM org.apache.coyote.AbstractProtocol start
INFO: Starting ProtocolHandler ["http-nio-auto-14-61197"]
Mar 06, 2023 3:31:19 AM org.apache.coyote.AbstractProtocol pause
INFO: Pausing ProtocolHandler ["http-nio-auto-14-61197"]
Mar 06, 2023 3:31:19 AM org.apache.catalina.core.StandardService stopInternal
INFO: Stopping service [Tomcat]
Mar 06, 2023 3:31:19 AM org.apache.coyote.AbstractProtocol stop
INFO: Stopping ProtocolHandler ["http-nio-auto-14-61197"]
Mar 06, 2023 3:31:19 AM org.apache.coyote.AbstractProtocol destroy
INFO: Destroying ProtocolHandler ["http-nio-auto-14-61197"]
Mar 06, 2023 3:31:19 AM org.apache.catalina.core.StandardService startInternal
INFO: Starting service [Tomcat]
Mar 06, 2023 3:31:19 AM org.apache.catalina.core.StandardEngine startInternal
INFO: Starting Servlet engine: [Apache Tomcat/9.0.36]
Mar 06, 2023 3:31:19 AM org.apache.coyote.AbstractProtocol init
INFO: Initializing ProtocolHandler ["http-nio-auto-15"]
Mar 06, 2023 3:31:19 AM org.apache.coyote.AbstractProtocol start
INFO: Starting ProtocolHandler ["http-nio-auto-15-61225"]
Mar 06, 2023 3:31:19 AM org.apache.coyote.AbstractProtocol pause
INFO: Pausing ProtocolHandler ["http-nio-auto-15-61225"]
Mar 06, 2023 3:31:19 AM org.apache.catalina.core.StandardService stopInternal
INFO: Stopping service [Tomcat]
Mar 06, 2023 3:31:19 AM org.apache.coyote.AbstractProtocol stop
INFO: Stopping ProtocolHandler ["http-nio-auto-15-61225"]
Mar 06, 2023 3:31:19 AM org.apache.coyote.AbstractProtocol destroy
INFO: Destroying ProtocolHandler ["http-nio-auto-15-61225"]
]]></system-err>
</testsuite>
