<?xml version="1.0" encoding="UTF-8"?>
<testsuite name="org.springframework.http.server.reactive.ContextPathCompositeHandlerTests" tests="6" skipped="0" failures="0" errors="0" timestamp="2023-03-06T08:30:54" hostname="DESKTOP-VGJP1PJ" time="0.044">
  <properties/>
  <testcase name="notFoundWithCommitAction()" classname="org.springframework.http.server.reactive.ContextPathCompositeHandlerTests" time="0.018"/>
  <testcase name="invalidContextPath()" classname="org.springframework.http.server.reactive.ContextPathCompositeHandlerTests" time="0.003"/>
  <testcase name="match()" classname="org.springframework.http.server.reactive.ContextPathCompositeHandlerTests" time="0.017"/>
  <testcase name="matchWithContextPathEqualToPath()" classname="org.springframework.http.server.reactive.ContextPathCompositeHandlerTests" time="0.0"/>
  <testcase name="notFound()" classname="org.springframework.http.server.reactive.ContextPathCompositeHandlerTests" time="0.001"/>
  <testcase name="matchWithNativeContextPath()" classname="org.springframework.http.server.reactive.ContextPathCompositeHandlerTests" time="0.001"/>
  <system-out><![CDATA[]]></system-out>
  <system-err><![CDATA[]]></system-err>
</testsuite>
