<?xml version="1.0" encoding="UTF-8"?>
<testsuite name="org.springframework.web.method.annotation.WebArgumentResolverAdapterTests" tests="8" skipped="0" failures="0" errors="0" timestamp="2023-03-06T08:31:08" hostname="DESKTOP-VGJP1PJ" time="0.016">
  <properties/>
  <testcase name="resolveArgumentUnresolved()" classname="org.springframework.web.method.annotation.WebArgumentResolverAdapterTests" time="0.009"/>
  <testcase name="resolveArgumentThrowsException()" classname="org.springframework.web.method.annotation.WebArgumentResolverAdapterTests" time="0.002"/>
  <testcase name="resolveArgument()" classname="org.springframework.web.method.annotation.WebArgumentResolverAdapterTests" time="0.0"/>
  <testcase name="supportsParameterUnresolved()" classname="org.springframework.web.method.annotation.WebArgumentResolverAdapterTests" time="0.001"/>
  <testcase name="supportsParameterWrongType()" classname="org.springframework.web.method.annotation.WebArgumentResolverAdapterTests" time="0.001"/>
  <testcase name="resolveArgumentWrongType()" classname="org.springframework.web.method.annotation.WebArgumentResolverAdapterTests" time="0.001"/>
  <testcase name="supportsParameter()" classname="org.springframework.web.method.annotation.WebArgumentResolverAdapterTests" time="0.001"/>
  <testcase name="supportsParameterThrowsException()" classname="org.springframework.web.method.annotation.WebArgumentResolverAdapterTests" time="0.001"/>
  <system-out><![CDATA[03:31:08.581 [Test worker] DEBUG o.s.w.m.a.WebArgumentResolverAdapterTests$TestWebArgumentResolverAdapter - Error in checking support for parameter [method 'handle' parameter 0]: null
]]></system-out>
  <system-err><![CDATA[]]></system-err>
</testsuite>
