<?xml version="1.0" encoding="UTF-8"?>
<testsuite name="org.springframework.web.context.support.StandardServletEnvironmentTests" tests="1" skipped="0" failures="0" errors="0" timestamp="2023-03-06T08:31:06" hostname="DESKTOP-VGJP1PJ" time="0.008">
  <properties/>
  <testcase name="propertySourceOrder()" classname="org.springframework.web.context.support.StandardServletEnvironmentTests" time="0.008"/>
  <system-out><![CDATA[]]></system-out>
  <system-err><![CDATA[]]></system-err>
</testsuite>
