<?xml version="1.0" encoding="UTF-8"?>
<testsuite name="org.springframework.web.context.support.SpringBeanAutowiringSupportTests" tests="1" skipped="0" failures="0" errors="0" timestamp="2023-03-06T08:31:06" hostname="DESKTOP-VGJP1PJ" time="0.01">
  <properties/>
  <testcase name="testProcessInjectionBasedOnServletContext()" classname="org.springframework.web.context.support.SpringBeanAutowiringSupportTests" time="0.01"/>
  <system-out><![CDATA[03:31:06.893 [Test worker] DEBUG o.s.w.c.s.StaticWebApplicationContext - Refreshing Root WebApplicationContext
]]></system-out>
  <system-err><![CDATA[]]></system-err>
</testsuite>
