<?xml version="1.0" encoding="UTF-8"?>
<testsuite name="org.springframework.http.client.OkHttp3ClientHttpRequestFactoryTests" tests="6" skipped="0" failures="0" errors="0" timestamp="2023-03-06T08:30:34" hostname="DESKTOP-VGJP1PJ" time="0.139">
  <properties/>
  <testcase name="headersAfterExecute()" classname="org.springframework.http.client.OkHttp3ClientHttpRequestFactoryTests" time="0.011"/>
  <testcase name="status()" classname="org.springframework.http.client.OkHttp3ClientHttpRequestFactoryTests" time="0.011"/>
  <testcase name="echo()" classname="org.springframework.http.client.OkHttp3ClientHttpRequestFactoryTests" time="0.01"/>
  <testcase name="multipleWrites()" classname="org.springframework.http.client.OkHttp3ClientHttpRequestFactoryTests" time="0.005"/>
  <testcase name="queryParameters()" classname="org.springframework.http.client.OkHttp3ClientHttpRequestFactoryTests" time="0.005"/>
  <testcase name="httpMethods()" classname="org.springframework.http.client.OkHttp3ClientHttpRequestFactoryTests" time="0.094"/>
  <system-out><![CDATA[]]></system-out>
  <system-err><![CDATA[Mar 06, 2023 3:30:34 AM okhttp3.mockwebserver.MockWebServer$3 execute
INFO: MockWebServer[59439] starting to accept connections
Mar 06, 2023 3:30:34 AM okhttp3.mockwebserver.MockWebServer$4 processOneRequest
INFO: MockWebServer[59439] received request: POST /status/ok HTTP/1.1 and responded: HTTP/1.1 200 OK
Mar 06, 2023 3:30:34 AM okhttp3.mockwebserver.MockWebServer$3 acceptConnections
INFO: MockWebServer[59439] done accepting connections: socket closed
Mar 06, 2023 3:30:34 AM okhttp3.mockwebserver.MockWebServer$3 execute
INFO: MockWebServer[59441] starting to accept connections
Mar 06, 2023 3:30:34 AM okhttp3.mockwebserver.MockWebServer$4 processOneRequest
INFO: MockWebServer[59441] received request: GET /status/notfound HTTP/1.1 and responded: HTTP/1.1 404 Client Error
Mar 06, 2023 3:30:34 AM okhttp3.mockwebserver.MockWebServer$3 acceptConnections
INFO: MockWebServer[59441] done accepting connections: socket closed
Mar 06, 2023 3:30:34 AM okhttp3.mockwebserver.MockWebServer$3 execute
INFO: MockWebServer[59443] starting to accept connections
Mar 06, 2023 3:30:34 AM okhttp3.mockwebserver.MockWebServer$4 processOneRequest
INFO: MockWebServer[59443] received request: PUT /echo HTTP/1.1 and responded: HTTP/1.1 200 OK
Mar 06, 2023 3:30:34 AM okhttp3.mockwebserver.MockWebServer$3 acceptConnections
INFO: MockWebServer[59443] done accepting connections: socket closed
Mar 06, 2023 3:30:34 AM okhttp3.mockwebserver.MockWebServer$3 execute
INFO: MockWebServer[59445] starting to accept connections
Mar 06, 2023 3:30:34 AM okhttp3.mockwebserver.MockWebServer$4 processOneRequest
INFO: MockWebServer[59445] received request: POST /echo HTTP/1.1 and responded: HTTP/1.1 200 OK
Mar 06, 2023 3:30:34 AM okhttp3.mockwebserver.MockWebServer$3 acceptConnections
INFO: MockWebServer[59445] done accepting connections: socket closed
Mar 06, 2023 3:30:34 AM okhttp3.mockwebserver.MockWebServer$3 execute
INFO: MockWebServer[59447] starting to accept connections
Mar 06, 2023 3:30:34 AM okhttp3.mockwebserver.MockWebServer$4 processOneRequest
INFO: MockWebServer[59447] received request: GET /params?param1=value&param2=value1&param2=value2 HTTP/1.1 and responded: HTTP/1.1 200 OK
Mar 06, 2023 3:30:34 AM okhttp3.mockwebserver.MockWebServer$3 acceptConnections
INFO: MockWebServer[59447] done accepting connections: socket closed
Mar 06, 2023 3:30:34 AM okhttp3.mockwebserver.MockWebServer$3 execute
INFO: MockWebServer[59449] starting to accept connections
Mar 06, 2023 3:30:34 AM okhttp3.mockwebserver.MockWebServer$4 processOneRequest
INFO: MockWebServer[59449] received request: GET /methods/get HTTP/1.1 and responded: HTTP/1.1 200 OK
Mar 06, 2023 3:30:34 AM okhttp3.mockwebserver.MockWebServer$4 processOneRequest
INFO: MockWebServer[59449] received request: HEAD /methods/head HTTP/1.1 and responded: HTTP/1.1 200 OK
Mar 06, 2023 3:30:34 AM okhttp3.mockwebserver.MockWebServer$4 processOneRequest
INFO: MockWebServer[59449] received request: POST /methods/post HTTP/1.1 and responded: HTTP/1.1 200 OK
Mar 06, 2023 3:30:34 AM okhttp3.mockwebserver.MockWebServer$4 processOneRequest
INFO: MockWebServer[59449] received request: PUT /methods/put HTTP/1.1 and responded: HTTP/1.1 200 OK
Mar 06, 2023 3:30:34 AM okhttp3.mockwebserver.MockWebServer$4 processOneRequest
INFO: MockWebServer[59449] received request: OPTIONS /methods/options HTTP/1.1 and responded: HTTP/1.1 200 OK
Mar 06, 2023 3:30:34 AM okhttp3.mockwebserver.MockWebServer$4 processOneRequest
INFO: MockWebServer[59449] received request: DELETE /methods/delete HTTP/1.1 and responded: HTTP/1.1 200 OK
Mar 06, 2023 3:30:34 AM okhttp3.mockwebserver.MockWebServer$4 processOneRequest
INFO: MockWebServer[59449] received request: PATCH /methods/patch HTTP/1.1 and responded: HTTP/1.1 200 OK
Mar 06, 2023 3:30:34 AM okhttp3.mockwebserver.MockWebServer$3 acceptConnections
INFO: MockWebServer[59449] done accepting connections: socket closed
]]></system-err>
</testsuite>
