<?xml version="1.0" encoding="UTF-8"?>
<testsuite name="org.springframework.web.filter.CharacterEncodingFilterTests" tests="6" skipped="0" failures="0" errors="0" timestamp="2023-03-06T08:31:07" hostname="DESKTOP-VGJP1PJ" time="0.038">
  <properties/>
  <testcase name="encodingIfEmptyAndNotForced()" classname="org.springframework.web.filter.CharacterEncodingFilterTests" time="0.01"/>
  <testcase name="doesNotIfEncodingIsNotEmptyAndNotForced()" classname="org.springframework.web.filter.CharacterEncodingFilterTests" time="0.002"/>
  <testcase name="withBeanInitialization()" classname="org.springframework.web.filter.CharacterEncodingFilterTests" time="0.001"/>
  <testcase name="setForceEncodingOnRequestOnly()" classname="org.springframework.web.filter.CharacterEncodingFilterTests" time="0.02"/>
  <testcase name="forceEncodingAlwaysSetsEncoding()" classname="org.springframework.web.filter.CharacterEncodingFilterTests" time="0.002"/>
  <testcase name="withIncompleteInitialization()" classname="org.springframework.web.filter.CharacterEncodingFilterTests" time="0.002"/>
  <system-out><![CDATA[03:31:07.062 [Test worker] DEBUG o.s.w.f.CharacterEncodingFilter - Filter 'boot' configured for use
03:31:07.064 [Test worker] DEBUG o.s.w.f.CharacterEncodingFilter - Filter 'boot' configured for use
03:31:07.084 [Test worker] DEBUG o.s.w.f.CharacterEncodingFilter - Filter 'boot' configured for use
03:31:07.087 [Test worker] DEBUG o.s.w.f.CharacterEncodingFilter - Filter 'boot' configured for use
]]></system-out>
  <system-err><![CDATA[]]></system-err>
</testsuite>
