<?xml version="1.0" encoding="UTF-8"?>
<testsuite name="org.springframework.http.codec.ServerSentEventHttpMessageReaderTests" tests="11" skipped="0" failures="0" errors="0" timestamp="2023-03-06T08:30:41" hostname="DESKTOP-VGJP1PJ" time="5.066">
  <properties/>
  <testcase name="readServerSentEvents()" classname="org.springframework.http.codec.ServerSentEventHttpMessageReaderTests" time="0.017"/>
  <testcase name="readServerSentEventsWithMultipleChunks()" classname="org.springframework.http.codec.ServerSentEventHttpMessageReaderTests" time="0.01"/>
  <testcase name="decodeFullContentAsString()" classname="org.springframework.http.codec.ServerSentEventHttpMessageReaderTests" time="0.002"/>
  <testcase name="readError()" classname="org.springframework.http.codec.ServerSentEventHttpMessageReaderTests" time="0.004"/>
  <testcase name="readPojo()" classname="org.springframework.http.codec.ServerSentEventHttpMessageReaderTests" time="0.01"/>
  <testcase name="readString()" classname="org.springframework.http.codec.ServerSentEventHttpMessageReaderTests" time="0.002"/>
  <testcase name="cantRead()" classname="org.springframework.http.codec.ServerSentEventHttpMessageReaderTests" time="0.0"/>
  <testcase name="maxInMemoryLimit()" classname="org.springframework.http.codec.ServerSentEventHttpMessageReaderTests" time="0.003"/>
  <testcase name="canRead()" classname="org.springframework.http.codec.ServerSentEventHttpMessageReaderTests" time="0.001"/>
  <testcase name="readPojoWithCommentOnly()" classname="org.springframework.http.codec.ServerSentEventHttpMessageReaderTests" time="0.002"/>
  <testcase name="maxInMemoryLimitAllowsReadingPojoLargerThanDefaultSize()" classname="org.springframework.http.codec.ServerSentEventHttpMessageReaderTests" time="5.01"/>
  <system-out><![CDATA[03:30:41.806 [Test worker] DEBUG o.s.w.HttpLogging - Decoded [Pojo[foo='foofoo', bar='barbar']]
03:30:41.806 [Test worker] DEBUG o.s.w.HttpLogging - Decoded [Pojo[foo='foofoofoo', bar='barbarbar']]
03:30:46.827 [Test worker] DEBUG o.s.w.HttpLogging - Decoded [Pojo[foo='AaAaAaAaAaAaAaAaAaAaAaAaAaAaAaAaAaAaAaAaAaAaAaAaAaAaAaAaAaAaAaAaAaAaAaAaAaAaAaAaAaAaAaAaAa (truncated)...]
]]></system-out>
  <system-err><![CDATA[]]></system-err>
</testsuite>
