<?xml version="1.0" encoding="UTF-8"?>
<testsuite name="org.springframework.web.client.HttpMessageConverterExtractorTests" tests="12" skipped="0" failures="0" errors="0" timestamp="2023-03-06T08:31:03" hostname="DESKTOP-VGJP1PJ" time="0.027">
  <properties/>
  <testcase name="normal()" classname="org.springframework.web.client.HttpMessageConverterExtractorTests" time="0.002"/>
  <testcase name="cannotRead()" classname="org.springframework.web.client.HttpMessageConverterExtractorTests" time="0.002"/>
  <testcase name="converterThrowsHttpMessageNotReadableException()" classname="org.springframework.web.client.HttpMessageConverterExtractorTests" time="0.002"/>
  <testcase name="converterThrowsIOException()" classname="org.springframework.web.client.HttpMessageConverterExtractorTests" time="0.002"/>
  <testcase name="nullMessageBody()" classname="org.springframework.web.client.HttpMessageConverterExtractorTests" time="0.001"/>
  <testcase name="constructorPreconditions()" classname="org.springframework.web.client.HttpMessageConverterExtractorTests" time="0.001"/>
  <testcase name="notModified()" classname="org.springframework.web.client.HttpMessageConverterExtractorTests" time="0.001"/>
  <testcase name="emptyMessageBody()" classname="org.springframework.web.client.HttpMessageConverterExtractorTests" time="0.0"/>
  <testcase name="noContent()" classname="org.springframework.web.client.HttpMessageConverterExtractorTests" time="0.0"/>
  <testcase name="generics()" classname="org.springframework.web.client.HttpMessageConverterExtractorTests" time="0.012"/>
  <testcase name="zeroContentLength()" classname="org.springframework.web.client.HttpMessageConverterExtractorTests" time="0.0"/>
  <testcase name="informational()" classname="org.springframework.web.client.HttpMessageConverterExtractorTests" time="0.0"/>
  <system-out><![CDATA[03:31:03.812 [Test worker] DEBUG o.s.w.c.HttpMessageConverterExtractor - Reading to [java.lang.String] as "text/plain"
03:31:03.818 [Test worker] DEBUG o.s.w.c.HttpMessageConverterExtractor - Reading to [java.lang.String] as "text/plain"
03:31:03.836 [Test worker] DEBUG o.s.w.c.HttpMessageConverterExtractor - Reading to [java.util.List<java.lang.String>]
]]></system-out>
  <system-err><![CDATA[]]></system-err>
</testsuite>
