<?xml version="1.0" encoding="UTF-8"?>
<testsuite name="org.springframework.web.method.annotation.RequestParamMethodArgumentResolverKotlinTests" tests="16" skipped="0" failures="0" errors="0" timestamp="2023-03-06T08:31:23" hostname="DESKTOP-VGJP1PJ" time="0.093">
  <properties/>
  <testcase name="resolveNullableRequiredWithoutParameter()" classname="org.springframework.web.method.annotation.RequestParamMethodArgumentResolverKotlinTests" time="0.025"/>
  <testcase name="resolveNonNullableRequiredWithParameter()" classname="org.springframework.web.method.annotation.RequestParamMethodArgumentResolverKotlinTests" time="0.004"/>
  <testcase name="resolveNonNullableNotRequiredWithParameter()" classname="org.springframework.web.method.annotation.RequestParamMethodArgumentResolverKotlinTests" time="0.002"/>
  <testcase name="resolveNullableRequiredWithMultipartParameter()" classname="org.springframework.web.method.annotation.RequestParamMethodArgumentResolverKotlinTests" time="0.004"/>
  <testcase name="resolveNonNullableNotRequiredWithoutParameter()" classname="org.springframework.web.method.annotation.RequestParamMethodArgumentResolverKotlinTests" time="0.004"/>
  <testcase name="resolveNullableRequiredWithoutMultipartParameter()" classname="org.springframework.web.method.annotation.RequestParamMethodArgumentResolverKotlinTests" time="0.001"/>
  <testcase name="resolveNonNullableRequiredWithoutMultipartParameter()" classname="org.springframework.web.method.annotation.RequestParamMethodArgumentResolverKotlinTests" time="0.009"/>
  <testcase name="resolveNullableNotRequiredWithoutParameter()" classname="org.springframework.web.method.annotation.RequestParamMethodArgumentResolverKotlinTests" time="0.001"/>
  <testcase name="resolveNullableNotRequiredWithMultipartParameter()" classname="org.springframework.web.method.annotation.RequestParamMethodArgumentResolverKotlinTests" time="0.002"/>
  <testcase name="resolveNullableNotRequiredWithParameter()" classname="org.springframework.web.method.annotation.RequestParamMethodArgumentResolverKotlinTests" time="0.001"/>
  <testcase name="resolveNonNullableNotRequiredWithMultipartParameter()" classname="org.springframework.web.method.annotation.RequestParamMethodArgumentResolverKotlinTests" time="0.006"/>
  <testcase name="resolveNullableNotRequiredWithoutMultipartParameter()" classname="org.springframework.web.method.annotation.RequestParamMethodArgumentResolverKotlinTests" time="0.004"/>
  <testcase name="resolveNullableRequiredWithParameter()" classname="org.springframework.web.method.annotation.RequestParamMethodArgumentResolverKotlinTests" time="0.002"/>
  <testcase name="resolveNonNullableNotRequiredWithoutMultipartParameter()" classname="org.springframework.web.method.annotation.RequestParamMethodArgumentResolverKotlinTests" time="0.004"/>
  <testcase name="resolveNonNullableRequiredWithoutParameter()" classname="org.springframework.web.method.annotation.RequestParamMethodArgumentResolverKotlinTests" time="0.005"/>
  <testcase name="resolveNonNullableRequiredWithMultipartParameter()" classname="org.springframework.web.method.annotation.RequestParamMethodArgumentResolverKotlinTests" time="0.004"/>
  <system-out><![CDATA[]]></system-out>
  <system-err><![CDATA[]]></system-err>
</testsuite>
