<?xml version="1.0" encoding="UTF-8"?>
<testsuite name="org.springframework.context.support.LiveBeansViewTests" tests="4" skipped="0" failures="0" errors="0" timestamp="2023-03-06T07:18:01" hostname="DESKTOP-VGJP1PJ" time="0.108">
  <properties/>
  <testcase name="registerUnregisterSingleContext(TestInfo)" classname="org.springframework.context.support.LiveBeansViewTests" time="0.084"/>
  <testcase name="registerUnregisterSeveralContexts(TestInfo)" classname="org.springframework.context.support.LiveBeansViewTests" time="0.013"/>
  <testcase name="registerIgnoredIfPropertyIsNotSet(TestInfo)" classname="org.springframework.context.support.LiveBeansViewTests" time="0.001"/>
  <testcase name="registerUnregisterSeveralContextsDifferentOrder(TestInfo)" classname="org.springframework.context.support.LiveBeansViewTests" time="0.006"/>
  <system-out><![CDATA[]]></system-out>
  <system-err><![CDATA[]]></system-err>
</testsuite>
