<?xml version="1.0" encoding="UTF-8"?>
<testsuite name="org.springframework.context.annotation.ClassPathBeanDefinitionScannerTests" tests="26" skipped="0" failures="0" errors="0" timestamp="2023-03-06T07:17:32" hostname="DESKTOP-VGJP1PJ" time="0.7">
  <properties/>
  <testcase name="testBeanNotAutowiredWithAnnotationConfigDisabled()" classname="org.springframework.context.annotation.ClassPathBeanDefinitionScannerTests" time="0.085"/>
  <testcase name="testMultipleScanCalls()" classname="org.springframework.context.annotation.ClassPathBeanDefinitionScannerTests" time="0.04"/>
  <testcase name="testAutowireCandidatePatternMatches()" classname="org.springframework.context.annotation.ClassPathBeanDefinitionScannerTests" time="0.041"/>
  <testcase name="testSimpleScanWithDefaultFiltersAndSameBeanTwice()" classname="org.springframework.context.annotation.ClassPathBeanDefinitionScannerTests" time="0.011"/>
  <testcase name="testMultipleBasePackagesWithDefaultsOnly()" classname="org.springframework.context.annotation.ClassPathBeanDefinitionScannerTests" time="0.031"/>
  <testcase name="testCustomAnnotationExcludeFilterAndDefaults()" classname="org.springframework.context.annotation.ClassPathBeanDefinitionScannerTests" time="0.007"/>
  <testcase name="testBeanAutowiredWithAnnotationConfigEnabled()" classname="org.springframework.context.annotation.ClassPathBeanDefinitionScannerTests" time="0.039"/>
  <testcase name="testDoubleScanWithIndex()" classname="org.springframework.context.annotation.ClassPathBeanDefinitionScannerTests" time="0.112"/>
  <testcase name="testSimpleScanWithDefaultFiltersAndNoPostProcessors()" classname="org.springframework.context.annotation.ClassPathBeanDefinitionScannerTests" time="0.009"/>
  <testcase name="testSimpleScanWithDefaultFiltersAndOverriddenEqualNamedBean()" classname="org.springframework.context.annotation.ClassPathBeanDefinitionScannerTests" time="0.008"/>
  <testcase name="testSimpleScanWithDefaultFiltersAndPrimaryLazyBean()" classname="org.springframework.context.annotation.ClassPathBeanDefinitionScannerTests" time="0.034"/>
  <testcase name="testSimpleScanWithDefaultFiltersAndSpecifiedBeanNameClash()" classname="org.springframework.context.annotation.ClassPathBeanDefinitionScannerTests" time="0.053"/>
  <testcase name="testCustomAssignableTypeExcludeFilterAndDefaults()" classname="org.springframework.context.annotation.ClassPathBeanDefinitionScannerTests" time="0.009"/>
  <testcase name="testDoubleScan()" classname="org.springframework.context.annotation.ClassPathBeanDefinitionScannerTests" time="0.012"/>
  <testcase name="testCustomAssignableTypeExcludeFilterAndDefaultsWithoutPostProcessors()" classname="org.springframework.context.annotation.ClassPathBeanDefinitionScannerTests" time="0.023"/>
  <testcase name="testSimpleScanWithDefaultFiltersAndDefaultBeanNameClash()" classname="org.springframework.context.annotation.ClassPathBeanDefinitionScannerTests" time="0.008"/>
  <testcase name="testSimpleScanWithDefaultFiltersAndPostProcessors()" classname="org.springframework.context.annotation.ClassPathBeanDefinitionScannerTests" time="0.025"/>
  <testcase name="testCustomIncludeFilterWithoutDefaultsAndNoPostProcessors()" classname="org.springframework.context.annotation.ClassPathBeanDefinitionScannerTests" time="0.007"/>
  <testcase name="testMultipleCustomExcludeFiltersAndDefaults()" classname="org.springframework.context.annotation.ClassPathBeanDefinitionScannerTests" time="0.02"/>
  <testcase name="testCustomIncludeFilterWithoutDefaultsButIncludingPostProcessors()" classname="org.springframework.context.annotation.ClassPathBeanDefinitionScannerTests" time="0.024"/>
  <testcase name="testSimpleScanWithDefaultFiltersAndOverridingBean()" classname="org.springframework.context.annotation.ClassPathBeanDefinitionScannerTests" time="0.017"/>
  <testcase name="testAutowireCandidatePatternDoesNotMatch()" classname="org.springframework.context.annotation.ClassPathBeanDefinitionScannerTests" time="0.032"/>
  <testcase name="testCustomIncludeFilterAndDefaults()" classname="org.springframework.context.annotation.ClassPathBeanDefinitionScannerTests" time="0.007"/>
  <testcase name="testWithIndex()" classname="org.springframework.context.annotation.ClassPathBeanDefinitionScannerTests" time="0.004"/>
  <testcase name="testCustomBeanNameGenerator()" classname="org.springframework.context.annotation.ClassPathBeanDefinitionScannerTests" time="0.023"/>
  <testcase name="testSimpleScanWithDefaultFiltersAndOverriddenCompatibleNamedBean()" classname="org.springframework.context.annotation.ClassPathBeanDefinitionScannerTests" time="0.007"/>
  <system-out><![CDATA[]]></system-out>
  <system-err><![CDATA[]]></system-err>
</testsuite>
