<?xml version="1.0" encoding="UTF-8"?>
<testsuite name="org.springframework.jmx.support.JmxUtilsTests" tests="12" skipped="0" failures="0" errors="0" timestamp="2023-03-06T07:18:14" hostname="DESKTOP-VGJP1PJ" time="0.057">
  <properties/>
  <testcase name="notAnMBean()" classname="org.springframework.jmx.support.JmxUtilsTests" time="0.001"/>
  <testcase name="isMBeanWithDynamicMBean()" classname="org.springframework.jmx.support.JmxUtilsTests" time="0.0"/>
  <testcase name="getAttributeNameWithoutStrictCasing()" classname="org.springframework.jmx.support.JmxUtilsTests" time="0.009"/>
  <testcase name="simpleMXBean()" classname="org.springframework.jmx.support.JmxUtilsTests" time="0.001"/>
  <testcase name="isMBeanWithStandardMBeanWrapper()" classname="org.springframework.jmx.support.JmxUtilsTests" time="0.001"/>
  <testcase name="simpleMBean()" classname="org.springframework.jmx.support.JmxUtilsTests" time="0.0"/>
  <testcase name="simpleMBeanThroughInheritance()" classname="org.springframework.jmx.support.JmxUtilsTests" time="0.0"/>
  <testcase name="locatePlatformMBeanServer()" classname="org.springframework.jmx.support.JmxUtilsTests" time="0.034"/>
  <testcase name="isMBeanWithStandardMBeanInherited()" classname="org.springframework.jmx.support.JmxUtilsTests" time="0.001"/>
  <testcase name="getAttributeNameWithStrictCasing()" classname="org.springframework.jmx.support.JmxUtilsTests" time="0.001"/>
  <testcase name="appendIdentityToObjectName()" classname="org.springframework.jmx.support.JmxUtilsTests" time="0.003"/>
  <testcase name="isMBean()" classname="org.springframework.jmx.support.JmxUtilsTests" time="0.001"/>
  <system-out><![CDATA[]]></system-out>
  <system-err><![CDATA[]]></system-err>
</testsuite>
