<?xml version="1.0" encoding="UTF-8"?>
<testsuite name="org.springframework.aop.framework.autoproxy.AdvisorAutoProxyCreatorTests" tests="6" skipped="0" failures="0" errors="0" timestamp="2023-03-06T07:17:03" hostname="DESKTOP-VGJP1PJ" time="0.272">
  <properties/>
  <testcase name="testCustomTargetSourceNoMatch()" classname="org.springframework.aop.framework.autoproxy.AdvisorAutoProxyCreatorTests" time="0.02"/>
  <testcase name="testLazyInitTargetSource()" classname="org.springframework.aop.framework.autoproxy.AdvisorAutoProxyCreatorTests" time="0.026"/>
  <testcase name="testQuickTargetSourceCreator()" classname="org.springframework.aop.framework.autoproxy.AdvisorAutoProxyCreatorTests" time="0.064"/>
  <testcase name="testCustomPrototypeTargetSource()" classname="org.springframework.aop.framework.autoproxy.AdvisorAutoProxyCreatorTests" time="0.027"/>
  <testcase name="testCommonInterceptorAndAdvisor()" classname="org.springframework.aop.framework.autoproxy.AdvisorAutoProxyCreatorTests" time="0.042"/>
  <testcase name="testWithOptimizedProxy()" classname="org.springframework.aop.framework.autoproxy.AdvisorAutoProxyCreatorTests" time="0.071"/>
  <system-out><![CDATA[]]></system-out>
  <system-err><![CDATA[]]></system-err>
</testsuite>
