<?xml version="1.0" encoding="UTF-8"?>
<testsuite name="org.springframework.context.annotation.spr8761.Spr8761Tests" tests="1" skipped="0" failures="0" errors="0" timestamp="2023-03-06T07:17:50" hostname="DESKTOP-VGJP1PJ" time="0.007">
  <properties/>
  <testcase name="repro()" classname="org.springframework.context.annotation.spr8761.Spr8761Tests" time="0.007"/>
  <system-out><![CDATA[]]></system-out>
  <system-err><![CDATA[]]></system-err>
</testsuite>
