<?xml version="1.0" encoding="UTF-8"?>
<testsuite name="org.springframework.jmx.export.NotificationPublisherTests" tests="4" skipped="0" failures="0" errors="0" timestamp="2023-03-06T07:18:13" hostname="DESKTOP-VGJP1PJ" time="0.08">
  <properties/>
  <testcase name="testSimpleBean()" classname="org.springframework.jmx.export.NotificationPublisherTests" time="0.043"/>
  <testcase name="testMBean()" classname="org.springframework.jmx.export.NotificationPublisherTests" time="0.004"/>
  <testcase name="testLazyInit()" classname="org.springframework.jmx.export.NotificationPublisherTests" time="0.026"/>
  <testcase name="testSimpleBeanRegisteredManually()" classname="org.springframework.jmx.export.NotificationPublisherTests" time="0.005"/>
  <system-out><![CDATA[]]></system-out>
  <system-err><![CDATA[]]></system-err>
</testsuite>
