<?xml version="1.0" encoding="UTF-8"?>
<testsuite name="org.springframework.instrument.classloading.InstrumentableClassLoaderTests" tests="1" skipped="0" failures="0" errors="0" timestamp="2023-03-06T07:18:07" hostname="DESKTOP-VGJP1PJ" time="0.002">
  <properties/>
  <testcase name="testDefaultLoadTimeWeaver()" classname="org.springframework.instrument.classloading.InstrumentableClassLoaderTests" time="0.002"/>
  <system-out><![CDATA[]]></system-out>
  <system-err><![CDATA[]]></system-err>
</testsuite>
