<?xml version="1.0" encoding="UTF-8"?>
<testsuite name="org.springframework.context.annotation.Spr16179Tests" tests="1" skipped="0" failures="0" errors="0" timestamp="2023-03-06T07:17:49" hostname="DESKTOP-VGJP1PJ" time="0.012">
  <properties/>
  <testcase name="repro()" classname="org.springframework.context.annotation.Spr16179Tests" time="0.012"/>
  <system-out><![CDATA[]]></system-out>
  <system-err><![CDATA[]]></system-err>
</testsuite>
