<?xml version="1.0" encoding="UTF-8"?>
<testsuite name="org.springframework.aop.aspectj.autoproxy.AtAspectJAnnotationBindingTests" tests="3" skipped="0" failures="0" errors="0" timestamp="2023-03-06T07:16:55" hostname="DESKTOP-VGJP1PJ" time="0.208">
  <properties/>
  <testcase name="testAnnotationBindingInAroundAdvice()" classname="org.springframework.aop.aspectj.autoproxy.AtAspectJAnnotationBindingTests" time="0.099"/>
  <testcase name="testNoMatchingWithoutAnnotationPresent()" classname="org.springframework.aop.aspectj.autoproxy.AtAspectJAnnotationBindingTests" time="0.048"/>
  <testcase name="testPointcutEvaluatedAgainstArray()" classname="org.springframework.aop.aspectj.autoproxy.AtAspectJAnnotationBindingTests" time="0.06"/>
  <system-out><![CDATA[]]></system-out>
  <system-err><![CDATA[]]></system-err>
</testsuite>
