<?xml version="1.0" encoding="UTF-8"?>
<testsuite name="org.springframework.context.annotation.Spr3775InitDestroyLifecycleTests" tests="6" skipped="0" failures="0" errors="0" timestamp="2023-03-06T07:17:49" hostname="DESKTOP-VGJP1PJ" time="0.034">
  <properties/>
  <testcase name="testAllLifecycleMechanismsAtOnce()" classname="org.springframework.context.annotation.Spr3775InitDestroyLifecycleTests" time="0.001"/>
  <testcase name="testInitializingDisposableInterfacesWithShadowedMethods()" classname="org.springframework.context.annotation.Spr3775InitDestroyLifecycleTests" time="0.001"/>
  <testcase name="testInitDestroyMethods()" classname="org.springframework.context.annotation.Spr3775InitDestroyLifecycleTests" time="0.001"/>
  <testcase name="testInitializingDisposableInterfaces()" classname="org.springframework.context.annotation.Spr3775InitDestroyLifecycleTests" time="0.001"/>
  <testcase name="testJsr250Annotations()" classname="org.springframework.context.annotation.Spr3775InitDestroyLifecycleTests" time="0.001"/>
  <testcase name="testJsr250AnnotationsWithShadowedMethods()" classname="org.springframework.context.annotation.Spr3775InitDestroyLifecycleTests" time="0.004"/>
  <system-out><![CDATA[]]></system-out>
  <system-err><![CDATA[]]></system-err>
</testsuite>
