<?xml version="1.0" encoding="UTF-8"?>
<testsuite name="org.springframework.context.annotation.EnableLoadTimeWeavingTests" tests="4" skipped="0" failures="0" errors="0" timestamp="2023-03-06T07:17:45" hostname="DESKTOP-VGJP1PJ" time="0.166">
  <properties/>
  <testcase name="enableLTW_withAjWeavingAutodetect()" classname="org.springframework.context.annotation.EnableLoadTimeWeavingTests" time="0.057"/>
  <testcase name="enableLTW_withAjWeavingEnabled()" classname="org.springframework.context.annotation.EnableLoadTimeWeavingTests" time="0.071"/>
  <testcase name="control()" classname="org.springframework.context.annotation.EnableLoadTimeWeavingTests" time="0.033"/>
  <testcase name="enableLTW_withAjWeavingDisabled()" classname="org.springframework.context.annotation.EnableLoadTimeWeavingTests" time="0.003"/>
  <system-out><![CDATA[]]></system-out>
  <system-err><![CDATA[]]></system-err>
</testsuite>
