<?xml version="1.0" encoding="UTF-8"?>
<testsuite name="org.springframework.scheduling.config.SchedulerBeanDefinitionParserTests" tests="3" skipped="0" failures="0" errors="0" timestamp="2023-03-06T07:18:24" hostname="DESKTOP-VGJP1PJ" time="0.057">
  <properties/>
  <testcase name="customScheduler()" classname="org.springframework.scheduling.config.SchedulerBeanDefinitionParserTests" time="0.019"/>
  <testcase name="threadNamePrefix()" classname="org.springframework.scheduling.config.SchedulerBeanDefinitionParserTests" time="0.025"/>
  <testcase name="defaultScheduler()" classname="org.springframework.scheduling.config.SchedulerBeanDefinitionParserTests" time="0.012"/>
  <system-out><![CDATA[]]></system-out>
  <system-err><![CDATA[]]></system-err>
</testsuite>
