<?xml version="1.0" encoding="UTF-8"?>
<testsuite name="org.springframework.ejb.config.JeeNamespaceHandlerTests" tests="9" skipped="0" failures="0" errors="0" timestamp="2023-03-06T07:18:05" hostname="DESKTOP-VGJP1PJ" time="0.381">
  <properties/>
  <testcase name="testSimpleDefinition()" classname="org.springframework.ejb.config.JeeNamespaceHandlerTests" time="0.07"/>
  <testcase name="testComplexRemoteSlsb()" classname="org.springframework.ejb.config.JeeNamespaceHandlerTests" time="0.052"/>
  <testcase name="testLazyInitJndiLookup()" classname="org.springframework.ejb.config.JeeNamespaceHandlerTests" time="0.062"/>
  <testcase name="testWithEnvironment()" classname="org.springframework.ejb.config.JeeNamespaceHandlerTests" time="0.027"/>
  <testcase name="testWithReferencedEnvironment()" classname="org.springframework.ejb.config.JeeNamespaceHandlerTests" time="0.027"/>
  <testcase name="testComplexLocalSlsb()" classname="org.springframework.ejb.config.JeeNamespaceHandlerTests" time="0.033"/>
  <testcase name="testSimpleRemoteSlsb()" classname="org.springframework.ejb.config.JeeNamespaceHandlerTests" time="0.037"/>
  <testcase name="testComplexDefinition()" classname="org.springframework.ejb.config.JeeNamespaceHandlerTests" time="0.036"/>
  <testcase name="testSimpleLocalSlsb()" classname="org.springframework.ejb.config.JeeNamespaceHandlerTests" time="0.02"/>
  <system-out><![CDATA[]]></system-out>
  <system-err><![CDATA[]]></system-err>
</testsuite>
