<?xml version="1.0" encoding="UTF-8"?>
<testsuite name="org.springframework.context.annotation.ComponentScanAndImportAnnotationInteractionTests" tests="6" skipped="0" failures="0" errors="0" timestamp="2023-03-06T07:17:34" hostname="DESKTOP-VGJP1PJ" time="0.181">
  <properties/>
  <testcase name="componentScanViaImport()" classname="org.springframework.context.annotation.ComponentScanAndImportAnnotationInteractionTests" time="0.044"/>
  <testcase name="circularImportViaComponentScan()" classname="org.springframework.context.annotation.ComponentScanAndImportAnnotationInteractionTests" time="0.031"/>
  <testcase name="componentScanViaImportUsingScan()" classname="org.springframework.context.annotation.ComponentScanAndImportAnnotationInteractionTests" time="0.013"/>
  <testcase name="componentScanViaImportUsingAsm()" classname="org.springframework.context.annotation.ComponentScanAndImportAnnotationInteractionTests" time="0.039"/>
  <testcase name="componentScanOverlapsWithImport()" classname="org.springframework.context.annotation.ComponentScanAndImportAnnotationInteractionTests" time="0.009"/>
  <testcase name="componentScanOverlapsWithImportUsingAsm()" classname="org.springframework.context.annotation.ComponentScanAndImportAnnotationInteractionTests" time="0.045"/>
  <system-out><![CDATA[]]></system-out>
  <system-err><![CDATA[]]></system-err>
</testsuite>
