<?xml version="1.0" encoding="UTF-8"?>
<testsuite name="org.springframework.jmx.access.MBeanClientInterceptorTests" tests="14" skipped="0" failures="0" errors="0" timestamp="2023-03-06T07:18:07" hostname="DESKTOP-VGJP1PJ" time="0.26">
  <properties/>
  <testcase name="invokeUnexposedMethodWithException()" classname="org.springframework.jmx.access.MBeanClientInterceptorTests" time="0.106"/>
  <testcase name="invokeNoArgs()" classname="org.springframework.jmx.access.MBeanClientInterceptorTests" time="0.009"/>
  <testcase name="differentProxiesSameClass()" classname="org.springframework.jmx.access.MBeanClientInterceptorTests" time="0.002"/>
  <testcase name="setReadOnlyAttribute()" classname="org.springframework.jmx.access.MBeanClientInterceptorTests" time="0.003"/>
  <testcase name="proxyClassIsDifferent()" classname="org.springframework.jmx.access.MBeanClientInterceptorTests" time="0.002"/>
  <testcase name="lazyConnectionToRemote()" classname="org.springframework.jmx.access.MBeanClientInterceptorTests" time="0.093"/>
  <testcase name="setAttributeValueWithIOException()" classname="org.springframework.jmx.access.MBeanClientInterceptorTests" time="0.003"/>
  <testcase name="mxBeanOperationAccess()" classname="org.springframework.jmx.access.MBeanClientInterceptorTests" time="0.018"/>
  <testcase name="setAttributeValue()" classname="org.springframework.jmx.access.MBeanClientInterceptorTests" time="0.003"/>
  <testcase name="setAttributeValueWithCheckedException()" classname="org.springframework.jmx.access.MBeanClientInterceptorTests" time="0.002"/>
  <testcase name="mxBeanAttributeAccess()" classname="org.springframework.jmx.access.MBeanClientInterceptorTests" time="0.012"/>
  <testcase name="invokeArgs()" classname="org.springframework.jmx.access.MBeanClientInterceptorTests" time="0.002"/>
  <testcase name="setAttributeValueWithRuntimeException()" classname="org.springframework.jmx.access.MBeanClientInterceptorTests" time="0.002"/>
  <testcase name="getAttributeValue()" classname="org.springframework.jmx.access.MBeanClientInterceptorTests" time="0.001"/>
  <system-out><![CDATA[]]></system-out>
  <system-err><![CDATA[]]></system-err>
</testsuite>
