<?xml version="1.0" encoding="UTF-8"?>
<testsuite name="org.springframework.jmx.export.PropertyPlaceholderConfigurerTests" tests="2" skipped="0" failures="0" errors="0" timestamp="2023-03-06T07:18:14" hostname="DESKTOP-VGJP1PJ" time="0.028">
  <properties/>
  <testcase name="propertiesReplacedInApplicationContext()" classname="org.springframework.jmx.export.PropertyPlaceholderConfigurerTests" time="0.013"/>
  <testcase name="propertiesCorrectInJmx()" classname="org.springframework.jmx.export.PropertyPlaceholderConfigurerTests" time="0.015"/>
  <system-out><![CDATA[]]></system-out>
  <system-err><![CDATA[]]></system-err>
</testsuite>
