<?xml version="1.0" encoding="UTF-8"?>
<testsuite name="org.springframework.aop.config.AopNamespaceHandlerReturningTests" tests="2" skipped="0" failures="0" errors="0" timestamp="2023-03-06T07:17:02" hostname="DESKTOP-VGJP1PJ" time="0.104">
  <properties/>
  <testcase name="testParseReturningOnOtherAdviceType()" classname="org.springframework.aop.config.AopNamespaceHandlerReturningTests" time="0.081"/>
  <testcase name="testReturningOnReturningAdvice()" classname="org.springframework.aop.config.AopNamespaceHandlerReturningTests" time="0.022"/>
  <system-out><![CDATA[]]></system-out>
  <system-err><![CDATA[]]></system-err>
</testsuite>
