<?xml version="1.0" encoding="UTF-8"?>
<testsuite name="org.springframework.cache.config.EnableCachingIntegrationTests" tests="4" skipped="0" failures="0" errors="0" timestamp="2023-03-06T07:17:26" hostname="DESKTOP-VGJP1PJ" time="0.145">
  <properties/>
  <testcase name="beanConditionOff()" classname="org.springframework.cache.config.EnableCachingIntegrationTests" time="0.057"/>
  <testcase name="beanConditionOn()" classname="org.springframework.cache.config.EnableCachingIntegrationTests" time="0.033"/>
  <testcase name="fooServiceWithInterfaceCglib()" classname="org.springframework.cache.config.EnableCachingIntegrationTests" time="0.042"/>
  <testcase name="fooServiceWithInterface()" classname="org.springframework.cache.config.EnableCachingIntegrationTests" time="0.01"/>
  <system-out><![CDATA[]]></system-out>
  <system-err><![CDATA[]]></system-err>
</testsuite>
