<?xml version="1.0" encoding="UTF-8"?>
<testsuite name="org.springframework.jmx.access.RemoteMBeanClientInterceptorTests" tests="14" skipped="0" failures="0" errors="0" timestamp="2023-03-06T07:18:07" hostname="DESKTOP-VGJP1PJ" time="1.4">
  <properties/>
  <testcase name="invokeUnexposedMethodWithException()" classname="org.springframework.jmx.access.RemoteMBeanClientInterceptorTests" time="0.124"/>
  <testcase name="invokeNoArgs()" classname="org.springframework.jmx.access.RemoteMBeanClientInterceptorTests" time="0.122"/>
  <testcase name="differentProxiesSameClass()" classname="org.springframework.jmx.access.RemoteMBeanClientInterceptorTests" time="0.125"/>
  <testcase name="setReadOnlyAttribute()" classname="org.springframework.jmx.access.RemoteMBeanClientInterceptorTests" time="0.122"/>
  <testcase name="proxyClassIsDifferent()" classname="org.springframework.jmx.access.RemoteMBeanClientInterceptorTests" time="0.109"/>
  <testcase name="lazyConnectionToRemote()" classname="org.springframework.jmx.access.RemoteMBeanClientInterceptorTests" time="0.013"/>
  <testcase name="setAttributeValueWithIOException()" classname="org.springframework.jmx.access.RemoteMBeanClientInterceptorTests" time="0.126"/>
  <testcase name="mxBeanOperationAccess()" classname="org.springframework.jmx.access.RemoteMBeanClientInterceptorTests" time="0.005"/>
  <testcase name="setAttributeValue()" classname="org.springframework.jmx.access.RemoteMBeanClientInterceptorTests" time="0.132"/>
  <testcase name="setAttributeValueWithCheckedException()" classname="org.springframework.jmx.access.RemoteMBeanClientInterceptorTests" time="0.128"/>
  <testcase name="mxBeanAttributeAccess()" classname="org.springframework.jmx.access.RemoteMBeanClientInterceptorTests" time="0.009"/>
  <testcase name="invokeArgs()" classname="org.springframework.jmx.access.RemoteMBeanClientInterceptorTests" time="0.122"/>
  <testcase name="setAttributeValueWithRuntimeException()" classname="org.springframework.jmx.access.RemoteMBeanClientInterceptorTests" time="0.124"/>
  <testcase name="getAttributeValue()" classname="org.springframework.jmx.access.RemoteMBeanClientInterceptorTests" time="0.122"/>
  <system-out><![CDATA[]]></system-out>
  <system-err><![CDATA[]]></system-err>
</testsuite>
