<?xml version="1.0" encoding="UTF-8"?>
<testsuite name="org.springframework.format.number.NumberStyleFormatterTests" tests="4" skipped="0" failures="0" errors="0" timestamp="2023-03-06T07:18:07" hostname="DESKTOP-VGJP1PJ" time="0.025">
  <properties/>
  <testcase name="parseValue()" classname="org.springframework.format.number.NumberStyleFormatterTests" time="0.018"/>
  <testcase name="parsePercentValueNotLenientFailure()" classname="org.springframework.format.number.NumberStyleFormatterTests" time="0.001"/>
  <testcase name="parseBogusValue()" classname="org.springframework.format.number.NumberStyleFormatterTests" time="0.001"/>
  <testcase name="formatValue()" classname="org.springframework.format.number.NumberStyleFormatterTests" time="0.002"/>
  <system-out><![CDATA[]]></system-out>
  <system-err><![CDATA[]]></system-err>
</testsuite>
