<?xml version="1.0" encoding="UTF-8"?>
<testsuite name="org.springframework.jmx.export.annotation.JmxUtilsAnnotationTests" tests="2" skipped="0" failures="0" errors="0" timestamp="2023-03-06T07:18:11" hostname="DESKTOP-VGJP1PJ" time="0.017">
  <properties/>
  <testcase name="notMXBean()" classname="org.springframework.jmx.export.annotation.JmxUtilsAnnotationTests" time="0.015"/>
  <testcase name="annotatedMXBean()" classname="org.springframework.jmx.export.annotation.JmxUtilsAnnotationTests" time="0.001"/>
  <system-out><![CDATA[]]></system-out>
  <system-err><![CDATA[]]></system-err>
</testsuite>
