<?xml version="1.0" encoding="UTF-8"?>
<testsuite name="org.springframework.context.support.GenericApplicationContextExtensionsTests" tests="6" skipped="0" failures="0" errors="0" timestamp="2023-03-06T07:18:45" hostname="DESKTOP-VGJP1PJ" time="0.017">
  <properties/>
  <testcase name="registerBeanWithNameAndFunction()" classname="org.springframework.context.support.GenericApplicationContextExtensionsTests" time="0.003"/>
  <testcase name="registerBeanWithNameAndSupplier()" classname="org.springframework.context.support.GenericApplicationContextExtensionsTests" time="0.01"/>
  <testcase name="registerBeanWithFunction()" classname="org.springframework.context.support.GenericApplicationContextExtensionsTests" time="0.002"/>
  <testcase name="registerBeanWithNameAndClass()" classname="org.springframework.context.support.GenericApplicationContextExtensionsTests" time="0.001"/>
  <testcase name="registerBeanWithSupplier()" classname="org.springframework.context.support.GenericApplicationContextExtensionsTests" time="0.001"/>
  <testcase name="registerBeanWithClass()" classname="org.springframework.context.support.GenericApplicationContextExtensionsTests" time="0.0"/>
  <system-out><![CDATA[]]></system-out>
  <system-err><![CDATA[]]></system-err>
</testsuite>
