<?xml version="1.0" encoding="UTF-8"?>
<testsuite name="org.springframework.context.annotation.DestroyMethodInferenceTests" tests="2" skipped="0" failures="0" errors="0" timestamp="2023-03-06T07:17:45" hostname="DESKTOP-VGJP1PJ" time="0.034">
  <properties/>
  <testcase name="beanMethods()" classname="org.springframework.context.annotation.DestroyMethodInferenceTests" time="0.011"/>
  <testcase name="xml()" classname="org.springframework.context.annotation.DestroyMethodInferenceTests" time="0.023"/>
  <system-out><![CDATA[]]></system-out>
  <system-err><![CDATA[]]></system-err>
</testsuite>
