<?xml version="1.0" encoding="UTF-8"?>
<testsuite name="org.springframework.scheduling.support.CronSequenceGeneratorTests" tests="14" skipped="0" failures="0" errors="0" timestamp="2023-03-06T07:18:24" hostname="DESKTOP-VGJP1PJ" time="0.006">
  <properties/>
  <testcase name="withSameMinuteRange()" classname="org.springframework.scheduling.support.CronSequenceGeneratorTests" time="0.001"/>
  <testcase name="withNegativeIncrement()" classname="org.springframework.scheduling.support.CronSequenceGeneratorTests" time="0.0"/>
  <testcase name="with0Increment()" classname="org.springframework.scheduling.support.CronSequenceGeneratorTests" time="0.0"/>
  <testcase name="invalidExpressionWithLength()" classname="org.springframework.scheduling.support.CronSequenceGeneratorTests" time="0.0"/>
  <testcase name="invalidExpressionWithMonths()" classname="org.springframework.scheduling.support.CronSequenceGeneratorTests" time="0.0"/>
  <testcase name="at0Minutes()" classname="org.springframework.scheduling.support.CronSequenceGeneratorTests" time="0.0"/>
  <testcase name="withInvertedHourRange()" classname="org.springframework.scheduling.support.CronSequenceGeneratorTests" time="0.0"/>
  <testcase name="validExpression()" classname="org.springframework.scheduling.support.CronSequenceGeneratorTests" time="0.001"/>
  <testcase name="invalidExpressionWithSeconds()" classname="org.springframework.scheduling.support.CronSequenceGeneratorTests" time="0.0"/>
  <testcase name="withInvertedMinuteRange()" classname="org.springframework.scheduling.support.CronSequenceGeneratorTests" time="0.0"/>
  <testcase name="at0Seconds()" classname="org.springframework.scheduling.support.CronSequenceGeneratorTests" time="0.0"/>
  <testcase name="at50Seconds()" classname="org.springframework.scheduling.support.CronSequenceGeneratorTests" time="0.001"/>
  <testcase name="nullExpression()" classname="org.springframework.scheduling.support.CronSequenceGeneratorTests" time="0.0"/>
  <testcase name="withSameHourRange()" classname="org.springframework.scheduling.support.CronSequenceGeneratorTests" time="0.0"/>
  <system-out><![CDATA[]]></system-out>
  <system-err><![CDATA[]]></system-err>
</testsuite>
