<?xml version="1.0" encoding="UTF-8"?>
<testsuite name="org.springframework.context.annotation.ConfigurationWithFactoryBeanBeanEarlyDeductionTests" tests="9" skipped="0" failures="0" errors="0" timestamp="2023-03-06T07:17:45" hostname="DESKTOP-VGJP1PJ" time="0.045">
  <properties/>
  <testcase name="preFreezeGenericMethod()" classname="org.springframework.context.annotation.ConfigurationWithFactoryBeanBeanEarlyDeductionTests" time="0.006"/>
  <testcase name="preFreezeGenericClass()" classname="org.springframework.context.annotation.ConfigurationWithFactoryBeanBeanEarlyDeductionTests" time="0.005"/>
  <testcase name="postFreezeAttribute()" classname="org.springframework.context.annotation.ConfigurationWithFactoryBeanBeanEarlyDeductionTests" time="0.004"/>
  <testcase name="preFreezeAttribute()" classname="org.springframework.context.annotation.ConfigurationWithFactoryBeanBeanEarlyDeductionTests" time="0.002"/>
  <testcase name="preFreezeUnresolvedGenericFactoryBean()" classname="org.springframework.context.annotation.ConfigurationWithFactoryBeanBeanEarlyDeductionTests" time="0.0"/>
  <testcase name="postFreezeGenericMethod()" classname="org.springframework.context.annotation.ConfigurationWithFactoryBeanBeanEarlyDeductionTests" time="0.002"/>
  <testcase name="preFreezeDirect()" classname="org.springframework.context.annotation.ConfigurationWithFactoryBeanBeanEarlyDeductionTests" time="0.02"/>
  <testcase name="postFreezeDirect()" classname="org.springframework.context.annotation.ConfigurationWithFactoryBeanBeanEarlyDeductionTests" time="0.002"/>
  <testcase name="postFreezeGenericClass()" classname="org.springframework.context.annotation.ConfigurationWithFactoryBeanBeanEarlyDeductionTests" time="0.002"/>
  <system-out><![CDATA[]]></system-out>
  <system-err><![CDATA[]]></system-err>
</testsuite>
