<?xml version="1.0" encoding="UTF-8"?>
<testsuite name="org.springframework.context.annotation.Spr15275Tests" tests="6" skipped="0" failures="0" errors="0" timestamp="2023-03-06T07:17:49" hostname="DESKTOP-VGJP1PJ" time="0.086">
  <properties/>
  <testcase name="testWithAbstractFactoryBeanForInterface()" classname="org.springframework.context.annotation.Spr15275Tests" time="0.01"/>
  <testcase name="testWithFactoryBean()" classname="org.springframework.context.annotation.Spr15275Tests" time="0.024"/>
  <testcase name="testWithAbstractFactoryBean()" classname="org.springframework.context.annotation.Spr15275Tests" time="0.011"/>
  <testcase name="testWithFinalFactoryBean()" classname="org.springframework.context.annotation.Spr15275Tests" time="0.009"/>
  <testcase name="testWithAbstractFactoryBeanAsReturnType()" classname="org.springframework.context.annotation.Spr15275Tests" time="0.025"/>
  <testcase name="testWithFinalFactoryBeanAsReturnType()" classname="org.springframework.context.annotation.Spr15275Tests" time="0.006"/>
  <system-out><![CDATA[]]></system-out>
  <system-err><![CDATA[]]></system-err>
</testsuite>
