<?xml version="1.0" encoding="UTF-8"?>
<testsuite name="org.springframework.context.annotation.Spr6602Tests" tests="2" skipped="0" failures="0" errors="0" timestamp="2023-03-06T07:17:50" hostname="DESKTOP-VGJP1PJ" time="0.035">
  <properties/>
  <testcase name="testXmlBehavior()" classname="org.springframework.context.annotation.Spr6602Tests" time="0.009"/>
  <testcase name="testConfigurationClassBehavior()" classname="org.springframework.context.annotation.Spr6602Tests" time="0.025"/>
  <system-out><![CDATA[]]></system-out>
  <system-err><![CDATA[]]></system-err>
</testsuite>
