<?xml version="1.0" encoding="UTF-8"?>
<testsuite name="org.springframework.cache.config.CacheAdviceParserTests" tests="1" skipped="0" failures="0" errors="0" timestamp="2023-03-06T07:17:26" hostname="DESKTOP-VGJP1PJ" time="0.025">
  <properties/>
  <testcase name="keyAndKeyGeneratorCannotBeSetTogether()" classname="org.springframework.cache.config.CacheAdviceParserTests" time="0.025"/>
  <system-out><![CDATA[]]></system-out>
  <system-err><![CDATA[]]></system-err>
</testsuite>
