<?xml version="1.0" encoding="UTF-8"?>
<testsuite name="org.springframework.context.annotation.PrimitiveBeanLookupAndAutowiringTests" tests="4" skipped="0" failures="0" errors="0" timestamp="2023-03-06T07:17:49" hostname="DESKTOP-VGJP1PJ" time="0.059">
  <properties/>
  <testcase name="primitiveAutowiredInjection()" classname="org.springframework.context.annotation.PrimitiveBeanLookupAndAutowiringTests" time="0.046"/>
  <testcase name="primitiveLookupByName()" classname="org.springframework.context.annotation.PrimitiveBeanLookupAndAutowiringTests" time="0.005"/>
  <testcase name="primitiveLookupByType()" classname="org.springframework.context.annotation.PrimitiveBeanLookupAndAutowiringTests" time="0.003"/>
  <testcase name="primitiveResourceInjection()" classname="org.springframework.context.annotation.PrimitiveBeanLookupAndAutowiringTests" time="0.004"/>
  <system-out><![CDATA[]]></system-out>
  <system-err><![CDATA[]]></system-err>
</testsuite>
