<?xml version="1.0" encoding="UTF-8"?>
<testsuite name="org.springframework.context.annotation.configuration.ConfigurationClassWithPlaceholderConfigurerBeanTests" tests="5" skipped="0" failures="0" errors="0" timestamp="2023-03-06T07:17:42" hostname="DESKTOP-VGJP1PJ" time="0.073">
  <properties/>
  <testcase name="valueFieldsAreProcessedWhenStaticPlaceholderConfigurerIsIntegrated()" classname="org.springframework.context.annotation.configuration.ConfigurationClassWithPlaceholderConfigurerBeanTests" time="0.034"/>
  <testcase name="valueFieldsAreProcessedWhenPlaceholderConfigurerIsSegregated()" classname="org.springframework.context.annotation.configuration.ConfigurationClassWithPlaceholderConfigurerBeanTests" time="0.024"/>
  <testcase name="valueFieldsAreNotProcessedWhenPlaceholderConfigurerIsIntegrated()" classname="org.springframework.context.annotation.configuration.ConfigurationClassWithPlaceholderConfigurerBeanTests" time="0.008"/>
  <testcase name="valueFieldsResolveToPlaceholderSpecifiedDefaultValuesWithPlaceholderConfigurer()" classname="org.springframework.context.annotation.configuration.ConfigurationClassWithPlaceholderConfigurerBeanTests" time="0.003"/>
  <testcase name="valueFieldsResolveToPlaceholderSpecifiedDefaultValuesWithoutPlaceholderConfigurer()" classname="org.springframework.context.annotation.configuration.ConfigurationClassWithPlaceholderConfigurerBeanTests" time="0.003"/>
  <system-out><![CDATA[]]></system-out>
  <system-err><![CDATA[]]></system-err>
</testsuite>
