<?xml version="1.0" encoding="UTF-8"?>
<testsuite name="org.springframework.context.i18n.LocaleContextHolderTests" tests="5" skipped="0" failures="0" errors="0" timestamp="2023-03-06T07:17:55" hostname="DESKTOP-VGJP1PJ" time="0.005">
  <properties/>
  <testcase name="testSetTimeZone()" classname="org.springframework.context.i18n.LocaleContextHolderTests" time="0.004"/>
  <testcase name="testSetTimeZoneAwareLocaleContext()" classname="org.springframework.context.i18n.LocaleContextHolderTests" time="0.0"/>
  <testcase name="testSetLocale()" classname="org.springframework.context.i18n.LocaleContextHolderTests" time="0.001"/>
  <testcase name="testSetLocaleAndSetTimeZoneMixed()" classname="org.springframework.context.i18n.LocaleContextHolderTests" time="0.0"/>
  <testcase name="testSetLocaleContext()" classname="org.springframework.context.i18n.LocaleContextHolderTests" time="0.0"/>
  <system-out><![CDATA[]]></system-out>
  <system-err><![CDATA[]]></system-err>
</testsuite>
