<?xml version="1.0" encoding="UTF-8"?>
<testsuite name="org.springframework.jndi.JndiTemplateTests" tests="7" skipped="0" failures="0" errors="0" timestamp="2023-03-06T07:18:14" hostname="DESKTOP-VGJP1PJ" time="0.01">
  <properties/>
  <testcase name="testBind()" classname="org.springframework.jndi.JndiTemplateTests" time="0.003"/>
  <testcase name="testLookupSucceeds()" classname="org.springframework.jndi.JndiTemplateTests" time="0.001"/>
  <testcase name="testLookupReturnsNull()" classname="org.springframework.jndi.JndiTemplateTests" time="0.001"/>
  <testcase name="testLookupFailsWithTypeMismatch()" classname="org.springframework.jndi.JndiTemplateTests" time="0.001"/>
  <testcase name="testLookupFails()" classname="org.springframework.jndi.JndiTemplateTests" time="0.001"/>
  <testcase name="testRebind()" classname="org.springframework.jndi.JndiTemplateTests" time="0.001"/>
  <testcase name="testUnbind()" classname="org.springframework.jndi.JndiTemplateTests" time="0.001"/>
  <system-out><![CDATA[]]></system-out>
  <system-err><![CDATA[]]></system-err>
</testsuite>
