<?xml version="1.0" encoding="UTF-8"?>
<testsuite name="org.springframework.context.annotation.ConfigurationWithFactoryBeanAndAutowiringTests" tests="7" skipped="0" failures="0" errors="0" timestamp="2023-03-06T07:17:44" hostname="DESKTOP-VGJP1PJ" time="0.07">
  <properties/>
  <testcase name="withConcreteFactoryBeanImplementationAsReturnType()" classname="org.springframework.context.annotation.ConfigurationWithFactoryBeanAndAutowiringTests" time="0.011"/>
  <testcase name="withParameterizedFactoryBeanInterfaceAsReturnType()" classname="org.springframework.context.annotation.ConfigurationWithFactoryBeanAndAutowiringTests" time="0.006"/>
  <testcase name="withFactoryBeanCallingBean()" classname="org.springframework.context.annotation.ConfigurationWithFactoryBeanAndAutowiringTests" time="0.029"/>
  <testcase name="withParameterizedFactoryBeanImplementationAsReturnType()" classname="org.springframework.context.annotation.ConfigurationWithFactoryBeanAndAutowiringTests" time="0.006"/>
  <testcase name="withWildcardParameterizedFactoryBeanInterfaceAsReturnType()" classname="org.springframework.context.annotation.ConfigurationWithFactoryBeanAndAutowiringTests" time="0.008"/>
  <testcase name="withRawFactoryBeanInterfaceAsReturnType()" classname="org.springframework.context.annotation.ConfigurationWithFactoryBeanAndAutowiringTests" time="0.004"/>
  <testcase name="withNonPublicParameterizedFactoryBeanInterfaceAsReturnType()" classname="org.springframework.context.annotation.ConfigurationWithFactoryBeanAndAutowiringTests" time="0.004"/>
  <system-out><![CDATA[]]></system-out>
  <system-err><![CDATA[]]></system-err>
</testsuite>
