<?xml version="1.0" encoding="UTF-8"?>
<testsuite name="org.springframework.scripting.groovy.GroovyScriptFactoryTests" tests="38" skipped="0" failures="0" errors="0" timestamp="2023-03-06T07:18:30" hostname="DESKTOP-VGJP1PJ" time="7.641">
  <properties/>
  <testcase name="testAnonymousScriptDetected()" classname="org.springframework.scripting.groovy.GroovyScriptFactoryTests" time="0.723"/>
  <testcase name="testWithTwoClassesDefinedInTheOneGroovyFile_CorrectClassFirst()" classname="org.springframework.scripting.groovy.GroovyScriptFactoryTests" time="0.04"/>
  <testcase name="testStaticScript()" classname="org.springframework.scripting.groovy.GroovyScriptFactoryTests" time="0.287"/>
  <testcase name="testRefreshableJsr223FromTag()" classname="org.springframework.scripting.groovy.GroovyScriptFactoryTests" time="0.318"/>
  <testcase name="testJsr223FromTag()" classname="org.springframework.scripting.groovy.GroovyScriptFactoryTests" time="0.295"/>
  <testcase name="testWithInlineScriptWithLeadingWhitespace()" classname="org.springframework.scripting.groovy.GroovyScriptFactoryTests" time="0.056"/>
  <testcase name="testCtorWithNullScriptSourceLocator()" classname="org.springframework.scripting.groovy.GroovyScriptFactoryTests" time="0.001"/>
  <testcase name="testStaticScriptWithInstanceUsingJsr223()" classname="org.springframework.scripting.groovy.GroovyScriptFactoryTests" time="0.206"/>
  <testcase name="testInlineScriptFromTag()" classname="org.springframework.scripting.groovy.GroovyScriptFactoryTests" time="0.809"/>
  <testcase name="testStaticScriptUsingJsr223()" classname="org.springframework.scripting.groovy.GroovyScriptFactoryTests" time="0.38"/>
  <testcase name="testRefreshableFactoryBean()" classname="org.springframework.scripting.groovy.GroovyScriptFactoryTests" time="0.391"/>
  <testcase name="testStaticPrototypeScript()" classname="org.springframework.scripting.groovy.GroovyScriptFactoryTests" time="0.319"/>
  <testcase name="testResourceScriptFromTag()" classname="org.springframework.scripting.groovy.GroovyScriptFactoryTests" time="0.303"/>
  <testcase name="testFactoryBean()" classname="org.springframework.scripting.groovy.GroovyScriptFactoryTests" time="0.295"/>
  <testcase name="testStaticScriptWithInstance()" classname="org.springframework.scripting.groovy.GroovyScriptFactoryTests" time="0.195"/>
  <testcase name="testPrototypeScriptFromTag()" classname="org.springframework.scripting.groovy.GroovyScriptFactoryTests" time="0.192"/>
  <testcase name="testStaticScriptWithInlineDefinedInstance()" classname="org.springframework.scripting.groovy.GroovyScriptFactoryTests" time="0.233"/>
  <testcase name="testStaticScriptWithInlineDefinedInstanceUsingJsr223()" classname="org.springframework.scripting.groovy.GroovyScriptFactoryTests" time="0.189"/>
  <testcase name="testGetScriptedObjectDoesChokeOnNullScriptSourceBeingPassedIn()" classname="org.springframework.scripting.groovy.GroovyScriptFactoryTests" time="0.011"/>
  <testcase name="testRefreshableFromTag()" classname="org.springframework.scripting.groovy.GroovyScriptFactoryTests" time="0.435"/>
  <testcase name="testStaticPrototypeScriptUsingJsr223()" classname="org.springframework.scripting.groovy.GroovyScriptFactoryTests" time="0.282"/>
  <testcase name="testCtorWithWhitespacedScriptSourceLocator()" classname="org.springframework.scripting.groovy.GroovyScriptFactoryTests" time="0.0"/>
  <testcase name="testInlineJsr223FromTag()" classname="org.springframework.scripting.groovy.GroovyScriptFactoryTests" time="0.172"/>
  <testcase name="testScriptedClassThatDoesNotHaveANoArgCtor()" classname="org.springframework.scripting.groovy.GroovyScriptFactoryTests" time="0.009"/>
  <testcase name="testScriptCompilationException()" classname="org.springframework.scripting.groovy.GroovyScriptFactoryTests" time="0.278"/>
  <testcase name="testCtorWithEmptyScriptSourceLocator()" classname="org.springframework.scripting.groovy.GroovyScriptFactoryTests" time="0.0"/>
  <testcase name="testWithTwoClassesDefinedInTheOneGroovyFile_WrongClassFirst()" classname="org.springframework.scripting.groovy.GroovyScriptFactoryTests" time="0.106"/>
  <testcase name="testJsr223FromTagWithInterface()" classname="org.springframework.scripting.groovy.GroovyScriptFactoryTests" time="0.141"/>
  <testcase name="testInlineJsr223FromTagWithInterface()" classname="org.springframework.scripting.groovy.GroovyScriptFactoryTests" time="0.206"/>
  <testcase name="testRefreshableFromTagProxyTargetClass()" classname="org.springframework.scripting.groovy.GroovyScriptFactoryTests" time="0.039"/>
  <testcase name="testProxyTargetClassNotAllowedIfNotGroovy()" classname="org.springframework.scripting.groovy.GroovyScriptFactoryTests" time="0.075"/>
  <testcase name="testCanPassInMoreThanOneProperty()" classname="org.springframework.scripting.groovy.GroovyScriptFactoryTests" time="0.196"/>
  <testcase name="testMetaClassWithBeans()" classname="org.springframework.scripting.groovy.GroovyScriptFactoryTests" time="0.166"/>
  <testcase name="testMetaClassWithXsd()" classname="org.springframework.scripting.groovy.GroovyScriptFactoryTests" time="0.059"/>
  <testcase name="testNonStaticScript()" classname="org.springframework.scripting.groovy.GroovyScriptFactoryTests" time="0.097"/>
  <testcase name="testNonStaticPrototypeScript()" classname="org.springframework.scripting.groovy.GroovyScriptFactoryTests" time="0.074"/>
  <testcase name="testScriptedClassThatHasNoPublicNoArgCtor()" classname="org.springframework.scripting.groovy.GroovyScriptFactoryTests" time="0.013"/>
  <testcase name="testGetScriptedObjectDoesNotChokeOnNullInterfacesBeingPassedIn()" classname="org.springframework.scripting.groovy.GroovyScriptFactoryTests" time="0.008"/>
  <system-out><![CDATA[customizing org.springframework.scripting.groovy.GroovyCalculator@79144352...
GroovyMessenger
02:18:32.047 [Test worker] WARN  o.s.c.s.ClassPathXmlApplicationContext - Exception encountered during context initialization - cancelling refresh attempt: org.springframework.beans.factory.BeanCreationException: Error creating bean with name 'messenger' defined in class path resource [org/springframework/scripting/groovy/lwspBadGroovyContext.xml]: BeanPostProcessor before instantiation of bean failed; nested exception is org.springframework.beans.factory.BeanCreationException: Error creating bean with name 'messenger': Could not determine scripted object type for GroovyScriptFactory: script source locator [
    inline:
			
	class Bingo {

		@Property String message;
	}
			]; nested exception is java.io.FileNotFoundException: class path resource [
    inline:
			
	class Bingo {

		@Property String message;
	}
			] cannot be opened because it does not exist
GroovyMessenger
customizing org.springframework.scripting.groovy.GroovyCalculator@53f67d97...
GroovyMessenger
GroovyMessenger
GroovyMessenger
customizing org.springframework.scripting.groovy.GroovyCalculator@53aa6a7e...
GroovyMessenger
GroovyMessenger
customizing org.springframework.scripting.groovy.GroovyCalculator@330fb915...
GroovyMessenger
GroovyMessenger
customizing org.springframework.scripting.groovy.GroovyCalculator@2aba2260...
GroovyMessenger
02:18:36.769 [Test worker] WARN  o.s.c.s.ClassPathXmlApplicationContext - Exception encountered during context initialization - cancelling refresh attempt: org.springframework.beans.factory.BeanCreationException: Error creating bean with name 'broken' defined in class path resource [org/springframework/scripting/groovy/groovyBrokenContext.xml]: BeanPostProcessor before instantiation of bean failed; nested exception is org.springframework.beans.factory.BeanCreationException: Error creating bean with name 'broken': Could not determine scripted object type for GroovyScriptFactory: script source locator [classpath:org/springframework/scripting/groovy/Broken.groovyb]; nested exception is org.springframework.scripting.ScriptCompilationException: Could not compile class path resource [org/springframework/scripting/groovy/Broken.groovyb]; nested exception is org.codehaus.groovy.control.MultipleCompilationErrorsException: startup failed:
Broken: 9: Unexpected input: 'breakfast'; Expecting LPAREN @ line 9, column 5.
   for breakfast
       ^

1 error

02:18:36.877 [Test worker] WARN  o.s.c.s.ClassPathXmlApplicationContext - Exception encountered during context initialization - cancelling refresh attempt: org.springframework.beans.factory.BeanCreationException: Error creating bean with name 'messenger' defined in class path resource [org/springframework/scripting/groovy/twoClassesWrongOneFirst.xml]: BeanPostProcessor before instantiation of bean failed; nested exception is org.springframework.beans.factory.BeanCreationException: Error creating bean with name 'messenger': Could not determine scripted object type for GroovyScriptFactory: script source locator [inline:
	package org.springframework.scripting.groovy;

	import org.springframework.scripting.Messenger;
			
	class Bingo {

		@Property String message;
	}

	class GroovyMessenger implements Messenger {

		@Property String message;
	}
			]; nested exception is org.springframework.scripting.ScriptCompilationException: Could not compile static script [scriptFactory.messenger]; nested exception is org.codehaus.groovy.control.MultipleCompilationErrorsException: startup failed:
scriptFactory.messenger: 8: unable to resolve class Property for annotation
 @ line 8, column 3.
   		@Property String message;
     ^

scriptFactory.messenger: 13: unable to resolve class Property for annotation
 @ line 13, column 3.
   		@Property String message;
     ^

2 errors

]]></system-out>
  <system-err><![CDATA[]]></system-err>
</testsuite>
