<?xml version="1.0" encoding="UTF-8"?>
<testsuite name="org.springframework.cache.interceptor.CacheErrorHandlerTests" tests="9" skipped="0" failures="0" errors="0" timestamp="2023-03-06T07:17:30" hostname="DESKTOP-VGJP1PJ" time="0.351">
  <properties/>
  <testcase name="clearFail()" classname="org.springframework.cache.interceptor.CacheErrorHandlerTests" time="0.144"/>
  <testcase name="evictFail()" classname="org.springframework.cache.interceptor.CacheErrorHandlerTests" time="0.05"/>
  <testcase name="getFailProperException()" classname="org.springframework.cache.interceptor.CacheErrorHandlerTests" time="0.015"/>
  <testcase name="putFail()" classname="org.springframework.cache.interceptor.CacheErrorHandlerTests" time="0.031"/>
  <testcase name="getFail()" classname="org.springframework.cache.interceptor.CacheErrorHandlerTests" time="0.014"/>
  <testcase name="getAndPutFail()" classname="org.springframework.cache.interceptor.CacheErrorHandlerTests" time="0.03"/>
  <testcase name="putFailProperException()" classname="org.springframework.cache.interceptor.CacheErrorHandlerTests" time="0.014"/>
  <testcase name="evictFailProperException()" classname="org.springframework.cache.interceptor.CacheErrorHandlerTests" time="0.033"/>
  <testcase name="clearFailProperException()" classname="org.springframework.cache.interceptor.CacheErrorHandlerTests" time="0.014"/>
  <system-out><![CDATA[]]></system-out>
  <system-err><![CDATA[]]></system-err>
</testsuite>
