<?xml version="1.0" encoding="UTF-8"?>
<testsuite name="org.springframework.aop.aspectj.ImplicitJPArgumentMatchingAtAspectJTests" tests="1" skipped="0" failures="0" errors="0" timestamp="2023-03-06T07:16:59" hostname="DESKTOP-VGJP1PJ" time="0.091">
  <properties/>
  <testcase name="testAspect()" classname="org.springframework.aop.aspectj.ImplicitJPArgumentMatchingAtAspectJTests" time="0.091"/>
  <system-out><![CDATA[]]></system-out>
  <system-err><![CDATA[]]></system-err>
</testsuite>
