<?xml version="1.0" encoding="UTF-8"?>
<testsuite name="org.springframework.aop.aspectj.TargetPointcutSelectionTests" tests="2" skipped="0" failures="0" errors="0" timestamp="2023-03-06T07:17:00" hostname="DESKTOP-VGJP1PJ" time="0.092">
  <properties/>
  <testcase name="targetSelectionForMatchedType()" classname="org.springframework.aop.aspectj.TargetPointcutSelectionTests" time="0.073"/>
  <testcase name="targetNonSelectionForMismatchedType()" classname="org.springframework.aop.aspectj.TargetPointcutSelectionTests" time="0.019"/>
  <system-out><![CDATA[]]></system-out>
  <system-err><![CDATA[]]></system-err>
</testsuite>
