<?xml version="1.0" encoding="UTF-8"?>
<testsuite name="org.springframework.beans.factory.xml.LookupMethodWrappedByCglibProxyTests" tests="2" skipped="0" failures="0" errors="0" timestamp="2023-03-06T07:17:11" hostname="DESKTOP-VGJP1PJ" time="0.097">
  <properties/>
  <testcase name="testRegularlyProxiedLookup()" classname="org.springframework.beans.factory.xml.LookupMethodWrappedByCglibProxyTests" time="0.048"/>
  <testcase name="testAutoProxiedLookup()" classname="org.springframework.beans.factory.xml.LookupMethodWrappedByCglibProxyTests" time="0.048"/>
  <system-out><![CDATA[]]></system-out>
  <system-err><![CDATA[]]></system-err>
</testsuite>
