<?xml version="1.0" encoding="UTF-8"?>
<testsuite name="org.springframework.context.event.GenericApplicationListenerAdapterTests" tests="17" skipped="0" failures="0" errors="0" timestamp="2023-03-06T07:17:52" hostname="DESKTOP-VGJP1PJ" time="0.128">
  <properties/>
  <testcase name="genericListenerUpperBoundTypeNotMatching()" classname="org.springframework.context.event.GenericApplicationListenerAdapterTests" time="0.021"/>
  <testcase name="genericListenerStrictTypeAndResolvableType()" classname="org.springframework.context.event.GenericApplicationListenerAdapterTests" time="0.001"/>
  <testcase name="genericListenerRawType()" classname="org.springframework.context.event.GenericApplicationListenerAdapterTests" time="0.006"/>
  <testcase name="genericListenerWildcardType()" classname="org.springframework.context.event.GenericApplicationListenerAdapterTests" time="0.006"/>
  <testcase name="genericListenerStrictTypeNotMatchTypeErasure()" classname="org.springframework.context.event.GenericApplicationListenerAdapterTests" time="0.001"/>
  <testcase name="genericListenerStrictTypeSubClass()" classname="org.springframework.context.event.GenericApplicationListenerAdapterTests" time="0.017"/>
  <testcase name="genericListenerStrictTypeNotMatching()" classname="org.springframework.context.event.GenericApplicationListenerAdapterTests" time="0.002"/>
  <testcase name="genericListenerUpperBoundType()" classname="org.springframework.context.event.GenericApplicationListenerAdapterTests" time="0.003"/>
  <testcase name="genericListenerWildcardTypeTypeErasure()" classname="org.springframework.context.event.GenericApplicationListenerAdapterTests" time="0.001"/>
  <testcase name="genericListenerStrictTypeEventSubType()" classname="org.springframework.context.event.GenericApplicationListenerAdapterTests" time="0.001"/>
  <testcase name="supportsEventTypeWithSmartApplicationListener()" classname="org.springframework.context.event.GenericApplicationListenerAdapterTests" time="0.045"/>
  <testcase name="genericListenerStrictTypeAndResolvableTypeProvider()" classname="org.springframework.context.event.GenericApplicationListenerAdapterTests" time="0.0"/>
  <testcase name="supportsSourceTypeWithSmartApplicationListener()" classname="org.springframework.context.event.GenericApplicationListenerAdapterTests" time="0.0"/>
  <testcase name="genericListenerStrictType()" classname="org.springframework.context.event.GenericApplicationListenerAdapterTests" time="0.001"/>
  <testcase name="genericListenerRawTypeTypeErasure()" classname="org.springframework.context.event.GenericApplicationListenerAdapterTests" time="0.0"/>
  <testcase name="genericListenerStrictTypeEventSubTypeNotMatching()" classname="org.springframework.context.event.GenericApplicationListenerAdapterTests" time="0.0"/>
  <testcase name="genericListenerStrictTypeTypeErasure()" classname="org.springframework.context.event.GenericApplicationListenerAdapterTests" time="0.001"/>
  <system-out><![CDATA[]]></system-out>
  <system-err><![CDATA[]]></system-err>
</testsuite>
