<?xml version="1.0" encoding="UTF-8"?>
<testsuite name="org.springframework.aop.framework.autoproxy.AutoProxyCreatorTests" tests="10" skipped="0" failures="0" errors="0" timestamp="2023-03-06T07:17:04" hostname="DESKTOP-VGJP1PJ" time="0.194">
  <properties/>
  <testcase name="testCustomAutoProxyCreator()" classname="org.springframework.aop.framework.autoproxy.AutoProxyCreatorTests" time="0.077"/>
  <testcase name="testAutoProxyCreatorWithPackageVisibleMethod()" classname="org.springframework.aop.framework.autoproxy.AutoProxyCreatorTests" time="0.004"/>
  <testcase name="testAutoProxyCreatorWithFactoryBeanAndProxyObjectOnly()" classname="org.springframework.aop.framework.autoproxy.AutoProxyCreatorTests" time="0.013"/>
  <testcase name="testAutoProxyCreatorWithFallbackToTargetClass()" classname="org.springframework.aop.framework.autoproxy.AutoProxyCreatorTests" time="0.003"/>
  <testcase name="testAutoProxyCreatorWithFactoryBeanAndPrototype()" classname="org.springframework.aop.framework.autoproxy.AutoProxyCreatorTests" time="0.031"/>
  <testcase name="testBeanNameAutoProxyCreatorWithFactoryBeanProxy()" classname="org.springframework.aop.framework.autoproxy.AutoProxyCreatorTests" time="0.008"/>
  <testcase name="testBeanNameAutoProxyCreator()" classname="org.springframework.aop.framework.autoproxy.AutoProxyCreatorTests" time="0.01"/>
  <testcase name="testAutoProxyCreatorWithFactoryBeanAndProxyFactoryBeanOnly()" classname="org.springframework.aop.framework.autoproxy.AutoProxyCreatorTests" time="0.004"/>
  <testcase name="testAutoProxyCreatorWithFallbackToDynamicProxy()" classname="org.springframework.aop.framework.autoproxy.AutoProxyCreatorTests" time="0.036"/>
  <testcase name="testAutoProxyCreatorWithFactoryBean()" classname="org.springframework.aop.framework.autoproxy.AutoProxyCreatorTests" time="0.003"/>
  <system-out><![CDATA[]]></system-out>
  <system-err><![CDATA[]]></system-err>
</testsuite>
