<?xml version="1.0" encoding="UTF-8"?>
<testsuite name="org.springframework.context.groovy.GroovyApplicationContextTests" tests="4" skipped="0" failures="0" errors="0" timestamp="2023-03-06T07:17:53" hostname="DESKTOP-VGJP1PJ" time="2.579">
  <properties/>
  <testcase name="testLoadingMultipleConfigFiles()" classname="org.springframework.context.groovy.GroovyApplicationContextTests" time="2.375"/>
  <testcase name="testLoadingMultipleConfigFilesWithRelativeClass()" classname="org.springframework.context.groovy.GroovyApplicationContextTests" time="0.155"/>
  <testcase name="testConfigFileParsingError()" classname="org.springframework.context.groovy.GroovyApplicationContextTests" time="0.016"/>
  <testcase name="testLoadingConfigFile()" classname="org.springframework.context.groovy.GroovyApplicationContextTests" time="0.033"/>
  <system-out><![CDATA[]]></system-out>
  <system-err><![CDATA[]]></system-err>
</testsuite>
