<?xml version="1.0" encoding="UTF-8"?>
<testsuite name="org.springframework.aop.aspectj.autoproxy.AspectJAutoProxyCreatorAndLazyInitTargetSourceTests" tests="1" skipped="0" failures="0" errors="0" timestamp="2023-03-06T07:16:53" hostname="DESKTOP-VGJP1PJ" time="0.1">
  <properties/>
  <testcase name="testAdrian()" classname="org.springframework.aop.aspectj.autoproxy.AspectJAutoProxyCreatorAndLazyInitTargetSourceTests" time="0.1"/>
  <system-out><![CDATA[]]></system-out>
  <system-err><![CDATA[]]></system-err>
</testsuite>
