<?xml version="1.0" encoding="UTF-8"?>
<testsuite name="org.springframework.context.event.AnnotationDrivenEventListenerTests" tests="36" skipped="1" failures="0" errors="0" timestamp="2023-03-06T07:17:50" hostname="DESKTOP-VGJP1PJ" time="1.588">
  <properties/>
  <testcase name="simpleEventXmlConfig()" classname="org.springframework.context.event.AnnotationDrivenEventListenerTests" time="0.034"/>
  <testcase name="eventListenerWorksWithSimpleInterfaceProxy()" classname="org.springframework.context.event.AnnotationDrivenEventListenerTests" time="0.015"/>
  <testcase name="asyncProcessingAppliedWithInterfaceProxy()" classname="org.springframework.context.event.AnnotationDrivenEventListenerTests" time="0.032"/>
  <testcase name="listenerWithNonMatchingPayload()" classname="org.springframework.context.event.AnnotationDrivenEventListenerTests" time="0.004"/>
  <testcase name="simpleEventJavaConfig()" classname="org.springframework.context.event.AnnotationDrivenEventListenerTests" time="0.004"/>
  <testcase name="monoReply()" classname="org.springframework.context.event.AnnotationDrivenEventListenerTests" time="0.395"/>
  <testcase name="contextEventsAreReceived()" classname="org.springframework.context.event.AnnotationDrivenEventListenerTests" time="0.004"/>
  <testcase name="simpleReply()" classname="org.springframework.context.event.AnnotationDrivenEventListenerTests" time="0.023"/>
  <testcase name="arrayReply()" classname="org.springframework.context.event.AnnotationDrivenEventListenerTests" time="0.011"/>
  <testcase name="methodSignatureNoEvent()" classname="org.springframework.context.event.AnnotationDrivenEventListenerTests" time="0.009"/>
  <testcase name="asyncProcessingApplied()" classname="org.springframework.context.event.AnnotationDrivenEventListenerTests" time="0.045"/>
  <testcase name="missingListenerBeanIgnored()" classname="org.springframework.context.event.AnnotationDrivenEventListenerTests" time="0.008"/>
  <testcase name="fluxReply()" classname="org.springframework.context.event.AnnotationDrivenEventListenerTests" time="0.018"/>
  <testcase name="conditionMatch()" classname="org.springframework.context.event.AnnotationDrivenEventListenerTests" time="0.033"/>
  <testcase name="orderedListeners()" classname="org.springframework.context.event.AnnotationDrivenEventListenerTests" time="0.008"/>
  <testcase name="listenerWithGenericApplicationEvent()" classname="org.springframework.context.event.AnnotationDrivenEventListenerTests" time="0.004"/>
  <testcase name="listenableFutureReply()" classname="org.springframework.context.event.AnnotationDrivenEventListenerTests" time="0.028"/>
  <testcase name="collectionReplyNullValue()" classname="org.springframework.context.event.AnnotationDrivenEventListenerTests" time="0.005"/>
  <testcase name="conditionDoesNotMatch()" classname="org.springframework.context.event.AnnotationDrivenEventListenerTests" time="0.005"/>
  <testcase name="asyncProcessingAppliedWithScopedProxy()" classname="org.springframework.context.event.AnnotationDrivenEventListenerTests" time="0.036"/>
  <testcase name="privateMethodOnCglibProxyFails()" classname="org.springframework.context.event.AnnotationDrivenEventListenerTests" time="0.009"/>
  <testcase name="eventListenerWorksWithCglibProxy()" classname="org.springframework.context.event.AnnotationDrivenEventListenerTests" time="0.008"/>
  <testcase name="conditionMatchWithProxy()" classname="org.springframework.context.event.AnnotationDrivenEventListenerTests" time="0.662"/>
  <testcase name="listenersReceiveEarlyEvents()" classname="org.springframework.context.event.AnnotationDrivenEventListenerTests" time="0.0">
    <skipped/>
  </testcase>
  <testcase name="eventListenerWorksWithCustomScope()" classname="org.springframework.context.event.AnnotationDrivenEventListenerTests" time="0.014"/>
  <testcase name="collectionReply()" classname="org.springframework.context.event.AnnotationDrivenEventListenerTests" time="0.007"/>
  <testcase name="eventListenerWorksWithAnnotatedInterfaceProxy()" classname="org.springframework.context.event.AnnotationDrivenEventListenerTests" time="0.01"/>
  <testcase name="metaAnnotationIsDiscovered()" classname="org.springframework.context.event.AnnotationDrivenEventListenerTests" time="0.006"/>
  <testcase name="exceptionNotPropagatedWithAsync()" classname="org.springframework.context.event.AnnotationDrivenEventListenerTests" time="0.036"/>
  <testcase name="listenerWithResolvableTypeEvent()" classname="org.springframework.context.event.AnnotationDrivenEventListenerTests" time="0.008"/>
  <testcase name="replyWithPayload()" classname="org.springframework.context.event.AnnotationDrivenEventListenerTests" time="0.007"/>
  <testcase name="nullReplyIgnored()" classname="org.springframework.context.event.AnnotationDrivenEventListenerTests" time="0.023"/>
  <testcase name="listenerWithResolvableTypeEventWrongGeneric()" classname="org.springframework.context.event.AnnotationDrivenEventListenerTests" time="0.019"/>
  <testcase name="completableFutureReply()" classname="org.springframework.context.event.AnnotationDrivenEventListenerTests" time="0.03"/>
  <testcase name="exceptionPropagated()" classname="org.springframework.context.event.AnnotationDrivenEventListenerTests" time="0.008"/>
  <testcase name="listenerWithSimplePayload()" classname="org.springframework.context.event.AnnotationDrivenEventListenerTests" time="0.004"/>
  <system-out><![CDATA[02:17:51.129 [Test worker] WARN  o.s.c.a.AnnotationConfigApplicationContext - Exception encountered during context initialization - cancelling refresh attempt: org.springframework.beans.factory.BeanInitializationException: Failed to process @EventListener annotation on bean with name 'annotationDrivenEventListenerTests.InvalidMethodSignatureEventListener'; nested exception is java.lang.IllegalStateException: Maximum one parameter is allowed for event listener method: public void org.springframework.context.event.AnnotationDrivenEventListenerTests$InvalidMethodSignatureEventListener.cannotBeCalled(java.lang.String,java.lang.Integer)
02:17:51.329 [Test worker] WARN  o.s.c.a.AnnotationConfigApplicationContext - Exception encountered during context initialization - cancelling refresh attempt: org.springframework.beans.factory.BeanInitializationException: Failed to process @EventListener annotation on bean with name 'annotationDrivenEventListenerTests.CglibProxyWithPrivateMethod'; nested exception is java.lang.IllegalStateException: Need to invoke method 'handleIt' found on proxy for target class 'CglibProxyWithPrivateMethod' but cannot be delegated to target bean. Switch its visibility to package or protected.
02:17:52.087 [SimpleAsyncTaskExecutor-1] ERROR o.s.a.i.SimpleAsyncUncaughtExceptionHandler - Unexpected exception occurred invoking async method: public void org.springframework.context.event.AnnotationDrivenEventListenerTests$ExceptionEventListener.handleAsync(org.springframework.context.event.test.AnotherTestEvent)
java.lang.IllegalStateException: Test exception
	at org.springframework.context.event.AnnotationDrivenEventListenerTests$ExceptionEventListener.handleAsync(AnnotationDrivenEventListenerTests.java:794) ~[test/:?]
	at org.springframework.context.event.AnnotationDrivenEventListenerTests$ExceptionEventListener$$FastClassBySpringCGLIB$$356572e3.invoke(<generated>) ~[test/:?]
	at org.springframework.cglib.proxy.MethodProxy.invoke(MethodProxy.java:218) ~[spring-core-5.3.0-M1.jar:5.3.0-M1]
	at org.springframework.aop.framework.CglibAopProxy$CglibMethodInvocation.invokeJoinpoint(CglibAopProxy.java:771) ~[spring-aop-5.3.0-M1.jar:?]
	at org.springframework.aop.framework.ReflectiveMethodInvocation.proceed(ReflectiveMethodInvocation.java:163) ~[spring-aop-5.3.0-M1.jar:?]
	at org.springframework.aop.framework.CglibAopProxy$CglibMethodInvocation.proceed(CglibAopProxy.java:749) ~[spring-aop-5.3.0-M1.jar:?]
	at org.springframework.aop.interceptor.AsyncExecutionInterceptor.lambda$invoke$0(AsyncExecutionInterceptor.java:115) ~[spring-aop-5.3.0-M1.jar:5.3.0-M1]
	at java.util.concurrent.FutureTask.run(FutureTask.java:266) [?:1.8.0_251]
	at java.lang.Thread.run(Thread.java:748) [?:1.8.0_251]
]]></system-out>
  <system-err><![CDATA[]]></system-err>
</testsuite>
