<?xml version="1.0" encoding="UTF-8"?>
<testsuite name="org.springframework.context.annotation.configuration.ConfigurationBeanNameTests" tests="3" skipped="0" failures="0" errors="0" timestamp="2023-03-06T07:17:42" hostname="DESKTOP-VGJP1PJ" time="0.018">
  <properties/>
  <testcase name="registerNestedConfig()" classname="org.springframework.context.annotation.configuration.ConfigurationBeanNameTests" time="0.006"/>
  <testcase name="registerOuterConfig()" classname="org.springframework.context.annotation.configuration.ConfigurationBeanNameTests" time="0.008"/>
  <testcase name="registerOuterConfig_withBeanNameGenerator()" classname="org.springframework.context.annotation.configuration.ConfigurationBeanNameTests" time="0.003"/>
  <system-out><![CDATA[]]></system-out>
  <system-err><![CDATA[]]></system-err>
</testsuite>
