<?xml version="1.0" encoding="UTF-8"?>
<testsuite name="org.springframework.aop.config.AopNamespaceHandlerThrowingTests" tests="2" skipped="0" failures="0" errors="0" timestamp="2023-03-06T07:17:03" hostname="DESKTOP-VGJP1PJ" time="0.04">
  <properties/>
  <testcase name="testThrowingOnThrowingAdvice()" classname="org.springframework.aop.config.AopNamespaceHandlerThrowingTests" time="0.015"/>
  <testcase name="testParseThrowingOnOtherAdviceType()" classname="org.springframework.aop.config.AopNamespaceHandlerThrowingTests" time="0.025"/>
  <system-out><![CDATA[]]></system-out>
  <system-err><![CDATA[]]></system-err>
</testsuite>
