<?xml version="1.0" encoding="UTF-8"?>
<testsuite name="org.springframework.context.annotation.Spr16022Tests" tests="2" skipped="0" failures="0" errors="0" timestamp="2023-03-06T07:18:45" hostname="DESKTOP-VGJP1PJ" time="0.104">
  <properties/>
  <testcase name="Register beans with multiple constructors with AnnotationConfigApplicationContext()" classname="org.springframework.context.annotation.Spr16022Tests" time="0.085"/>
  <testcase name="Register beans with multiple constructors with ClassPathXmlApplicationContext()" classname="org.springframework.context.annotation.Spr16022Tests" time="0.018"/>
  <system-out><![CDATA[]]></system-out>
  <system-err><![CDATA[]]></system-err>
</testsuite>
