<?xml version="1.0" encoding="UTF-8"?>
<testsuite name="org.springframework.aop.config.AopNamespaceHandlerProxyTargetClassTests" tests="6" skipped="0" failures="0" errors="0" timestamp="2023-03-06T07:17:02" hostname="DESKTOP-VGJP1PJ" time="0.732">
  <properties/>
  <testcase name="testAspectAppliedForInitializeBeanWithEmptyName()" classname="org.springframework.aop.config.AopNamespaceHandlerProxyTargetClassTests" time="0.163"/>
  <testcase name="testAdviceInvokedCorrectly()" classname="org.springframework.aop.config.AopNamespaceHandlerProxyTargetClassTests" time="0.054"/>
  <testcase name="testAspectAppliedForInitializeBeanWithNullName()" classname="org.springframework.aop.config.AopNamespaceHandlerProxyTargetClassTests" time="0.134"/>
  <testcase name="testIsProxy()" classname="org.springframework.aop.config.AopNamespaceHandlerProxyTargetClassTests" time="0.069"/>
  <testcase name="testAspectApplied()" classname="org.springframework.aop.config.AopNamespaceHandlerProxyTargetClassTests" time="0.141"/>
  <testcase name="testIsClassProxy()" classname="org.springframework.aop.config.AopNamespaceHandlerProxyTargetClassTests" time="0.054"/>
  <system-out><![CDATA[]]></system-out>
  <system-err><![CDATA[]]></system-err>
</testsuite>
