<?xml version="1.0" encoding="UTF-8"?>
<testsuite name="org.springframework.context.annotation.configuration.ImportWithConditionTests" tests="2" skipped="0" failures="0" errors="0" timestamp="2023-03-06T07:17:43" hostname="DESKTOP-VGJP1PJ" time="0.034">
  <properties/>
  <testcase name="unconditionalThenConditional()" classname="org.springframework.context.annotation.configuration.ImportWithConditionTests" time="0.027"/>
  <testcase name="conditionalThenUnconditional()" classname="org.springframework.context.annotation.configuration.ImportWithConditionTests" time="0.005"/>
  <system-out><![CDATA[]]></system-out>
  <system-err><![CDATA[]]></system-err>
</testsuite>
