<?xml version="1.0" encoding="UTF-8"?>
<testsuite name="org.springframework.cache.interceptor.CacheResolverCustomizationTests" tests="7" skipped="0" failures="0" errors="0" timestamp="2023-03-06T07:17:31" hostname="DESKTOP-VGJP1PJ" time="0.399">
  <properties/>
  <testcase name="customCacheResolver()" classname="org.springframework.cache.interceptor.CacheResolverCustomizationTests" time="0.185"/>
  <testcase name="runtimeResolution()" classname="org.springframework.cache.interceptor.CacheResolverCustomizationTests" time="0.084"/>
  <testcase name="namedResolution()" classname="org.springframework.cache.interceptor.CacheResolverCustomizationTests" time="0.032"/>
  <testcase name="noCustomization()" classname="org.springframework.cache.interceptor.CacheResolverCustomizationTests" time="0.04"/>
  <testcase name="customCacheManager()" classname="org.springframework.cache.interceptor.CacheResolverCustomizationTests" time="0.029"/>
  <testcase name="noCacheResolved()" classname="org.springframework.cache.interceptor.CacheResolverCustomizationTests" time="0.016"/>
  <testcase name="unknownCacheResolver()" classname="org.springframework.cache.interceptor.CacheResolverCustomizationTests" time="0.011"/>
  <system-out><![CDATA[]]></system-out>
  <system-err><![CDATA[]]></system-err>
</testsuite>
