<?xml version="1.0" encoding="UTF-8"?>
<testsuite name="org.springframework.validation.beanvalidation.MethodValidationTests" tests="4" skipped="0" failures="0" errors="0" timestamp="2023-03-06T07:18:39" hostname="DESKTOP-VGJP1PJ" time="0.217">
  <properties/>
  <testcase name="testLazyValidatorForMethodValidation()" classname="org.springframework.validation.beanvalidation.MethodValidationTests" time="0.067"/>
  <testcase name="testMethodValidationInterceptor()" classname="org.springframework.validation.beanvalidation.MethodValidationTests" time="0.021"/>
  <testcase name="testLazyValidatorForMethodValidationWithProxyTargetClass()" classname="org.springframework.validation.beanvalidation.MethodValidationTests" time="0.065"/>
  <testcase name="testMethodValidationPostProcessor()" classname="org.springframework.validation.beanvalidation.MethodValidationTests" time="0.063"/>
  <system-out><![CDATA[]]></system-out>
  <system-err><![CDATA[]]></system-err>
</testsuite>
