<?xml version="1.0" encoding="UTF-8"?>
<testsuite name="org.springframework.cache.config.AnnotationDrivenCacheConfigTests" tests="60" skipped="0" failures="0" errors="0" timestamp="2023-03-06T07:17:16" hostname="DESKTOP-VGJP1PJ" time="3.722">
  <properties/>
  <testcase name="testMultiConditionalCacheAndEvict()" classname="org.springframework.cache.config.AnnotationDrivenCacheConfigTests" time="0.154"/>
  <testcase name="testClassEvictWithKeyEarly()" classname="org.springframework.cache.config.AnnotationDrivenCacheConfigTests" time="0.055"/>
  <testcase name="testClassCheckedExceptionSync()" classname="org.springframework.cache.config.AnnotationDrivenCacheConfigTests" time="0.087"/>
  <testcase name="testKeyExpression()" classname="org.springframework.cache.config.AnnotationDrivenCacheConfigTests" time="0.047"/>
  <testcase name="testConditionalUpdate()" classname="org.springframework.cache.config.AnnotationDrivenCacheConfigTests" time="0.151"/>
  <testcase name="testClassMultiCacheAndEvict()" classname="org.springframework.cache.config.AnnotationDrivenCacheConfigTests" time="0.051"/>
  <testcase name="testCacheableSyncNull()" classname="org.springframework.cache.config.AnnotationDrivenCacheConfigTests" time="0.041"/>
  <testcase name="testUnknownCustomKeyGenerator()" classname="org.springframework.cache.config.AnnotationDrivenCacheConfigTests" time="0.076"/>
  <testcase name="testClassRootVars()" classname="org.springframework.cache.config.AnnotationDrivenCacheConfigTests" time="0.073"/>
  <testcase name="testMethodName()" classname="org.springframework.cache.config.AnnotationDrivenCacheConfigTests" time="0.05"/>
  <testcase name="testEvictWithException()" classname="org.springframework.cache.config.AnnotationDrivenCacheConfigTests" time="0.043"/>
  <testcase name="testClassUpdate()" classname="org.springframework.cache.config.AnnotationDrivenCacheConfigTests" time="0.078"/>
  <testcase name="testCustomCacheManager()" classname="org.springframework.cache.config.AnnotationDrivenCacheConfigTests" time="0.102"/>
  <testcase name="testEvict()" classname="org.springframework.cache.config.AnnotationDrivenCacheConfigTests" time="0.048"/>
  <testcase name="testCheckedExceptionSync()" classname="org.springframework.cache.config.AnnotationDrivenCacheConfigTests" time="0.04"/>
  <testcase name="testClassEvictEarly()" classname="org.springframework.cache.config.AnnotationDrivenCacheConfigTests" time="0.046"/>
  <testcase name="testClassNullArg()" classname="org.springframework.cache.config.AnnotationDrivenCacheConfigTests" time="0.042"/>
  <testcase name="testClassEvictAll()" classname="org.springframework.cache.config.AnnotationDrivenCacheConfigTests" time="0.069"/>
  <testcase name="testPutRefersToResult()" classname="org.springframework.cache.config.AnnotationDrivenCacheConfigTests" time="0.095"/>
  <testcase name="testClassCacheUnlessExpression()" classname="org.springframework.cache.config.AnnotationDrivenCacheConfigTests" time="0.091"/>
  <testcase name="testConditionalExpressionSync()" classname="org.springframework.cache.config.AnnotationDrivenCacheConfigTests" time="0.074"/>
  <testcase name="testClassConditionalUpdate()" classname="org.springframework.cache.config.AnnotationDrivenCacheConfigTests" time="0.182"/>
  <testcase name="testConditionalExpression()" classname="org.springframework.cache.config.AnnotationDrivenCacheConfigTests" time="0.039"/>
  <testcase name="testClassMultiPut()" classname="org.springframework.cache.config.AnnotationDrivenCacheConfigTests" time="0.142"/>
  <testcase name="testClassUncheckedException()" classname="org.springframework.cache.config.AnnotationDrivenCacheConfigTests" time="0.086"/>
  <testcase name="testClassCacheEvictWithWKey()" classname="org.springframework.cache.config.AnnotationDrivenCacheConfigTests" time="0.07"/>
  <testcase name="testClassNullValue()" classname="org.springframework.cache.config.AnnotationDrivenCacheConfigTests" time="0.064"/>
  <testcase name="testUncheckedExceptionSync()" classname="org.springframework.cache.config.AnnotationDrivenCacheConfigTests" time="0.025"/>
  <testcase name="testClassUncheckedExceptionSync()" classname="org.springframework.cache.config.AnnotationDrivenCacheConfigTests" time="0.042"/>
  <testcase name="testClassCacheCacheable()" classname="org.springframework.cache.config.AnnotationDrivenCacheConfigTests" time="0.087"/>
  <testcase name="testClassMethodName()" classname="org.springframework.cache.config.AnnotationDrivenCacheConfigTests" time="0.045"/>
  <testcase name="testCustomKeyGenerator()" classname="org.springframework.cache.config.AnnotationDrivenCacheConfigTests" time="0.046"/>
  <testcase name="testCacheable()" classname="org.springframework.cache.config.AnnotationDrivenCacheConfigTests" time="0.021"/>
  <testcase name="testCheckedException()" classname="org.springframework.cache.config.AnnotationDrivenCacheConfigTests" time="0.052"/>
  <testcase name="testClassPutRefersToResult()" classname="org.springframework.cache.config.AnnotationDrivenCacheConfigTests" time="0.043"/>
  <testcase name="testVarArgsKey()" classname="org.springframework.cache.config.AnnotationDrivenCacheConfigTests" time="0.034"/>
  <testcase name="testMultiCache()" classname="org.springframework.cache.config.AnnotationDrivenCacheConfigTests" time="0.078"/>
  <testcase name="testMultiEvict()" classname="org.springframework.cache.config.AnnotationDrivenCacheConfigTests" time="0.043"/>
  <testcase name="testMultiCacheAndEvict()" classname="org.springframework.cache.config.AnnotationDrivenCacheConfigTests" time="0.044"/>
  <testcase name="testRootVars()" classname="org.springframework.cache.config.AnnotationDrivenCacheConfigTests" time="0.043"/>
  <testcase name="testClassMultiConditionalCacheAndEvict()" classname="org.springframework.cache.config.AnnotationDrivenCacheConfigTests" time="0.021"/>
  <testcase name="testClassEvictWithException()" classname="org.springframework.cache.config.AnnotationDrivenCacheConfigTests" time="0.044"/>
  <testcase name="testClassCheckedException()" classname="org.springframework.cache.config.AnnotationDrivenCacheConfigTests" time="0.037"/>
  <testcase name="testClassCacheEvict()" classname="org.springframework.cache.config.AnnotationDrivenCacheConfigTests" time="0.063"/>
  <testcase name="testEvictWithKey()" classname="org.springframework.cache.config.AnnotationDrivenCacheConfigTests" time="0.075"/>
  <testcase name="testUnlessExpression()" classname="org.springframework.cache.config.AnnotationDrivenCacheConfigTests" time="0.031"/>
  <testcase name="testEvictAllEarly()" classname="org.springframework.cache.config.AnnotationDrivenCacheConfigTests" time="0.051"/>
  <testcase name="testEvictAll()" classname="org.springframework.cache.config.AnnotationDrivenCacheConfigTests" time="0.071"/>
  <testcase name="testCacheableNull()" classname="org.springframework.cache.config.AnnotationDrivenCacheConfigTests" time="0.029"/>
  <testcase name="testCacheableSync()" classname="org.springframework.cache.config.AnnotationDrivenCacheConfigTests" time="0.05"/>
  <testcase name="testEvictWithKeyEarly()" classname="org.springframework.cache.config.AnnotationDrivenCacheConfigTests" time="0.045"/>
  <testcase name="testMultiPut()" classname="org.springframework.cache.config.AnnotationDrivenCacheConfigTests" time="0.044"/>
  <testcase name="testUnknownCustomCacheManager()" classname="org.springframework.cache.config.AnnotationDrivenCacheConfigTests" time="0.043"/>
  <testcase name="testUncheckedException()" classname="org.springframework.cache.config.AnnotationDrivenCacheConfigTests" time="0.069"/>
  <testcase name="testNullValue()" classname="org.springframework.cache.config.AnnotationDrivenCacheConfigTests" time="0.045"/>
  <testcase name="testEvictEarly()" classname="org.springframework.cache.config.AnnotationDrivenCacheConfigTests" time="0.077"/>
  <testcase name="testUpdate()" classname="org.springframework.cache.config.AnnotationDrivenCacheConfigTests" time="0.062"/>
  <testcase name="testNullArg()" classname="org.springframework.cache.config.AnnotationDrivenCacheConfigTests" time="0.043"/>
  <testcase name="testClassMultiCache()" classname="org.springframework.cache.config.AnnotationDrivenCacheConfigTests" time="0.023"/>
  <testcase name="testClassMultiEvict()" classname="org.springframework.cache.config.AnnotationDrivenCacheConfigTests" time="0.039"/>
  <system-out><![CDATA[]]></system-out>
  <system-err><![CDATA[]]></system-err>
</testsuite>
