<?xml version="1.0" encoding="UTF-8"?>
<testsuite name="org.springframework.cache.config.CacheAdviceNamespaceTests" tests="61" skipped="0" failures="0" errors="0" timestamp="2023-03-06T07:17:23" hostname="DESKTOP-VGJP1PJ" time="3.007">
  <properties/>
  <testcase name="testMultiConditionalCacheAndEvict()" classname="org.springframework.cache.config.CacheAdviceNamespaceTests" time="0.037"/>
  <testcase name="testClassEvictWithKeyEarly()" classname="org.springframework.cache.config.CacheAdviceNamespaceTests" time="0.026"/>
  <testcase name="testClassCheckedExceptionSync()" classname="org.springframework.cache.config.CacheAdviceNamespaceTests" time="0.023"/>
  <testcase name="testKeyExpression()" classname="org.springframework.cache.config.CacheAdviceNamespaceTests" time="0.024"/>
  <testcase name="testConditionalUpdate()" classname="org.springframework.cache.config.CacheAdviceNamespaceTests" time="0.025"/>
  <testcase name="testClassMultiCacheAndEvict()" classname="org.springframework.cache.config.CacheAdviceNamespaceTests" time="0.02"/>
  <testcase name="testCacheableSyncNull()" classname="org.springframework.cache.config.CacheAdviceNamespaceTests" time="0.021"/>
  <testcase name="testUnknownCustomKeyGenerator()" classname="org.springframework.cache.config.CacheAdviceNamespaceTests" time="0.023"/>
  <testcase name="testClassRootVars()" classname="org.springframework.cache.config.CacheAdviceNamespaceTests" time="0.023"/>
  <testcase name="testMethodName()" classname="org.springframework.cache.config.CacheAdviceNamespaceTests" time="0.024"/>
  <testcase name="testEvictWithException()" classname="org.springframework.cache.config.CacheAdviceNamespaceTests" time="0.021"/>
  <testcase name="testClassUpdate()" classname="org.springframework.cache.config.CacheAdviceNamespaceTests" time="0.029"/>
  <testcase name="testCustomCacheManager()" classname="org.springframework.cache.config.CacheAdviceNamespaceTests" time="0.028"/>
  <testcase name="testEvict()" classname="org.springframework.cache.config.CacheAdviceNamespaceTests" time="0.044"/>
  <testcase name="testCheckedExceptionSync()" classname="org.springframework.cache.config.CacheAdviceNamespaceTests" time="0.037"/>
  <testcase name="testClassEvictEarly()" classname="org.springframework.cache.config.CacheAdviceNamespaceTests" time="0.094"/>
  <testcase name="testClassNullArg()" classname="org.springframework.cache.config.CacheAdviceNamespaceTests" time="0.158"/>
  <testcase name="testClassEvictAll()" classname="org.springframework.cache.config.CacheAdviceNamespaceTests" time="0.088"/>
  <testcase name="testPutRefersToResult()" classname="org.springframework.cache.config.CacheAdviceNamespaceTests" time="0.027"/>
  <testcase name="testClassCacheUnlessExpression()" classname="org.springframework.cache.config.CacheAdviceNamespaceTests" time="0.028"/>
  <testcase name="testConditionalExpressionSync()" classname="org.springframework.cache.config.CacheAdviceNamespaceTests" time="0.029"/>
  <testcase name="testClassConditionalUpdate()" classname="org.springframework.cache.config.CacheAdviceNamespaceTests" time="0.026"/>
  <testcase name="testConditionalExpression()" classname="org.springframework.cache.config.CacheAdviceNamespaceTests" time="0.021"/>
  <testcase name="testClassMultiPut()" classname="org.springframework.cache.config.CacheAdviceNamespaceTests" time="0.025"/>
  <testcase name="testClassUncheckedException()" classname="org.springframework.cache.config.CacheAdviceNamespaceTests" time="0.028"/>
  <testcase name="testClassCacheEvictWithWKey()" classname="org.springframework.cache.config.CacheAdviceNamespaceTests" time="0.121"/>
  <testcase name="testClassNullValue()" classname="org.springframework.cache.config.CacheAdviceNamespaceTests" time="0.048"/>
  <testcase name="testUncheckedExceptionSync()" classname="org.springframework.cache.config.CacheAdviceNamespaceTests" time="0.044"/>
  <testcase name="testClassUncheckedExceptionSync()" classname="org.springframework.cache.config.CacheAdviceNamespaceTests" time="0.02"/>
  <testcase name="testClassCacheCacheable()" classname="org.springframework.cache.config.CacheAdviceNamespaceTests" time="0.037"/>
  <testcase name="testClassMethodName()" classname="org.springframework.cache.config.CacheAdviceNamespaceTests" time="0.043"/>
  <testcase name="testCustomKeyGenerator()" classname="org.springframework.cache.config.CacheAdviceNamespaceTests" time="0.039"/>
  <testcase name="testCacheable()" classname="org.springframework.cache.config.CacheAdviceNamespaceTests" time="0.065"/>
  <testcase name="testCheckedException()" classname="org.springframework.cache.config.CacheAdviceNamespaceTests" time="0.126"/>
  <testcase name="testClassPutRefersToResult()" classname="org.springframework.cache.config.CacheAdviceNamespaceTests" time="0.031"/>
  <testcase name="testVarArgsKey()" classname="org.springframework.cache.config.CacheAdviceNamespaceTests" time="0.231"/>
  <testcase name="testMultiCache()" classname="org.springframework.cache.config.CacheAdviceNamespaceTests" time="0.047"/>
  <testcase name="testMultiEvict()" classname="org.springframework.cache.config.CacheAdviceNamespaceTests" time="0.05"/>
  <testcase name="testMultiCacheAndEvict()" classname="org.springframework.cache.config.CacheAdviceNamespaceTests" time="0.076"/>
  <testcase name="testRootVars()" classname="org.springframework.cache.config.CacheAdviceNamespaceTests" time="0.048"/>
  <testcase name="testClassMultiConditionalCacheAndEvict()" classname="org.springframework.cache.config.CacheAdviceNamespaceTests" time="0.046"/>
  <testcase name="testClassEvictWithException()" classname="org.springframework.cache.config.CacheAdviceNamespaceTests" time="0.021"/>
  <testcase name="testClassCheckedException()" classname="org.springframework.cache.config.CacheAdviceNamespaceTests" time="0.037"/>
  <testcase name="testClassCacheEvict()" classname="org.springframework.cache.config.CacheAdviceNamespaceTests" time="0.043"/>
  <testcase name="testEvictWithKey()" classname="org.springframework.cache.config.CacheAdviceNamespaceTests" time="0.042"/>
  <testcase name="testUnlessExpression()" classname="org.springframework.cache.config.CacheAdviceNamespaceTests" time="0.046"/>
  <testcase name="testEvictAllEarly()" classname="org.springframework.cache.config.CacheAdviceNamespaceTests" time="0.048"/>
  <testcase name="testEvictAll()" classname="org.springframework.cache.config.CacheAdviceNamespaceTests" time="0.047"/>
  <testcase name="testCacheableNull()" classname="org.springframework.cache.config.CacheAdviceNamespaceTests" time="0.055"/>
  <testcase name="testCacheableSync()" classname="org.springframework.cache.config.CacheAdviceNamespaceTests" time="0.11"/>
  <testcase name="testEvictWithKeyEarly()" classname="org.springframework.cache.config.CacheAdviceNamespaceTests" time="0.063"/>
  <testcase name="testMultiPut()" classname="org.springframework.cache.config.CacheAdviceNamespaceTests" time="0.043"/>
  <testcase name="testUnknownCustomCacheManager()" classname="org.springframework.cache.config.CacheAdviceNamespaceTests" time="0.066"/>
  <testcase name="testUncheckedException()" classname="org.springframework.cache.config.CacheAdviceNamespaceTests" time="0.033"/>
  <testcase name="testNullValue()" classname="org.springframework.cache.config.CacheAdviceNamespaceTests" time="0.045"/>
  <testcase name="testEvictEarly()" classname="org.springframework.cache.config.CacheAdviceNamespaceTests" time="0.048"/>
  <testcase name="testUpdate()" classname="org.springframework.cache.config.CacheAdviceNamespaceTests" time="0.066"/>
  <testcase name="testNullArg()" classname="org.springframework.cache.config.CacheAdviceNamespaceTests" time="0.05"/>
  <testcase name="testClassMultiCache()" classname="org.springframework.cache.config.CacheAdviceNamespaceTests" time="0.044"/>
  <testcase name="testClassMultiEvict()" classname="org.springframework.cache.config.CacheAdviceNamespaceTests" time="0.028"/>
  <testcase name="testKeyStrategy()" classname="org.springframework.cache.config.CacheAdviceNamespaceTests" time="0.045"/>
  <system-out><![CDATA[]]></system-out>
  <system-err><![CDATA[]]></system-err>
</testsuite>
