<?xml version="1.0" encoding="UTF-8"?>
<testsuite name="org.springframework.context.annotation.ComponentScanAnnotationRecursionTests" tests="1" skipped="0" failures="0" errors="0" timestamp="2023-03-06T07:17:36" hostname="DESKTOP-VGJP1PJ" time="0.041">
  <properties/>
  <testcase name="recursion()" classname="org.springframework.context.annotation.ComponentScanAnnotationRecursionTests" time="0.041"/>
  <system-out><![CDATA[]]></system-out>
  <system-err><![CDATA[]]></system-err>
</testsuite>
