<?xml version="1.0" encoding="UTF-8"?>
<testsuite name="org.springframework.beans.factory.xml.support.CustomNamespaceHandlerTests" tests="9" skipped="0" failures="0" errors="0" timestamp="2023-03-06T07:17:12" hostname="DESKTOP-VGJP1PJ" time="0.359">
  <properties/>
  <testcase name="testDecorationViaAttribute()" classname="org.springframework.beans.factory.xml.support.CustomNamespaceHandlerTests" time="0.092"/>
  <testcase name="testCustomElementNestedWithinUtilMap()" classname="org.springframework.beans.factory.xml.support.CustomNamespaceHandlerTests" time="0.058"/>
  <testcase name="testCustomElementNestedWithinUtilSet()" classname="org.springframework.beans.factory.xml.support.CustomNamespaceHandlerTests" time="0.041"/>
  <testcase name="testSimpleDecorator()" classname="org.springframework.beans.factory.xml.support.CustomNamespaceHandlerTests" time="0.03"/>
  <testcase name="testCustomElementNestedWithinUtilList()" classname="org.springframework.beans.factory.xml.support.CustomNamespaceHandlerTests" time="0.011"/>
  <testcase name="testProxyingDecorator()" classname="org.springframework.beans.factory.xml.support.CustomNamespaceHandlerTests" time="0.011"/>
  <testcase name="testProxyingDecoratorNoInstance()" classname="org.springframework.beans.factory.xml.support.CustomNamespaceHandlerTests" time="0.038"/>
  <testcase name="testSimpleParser()" classname="org.springframework.beans.factory.xml.support.CustomNamespaceHandlerTests" time="0.025"/>
  <testcase name="testChainedDecorators()" classname="org.springframework.beans.factory.xml.support.CustomNamespaceHandlerTests" time="0.032"/>
  <system-out><![CDATA[]]></system-out>
  <system-err><![CDATA[]]></system-err>
</testsuite>
