<?xml version="1.0" encoding="UTF-8"?>
<testsuite name="org.springframework.context.annotation.configuration.ImportTests" tests="12" skipped="0" failures="0" errors="0" timestamp="2023-03-06T07:17:43" hostname="DESKTOP-VGJP1PJ" time="0.179">
  <properties/>
  <testcase name="testImportNonConfigurationAnnotationClass()" classname="org.springframework.context.annotation.configuration.ImportTests" time="0.002"/>
  <testcase name="testProcessImportsWithAsm()" classname="org.springframework.context.annotation.configuration.ImportTests" time="0.004"/>
  <testcase name="testImportAnnotationWithMultipleArgumentsResultingInOverriddenBeanDefinition()" classname="org.springframework.context.annotation.configuration.ImportTests" time="0.004"/>
  <testcase name="testImportAnnotationWithMultipleArguments()" classname="org.springframework.context.annotation.configuration.ImportTests" time="0.01"/>
  <testcase name="testImportAnnotationWithThreeLevelRecursion()" classname="org.springframework.context.annotation.configuration.ImportTests" time="0.024"/>
  <testcase name="testProcessImportsWithExplicitOverridingBefore()" classname="org.springframework.context.annotation.configuration.ImportTests" time="0.006"/>
  <testcase name="testImportAnnotationOnInnerClasses()" classname="org.springframework.context.annotation.configuration.ImportTests" time="0.006"/>
  <testcase name="reproSpr9023()" classname="org.springframework.context.annotation.configuration.ImportTests" time="0.031"/>
  <testcase name="testProcessImportsWithDoubleImports()" classname="org.springframework.context.annotation.configuration.ImportTests" time="0.01"/>
  <testcase name="testProcessImports()" classname="org.springframework.context.annotation.configuration.ImportTests" time="0.002"/>
  <testcase name="testProcessImportsWithExplicitOverridingAfter()" classname="org.springframework.context.annotation.configuration.ImportTests" time="0.002"/>
  <testcase name="testImportAnnotationWithTwoLevelRecursion()" classname="org.springframework.context.annotation.configuration.ImportTests" time="0.067"/>
  <system-out><![CDATA[org.springframework.beans.factory.support.DefaultListableBeanFactory@3fb66dd6: defining beans [org.springframework.context.annotation.internalConfigurationAnnotationProcessor,org.springframework.context.annotation.internalAutowiredAnnotationProcessor,org.springframework.context.annotation.internalCommonAnnotationProcessor,org.springframework.context.event.internalEventListenerProcessor,org.springframework.context.event.internalEventListenerFactory,config-b,config-a]; root of factory hierarchy
]]></system-out>
  <system-err><![CDATA[]]></system-err>
</testsuite>
