<?xml version="1.0" encoding="UTF-8"?>
<testsuite name="org.springframework.context.groovy.GroovyApplicationContextDynamicBeanPropertyTests" tests="2" skipped="0" failures="0" errors="0" timestamp="2023-03-06T07:18:41" hostname="DESKTOP-VGJP1PJ" time="0.274">
  <properties/>
  <testcase name="testAccessDynamicBeanProperties()" classname="org.springframework.context.groovy.GroovyApplicationContextDynamicBeanPropertyTests" time="0.21"/>
  <testcase name="testAccessingNonExistentBeanViaDynamicProperty()" classname="org.springframework.context.groovy.GroovyApplicationContextDynamicBeanPropertyTests" time="0.064"/>
  <system-out><![CDATA[]]></system-out>
  <system-err><![CDATA[]]></system-err>
</testsuite>
