<?xml version="1.0" encoding="UTF-8"?>
<testsuite name="org.springframework.scheduling.annotation.EnableAsyncTests" tests="17" skipped="0" failures="0" errors="0" timestamp="2023-03-06T07:18:16" hostname="DESKTOP-VGJP1PJ" time="0.706">
  <properties/>
  <testcase name="customAsyncAnnotationIsPropagated()" classname="org.springframework.scheduling.annotation.EnableAsyncTests" time="0.008"/>
  <testcase name="properExceptionForResolvedProxyDependencyMismatch()" classname="org.springframework.scheduling.annotation.EnableAsyncTests" time="0.014"/>
  <testcase name="customExecutorConfig()" classname="org.springframework.scheduling.annotation.EnableAsyncTests" time="0.131"/>
  <testcase name="aspectModeAspectJAttemptsToRegisterAsyncAspect()" classname="org.springframework.scheduling.annotation.EnableAsyncTests" time="0.007"/>
  <testcase name="proxyingOccurs()" classname="org.springframework.scheduling.annotation.EnableAsyncTests" time="0.029"/>
  <testcase name="asyncProcessorIsOrderedLowestPrecedenceByDefault()" classname="org.springframework.scheduling.annotation.EnableAsyncTests" time="0.009"/>
  <testcase name="exceptionThrownWithBeanNotOfRequiredTypeRootCause()" classname="org.springframework.scheduling.annotation.EnableAsyncTests" time="0.018"/>
  <testcase name="customExecutorBeanConfigWithThrowsException()" classname="org.springframework.scheduling.annotation.EnableAsyncTests" time="0.056"/>
  <testcase name="customExecutorBeanConfig()" classname="org.springframework.scheduling.annotation.EnableAsyncTests" time="0.033"/>
  <testcase name="properExceptionForExistingProxyDependencyMismatch()" classname="org.springframework.scheduling.annotation.EnableAsyncTests" time="0.006"/>
  <testcase name="findOnInterfaceWithInterfaceProxy()" classname="org.springframework.scheduling.annotation.EnableAsyncTests" time="0.101"/>
  <testcase name="findOnInterfaceWithCglibProxy()" classname="org.springframework.scheduling.annotation.EnableAsyncTests" time="0.093"/>
  <testcase name="customExecutorBean()" classname="org.springframework.scheduling.annotation.EnableAsyncTests" time="0.041"/>
  <testcase name="customExecutorConfigWithThrowsException()" classname="org.springframework.scheduling.annotation.EnableAsyncTests" time="0.044"/>
  <testcase name="proxyingOccursWithMockitoStub()" classname="org.springframework.scheduling.annotation.EnableAsyncTests" time="0.046"/>
  <testcase name="withAsyncBeanWithExecutorQualifiedByName()" classname="org.springframework.scheduling.annotation.EnableAsyncTests" time="0.051"/>
  <testcase name="orderAttributeIsPropagated()" classname="org.springframework.scheduling.annotation.EnableAsyncTests" time="0.009"/>
  <system-out><![CDATA[02:18:16.177 [Test worker] WARN  o.s.c.a.AnnotationConfigApplicationContext - Exception encountered during context initialization - cancelling refresh attempt: org.springframework.beans.factory.UnsatisfiedDependencyException: Error creating bean with name 'enableAsyncTests.AsyncBeanUser': Unsatisfied dependency expressed through constructor parameter 0; nested exception is org.springframework.beans.factory.BeanNotOfRequiredTypeException: Bean named 'asyncBean' is expected to be of type 'org.springframework.scheduling.annotation.EnableAsyncTests$AsyncBean' but was actually of type 'com.sun.proxy.$Proxy233'
02:18:16.316 [Test worker] WARN  o.s.c.a.AnnotationConfigApplicationContext - Exception encountered during context initialization - cancelling refresh attempt: org.springframework.beans.factory.BeanDefinitionStoreException: Failed to process import candidates for configuration class [org.springframework.scheduling.annotation.EnableAsyncTests$AspectJAsyncAnnotationConfig]; nested exception is java.io.FileNotFoundException: class path resource [org/springframework/scheduling/aspectj/AspectJAsyncConfiguration.class] cannot be opened because it does not exist
02:18:16.377 [Test worker] WARN  o.s.c.a.AnnotationConfigApplicationContext - Exception encountered during context initialization - cancelling refresh attempt: org.springframework.beans.factory.UnsatisfiedDependencyException: Error creating bean with name 'user' defined in org.springframework.scheduling.annotation.EnableAsyncTests$UserConfiguration: Unsatisfied dependency expressed through method 'user' parameter 0; nested exception is org.springframework.beans.factory.BeanNotOfRequiredTypeException: Bean named 'asyncBean' is expected to be of type 'org.springframework.scheduling.annotation.EnableAsyncTests$AsyncBeanWithInterface' but was actually of type 'com.sun.proxy.$Proxy233'
02:18:16.473 [Test worker] WARN  o.s.c.a.AnnotationConfigApplicationContext - Exception encountered during context initialization - cancelling refresh attempt: org.springframework.beans.factory.UnsatisfiedDependencyException: Error creating bean with name 'enableAsyncTests.AsyncBeanUser': Unsatisfied dependency expressed through constructor parameter 0; nested exception is org.springframework.beans.factory.BeanNotOfRequiredTypeException: Bean named 'asyncBean' is expected to be of type 'org.springframework.scheduling.annotation.EnableAsyncTests$AsyncBean' but was actually of type 'com.sun.proxy.$Proxy233'
]]></system-out>
  <system-err><![CDATA[Mar 06, 2023 2:18:16 AM ClientCommunicatorAdmin restart
WARNING: Failed to restart: java.net.ConnectException: Connection refused: connect
]]></system-err>
</testsuite>
