<?xml version="1.0" encoding="UTF-8"?>
<testsuite name="org.springframework.jms.support.converter.MappingJackson2MessageConverterTests" tests="14" skipped="0" failures="0" errors="0" timestamp="2023-03-06T07:33:19" hostname="DESKTOP-VGJP1PJ" time="0.346">
  <properties/>
  <testcase name="toTextMessageWithAnotherJsonViewClass()" classname="org.springframework.jms.support.converter.MappingJackson2MessageConverterTests" time="0.004"/>
  <testcase name="toBytesMessage()" classname="org.springframework.jms.support.converter.MappingJackson2MessageConverterTests" time="0.005"/>
  <testcase name="fromTextMessageWithUnknownProperty()" classname="org.springframework.jms.support.converter.MappingJackson2MessageConverterTests" time="0.116"/>
  <testcase name="fromTextMessageAsMap()" classname="org.springframework.jms.support.converter.MappingJackson2MessageConverterTests" time="0.105"/>
  <testcase name="toTextMessageWithReturnTypeAndNoJsonView()" classname="org.springframework.jms.support.converter.MappingJackson2MessageConverterTests" time="0.018"/>
  <testcase name="toTextMessageWithObject()" classname="org.springframework.jms.support.converter.MappingJackson2MessageConverterTests" time="0.017"/>
  <testcase name="toTextMessageWithMap()" classname="org.springframework.jms.support.converter.MappingJackson2MessageConverterTests" time="0.027"/>
  <testcase name="fromBytesMessage()" classname="org.springframework.jms.support.converter.MappingJackson2MessageConverterTests" time="0.015"/>
  <testcase name="fromTextMessageAsObject()" classname="org.springframework.jms.support.converter.MappingJackson2MessageConverterTests" time="0.001"/>
  <testcase name="toTextMessageWithJsonViewClass()" classname="org.springframework.jms.support.converter.MappingJackson2MessageConverterTests" time="0.01"/>
  <testcase name="toTextMessageWithReturnType()" classname="org.springframework.jms.support.converter.MappingJackson2MessageConverterTests" time="0.002"/>
  <testcase name="toTextMessageWithNullReturnType()" classname="org.springframework.jms.support.converter.MappingJackson2MessageConverterTests" time="0.001"/>
  <testcase name="toTextMessageWithReturnTypeAndMultipleJsonViews()" classname="org.springframework.jms.support.converter.MappingJackson2MessageConverterTests" time="0.004"/>
  <testcase name="fromTextMessage()" classname="org.springframework.jms.support.converter.MappingJackson2MessageConverterTests" time="0.009"/>
  <system-out><![CDATA[]]></system-out>
  <system-err><![CDATA[]]></system-err>
</testsuite>
