<?xml version="1.0" encoding="UTF-8"?>
<testsuite name="org.springframework.jms.support.destination.JmsDestinationAccessorTests" tests="2" skipped="0" failures="0" errors="0" timestamp="2023-03-06T07:33:19" hostname="DESKTOP-VGJP1PJ" time="0.003">
  <properties/>
  <testcase name="testSessionTransactedModeReallyDoesDefaultToFalse()" classname="org.springframework.jms.support.destination.JmsDestinationAccessorTests" time="0.001"/>
  <testcase name="testChokesIfDestinationResolverIsetToNullExplicitly()" classname="org.springframework.jms.support.destination.JmsDestinationAccessorTests" time="0.001"/>
  <system-out><![CDATA[]]></system-out>
  <system-err><![CDATA[]]></system-err>
</testsuite>
