<?xml version="1.0" encoding="UTF-8"?>
<testsuite name="org.springframework.jms.connection.JmsTransactionManagerTests" tests="9" skipped="0" failures="0" errors="0" timestamp="2023-03-06T07:33:15" hostname="DESKTOP-VGJP1PJ" time="0.247">
  <properties/>
  <testcase name="testLazyTransactionalSession()" classname="org.springframework.jms.connection.JmsTransactionManagerTests" time="0.107"/>
  <testcase name="testLazyWithoutSessionAccess()" classname="org.springframework.jms.connection.JmsTransactionManagerTests" time="0.001"/>
  <testcase name="testTransactionSuspension()" classname="org.springframework.jms.connection.JmsTransactionManagerTests" time="0.009"/>
  <testcase name="testTransactionCommit()" classname="org.springframework.jms.connection.JmsTransactionManagerTests" time="0.002"/>
  <testcase name="testSuspendedTransaction()" classname="org.springframework.jms.connection.JmsTransactionManagerTests" time="0.015"/>
  <testcase name="testParticipatingTransactionWithCommit()" classname="org.springframework.jms.connection.JmsTransactionManagerTests" time="0.004"/>
  <testcase name="testTransactionRollback()" classname="org.springframework.jms.connection.JmsTransactionManagerTests" time="0.002"/>
  <testcase name="testParticipatingTransactionWithRollbackOnly()" classname="org.springframework.jms.connection.JmsTransactionManagerTests" time="0.003"/>
  <testcase name="testTransactionCommitWithMessageProducer()" classname="org.springframework.jms.connection.JmsTransactionManagerTests" time="0.1"/>
  <system-out><![CDATA[]]></system-out>
  <system-err><![CDATA[]]></system-err>
</testsuite>
