<?xml version="1.0" encoding="UTF-8"?>
<testsuite name="org.springframework.jms.listener.adapter.JmsResponseTests" tests="6" skipped="0" failures="0" errors="0" timestamp="2023-03-06T07:33:17" hostname="DESKTOP-VGJP1PJ" time="0.016">
  <properties/>
  <testcase name="resolveDestinationForQueue()" classname="org.springframework.jms.listener.adapter.JmsResponseTests" time="0.009"/>
  <testcase name="createWithNullQueueName()" classname="org.springframework.jms.listener.adapter.JmsResponseTests" time="0.001"/>
  <testcase name="destinationDoesNotUseDestinationResolver()" classname="org.springframework.jms.listener.adapter.JmsResponseTests" time="0.001"/>
  <testcase name="createWithNulResponse()" classname="org.springframework.jms.listener.adapter.JmsResponseTests" time="0.002"/>
  <testcase name="createWithNullTopicName()" classname="org.springframework.jms.listener.adapter.JmsResponseTests" time="0.001"/>
  <testcase name="createWithNulDestination()" classname="org.springframework.jms.listener.adapter.JmsResponseTests" time="0.0"/>
  <system-out><![CDATA[]]></system-out>
  <system-err><![CDATA[]]></system-err>
</testsuite>
