<?xml version="1.0" encoding="UTF-8"?>
<testsuite name="org.springframework.jms.config.JmsListenerEndpointRegistryTests" tests="4" skipped="0" failures="0" errors="0" timestamp="2023-03-06T07:33:13" hostname="DESKTOP-VGJP1PJ" time="0.005">
  <properties/>
  <testcase name="createWithDuplicateEndpointId()" classname="org.springframework.jms.config.JmsListenerEndpointRegistryTests" time="0.001"/>
  <testcase name="createWithNullEndpointId()" classname="org.springframework.jms.config.JmsListenerEndpointRegistryTests" time="0.0"/>
  <testcase name="createWithNullContainerFactory()" classname="org.springframework.jms.config.JmsListenerEndpointRegistryTests" time="0.0"/>
  <testcase name="createWithNullEndpoint()" classname="org.springframework.jms.config.JmsListenerEndpointRegistryTests" time="0.001"/>
  <system-out><![CDATA[]]></system-out>
  <system-err><![CDATA[]]></system-err>
</testsuite>
