<?xml version="1.0" encoding="UTF-8"?>
<testsuite name="org.springframework.jms.config.JmsNamespaceHandlerTests" tests="13" skipped="0" failures="0" errors="0" timestamp="2023-03-06T07:33:13" hostname="DESKTOP-VGJP1PJ" time="1.494">
  <properties/>
  <testcase name="testJcaContainerConfiguration()" classname="org.springframework.jms.config.JmsNamespaceHandlerTests" time="0.176"/>
  <testcase name="testRecoveryInterval()" classname="org.springframework.jms.config.JmsNamespaceHandlerTests" time="0.079"/>
  <testcase name="testSourceExtraction()" classname="org.springframework.jms.config.JmsNamespaceHandlerTests" time="0.077"/>
  <testcase name="testListeners()" classname="org.springframework.jms.config.JmsNamespaceHandlerTests" time="0.436"/>
  <testcase name="testResponseDestination()" classname="org.springframework.jms.config.JmsNamespaceHandlerTests" time="0.075"/>
  <testcase name="testJmsContainerFactoryConfiguration()" classname="org.springframework.jms.config.JmsNamespaceHandlerTests" time="0.084"/>
  <testcase name="testComponentRegistration()" classname="org.springframework.jms.config.JmsNamespaceHandlerTests" time="0.074"/>
  <testcase name="testConcurrency()" classname="org.springframework.jms.config.JmsNamespaceHandlerTests" time="0.148"/>
  <testcase name="testJcaContainerFactoryConfiguration()" classname="org.springframework.jms.config.JmsNamespaceHandlerTests" time="0.136"/>
  <testcase name="testErrorHandlers()" classname="org.springframework.jms.config.JmsNamespaceHandlerTests" time="0.049"/>
  <testcase name="testContainerConfiguration()" classname="org.springframework.jms.config.JmsNamespaceHandlerTests" time="0.032"/>
  <testcase name="testPhases()" classname="org.springframework.jms.config.JmsNamespaceHandlerTests" time="0.049"/>
  <testcase name="testBeansCreated()" classname="org.springframework.jms.config.JmsNamespaceHandlerTests" time="0.07"/>
  <system-out><![CDATA[]]></system-out>
  <system-err><![CDATA[]]></system-err>
</testsuite>
