<?xml version="1.0" encoding="UTF-8"?>
<testsuite name="org.springframework.jms.config.JmsListenerContainerFactoryIntegrationTests" tests="4" skipped="0" failures="0" errors="0" timestamp="2023-03-06T07:33:13" hostname="DESKTOP-VGJP1PJ" time="0.067">
  <properties/>
  <testcase name="messagingMessageConverterCanBeUsed()" classname="org.springframework.jms.config.JmsListenerContainerFactoryIntegrationTests" time="0.028"/>
  <testcase name="parameterAnnotationWithJdkProxy()" classname="org.springframework.jms.config.JmsListenerContainerFactoryIntegrationTests" time="0.003"/>
  <testcase name="messageConverterUsedIfSet()" classname="org.springframework.jms.config.JmsListenerContainerFactoryIntegrationTests" time="0.002"/>
  <testcase name="parameterAnnotationWithCglibProxy()" classname="org.springframework.jms.config.JmsListenerContainerFactoryIntegrationTests" time="0.031"/>
  <system-out><![CDATA[]]></system-out>
  <system-err><![CDATA[]]></system-err>
</testsuite>
