<?xml version="1.0" encoding="UTF-8"?>
<testsuite name="org.springframework.core.convert.converter.ConvertingComparatorTests" tests="9" skipped="0" failures="0" errors="0" timestamp="2023-03-06T07:15:09" hostname="DESKTOP-VGJP1PJ" time="0.022">
  <properties/>
  <testcase name="shouldThrowOnNullConverter()" classname="org.springframework.core.convert.converter.ConvertingComparatorTests" time="0.001"/>
  <testcase name="shouldThrowOnNullType()" classname="org.springframework.core.convert.converter.ConvertingComparatorTests" time="0.004"/>
  <testcase name="shouldGetMapEntryValues()" classname="org.springframework.core.convert.converter.ConvertingComparatorTests" time="0.0"/>
  <testcase name="shouldThrowOnNullComparator()" classname="org.springframework.core.convert.converter.ConvertingComparatorTests" time="0.001"/>
  <testcase name="shouldGetForConverter()" classname="org.springframework.core.convert.converter.ConvertingComparatorTests" time="0.0"/>
  <testcase name="shouldUseConversionServiceOnCompare()" classname="org.springframework.core.convert.converter.ConvertingComparatorTests" time="0.006"/>
  <testcase name="shouldGetMapEntryKeys()" classname="org.springframework.core.convert.converter.ConvertingComparatorTests" time="0.002"/>
  <testcase name="shouldThrowOnNullConversionService()" classname="org.springframework.core.convert.converter.ConvertingComparatorTests" time="0.001"/>
  <testcase name="shouldUseConverterOnCompare()" classname="org.springframework.core.convert.converter.ConvertingComparatorTests" time="0.0"/>
  <system-out><![CDATA[]]></system-out>
  <system-err><![CDATA[]]></system-err>
</testsuite>
