<?xml version="1.0" encoding="UTF-8"?>
<testsuite name="org.springframework.util.xml.StaxSourceTests" tests="4" skipped="0" failures="0" errors="0" timestamp="2023-03-06T07:15:39" hostname="DESKTOP-VGJP1PJ" time="0.072">
  <properties/>
  <testcase name="streamReaderSourceToDOMResult()" classname="org.springframework.util.xml.StaxSourceTests" time="0.051"/>
  <testcase name="streamReaderSourceToStreamResult()" classname="org.springframework.util.xml.StaxSourceTests" time="0.008"/>
  <testcase name="eventReaderSourceToStreamResult()" classname="org.springframework.util.xml.StaxSourceTests" time="0.007"/>
  <testcase name="eventReaderSourceToDOMResult()" classname="org.springframework.util.xml.StaxSourceTests" time="0.006"/>
  <system-out><![CDATA[]]></system-out>
  <system-err><![CDATA[]]></system-err>
</testsuite>
