<?xml version="1.0" encoding="UTF-8"?>
<testsuite name="org.springframework.util.concurrent.SettableListenableFutureTests" tests="27" skipped="0" failures="0" errors="0" timestamp="2023-03-06T07:15:35" hostname="DESKTOP-VGJP1PJ" time="0.257">
  <properties/>
  <testcase name="throwsSetExceptionWrappedInExecutionExceptionFromCompletable()" classname="org.springframework.util.concurrent.SettableListenableFutureTests" time="0.004"/>
  <testcase name="cancelStateThrowsExceptionWhenCallingGetWithTimeout()" classname="org.springframework.util.concurrent.SettableListenableFutureTests" time="0.04"/>
  <testcase name="cancelStateThrowsExceptionWhenCallingGet()" classname="org.springframework.util.concurrent.SettableListenableFutureTests" time="0.001"/>
  <testcase name="setValueTriggersCallback()" classname="org.springframework.util.concurrent.SettableListenableFutureTests" time="0.001"/>
  <testcase name="setExceptionTriggersCallback()" classname="org.springframework.util.concurrent.SettableListenableFutureTests" time="0.006"/>
  <testcase name="cancelWithMayInterruptIfRunningTrueCallsOverriddenMethod()" classname="org.springframework.util.concurrent.SettableListenableFutureTests" time="0.0"/>
  <testcase name="setPreventsCancel()" classname="org.springframework.util.concurrent.SettableListenableFutureTests" time="0.0"/>
  <testcase name="cancelWithMayInterruptIfRunningFalseDoesNotCallOverriddenMethod()" classname="org.springframework.util.concurrent.SettableListenableFutureTests" time="0.0"/>
  <testcase name="throwsSetErrorWrappedInExecutionExceptionFromCompletable()" classname="org.springframework.util.concurrent.SettableListenableFutureTests" time="0.001"/>
  <testcase name="cancelSetsFutureToDone()" classname="org.springframework.util.concurrent.SettableListenableFutureTests" time="0.0"/>
  <testcase name="setExceptionPreventsCancel()" classname="org.springframework.util.concurrent.SettableListenableFutureTests" time="0.0"/>
  <testcase name="cancelDoesNotNotifyCallbacksOnSetException()" classname="org.springframework.util.concurrent.SettableListenableFutureTests" time="0.075"/>
  <testcase name="getWaitsForCompletion()" classname="org.springframework.util.concurrent.SettableListenableFutureTests" time="0.038"/>
  <testcase name="throwsSetExceptionWrappedInExecutionException()" classname="org.springframework.util.concurrent.SettableListenableFutureTests" time="0.001"/>
  <testcase name="returnsSetValue()" classname="org.springframework.util.concurrent.SettableListenableFutureTests" time="0.001"/>
  <testcase name="validateInitialValues()" classname="org.springframework.util.concurrent.SettableListenableFutureTests" time="0.0"/>
  <testcase name="cancelPreventsExceptionFromBeingSet()" classname="org.springframework.util.concurrent.SettableListenableFutureTests" time="0.001"/>
  <testcase name="throwsSetErrorWrappedInExecutionException()" classname="org.springframework.util.concurrent.SettableListenableFutureTests" time="0.0"/>
  <testcase name="cancelDoesNotNotifyCallbacksOnSet()" classname="org.springframework.util.concurrent.SettableListenableFutureTests" time="0.0"/>
  <testcase name="cancelPreventsValueFromBeingSet()" classname="org.springframework.util.concurrent.SettableListenableFutureTests" time="0.0"/>
  <testcase name="getWithTimeoutWaitsForCompletion()" classname="org.springframework.util.concurrent.SettableListenableFutureTests" time="0.025"/>
  <testcase name="setValueUpdatesDoneStatus()" classname="org.springframework.util.concurrent.SettableListenableFutureTests" time="0.001"/>
  <testcase name="getWithTimeoutThrowsTimeoutException()" classname="org.springframework.util.concurrent.SettableListenableFutureTests" time="0.015"/>
  <testcase name="setExceptionTriggersCallbackOnlyOnce()" classname="org.springframework.util.concurrent.SettableListenableFutureTests" time="0.033"/>
  <testcase name="returnsSetValueFromCompletable()" classname="org.springframework.util.concurrent.SettableListenableFutureTests" time="0.002"/>
  <testcase name="setValueTriggersCallbackOnlyOnce()" classname="org.springframework.util.concurrent.SettableListenableFutureTests" time="0.005"/>
  <testcase name="nullIsAcceptedAsValueToSet()" classname="org.springframework.util.concurrent.SettableListenableFutureTests" time="0.0"/>
  <system-out><![CDATA[]]></system-out>
  <system-err><![CDATA[]]></system-err>
</testsuite>
