<?xml version="1.0" encoding="UTF-8"?>
<testsuite name="org.springframework.core.codec.ByteBufferEncoderTests" tests="2" skipped="0" failures="0" errors="0" timestamp="2023-03-06T07:15:06" hostname="DESKTOP-VGJP1PJ" time="0.005">
  <properties/>
  <testcase name="encode()" classname="org.springframework.core.codec.ByteBufferEncoderTests" time="0.004"/>
  <testcase name="canEncode()" classname="org.springframework.core.codec.ByteBufferEncoderTests" time="0.0"/>
  <system-out><![CDATA[]]></system-out>
  <system-err><![CDATA[]]></system-err>
</testsuite>
