<?xml version="1.0" encoding="UTF-8"?>
<testsuite name="org.springframework.util.xml.XmlValidationModeDetectorTests" tests="4" skipped="0" failures="0" errors="0" timestamp="2023-03-06T07:15:39" hostname="DESKTOP-VGJP1PJ" time="0.013">
  <properties/>
  <testcase name="dtdDetection(String)[1]" classname="org.springframework.util.xml.XmlValidationModeDetectorTests" time="0.002"/>
  <testcase name="dtdDetection(String)[2]" classname="org.springframework.util.xml.XmlValidationModeDetectorTests" time="0.001"/>
  <testcase name="dtdDetection(String)[3]" classname="org.springframework.util.xml.XmlValidationModeDetectorTests" time="0.001"/>
  <testcase name="dtdDetection(String)[4]" classname="org.springframework.util.xml.XmlValidationModeDetectorTests" time="0.002"/>
  <system-out><![CDATA[]]></system-out>
  <system-err><![CDATA[]]></system-err>
</testsuite>
