<?xml version="1.0" encoding="UTF-8"?>
<testsuite name="org.springframework.core.codec.ByteBufferDecoderTests" tests="3" skipped="0" failures="0" errors="0" timestamp="2023-03-06T07:15:05" hostname="DESKTOP-VGJP1PJ" time="0.035">
  <properties/>
  <testcase name="decodeToMono()" classname="org.springframework.core.codec.ByteBufferDecoderTests" time="0.026"/>
  <testcase name="decode()" classname="org.springframework.core.codec.ByteBufferDecoderTests" time="0.007"/>
  <testcase name="canDecode()" classname="org.springframework.core.codec.ByteBufferDecoderTests" time="0.0"/>
  <system-out><![CDATA[]]></system-out>
  <system-err><![CDATA[]]></system-err>
</testsuite>
