<?xml version="1.0" encoding="UTF-8"?>
<testsuite name="org.springframework.core.codec.ByteArrayEncoderTests" tests="2" skipped="0" failures="0" errors="0" timestamp="2023-03-06T07:15:05" hostname="DESKTOP-VGJP1PJ" time="0.012">
  <properties/>
  <testcase name="encode()" classname="org.springframework.core.codec.ByteArrayEncoderTests" time="0.009"/>
  <testcase name="canEncode()" classname="org.springframework.core.codec.ByteArrayEncoderTests" time="0.003"/>
  <system-out><![CDATA[]]></system-out>
  <system-err><![CDATA[]]></system-err>
</testsuite>
