<?xml version="1.0" encoding="UTF-8"?>
<testsuite name="org.springframework.util.concurrent.FutureAdapterTests" tests="5" skipped="0" failures="0" errors="0" timestamp="2023-03-06T07:15:35" hostname="DESKTOP-VGJP1PJ" time="0.19">
  <properties/>
  <testcase name="cancel()" classname="org.springframework.util.concurrent.FutureAdapterTests" time="0.18"/>
  <testcase name="isDone()" classname="org.springframework.util.concurrent.FutureAdapterTests" time="0.004"/>
  <testcase name="getTimeOut()" classname="org.springframework.util.concurrent.FutureAdapterTests" time="0.003"/>
  <testcase name="get()" classname="org.springframework.util.concurrent.FutureAdapterTests" time="0.001"/>
  <testcase name="isCancelled()" classname="org.springframework.util.concurrent.FutureAdapterTests" time="0.001"/>
  <system-out><![CDATA[]]></system-out>
  <system-err><![CDATA[]]></system-err>
</testsuite>
