<?xml version="1.0" encoding="UTF-8"?>
<testsuite name="org.springframework.util.xml.StaxEventHandlerTests" tests="4" skipped="0" failures="0" errors="0" timestamp="2023-03-06T07:15:38" hostname="DESKTOP-VGJP1PJ" time="0.075">
  <properties/>
  <testcase name="noNamespacePrefixesDom()" classname="org.springframework.util.xml.StaxEventHandlerTests" time="0.043"/>
  <testcase name="noNamespacePrefixes()" classname="org.springframework.util.xml.StaxEventHandlerTests" time="0.011"/>
  <testcase name="namespacePrefixes()" classname="org.springframework.util.xml.StaxEventHandlerTests" time="0.014"/>
  <testcase name="namespacePrefixesDom()" classname="org.springframework.util.xml.StaxEventHandlerTests" time="0.007"/>
  <system-out><![CDATA[]]></system-out>
  <system-err><![CDATA[]]></system-err>
</testsuite>
