<?xml version="1.0" encoding="UTF-8"?>
<testsuite name="org.springframework.util.xml.ListBasedXMLEventReaderTests" tests="3" skipped="0" failures="0" errors="0" timestamp="2023-03-06T07:15:38" hostname="DESKTOP-VGJP1PJ" time="0.25">
  <properties/>
  <testcase name="getElementText()" classname="org.springframework.util.xml.ListBasedXMLEventReaderTests" time="0.2"/>
  <testcase name="getElementTextThrowsExceptionAtWrongPosition()" classname="org.springframework.util.xml.ListBasedXMLEventReaderTests" time="0.001"/>
  <testcase name="standard()" classname="org.springframework.util.xml.ListBasedXMLEventReaderTests" time="0.046"/>
  <system-out><![CDATA[]]></system-out>
  <system-err><![CDATA[]]></system-err>
</testsuite>
