<?xml version="1.0" encoding="UTF-8"?>
<testsuite name="org.springframework.core.codec.DataBufferDecoderTests" tests="3" skipped="0" failures="0" errors="0" timestamp="2023-03-06T07:15:06" hostname="DESKTOP-VGJP1PJ" time="0.007">
  <properties/>
  <testcase name="decodeToMono()" classname="org.springframework.core.codec.DataBufferDecoderTests" time="0.005"/>
  <testcase name="decode()" classname="org.springframework.core.codec.DataBufferDecoderTests" time="0.001"/>
  <testcase name="canDecode()" classname="org.springframework.core.codec.DataBufferDecoderTests" time="0.0"/>
  <system-out><![CDATA[]]></system-out>
  <system-err><![CDATA[]]></system-err>
</testsuite>
