<?xml version="1.0" encoding="UTF-8"?>
<testsuite name="org.springframework.core.env.PropertySourceTests" tests="2" skipped="0" failures="0" errors="0" timestamp="2023-03-06T07:15:11" hostname="DESKTOP-VGJP1PJ" time="0.049">
  <properties/>
  <testcase name="equals()" classname="org.springframework.core.env.PropertySourceTests" time="0.02"/>
  <testcase name="collectionsOperations()" classname="org.springframework.core.env.PropertySourceTests" time="0.029"/>
  <system-out><![CDATA[]]></system-out>
  <system-err><![CDATA[]]></system-err>
</testsuite>
