<?xml version="1.0" encoding="UTF-8"?>
<testsuite name="org.springframework.util.FileSystemUtilsTests" tests="2" skipped="0" failures="0" errors="0" timestamp="2023-03-06T07:15:36" hostname="DESKTOP-VGJP1PJ" time="0.057">
  <properties/>
  <testcase name="deleteRecursively()" classname="org.springframework.util.FileSystemUtilsTests" time="0.025"/>
  <testcase name="copyRecursively()" classname="org.springframework.util.FileSystemUtilsTests" time="0.032"/>
  <system-out><![CDATA[]]></system-out>
  <system-err><![CDATA[]]></system-err>
</testsuite>
