<?xml version="1.0" encoding="UTF-8"?>
<testsuite name="org.springframework.util.comparator.InvertibleComparatorTests" tests="6" skipped="0" failures="0" errors="0" timestamp="2023-03-06T07:15:35" hostname="DESKTOP-VGJP1PJ" time="0.003">
  <properties/>
  <testcase name="shouldCompareDescending()" classname="org.springframework.util.comparator.InvertibleComparatorTests" time="0.002"/>
  <testcase name="shouldInvert()" classname="org.springframework.util.comparator.InvertibleComparatorTests" time="0.0"/>
  <testcase name="shouldCompareAscending()" classname="org.springframework.util.comparator.InvertibleComparatorTests" time="0.0"/>
  <testcase name="shouldDefaultToAscending()" classname="org.springframework.util.comparator.InvertibleComparatorTests" time="0.0"/>
  <testcase name="shouldNeedComparatorWithAscending()" classname="org.springframework.util.comparator.InvertibleComparatorTests" time="0.001"/>
  <testcase name="shouldNeedComparator()" classname="org.springframework.util.comparator.InvertibleComparatorTests" time="0.0"/>
  <system-out><![CDATA[]]></system-out>
  <system-err><![CDATA[]]></system-err>
</testsuite>
