<?xml version="1.0" encoding="UTF-8"?>
<testsuite name="org.springframework.core.env.CustomEnvironmentTests" tests="4" skipped="0" failures="0" errors="0" timestamp="2023-03-06T07:15:11" hostname="DESKTOP-VGJP1PJ" time="0.23">
  <properties/>
  <testcase name="withSingleCustomReservedDefaultProfile()" classname="org.springframework.core.env.CustomEnvironmentTests" time="0.203"/>
  <testcase name="withNoReservedDefaultProfile()" classname="org.springframework.core.env.CustomEnvironmentTests" time="0.013"/>
  <testcase name="control()" classname="org.springframework.core.env.CustomEnvironmentTests" time="0.002"/>
  <testcase name="withMultiCustomReservedDefaultProfile()" classname="org.springframework.core.env.CustomEnvironmentTests" time="0.012"/>
  <system-out><![CDATA[]]></system-out>
  <system-err><![CDATA[]]></system-err>
</testsuite>
