<?xml version="1.0" encoding="UTF-8"?>
<testsuite name="org.springframework.util.MethodInvokerTests" tests="8" skipped="0" failures="0" errors="0" timestamp="2023-03-06T07:15:36" hostname="DESKTOP-VGJP1PJ" time="0.058">
  <properties/>
  <testcase name="salesmanWithMethodInvoker()" classname="org.springframework.util.MethodInvokerTests" time="0.054"/>
  <testcase name="plainMethodInvoker()" classname="org.springframework.util.MethodInvokerTests" time="0.001"/>
  <testcase name="vipWithMethodInvoker()" classname="org.springframework.util.MethodInvokerTests" time="0.0"/>
  <testcase name="shopperWithMethodInvoker()" classname="org.springframework.util.MethodInvokerTests" time="0.001"/>
  <testcase name="purchaserWithMethodInvoker()" classname="org.springframework.util.MethodInvokerTests" time="0.0"/>
  <testcase name="customerWithMethodInvoker()" classname="org.springframework.util.MethodInvokerTests" time="0.001"/>
  <testcase name="stringWithMethodInvoker()" classname="org.springframework.util.MethodInvokerTests" time="0.0"/>
  <testcase name="regularWithMethodInvoker()" classname="org.springframework.util.MethodInvokerTests" time="0.001"/>
  <system-out><![CDATA[]]></system-out>
  <system-err><![CDATA[]]></system-err>
</testsuite>
