<?xml version="1.0" encoding="UTF-8"?>
<testsuite name="org.springframework.util.StreamUtilsTests" tests="8" skipped="0" failures="0" errors="0" timestamp="2023-03-06T07:15:37" hostname="DESKTOP-VGJP1PJ" time="0.23">
  <properties/>
  <testcase name="nonClosingOutputStream()" classname="org.springframework.util.StreamUtilsTests" time="0.052"/>
  <testcase name="copyStream()" classname="org.springframework.util.StreamUtilsTests" time="0.077"/>
  <testcase name="copyString()" classname="org.springframework.util.StreamUtilsTests" time="0.002"/>
  <testcase name="copyToString()" classname="org.springframework.util.StreamUtilsTests" time="0.037"/>
  <testcase name="copyBytes()" classname="org.springframework.util.StreamUtilsTests" time="0.001"/>
  <testcase name="copyRange()" classname="org.springframework.util.StreamUtilsTests" time="0.001"/>
  <testcase name="nonClosingInputStream()" classname="org.springframework.util.StreamUtilsTests" time="0.052"/>
  <testcase name="copyToByteArray()" classname="org.springframework.util.StreamUtilsTests" time="0.004"/>
  <system-out><![CDATA[]]></system-out>
  <system-err><![CDATA[]]></system-err>
</testsuite>
