<?xml version="1.0" encoding="UTF-8"?>
<testsuite name="org.springframework.core.task.SimpleAsyncTaskExecutorTests" tests="5" skipped="0" failures="0" errors="0" timestamp="2023-03-06T07:15:30" hostname="DESKTOP-VGJP1PJ" time="0.061">
  <properties/>
  <testcase name="threadFactoryOverridesDefaults()" classname="org.springframework.core.task.SimpleAsyncTaskExecutorTests" time="0.034"/>
  <testcase name="threadNameGetsSetCorrectly()" classname="org.springframework.core.task.SimpleAsyncTaskExecutorTests" time="0.018"/>
  <testcase name="cannotExecuteWhenConcurrencyIsSwitchedOff()" classname="org.springframework.core.task.SimpleAsyncTaskExecutorTests" time="0.002"/>
  <testcase name="throttleIsNotActiveByDefault()" classname="org.springframework.core.task.SimpleAsyncTaskExecutorTests" time="0.0"/>
  <testcase name="throwsExceptionWhenSuppliedWithNullRunnable()" classname="org.springframework.core.task.SimpleAsyncTaskExecutorTests" time="0.002"/>
  <system-out><![CDATA[]]></system-out>
  <system-err><![CDATA[]]></system-err>
</testsuite>
