<?xml version="1.0" encoding="UTF-8"?>
<testsuite name="org.springframework.core.MethodParameterTests" tests="14" skipped="0" failures="0" errors="0" timestamp="2023-03-06T07:15:23" hostname="DESKTOP-VGJP1PJ" time="0.008">
  <properties/>
  <testcase name="equalsAndHashCodeConsidersNesting()" classname="org.springframework.core.MethodParameterTests" time="0.0"/>
  <testcase name="annotatedConstructorParameterInInnerClass()" classname="org.springframework.core.MethodParameterTests" time="0.001"/>
  <testcase name="genericConstructorParameterInInnerClass()" classname="org.springframework.core.MethodParameterTests" time="0.001"/>
  <testcase name="withTypeIndexReturnsNewInstance()" classname="org.springframework.core.MethodParameterTests" time="0.001"/>
  <testcase name="mutatingNestingLevelShouldNotChangeNewInstance()" classname="org.springframework.core.MethodParameterTests" time="0.0"/>
  <testcase name="equals()" classname="org.springframework.core.MethodParameterTests" time="0.0"/>
  <testcase name="annotatedConstructorParameterInStaticNestedClass()" classname="org.springframework.core.MethodParameterTests" time="0.001"/>
  <testcase name="nestedWithTypeIndexReturnsNewInstance()" classname="org.springframework.core.MethodParameterTests" time="0.0"/>
  <testcase name="multipleResolveParameterTypeCalls()" classname="org.springframework.core.MethodParameterTests" time="0.0"/>
  <testcase name="testFactoryMethods()" classname="org.springframework.core.MethodParameterTests" time="0.0"/>
  <testcase name="testHashCode()" classname="org.springframework.core.MethodParameterTests" time="0.0"/>
  <testcase name="equalsAndHashCodeConsidersContainingClass()" classname="org.springframework.core.MethodParameterTests" time="0.001"/>
  <testcase name="withContainingClassReturnsNewInstance()" classname="org.springframework.core.MethodParameterTests" time="0.0"/>
  <testcase name="indexValidation()" classname="org.springframework.core.MethodParameterTests" time="0.001"/>
  <system-out><![CDATA[]]></system-out>
  <system-err><![CDATA[]]></system-err>
</testsuite>
