<?xml version="1.0" encoding="UTF-8"?>
<testsuite name="org.springframework.core.io.support.ResourceArrayPropertyEditorTests" tests="4" skipped="0" failures="0" errors="0" timestamp="2023-03-06T07:15:22" hostname="DESKTOP-VGJP1PJ" time="0.026">
  <properties/>
  <testcase name="strictSystemPropertyReplacementWithUnresolvablePlaceholder()" classname="org.springframework.core.io.support.ResourceArrayPropertyEditorTests" time="0.023"/>
  <testcase name="patternResource()" classname="org.springframework.core.io.support.ResourceArrayPropertyEditorTests" time="0.002"/>
  <testcase name="vanillaResource()" classname="org.springframework.core.io.support.ResourceArrayPropertyEditorTests" time="0.0"/>
  <testcase name="systemPropertyReplacement()" classname="org.springframework.core.io.support.ResourceArrayPropertyEditorTests" time="0.0"/>
  <system-out><![CDATA[]]></system-out>
  <system-err><![CDATA[]]></system-err>
</testsuite>
