<?xml version="1.0" encoding="UTF-8"?>
<testsuite name="org.springframework.core.annotation.AnnotationIntrospectionFailureTests" tests="3" skipped="0" failures="0" errors="0" timestamp="2023-03-06T07:14:57" hostname="DESKTOP-VGJP1PJ" time="0.038">
  <properties/>
  <testcase name="filteredTypeThrowsTypeNotPresentException()" classname="org.springframework.core.annotation.AnnotationIntrospectionFailureTests" time="0.025"/>
  <testcase name="filteredTypeInMetaAnnotationWhenUsingAnnotatedElementUtilsHandlesException()" classname="org.springframework.core.annotation.AnnotationIntrospectionFailureTests" time="0.008"/>
  <testcase name="filteredTypeInMetaAnnotationWhenUsingMergedAnnotationsHandlesException()" classname="org.springframework.core.annotation.AnnotationIntrospectionFailureTests" time="0.004"/>
  <system-out><![CDATA[]]></system-out>
  <system-err><![CDATA[]]></system-err>
</testsuite>
