<?xml version="1.0" encoding="UTF-8"?>
<testsuite name="org.springframework.core.codec.CharSequenceEncoderTests" tests="3" skipped="0" failures="0" errors="0" timestamp="2023-03-06T07:15:06" hostname="DESKTOP-VGJP1PJ" time="0.051">
  <properties/>
  <testcase name="encode()" classname="org.springframework.core.codec.CharSequenceEncoderTests" time="0.031"/>
  <testcase name="calculateCapacity()" classname="org.springframework.core.codec.CharSequenceEncoderTests" time="0.019"/>
  <testcase name="canEncode()" classname="org.springframework.core.codec.CharSequenceEncoderTests" time="0.001"/>
  <system-out><![CDATA[]]></system-out>
  <system-err><![CDATA[]]></system-err>
</testsuite>
