<?xml version="1.0" encoding="UTF-8"?>
<testsuite name="org.springframework.core.ReactiveAdapterRegistryTests$RxJava1" tests="7" skipped="0" failures="0" errors="0" timestamp="2023-03-06T07:15:23" hostname="DESKTOP-VGJP1PJ" time="0.092">
  <properties/>
  <testcase name="fromSingle()" classname="org.springframework.core.ReactiveAdapterRegistryTests$RxJava1" time="0.036"/>
  <testcase name="toObservable()" classname="org.springframework.core.ReactiveAdapterRegistryTests$RxJava1" time="0.035"/>
  <testcase name="fromCompletable()" classname="org.springframework.core.ReactiveAdapterRegistryTests$RxJava1" time="0.005"/>
  <testcase name="toSingle()" classname="org.springframework.core.ReactiveAdapterRegistryTests$RxJava1" time="0.005"/>
  <testcase name="toCompletable()" classname="org.springframework.core.ReactiveAdapterRegistryTests$RxJava1" time="0.002"/>
  <testcase name="defaultAdapterRegistrations()" classname="org.springframework.core.ReactiveAdapterRegistryTests$RxJava1" time="0.001"/>
  <testcase name="fromObservable()" classname="org.springframework.core.ReactiveAdapterRegistryTests$RxJava1" time="0.007"/>
  <system-out><![CDATA[]]></system-out>
  <system-err><![CDATA[]]></system-err>
</testsuite>
