<?xml version="1.0" encoding="UTF-8"?>
<testsuite name="org.springframework.util.PatternMatchUtilsTests" tests="8" skipped="0" failures="0" errors="0" timestamp="2023-03-06T07:15:36" hostname="DESKTOP-VGJP1PJ" time="0.011">
  <properties/>
  <testcase name="ridiculous()" classname="org.springframework.util.PatternMatchUtilsTests" time="0.009"/>
  <testcase name="startsEndsBetween()" classname="org.springframework.util.PatternMatchUtilsTests" time="0.001"/>
  <testcase name="startsEnds()" classname="org.springframework.util.PatternMatchUtilsTests" time="0.0"/>
  <testcase name="startsWith()" classname="org.springframework.util.PatternMatchUtilsTests" time="0.0"/>
  <testcase name="trivial()" classname="org.springframework.util.PatternMatchUtilsTests" time="0.0"/>
  <testcase name="between()" classname="org.springframework.util.PatternMatchUtilsTests" time="0.001"/>
  <testcase name="endsWith()" classname="org.springframework.util.PatternMatchUtilsTests" time="0.0"/>
  <testcase name="patternVariants()" classname="org.springframework.util.PatternMatchUtilsTests" time="0.0"/>
  <system-out><![CDATA[]]></system-out>
  <system-err><![CDATA[]]></system-err>
</testsuite>
