<?xml version="1.0" encoding="UTF-8"?>
<testsuite name="org.springframework.core.env.CompositePropertySourceTests" tests="1" skipped="0" failures="0" errors="0" timestamp="2023-03-06T07:15:11" hostname="DESKTOP-VGJP1PJ" time="0.162">
  <properties/>
  <testcase name="addFirst()" classname="org.springframework.core.env.CompositePropertySourceTests" time="0.162"/>
  <system-out><![CDATA[]]></system-out>
  <system-err><![CDATA[]]></system-err>
</testsuite>
