<?xml version="1.0" encoding="UTF-8"?>
<testsuite name="org.springframework.core.convert.support.CollectionToCollectionConverterTests" tests="17" skipped="0" failures="0" errors="0" timestamp="2023-03-06T07:15:10" hostname="DESKTOP-VGJP1PJ" time="0.053">
  <properties/>
  <testcase name="objectToCollection()" classname="org.springframework.core.convert.support.CollectionToCollectionConverterTests" time="0.002"/>
  <testcase name="collectionToObjectInteraction()" classname="org.springframework.core.convert.support.CollectionToCollectionConverterTests" time="0.001"/>
  <testcase name="listToCollectionNoCopyRequired()" classname="org.springframework.core.convert.support.CollectionToCollectionConverterTests" time="0.003"/>
  <testcase name="mixedInNulls()" classname="org.springframework.core.convert.support.CollectionToCollectionConverterTests" time="0.026"/>
  <testcase name="collectionsEmptyList()" classname="org.springframework.core.convert.support.CollectionToCollectionConverterTests" time="0.001"/>
  <testcase name="elementTypesNotConvertible()" classname="org.springframework.core.convert.support.CollectionToCollectionConverterTests" time="0.001"/>
  <testcase name="emptyListToListDifferentTargetType()" classname="org.springframework.core.convert.support.CollectionToCollectionConverterTests" time="0.0"/>
  <testcase name="convertEmptyVector_shouldReturnEmptyArrayList()" classname="org.springframework.core.convert.support.CollectionToCollectionConverterTests" time="0.001"/>
  <testcase name="stringToEnumSet()" classname="org.springframework.core.convert.support.CollectionToCollectionConverterTests" time="0.001"/>
  <testcase name="convertNonEmptyVector_shouldReturnNonEmptyArrayList()" classname="org.springframework.core.convert.support.CollectionToCollectionConverterTests" time="0.003"/>
  <testcase name="nothingInCommon()" classname="org.springframework.core.convert.support.CollectionToCollectionConverterTests" time="0.002"/>
  <testcase name="stringToCollection()" classname="org.springframework.core.convert.support.CollectionToCollectionConverterTests" time="0.001"/>
  <testcase name="differentImpls()" classname="org.springframework.core.convert.support.CollectionToCollectionConverterTests" time="0.002"/>
  <testcase name="emptyListToList()" classname="org.springframework.core.convert.support.CollectionToCollectionConverterTests" time="0.0"/>
  <testcase name="allNulls()" classname="org.springframework.core.convert.support.CollectionToCollectionConverterTests" time="0.0"/>
  <testcase name="scalarList()" classname="org.springframework.core.convert.support.CollectionToCollectionConverterTests" time="0.001"/>
  <testcase name="arrayCollectionToObjectInteraction()" classname="org.springframework.core.convert.support.CollectionToCollectionConverterTests" time="0.001"/>
  <system-out><![CDATA[]]></system-out>
  <system-err><![CDATA[]]></system-err>
</testsuite>
