<?xml version="1.0" encoding="UTF-8"?>
<testsuite name="org.springframework.util.SocketUtilsTests" tests="24" skipped="0" failures="0" errors="0" timestamp="2023-03-06T07:15:36" hostname="DESKTOP-VGJP1PJ" time="0.293">
  <properties/>
  <testcase name="findAvailableTcpPortWithMinPortEqualToMaxPort()" classname="org.springframework.util.SocketUtilsTests" time="0.059"/>
  <testcase name="find4AvailableUdpPortsInRange()" classname="org.springframework.util.SocketUtilsTests" time="0.063"/>
  <testcase name="findAvailableTcpPortWithNegativeMinPort()" classname="org.springframework.util.SocketUtilsTests" time="0.0"/>
  <testcase name="canBeInstantiated()" classname="org.springframework.util.SocketUtilsTests" time="0.0"/>
  <testcase name="find50AvailableTcpPorts()" classname="org.springframework.util.SocketUtilsTests" time="0.043"/>
  <testcase name="findAvailableUdpPort()" classname="org.springframework.util.SocketUtilsTests" time="0.001"/>
  <testcase name="find4AvailableUdpPorts()" classname="org.springframework.util.SocketUtilsTests" time="0.001"/>
  <testcase name="findAvailableUdpPortWhenPortOnLoopbackInterfaceIsNotAvailable()" classname="org.springframework.util.SocketUtilsTests" time="0.026"/>
  <testcase name="findAvailableUdpPortWithZeroMinPort()" classname="org.springframework.util.SocketUtilsTests" time="0.001"/>
  <testcase name="findAvailableUdpPortWithMin()" classname="org.springframework.util.SocketUtilsTests" time="0.0"/>
  <testcase name="findAvailableTcpPortWhenPortOnLoopbackInterfaceIsNotAvailable()" classname="org.springframework.util.SocketUtilsTests" time="0.002"/>
  <testcase name="findAvailableUdpPortWithNegativeMinPort()" classname="org.springframework.util.SocketUtilsTests" time="0.001"/>
  <testcase name="findAvailableTcpPortsWithRequestedNumberGreaterThanSizeOfRange()" classname="org.springframework.util.SocketUtilsTests" time="0.001"/>
  <testcase name="find4AvailableTcpPorts()" classname="org.springframework.util.SocketUtilsTests" time="0.002"/>
  <testcase name="find50AvailableTcpPortsInRange()" classname="org.springframework.util.SocketUtilsTests" time="0.025"/>
  <testcase name="findAvailableUdpPortInRange()" classname="org.springframework.util.SocketUtilsTests" time="0.001"/>
  <testcase name="findAvailableTcpPortWithMin()" classname="org.springframework.util.SocketUtilsTests" time="0.001"/>
  <testcase name="find50AvailableUdpPorts()" classname="org.springframework.util.SocketUtilsTests" time="0.034"/>
  <testcase name="findAvailableTcpPortWithZeroMinPort()" classname="org.springframework.util.SocketUtilsTests" time="0.001"/>
  <testcase name="find4AvailableTcpPortsInRange()" classname="org.springframework.util.SocketUtilsTests" time="0.001"/>
  <testcase name="findAvailableTcpPortInRange()" classname="org.springframework.util.SocketUtilsTests" time="0.001"/>
  <testcase name="findAvailableUdpPortsWithRequestedNumberGreaterThanSizeOfRange()" classname="org.springframework.util.SocketUtilsTests" time="0.001"/>
  <testcase name="find50AvailableUdpPortsInRange()" classname="org.springframework.util.SocketUtilsTests" time="0.004"/>
  <testcase name="findAvailableTcpPort()" classname="org.springframework.util.SocketUtilsTests" time="0.0"/>
  <system-out><![CDATA[]]></system-out>
  <system-err><![CDATA[]]></system-err>
</testsuite>
