<?xml version="1.0" encoding="UTF-8"?>
<testsuite name="org.springframework.util.xml.DomContentHandlerTests" tests="3" skipped="0" failures="0" errors="0" timestamp="2023-03-06T07:15:38" hostname="DESKTOP-VGJP1PJ" time="0.356">
  <properties/>
  <testcase name="contentHandlerDocumentNoNamespacePrefixes()" classname="org.springframework.util.xml.DomContentHandlerTests" time="0.343"/>
  <testcase name="contentHandlerDocumentNamespacePrefixes()" classname="org.springframework.util.xml.DomContentHandlerTests" time="0.005"/>
  <testcase name="contentHandlerElement()" classname="org.springframework.util.xml.DomContentHandlerTests" time="0.007"/>
  <system-out><![CDATA[]]></system-out>
  <system-err><![CDATA[]]></system-err>
</testsuite>
