<?xml version="1.0" encoding="UTF-8"?>
<testsuite name="org.springframework.core.SpringCoreBlockHoundIntegrationTests" tests="3" skipped="0" failures="0" errors="0" timestamp="2023-03-06T07:15:29" hostname="DESKTOP-VGJP1PJ" time="0.194">
  <properties/>
  <testcase name="localVariableTableParameterNameDiscoverer()" classname="org.springframework.core.SpringCoreBlockHoundIntegrationTests" time="0.1"/>
  <testcase name="concurrentReferenceHashMap()" classname="org.springframework.core.SpringCoreBlockHoundIntegrationTests" time="0.086"/>
  <testcase name="blockHoundIsInstalled()" classname="org.springframework.core.SpringCoreBlockHoundIntegrationTests" time="0.004"/>
  <system-out><![CDATA[]]></system-out>
  <system-err><![CDATA[]]></system-err>
</testsuite>
