<?xml version="1.0" encoding="UTF-8"?>
<testsuite name="org.springframework.core.annotation.AnnotationTypeMappingsTests" tests="45" skipped="0" failures="0" errors="0" timestamp="2023-03-06T07:14:57" hostname="DESKTOP-VGJP1PJ" time="0.357">
  <properties/>
  <testcase name="getMirrorSetWhenThreeDeepReturnsMirrors()" classname="org.springframework.core.annotation.AnnotationTypeMappingsTests" time="0.006"/>
  <testcase name="getAliasMappingReturnsAttributes()" classname="org.springframework.core.annotation.AnnotationTypeMappingsTests" time="0.002"/>
  <testcase name="isEquivalentToDefaultValueWhenClassAndStringNamesMatchReturnsTrue()" classname="org.springframework.core.annotation.AnnotationTypeMappingsTests" time="0.011"/>
  <testcase name="forAnnotationTypeWhenAliasForSelfWithDifferentDefaults()" classname="org.springframework.core.annotation.AnnotationTypeMappingsTests" time="0.003"/>
  <testcase name="forAnnotationTypeWhenAliasForToOtherNonExistingAttribute()" classname="org.springframework.core.annotation.AnnotationTypeMappingsTests" time="0.001"/>
  <testcase name="getDistanceReturnsDistance()" classname="org.springframework.core.annotation.AnnotationTypeMappingsTests" time="0.0"/>
  <testcase name="isEquivalentToDefaultValueWhenNotMatchingReturnsFalse()" classname="org.springframework.core.annotation.AnnotationTypeMappingsTests" time="0.0"/>
  <testcase name="getAnnotationWhenMetaAnnotationReturnsAnnotation()" classname="org.springframework.core.annotation.AnnotationTypeMappingsTests" time="0.001"/>
  <testcase name="isEquivalentToDefaultValueWhenValueAndDefaultAreNullReturnsTrue()" classname="org.springframework.core.annotation.AnnotationTypeMappingsTests" time="0.002"/>
  <testcase name="getAnnotationTypeReturnsAnnotationType()" classname="org.springframework.core.annotation.AnnotationTypeMappingsTests" time="0.009"/>
  <testcase name="forAnnotationTypeWhenMetaAnnotationsReturnsMappings()" classname="org.springframework.core.annotation.AnnotationTypeMappingsTests" time="0.015"/>
  <testcase name="forAnnotationTypeWhenAliasForSelfWithMissingDefault()" classname="org.springframework.core.annotation.AnnotationTypeMappingsTests" time="0.002"/>
  <testcase name="getConventionMappingReturnsAttributes()" classname="org.springframework.core.annotation.AnnotationTypeMappingsTests" time="0.0"/>
  <testcase name="resolveMirrorsWhenHasSameValuesUsesFirst()" classname="org.springframework.core.annotation.AnnotationTypeMappingsTests" time="0.002"/>
  <testcase name="forAnnotationTypeWhenAliasForNonMetaAnnotated()" classname="org.springframework.core.annotation.AnnotationTypeMappingsTests" time="0.002"/>
  <testcase name="getMetaTypeReturnsTypes()" classname="org.springframework.core.annotation.AnnotationTypeMappingsTests" time="0.0"/>
  <testcase name="getConventionMappingWhenConventionToExplicitAliasesReturnsMappedAttributes()" classname="org.springframework.core.annotation.AnnotationTypeMappingsTests" time="0.005"/>
  <testcase name="resolveMirrorsWhenHasWithMultipleRoutesToAliasReturnsMirrors()" classname="org.springframework.core.annotation.AnnotationTypeMappingsTests" time="0.041"/>
  <testcase name="forAnnotationTypeWhenHasAliasForWithBothValueAndAttributeThrowsException()" classname="org.springframework.core.annotation.AnnotationTypeMappingsTests" time="0.001"/>
  <testcase name="isEquivalentToDefaultValueWhenNestedAnnotationAndExtractedValuesMatchReturnsTrueAndValueSuppliedAsTypeMappedAnnotation()" classname="org.springframework.core.annotation.AnnotationTypeMappingsTests" time="0.002"/>
  <testcase name="getAttributesReturnsAttributes()" classname="org.springframework.core.annotation.AnnotationTypeMappingsTests" time="0.001"/>
  <testcase name="getAnnotationWhenRootReturnsNull()" classname="org.springframework.core.annotation.AnnotationTypeMappingsTests" time="0.001"/>
  <testcase name="forAnnotationTypeWhenSelfAnnotatedReturnsMapping()" classname="org.springframework.core.annotation.AnnotationTypeMappingsTests" time="0.153"/>
  <testcase name="forAnnotationTypeWhenAliasForToSelf()" classname="org.springframework.core.annotation.AnnotationTypeMappingsTests" time="0.002"/>
  <testcase name="forAnnotationTypeWhenAliasForWithArrayCompatibleReturnTypes()" classname="org.springframework.core.annotation.AnnotationTypeMappingsTests" time="0.001"/>
  <testcase name="forAnnotationTypeWhenAliasForHasMixedImplicitAndExplicitAliases()" classname="org.springframework.core.annotation.AnnotationTypeMappingsTests" time="0.001"/>
  <testcase name="forAnnotationTypeWhenAliasWithExplicitMirrorAndDifferentDefaults()" classname="org.springframework.core.annotation.AnnotationTypeMappingsTests" time="0.003"/>
  <testcase name="resolveMirrorsWhenHasDifferentValuesThrowsException()" classname="org.springframework.core.annotation.AnnotationTypeMappingsTests" time="0.001"/>
  <testcase name="forAnnotationTypeWhenFormsLoopReturnsMapping()" classname="org.springframework.core.annotation.AnnotationTypeMappingsTests" time="0.003"/>
  <testcase name="isEquivalentToDefaultValueWhenValueAndDefaultMatchReturnsTrue()" classname="org.springframework.core.annotation.AnnotationTypeMappingsTests" time="0.001"/>
  <testcase name="getAliasMappingWhenHasWithMultipleRoutesToAliasReturnsMappedAttributes()" classname="org.springframework.core.annotation.AnnotationTypeMappingsTests" time="0.0"/>
  <testcase name="isEquivalentToDefaultValueWhenClassArrayAndStringArrayNamesMatchReturnsTrue()" classname="org.springframework.core.annotation.AnnotationTypeMappingsTests" time="0.001"/>
  <testcase name="forAnnotationTypeWhenAliasForToSelfNonExistingAttribute()" classname="org.springframework.core.annotation.AnnotationTypeMappingsTests" time="0.001"/>
  <testcase name="getAliasMappingsWhenHasDefinedAttributesReturnsMappedAttributes()" classname="org.springframework.core.annotation.AnnotationTypeMappingsTests" time="0.002"/>
  <testcase name="forAnnotationWhenHasSpringAnnotationReturnsFilteredMappings()" classname="org.springframework.core.annotation.AnnotationTypeMappingsTests" time="0.001"/>
  <testcase name="forAnnotationTypeWhenHasRepeatingMetaAnnotationReturnsMapping()" classname="org.springframework.core.annotation.AnnotationTypeMappingsTests" time="0.002"/>
  <testcase name="resolveMirrorsWhenOnlyHasDefaultValuesUsesFirst()" classname="org.springframework.core.annotation.AnnotationTypeMappingsTests" time="0.0"/>
  <testcase name="forAnnotationTypeWhenAliasForToSelfAnnotatedToOtherAttribute()" classname="org.springframework.core.annotation.AnnotationTypeMappingsTests" time="0.001"/>
  <testcase name="forAnnotationTypeWhenAliasForWithIncompatibleReturnTypes()" classname="org.springframework.core.annotation.AnnotationTypeMappingsTests" time="0.001"/>
  <testcase name="isEquivalentToDefaultValueWhenNestedAnnotationAndExtractedValuesMatchReturnsTrueAndValueSuppliedAsMap()" classname="org.springframework.core.annotation.AnnotationTypeMappingsTests" time="0.001"/>
  <testcase name="getMirrorSetWhenAliasPairReturnsMirrors()" classname="org.springframework.core.annotation.AnnotationTypeMappingsTests" time="0.0"/>
  <testcase name="getMirrorSetWhenImplicitMirrorsReturnsMirrors()" classname="org.springframework.core.annotation.AnnotationTypeMappingsTests" time="0.002"/>
  <testcase name="getAliasMappingWhenThreeDeepReturnsMappedAttributes()" classname="org.springframework.core.annotation.AnnotationTypeMappingsTests" time="0.0"/>
  <testcase name="forAnnotationTypeWhenNoMetaAnnotationsReturnsMappings()" classname="org.springframework.core.annotation.AnnotationTypeMappingsTests" time="0.001"/>
  <testcase name="resolveMirrorsWhenAliasPairResolves()" classname="org.springframework.core.annotation.AnnotationTypeMappingsTests" time="0.001"/>
  <system-out><![CDATA[]]></system-out>
  <system-err><![CDATA[]]></system-err>
</testsuite>
