<?xml version="1.0" encoding="UTF-8"?>
<testsuite name="org.springframework.core.annotation.OrderSourceProviderTests" tests="7" skipped="0" failures="0" errors="0" timestamp="2023-03-06T07:15:02" hostname="DESKTOP-VGJP1PJ" time="0.02">
  <properties/>
  <testcase name="arrayFactoryMethodOverridesStaticOrder()" classname="org.springframework.core.annotation.OrderSourceProviderTests" time="0.011"/>
  <testcase name="listNoFactoryMethod()" classname="org.springframework.core.annotation.OrderSourceProviderTests" time="0.001"/>
  <testcase name="listFactoryMethod()" classname="org.springframework.core.annotation.OrderSourceProviderTests" time="0.0"/>
  <testcase name="arrayNoFactoryMethod()" classname="org.springframework.core.annotation.OrderSourceProviderTests" time="0.0"/>
  <testcase name="arrayFactoryMethod()" classname="org.springframework.core.annotation.OrderSourceProviderTests" time="0.001"/>
  <testcase name="listFactoryMethodOverridesStaticOrder()" classname="org.springframework.core.annotation.OrderSourceProviderTests" time="0.001"/>
  <testcase name="plainComparator()" classname="org.springframework.core.annotation.OrderSourceProviderTests" time="0.001"/>
  <system-out><![CDATA[]]></system-out>
  <system-err><![CDATA[]]></system-err>
</testsuite>
