<?xml version="1.0" encoding="UTF-8"?>
<testsuite name="org.springframework.core.env.SystemEnvironmentPropertySourceTests" tests="7" skipped="0" failures="0" errors="0" timestamp="2023-03-06T07:15:12" hostname="DESKTOP-VGJP1PJ" time="0.085">
  <properties/>
  <testcase name="normalWithPeriod()" classname="org.springframework.core.env.SystemEnvironmentPropertySourceTests" time="0.0"/>
  <testcase name="withUnderscore()" classname="org.springframework.core.env.SystemEnvironmentPropertySourceTests" time="0.0"/>
  <testcase name="none()" classname="org.springframework.core.env.SystemEnvironmentPropertySourceTests" time="0.001"/>
  <testcase name="normalWithoutPeriod()" classname="org.springframework.core.env.SystemEnvironmentPropertySourceTests" time="0.0"/>
  <testcase name="withUppercase()" classname="org.springframework.core.env.SystemEnvironmentPropertySourceTests" time="0.0"/>
  <testcase name="withSecurityConstraints()" classname="org.springframework.core.env.SystemEnvironmentPropertySourceTests" time="0.081"/>
  <testcase name="withBothPeriodAndUnderscore()" classname="org.springframework.core.env.SystemEnvironmentPropertySourceTests" time="0.001"/>
  <system-out><![CDATA[]]></system-out>
  <system-err><![CDATA[]]></system-err>
</testsuite>
