<?xml version="1.0" encoding="UTF-8"?>
<testsuite name="org.springframework.core.io.buffer.support.DataBufferTestUtilsTests" tests="12" skipped="0" failures="0" errors="0" timestamp="2023-03-06T07:15:20" hostname="DESKTOP-VGJP1PJ" time="0.013">
  <properties/>
  <testcase name="dumpBytes(String, DataBufferFactory)[1]" classname="org.springframework.core.io.buffer.support.DataBufferTestUtilsTests" time="0.001"/>
  <testcase name="dumpBytes(String, DataBufferFactory)[2]" classname="org.springframework.core.io.buffer.support.DataBufferTestUtilsTests" time="0.001"/>
  <testcase name="dumpBytes(String, DataBufferFactory)[3]" classname="org.springframework.core.io.buffer.support.DataBufferTestUtilsTests" time="0.001"/>
  <testcase name="dumpBytes(String, DataBufferFactory)[4]" classname="org.springframework.core.io.buffer.support.DataBufferTestUtilsTests" time="0.001"/>
  <testcase name="dumpBytes(String, DataBufferFactory)[5]" classname="org.springframework.core.io.buffer.support.DataBufferTestUtilsTests" time="0.0"/>
  <testcase name="dumpBytes(String, DataBufferFactory)[6]" classname="org.springframework.core.io.buffer.support.DataBufferTestUtilsTests" time="0.0"/>
  <testcase name="dumpString(String, DataBufferFactory)[1]" classname="org.springframework.core.io.buffer.support.DataBufferTestUtilsTests" time="0.0"/>
  <testcase name="dumpString(String, DataBufferFactory)[2]" classname="org.springframework.core.io.buffer.support.DataBufferTestUtilsTests" time="0.0"/>
  <testcase name="dumpString(String, DataBufferFactory)[3]" classname="org.springframework.core.io.buffer.support.DataBufferTestUtilsTests" time="0.0"/>
  <testcase name="dumpString(String, DataBufferFactory)[4]" classname="org.springframework.core.io.buffer.support.DataBufferTestUtilsTests" time="0.0"/>
  <testcase name="dumpString(String, DataBufferFactory)[5]" classname="org.springframework.core.io.buffer.support.DataBufferTestUtilsTests" time="0.0"/>
  <testcase name="dumpString(String, DataBufferFactory)[6]" classname="org.springframework.core.io.buffer.support.DataBufferTestUtilsTests" time="0.0"/>
  <system-out><![CDATA[]]></system-out>
  <system-err><![CDATA[]]></system-err>
</testsuite>
