<?xml version="1.0" encoding="UTF-8"?>
<testsuite name="org.springframework.core.KotlinReactiveAdapterRegistryTests" tests="4" skipped="0" failures="0" errors="0" timestamp="2023-03-06T07:15:46" hostname="DESKTOP-VGJP1PJ" time="1.068">
  <properties/>
  <testcase name="flowToPublisher()" classname="org.springframework.core.KotlinReactiveAdapterRegistryTests" time="0.699"/>
  <testcase name="publisherToDeferred()" classname="org.springframework.core.KotlinReactiveAdapterRegistryTests" time="0.117"/>
  <testcase name="publisherToFlow()" classname="org.springframework.core.KotlinReactiveAdapterRegistryTests" time="0.176"/>
  <testcase name="deferredToPublisher()" classname="org.springframework.core.KotlinReactiveAdapterRegistryTests" time="0.071"/>
  <system-out><![CDATA[]]></system-out>
  <system-err><![CDATA[]]></system-err>
</testsuite>
