<?xml version="1.0" encoding="UTF-8"?>
<testsuite name="org.springframework.util.StopWatchTests" tests="5" skipped="0" failures="0" errors="0" timestamp="2023-03-06T07:15:37" hostname="DESKTOP-VGJP1PJ" time="0.678">
  <properties/>
  <testcase name="failureToStartBeforeStop()" classname="org.springframework.util.StopWatchTests" time="0.0"/>
  <testcase name="validUsageDoesNotKeepTaskList()" classname="org.springframework.util.StopWatchTests" time="0.324"/>
  <testcase name="rejectsStartTwice()" classname="org.springframework.util.StopWatchTests" time="0.001"/>
  <testcase name="validUsage()" classname="org.springframework.util.StopWatchTests" time="0.351"/>
  <testcase name="failureToStartBeforeGettingTimings()" classname="org.springframework.util.StopWatchTests" time="0.001"/>
  <system-out><![CDATA[]]></system-out>
  <system-err><![CDATA[]]></system-err>
</testsuite>
