<?xml version="1.0" encoding="UTF-8"?>
<testsuite name="org.springframework.web.socket.sockjs.client.XhrTransportTests" tests="5" skipped="0" failures="0" errors="0" timestamp="2023-03-06T08:17:53" hostname="DESKTOP-VGJP1PJ" time="0.036">
  <properties/>
  <testcase name="infoResponse()" classname="org.springframework.web.socket.sockjs.client.XhrTransportTests" time="0.007"/>
  <testcase name="sendMessageError()" classname="org.springframework.web.socket.sockjs.client.XhrTransportTests" time="0.002"/>
  <testcase name="sendMessage()" classname="org.springframework.web.socket.sockjs.client.XhrTransportTests" time="0.001"/>
  <testcase name="connect()" classname="org.springframework.web.socket.sockjs.client.XhrTransportTests" time="0.021"/>
  <testcase name="infoResponseError()" classname="org.springframework.web.socket.sockjs.client.XhrTransportTests" time="0.002"/>
  <system-out><![CDATA[03:17:53.675 [Test worker] ERROR o.s.w.s.s.c.XhrTransportTests$TestXhrTransport - XHR send request (url=https://example.com) failed: <400 BAD_REQUEST Bad Request,[]>
03:17:53.700 [Test worker] ERROR o.s.w.s.s.c.XhrTransportTests$TestXhrTransport - SockJS Info request (url=https://example.com/info) failed: <400 BAD_REQUEST Bad Request,body,[]>
]]></system-out>
  <system-err><![CDATA[]]></system-err>
</testsuite>
