<?xml version="1.0" encoding="UTF-8"?>
<testsuite name="org.springframework.web.socket.TextMessageTests" tests="2" skipped="0" failures="0" errors="0" timestamp="2023-03-06T08:17:55" hostname="DESKTOP-VGJP1PJ" time="0.005">
  <properties/>
  <testcase name="toStringWithMultibyteString()" classname="org.springframework.web.socket.TextMessageTests" time="0.003"/>
  <testcase name="toStringWithAscii()" classname="org.springframework.web.socket.TextMessageTests" time="0.001"/>
  <system-out><![CDATA[]]></system-out>
  <system-err><![CDATA[]]></system-err>
</testsuite>
