<?xml version="1.0" encoding="UTF-8"?>
<testsuite name="org.springframework.web.socket.adapter.standard.ConvertingEncoderDecoderSupportTests" tests="13" skipped="0" failures="0" errors="0" timestamp="2023-03-06T08:17:06" hostname="DESKTOP-VGJP1PJ" time="1.768">
  <properties/>
  <testcase name="decodeFromText()" classname="org.springframework.web.socket.adapter.standard.ConvertingEncoderDecoderSupportTests" time="1.422"/>
  <testcase name="encodeToBinary()" classname="org.springframework.web.socket.adapter.standard.ConvertingEncoderDecoderSupportTests" time="0.027"/>
  <testcase name="encodeToTextCannotConvert()" classname="org.springframework.web.socket.adapter.standard.ConvertingEncoderDecoderSupportTests" time="0.081"/>
  <testcase name="cannotFindConversionService()" classname="org.springframework.web.socket.adapter.standard.ConvertingEncoderDecoderSupportTests" time="0.031"/>
  <testcase name="encodeToText()" classname="org.springframework.web.socket.adapter.standard.ConvertingEncoderDecoderSupportTests" time="0.011"/>
  <testcase name="encodeAndDecodeBytes()" classname="org.springframework.web.socket.adapter.standard.ConvertingEncoderDecoderSupportTests" time="0.017"/>
  <testcase name="decodeFromBinary()" classname="org.springframework.web.socket.adapter.standard.ConvertingEncoderDecoderSupportTests" time="0.011"/>
  <testcase name="cannotFindApplicationContext()" classname="org.springframework.web.socket.adapter.standard.ConvertingEncoderDecoderSupportTests" time="0.017"/>
  <testcase name="encodeAndDecodeText()" classname="org.springframework.web.socket.adapter.standard.ConvertingEncoderDecoderSupportTests" time="0.015"/>
  <testcase name="decodeFromTextCannotConvert()" classname="org.springframework.web.socket.adapter.standard.ConvertingEncoderDecoderSupportTests" time="0.036"/>
  <testcase name="encodeToBinaryCannotConvert()" classname="org.springframework.web.socket.adapter.standard.ConvertingEncoderDecoderSupportTests" time="0.025"/>
  <testcase name="decodeFromBinaryCannotConvert()" classname="org.springframework.web.socket.adapter.standard.ConvertingEncoderDecoderSupportTests" time="0.026"/>
  <testcase name="autowiresIntoEncoder()" classname="org.springframework.web.socket.adapter.standard.ConvertingEncoderDecoderSupportTests" time="0.034"/>
  <system-out><![CDATA[]]></system-out>
  <system-err><![CDATA[]]></system-err>
</testsuite>
