<?xml version="1.0" encoding="UTF-8"?>
<testsuite name="org.springframework.web.socket.config.HandlersBeanDefinitionParserTests" tests="4" skipped="0" failures="0" errors="0" timestamp="2023-03-06T08:17:19" hostname="DESKTOP-VGJP1PJ" time="1.194">
  <properties/>
  <testcase name="sockJs()" classname="org.springframework.web.socket.config.HandlersBeanDefinitionParserTests" time="0.74"/>
  <testcase name="webSocketHandlersAttributes()" classname="org.springframework.web.socket.config.HandlersBeanDefinitionParserTests" time="0.305"/>
  <testcase name="sockJsAttributes()" classname="org.springframework.web.socket.config.HandlersBeanDefinitionParserTests" time="0.082"/>
  <testcase name="webSocketHandlers()" classname="org.springframework.web.socket.config.HandlersBeanDefinitionParserTests" time="0.065"/>
  <system-out><![CDATA[]]></system-out>
  <system-err><![CDATA[]]></system-err>
</testsuite>
