<?xml version="1.0" encoding="UTF-8"?>
<testsuite name="org.springframework.web.socket.adapter.standard.StandardWebSocketSessionTests" tests="4" skipped="0" failures="0" errors="0" timestamp="2023-03-06T08:17:08" hostname="DESKTOP-VGJP1PJ" time="0.004">
  <properties/>
  <testcase name="getPrincipalWithNativeSession()" classname="org.springframework.web.socket.adapter.standard.StandardWebSocketSessionTests" time="0.001"/>
  <testcase name="getPrincipalWithConstructorArg()" classname="org.springframework.web.socket.adapter.standard.StandardWebSocketSessionTests" time="0.001"/>
  <testcase name="getAcceptedProtocol()" classname="org.springframework.web.socket.adapter.standard.StandardWebSocketSessionTests" time="0.001"/>
  <testcase name="getPrincipalNone()" classname="org.springframework.web.socket.adapter.standard.StandardWebSocketSessionTests" time="0.001"/>
  <system-out><![CDATA[]]></system-out>
  <system-err><![CDATA[]]></system-err>
</testsuite>
