<?xml version="1.0" encoding="UTF-8"?>
<testsuite name="org.springframework.web.socket.server.standard.SpringConfiguratorTests" tests="3" skipped="0" failures="0" errors="0" timestamp="2023-03-06T08:17:51" hostname="DESKTOP-VGJP1PJ" time="0.287">
  <properties/>
  <testcase name="getEndpointSingletonByComponentName()" classname="org.springframework.web.socket.server.standard.SpringConfiguratorTests" time="0.062"/>
  <testcase name="getEndpointSingletonByType()" classname="org.springframework.web.socket.server.standard.SpringConfiguratorTests" time="0.11"/>
  <testcase name="getEndpointPerConnection()" classname="org.springframework.web.socket.server.standard.SpringConfiguratorTests" time="0.113"/>
  <system-out><![CDATA[]]></system-out>
  <system-err><![CDATA[]]></system-err>
</testsuite>
