<?xml version="1.0" encoding="UTF-8"?>
<testsuite name="org.springframework.web.socket.handler.ConcurrentWebSocketSessionDecoratorTests" tests="7" skipped="0" failures="0" errors="0" timestamp="2023-03-06T08:17:24" hostname="DESKTOP-VGJP1PJ" time="0.541">
  <properties/>
  <testcase name="sendBufferSizeExceeded()" classname="org.springframework.web.socket.handler.ConcurrentWebSocketSessionDecoratorTests" time="0.007"/>
  <testcase name="sendTimeLimitExceeded()" classname="org.springframework.web.socket.handler.ConcurrentWebSocketSessionDecoratorTests" time="0.206"/>
  <testcase name="sendAfterBlockedSend()" classname="org.springframework.web.socket.handler.ConcurrentWebSocketSessionDecoratorTests" time="0.081"/>
  <testcase name="overflowStrategyDrop()" classname="org.springframework.web.socket.handler.ConcurrentWebSocketSessionDecoratorTests" time="0.008"/>
  <testcase name="send()" classname="org.springframework.web.socket.handler.ConcurrentWebSocketSessionDecoratorTests" time="0.001"/>
  <testcase name="closeStatusChangesToSessionNotReliable()" classname="org.springframework.web.socket.handler.ConcurrentWebSocketSessionDecoratorTests" time="0.228"/>
  <testcase name="closeStatusNormal()" classname="org.springframework.web.socket.handler.ConcurrentWebSocketSessionDecoratorTests" time="0.001"/>
  <system-out><![CDATA[]]></system-out>
  <system-err><![CDATA[]]></system-err>
</testsuite>
