<?xml version="1.0" encoding="UTF-8"?>
<testsuite name="org.springframework.web.socket.sockjs.transport.handler.HttpSendingTransportHandlerTests" tests="5" skipped="0" failures="0" errors="0" timestamp="2023-03-06T08:17:54" hostname="DESKTOP-VGJP1PJ" time="0.04">
  <properties/>
  <testcase name="handleRequestXhrStreaming()" classname="org.springframework.web.socket.sockjs.transport.handler.HttpSendingTransportHandlerTests" time="0.012"/>
  <testcase name="eventSourceTransport()" classname="org.springframework.web.socket.sockjs.transport.handler.HttpSendingTransportHandlerTests" time="0.005"/>
  <testcase name="htmlFileTransport()" classname="org.springframework.web.socket.sockjs.transport.handler.HttpSendingTransportHandlerTests" time="0.011"/>
  <testcase name="frameFormats()" classname="org.springframework.web.socket.sockjs.transport.handler.HttpSendingTransportHandlerTests" time="0.003"/>
  <testcase name="handleRequestXhr()" classname="org.springframework.web.socket.sockjs.transport.handler.HttpSendingTransportHandlerTests" time="0.006"/>
  <system-out><![CDATA[]]></system-out>
  <system-err><![CDATA[]]></system-err>
</testsuite>
