<?xml version="1.0" encoding="UTF-8"?>
<testsuite name="org.springframework.web.socket.adapter.jetty.JettyWebSocketSessionTests" tests="4" skipped="0" failures="0" errors="0" timestamp="2023-03-06T08:17:05" hostname="DESKTOP-VGJP1PJ" time="0.31">
  <properties/>
  <testcase name="getPrincipalWithConstructorArg()" classname="org.springframework.web.socket.adapter.jetty.JettyWebSocketSessionTests" time="0.278"/>
  <testcase name="getPrincipalNotAvailable()" classname="org.springframework.web.socket.adapter.jetty.JettyWebSocketSessionTests" time="0.005"/>
  <testcase name="getPrincipalFromNativeSession()" classname="org.springframework.web.socket.adapter.jetty.JettyWebSocketSessionTests" time="0.004"/>
  <testcase name="getAcceptedProtocol()" classname="org.springframework.web.socket.adapter.jetty.JettyWebSocketSessionTests" time="0.011"/>
  <system-out><![CDATA[]]></system-out>
  <system-err><![CDATA[]]></system-err>
</testsuite>
