<?xml version="1.0" encoding="UTF-8"?>
<testsuite name="org.springframework.web.socket.messaging.StompSubProtocolErrorHandlerTests" tests="2" skipped="0" failures="0" errors="0" timestamp="2023-03-06T08:17:24" hostname="DESKTOP-VGJP1PJ" time="0.002">
  <properties/>
  <testcase name="handleClientMessageProcessingError()" classname="org.springframework.web.socket.messaging.StompSubProtocolErrorHandlerTests" time="0.001"/>
  <testcase name="handleClientMessageProcessingErrorWithReceipt()" classname="org.springframework.web.socket.messaging.StompSubProtocolErrorHandlerTests" time="0.001"/>
  <system-out><![CDATA[]]></system-out>
  <system-err><![CDATA[]]></system-err>
</testsuite>
