<?xml version="1.0" encoding="UTF-8"?>
<testsuite name="org.springframework.web.socket.sockjs.client.SockJsUrlInfoTests" tests="4" skipped="0" failures="0" errors="0" timestamp="2023-03-06T08:17:53" hostname="DESKTOP-VGJP1PJ" time="0.008">
  <properties/>
  <testcase name="transportUrl()" classname="org.springframework.web.socket.sockjs.client.SockJsUrlInfoTests" time="0.002"/>
  <testcase name="sessionId()" classname="org.springframework.web.socket.sockjs.client.SockJsUrlInfoTests" time="0.003"/>
  <testcase name="serverId()" classname="org.springframework.web.socket.sockjs.client.SockJsUrlInfoTests" time="0.0"/>
  <testcase name="infoUrl()" classname="org.springframework.web.socket.sockjs.client.SockJsUrlInfoTests" time="0.001"/>
  <system-out><![CDATA[]]></system-out>
  <system-err><![CDATA[]]></system-err>
</testsuite>
