<?xml version="1.0" encoding="UTF-8"?>
<testsuite name="org.springframework.web.socket.WebSocketExtensionTests" tests="2" skipped="0" failures="0" errors="0" timestamp="2023-03-06T08:17:55" hostname="DESKTOP-VGJP1PJ" time="0.006">
  <properties/>
  <testcase name="parseHeaderSingle()" classname="org.springframework.web.socket.WebSocketExtensionTests" time="0.003"/>
  <testcase name="parseHeaderMultiple()" classname="org.springframework.web.socket.WebSocketExtensionTests" time="0.002"/>
  <system-out><![CDATA[]]></system-out>
  <system-err><![CDATA[]]></system-err>
</testsuite>
