<?xml version="1.0" encoding="UTF-8"?>
<testsuite name="org.springframework.web.socket.client.standard.StandardWebSocketClientTests" tests="9" skipped="0" failures="0" errors="0" timestamp="2023-03-06T08:17:11" hostname="DESKTOP-VGJP1PJ" time="0.282">
  <properties/>
  <testcase name="standardWebSocketClientConfiguratorInsertsHandshakeHeaders()" classname="org.springframework.web.socket.client.standard.StandardWebSocketClientTests" time="0.1"/>
  <testcase name="testGetLocalAddress()" classname="org.springframework.web.socket.client.standard.StandardWebSocketClientTests" time="0.049"/>
  <testcase name="clientEndpointConfig()" classname="org.springframework.web.socket.client.standard.StandardWebSocketClientTests" time="0.028"/>
  <testcase name="handshakeHeaders()" classname="org.springframework.web.socket.client.standard.StandardWebSocketClientTests" time="0.051"/>
  <testcase name="testGetLocalAddressWss()" classname="org.springframework.web.socket.client.standard.StandardWebSocketClientTests" time="0.029"/>
  <testcase name="taskExecutor()" classname="org.springframework.web.socket.client.standard.StandardWebSocketClientTests" time="0.003"/>
  <testcase name="clientEndpointConfigWithUserProperties()" classname="org.springframework.web.socket.client.standard.StandardWebSocketClientTests" time="0.013"/>
  <testcase name="testGetLocalAddressNoScheme()" classname="org.springframework.web.socket.client.standard.StandardWebSocketClientTests" time="0.001"/>
  <testcase name="testGetRemoteAddress()" classname="org.springframework.web.socket.client.standard.StandardWebSocketClientTests" time="0.002"/>
  <system-out><![CDATA[]]></system-out>
  <system-err><![CDATA[]]></system-err>
</testsuite>
