<?xml version="1.0" encoding="UTF-8"?>
<testsuite name="org.springframework.web.socket.config.annotation.WebSocketMessageBrokerConfigurationSupportTests" tests="8" skipped="0" failures="0" errors="0" timestamp="2023-03-06T08:17:18" hostname="DESKTOP-VGJP1PJ" time="1.211">
  <properties/>
  <testcase name="brokerChannel()" classname="org.springframework.web.socket.config.annotation.WebSocketMessageBrokerConfigurationSupportTests" time="0.623"/>
  <testcase name="handlerMapping()" classname="org.springframework.web.socket.config.annotation.WebSocketMessageBrokerConfigurationSupportTests" time="0.153"/>
  <testcase name="webSocketHandlerDecorator()" classname="org.springframework.web.socket.config.annotation.WebSocketMessageBrokerConfigurationSupportTests" time="0.173"/>
  <testcase name="webSocketHandler()" classname="org.springframework.web.socket.config.annotation.WebSocketMessageBrokerConfigurationSupportTests" time="0.065"/>
  <testcase name="clientInboundChannelSendMessage()" classname="org.springframework.web.socket.config.annotation.WebSocketMessageBrokerConfigurationSupportTests" time="0.058"/>
  <testcase name="clientOutboundChannel()" classname="org.springframework.web.socket.config.annotation.WebSocketMessageBrokerConfigurationSupportTests" time="0.042"/>
  <testcase name="taskScheduler()" classname="org.springframework.web.socket.config.annotation.WebSocketMessageBrokerConfigurationSupportTests" time="0.046"/>
  <testcase name="webSocketMessageBrokerStats()" classname="org.springframework.web.socket.config.annotation.WebSocketMessageBrokerConfigurationSupportTests" time="0.038"/>
  <system-out><![CDATA[]]></system-out>
  <system-err><![CDATA[]]></system-err>
</testsuite>
