<?xml version="1.0" encoding="UTF-8"?>
<testsuite name="org.springframework.web.socket.server.standard.ServerEndpointExporterTests" tests="6" skipped="0" failures="0" errors="0" timestamp="2023-03-06T08:17:51" hostname="DESKTOP-VGJP1PJ" time="0.141">
  <properties/>
  <testcase name="addServerEndpointConfigBeanWithExplicitServerContainer()" classname="org.springframework.web.socket.server.standard.ServerEndpointExporterTests" time="0.039"/>
  <testcase name="addAnnotatedEndpointClassesWithExplicitServerContainerOnly()" classname="org.springframework.web.socket.server.standard.ServerEndpointExporterTests" time="0.006"/>
  <testcase name="addServerEndpointConfigBean()" classname="org.springframework.web.socket.server.standard.ServerEndpointExporterTests" time="0.035"/>
  <testcase name="addAnnotatedEndpointClasses()" classname="org.springframework.web.socket.server.standard.ServerEndpointExporterTests" time="0.006"/>
  <testcase name="addAnnotatedEndpointClassesWithServletContextOnly()" classname="org.springframework.web.socket.server.standard.ServerEndpointExporterTests" time="0.006"/>
  <testcase name="addServerEndpointConfigBeanWithExplicitServletContext()" classname="org.springframework.web.socket.server.standard.ServerEndpointExporterTests" time="0.022"/>
  <system-out><![CDATA[]]></system-out>
  <system-err><![CDATA[]]></system-err>
</testsuite>
