<?xml version="1.0" encoding="UTF-8"?>
<testsuite name="org.springframework.oxm.jibx.JibxMarshallerTests" tests="13" skipped="0" failures="0" errors="0" timestamp="2023-03-06T07:33:36" hostname="DESKTOP-VGJP1PJ" time="0.928">
  <properties/>
  <testcase name="marshalStreamResultOutputStream()" classname="org.springframework.oxm.jibx.JibxMarshallerTests" time="0.389"/>
  <testcase name="marshalStaxResultEventWriter()" classname="org.springframework.oxm.jibx.JibxMarshallerTests" time="0.018"/>
  <testcase name="marshalEmptyDOMResult()" classname="org.springframework.oxm.jibx.JibxMarshallerTests" time="0.11"/>
  <testcase name="marshalStreamResultWriter()" classname="org.springframework.oxm.jibx.JibxMarshallerTests" time="0.04"/>
  <testcase name="marshalDOMResult()" classname="org.springframework.oxm.jibx.JibxMarshallerTests" time="0.027"/>
  <testcase name="marshalJaxp14StaxResultEventWriter()" classname="org.springframework.oxm.jibx.JibxMarshallerTests" time="0.014"/>
  <testcase name="marshalStaxResultStreamWriter()" classname="org.springframework.oxm.jibx.JibxMarshallerTests" time="0.038"/>
  <testcase name="marshalJaxp14StaxResultStreamWriter()" classname="org.springframework.oxm.jibx.JibxMarshallerTests" time="0.043"/>
  <testcase name="supports()" classname="org.springframework.oxm.jibx.JibxMarshallerTests" time="0.004"/>
  <testcase name="afterPropertiesSetNoContextPath()" classname="org.springframework.oxm.jibx.JibxMarshallerTests" time="0.047"/>
  <testcase name="encodingAndStandalone()" classname="org.springframework.oxm.jibx.JibxMarshallerTests" time="0.006"/>
  <testcase name="dtd()" classname="org.springframework.oxm.jibx.JibxMarshallerTests" time="0.082"/>
  <testcase name="indentation()" classname="org.springframework.oxm.jibx.JibxMarshallerTests" time="0.037"/>
  <system-out><![CDATA[]]></system-out>
  <system-err><![CDATA[]]></system-err>
</testsuite>
