<?xml version="1.0" encoding="UTF-8"?>
<testsuite name="org.springframework.r2dbc.core.H2DatabaseClientIntegrationTests" tests="4" skipped="0" failures="0" errors="0" timestamp="2023-03-06T07:47:26" hostname="DESKTOP-VGJP1PJ" time="0.043">
  <properties/>
  <testcase name="shouldEmitGeneratedKey()" classname="org.springframework.r2dbc.core.H2DatabaseClientIntegrationTests" time="0.012"/>
  <testcase name="executeDeferred()" classname="org.springframework.r2dbc.core.H2DatabaseClientIntegrationTests" time="0.009"/>
  <testcase name="shouldTranslateDuplicateKeyException()" classname="org.springframework.r2dbc.core.H2DatabaseClientIntegrationTests" time="0.013"/>
  <testcase name="executeInsert()" classname="org.springframework.r2dbc.core.H2DatabaseClientIntegrationTests" time="0.007"/>
  <system-out><![CDATA[]]></system-out>
  <system-err><![CDATA[]]></system-err>
</testsuite>
