<?xml version="1.0" encoding="UTF-8"?>
<testsuite name="org.springframework.r2dbc.core.binding.AnonymousBindMarkersUnitTests" tests="2" skipped="0" failures="0" errors="0" timestamp="2023-03-06T07:47:26" hostname="DESKTOP-VGJP1PJ" time="0.016">
  <properties/>
  <testcase name="shouldBindByIndex()" classname="org.springframework.r2dbc.core.binding.AnonymousBindMarkersUnitTests" time="0.016"/>
  <testcase name="shouldCreateNewBindMarkers()" classname="org.springframework.r2dbc.core.binding.AnonymousBindMarkersUnitTests" time="0.0"/>
  <system-out><![CDATA[]]></system-out>
  <system-err><![CDATA[]]></system-err>
</testsuite>
