<?xml version="1.0" encoding="UTF-8"?>
<testsuite name="org.springframework.r2dbc.core.NamedParameterUtilsUnitTests" tests="24" skipped="0" failures="0" errors="0" timestamp="2023-03-06T07:47:27" hostname="DESKTOP-VGJP1PJ" time="0.033">
  <properties/>
  <testcase name="parseSqlStatementWithEmptyBracketsOrBracketsInQuotes()" classname="org.springframework.r2dbc.core.NamedParameterUtilsUnitTests" time="0.001"/>
  <testcase name="shouldAllowParsingMultipleUseOfParameter()" classname="org.springframework.r2dbc.core.NamedParameterUtilsUnitTests" time="0.001"/>
  <testcase name="parseSqlStatementWithPostgresAnyArrayStringsExistsOperator()" classname="org.springframework.r2dbc.core.NamedParameterUtilsUnitTests" time="0.0"/>
  <testcase name="parseSqlStatementWithQuotedSingleQuote()" classname="org.springframework.r2dbc.core.NamedParameterUtilsUnitTests" time="0.001"/>
  <testcase name="parseSqlStatementWithPostgresCasting()" classname="org.springframework.r2dbc.core.NamedParameterUtilsUnitTests" time="0.0"/>
  <testcase name="parseSqlStatementWithSingleLetterInBrackets()" classname="org.springframework.r2dbc.core.NamedParameterUtilsUnitTests" time="0.001"/>
  <testcase name="parseSqlStatementWithPostgresContainedOperator()" classname="org.springframework.r2dbc.core.NamedParameterUtilsUnitTests" time="0.001"/>
  <testcase name="parseSqlStatementWithPostgresAllArrayStringsExistsOperator()" classname="org.springframework.r2dbc.core.NamedParameterUtilsUnitTests" time="0.001"/>
  <testcase name="substituteObjectArray()" classname="org.springframework.r2dbc.core.NamedParameterUtilsUnitTests" time="0.0"/>
  <testcase name="parseSqlStatementWithQuotesAndCommentBefore()" classname="org.springframework.r2dbc.core.NamedParameterUtilsUnitTests" time="0.001"/>
  <testcase name="parseSqlContainingComments()" classname="org.springframework.r2dbc.core.NamedParameterUtilsUnitTests" time="0.001"/>
  <testcase name="parseSqlStatementWithEscapedColon()" classname="org.springframework.r2dbc.core.NamedParameterUtilsUnitTests" time="0.001"/>
  <testcase name="substituteNamedParameters()" classname="org.springframework.r2dbc.core.NamedParameterUtilsUnitTests" time="0.001"/>
  <testcase name="parseSqlStatementWithBracketDelimitedParameterNames()" classname="org.springframework.r2dbc.core.NamedParameterUtilsUnitTests" time="0.0"/>
  <testcase name="variableAssignmentOperator()" classname="org.springframework.r2dbc.core.NamedParameterUtilsUnitTests" time="0.0"/>
  <testcase name="shouldParseSql()" classname="org.springframework.r2dbc.core.NamedParameterUtilsUnitTests" time="0.001"/>
  <testcase name="multipleEqualParameterReferencesBindsNullOnce()" classname="org.springframework.r2dbc.core.NamedParameterUtilsUnitTests" time="0.001"/>
  <testcase name="multipleEqualParameterReferencesBindsValueOnce()" classname="org.springframework.r2dbc.core.NamedParameterUtilsUnitTests" time="0.001"/>
  <testcase name="shouldBindObjectArray()" classname="org.springframework.r2dbc.core.NamedParameterUtilsUnitTests" time="0.001"/>
  <testcase name="multipleEqualCollectionParameterReferencesBindsValueOnce()" classname="org.springframework.r2dbc.core.NamedParameterUtilsUnitTests" time="0.007"/>
  <testcase name="multipleEqualParameterReferencesForAnonymousMarkersBindsValueMultipleTimes()" classname="org.springframework.r2dbc.core.NamedParameterUtilsUnitTests" time="0.001"/>
  <testcase name="substituteNamedParametersWithLogicalAnd()" classname="org.springframework.r2dbc.core.NamedParameterUtilsUnitTests" time="0.0"/>
  <testcase name="parseSqlStatementWithQuotesAndCommentAfter()" classname="org.springframework.r2dbc.core.NamedParameterUtilsUnitTests" time="0.001"/>
  <testcase name="parseSqlStatementWithLogicalAnd()" classname="org.springframework.r2dbc.core.NamedParameterUtilsUnitTests" time="0.0"/>
  <system-out><![CDATA[]]></system-out>
  <system-err><![CDATA[]]></system-err>
</testsuite>
