<?xml version="1.0" encoding="UTF-8"?>
<testsuite name="org.springframework.r2dbc.connection.lookup.BeanFactoryConnectionFactoryLookupUnitTests" tests="3" skipped="0" failures="0" errors="0" timestamp="2023-03-06T07:47:26" hostname="DESKTOP-VGJP1PJ" time="0.061">
  <properties/>
  <testcase name="shouldLookupWhereBeanFactoryHasNotBeenSupplied()" classname="org.springframework.r2dbc.connection.lookup.BeanFactoryConnectionFactoryLookupUnitTests" time="0.051"/>
  <testcase name="shouldLookupWhereBeanFactoryYieldsNonConnectionFactoryType()" classname="org.springframework.r2dbc.connection.lookup.BeanFactoryConnectionFactoryLookupUnitTests" time="0.006"/>
  <testcase name="shouldLookupConnectionFactory()" classname="org.springframework.r2dbc.connection.lookup.BeanFactoryConnectionFactoryLookupUnitTests" time="0.003"/>
  <system-out><![CDATA[]]></system-out>
  <system-err><![CDATA[]]></system-err>
</testsuite>
