<?xml version="1.0" encoding="UTF-8"?>
<testsuite name="org.springframework.r2dbc.core.H2TransactionalDatabaseClientIntegrationTests" tests="3" skipped="0" failures="0" errors="0" timestamp="2023-03-06T07:47:26" hostname="DESKTOP-VGJP1PJ" time="0.555">
  <properties/>
  <testcase name="shouldRollbackTransactionUsingTransactionalOperator()" classname="org.springframework.r2dbc.core.H2TransactionalDatabaseClientIntegrationTests" time="0.509"/>
  <testcase name="shouldRollbackTransaction()" classname="org.springframework.r2dbc.core.H2TransactionalDatabaseClientIntegrationTests" time="0.02"/>
  <testcase name="executeInsertInTransaction()" classname="org.springframework.r2dbc.core.H2TransactionalDatabaseClientIntegrationTests" time="0.026"/>
  <system-out><![CDATA[]]></system-out>
  <system-err><![CDATA[]]></system-err>
</testsuite>
