<?xml version="1.0" encoding="UTF-8"?>
<testsuite name="org.springframework.r2dbc.connection.lookup.MapConnectionFactoryLookupUnitTests" tests="5" skipped="0" failures="0" errors="0" timestamp="2023-03-06T07:47:26" hostname="DESKTOP-VGJP1PJ" time="0.009">
  <properties/>
  <testcase name="getConnectionFactoryWhereSuppliedMapHasNonConnectionFactoryTypeUnderSpecifiedKey()" classname="org.springframework.r2dbc.connection.lookup.MapConnectionFactoryLookupUnitTests" time="0.002"/>
  <testcase name="getConnectionFactorysReturnsUnmodifiableMap()" classname="org.springframework.r2dbc.connection.lookup.MapConnectionFactoryLookupUnitTests" time="0.001"/>
  <testcase name="shouldLookupConnectionFactory()" classname="org.springframework.r2dbc.connection.lookup.MapConnectionFactoryLookupUnitTests" time="0.001"/>
  <testcase name="getConnectionFactoryWhereSuppliedMapHasNoEntryForSpecifiedKey()" classname="org.springframework.r2dbc.connection.lookup.MapConnectionFactoryLookupUnitTests" time="0.001"/>
  <testcase name="addingConnectionFactoryPermitsOverride()" classname="org.springframework.r2dbc.connection.lookup.MapConnectionFactoryLookupUnitTests" time="0.001"/>
  <system-out><![CDATA[]]></system-out>
  <system-err><![CDATA[]]></system-err>
</testsuite>
