<?xml version="1.0" encoding="UTF-8"?>
<testsuite name="org.springframework.r2dbc.core.binding.BindingsUnitTests" tests="7" skipped="0" failures="0" errors="0" timestamp="2023-03-06T07:47:26" hostname="DESKTOP-VGJP1PJ" time="0.023">
  <properties/>
  <testcase name="shouldApplyValueBinding()" classname="org.springframework.r2dbc.core.binding.BindingsUnitTests" time="0.003"/>
  <testcase name="shouldMergeBindings()" classname="org.springframework.r2dbc.core.binding.BindingsUnitTests" time="0.009"/>
  <testcase name="shouldApplySimpleNullBinding()" classname="org.springframework.r2dbc.core.binding.BindingsUnitTests" time="0.0"/>
  <testcase name="shouldApplyNullBinding()" classname="org.springframework.r2dbc.core.binding.BindingsUnitTests" time="0.0"/>
  <testcase name="shouldConsumeBindings()" classname="org.springframework.r2dbc.core.binding.BindingsUnitTests" time="0.005"/>
  <testcase name="shouldApplySimpleValueBinding()" classname="org.springframework.r2dbc.core.binding.BindingsUnitTests" time="0.001"/>
  <testcase name="shouldCreateBindings()" classname="org.springframework.r2dbc.core.binding.BindingsUnitTests" time="0.0"/>
  <system-out><![CDATA[]]></system-out>
  <system-err><![CDATA[]]></system-err>
</testsuite>
