<?xml version="1.0" encoding="UTF-8"?>
<testsuite name="org.springframework.r2dbc.connection.init.H2DatabasePopulatorIntegrationTests" tests="6" skipped="0" failures="0" errors="0" timestamp="2023-03-06T07:47:25" hostname="DESKTOP-VGJP1PJ" time="0.718">
  <properties/>
  <testcase name="scriptWithSingleLineCommentsAndFailedDrop()" classname="org.springframework.r2dbc.connection.init.H2DatabasePopulatorIntegrationTests" time="0.618"/>
  <testcase name="scriptWithMultipleStatementsAndLongSeparator()" classname="org.springframework.r2dbc.connection.init.H2DatabasePopulatorIntegrationTests" time="0.018"/>
  <testcase name="scriptWithMultipleStatements()" classname="org.springframework.r2dbc.connection.init.H2DatabasePopulatorIntegrationTests" time="0.014"/>
  <testcase name="scriptWithStandardEscapedLiteral()" classname="org.springframework.r2dbc.connection.init.H2DatabasePopulatorIntegrationTests" time="0.012"/>
  <testcase name="scriptWithMySqlEscapedLiteral()" classname="org.springframework.r2dbc.connection.init.H2DatabasePopulatorIntegrationTests" time="0.015"/>
  <testcase name="shouldRunScript()" classname="org.springframework.r2dbc.connection.init.H2DatabasePopulatorIntegrationTests" time="0.033"/>
  <system-out><![CDATA[]]></system-out>
  <system-err><![CDATA[]]></system-err>
</testsuite>
