<?xml version="1.0" encoding="UTF-8"?>
<testsuite name="org.springframework.r2dbc.core.UpdatedRowsFetchSpecExtensionsTests" tests="1" skipped="0" failures="0" errors="0" timestamp="2023-03-06T07:47:31" hostname="DESKTOP-VGJP1PJ" time="0.065">
  <properties/>
  <testcase name="awaitRowsUpdatedWithValue()" classname="org.springframework.r2dbc.core.UpdatedRowsFetchSpecExtensionsTests" time="0.065"/>
  <system-out><![CDATA[]]></system-out>
  <system-err><![CDATA[]]></system-err>
</testsuite>
