<?xml version="1.0" encoding="UTF-8"?>
<testsuite name="org.springframework.r2dbc.connection.init.ConnectionFactoryInitializerUnitTests" tests="2" skipped="0" failures="0" errors="0" timestamp="2023-03-06T07:47:25" hostname="DESKTOP-VGJP1PJ" time="0.048">
  <properties/>
  <testcase name="shouldCleanConnectionFactory()" classname="org.springframework.r2dbc.connection.init.ConnectionFactoryInitializerUnitTests" time="0.045"/>
  <testcase name="shouldInitializeConnectionFactory()" classname="org.springframework.r2dbc.connection.init.ConnectionFactoryInitializerUnitTests" time="0.002"/>
  <system-out><![CDATA[]]></system-out>
  <system-err><![CDATA[]]></system-err>
</testsuite>
