<?xml version="1.0" encoding="UTF-8"?>
<testsuite name="org.springframework.r2dbc.connection.DelegatingConnectionFactoryUnitTests" tests="2" skipped="0" failures="0" errors="0" timestamp="2023-03-06T07:47:24" hostname="DESKTOP-VGJP1PJ" time="0.272">
  <properties/>
  <testcase name="shouldDelegateGetConnection()" classname="org.springframework.r2dbc.connection.DelegatingConnectionFactoryUnitTests" time="0.271"/>
  <testcase name="shouldDelegateUnwrapWithoutImplementing()" classname="org.springframework.r2dbc.connection.DelegatingConnectionFactoryUnitTests" time="0.0"/>
  <system-out><![CDATA[]]></system-out>
  <system-err><![CDATA[]]></system-err>
</testsuite>
