<?xml version="1.0" encoding="UTF-8"?>
<testsuite name="org.springframework.orm.jpa.support.PersistenceContextTransactionTests" tests="11" skipped="0" failures="0" errors="0" timestamp="2023-03-06T07:56:49" hostname="DESKTOP-VGJP1PJ" time="0.042">
  <properties/>
  <testcase name="testTransactionCommitWithExtendedEntityManagerAndPropagationSupports()" classname="org.springframework.orm.jpa.support.PersistenceContextTransactionTests" time="0.004"/>
  <testcase name="testTransactionCommitWithSharedEntityManagerAndPropagationSupports()" classname="org.springframework.orm.jpa.support.PersistenceContextTransactionTests" time="0.002"/>
  <testcase name="testTransactionCommitWithExtendedEntityManagerUnsynchronized()" classname="org.springframework.orm.jpa.support.PersistenceContextTransactionTests" time="0.003"/>
  <testcase name="testTransactionCommitWithSharedEntityManagerUnsynchronized()" classname="org.springframework.orm.jpa.support.PersistenceContextTransactionTests" time="0.004"/>
  <testcase name="testTransactionCommitWithExtendedEntityManagerUnsynchronizedJoined()" classname="org.springframework.orm.jpa.support.PersistenceContextTransactionTests" time="0.003"/>
  <testcase name="testTransactionCommitWithSharedEntityManagerUnsynchronizedAndPropagationSupports()" classname="org.springframework.orm.jpa.support.PersistenceContextTransactionTests" time="0.005"/>
  <testcase name="testTransactionCommitWithSharedEntityManager()" classname="org.springframework.orm.jpa.support.PersistenceContextTransactionTests" time="0.004"/>
  <testcase name="testTransactionCommitWithExtendedEntityManager()" classname="org.springframework.orm.jpa.support.PersistenceContextTransactionTests" time="0.004"/>
  <testcase name="testTransactionCommitWithSharedEntityManagerUnsynchronizedJoined()" classname="org.springframework.orm.jpa.support.PersistenceContextTransactionTests" time="0.003"/>
  <testcase name="testTransactionCommitWithExtendedEntityManagerUnsynchronizedAndPropagationSupports()" classname="org.springframework.orm.jpa.support.PersistenceContextTransactionTests" time="0.002"/>
  <testcase name="testTransactionCommitWithExtendedEntityManagerUnsynchronizedJoinedAndPropagationSupports()" classname="org.springframework.orm.jpa.support.PersistenceContextTransactionTests" time="0.003"/>
  <system-out><![CDATA[]]></system-out>
  <system-err><![CDATA[]]></system-err>
</testsuite>
