<?xml version="1.0" encoding="UTF-8"?>
<testsuite name="org.springframework.orm.jpa.ContainerManagedEntityManagerIntegrationTests" tests="10" skipped="0" failures="0" errors="0" timestamp="2023-03-06T07:56:43" hostname="DESKTOP-VGJP1PJ" time="0.23">
  <properties/>
  <testcase name="testEntityManagerProxyRejectsProgrammaticTxManagement()" classname="org.springframework.orm.jpa.ContainerManagedEntityManagerIntegrationTests" time="0.149"/>
  <testcase name="testContainerEntityManagerProxyAllowsJoinTransactionInTransaction()" classname="org.springframework.orm.jpa.ContainerManagedEntityManagerIntegrationTests" time="0.003"/>
  <testcase name="testExceptionTranslationWithDialectFoundOnIntroducedEntityManagerInfo()" classname="org.springframework.orm.jpa.ContainerManagedEntityManagerIntegrationTests" time="0.004"/>
  <testcase name="testExceptionTranslationWithDialectFoundOnEntityManagerFactoryBean()" classname="org.springframework.orm.jpa.ContainerManagedEntityManagerIntegrationTests" time="0.003"/>
  <testcase name="testCommitOccurs()" classname="org.springframework.orm.jpa.ContainerManagedEntityManagerIntegrationTests" time="0.011"/>
  <testcase name="testContainerEntityManagerProxyRejectsJoinTransactionWithoutTransaction()" classname="org.springframework.orm.jpa.ContainerManagedEntityManagerIntegrationTests" time="0.005"/>
  <testcase name="testEntityManagerProxyIsProxy()" classname="org.springframework.orm.jpa.ContainerManagedEntityManagerIntegrationTests" time="0.01"/>
  <testcase name="testRollbackOccurs()" classname="org.springframework.orm.jpa.ContainerManagedEntityManagerIntegrationTests" time="0.01"/>
  <testcase name="testReuseInNewTransaction()" classname="org.springframework.orm.jpa.ContainerManagedEntityManagerIntegrationTests" time="0.016"/>
  <testcase name="testInstantiateAndSave()" classname="org.springframework.orm.jpa.ContainerManagedEntityManagerIntegrationTests" time="0.009"/>
  <system-out><![CDATA[[EL Info]: 2023-03-06 02:56:44.081--ServerSession(618971533)--EclipseLink, version: Eclipse Persistence Services - 2.7.7.v20200504-69f2c2b80d
[EL Warning]: metadata: 2023-03-06 02:56:44.082--ServerSession(618971533)--Reverting the lazy setting on the OneToOne or ManyToOne attribute [driversLicense] for the entity class [class org.springframework.orm.jpa.domain.Person] since weaving was not enabled or did not occur.
[EL Fine]: sql: 2023-03-06 02:56:44.089--ServerSession(618971533)--Connection(23013402)--SELECT * FROM SEQUENCE WHERE SEQ_NAME = 'SEQ_GEN'
[EL Fine]: sql: 2023-03-06 02:56:44.128--ClientSession(1625625733)--Connection(409907734)--SELECT COUNT(0) FROM person
[EL Fine]: sql: 2023-03-06 02:56:44.13--ClientSession(1625625733)--Connection(409907734)--UPDATE SEQUENCE SET SEQ_COUNT = SEQ_COUNT + ? WHERE SEQ_NAME = ?
	bind => [50, SEQ_GEN]
[EL Fine]: sql: 2023-03-06 02:56:44.131--ClientSession(1625625733)--Connection(409907734)--SELECT SEQ_COUNT FROM SEQUENCE WHERE SEQ_NAME = ?
	bind => [SEQ_GEN]
[EL Fine]: sql: 2023-03-06 02:56:44.133--ClientSession(1625625733)--Connection(409907734)--INSERT INTO PERSON (ID, FIRST_NAME, LAST_NAME, DRIVERS_LICENSE_ID) VALUES (?, ?, ?, ?)
	bind => [51, Tony, Blair, null]
[EL Fine]: sql: 2023-03-06 02:56:44.134--ClientSession(1625625733)--Connection(409907734)--SELECT COUNT(0) FROM person
[EL Fine]: sql: 2023-03-06 02:56:44.136--ServerSession(618971533)--Connection(1508256054)--SELECT COUNT(0) FROM person
[EL Fine]: sql: 2023-03-06 02:56:44.146--ServerSession(618971533)--Connection(698864919)--SELECT ID, FIRST_NAME, LAST_NAME, DRIVERS_LICENSE_ID FROM PERSON
[EL Fine]: sql: 2023-03-06 02:56:44.16--ClientSession(1082399083)--Connection(1165958538)--SELECT COUNT(0) FROM person
[EL Fine]: sql: 2023-03-06 02:56:44.162--ClientSession(1082399083)--Connection(1165958538)--INSERT INTO PERSON (ID, FIRST_NAME, LAST_NAME, DRIVERS_LICENSE_ID) VALUES (?, ?, ?, ?)
	bind => [52, Tony, Blair, null]
[EL Fine]: sql: 2023-03-06 02:56:44.165--ClientSession(1082399083)--Connection(1165958538)--SELECT COUNT(0) FROM person
[EL Fine]: sql: 2023-03-06 02:56:44.166--ServerSession(618971533)--Connection(1719016019)--SELECT COUNT(0) FROM person
[EL Fine]: sql: 2023-03-06 02:56:44.171--ClientSession(1430081109)--Connection(1362009072)--SELECT COUNT(0) FROM person
[EL Fine]: sql: 2023-03-06 02:56:44.173--ClientSession(1430081109)--Connection(1362009072)--INSERT INTO PERSON (ID, FIRST_NAME, LAST_NAME, DRIVERS_LICENSE_ID) VALUES (?, ?, ?, ?)
	bind => [53, Tony, Blair, null]
[EL Fine]: sql: 2023-03-06 02:56:44.175--ClientSession(1430081109)--Connection(1362009072)--SELECT COUNT(0) FROM person
[EL Fine]: sql: 2023-03-06 02:56:44.177--ClientSession(263175963)--Connection(1514635706)--SELECT COUNT(0) FROM person
[EL Fine]: sql: 2023-03-06 02:56:44.178--ClientSession(263175963)--Connection(1514635706)--INSERT INTO PERSON (ID, FIRST_NAME, LAST_NAME, DRIVERS_LICENSE_ID) VALUES (?, ?, ?, ?)
	bind => [54, Tony, Blair, null]
[EL Fine]: sql: 2023-03-06 02:56:44.179--ClientSession(263175963)--Connection(1514635706)--SELECT COUNT(0) FROM person
[EL Fine]: sql: 2023-03-06 02:56:44.182--ServerSession(618971533)--Connection(491487629)--SELECT COUNT(0) FROM person
[EL Fine]: sql: 2023-03-06 02:56:44.187--ClientSession(262220669)--Connection(470843205)--SELECT COUNT(0) FROM person
[EL Fine]: sql: 2023-03-06 02:56:44.19--ClientSession(262220669)--Connection(470843205)--INSERT INTO PERSON (ID, FIRST_NAME, LAST_NAME, DRIVERS_LICENSE_ID) VALUES (?, ?, ?, ?)
	bind => [55, Tony, Blair, null]
[EL Fine]: sql: 2023-03-06 02:56:44.192--ClientSession(262220669)--Connection(470843205)--SELECT COUNT(0) FROM person
]]></system-out>
  <system-err><![CDATA[]]></system-err>
</testsuite>
