<?xml version="1.0" encoding="UTF-8"?>
<testsuite name="org.springframework.orm.jpa.ApplicationManagedEntityManagerIntegrationTests" tests="8" skipped="0" failures="0" errors="0" timestamp="2023-03-06T07:56:40" hostname="DESKTOP-VGJP1PJ" time="3.826">
  <properties/>
  <testcase name="testEntityManagerProxyAcceptsProgrammaticTxJoining()" classname="org.springframework.orm.jpa.ApplicationManagedEntityManagerIntegrationTests" time="3.359"/>
  <testcase name="testStateClean()" classname="org.springframework.orm.jpa.ApplicationManagedEntityManagerIntegrationTests" time="0.074"/>
  <testcase name="testCommitOccurs()" classname="org.springframework.orm.jpa.ApplicationManagedEntityManagerIntegrationTests" time="0.04"/>
  <testcase name="testEntityManagerProxyIsProxy()" classname="org.springframework.orm.jpa.ApplicationManagedEntityManagerIntegrationTests" time="0.294"/>
  <testcase name="testCannotFlushWithoutGettingTransaction()" classname="org.springframework.orm.jpa.ApplicationManagedEntityManagerIntegrationTests" time="0.021"/>
  <testcase name="testRollbackOccurs()" classname="org.springframework.orm.jpa.ApplicationManagedEntityManagerIntegrationTests" time="0.006"/>
  <testcase name="testReuseInNewTransaction()" classname="org.springframework.orm.jpa.ApplicationManagedEntityManagerIntegrationTests" time="0.018"/>
  <testcase name="testInstantiateAndSave()" classname="org.springframework.orm.jpa.ApplicationManagedEntityManagerIntegrationTests" time="0.007"/>
  <system-out><![CDATA[[EL Info]: 2023-03-06 02:56:42.695--ServerSession(1156410621)--EclipseLink, version: Eclipse Persistence Services - 2.7.7.v20200504-69f2c2b80d
[EL Warning]: metadata: 2023-03-06 02:56:43.188--ServerSession(1156410621)--Reverting the lazy setting on the OneToOne or ManyToOne attribute [driversLicense] for the entity class [class org.springframework.orm.jpa.domain.Person] since weaving was not enabled or did not occur.
[EL Fine]: sql: 2023-03-06 02:56:43.266--ServerSession(1156410621)--Connection(416671691)--CREATE TABLE PERSON (ID INTEGER NOT NULL, FIRST_NAME VARCHAR(255), LAST_NAME VARCHAR(255), DRIVERS_LICENSE_ID INTEGER, PRIMARY KEY (ID))
[EL Fine]: sql: 2023-03-06 02:56:43.268--ServerSession(1156410621)--Connection(1719029436)--CREATE TABLE DRIVERS_LICENSE (ID INTEGER NOT NULL, SERIAL_NUMBER VARCHAR(255), PRIMARY KEY (ID))
[EL Fine]: sql: 2023-03-06 02:56:43.27--ServerSession(1156410621)--Connection(638709250)--ALTER TABLE PERSON ADD CONSTRAINT FK_PERSON_DRIVERS_LICENSE_ID FOREIGN KEY (DRIVERS_LICENSE_ID) REFERENCES DRIVERS_LICENSE (ID)
[EL Fine]: sql: 2023-03-06 02:56:43.275--ServerSession(1156410621)--Connection(1446031993)--CREATE TABLE SEQUENCE (SEQ_NAME VARCHAR(50) NOT NULL, SEQ_COUNT NUMERIC(38), PRIMARY KEY (SEQ_NAME))
[EL Fine]: sql: 2023-03-06 02:56:43.276--ServerSession(1156410621)--Connection(602133864)--SELECT * FROM SEQUENCE WHERE SEQ_NAME = 'SEQ_GEN'
[EL Fine]: sql: 2023-03-06 02:56:43.279--ServerSession(1156410621)--Connection(1185522613)--INSERT INTO SEQUENCE(SEQ_NAME, SEQ_COUNT) values ('SEQ_GEN', 0)
[EL Fine]: sql: 2023-03-06 02:56:43.567--ClientSession(695136482)--Connection(1042874412)--UPDATE SEQUENCE SET SEQ_COUNT = SEQ_COUNT + ? WHERE SEQ_NAME = ?
	bind => [50, SEQ_GEN]
[EL Fine]: sql: 2023-03-06 02:56:43.57--ClientSession(695136482)--Connection(1042874412)--SELECT SEQ_COUNT FROM SEQUENCE WHERE SEQ_NAME = ?
	bind => [SEQ_GEN]
[EL Fine]: sql: 2023-03-06 02:56:43.58--ClientSession(695136482)--Connection(593219683)--INSERT INTO PERSON (ID, FIRST_NAME, LAST_NAME, DRIVERS_LICENSE_ID) VALUES (?, ?, ?, ?)
	bind => [1, Tony, Blair, null]
[EL Fine]: sql: 2023-03-06 02:56:43.588--ClientSession(695136482)--Connection(593219683)--SELECT COUNT(0) FROM person
[EL Fine]: sql: 2023-03-06 02:56:43.598--ServerSession(1156410621)--Connection(1577658663)--SELECT COUNT(0) FROM person
[EL Fine]: sql: 2023-03-06 02:56:43.856--ServerSession(1156410621)--Connection(351085152)--SELECT ID, FIRST_NAME, LAST_NAME, DRIVERS_LICENSE_ID FROM PERSON
[EL Fine]: sql: 2023-03-06 02:56:43.918--ClientSession(1378330322)--Connection(1503311322)--DELETE FROM PERSON
[EL Fine]: sql: 2023-03-06 02:56:43.924--ClientSession(417840748)--Connection(1348087697)--INSERT INTO PERSON (ID, FIRST_NAME, LAST_NAME, DRIVERS_LICENSE_ID) VALUES (?, ?, ?, ?)
	bind => [3, Tony, Blair, null]
[EL Fine]: sql: 2023-03-06 02:56:43.925--ClientSession(417840748)--Connection(1348087697)--SELECT COUNT(0) FROM person
[EL Fine]: sql: 2023-03-06 02:56:43.926--ServerSession(1156410621)--Connection(381355123)--SELECT COUNT(0) FROM person
[EL Fine]: sql: 2023-03-06 02:56:43.932--ClientSession(1832533259)--Connection(245932843)--INSERT INTO PERSON (ID, FIRST_NAME, LAST_NAME, DRIVERS_LICENSE_ID) VALUES (?, ?, ?, ?)
	bind => [4, Tony, Blair, null]
[EL Fine]: sql: 2023-03-06 02:56:43.934--ClientSession(1832533259)--Connection(245932843)--SELECT COUNT(0) FROM person
[EL Fine]: sql: 2023-03-06 02:56:43.937--ClientSession(1049545506)--Connection(735008905)--INSERT INTO PERSON (ID, FIRST_NAME, LAST_NAME, DRIVERS_LICENSE_ID) VALUES (?, ?, ?, ?)
	bind => [5, Tony, Blair, null]
[EL Fine]: sql: 2023-03-06 02:56:43.938--ClientSession(1049545506)--Connection(735008905)--SELECT COUNT(0) FROM person
[EL Fine]: sql: 2023-03-06 02:56:43.941--ServerSession(1156410621)--Connection(126549204)--SELECT COUNT(0) FROM person
[EL Fine]: sql: 2023-03-06 02:56:43.942--ClientSession(1049545506)--Connection(1314484067)--DELETE FROM PERSON
[EL Fine]: sql: 2023-03-06 02:56:43.944--ClientSession(1049545506)--Connection(1314484067)--SELECT COUNT(0) FROM person
[EL Fine]: sql: 2023-03-06 02:56:43.95--ClientSession(2103414015)--Connection(301555067)--INSERT INTO PERSON (ID, FIRST_NAME, LAST_NAME, DRIVERS_LICENSE_ID) VALUES (?, ?, ?, ?)
	bind => [6, Tony, Blair, null]
[EL Fine]: sql: 2023-03-06 02:56:43.952--ClientSession(2103414015)--Connection(301555067)--SELECT COUNT(0) FROM person
]]></system-out>
  <system-err><![CDATA[]]></system-err>
</testsuite>
