<?xml version="1.0" encoding="UTF-8"?>
<testsuite name="org.springframework.orm.jpa.persistenceunit.DefaultPersistenceUnitManagerTests" tests="2" skipped="0" failures="0" errors="0" timestamp="2023-03-06T07:56:48" hostname="DESKTOP-VGJP1PJ" time="0.038">
  <properties/>
  <testcase name="defaultDomainWithIndex()" classname="org.springframework.orm.jpa.persistenceunit.DefaultPersistenceUnitManagerTests" time="0.023"/>
  <testcase name="defaultDomainWithScan()" classname="org.springframework.orm.jpa.persistenceunit.DefaultPersistenceUnitManagerTests" time="0.015"/>
  <system-out><![CDATA[]]></system-out>
  <system-err><![CDATA[]]></system-err>
</testsuite>
