<?xml version="1.0" encoding="UTF-8"?>
<testsuite name="org.springframework.beans.BeanWrapperEnumTests" tests="15" skipped="0" failures="0" errors="0" timestamp="2023-03-06T04:33:29" hostname="DESKTOP-VGJP1PJ" time="0.279">
  <properties/>
  <testcase name="testCustomEnumWithNull()" classname="org.springframework.beans.BeanWrapperEnumTests" time="0.031"/>
  <testcase name="testStandardEnumMapWithAutoGrowing()" classname="org.springframework.beans.BeanWrapperEnumTests" time="0.073"/>
  <testcase name="testCustomEnumArrayWithMultipleValues()" classname="org.springframework.beans.BeanWrapperEnumTests" time="0.002"/>
  <testcase name="testCustomEnumSetWithSingleValue()" classname="org.springframework.beans.BeanWrapperEnumTests" time="0.002"/>
  <testcase name="testNonPublicEnum()" classname="org.springframework.beans.BeanWrapperEnumTests" time="0.007"/>
  <testcase name="testStandardEnumSetWithAutoGrowing()" classname="org.springframework.beans.BeanWrapperEnumTests" time="0.029"/>
  <testcase name="testStandardEnumMapWithMultipleValues()" classname="org.springframework.beans.BeanWrapperEnumTests" time="0.117"/>
  <testcase name="testCustomEnumWithEmptyString()" classname="org.springframework.beans.BeanWrapperEnumTests" time="0.0"/>
  <testcase name="testCustomEnumSetWithMultipleValuesAsCsv()" classname="org.springframework.beans.BeanWrapperEnumTests" time="0.0"/>
  <testcase name="testCustomEnumSetWithGetterSetterMismatch()" classname="org.springframework.beans.BeanWrapperEnumTests" time="0.001"/>
  <testcase name="testStandardEnumSetWithMultipleValues()" classname="org.springframework.beans.BeanWrapperEnumTests" time="0.001"/>
  <testcase name="testCustomEnumArrayWithMultipleValuesAsCsv()" classname="org.springframework.beans.BeanWrapperEnumTests" time="0.0"/>
  <testcase name="testCustomEnumArrayWithSingleValue()" classname="org.springframework.beans.BeanWrapperEnumTests" time="0.0"/>
  <testcase name="testCustomEnumSetWithMultipleValues()" classname="org.springframework.beans.BeanWrapperEnumTests" time="0.001"/>
  <testcase name="testCustomEnum()" classname="org.springframework.beans.BeanWrapperEnumTests" time="0.002"/>
  <system-out><![CDATA[]]></system-out>
  <system-err><![CDATA[]]></system-err>
</testsuite>
