<?xml version="1.0" encoding="UTF-8"?>
<testsuite name="org.springframework.beans.ExtendedBeanInfoFactoryTests" tests="6" skipped="0" failures="0" errors="0" timestamp="2023-03-06T04:33:31" hostname="DESKTOP-VGJP1PJ" time="0.027">
  <properties/>
  <testcase name="shouldNotSupportClassHavingNonPublicNonVoidReturningIndexedSetter()" classname="org.springframework.beans.ExtendedBeanInfoFactoryTests" time="0.012"/>
  <testcase name="shouldSupportClassHavingNonVoidReturningIndexedSetter()" classname="org.springframework.beans.ExtendedBeanInfoFactoryTests" time="0.004"/>
  <testcase name="shouldNotSupportClassHavingNonVoidReturningMethodNamedSet()" classname="org.springframework.beans.ExtendedBeanInfoFactoryTests" time="0.002"/>
  <testcase name="shouldSupportClassHavingNonVoidReturningSetter()" classname="org.springframework.beans.ExtendedBeanInfoFactoryTests" time="0.004"/>
  <testcase name="shouldNotSupportClassHavingNonVoidReturningParameterlessSetter()" classname="org.springframework.beans.ExtendedBeanInfoFactoryTests" time="0.002"/>
  <testcase name="shouldNotSupportClassHavingOnlyVoidReturningSetter()" classname="org.springframework.beans.ExtendedBeanInfoFactoryTests" time="0.001"/>
  <system-out><![CDATA[]]></system-out>
  <system-err><![CDATA[]]></system-err>
</testsuite>
