<?xml version="1.0" encoding="UTF-8"?>
<testsuite name="org.springframework.beans.factory.config.PropertyPathFactoryBeanTests" tests="6" skipped="0" failures="0" errors="0" timestamp="2023-03-06T04:33:38" hostname="DESKTOP-VGJP1PJ" time="0.093">
  <properties/>
  <testcase name="testPropertyPathFactoryBeanWithSingletonResult()" classname="org.springframework.beans.factory.config.PropertyPathFactoryBeanTests" time="0.03"/>
  <testcase name="testPropertyPathFactoryBeanAsInnerBean()" classname="org.springframework.beans.factory.config.PropertyPathFactoryBeanTests" time="0.006"/>
  <testcase name="testPropertyPathFactoryBeanAsInnerNull()" classname="org.springframework.beans.factory.config.PropertyPathFactoryBeanTests" time="0.02"/>
  <testcase name="testPropertyPathFactoryBeanWithNullResult()" classname="org.springframework.beans.factory.config.PropertyPathFactoryBeanTests" time="0.005"/>
  <testcase name="testPropertyPathFactoryBeanWithPrototypeResult()" classname="org.springframework.beans.factory.config.PropertyPathFactoryBeanTests" time="0.022"/>
  <testcase name="testPropertyPathFactoryBeanAsNullReference()" classname="org.springframework.beans.factory.config.PropertyPathFactoryBeanTests" time="0.007"/>
  <system-out><![CDATA[]]></system-out>
  <system-err><![CDATA[]]></system-err>
</testsuite>
