<?xml version="1.0" encoding="UTF-8"?>
<testsuite name="org.springframework.beans.BeanWrapperGenericsTests" tests="37" skipped="0" failures="0" errors="0" timestamp="2023-03-06T04:33:29" hostname="DESKTOP-VGJP1PJ" time="0.181">
  <properties/>
  <testcase name="testComplexGenericIndexedMapEntryWithCollectionConversion()" classname="org.springframework.beans.BeanWrapperGenericsTests" time="0.006"/>
  <testcase name="testComplexGenericMap()" classname="org.springframework.beans.BeanWrapperGenericsTests" time="0.002"/>
  <testcase name="testGenericMapOfMapsWithElementConversion()" classname="org.springframework.beans.BeanWrapperGenericsTests" time="0.002"/>
  <testcase name="testGenericLowerBoundedSet()" classname="org.springframework.beans.BeanWrapperGenericsTests" time="0.001"/>
  <testcase name="testSettingGenericPropertyWithReadOnlyInterface()" classname="org.springframework.beans.BeanWrapperGenericsTests" time="0.015"/>
  <testcase name="testComplexDerivedIndexedMapEntry()" classname="org.springframework.beans.BeanWrapperGenericsTests" time="0.001"/>
  <testcase name="testGenericMapWithKeyType()" classname="org.springframework.beans.BeanWrapperGenericsTests" time="0.004"/>
  <testcase name="testGenericTypeNestingMapOfListOfListOfInteger()" classname="org.springframework.beans.BeanWrapperGenericsTests" time="0.008"/>
  <testcase name="testComplexGenericIndexedMapEntry()" classname="org.springframework.beans.BeanWrapperGenericsTests" time="0.0"/>
  <testcase name="testGenericMapElement()" classname="org.springframework.beans.BeanWrapperGenericsTests" time="0.001"/>
  <testcase name="testGenericMapOfLists()" classname="org.springframework.beans.BeanWrapperGenericsTests" time="0.002"/>
  <testcase name="testGenericMapOfMaps()" classname="org.springframework.beans.BeanWrapperGenericsTests" time="0.003"/>
  <testcase name="testGenericSetWithConversionFailure()" classname="org.springframework.beans.BeanWrapperGenericsTests" time="0.003"/>
  <testcase name="testUntypedPropertyWithMapAtRuntime()" classname="org.springframework.beans.BeanWrapperGenericsTests" time="0.046"/>
  <testcase name="testGenericMapElementWithCollectionValue()" classname="org.springframework.beans.BeanWrapperGenericsTests" time="0.0"/>
  <testcase name="testGenericTypeNestingMapOfListOfInteger()" classname="org.springframework.beans.BeanWrapperGenericsTests" time="0.001"/>
  <testcase name="testGenericMap()" classname="org.springframework.beans.BeanWrapperGenericsTests" time="0.001"/>
  <testcase name="testGenericSet()" classname="org.springframework.beans.BeanWrapperGenericsTests" time="0.002"/>
  <testcase name="testGenericMapFromProperties()" classname="org.springframework.beans.BeanWrapperGenericsTests" time="0.003"/>
  <testcase name="testGenericallyTypedSetOfIntegerBean()" classname="org.springframework.beans.BeanWrapperGenericsTests" time="0.008"/>
  <testcase name="testGenericallyTypedIntegerBean()" classname="org.springframework.beans.BeanWrapperGenericsTests" time="0.004"/>
  <testcase name="testGenericListOfArraysWithElementConversion()" classname="org.springframework.beans.BeanWrapperGenericsTests" time="0.002"/>
  <testcase name="testComplexGenericMapWithCollectionConversion()" classname="org.springframework.beans.BeanWrapperGenericsTests" time="0.001"/>
  <testcase name="testGenericTypeNestingMapOfInteger()" classname="org.springframework.beans.BeanWrapperGenericsTests" time="0.001"/>
  <testcase name="testGenericTypeNestingListOfMapOfInteger()" classname="org.springframework.beans.BeanWrapperGenericsTests" time="0.001"/>
  <testcase name="testGenericList()" classname="org.springframework.beans.BeanWrapperGenericsTests" time="0.023"/>
  <testcase name="testGenericListOfMaps()" classname="org.springframework.beans.BeanWrapperGenericsTests" time="0.002"/>
  <testcase name="testGenericListOfMapsWithElementConversion()" classname="org.springframework.beans.BeanWrapperGenericsTests" time="0.002"/>
  <testcase name="testComplexDerivedIndexedMapEntryWithCollectionConversion()" classname="org.springframework.beans.BeanWrapperGenericsTests" time="0.0"/>
  <testcase name="testGenericMapElementWithKeyType()" classname="org.springframework.beans.BeanWrapperGenericsTests" time="0.003"/>
  <testcase name="testGenericMapOfListsWithElementConversion()" classname="org.springframework.beans.BeanWrapperGenericsTests" time="0.001"/>
  <testcase name="testGenericListOfListsWithElementConversion()" classname="org.springframework.beans.BeanWrapperGenericsTests" time="0.001"/>
  <testcase name="testGenericListOfArrays()" classname="org.springframework.beans.BeanWrapperGenericsTests" time="0.002"/>
  <testcase name="testGenericListElement()" classname="org.springframework.beans.BeanWrapperGenericsTests" time="0.004"/>
  <testcase name="testGenericListOfLists()" classname="org.springframework.beans.BeanWrapperGenericsTests" time="0.0"/>
  <testcase name="testGenericMapWithCollectionValue()" classname="org.springframework.beans.BeanWrapperGenericsTests" time="0.0"/>
  <testcase name="testSettingLongPropertyWithGenericInterface()" classname="org.springframework.beans.BeanWrapperGenericsTests" time="0.008"/>
  <system-out><![CDATA[]]></system-out>
  <system-err><![CDATA[]]></system-err>
</testsuite>
