<?xml version="1.0" encoding="UTF-8"?>
<testsuite name="org.springframework.beans.factory.xml.SimpleConstructorNamespaceHandlerTests" tests="8" skipped="0" failures="0" errors="0" timestamp="2023-03-06T04:33:44" hostname="DESKTOP-VGJP1PJ" time="0.233">
  <properties/>
  <testcase name="simpleRef()" classname="org.springframework.beans.factory.xml.SimpleConstructorNamespaceHandlerTests" time="0.141"/>
  <testcase name="simpleValue()" classname="org.springframework.beans.factory.xml.SimpleConstructorNamespaceHandlerTests" time="0.011"/>
  <testcase name="typeIndexedRef()" classname="org.springframework.beans.factory.xml.SimpleConstructorNamespaceHandlerTests" time="0.013"/>
  <testcase name="constructorWithNameEndingInRef()" classname="org.springframework.beans.factory.xml.SimpleConstructorNamespaceHandlerTests" time="0.009"/>
  <testcase name="ambiguousConstructor()" classname="org.springframework.beans.factory.xml.SimpleConstructorNamespaceHandlerTests" time="0.016"/>
  <testcase name="typeIndexedValue()" classname="org.springframework.beans.factory.xml.SimpleConstructorNamespaceHandlerTests" time="0.015"/>
  <testcase name="nameValue()" classname="org.springframework.beans.factory.xml.SimpleConstructorNamespaceHandlerTests" time="0.009"/>
  <testcase name="nameRef()" classname="org.springframework.beans.factory.xml.SimpleConstructorNamespaceHandlerTests" time="0.015"/>
  <system-out><![CDATA[]]></system-out>
  <system-err><![CDATA[]]></system-err>
</testsuite>
