<?xml version="1.0" encoding="UTF-8"?>
<testsuite name="org.springframework.beans.factory.xml.EventPublicationTests" tests="4" skipped="0" failures="0" errors="0" timestamp="2023-03-06T04:33:42" hostname="DESKTOP-VGJP1PJ" time="0.068">
  <properties/>
  <testcase name="beanEventReceived()" classname="org.springframework.beans.factory.xml.EventPublicationTests" time="0.024"/>
  <testcase name="importEventReceived()" classname="org.springframework.beans.factory.xml.EventPublicationTests" time="0.01"/>
  <testcase name="aliasEventReceived()" classname="org.springframework.beans.factory.xml.EventPublicationTests" time="0.009"/>
  <testcase name="defaultsEventReceived()" classname="org.springframework.beans.factory.xml.EventPublicationTests" time="0.022"/>
  <system-out><![CDATA[]]></system-out>
  <system-err><![CDATA[]]></system-err>
</testsuite>
