<?xml version="1.0" encoding="UTF-8"?>
<testsuite name="org.springframework.beans.ExtendedBeanInfoTests" tests="39" skipped="0" failures="0" errors="0" timestamp="2023-03-06T04:33:31" hostname="DESKTOP-VGJP1PJ" time="0.654">
  <properties/>
  <testcase name="indexedReadAndIndexedWriteMethods()" classname="org.springframework.beans.ExtendedBeanInfoTests" time="0.045"/>
  <testcase name="nonStandardReadMethodAndStandardWriteMethod()" classname="org.springframework.beans.ExtendedBeanInfoTests" time="0.016"/>
  <testcase name="cornerSpr8949()" classname="org.springframework.beans.ExtendedBeanInfoTests" time="0.005"/>
  <testcase name="cornerSpr9414()" classname="org.springframework.beans.ExtendedBeanInfoTests" time="0.014"/>
  <testcase name="cornerSpr9453()" classname="org.springframework.beans.ExtendedBeanInfoTests" time="0.005"/>
  <testcase name="cornerSpr9702()" classname="org.springframework.beans.ExtendedBeanInfoTests" time="0.017"/>
  <testcase name="nonPublicStandardReadAndWriteMethods()" classname="org.springframework.beans.ExtendedBeanInfoTests" time="0.005"/>
  <testcase name="indexedReadAndNonStandardWriteAndNonStandardIndexedWrite()" classname="org.springframework.beans.ExtendedBeanInfoTests" time="0.005"/>
  <testcase name="standardReadMethodsAndOverloadedNonStandardWriteMethods()" classname="org.springframework.beans.ExtendedBeanInfoTests" time="0.008"/>
  <testcase name="indexedReadMethodReturnsSubtypeOfIndexedWriteMethodParameter()" classname="org.springframework.beans.ExtendedBeanInfoTests" time="0.004"/>
  <testcase name="standardReadAndNonStandardWriteMethods()" classname="org.springframework.beans.ExtendedBeanInfoTests" time="0.004"/>
  <testcase name="indexedWriteMethodOnly()" classname="org.springframework.beans.ExtendedBeanInfoTests" time="0.016"/>
  <testcase name="cornerSpr8937AndSpr12582()" classname="org.springframework.beans.ExtendedBeanInfoTests" time="0.007"/>
  <testcase name="propertyCountsWithNonStandardWriteMethod()" classname="org.springframework.beans.ExtendedBeanInfoTests" time="0.007"/>
  <testcase name="readAndWriteAndIndexedReadAndIndexedWriteMethods()" classname="org.springframework.beans.ExtendedBeanInfoTests" time="0.006"/>
  <testcase name="standardWriteMethodOnly()" classname="org.springframework.beans.ExtendedBeanInfoTests" time="0.003"/>
  <testcase name="indexedReadMethodReturnsSupertypeOfIndexedWriteMethodParameter()" classname="org.springframework.beans.ExtendedBeanInfoTests" time="0.011"/>
  <testcase name="propertyCountsMatch()" classname="org.springframework.beans.ExtendedBeanInfoTests" time="0.004"/>
  <testcase name="standardReadMethodOnly()" classname="org.springframework.beans.ExtendedBeanInfoTests" time="0.167"/>
  <testcase name="shouldDetectValidPropertiesAndIgnoreInvalidProperties()" classname="org.springframework.beans.ExtendedBeanInfoTests" time="0.059"/>
  <testcase name="nonStandardWriteMethodOnly()" classname="org.springframework.beans.ExtendedBeanInfoTests" time="0.005"/>
  <testcase name="reproSpr8522()" classname="org.springframework.beans.ExtendedBeanInfoTests" time="0.03"/>
  <testcase name="reproSpr8806()" classname="org.springframework.beans.ExtendedBeanInfoTests" time="0.006"/>
  <testcase name="standardReadAndWriteMethods()" classname="org.springframework.beans.ExtendedBeanInfoTests" time="0.051"/>
  <testcase name="standardReadAndNonStandardIndexedWriteMethod()" classname="org.springframework.beans.ExtendedBeanInfoTests" time="0.005"/>
  <testcase name="indexedReadAndNonStandardIndexedWrite()" classname="org.springframework.beans.ExtendedBeanInfoTests" time="0.033"/>
  <testcase name="overloadedNonStandardWriteMethodsOnly_orderA()" classname="org.springframework.beans.ExtendedBeanInfoTests" time="0.007"/>
  <testcase name="overloadedNonStandardWriteMethodsOnly_orderB()" classname="org.springframework.beans.ExtendedBeanInfoTests" time="0.004"/>
  <testcase name="propertyDescriptorComparator()" classname="org.springframework.beans.ExtendedBeanInfoTests" time="0.005"/>
  <testcase name="cornerSpr10111()" classname="org.springframework.beans.ExtendedBeanInfoTests" time="0.002"/>
  <testcase name="readMethodReturnsSubtypeOfWriteMethodParameter()" classname="org.springframework.beans.ExtendedBeanInfoTests" time="0.005"/>
  <testcase name="propertyDescriptorOrderIsEqual()" classname="org.springframework.beans.ExtendedBeanInfoTests" time="0.001"/>
  <testcase name="standardReadMethodInSuperclassAndNonStandardWriteMethodInSubclass()" classname="org.springframework.beans.ExtendedBeanInfoTests" time="0.006"/>
  <testcase name="standardReadMethodInSuperAndSubclassesAndGenericBuilderStyleNonStandardWriteMethodInSuperAndSubclasses()" classname="org.springframework.beans.ExtendedBeanInfoTests" time="0.007"/>
  <testcase name="indexedReadMethodOnly()" classname="org.springframework.beans.ExtendedBeanInfoTests" time="0.003"/>
  <testcase name="subclassWriteMethodWithCovariantReturnType()" classname="org.springframework.beans.ExtendedBeanInfoTests" time="0.006"/>
  <testcase name="shouldSupportStaticWriteMethod()" classname="org.springframework.beans.ExtendedBeanInfoTests" time="0.003"/>
  <testcase name="emptyPropertiesIgnored()" classname="org.springframework.beans.ExtendedBeanInfoTests" time="0.003"/>
  <testcase name="readMethodReturnsSupertypeOfWriteMethodParameter()" classname="org.springframework.beans.ExtendedBeanInfoTests" time="0.004"/>
  <system-out><![CDATA[]]></system-out>
  <system-err><![CDATA[]]></system-err>
</testsuite>
