<?xml version="1.0" encoding="UTF-8"?>
<testsuite name="org.springframework.beans.SimplePropertyDescriptorTests" tests="3" skipped="0" failures="0" errors="0" timestamp="2023-03-06T04:33:47" hostname="DESKTOP-VGJP1PJ" time="0.104">
  <properties/>
  <testcase name="toStringOutput()" classname="org.springframework.beans.SimplePropertyDescriptorTests" time="0.07"/>
  <testcase name="indexedEquality()" classname="org.springframework.beans.SimplePropertyDescriptorTests" time="0.033"/>
  <testcase name="nonIndexedEquality()" classname="org.springframework.beans.SimplePropertyDescriptorTests" time="0.001"/>
  <system-out><![CDATA[]]></system-out>
  <system-err><![CDATA[]]></system-err>
</testsuite>
