<?xml version="1.0" encoding="UTF-8"?>
<testsuite name="org.springframework.beans.propertyeditors.CharArrayPropertyEditorTests" tests="2" skipped="0" failures="0" errors="0" timestamp="2023-03-06T04:33:46" hostname="DESKTOP-VGJP1PJ" time="0.004">
  <properties/>
  <testcase name="getAsTextReturnsEmptyStringIfValueIsNull()" classname="org.springframework.beans.propertyeditors.CharArrayPropertyEditorTests" time="0.0"/>
  <testcase name="sunnyDaySetAsText()" classname="org.springframework.beans.propertyeditors.CharArrayPropertyEditorTests" time="0.003"/>
  <system-out><![CDATA[]]></system-out>
  <system-err><![CDATA[]]></system-err>
</testsuite>
