<?xml version="1.0" encoding="UTF-8"?>
<testsuite name="org.springframework.beans.factory.xml.FactoryMethodTests" tests="18" skipped="0" failures="0" errors="0" timestamp="2023-03-06T04:33:42" hostname="DESKTOP-VGJP1PJ" time="0.515">
  <properties/>
  <testcase name="testFactoryMethodForJavaMailSession()" classname="org.springframework.beans.factory.xml.FactoryMethodTests" time="0.041"/>
  <testcase name="testCanSpecifyFactoryMethodArgumentsOnSingleton()" classname="org.springframework.beans.factory.xml.FactoryMethodTests" time="0.015"/>
  <testcase name="testFactoryMethodWithDifferentReturnType()" classname="org.springframework.beans.factory.xml.FactoryMethodTests" time="0.082"/>
  <testcase name="testFactoryMethodsOnExternalClass()" classname="org.springframework.beans.factory.xml.FactoryMethodTests" time="0.09"/>
  <testcase name="testFactoryMethodsSingletonOnTargetClass()" classname="org.springframework.beans.factory.xml.FactoryMethodTests" time="0.027"/>
  <testcase name="testFactoryMethodsPrototypeOnTargetClass()" classname="org.springframework.beans.factory.xml.FactoryMethodTests" time="0.016"/>
  <testcase name="testFactoryMethodsWithAutowire()" classname="org.springframework.beans.factory.xml.FactoryMethodTests" time="0.044"/>
  <testcase name="testFactoryMethodArgumentsForNonExistingMethod()" classname="org.springframework.beans.factory.xml.FactoryMethodTests" time="0.034"/>
  <testcase name="testFactoryMethodsWithNullValue()" classname="org.springframework.beans.factory.xml.FactoryMethodTests" time="0.022"/>
  <testcase name="testNonExistingFactoryMethod()" classname="org.springframework.beans.factory.xml.FactoryMethodTests" time="0.015"/>
  <testcase name="testFactoryMethodsWithNullInstance()" classname="org.springframework.beans.factory.xml.FactoryMethodTests" time="0.019"/>
  <testcase name="testInstanceFactoryMethodWithoutArgs()" classname="org.springframework.beans.factory.xml.FactoryMethodTests" time="0.021"/>
  <testcase name="testPrivateFactoryMethod()" classname="org.springframework.beans.factory.xml.FactoryMethodTests" time="0.011"/>
  <testcase name="testFactoryMethodsWithInvalidDestroyMethod()" classname="org.springframework.beans.factory.xml.FactoryMethodTests" time="0.014"/>
  <testcase name="testProtectedFactoryMethod()" classname="org.springframework.beans.factory.xml.FactoryMethodTests" time="0.016"/>
  <testcase name="testCannotSpecifyFactoryMethodArgumentsOnSingletonAfterCreation()" classname="org.springframework.beans.factory.xml.FactoryMethodTests" time="0.01"/>
  <testcase name="testCanSpecifyFactoryMethodArgumentsOnFactoryMethodPrototype()" classname="org.springframework.beans.factory.xml.FactoryMethodTests" time="0.014"/>
  <testcase name="testFactoryMethodNoMatchingStaticMethod()" classname="org.springframework.beans.factory.xml.FactoryMethodTests" time="0.01"/>
  <system-out><![CDATA[]]></system-out>
  <system-err><![CDATA[]]></system-err>
</testsuite>
