<?xml version="1.0" encoding="UTF-8"?>
<testsuite name="org.springframework.beans.propertyeditors.CustomEditorTests" tests="62" skipped="0" failures="0" errors="0" timestamp="2023-03-06T04:33:46" hostname="DESKTOP-VGJP1PJ" time="0.767">
  <properties/>
  <testcase name="testCustomBooleanEditorWithSpecialTrueAndFalseStrings()" classname="org.springframework.beans.propertyeditors.CustomEditorTests" time="0.0"/>
  <testcase name="testIndexedPropertiesWithCustomEditorForProperty()" classname="org.springframework.beans.propertyeditors.CustomEditorTests" time="0.051"/>
  <testcase name="testCustomDateEditorWithExactDateLength()" classname="org.springframework.beans.propertyeditors.CustomEditorTests" time="0.001"/>
  <testcase name="testClassEditor()" classname="org.springframework.beans.propertyeditors.CustomEditorTests" time="0.0"/>
  <testcase name="testGetAsTextWithTwoDimensionalArray()" classname="org.springframework.beans.propertyeditors.CustomEditorTests" time="0.0"/>
  <testcase name="testNestedIndexedPropertiesWithCustomEditorForProperty()" classname="org.springframework.beans.propertyeditors.CustomEditorTests" time="0.135"/>
  <testcase name="testStringTrimmerEditorWithCharsToDeleteAndEmptyAsNull()" classname="org.springframework.beans.propertyeditors.CustomEditorTests" time="0.001"/>
  <testcase name="testCustomNumberEditorWithAllowEmpty()" classname="org.springframework.beans.propertyeditors.CustomEditorTests" time="0.003"/>
  <testcase name="testIndexedPropertiesWithDirectAccessAndPropertyEditors()" classname="org.springframework.beans.propertyeditors.CustomEditorTests" time="0.146"/>
  <testcase name="testCustomEditorForAllNestedStringProperties()" classname="org.springframework.beans.propertyeditors.CustomEditorTests" time="0.011"/>
  <testcase name="testCustomEditorForSingleNestedProperty()" classname="org.springframework.beans.propertyeditors.CustomEditorTests" time="0.011"/>
  <testcase name="testDefaultBooleanEditorForPrimitiveType()" classname="org.springframework.beans.propertyeditors.CustomEditorTests" time="0.002"/>
  <testcase name="testArrayToArrayConversion()" classname="org.springframework.beans.propertyeditors.CustomEditorTests" time="0.045"/>
  <testcase name="testDefaultBooleanEditorForWrapperType()" classname="org.springframework.beans.propertyeditors.CustomEditorTests" time="0.001"/>
  <testcase name="testDefaultNumberEditor()" classname="org.springframework.beans.propertyeditors.CustomEditorTests" time="0.003"/>
  <testcase name="testClassArrayEditorSunnyDayWithArrayTypes()" classname="org.springframework.beans.propertyeditors.CustomEditorTests" time="0.001"/>
  <testcase name="testUninitializedArrayPropertyWithCustomEditor()" classname="org.springframework.beans.propertyeditors.CustomEditorTests" time="0.002"/>
  <testcase name="testNestedIndexedPropertiesWithIndexedCustomEditorForProperty()" classname="org.springframework.beans.propertyeditors.CustomEditorTests" time="0.041"/>
  <testcase name="testClassEditorWithArray()" classname="org.springframework.beans.propertyeditors.CustomEditorTests" time="0.0"/>
  <testcase name="testCustomDateEditor()" classname="org.springframework.beans.propertyeditors.CustomEditorTests" time="0.0"/>
  <testcase name="testPatternEditor()" classname="org.springframework.beans.propertyeditors.CustomEditorTests" time="0.0"/>
  <testcase name="testIndexedPropertiesWithDirectAccessAndSpecificPropertyEditors()" classname="org.springframework.beans.propertyeditors.CustomEditorTests" time="0.101"/>
  <testcase name="testLocaleEditor()" classname="org.springframework.beans.propertyeditors.CustomEditorTests" time="0.001"/>
  <testcase name="testCustomNumberEditorWithEmptyAsNull()" classname="org.springframework.beans.propertyeditors.CustomEditorTests" time="0.0"/>
  <testcase name="testCustomNumberEditorWithoutAllowEmpty()" classname="org.springframework.beans.propertyeditors.CustomEditorTests" time="0.001"/>
  <testcase name="testStringTrimmerEditor()" classname="org.springframework.beans.propertyeditors.CustomEditorTests" time="0.0"/>
  <testcase name="testByteArrayPropertyEditor()" classname="org.springframework.beans.propertyeditors.CustomEditorTests" time="0.004"/>
  <testcase name="testCharacterEditorWithAllowEmpty()" classname="org.springframework.beans.propertyeditors.CustomEditorTests" time="0.005"/>
  <testcase name="testIndexedPropertiesWithCustomEditorForType()" classname="org.springframework.beans.propertyeditors.CustomEditorTests" time="0.012"/>
  <testcase name="testIndexedPropertiesWithIndividualCustomEditorForProperty()" classname="org.springframework.beans.propertyeditors.CustomEditorTests" time="0.057"/>
  <testcase name="testCustomNumberEditorWithHex()" classname="org.springframework.beans.propertyeditors.CustomEditorTests" time="0.0"/>
  <testcase name="testCustomDateEditorWithEmptyAsNull()" classname="org.springframework.beans.propertyeditors.CustomEditorTests" time="0.0"/>
  <testcase name="testComplexObjectWithOldValueAccess()" classname="org.springframework.beans.propertyeditors.CustomEditorTests" time="0.001"/>
  <testcase name="testClassArrayEditorSetAsTextWithNull()" classname="org.springframework.beans.propertyeditors.CustomEditorTests" time="0.001"/>
  <testcase name="testCharacterEditorGetAsTextReturnsEmptyStringIfValueIsNull()" classname="org.springframework.beans.propertyeditors.CustomEditorTests" time="0.0"/>
  <testcase name="testCharsetEditor()" classname="org.springframework.beans.propertyeditors.CustomEditorTests" time="0.001"/>
  <testcase name="testParseShortGreaterThanMaxValueWithoutNumberFormat()" classname="org.springframework.beans.propertyeditors.CustomEditorTests" time="0.0"/>
  <testcase name="testStringTrimmerEditorWithCharsToDelete()" classname="org.springframework.beans.propertyeditors.CustomEditorTests" time="0.001"/>
  <testcase name="testCustomBooleanEditor()" classname="org.springframework.beans.propertyeditors.CustomEditorTests" time="0.0"/>
  <testcase name="testCharacterEditorSetAsTextWithStringLongerThanOneCharacter()" classname="org.springframework.beans.propertyeditors.CustomEditorTests" time="0.0"/>
  <testcase name="testCharArrayPropertyEditor()" classname="org.springframework.beans.propertyeditors.CustomEditorTests" time="0.001"/>
  <testcase name="testFileEditorWithAbsolutePath()" classname="org.springframework.beans.propertyeditors.CustomEditorTests" time="0.004"/>
  <testcase name="testConversionToOldCollections()" classname="org.springframework.beans.propertyeditors.CustomEditorTests" time="0.005"/>
  <testcase name="testCustomNumberEditorWithFrenchBigDecimal()" classname="org.springframework.beans.propertyeditors.CustomEditorTests" time="0.004"/>
  <testcase name="testFileEditor()" classname="org.springframework.beans.propertyeditors.CustomEditorTests" time="0.002"/>
  <testcase name="testComplexObject()" classname="org.springframework.beans.propertyeditors.CustomEditorTests" time="0.001"/>
  <testcase name="testGetAsTextWithRidiculousMultiDimensionalArray()" classname="org.springframework.beans.propertyeditors.CustomEditorTests" time="0.0"/>
  <testcase name="testCustomNumberEditor()" classname="org.springframework.beans.propertyeditors.CustomEditorTests" time="0.0"/>
  <testcase name="testClassArrayEditorSetAsTextWithEmptyString()" classname="org.springframework.beans.propertyeditors.CustomEditorTests" time="0.0"/>
  <testcase name="testCustomBooleanEditorWithEmptyAsNull()" classname="org.springframework.beans.propertyeditors.CustomEditorTests" time="0.0"/>
  <testcase name="testClassArrayEditorSunnyDay()" classname="org.springframework.beans.propertyeditors.CustomEditorTests" time="0.001"/>
  <testcase name="testCustomEditorForAllStringProperties()" classname="org.springframework.beans.propertyeditors.CustomEditorTests" time="0.044"/>
  <testcase name="testIndexedPropertiesWithListPropertyEditor()" classname="org.springframework.beans.propertyeditors.CustomEditorTests" time="0.012"/>
  <testcase name="testCustomBooleanEditorWithAllowEmpty()" classname="org.springframework.beans.propertyeditors.CustomEditorTests" time="0.001"/>
  <testcase name="testStringTrimmerEditorWithEmptyAsNull()" classname="org.springframework.beans.propertyeditors.CustomEditorTests" time="0.0"/>
  <testcase name="testCharacterEditor()" classname="org.springframework.beans.propertyeditors.CustomEditorTests" time="0.001"/>
  <testcase name="testFileEditorWithRelativePath()" classname="org.springframework.beans.propertyeditors.CustomEditorTests" time="0.002"/>
  <testcase name="testCustomEditorForSingleProperty()" classname="org.springframework.beans.propertyeditors.CustomEditorTests" time="0.01"/>
  <testcase name="testClassEditorWithNonExistentClass()" classname="org.springframework.beans.propertyeditors.CustomEditorTests" time="0.003"/>
  <testcase name="testCharacterEditorSetAsTextWithNullNotAllowingEmptyAsNull()" classname="org.springframework.beans.propertyeditors.CustomEditorTests" time="0.001"/>
  <testcase name="testClassArrayEditorSetAsTextWithWhitespaceString()" classname="org.springframework.beans.propertyeditors.CustomEditorTests" time="0.0"/>
  <testcase name="testArrayToStringConversion()" classname="org.springframework.beans.propertyeditors.CustomEditorTests" time="0.011"/>
  <system-out><![CDATA[]]></system-out>
  <system-err><![CDATA[]]></system-err>
</testsuite>
