<?xml version="1.0" encoding="UTF-8"?>
<testsuite name="org.springframework.beans.factory.parsing.FailFastProblemReporterTests" tests="2" skipped="0" failures="0" errors="0" timestamp="2023-03-06T04:33:40" hostname="DESKTOP-VGJP1PJ" time="0.059">
  <properties/>
  <testcase name="testError()" classname="org.springframework.beans.factory.parsing.FailFastProblemReporterTests" time="0.002"/>
  <testcase name="testWarn()" classname="org.springframework.beans.factory.parsing.FailFastProblemReporterTests" time="0.057"/>
  <system-out><![CDATA[]]></system-out>
  <system-err><![CDATA[]]></system-err>
</testsuite>
