<?xml version="1.0" encoding="UTF-8"?>
<testsuite name="org.springframework.beans.factory.xml.BeanNameGenerationTests" tests="1" skipped="0" failures="0" errors="0" timestamp="2023-03-06T04:33:42" hostname="DESKTOP-VGJP1PJ" time="0.046">
  <properties/>
  <testcase name="naming()" classname="org.springframework.beans.factory.xml.BeanNameGenerationTests" time="0.046"/>
  <system-out><![CDATA[]]></system-out>
  <system-err><![CDATA[]]></system-err>
</testsuite>
