<?xml version="1.0" encoding="UTF-8"?>
<testsuite name="org.springframework.beans.factory.config.CustomEditorConfigurerTests" tests="3" skipped="0" failures="0" errors="0" timestamp="2023-03-06T04:33:38" hostname="DESKTOP-VGJP1PJ" time="0.244">
  <properties/>
  <testcase name="testCustomEditorConfigurerWithPropertyEditorRegistrar()" classname="org.springframework.beans.factory.config.CustomEditorConfigurerTests" time="0.241"/>
  <testcase name="testCustomEditorConfigurerWithEditorAsClass()" classname="org.springframework.beans.factory.config.CustomEditorConfigurerTests" time="0.001"/>
  <testcase name="testCustomEditorConfigurerWithRequiredTypeArray()" classname="org.springframework.beans.factory.config.CustomEditorConfigurerTests" time="0.001"/>
  <system-out><![CDATA[]]></system-out>
  <system-err><![CDATA[]]></system-err>
</testsuite>
