<?xml version="1.0" encoding="UTF-8"?>
<testsuite name="org.springframework.beans.factory.config.ObjectFactoryCreatingFactoryBeanTests" tests="9" skipped="0" failures="0" errors="0" timestamp="2023-03-06T04:33:38" hostname="DESKTOP-VGJP1PJ" time="0.152">
  <properties/>
  <testcase name="testWhenTargetBeanNameIsEmptyString()" classname="org.springframework.beans.factory.config.ObjectFactoryCreatingFactoryBeanTests" time="0.01"/>
  <testcase name="testWhenTargetBeanNameIsNull()" classname="org.springframework.beans.factory.config.ObjectFactoryCreatingFactoryBeanTests" time="0.008"/>
  <testcase name="testFactoryOperation()" classname="org.springframework.beans.factory.config.ObjectFactoryCreatingFactoryBeanTests" time="0.014"/>
  <testcase name="testProviderSerialization()" classname="org.springframework.beans.factory.config.ObjectFactoryCreatingFactoryBeanTests" time="0.026"/>
  <testcase name="testDoesNotComplainWhenTargetBeanNameRefersToSingleton()" classname="org.springframework.beans.factory.config.ObjectFactoryCreatingFactoryBeanTests" time="0.07"/>
  <testcase name="testWhenTargetBeanNameIsWhitespacedString()" classname="org.springframework.beans.factory.config.ObjectFactoryCreatingFactoryBeanTests" time="0.005"/>
  <testcase name="testFactorySerialization()" classname="org.springframework.beans.factory.config.ObjectFactoryCreatingFactoryBeanTests" time="0.006"/>
  <testcase name="testEnsureOFBFBReportsThatItActuallyCreatesObjectFactoryInstances()" classname="org.springframework.beans.factory.config.ObjectFactoryCreatingFactoryBeanTests" time="0.005"/>
  <testcase name="testProviderOperation()" classname="org.springframework.beans.factory.config.ObjectFactoryCreatingFactoryBeanTests" time="0.006"/>
  <system-out><![CDATA[]]></system-out>
  <system-err><![CDATA[]]></system-err>
</testsuite>
