<?xml version="1.0" encoding="UTF-8"?>
<testsuite name="org.springframework.beans.factory.config.SimpleScopeTests" tests="1" skipped="0" failures="0" errors="0" timestamp="2023-03-06T04:33:38" hostname="DESKTOP-VGJP1PJ" time="0.016">
  <properties/>
  <testcase name="testCanGetScopedObject()" classname="org.springframework.beans.factory.config.SimpleScopeTests" time="0.016"/>
  <system-out><![CDATA[]]></system-out>
  <system-err><![CDATA[]]></system-err>
</testsuite>
