<?xml version="1.0" encoding="UTF-8"?>
<testsuite name="org.springframework.beans.factory.xml.XmlBeanDefinitionReaderTests" tests="10" skipped="0" failures="0" errors="0" timestamp="2023-03-06T04:33:45" hostname="DESKTOP-VGJP1PJ" time="0.117">
  <properties/>
  <testcase name="withOpenInputStream()" classname="org.springframework.beans.factory.xml.XmlBeanDefinitionReaderTests" time="0.005"/>
  <testcase name="dtdValidationAutodetect()" classname="org.springframework.beans.factory.xml.XmlBeanDefinitionReaderTests" time="0.006"/>
  <testcase name="withInputSource()" classname="org.springframework.beans.factory.xml.XmlBeanDefinitionReaderTests" time="0.001"/>
  <testcase name="withOpenInputStreamAndExplicitValidationMode()" classname="org.springframework.beans.factory.xml.XmlBeanDefinitionReaderTests" time="0.053"/>
  <testcase name="xsdValidationAutodetect()" classname="org.springframework.beans.factory.xml.XmlBeanDefinitionReaderTests" time="0.011"/>
  <testcase name="withWildcardImport()" classname="org.springframework.beans.factory.xml.XmlBeanDefinitionReaderTests" time="0.012"/>
  <testcase name="withFreshInputStream()" classname="org.springframework.beans.factory.xml.XmlBeanDefinitionReaderTests" time="0.006"/>
  <testcase name="withInputSourceAndExplicitValidationMode()" classname="org.springframework.beans.factory.xml.XmlBeanDefinitionReaderTests" time="0.005"/>
  <testcase name="setParserClassSunnyDay()" classname="org.springframework.beans.factory.xml.XmlBeanDefinitionReaderTests" time="0.001"/>
  <testcase name="withImport()" classname="org.springframework.beans.factory.xml.XmlBeanDefinitionReaderTests" time="0.01"/>
  <system-out><![CDATA[]]></system-out>
  <system-err><![CDATA[]]></system-err>
</testsuite>
