<?xml version="1.0" encoding="UTF-8"?>
<testsuite name="org.springframework.test.web.reactive.server.samples.ExchangeMutatorTests" tests="2" skipped="0" failures="0" errors="0" timestamp="2023-03-06T08:16:57" hostname="DESKTOP-VGJP1PJ" time="0.62">
  <properties/>
  <testcase name="useGloballyConfiguredIdentity()" classname="org.springframework.test.web.reactive.server.samples.ExchangeMutatorTests" time="0.291"/>
  <testcase name="useLocallyConfiguredIdentity()" classname="org.springframework.test.web.reactive.server.samples.ExchangeMutatorTests" time="0.329"/>
  <system-out><![CDATA[]]></system-out>
  <system-err><![CDATA[]]></system-err>
</testsuite>
