<?xml version="1.0" encoding="UTF-8"?>
<testsuite name="org.springframework.test.context.junit.jupiter.nested.NestedTestsWithSqlScriptsAndJUnitJupiterTests" tests="1" skipped="0" failures="0" errors="0" timestamp="2023-03-06T08:16:15" hostname="DESKTOP-VGJP1PJ" time="0.004">
  <properties/>
  <testcase name="sqlScripts()" classname="org.springframework.test.context.junit.jupiter.nested.NestedTestsWithSqlScriptsAndJUnitJupiterTests" time="0.004"/>
  <system-out><![CDATA[]]></system-out>
  <system-err><![CDATA[]]></system-err>
</testsuite>
