<?xml version="1.0" encoding="UTF-8"?>
<testsuite name="org.springframework.test.web.servlet.samples.spr.FormContentTests" tests="1" skipped="0" failures="0" errors="0" timestamp="2023-03-06T08:17:13" hostname="DESKTOP-VGJP1PJ" time="0.153">
  <properties/>
  <testcase name="formContentIsNotDuplicated()" classname="org.springframework.test.web.servlet.samples.spr.FormContentTests" time="0.153"/>
  <system-out><![CDATA[]]></system-out>
  <system-err><![CDATA[]]></system-err>
</testsuite>
