<?xml version="1.0" encoding="UTF-8"?>
<testsuite name="org.springframework.test.web.client.samples.matchers.XpathRequestMatchersIntegrationTests" tests="6" skipped="0" failures="0" errors="0" timestamp="2023-03-06T08:16:53" hostname="DESKTOP-VGJP1PJ" time="0.163">
  <properties/>
  <testcase name="testBoolean()" classname="org.springframework.test.web.client.samples.matchers.XpathRequestMatchersIntegrationTests" time="0.018"/>
  <testcase name="testDoesNotExist()" classname="org.springframework.test.web.client.samples.matchers.XpathRequestMatchersIntegrationTests" time="0.029"/>
  <testcase name="testNodeCount()" classname="org.springframework.test.web.client.samples.matchers.XpathRequestMatchersIntegrationTests" time="0.025"/>
  <testcase name="testExists()" classname="org.springframework.test.web.client.samples.matchers.XpathRequestMatchersIntegrationTests" time="0.025"/>
  <testcase name="testNumber()" classname="org.springframework.test.web.client.samples.matchers.XpathRequestMatchersIntegrationTests" time="0.029"/>
  <testcase name="testString()" classname="org.springframework.test.web.client.samples.matchers.XpathRequestMatchersIntegrationTests" time="0.035"/>
  <system-out><![CDATA[]]></system-out>
  <system-err><![CDATA[]]></system-err>
</testsuite>
