<?xml version="1.0" encoding="UTF-8"?>
<testsuite name="org.springframework.test.context.groovy.GroovyControlGroupTests" tests="1" skipped="0" failures="0" errors="0" timestamp="2023-03-06T08:16:09" hostname="DESKTOP-VGJP1PJ" time="0.122">
  <properties/>
  <testcase name="verifyScriptUsingGenericGroovyApplicationContext()" classname="org.springframework.test.context.groovy.GroovyControlGroupTests" time="0.122"/>
  <system-out><![CDATA[]]></system-out>
  <system-err><![CDATA[]]></system-err>
</testsuite>
