<?xml version="1.0" encoding="UTF-8"?>
<testsuite name="org.springframework.test.context.junit4.nested.NestedTestsWithSpringRulesTests" tests="1" skipped="0" failures="0" errors="0" timestamp="2023-03-06T08:17:42" hostname="DESKTOP-VGJP1PJ" time="0.021">
  <properties/>
  <testcase name="topLevelTest" classname="org.springframework.test.context.junit4.nested.NestedTestsWithSpringRulesTests" time="0.021"/>
  <system-out><![CDATA[]]></system-out>
  <system-err><![CDATA[]]></system-err>
</testsuite>
