<?xml version="1.0" encoding="UTF-8"?>
<testsuite name="org.springframework.test.context.junit4.ExpectedExceptionSpringRunnerTests" tests="1" skipped="0" failures="0" errors="0" timestamp="2023-03-06T08:17:41" hostname="DESKTOP-VGJP1PJ" time="0.016">
  <properties/>
  <testcase name="expectedExceptions" classname="org.springframework.test.context.junit4.ExpectedExceptionSpringRunnerTests" time="0.016"/>
  <system-out><![CDATA[]]></system-out>
  <system-err><![CDATA[]]></system-err>
</testsuite>
