<?xml version="1.0" encoding="UTF-8"?>
<testsuite name="org.springframework.test.context.jdbc.TransactionalAfterTestMethodSqlScriptsTests" tests="2" skipped="0" failures="0" errors="0" timestamp="2023-03-06T08:16:13" hostname="DESKTOP-VGJP1PJ" time="0.204">
  <properties/>
  <testcase name="test01()" classname="org.springframework.test.context.jdbc.TransactionalAfterTestMethodSqlScriptsTests" time="0.198"/>
  <testcase name="test02()" classname="org.springframework.test.context.jdbc.TransactionalAfterTestMethodSqlScriptsTests" time="0.006"/>
  <system-out><![CDATA[]]></system-out>
  <system-err><![CDATA[]]></system-err>
</testsuite>
