<?xml version="1.0" encoding="UTF-8"?>
<testsuite name="org.springframework.test.web.reactive.server.DefaultRouterFunctionSpecTests" tests="2" skipped="0" failures="0" errors="0" timestamp="2023-03-06T08:16:55" hostname="DESKTOP-VGJP1PJ" time="0.092">
  <properties/>
  <testcase name="webFilter()" classname="org.springframework.test.web.reactive.server.DefaultRouterFunctionSpecTests" time="0.057"/>
  <testcase name="exceptionHandler()" classname="org.springframework.test.web.reactive.server.DefaultRouterFunctionSpecTests" time="0.035"/>
  <system-out><![CDATA[]]></system-out>
  <system-err><![CDATA[]]></system-err>
</testsuite>
