<?xml version="1.0" encoding="UTF-8"?>
<testsuite name="org.springframework.test.web.servlet.MockMvcReuseTests" tests="2" skipped="0" failures="0" errors="0" timestamp="2023-03-06T08:17:11" hostname="DESKTOP-VGJP1PJ" time="0.011">
  <properties/>
  <testcase name="requestParametersAreClearedBetweenInvocations()" classname="org.springframework.test.web.servlet.MockMvcReuseTests" time="0.004"/>
  <testcase name="sessionAttributesAreClearedBetweenInvocations()" classname="org.springframework.test.web.servlet.MockMvcReuseTests" time="0.006"/>
  <system-out><![CDATA[]]></system-out>
  <system-err><![CDATA[]]></system-err>
</testsuite>
