<?xml version="1.0" encoding="UTF-8"?>
<testsuite name="org.springframework.test.context.junit.jupiter.web.MultipleWebRequestsSpringExtensionTests" tests="2" skipped="0" failures="0" errors="0" timestamp="2023-03-06T08:16:30" hostname="DESKTOP-VGJP1PJ" time="0.928">
  <properties/>
  <testcase name="getPerson42()" classname="org.springframework.test.context.junit.jupiter.web.MultipleWebRequestsSpringExtensionTests" time="0.923"/>
  <testcase name="getPerson99()" classname="org.springframework.test.context.junit.jupiter.web.MultipleWebRequestsSpringExtensionTests" time="0.003"/>
  <system-out><![CDATA[]]></system-out>
  <system-err><![CDATA[]]></system-err>
</testsuite>
