<?xml version="1.0" encoding="UTF-8"?>
<testsuite name="org.springframework.test.web.client.DefaultRequestExpectationTests" tests="4" skipped="0" failures="0" errors="0" timestamp="2023-03-06T08:16:52" hostname="DESKTOP-VGJP1PJ" time="0.057">
  <properties/>
  <testcase name="hasRemainingCount()" classname="org.springframework.test.web.client.DefaultRequestExpectationTests" time="0.054"/>
  <testcase name="isSatisfied()" classname="org.springframework.test.web.client.DefaultRequestExpectationTests" time="0.0"/>
  <testcase name="match()" classname="org.springframework.test.web.client.DefaultRequestExpectationTests" time="0.002"/>
  <testcase name="matchWithFailedExpectation()" classname="org.springframework.test.web.client.DefaultRequestExpectationTests" time="0.001"/>
  <system-out><![CDATA[]]></system-out>
  <system-err><![CDATA[]]></system-err>
</testsuite>
