<?xml version="1.0" encoding="UTF-8"?>
<testsuite name="org.springframework.test.web.servlet.samples.standalone.resultmatchers.CookieAssertionTests" tests="10" skipped="0" failures="0" errors="0" timestamp="2023-03-06T08:17:20" hostname="DESKTOP-VGJP1PJ" time="0.78">
  <properties/>
  <testcase name="testEqualTo()" classname="org.springframework.test.web.servlet.samples.standalone.resultmatchers.CookieAssertionTests" time="0.097"/>
  <testcase name="testPath()" classname="org.springframework.test.web.servlet.samples.standalone.resultmatchers.CookieAssertionTests" time="0.05"/>
  <testcase name="testVersion()" classname="org.springframework.test.web.servlet.samples.standalone.resultmatchers.CookieAssertionTests" time="0.133"/>
  <testcase name="testMatcher()" classname="org.springframework.test.web.servlet.samples.standalone.resultmatchers.CookieAssertionTests" time="0.058"/>
  <testcase name="testHttpOnly()" classname="org.springframework.test.web.servlet.samples.standalone.resultmatchers.CookieAssertionTests" time="0.039"/>
  <testcase name="testDomain()" classname="org.springframework.test.web.servlet.samples.standalone.resultmatchers.CookieAssertionTests" time="0.069"/>
  <testcase name="testExists()" classname="org.springframework.test.web.servlet.samples.standalone.resultmatchers.CookieAssertionTests" time="0.086"/>
  <testcase name="testMaxAge()" classname="org.springframework.test.web.servlet.samples.standalone.resultmatchers.CookieAssertionTests" time="0.138"/>
  <testcase name="testNotExists()" classname="org.springframework.test.web.servlet.samples.standalone.resultmatchers.CookieAssertionTests" time="0.049"/>
  <testcase name="testSecured()" classname="org.springframework.test.web.servlet.samples.standalone.resultmatchers.CookieAssertionTests" time="0.06"/>
  <system-out><![CDATA[]]></system-out>
  <system-err><![CDATA[]]></system-err>
</testsuite>
