<?xml version="1.0" encoding="UTF-8"?>
<testsuite name="org.springframework.test.web.servlet.samples.standalone.RequestParameterTests" tests="1" skipped="0" failures="0" errors="0" timestamp="2023-03-06T08:17:20" hostname="DESKTOP-VGJP1PJ" time="0.022">
  <properties/>
  <testcase name="queryParameter()" classname="org.springframework.test.web.servlet.samples.standalone.RequestParameterTests" time="0.022"/>
  <system-out><![CDATA[]]></system-out>
  <system-err><![CDATA[]]></system-err>
</testsuite>
