<?xml version="1.0" encoding="UTF-8"?>
<testsuite name="org.springframework.test.context.junit4.ConcreteTransactionalJUnit4SpringContextTests" tests="8" skipped="0" failures="0" errors="0" timestamp="2023-03-06T08:17:41" hostname="DESKTOP-VGJP1PJ" time="0.073">
  <properties/>
  <testcase name="verifyResourceAnnotationWiredFields" classname="org.springframework.test.context.junit4.ConcreteTransactionalJUnit4SpringContextTests" time="0.003"/>
  <testcase name="verifyResourceAnnotationWiredMethods" classname="org.springframework.test.context.junit4.ConcreteTransactionalJUnit4SpringContextTests" time="0.009"/>
  <testcase name="verifyApplicationContext" classname="org.springframework.test.context.junit4.ConcreteTransactionalJUnit4SpringContextTests" time="0.003"/>
  <testcase name="verifyBeanInitialized" classname="org.springframework.test.context.junit4.ConcreteTransactionalJUnit4SpringContextTests" time="0.006"/>
  <testcase name="verifyBeanNameSet" classname="org.springframework.test.context.junit4.ConcreteTransactionalJUnit4SpringContextTests" time="0.005"/>
  <testcase name="verifyAnnotationAutowiredFields" classname="org.springframework.test.context.junit4.ConcreteTransactionalJUnit4SpringContextTests" time="0.004"/>
  <testcase name="modifyTestDataWithinTransaction" classname="org.springframework.test.context.junit4.ConcreteTransactionalJUnit4SpringContextTests" time="0.006"/>
  <testcase name="verifyAnnotationAutowiredMethods" classname="org.springframework.test.context.junit4.ConcreteTransactionalJUnit4SpringContextTests" time="0.003"/>
  <system-out><![CDATA[]]></system-out>
  <system-err><![CDATA[]]></system-err>
</testsuite>
