<?xml version="1.0" encoding="UTF-8"?>
<testsuite name="org.springframework.test.context.DynamicPropertySourceIntegrationTests" tests="2" skipped="0" failures="0" errors="0" timestamp="2023-03-06T08:16:02" hostname="DESKTOP-VGJP1PJ" time="0.041">
  <properties/>
  <testcase name="serviceHasInjectedValues(Service)" classname="org.springframework.test.context.DynamicPropertySourceIntegrationTests" time="0.012"/>
  <testcase name="dynamicPropertySourceOverridesTestPropertySourceAndSystemProperty(ConfigurableEnvironment)" classname="org.springframework.test.context.DynamicPropertySourceIntegrationTests" time="0.029"/>
  <system-out><![CDATA[]]></system-out>
  <system-err><![CDATA[]]></system-err>
</testsuite>
