<?xml version="1.0" encoding="UTF-8"?>
<testsuite name="org.springframework.test.web.reactive.server.samples.HeaderAndCookieTests" tests="3" skipped="0" failures="0" errors="0" timestamp="2023-03-06T08:16:58" hostname="DESKTOP-VGJP1PJ" time="0.284">
  <properties/>
  <testcase name="requestResponseHeaderPair()" classname="org.springframework.test.web.reactive.server.samples.HeaderAndCookieTests" time="0.013"/>
  <testcase name="setCookies()" classname="org.springframework.test.web.reactive.server.samples.HeaderAndCookieTests" time="0.009"/>
  <testcase name="headerMultipleValues()" classname="org.springframework.test.web.reactive.server.samples.HeaderAndCookieTests" time="0.016"/>
  <system-out><![CDATA[]]></system-out>
  <system-err><![CDATA[]]></system-err>
</testsuite>
