<?xml version="1.0" encoding="UTF-8"?>
<testsuite name="org.springframework.test.context.env.MergedPropertiesFilesTestPropertySourceTests" tests="2" skipped="0" failures="0" errors="0" timestamp="2023-03-06T08:16:03" hostname="DESKTOP-VGJP1PJ" time="0.006">
  <properties/>
  <testcase name="verifyPropertiesAreAvailableInEnvironment()" classname="org.springframework.test.context.env.MergedPropertiesFilesTestPropertySourceTests" time="0.001"/>
  <testcase name="verifyExtendedPropertiesAreAvailableInEnvironment()" classname="org.springframework.test.context.env.MergedPropertiesFilesTestPropertySourceTests" time="0.003"/>
  <system-out><![CDATA[]]></system-out>
  <system-err><![CDATA[]]></system-err>
</testsuite>
