<?xml version="1.0" encoding="UTF-8"?>
<testsuite name="org.springframework.test.web.servlet.samples.standalone.FilterTests" tests="7" skipped="0" failures="0" errors="0" timestamp="2023-03-06T08:17:15" hostname="DESKTOP-VGJP1PJ" time="0.628">
  <properties/>
  <testcase name="filtersProcessRequest()" classname="org.springframework.test.web.servlet.samples.standalone.FilterTests" time="0.05"/>
  <testcase name="filterMappedBySuffix()" classname="org.springframework.test.web.servlet.samples.standalone.FilterTests" time="0.075"/>
  <testcase name="whenFiltersCompleteMvcProcessesRequest()" classname="org.springframework.test.web.servlet.samples.standalone.FilterTests" time="0.204"/>
  <testcase name="filterWrapsRequestResponseAndPerformsAsyncDispatch()" classname="org.springframework.test.web.servlet.samples.standalone.FilterTests" time="0.051"/>
  <testcase name="filterWrapsRequestResponse()" classname="org.springframework.test.web.servlet.samples.standalone.FilterTests" time="0.078"/>
  <testcase name="filterWithExactMapping()" classname="org.springframework.test.web.servlet.samples.standalone.FilterTests" time="0.087"/>
  <testcase name="filterSkipped()" classname="org.springframework.test.web.servlet.samples.standalone.FilterTests" time="0.065"/>
  <system-out><![CDATA[]]></system-out>
  <system-err><![CDATA[]]></system-err>
</testsuite>
