<?xml version="1.0" encoding="UTF-8"?>
<testsuite name="org.springframework.test.util.XmlExpectationsHelperTests" tests="5" skipped="0" failures="0" errors="0" timestamp="2023-03-06T08:16:49" hostname="DESKTOP-VGJP1PJ" time="2.661">
  <properties/>
  <testcase name="assertXmlEqualForEqual()" classname="org.springframework.test.util.XmlExpectationsHelperTests" time="2.37"/>
  <testcase name="assertXmlEqualExceptionForIncorrectValue()" classname="org.springframework.test.util.XmlExpectationsHelperTests" time="0.094"/>
  <testcase name="assertXmlEqualForOutOfOrder()" classname="org.springframework.test.util.XmlExpectationsHelperTests" time="0.079"/>
  <testcase name="assertXmlEqualExceptionForMoreEntries()" classname="org.springframework.test.util.XmlExpectationsHelperTests" time="0.08"/>
  <testcase name="assertXmlEqualExceptionForLessEntries()" classname="org.springframework.test.util.XmlExpectationsHelperTests" time="0.036"/>
  <system-out><![CDATA[]]></system-out>
  <system-err><![CDATA[]]></system-err>
</testsuite>
