<?xml version="1.0" encoding="UTF-8"?>
<testsuite name="org.springframework.test.web.servlet.htmlunit.DelegatingWebConnectionTests" tests="4" skipped="1" failures="0" errors="0" timestamp="2023-03-06T08:17:01" hostname="DESKTOP-VGJP1PJ" time="0.144">
  <properties/>
  <testcase name="getResponseSecondMatches()" classname="org.springframework.test.web.servlet.htmlunit.DelegatingWebConnectionTests" time="0.139"/>
  <testcase name="getResponseAllMatches()" classname="org.springframework.test.web.servlet.htmlunit.DelegatingWebConnectionTests" time="0.002"/>
  <testcase name="verifyExampleInClassLevelJavadoc()" classname="org.springframework.test.web.servlet.htmlunit.DelegatingWebConnectionTests" time="0.001">
    <skipped/>
  </testcase>
  <testcase name="getResponseDefault()" classname="org.springframework.test.web.servlet.htmlunit.DelegatingWebConnectionTests" time="0.001"/>
  <system-out><![CDATA[]]></system-out>
  <system-err><![CDATA[]]></system-err>
</testsuite>
