<?xml version="1.0" encoding="UTF-8"?>
<testsuite name="org.springframework.test.context.support.CustomizedGenericXmlContextLoaderTests" tests="1" skipped="0" failures="0" errors="0" timestamp="2023-03-06T08:16:31" hostname="DESKTOP-VGJP1PJ" time="0.045">
  <properties/>
  <testcase name="customizeContext()" classname="org.springframework.test.context.support.CustomizedGenericXmlContextLoaderTests" time="0.045"/>
  <system-out><![CDATA[]]></system-out>
  <system-err><![CDATA[]]></system-err>
</testsuite>
