<?xml version="1.0" encoding="UTF-8"?>
<testsuite name="org.springframework.test.context.junit4.profile.importresource.DefaultProfileAnnotationConfigTests" tests="2" skipped="0" failures="0" errors="0" timestamp="2023-03-06T08:17:54" hostname="DESKTOP-VGJP1PJ" time="0.001">
  <properties/>
  <testcase name="pet" classname="org.springframework.test.context.junit4.profile.importresource.DefaultProfileAnnotationConfigTests" time="0.001"/>
  <testcase name="employee" classname="org.springframework.test.context.junit4.profile.importresource.DefaultProfileAnnotationConfigTests" time="0.0"/>
  <system-out><![CDATA[]]></system-out>
  <system-err><![CDATA[]]></system-err>
</testsuite>
