<?xml version="1.0" encoding="UTF-8"?>
<testsuite name="org.springframework.test.web.servlet.DefaultMvcResultTests" tests="2" skipped="0" failures="0" errors="0" timestamp="2023-03-06T08:17:01" hostname="DESKTOP-VGJP1PJ" time="0.003">
  <properties/>
  <testcase name="getAsyncResultSuccess()" classname="org.springframework.test.web.servlet.DefaultMvcResultTests" time="0.001"/>
  <testcase name="getAsyncResultFailure()" classname="org.springframework.test.web.servlet.DefaultMvcResultTests" time="0.001"/>
  <system-out><![CDATA[]]></system-out>
  <system-err><![CDATA[]]></system-err>
</testsuite>
