<?xml version="1.0" encoding="UTF-8"?>
<testsuite name="org.springframework.test.web.servlet.samples.standalone.ReactiveReturnTypeTests" tests="1" skipped="0" failures="0" errors="0" timestamp="2023-03-06T08:17:17" hostname="DESKTOP-VGJP1PJ" time="3.033">
  <properties/>
  <testcase name="sseWithFlux()" classname="org.springframework.test.web.servlet.samples.standalone.ReactiveReturnTypeTests" time="3.033"/>
  <system-out><![CDATA[]]></system-out>
  <system-err><![CDATA[]]></system-err>
</testsuite>
