<?xml version="1.0" encoding="UTF-8"?>
<testsuite name="org.springframework.test.web.reactive.server.MockServerTests" tests="4" skipped="0" failures="0" errors="0" timestamp="2023-03-06T08:16:55" hostname="DESKTOP-VGJP1PJ" time="0.063">
  <properties/>
  <testcase name="exchangeResultHasCookieHeaders()" classname="org.springframework.test.web.reactive.server.MockServerTests" time="0.017"/>
  <testcase name="mutateDoesNotCreateNewSession()" classname="org.springframework.test.web.reactive.server.MockServerTests" time="0.018"/>
  <testcase name="responseBodyContentWithFluxExchangeResult()" classname="org.springframework.test.web.reactive.server.MockServerTests" time="0.014"/>
  <testcase name="mutateDoesCopy()" classname="org.springframework.test.web.reactive.server.MockServerTests" time="0.013"/>
  <system-out><![CDATA[]]></system-out>
  <system-err><![CDATA[]]></system-err>
</testsuite>
