<?xml version="1.0" encoding="UTF-8"?>
<testsuite name="org.springframework.mock.web.MockServletContextTests$MockServletContextWithDefaultResourceLoaderTests" tests="15" skipped="0" failures="0" errors="0" timestamp="2023-03-06T08:15:48" hostname="DESKTOP-VGJP1PJ" time="0.074">
  <properties/>
  <testcase name="getResourcePathsWithInvalidPath()" classname="org.springframework.mock.web.MockServletContextTests$MockServletContextWithDefaultResourceLoaderTests" time="0.004"/>
  <testcase name="registerContextAndGetContext()" classname="org.springframework.mock.web.MockServletContextTests$MockServletContextWithDefaultResourceLoaderTests" time="0.001"/>
  <testcase name="getFilterRegistrations()" classname="org.springframework.mock.web.MockServletContextTests$MockServletContextWithDefaultResourceLoaderTests" time="0.0"/>
  <testcase name="servletVersion()" classname="org.springframework.mock.web.MockServletContextTests$MockServletContextWithDefaultResourceLoaderTests" time="0.0"/>
  <testcase name="getResourcePaths()" classname="org.springframework.mock.web.MockServletContextTests$MockServletContextWithDefaultResourceLoaderTests" time="0.005"/>
  <testcase name="getServletRegistrations()" classname="org.springframework.mock.web.MockServletContextTests$MockServletContextWithDefaultResourceLoaderTests" time="0.001"/>
  <testcase name="getServletRegistration()" classname="org.springframework.mock.web.MockServletContextTests$MockServletContextWithDefaultResourceLoaderTests" time="0.024"/>
  <testcase name="setDefaultServletName()" classname="org.springframework.mock.web.MockServletContextTests$MockServletContextWithDefaultResourceLoaderTests" time="0.003"/>
  <testcase name="getMimeTypeWithCustomConfiguredType()" classname="org.springframework.mock.web.MockServletContextTests$MockServletContextWithDefaultResourceLoaderTests" time="0.0"/>
  <testcase name="getMimeType()" classname="org.springframework.mock.web.MockServletContextTests$MockServletContextWithDefaultResourceLoaderTests" time="0.022"/>
  <testcase name="getResourcePathsWithSubdirectories()" classname="org.springframework.mock.web.MockServletContextTests$MockServletContextWithDefaultResourceLoaderTests" time="0.001"/>
  <testcase name="registerAndUnregisterNamedDispatcher()" classname="org.springframework.mock.web.MockServletContextTests$MockServletContextWithDefaultResourceLoaderTests" time="0.001"/>
  <testcase name="getResourcePathsWithNonDirectory()" classname="org.springframework.mock.web.MockServletContextTests$MockServletContextWithDefaultResourceLoaderTests" time="0.001"/>
  <testcase name="getFilterRegistration()" classname="org.springframework.mock.web.MockServletContextTests$MockServletContextWithDefaultResourceLoaderTests" time="0.0"/>
  <testcase name="getNamedDispatcherForDefaultServlet()" classname="org.springframework.mock.web.MockServletContextTests$MockServletContextWithDefaultResourceLoaderTests" time="0.0"/>
  <system-out><![CDATA[]]></system-out>
  <system-err><![CDATA[]]></system-err>
</testsuite>
