<?xml version="1.0" encoding="UTF-8"?>
<testsuite name="org.springframework.test.web.servlet.samples.context.AsyncControllerJavaConfigTests" tests="1" skipped="0" failures="0" errors="0" timestamp="2023-03-06T08:17:12" hostname="DESKTOP-VGJP1PJ" time="0.026">
  <properties/>
  <testcase name="callableInterceptor()" classname="org.springframework.test.web.servlet.samples.context.AsyncControllerJavaConfigTests" time="0.026"/>
  <system-out><![CDATA[]]></system-out>
  <system-err><![CDATA[]]></system-err>
</testsuite>
