<?xml version="1.0" encoding="UTF-8"?>
<testsuite name="org.springframework.test.context.junit.jupiter.web.WebSpringExtensionTests" tests="1" skipped="0" failures="0" errors="0" timestamp="2023-03-06T08:16:31" hostname="DESKTOP-VGJP1PJ" time="0.003">
  <properties/>
  <testcase name="springMvcTest(WebApplicationContext)" classname="org.springframework.test.context.junit.jupiter.web.WebSpringExtensionTests" time="0.003"/>
  <system-out><![CDATA[]]></system-out>
  <system-err><![CDATA[]]></system-err>
</testsuite>
