<?xml version="1.0" encoding="UTF-8"?>
<testsuite name="org.springframework.test.web.servlet.samples.spr.MockMvcBuilderMethodChainTests" tests="1" skipped="0" failures="0" errors="0" timestamp="2023-03-06T08:17:14" hostname="DESKTOP-VGJP1PJ" time="0.004">
  <properties/>
  <testcase name="chainMultiple()" classname="org.springframework.test.web.servlet.samples.spr.MockMvcBuilderMethodChainTests" time="0.004"/>
  <system-out><![CDATA[]]></system-out>
  <system-err><![CDATA[]]></system-err>
</testsuite>
