<?xml version="1.0" encoding="UTF-8"?>
<testsuite name="org.springframework.test.context.web.GenericXmlWebContextLoaderTests" tests="1" skipped="0" failures="0" errors="0" timestamp="2023-03-06T08:16:48" hostname="DESKTOP-VGJP1PJ" time="0.001">
  <properties/>
  <testcase name="configMustNotContainAnnotatedClasses()" classname="org.springframework.test.context.web.GenericXmlWebContextLoaderTests" time="0.001"/>
  <system-out><![CDATA[03:16:48.673 [Test worker] ERROR o.s.t.c.w.AbstractGenericWebContextLoader - Test class [org.springframework.test.context.web.GenericXmlWebContextLoaderTests] has been configured with @ContextConfiguration's 'classes' attribute {class org.springframework.test.context.web.GenericXmlWebContextLoaderTests}, but GenericXmlWebContextLoader does not support annotated classes.
]]></system-out>
  <system-err><![CDATA[]]></system-err>
</testsuite>
