<?xml version="1.0" encoding="UTF-8"?>
<testsuite name="org.springframework.test.context.junit.jupiter.TestConstructorIntegrationTests" tests="3" skipped="0" failures="0" errors="0" timestamp="2023-03-06T08:16:27" hostname="DESKTOP-VGJP1PJ" time="0.12">
  <properties/>
  <testcase name="autowireModeNotSetToAll()" classname="org.springframework.test.context.junit.jupiter.TestConstructorIntegrationTests" time="0.017"/>
  <testcase name="autowireModeSetToAllViaSpringProperties()" classname="org.springframework.test.context.junit.jupiter.TestConstructorIntegrationTests" time="0.088"/>
  <testcase name="autowireModeSetToAllViaJUnitPlatformConfigurationParameter()" classname="org.springframework.test.context.junit.jupiter.TestConstructorIntegrationTests" time="0.015"/>
  <system-out><![CDATA[]]></system-out>
  <system-err><![CDATA[]]></system-err>
</testsuite>
