<?xml version="1.0" encoding="UTF-8"?>
<testsuite name="org.springframework.test.web.servlet.samples.standalone.ExceptionHandlerTests" tests="3" skipped="0" failures="0" errors="0" timestamp="2023-03-06T08:17:15" hostname="DESKTOP-VGJP1PJ" time="0.195">
  <properties/>
  <testcase name="testGlobalExceptionHandlerMethodUsingClassArgument()" classname="org.springframework.test.web.servlet.samples.standalone.ExceptionHandlerTests" time="0.07"/>
  <testcase name="testExceptionHandlerMethod()" classname="org.springframework.test.web.servlet.samples.standalone.ExceptionHandlerTests" time="0.071"/>
  <testcase name="testGlobalExceptionHandlerMethod()" classname="org.springframework.test.web.servlet.samples.standalone.ExceptionHandlerTests" time="0.047"/>
  <system-out><![CDATA[]]></system-out>
  <system-err><![CDATA[]]></system-err>
</testsuite>
