<?xml version="1.0" encoding="UTF-8"?>
<testsuite name="org.springframework.test.web.servlet.samples.standalone.resultmatchers.FlashAttributeAssertionTests" tests="4" skipped="0" failures="0" errors="0" timestamp="2023-03-06T08:17:21" hostname="DESKTOP-VGJP1PJ" time="0.207">
  <properties/>
  <testcase name="attributeExists()" classname="org.springframework.test.web.servlet.samples.standalone.resultmatchers.FlashAttributeAssertionTests" time="0.001"/>
  <testcase name="attributeEqualTo()" classname="org.springframework.test.web.servlet.samples.standalone.resultmatchers.FlashAttributeAssertionTests" time="0.039"/>
  <testcase name="attributeCountWithWrongCount()" classname="org.springframework.test.web.servlet.samples.standalone.resultmatchers.FlashAttributeAssertionTests" time="0.002"/>
  <testcase name="attributeMatchers()" classname="org.springframework.test.web.servlet.samples.standalone.resultmatchers.FlashAttributeAssertionTests" time="0.002"/>
  <system-out><![CDATA[]]></system-out>
  <system-err><![CDATA[]]></system-err>
</testsuite>
