<?xml version="1.0" encoding="UTF-8"?>
<testsuite name="org.springframework.test.context.web.BasicAnnotationConfigWacTests" tests="3" skipped="0" failures="0" errors="0" timestamp="2023-03-06T08:17:59" hostname="DESKTOP-VGJP1PJ" time="0.003">
  <properties/>
  <testcase name="fooEnigmaAutowired" classname="org.springframework.test.context.web.BasicAnnotationConfigWacTests" time="0.001"/>
  <testcase name="servletContextAwareBeanProcessed" classname="org.springframework.test.context.web.BasicAnnotationConfigWacTests" time="0.0"/>
  <testcase name="basicWacFeatures" classname="org.springframework.test.context.web.BasicAnnotationConfigWacTests" time="0.0"/>
  <system-out><![CDATA[]]></system-out>
  <system-err><![CDATA[]]></system-err>
</testsuite>
