<?xml version="1.0" encoding="UTF-8"?>
<testsuite name="org.springframework.test.web.client.samples.matchers.ContentRequestMatchersIntegrationTests" tests="5" skipped="0" failures="0" errors="0" timestamp="2023-03-06T08:16:53" hostname="DESKTOP-VGJP1PJ" time="0.05">
  <properties/>
  <testcase name="contentTypeNoMatch()" classname="org.springframework.test.web.client.samples.matchers.ContentRequestMatchersIntegrationTests" time="0.01"/>
  <testcase name="contentAsBytes()" classname="org.springframework.test.web.client.samples.matchers.ContentRequestMatchersIntegrationTests" time="0.007"/>
  <testcase name="contentType()" classname="org.springframework.test.web.client.samples.matchers.ContentRequestMatchersIntegrationTests" time="0.016"/>
  <testcase name="contentStringStartsWith()" classname="org.springframework.test.web.client.samples.matchers.ContentRequestMatchersIntegrationTests" time="0.009"/>
  <testcase name="contentAsString()" classname="org.springframework.test.web.client.samples.matchers.ContentRequestMatchersIntegrationTests" time="0.007"/>
  <system-out><![CDATA[]]></system-out>
  <system-err><![CDATA[]]></system-err>
</testsuite>
