<?xml version="1.0" encoding="UTF-8"?>
<testsuite name="org.springframework.test.web.client.MockRestServiceServerTests" tests="8" skipped="0" failures="0" errors="0" timestamp="2023-03-06T08:16:53" hostname="DESKTOP-VGJP1PJ" time="0.094">
  <properties/>
  <testcase name="verifyShouldFailIfRequestsFailed()" classname="org.springframework.test.web.client.MockRestServiceServerTests" time="0.032"/>
  <testcase name="buildMultipleTimes()" classname="org.springframework.test.web.client.MockRestServiceServerTests" time="0.013"/>
  <testcase name="resetClearsRequestFailures()" classname="org.springframework.test.web.client.MockRestServiceServerTests" time="0.001"/>
  <testcase name="resetAndReuseServer()" classname="org.springframework.test.web.client.MockRestServiceServerTests" time="0.0"/>
  <testcase name="followUpRequestAfterFailure()" classname="org.springframework.test.web.client.MockRestServiceServerTests" time="0.002"/>
  <testcase name="exactExpectOrder()" classname="org.springframework.test.web.client.MockRestServiceServerTests" time="0.001"/>
  <testcase name="resetAndReuseServerWithUnorderedExpectationManager()" classname="org.springframework.test.web.client.MockRestServiceServerTests" time="0.001"/>
  <testcase name="ignoreExpectOrder()" classname="org.springframework.test.web.client.MockRestServiceServerTests" time="0.001"/>
  <system-out><![CDATA[]]></system-out>
  <system-err><![CDATA[]]></system-err>
</testsuite>
