<?xml version="1.0" encoding="UTF-8"?>
<testsuite name="org.springframework.mock.web.MockPageContextTests" tests="2" skipped="0" failures="0" errors="0" timestamp="2023-03-06T08:15:48" hostname="DESKTOP-VGJP1PJ" time="0.001">
  <properties/>
  <testcase name="removeAttributeWithNoScopeSpecifiedRemovesValueFromAllScopes()" classname="org.springframework.mock.web.MockPageContextTests" time="0.0"/>
  <testcase name="setAttributeWithNoScopeUsesPageScope()" classname="org.springframework.mock.web.MockPageContextTests" time="0.0"/>
  <system-out><![CDATA[]]></system-out>
  <system-err><![CDATA[]]></system-err>
</testsuite>
