<?xml version="1.0" encoding="UTF-8"?>
<testsuite name="org.springframework.test.context.junit4.TimedTransactionalSpringRunnerTests" tests="4" skipped="0" failures="0" errors="0" timestamp="2023-03-06T08:17:59" hostname="DESKTOP-VGJP1PJ" time="0.207">
  <properties/>
  <testcase name="notTransactionalWithJUnitTimeout" classname="org.springframework.test.context.junit4.TimedTransactionalSpringRunnerTests" time="0.114"/>
  <testcase name="transactionalWithSpringTimeout" classname="org.springframework.test.context.junit4.TimedTransactionalSpringRunnerTests" time="0.004"/>
  <testcase name="transactionalWithJUnitTimeout" classname="org.springframework.test.context.junit4.TimedTransactionalSpringRunnerTests" time="0.081"/>
  <testcase name="notTransactionalWithSpringTimeout" classname="org.springframework.test.context.junit4.TimedTransactionalSpringRunnerTests" time="0.006"/>
  <system-out><![CDATA[]]></system-out>
  <system-err><![CDATA[]]></system-err>
</testsuite>
