<?xml version="1.0" encoding="UTF-8"?>
<testsuite name="org.springframework.test.web.reactive.server.DefaultControllerSpecTests" tests="4" skipped="0" failures="0" errors="0" timestamp="2023-03-06T08:16:54" hostname="DESKTOP-VGJP1PJ" time="0.536">
  <properties/>
  <testcase name="controllerAdvice()" classname="org.springframework.test.web.reactive.server.DefaultControllerSpecTests" time="0.102"/>
  <testcase name="controllerAdviceWithClassArgument()" classname="org.springframework.test.web.reactive.server.DefaultControllerSpecTests" time="0.041"/>
  <testcase name="controller()" classname="org.springframework.test.web.reactive.server.DefaultControllerSpecTests" time="0.046"/>
  <testcase name="configurerConsumers()" classname="org.springframework.test.web.reactive.server.DefaultControllerSpecTests" time="0.345"/>
  <system-out><![CDATA[]]></system-out>
  <system-err><![CDATA[]]></system-err>
</testsuite>
