<?xml version="1.0" encoding="UTF-8"?>
<testsuite name="org.springframework.test.web.servlet.samples.standalone.MultipartControllerTests" tests="16" skipped="0" failures="0" errors="0" timestamp="2023-03-06T08:17:16" hostname="DESKTOP-VGJP1PJ" time="0.693">
  <properties/>
  <testcase name="multipartRequestWithFileListNotPresent()" classname="org.springframework.test.web.servlet.samples.standalone.MultipartControllerTests" time="0.066"/>
  <testcase name="multipartRequestWithFileListNoMultipart()" classname="org.springframework.test.web.servlet.samples.standalone.MultipartControllerTests" time="0.038"/>
  <testcase name="multipartRequestWithFileArray()" classname="org.springframework.test.web.servlet.samples.standalone.MultipartControllerTests" time="0.06"/>
  <testcase name="multipartRequestWithOptionalFile()" classname="org.springframework.test.web.servlet.samples.standalone.MultipartControllerTests" time="0.047"/>
  <testcase name="multipartRequestWithOptionalFileNotPresent()" classname="org.springframework.test.web.servlet.samples.standalone.MultipartControllerTests" time="0.067"/>
  <testcase name="multipartRequestWithSingleFileNotPresent()" classname="org.springframework.test.web.servlet.samples.standalone.MultipartControllerTests" time="0.042"/>
  <testcase name="multipartRequestWithOptionalFileListNotPresent()" classname="org.springframework.test.web.servlet.samples.standalone.MultipartControllerTests" time="0.036"/>
  <testcase name="multipartRequestWithSingleFile()" classname="org.springframework.test.web.servlet.samples.standalone.MultipartControllerTests" time="0.044"/>
  <testcase name="multipartRequestWithServletParts()" classname="org.springframework.test.web.servlet.samples.standalone.MultipartControllerTests" time="0.042"/>
  <testcase name="multipartRequestWithOptionalFileArray()" classname="org.springframework.test.web.servlet.samples.standalone.MultipartControllerTests" time="0.042"/>
  <testcase name="multipartRequestWithFileArrayNoMultipart()" classname="org.springframework.test.web.servlet.samples.standalone.MultipartControllerTests" time="0.03"/>
  <testcase name="multipartRequestWrapped()" classname="org.springframework.test.web.servlet.samples.standalone.MultipartControllerTests" time="0.033"/>
  <testcase name="multipartRequestWithFileArrayNotPresent()" classname="org.springframework.test.web.servlet.samples.standalone.MultipartControllerTests" time="0.032"/>
  <testcase name="multipartRequestWithFileList()" classname="org.springframework.test.web.servlet.samples.standalone.MultipartControllerTests" time="0.032"/>
  <testcase name="multipartRequestWithOptionalFileList()" classname="org.springframework.test.web.servlet.samples.standalone.MultipartControllerTests" time="0.033"/>
  <testcase name="multipartRequestWithOptionalFileArrayNotPresent()" classname="org.springframework.test.web.servlet.samples.standalone.MultipartControllerTests" time="0.038"/>
  <system-out><![CDATA[]]></system-out>
  <system-err><![CDATA[]]></system-err>
</testsuite>
