<?xml version="1.0" encoding="UTF-8"?>
<testsuite name="org.springframework.test.context.jdbc.TransactionalSqlScriptsTests" tests="2" skipped="0" failures="0" errors="0" timestamp="2023-03-06T08:16:14" hostname="DESKTOP-VGJP1PJ" time="0.018">
  <properties/>
  <testcase name="classLevelScripts()" classname="org.springframework.test.context.jdbc.TransactionalSqlScriptsTests" time="0.011"/>
  <testcase name="methodLevelScripts()" classname="org.springframework.test.context.jdbc.TransactionalSqlScriptsTests" time="0.007"/>
  <system-out><![CDATA[]]></system-out>
  <system-err><![CDATA[]]></system-err>
</testsuite>
