<?xml version="1.0" encoding="UTF-8"?>
<testsuite name="org.springframework.mock.web.MockMultipartHttpServletRequestTests" tests="3" skipped="0" failures="0" errors="0" timestamp="2023-03-06T08:15:48" hostname="DESKTOP-VGJP1PJ" time="0.085">
  <properties/>
  <testcase name="mockMultiPartHttpServletRequestWithMixedData()" classname="org.springframework.mock.web.MockMultipartHttpServletRequestTests" time="0.037"/>
  <testcase name="mockMultipartHttpServletRequestWithByteArray()" classname="org.springframework.mock.web.MockMultipartHttpServletRequestTests" time="0.016"/>
  <testcase name="mockMultipartHttpServletRequestWithInputStream()" classname="org.springframework.mock.web.MockMultipartHttpServletRequestTests" time="0.027"/>
  <system-out><![CDATA[]]></system-out>
  <system-err><![CDATA[]]></system-err>
</testsuite>
