<?xml version="1.0" encoding="UTF-8"?>
<testsuite name="org.springframework.test.context.BootstrapUtilsTests" tests="9" skipped="0" failures="0" errors="0" timestamp="2023-03-06T08:15:48" hostname="DESKTOP-VGJP1PJ" time="0.021">
  <properties/>
  <testcase name="resolveTestContextBootstrapperWithDoubleMetaBootstrapWithAnnotations()" classname="org.springframework.test.context.BootstrapUtilsTests" time="0.004"/>
  <testcase name="resolveTestContextBootstrapperForNonAnnotatedClass()" classname="org.springframework.test.context.BootstrapUtilsTests" time="0.004"/>
  <testcase name="resolveTestContextBootstrapperWithLocalDeclarationThatOverridesMetaBootstrapWithAnnotations()" classname="org.springframework.test.context.BootstrapUtilsTests" time="0.0"/>
  <testcase name="resolveTestContextBootstrapperWithEmptyBootstrapWithAnnotation()" classname="org.springframework.test.context.BootstrapUtilsTests" time="0.001"/>
  <testcase name="resolveTestContextBootstrapperWithDirectBootstrapWithAnnotation()" classname="org.springframework.test.context.BootstrapUtilsTests" time="0.0"/>
  <testcase name="resolveTestContextBootstrapperWithMetaBootstrapWithAnnotation()" classname="org.springframework.test.context.BootstrapUtilsTests" time="0.001"/>
  <testcase name="resolveTestContextBootstrapperWithInheritedBootstrapWithAnnotation()" classname="org.springframework.test.context.BootstrapUtilsTests" time="0.001"/>
  <testcase name="resolveTestContextBootstrapperForWebAppConfigurationAnnotatedClass()" classname="org.springframework.test.context.BootstrapUtilsTests" time="0.001"/>
  <testcase name="resolveTestContextBootstrapperWithDuplicatingMetaBootstrapWithAnnotations()" classname="org.springframework.test.context.BootstrapUtilsTests" time="0.002"/>
  <system-out><![CDATA[]]></system-out>
  <system-err><![CDATA[]]></system-err>
</testsuite>
