<?xml version="1.0" encoding="UTF-8"?>
<testsuite name="org.springframework.test.web.servlet.samples.standalone.ViewResolutionTests" tests="5" skipped="0" failures="0" errors="0" timestamp="2023-03-06T08:17:25" hostname="DESKTOP-VGJP1PJ" time="0.481">
  <properties/>
  <testcase name="testJspOnly()" classname="org.springframework.test.web.servlet.samples.standalone.ViewResolutionTests" time="0.05"/>
  <testcase name="testJsonOnly()" classname="org.springframework.test.web.servlet.samples.standalone.ViewResolutionTests" time="0.196"/>
  <testcase name="defaultViewResolver()" classname="org.springframework.test.web.servlet.samples.standalone.ViewResolutionTests" time="0.071"/>
  <testcase name="testContentNegotiation()" classname="org.springframework.test.web.servlet.samples.standalone.ViewResolutionTests" time="0.097"/>
  <testcase name="testXmlOnly()" classname="org.springframework.test.web.servlet.samples.standalone.ViewResolutionTests" time="0.067"/>
  <system-out><![CDATA[]]></system-out>
  <system-err><![CDATA[]]></system-err>
</testsuite>
