<?xml version="1.0" encoding="UTF-8"?>
<testsuite name="org.springframework.test.web.servlet.samples.spr.ControllerAdviceIntegrationTests" tests="2" skipped="0" failures="0" errors="0" timestamp="2023-03-06T08:17:13" hostname="DESKTOP-VGJP1PJ" time="0.023">
  <properties/>
  <testcase name="prototypeAndRequestScopedControllerAdviceBeansAreNotCached()" classname="org.springframework.test.web.servlet.samples.spr.ControllerAdviceIntegrationTests" time="0.02"/>
  <testcase name="controllerAdviceIsAppliedOnlyOnce()" classname="org.springframework.test.web.servlet.samples.spr.ControllerAdviceIntegrationTests" time="0.003"/>
  <system-out><![CDATA[]]></system-out>
  <system-err><![CDATA[]]></system-err>
</testsuite>
