<?xml version="1.0" encoding="UTF-8"?>
<testsuite name="org.springframework.test.context.transaction.ejb.CommitForRequiredEjbTxDaoTests" tests="3" skipped="0" failures="0" errors="0" timestamp="2023-03-06T08:16:42" hostname="DESKTOP-VGJP1PJ" time="1.398">
  <properties/>
  <testcase name="test1InitialState()" classname="org.springframework.test.context.transaction.ejb.CommitForRequiredEjbTxDaoTests" time="1.314"/>
  <testcase name="test2IncrementCount1()" classname="org.springframework.test.context.transaction.ejb.CommitForRequiredEjbTxDaoTests" time="0.075"/>
  <testcase name="test3IncrementCount2()" classname="org.springframework.test.context.transaction.ejb.CommitForRequiredEjbTxDaoTests" time="0.007"/>
  <system-out><![CDATA[]]></system-out>
  <system-err><![CDATA[]]></system-err>
</testsuite>
