<?xml version="1.0" encoding="UTF-8"?>
<testsuite name="org.springframework.test.context.jdbc.MultipleDataSourcesAndTransactionManagersTransactionalSqlScriptsTests" tests="2" skipped="0" failures="0" errors="0" timestamp="2023-03-06T08:16:13" hostname="DESKTOP-VGJP1PJ" time="0.011">
  <properties/>
  <testcase name="database1()" classname="org.springframework.test.context.jdbc.MultipleDataSourcesAndTransactionManagersTransactionalSqlScriptsTests" time="0.007"/>
  <testcase name="database2()" classname="org.springframework.test.context.jdbc.MultipleDataSourcesAndTransactionManagersTransactionalSqlScriptsTests" time="0.003"/>
  <system-out><![CDATA[]]></system-out>
  <system-err><![CDATA[]]></system-err>
</testsuite>
