<?xml version="1.0" encoding="UTF-8"?>
<testsuite name="org.springframework.test.context.cache.LruContextCacheTests" tests="6" skipped="0" failures="0" errors="0" timestamp="2023-03-06T08:15:56" hostname="DESKTOP-VGJP1PJ" time="0.023">
  <properties/>
  <testcase name="maxCacheSizeOne()" classname="org.springframework.test.context.cache.LruContextCacheTests" time="0.004"/>
  <testcase name="maxCacheSizeNegativeOne()" classname="org.springframework.test.context.cache.LruContextCacheTests" time="0.001"/>
  <testcase name="maxCacheSizeZero()" classname="org.springframework.test.context.cache.LruContextCacheTests" time="0.0"/>
  <testcase name="maxCacheSizeThree()" classname="org.springframework.test.context.cache.LruContextCacheTests" time="0.002"/>
  <testcase name="ensureLruOrderingIsUpdated()" classname="org.springframework.test.context.cache.LruContextCacheTests" time="0.005"/>
  <testcase name="ensureEvictedContextsAreClosed()" classname="org.springframework.test.context.cache.LruContextCacheTests" time="0.003"/>
  <system-out><![CDATA[03:15:56.670 [Test worker] DEBUG o.s.t.u.ReflectionTestUtils - Getting field 'contextMap' from target object [[DefaultContextCache@4692eeea size = 1, maxSize = 1, parentContextCount = 0, hitCount = 0, missCount = 0]] or target class [class org.springframework.test.context.cache.DefaultContextCache]
03:15:56.672 [Test worker] DEBUG o.s.t.u.ReflectionTestUtils - Getting field 'contextMap' from target object [[DefaultContextCache@4692eeea size = 1, maxSize = 1, parentContextCount = 0, hitCount = 0, missCount = 0]] or target class [class org.springframework.test.context.cache.DefaultContextCache]
03:15:56.672 [Test worker] DEBUG o.s.t.u.ReflectionTestUtils - Getting field 'contextMap' from target object [[DefaultContextCache@4692eeea size = 1, maxSize = 1, parentContextCount = 0, hitCount = 0, missCount = 0]] or target class [class org.springframework.test.context.cache.DefaultContextCache]
03:15:56.673 [Test worker] DEBUG o.s.t.u.ReflectionTestUtils - Getting field 'contextMap' from target object [[DefaultContextCache@4692eeea size = 1, maxSize = 1, parentContextCount = 0, hitCount = 0, missCount = 0]] or target class [class org.springframework.test.context.cache.DefaultContextCache]
03:15:56.678 [Test worker] DEBUG o.s.t.u.ReflectionTestUtils - Getting field 'contextMap' from target object [[DefaultContextCache@62d74131 size = 1, maxSize = 3, parentContextCount = 0, hitCount = 0, missCount = 0]] or target class [class org.springframework.test.context.cache.DefaultContextCache]
03:15:56.678 [Test worker] DEBUG o.s.t.u.ReflectionTestUtils - Getting field 'contextMap' from target object [[DefaultContextCache@62d74131 size = 1, maxSize = 3, parentContextCount = 0, hitCount = 0, missCount = 0]] or target class [class org.springframework.test.context.cache.DefaultContextCache]
03:15:56.679 [Test worker] DEBUG o.s.t.u.ReflectionTestUtils - Getting field 'contextMap' from target object [[DefaultContextCache@62d74131 size = 2, maxSize = 3, parentContextCount = 0, hitCount = 0, missCount = 0]] or target class [class org.springframework.test.context.cache.DefaultContextCache]
03:15:56.679 [Test worker] DEBUG o.s.t.u.ReflectionTestUtils - Getting field 'contextMap' from target object [[DefaultContextCache@62d74131 size = 3, maxSize = 3, parentContextCount = 0, hitCount = 0, missCount = 0]] or target class [class org.springframework.test.context.cache.DefaultContextCache]
03:15:56.680 [Test worker] DEBUG o.s.t.u.ReflectionTestUtils - Getting field 'contextMap' from target object [[DefaultContextCache@62d74131 size = 3, maxSize = 3, parentContextCount = 0, hitCount = 0, missCount = 0]] or target class [class org.springframework.test.context.cache.DefaultContextCache]
03:15:56.682 [Test worker] DEBUG o.s.t.u.ReflectionTestUtils - Getting field 'contextMap' from target object [[DefaultContextCache@563780f1 size = 3, maxSize = 3, parentContextCount = 0, hitCount = 0, missCount = 0]] or target class [class org.springframework.test.context.cache.DefaultContextCache]
03:15:56.682 [Test worker] DEBUG o.s.t.u.ReflectionTestUtils - Getting field 'contextMap' from target object [[DefaultContextCache@563780f1 size = 3, maxSize = 3, parentContextCount = 0, hitCount = 1, missCount = 0]] or target class [class org.springframework.test.context.cache.DefaultContextCache]
03:15:56.683 [Test worker] DEBUG o.s.t.u.ReflectionTestUtils - Getting field 'contextMap' from target object [[DefaultContextCache@563780f1 size = 3, maxSize = 3, parentContextCount = 0, hitCount = 2, missCount = 0]] or target class [class org.springframework.test.context.cache.DefaultContextCache]
03:15:56.683 [Test worker] DEBUG o.s.t.u.ReflectionTestUtils - Getting field 'contextMap' from target object [[DefaultContextCache@563780f1 size = 3, maxSize = 3, parentContextCount = 0, hitCount = 3, missCount = 0]] or target class [class org.springframework.test.context.cache.DefaultContextCache]
03:15:56.685 [Test worker] DEBUG o.s.t.u.ReflectionTestUtils - Getting field 'contextMap' from target object [[DefaultContextCache@563780f1 size = 3, maxSize = 3, parentContextCount = 0, hitCount = 4, missCount = 0]] or target class [class org.springframework.test.context.cache.DefaultContextCache]
03:15:56.691 [Test worker] DEBUG o.s.t.u.ReflectionTestUtils - Getting field 'contextMap' from target object [[DefaultContextCache@e318dcf size = 2, maxSize = 2, parentContextCount = 0, hitCount = 0, missCount = 0]] or target class [class org.springframework.test.context.cache.DefaultContextCache]
03:15:56.692 [Test worker] DEBUG o.s.t.u.ReflectionTestUtils - Getting field 'contextMap' from target object [[DefaultContextCache@e318dcf size = 2, maxSize = 2, parentContextCount = 0, hitCount = 0, missCount = 0]] or target class [class org.springframework.test.context.cache.DefaultContextCache]
03:15:56.693 [Test worker] DEBUG o.s.t.u.ReflectionTestUtils - Getting field 'contextMap' from target object [[DefaultContextCache@e318dcf size = 2, maxSize = 2, parentContextCount = 0, hitCount = 0, missCount = 0]] or target class [class org.springframework.test.context.cache.DefaultContextCache]
]]></system-out>
  <system-err><![CDATA[]]></system-err>
</testsuite>
