<?xml version="1.0" encoding="UTF-8"?>
<testsuite name="org.springframework.test.web.servlet.samples.standalone.resultmatchers.JsonPathAssertionTests" tests="5" skipped="0" failures="0" errors="0" timestamp="2023-03-06T08:17:23" hostname="DESKTOP-VGJP1PJ" time="0.22">
  <properties/>
  <testcase name="hamcrestMatcherWithParameterizedJsonPath()" classname="org.springframework.test.web.servlet.samples.standalone.resultmatchers.JsonPathAssertionTests" time="0.045"/>
  <testcase name="hamcrestMatcher()" classname="org.springframework.test.web.servlet.samples.standalone.resultmatchers.JsonPathAssertionTests" time="0.032"/>
  <testcase name="exists()" classname="org.springframework.test.web.servlet.samples.standalone.resultmatchers.JsonPathAssertionTests" time="0.06"/>
  <testcase name="doesNotExist()" classname="org.springframework.test.web.servlet.samples.standalone.resultmatchers.JsonPathAssertionTests" time="0.048"/>
  <testcase name="equality()" classname="org.springframework.test.web.servlet.samples.standalone.resultmatchers.JsonPathAssertionTests" time="0.033"/>
  <system-out><![CDATA[]]></system-out>
  <system-err><![CDATA[]]></system-err>
</testsuite>
