<?xml version="1.0" encoding="UTF-8"?>
<testsuite name="org.springframework.test.web.servlet.setup.DefaultMockMvcBuilderTests" tests="8" skipped="0" failures="0" errors="0" timestamp="2023-03-06T08:17:26" hostname="DESKTOP-VGJP1PJ" time="0.082">
  <properties/>
  <testcase name="rootWacServletContainerAttributePreviouslySet()" classname="org.springframework.test.web.servlet.setup.DefaultMockMvcBuilderTests" time="0.0"/>
  <testcase name="webAppContextSetupWithNullServletContext()" classname="org.springframework.test.web.servlet.setup.DefaultMockMvcBuilderTests" time="0.001"/>
  <testcase name="rootWacServletContainerAttributeNotPreviouslySetWithContextHierarchy()" classname="org.springframework.test.web.servlet.setup.DefaultMockMvcBuilderTests" time="0.007"/>
  <testcase name="dispatcherServletCustomizer()" classname="org.springframework.test.web.servlet.setup.DefaultMockMvcBuilderTests" time="0.021"/>
  <testcase name="rootWacServletContainerAttributeNotPreviouslySet()" classname="org.springframework.test.web.servlet.setup.DefaultMockMvcBuilderTests" time="0.0"/>
  <testcase name="webAppContextSetupWithNullWac()" classname="org.springframework.test.web.servlet.setup.DefaultMockMvcBuilderTests" time="0.001"/>
  <testcase name="rootWacServletContainerAttributePreviouslySetWithContextHierarchy()" classname="org.springframework.test.web.servlet.setup.DefaultMockMvcBuilderTests" time="0.022"/>
  <testcase name="dispatcherServletCustomizerProcessedInOrder()" classname="org.springframework.test.web.servlet.setup.DefaultMockMvcBuilderTests" time="0.024"/>
  <system-out><![CDATA[]]></system-out>
  <system-err><![CDATA[]]></system-err>
</testsuite>
