<?xml version="1.0" encoding="UTF-8"?>
<testsuite name="org.springframework.test.web.reactive.server.ApplicationContextSpecTests" tests="1" skipped="0" failures="0" errors="0" timestamp="2023-03-06T08:16:54" hostname="DESKTOP-VGJP1PJ" time="0.507">
  <properties/>
  <testcase name="sessionManagerBean()" classname="org.springframework.test.web.reactive.server.ApplicationContextSpecTests" time="0.507"/>
  <system-out><![CDATA[]]></system-out>
  <system-err><![CDATA[]]></system-err>
</testsuite>
