<?xml version="1.0" encoding="UTF-8"?>
<testsuite name="org.springframework.test.context.jdbc.merging.ClassLevelOverrideSqlMergeModeTests" tests="3" skipped="0" failures="0" errors="0" timestamp="2023-03-06T08:16:13" hostname="DESKTOP-VGJP1PJ" time="0.024">
  <properties/>
  <testcase name="overridden()" classname="org.springframework.test.context.jdbc.merging.ClassLevelOverrideSqlMergeModeTests" time="0.007"/>
  <testcase name="merged()" classname="org.springframework.test.context.jdbc.merging.ClassLevelOverrideSqlMergeModeTests" time="0.006"/>
  <testcase name="classLevelScripts()" classname="org.springframework.test.context.jdbc.merging.ClassLevelOverrideSqlMergeModeTests" time="0.006"/>
  <system-out><![CDATA[]]></system-out>
  <system-err><![CDATA[]]></system-err>
</testsuite>
