<?xml version="1.0" encoding="UTF-8"?>
<testsuite name="org.springframework.test.web.client.samples.SampleAsyncTests" tests="4" skipped="0" failures="0" errors="0" timestamp="2023-03-06T08:16:53" hostname="DESKTOP-VGJP1PJ" time="0.022">
  <properties/>
  <testcase name="performGetManyTimes()" classname="org.springframework.test.web.client.samples.SampleAsyncTests" time="0.002"/>
  <testcase name="verify()" classname="org.springframework.test.web.client.samples.SampleAsyncTests" time="0.001"/>
  <testcase name="performGetWithResponseBodyFromFile()" classname="org.springframework.test.web.client.samples.SampleAsyncTests" time="0.001"/>
  <testcase name="performGet()" classname="org.springframework.test.web.client.samples.SampleAsyncTests" time="0.001"/>
  <system-out><![CDATA[]]></system-out>
  <system-err><![CDATA[]]></system-err>
</testsuite>
