<?xml version="1.0" encoding="UTF-8"?>
<testsuite name="org.springframework.mock.web.MockFilterChainTests" tests="7" skipped="0" failures="0" errors="0" timestamp="2023-03-06T08:15:46" hostname="DESKTOP-VGJP1PJ" time="1.277">
  <properties/>
  <testcase name="doFilterNullResponse()" classname="org.springframework.mock.web.MockFilterChainTests" time="0.019"/>
  <testcase name="constructorNullServlet()" classname="org.springframework.mock.web.MockFilterChainTests" time="0.014"/>
  <testcase name="constructorNullFilter()" classname="org.springframework.mock.web.MockFilterChainTests" time="1.131"/>
  <testcase name="doFilterNullRequest()" classname="org.springframework.mock.web.MockFilterChainTests" time="0.002"/>
  <testcase name="doFilterWithServlet()" classname="org.springframework.mock.web.MockFilterChainTests" time="0.105"/>
  <testcase name="doFilterEmptyChain()" classname="org.springframework.mock.web.MockFilterChainTests" time="0.001"/>
  <testcase name="doFilterWithServletAndFilters()" classname="org.springframework.mock.web.MockFilterChainTests" time="0.001"/>
  <system-out><![CDATA[]]></system-out>
  <system-err><![CDATA[]]></system-err>
</testsuite>
