<?xml version="1.0" encoding="UTF-8"?>
<testsuite name="org.springframework.test.context.support.AnnotationConfigContextLoaderUtilsTests" tests="4" skipped="0" failures="0" errors="0" timestamp="2023-03-06T08:16:31" hostname="DESKTOP-VGJP1PJ" time="0.043">
  <properties/>
  <testcase name="detectDefaultConfigurationClassesWithExplicitConfigurationAnnotation()" classname="org.springframework.test.context.support.AnnotationConfigContextLoaderUtilsTests" time="0.016"/>
  <testcase name="detectDefaultConfigurationClassesWithoutConfigurationClass()" classname="org.springframework.test.context.support.AnnotationConfigContextLoaderUtilsTests" time="0.001"/>
  <testcase name="detectDefaultConfigurationClassesWithConfigurationMetaAnnotation()" classname="org.springframework.test.context.support.AnnotationConfigContextLoaderUtilsTests" time="0.025"/>
  <testcase name="detectDefaultConfigurationClassesWithNullDeclaringClass()" classname="org.springframework.test.context.support.AnnotationConfigContextLoaderUtilsTests" time="0.001"/>
  <system-out><![CDATA[]]></system-out>
  <system-err><![CDATA[]]></system-err>
</testsuite>
