<?xml version="1.0" encoding="UTF-8"?>
<testsuite name="org.springframework.test.web.client.samples.matchers.HeaderRequestMatchersIntegrationTests" tests="2" skipped="0" failures="0" errors="0" timestamp="2023-03-06T08:16:53" hostname="DESKTOP-VGJP1PJ" time="0.048">
  <properties/>
  <testcase name="testStringContains()" classname="org.springframework.test.web.client.samples.matchers.HeaderRequestMatchersIntegrationTests" time="0.041"/>
  <testcase name="testString()" classname="org.springframework.test.web.client.samples.matchers.HeaderRequestMatchersIntegrationTests" time="0.007"/>
  <system-out><![CDATA[]]></system-out>
  <system-err><![CDATA[]]></system-err>
</testsuite>
