<?xml version="1.0" encoding="UTF-8"?>
<testsuite name="org.springframework.test.context.hierarchies.meta.MetaHierarchyLevelTwoTests" tests="3" skipped="0" failures="0" errors="0" timestamp="2023-03-06T08:16:09" hostname="DESKTOP-VGJP1PJ" time="0.006">
  <properties/>
  <testcase name="foo()" classname="org.springframework.test.context.hierarchies.meta.MetaHierarchyLevelTwoTests" time="0.002"/>
  <testcase name="contextHierarchy()" classname="org.springframework.test.context.hierarchies.meta.MetaHierarchyLevelTwoTests" time="0.001"/>
  <testcase name="bar()" classname="org.springframework.test.context.hierarchies.meta.MetaHierarchyLevelTwoTests" time="0.001"/>
  <system-out><![CDATA[]]></system-out>
  <system-err><![CDATA[]]></system-err>
</testsuite>
