<?xml version="1.0" encoding="UTF-8"?>
<testsuite name="org.springframework.test.context.jdbc.MetaAnnotationSqlScriptsTests" tests="2" skipped="0" failures="0" errors="0" timestamp="2023-03-06T08:16:13" hostname="DESKTOP-VGJP1PJ" time="0.017">
  <properties/>
  <testcase name="metaSqlAnnotation()" classname="org.springframework.test.context.jdbc.MetaAnnotationSqlScriptsTests" time="0.006"/>
  <testcase name="metaSqlGroupAnnotation()" classname="org.springframework.test.context.jdbc.MetaAnnotationSqlScriptsTests" time="0.01"/>
  <system-out><![CDATA[]]></system-out>
  <system-err><![CDATA[]]></system-err>
</testsuite>
