<?xml version="1.0" encoding="UTF-8"?>
<testsuite name="org.springframework.test.context.support.DynamicPropertiesContextCustomizerTests" tests="7" skipped="0" failures="0" errors="0" timestamp="2023-03-06T08:16:32" hostname="DESKTOP-VGJP1PJ" time="0.189">
  <properties/>
  <testcase name="createWhenNonStaticDynamicPropertiesMethodThrowsException()" classname="org.springframework.test.context.support.DynamicPropertiesContextCustomizerTests" time="0.002"/>
  <testcase name="nullPropertyNameResultsInException()" classname="org.springframework.test.context.support.DynamicPropertiesContextCustomizerTests" time="0.167"/>
  <testcase name="equalsAndHashCode()" classname="org.springframework.test.context.support.DynamicPropertiesContextCustomizerTests" time="0.001"/>
  <testcase name="nullValueSupplierResultsInException()" classname="org.springframework.test.context.support.DynamicPropertiesContextCustomizerTests" time="0.001"/>
  <testcase name="emptyPropertyNameResultsInException()" classname="org.springframework.test.context.support.DynamicPropertiesContextCustomizerTests" time="0.004"/>
  <testcase name="customizeContextAddsPropertySource()" classname="org.springframework.test.context.support.DynamicPropertiesContextCustomizerTests" time="0.005"/>
  <testcase name="createWhenBadDynamicPropertiesSignatureThrowsException()" classname="org.springframework.test.context.support.DynamicPropertiesContextCustomizerTests" time="0.005"/>
  <system-out><![CDATA[]]></system-out>
  <system-err><![CDATA[]]></system-err>
</testsuite>
