<?xml version="1.0" encoding="UTF-8"?>
<testsuite name="org.springframework.test.context.support.DynamicPropertiesContextCustomizerFactoryTests" tests="4" skipped="0" failures="0" errors="0" timestamp="2023-03-06T08:16:32" hostname="DESKTOP-VGJP1PJ" time="0.007">
  <properties/>
  <testcase name="createContextCustomizerWhenAnnotatedMethodsInBaseClassReturnsCustomizer()" classname="org.springframework.test.context.support.DynamicPropertiesContextCustomizerFactoryTests" time="0.005"/>
  <testcase name="createContextCustomizerWhenMultipleAnnotatedMethodsReturnsCustomizer()" classname="org.springframework.test.context.support.DynamicPropertiesContextCustomizerFactoryTests" time="0.001"/>
  <testcase name="createContextCustomizerWhenNoAnnotatedMethodsReturnsNull()" classname="org.springframework.test.context.support.DynamicPropertiesContextCustomizerFactoryTests" time="0.001"/>
  <testcase name="createContextCustomizerWhenSingleAnnotatedMethodReturnsCustomizer()" classname="org.springframework.test.context.support.DynamicPropertiesContextCustomizerFactoryTests" time="0.0"/>
  <system-out><![CDATA[]]></system-out>
  <system-err><![CDATA[]]></system-err>
</testsuite>
