<?xml version="1.0" encoding="UTF-8"?>
<testsuite name="org.springframework.test.web.servlet.samples.standalone.resultmatchers.UrlAssertionTests" tests="4" skipped="0" failures="0" errors="0" timestamp="2023-03-06T08:17:24" hostname="DESKTOP-VGJP1PJ" time="0.077">
  <properties/>
  <testcase name="testRedirectPattern()" classname="org.springframework.test.web.servlet.samples.standalone.resultmatchers.UrlAssertionTests" time="0.017"/>
  <testcase name="testForward()" classname="org.springframework.test.web.servlet.samples.standalone.resultmatchers.UrlAssertionTests" time="0.021"/>
  <testcase name="testRedirect()" classname="org.springframework.test.web.servlet.samples.standalone.resultmatchers.UrlAssertionTests" time="0.018"/>
  <testcase name="testForwardPattern()" classname="org.springframework.test.web.servlet.samples.standalone.resultmatchers.UrlAssertionTests" time="0.02"/>
  <system-out><![CDATA[]]></system-out>
  <system-err><![CDATA[]]></system-err>
</testsuite>
