<?xml version="1.0" encoding="UTF-8"?>
<testsuite name="org.springframework.test.web.servlet.htmlunit.MockMvcWebConnectionTests" tests="6" skipped="0" failures="0" errors="0" timestamp="2023-03-06T08:17:09" hostname="DESKTOP-VGJP1PJ" time="1.286">
  <properties/>
  <testcase name="contextPathDoesNotStartWithSlash()" classname="org.springframework.test.web.servlet.htmlunit.MockMvcWebConnectionTests" time="0.001"/>
  <testcase name="forward()" classname="org.springframework.test.web.servlet.htmlunit.MockMvcWebConnectionTests" time="0.817"/>
  <testcase name="contextPathEmpty()" classname="org.springframework.test.web.servlet.htmlunit.MockMvcWebConnectionTests" time="0.13"/>
  <testcase name="contextPathEndsWithSlash()" classname="org.springframework.test.web.servlet.htmlunit.MockMvcWebConnectionTests" time="0.001"/>
  <testcase name="contextPathExplicit()" classname="org.springframework.test.web.servlet.htmlunit.MockMvcWebConnectionTests" time="0.015"/>
  <testcase name="contextPathNull()" classname="org.springframework.test.web.servlet.htmlunit.MockMvcWebConnectionTests" time="0.014"/>
  <system-out><![CDATA[]]></system-out>
  <system-err><![CDATA[]]></system-err>
</testsuite>
