<?xml version="1.0" encoding="UTF-8"?>
<testsuite name="org.springframework.test.context.cache.ClassLevelDirtiesContextTests" tests="1" skipped="0" failures="0" errors="0" timestamp="2023-03-06T08:15:51" hostname="DESKTOP-VGJP1PJ" time="4.228">
  <properties/>
  <testcase name="verifyDirtiesContextBehavior()" classname="org.springframework.test.context.cache.ClassLevelDirtiesContextTests" time="4.228"/>
  <system-out><![CDATA[]]></system-out>
  <system-err><![CDATA[]]></system-err>
</testsuite>
