<?xml version="1.0" encoding="UTF-8"?>
<testsuite name="org.springframework.test.util.OverriddenMetaAnnotationAttributesTests" tests="4" skipped="0" failures="0" errors="0" timestamp="2023-03-06T08:16:49" hostname="DESKTOP-VGJP1PJ" time="0.007">
  <properties/>
  <testcase name="overriddenContextConfigurationLocationsAndInheritLocations()" classname="org.springframework.test.util.OverriddenMetaAnnotationAttributesTests" time="0.004"/>
  <testcase name="contextConfigurationValue()" classname="org.springframework.test.util.OverriddenMetaAnnotationAttributesTests" time="0.002"/>
  <testcase name="overriddenContextConfigurationValue()" classname="org.springframework.test.util.OverriddenMetaAnnotationAttributesTests" time="0.001"/>
  <testcase name="contextConfigurationLocationsAndInheritLocations()" classname="org.springframework.test.util.OverriddenMetaAnnotationAttributesTests" time="0.0"/>
  <system-out><![CDATA[]]></system-out>
  <system-err><![CDATA[]]></system-err>
</testsuite>
