<?xml version="1.0" encoding="UTF-8"?>
<testsuite name="org.springframework.test.context.junit.jupiter.nested.NestedTestsWithSqlScriptsAndJUnitJupiterTests$NestedTests" tests="1" skipped="0" failures="0" errors="0" timestamp="2023-03-06T08:16:15" hostname="DESKTOP-VGJP1PJ" time="0.005">
  <properties/>
  <testcase name="nestedSqlScripts()" classname="org.springframework.test.context.junit.jupiter.nested.NestedTestsWithSqlScriptsAndJUnitJupiterTests$NestedTests" time="0.005"/>
  <system-out><![CDATA[]]></system-out>
  <system-err><![CDATA[]]></system-err>
</testsuite>
