<?xml version="1.0" encoding="UTF-8"?>
<testsuite name="org.springframework.test.context.junit4.rules.ProgrammaticTxMgmtSpringRuleTests" tests="12" skipped="0" failures="0" errors="0" timestamp="2023-03-06T08:17:55" hostname="DESKTOP-VGJP1PJ" time="0.134">
  <properties/>
  <testcase name="rollbackTxAndStartNewTx" classname="org.springframework.test.context.junit4.rules.ProgrammaticTxMgmtSpringRuleTests" time="0.073"/>
  <testcase name="isFlaggedForRollbackWithNonExistentTransactionContext" classname="org.springframework.test.context.junit4.rules.ProgrammaticTxMgmtSpringRuleTests" time="0.002"/>
  <testcase name="flagForCommitWithNonExistentTransactionContext" classname="org.springframework.test.context.junit4.rules.ProgrammaticTxMgmtSpringRuleTests" time="0.002"/>
  <testcase name="isActiveWithNonExistentTransactionContext" classname="org.springframework.test.context.junit4.rules.ProgrammaticTxMgmtSpringRuleTests" time="0.001"/>
  <testcase name="flagForRollbackWithNonExistentTransactionContext" classname="org.springframework.test.context.junit4.rules.ProgrammaticTxMgmtSpringRuleTests" time="0.001"/>
  <testcase name="endTxWithNonExistentTransactionContext" classname="org.springframework.test.context.junit4.rules.ProgrammaticTxMgmtSpringRuleTests" time="0.003"/>
  <testcase name="rollbackTxButDoNotStartNewTx" classname="org.springframework.test.context.junit4.rules.ProgrammaticTxMgmtSpringRuleTests" time="0.012"/>
  <testcase name="startTxWithExistingTransaction" classname="org.springframework.test.context.junit4.rules.ProgrammaticTxMgmtSpringRuleTests" time="0.006"/>
  <testcase name="startTxWithNonExistentTransactionContext" classname="org.springframework.test.context.junit4.rules.ProgrammaticTxMgmtSpringRuleTests" time="0.003"/>
  <testcase name="commitTxButDoNotStartNewTx" classname="org.springframework.test.context.junit4.rules.ProgrammaticTxMgmtSpringRuleTests" time="0.012"/>
  <testcase name="commitTxAndStartNewTx" classname="org.springframework.test.context.junit4.rules.ProgrammaticTxMgmtSpringRuleTests" time="0.008"/>
  <testcase name="rollbackTxAndStartNewTxWithDefaultCommitSemantics" classname="org.springframework.test.context.junit4.rules.ProgrammaticTxMgmtSpringRuleTests" time="0.007"/>
  <system-out><![CDATA[]]></system-out>
  <system-err><![CDATA[]]></system-err>
</testsuite>
