<?xml version="1.0" encoding="UTF-8"?>
<testsuite name="org.springframework.test.util.ReflectionTestUtilsTests" tests="46" skipped="1" failures="0" errors="0" timestamp="2023-03-06T08:16:49" hostname="DESKTOP-VGJP1PJ" time="0.132">
  <properties/>
  <testcase name="invokeStaticMethodWithNullMethodName()" classname="org.springframework.test.util.ReflectionTestUtilsTests" time="0.002"/>
  <testcase name="invokePrivateStaticMethodWithoutArguments()" classname="org.springframework.test.util.ReflectionTestUtilsTests" time="0.002"/>
  <testcase name="invokeMethodWithTooManyArguments()" classname="org.springframework.test.util.ReflectionTestUtilsTests" time="0.0"/>
  <testcase name="setFieldWithNullValueForPrimitiveLong()" classname="org.springframework.test.util.ReflectionTestUtilsTests" time="0.026"/>
  <testcase name="setFieldWithNullTargetObject()" classname="org.springframework.test.util.ReflectionTestUtilsTests" time="0.001"/>
  <testcase name="invokeMethodWithAutoboxingAndUnboxing()" classname="org.springframework.test.util.ReflectionTestUtilsTests" time="0.0"/>
  <testcase name="invokeMethodWithIncompatibleArgumentTypes()" classname="org.springframework.test.util.ReflectionTestUtilsTests" time="0.0"/>
  <testcase name="setFieldOnLegacyEntityWithSideEffectsInToString()" classname="org.springframework.test.util.ReflectionTestUtilsTests" time="0.001"/>
  <testcase name="setFieldWithNullTargetClass()" classname="org.springframework.test.util.ReflectionTestUtilsTests" time="0.001"/>
  <testcase name="setFieldWithNullValueForPrimitiveInt()" classname="org.springframework.test.util.ReflectionTestUtilsTests" time="0.002"/>
  <testcase name="invokePublicStaticMethodWithoutArguments()" classname="org.springframework.test.util.ReflectionTestUtilsTests" time="0.003"/>
  <testcase name="setFieldWithNullValuesForNonPrimitives()" classname="org.springframework.test.util.ReflectionTestUtilsTests" time="0.003"/>
  <testcase name="invokeSetterMethodAndInvokeGetterMethodWithExplicitMethodNames()" classname="org.springframework.test.util.ReflectionTestUtilsTests" time="0.002"/>
  <testcase name="setFieldAndGetFieldForStandardUseCases()" classname="org.springframework.test.util.ReflectionTestUtilsTests" time="0.002"/>
  <testcase name="invokeGetterMethodOnLegacyEntityWithSideEffectsInToString()" classname="org.springframework.test.util.ReflectionTestUtilsTests" time="0.001"/>
  <testcase name="setFieldAndGetFieldViaCglibProxy()" classname="org.springframework.test.util.ReflectionTestUtilsTests" time="0.021"/>
  <testcase name="invokeMethodWithPrimitiveVarArgsAsSingleArgument()" classname="org.springframework.test.util.ReflectionTestUtilsTests" time="0.001"/>
  <testcase name="setFieldAndGetFieldViaJdkDynamicProxy()" classname="org.springframework.test.util.ReflectionTestUtilsTests" time="0.007"/>
  <testcase name="invokeStaticMethodWithNullTargetObjectAndNullTargetClass()" classname="org.springframework.test.util.ReflectionTestUtilsTests" time="0.019"/>
  <testcase name="invokeStaticMethodWithNullTargetClass()" classname="org.springframework.test.util.ReflectionTestUtilsTests" time="0.0"/>
  <testcase name="invokeMethodWithPrimitiveVarArgs()" classname="org.springframework.test.util.ReflectionTestUtilsTests" time="0.0">
    <skipped/>
  </testcase>
  <testcase name="invokeSetterMethodWithNullValuesForNonPrimitives()" classname="org.springframework.test.util.ReflectionTestUtilsTests" time="0.001"/>
  <testcase name="setStaticFieldViaClassWithExplicitType()" classname="org.springframework.test.util.ReflectionTestUtilsTests" time="0.001"/>
  <testcase name="invokeSetterMethodOnLegacyEntityWithSideEffectsInToString()" classname="org.springframework.test.util.ReflectionTestUtilsTests" time="0.001"/>
  <testcase name="invokeSetterMethodWithNullValueForPrimitiveLong()" classname="org.springframework.test.util.ReflectionTestUtilsTests" time="0.002"/>
  <testcase name="invokePublicStaticVoidMethodWithArguments()" classname="org.springframework.test.util.ReflectionTestUtilsTests" time="0.001"/>
  <testcase name="getFieldWithNullTargetClass()" classname="org.springframework.test.util.ReflectionTestUtilsTests" time="0.002"/>
  <testcase name="invokeMethodOnLegacyEntityWithSideEffectsInToString()" classname="org.springframework.test.util.ReflectionTestUtilsTests" time="0.0"/>
  <testcase name="invokePrivateStaticVoidMethodWithArguments()" classname="org.springframework.test.util.ReflectionTestUtilsTests" time="0.0"/>
  <testcase name="invokeInitMethodBeforeAutowiring()" classname="org.springframework.test.util.ReflectionTestUtilsTests" time="0.001"/>
  <testcase name="invokeSetterMethodWithNullValueForPrimitiveBoolean()" classname="org.springframework.test.util.ReflectionTestUtilsTests" time="0.001"/>
  <testcase name="getStaticFieldViaClass()" classname="org.springframework.test.util.ReflectionTestUtilsTests" time="0.0"/>
  <testcase name="getFieldOnLegacyEntityWithSideEffectsInToString()" classname="org.springframework.test.util.ReflectionTestUtilsTests" time="0.001"/>
  <testcase name="getStaticFieldViaInstance()" classname="org.springframework.test.util.ReflectionTestUtilsTests" time="0.001"/>
  <testcase name="getFieldWithNullTargetObject()" classname="org.springframework.test.util.ReflectionTestUtilsTests" time="0.0"/>
  <testcase name="invokeStaticMethodWithEmptyMethodName()" classname="org.springframework.test.util.ReflectionTestUtilsTests" time="0.001"/>
  <testcase name="setStaticFieldViaInstance()" classname="org.springframework.test.util.ReflectionTestUtilsTests" time="0.001"/>
  <testcase name="invokeMethodWithTooFewArguments()" classname="org.springframework.test.util.ReflectionTestUtilsTests" time="0.001"/>
  <testcase name="invokeSetterMethodAndInvokeGetterMethodWithJavaBeanPropertyNames()" classname="org.springframework.test.util.ReflectionTestUtilsTests" time="0.003"/>
  <testcase name="setFieldWithNullNameAndNullType()" classname="org.springframework.test.util.ReflectionTestUtilsTests" time="0.001"/>
  <testcase name="setStaticFieldViaClass()" classname="org.springframework.test.util.ReflectionTestUtilsTests" time="0.0"/>
  <testcase name="invokeSetterMethodWithNullValueForPrimitiveInt()" classname="org.springframework.test.util.ReflectionTestUtilsTests" time="0.001"/>
  <testcase name="setFieldWithWrongType()" classname="org.springframework.test.util.ReflectionTestUtilsTests" time="0.001"/>
  <testcase name="setFieldWithNullValueForPrimitiveBoolean()" classname="org.springframework.test.util.ReflectionTestUtilsTests" time="0.001"/>
  <testcase name="setFieldWithBogusName()" classname="org.springframework.test.util.ReflectionTestUtilsTests" time="0.001"/>
  <testcase name="invokeMethodSimulatingLifecycleEvents()" classname="org.springframework.test.util.ReflectionTestUtilsTests" time="0.001"/>
  <system-out><![CDATA[03:16:49.750 [Test worker] DEBUG o.s.t.u.ReflectionTestUtils - Invoking method 'privateMethod' on target object [null] or target class [org.springframework.test.util.subpackage.StaticMethods] with arguments {}
03:16:49.778 [Test worker] DEBUG o.s.t.u.ReflectionTestUtils - Setting field 'id' of type [long] on target object [[PersonEntity@311009fe id = 0, name = [null], age = 0, eyeColor = [null], likesPets = false, favoriteNumber = [null]]] or target class [class org.springframework.test.util.subpackage.PersonEntity] to value [null]
03:16:49.781 [Test worker] DEBUG o.s.t.u.ReflectionTestUtils - Invoking method 'subtract' on target object [org.springframework.test.util.subpackage.Component@25fdde2d] or target class [null] with arguments {5, 2}
03:16:49.782 [Test worker] DEBUG o.s.t.u.ReflectionTestUtils - Setting field 'collaborator' of type [class java.lang.Object] on target of type [org.springframework.test.util.subpackage.LegacyEntity] whose toString() method threw [org.springframework.test.util.subpackage.LegacyEntityException: Invoking toString() on the default collaborator causes an undesirable side effect] or target class [class org.springframework.test.util.subpackage.LegacyEntity] to value [test collaborator]
03:16:49.784 [Test worker] DEBUG o.s.t.u.ReflectionTestUtils - Setting field 'age' of type [int] on target object [[PersonEntity@49cb5151 id = 0, name = [null], age = 0, eyeColor = [null], likesPets = false, favoriteNumber = [null]]] or target class [class org.springframework.test.util.subpackage.PersonEntity] to value [null]
03:16:49.788 [Test worker] DEBUG o.s.t.u.ReflectionTestUtils - Invoking method 'publicMethod' on target object [null] or target class [org.springframework.test.util.subpackage.StaticMethods] with arguments {}
03:16:49.790 [Test worker] DEBUG o.s.t.u.ReflectionTestUtils - Setting field 'name' of type [null] on target object [[PersonEntity@7c91c13d id = 0, name = [null], age = 0, eyeColor = [null], likesPets = false, favoriteNumber = [null]]] or target class [class org.springframework.test.util.subpackage.PersonEntity] to value [Tom]
03:16:49.791 [Test worker] DEBUG o.s.t.u.ReflectionTestUtils - Setting field 'eyeColor' of type [class java.lang.String] on target object [[PersonEntity@7c91c13d id = 0, name = 'Tom', age = 0, eyeColor = [null], likesPets = false, favoriteNumber = [null]]] or target class [class org.springframework.test.util.subpackage.PersonEntity] to value [blue]
03:16:49.792 [Test worker] DEBUG o.s.t.u.ReflectionTestUtils - Setting field 'favoriteNumber' of type [class java.lang.Number] on target object [[PersonEntity@7c91c13d id = 0, name = 'Tom', age = 0, eyeColor = 'blue', likesPets = false, favoriteNumber = [null]]] or target class [class org.springframework.test.util.subpackage.PersonEntity] to value [3.142857]
03:16:49.792 [Test worker] DEBUG o.s.t.u.ReflectionTestUtils - Setting field 'name' of type [class java.lang.String] on target object [[PersonEntity@7c91c13d id = 0, name = 'Tom', age = 0, eyeColor = 'blue', likesPets = false, favoriteNumber = 3.142857]] or target class [class org.springframework.test.util.subpackage.PersonEntity] to value [null]
03:16:49.792 [Test worker] DEBUG o.s.t.u.ReflectionTestUtils - Setting field 'eyeColor' of type [class java.lang.String] on target object [[PersonEntity@7c91c13d id = 0, name = [null], age = 0, eyeColor = 'blue', likesPets = false, favoriteNumber = 3.142857]] or target class [class org.springframework.test.util.subpackage.PersonEntity] to value [null]
03:16:49.793 [Test worker] DEBUG o.s.t.u.ReflectionTestUtils - Setting field 'favoriteNumber' of type [class java.lang.Number] on target object [[PersonEntity@7c91c13d id = 0, name = [null], age = 0, eyeColor = [null], likesPets = false, favoriteNumber = 3.142857]] or target class [class org.springframework.test.util.subpackage.PersonEntity] to value [null]
03:16:49.794 [Test worker] DEBUG o.s.t.u.ReflectionTestUtils - Invoking setter method 'setId' on target object [[PersonEntity@43b26e8d id = 0, name = [null], age = 0, eyeColor = [null], likesPets = false, favoriteNumber = [null]]] with value [1]
03:16:49.794 [Test worker] DEBUG o.s.t.u.ReflectionTestUtils - Invoking setter method 'setName' on target object [[PersonEntity@43b26e8d id = 1, name = [null], age = 0, eyeColor = [null], likesPets = false, favoriteNumber = [null]]] with value [Jerry]
03:16:49.794 [Test worker] DEBUG o.s.t.u.ReflectionTestUtils - Invoking setter method 'setAge' on target object [[PersonEntity@43b26e8d id = 1, name = 'Jerry', age = 0, eyeColor = [null], likesPets = false, favoriteNumber = [null]]] with value [33]
03:16:49.794 [Test worker] DEBUG o.s.t.u.ReflectionTestUtils - Invoking setter method 'setEyeColor' on target object [[PersonEntity@43b26e8d id = 1, name = 'Jerry', age = 33, eyeColor = [null], likesPets = false, favoriteNumber = [null]]] with value [green]
03:16:49.795 [Test worker] DEBUG o.s.t.u.ReflectionTestUtils - Invoking setter method 'setLikesPets' on target object [[PersonEntity@43b26e8d id = 1, name = 'Jerry', age = 33, eyeColor = 'green', likesPets = false, favoriteNumber = [null]]] with value [false]
03:16:49.795 [Test worker] DEBUG o.s.t.u.ReflectionTestUtils - Invoking setter method 'setFavoriteNumber' on target object [[PersonEntity@43b26e8d id = 1, name = 'Jerry', age = 33, eyeColor = 'green', likesPets = false, favoriteNumber = [null]]] with value [42]
03:16:49.795 [Test worker] DEBUG o.s.t.u.ReflectionTestUtils - Invoking getter method 'getId' on target object [[PersonEntity@43b26e8d id = 1, name = 'Jerry', age = 33, eyeColor = 'green', likesPets = false, favoriteNumber = 42]]
03:16:49.795 [Test worker] DEBUG o.s.t.u.ReflectionTestUtils - Invoking getter method 'getName' on target object [[PersonEntity@43b26e8d id = 1, name = 'Jerry', age = 33, eyeColor = 'green', likesPets = false, favoriteNumber = 42]]
03:16:49.795 [Test worker] DEBUG o.s.t.u.ReflectionTestUtils - Invoking getter method 'getAge' on target object [[PersonEntity@43b26e8d id = 1, name = 'Jerry', age = 33, eyeColor = 'green', likesPets = false, favoriteNumber = 42]]
03:16:49.796 [Test worker] DEBUG o.s.t.u.ReflectionTestUtils - Invoking getter method 'getEyeColor' on target object [[PersonEntity@43b26e8d id = 1, name = 'Jerry', age = 33, eyeColor = 'green', likesPets = false, favoriteNumber = 42]]
03:16:49.796 [Test worker] DEBUG o.s.t.u.ReflectionTestUtils - Invoking getter method 'likesPets' on target object [[PersonEntity@43b26e8d id = 1, name = 'Jerry', age = 33, eyeColor = 'green', likesPets = false, favoriteNumber = 42]]
03:16:49.796 [Test worker] DEBUG o.s.t.u.ReflectionTestUtils - Invoking getter method 'getFavoriteNumber' on target object [[PersonEntity@43b26e8d id = 1, name = 'Jerry', age = 33, eyeColor = 'green', likesPets = false, favoriteNumber = 42]]
03:16:49.796 [Test worker] DEBUG o.s.t.u.ReflectionTestUtils - Setting field 'id' of type [long] on target object [[PersonEntity@50e0fe73 id = 0, name = [null], age = 0, eyeColor = [null], likesPets = false, favoriteNumber = [null]]] or target class [class org.springframework.test.util.subpackage.PersonEntity] to value [99]
03:16:49.797 [Test worker] DEBUG o.s.t.u.ReflectionTestUtils - Setting field 'name' of type [null] on target object [[PersonEntity@50e0fe73 id = 99, name = [null], age = 0, eyeColor = [null], likesPets = false, favoriteNumber = [null]]] or target class [class org.springframework.test.util.subpackage.PersonEntity] to value [Tom]
03:16:49.797 [Test worker] DEBUG o.s.t.u.ReflectionTestUtils - Setting field 'age' of type [null] on target object [[PersonEntity@50e0fe73 id = 99, name = 'Tom', age = 0, eyeColor = [null], likesPets = false, favoriteNumber = [null]]] or target class [class org.springframework.test.util.subpackage.PersonEntity] to value [42]
03:16:49.797 [Test worker] DEBUG o.s.t.u.ReflectionTestUtils - Setting field 'eyeColor' of type [class java.lang.String] on target object [[PersonEntity@50e0fe73 id = 99, name = 'Tom', age = 42, eyeColor = [null], likesPets = false, favoriteNumber = [null]]] or target class [class org.springframework.test.util.subpackage.PersonEntity] to value [blue]
03:16:49.797 [Test worker] DEBUG o.s.t.u.ReflectionTestUtils - Setting field 'likesPets' of type [null] on target object [[PersonEntity@50e0fe73 id = 99, name = 'Tom', age = 42, eyeColor = 'blue', likesPets = false, favoriteNumber = [null]]] or target class [class org.springframework.test.util.subpackage.PersonEntity] to value [true]
03:16:49.798 [Test worker] DEBUG o.s.t.u.ReflectionTestUtils - Setting field 'favoriteNumber' of type [class java.lang.Number] on target object [[PersonEntity@50e0fe73 id = 99, name = 'Tom', age = 42, eyeColor = 'blue', likesPets = true, favoriteNumber = [null]]] or target class [class org.springframework.test.util.subpackage.PersonEntity] to value [3.142857]
03:16:49.798 [Test worker] DEBUG o.s.t.u.ReflectionTestUtils - Getting field 'id' from target object [[PersonEntity@50e0fe73 id = 99, name = 'Tom', age = 42, eyeColor = 'blue', likesPets = true, favoriteNumber = 3.142857]] or target class [class org.springframework.test.util.subpackage.PersonEntity]
03:16:49.798 [Test worker] DEBUG o.s.t.u.ReflectionTestUtils - Getting field 'name' from target object [[PersonEntity@50e0fe73 id = 99, name = 'Tom', age = 42, eyeColor = 'blue', likesPets = true, favoriteNumber = 3.142857]] or target class [class org.springframework.test.util.subpackage.PersonEntity]
03:16:49.798 [Test worker] DEBUG o.s.t.u.ReflectionTestUtils - Getting field 'age' from target object [[PersonEntity@50e0fe73 id = 99, name = 'Tom', age = 42, eyeColor = 'blue', likesPets = true, favoriteNumber = 3.142857]] or target class [class org.springframework.test.util.subpackage.PersonEntity]
03:16:49.798 [Test worker] DEBUG o.s.t.u.ReflectionTestUtils - Getting field 'eyeColor' from target object [[PersonEntity@50e0fe73 id = 99, name = 'Tom', age = 42, eyeColor = 'blue', likesPets = true, favoriteNumber = 3.142857]] or target class [class org.springframework.test.util.subpackage.PersonEntity]
03:16:49.799 [Test worker] DEBUG o.s.t.u.ReflectionTestUtils - Getting field 'likesPets' from target object [[PersonEntity@50e0fe73 id = 99, name = 'Tom', age = 42, eyeColor = 'blue', likesPets = true, favoriteNumber = 3.142857]] or target class [class org.springframework.test.util.subpackage.PersonEntity]
03:16:49.799 [Test worker] DEBUG o.s.t.u.ReflectionTestUtils - Getting field 'favoriteNumber' from target object [[PersonEntity@50e0fe73 id = 99, name = 'Tom', age = 42, eyeColor = 'blue', likesPets = true, favoriteNumber = 3.142857]] or target class [class org.springframework.test.util.subpackage.PersonEntity]
03:16:49.799 [Test worker] DEBUG o.s.t.u.ReflectionTestUtils - Invoking getter method 'getCollaborator' on target of type [org.springframework.test.util.subpackage.LegacyEntity] whose toString() method threw [org.springframework.test.util.subpackage.LegacyEntityException: Invoking toString() on the default collaborator causes an undesirable side effect]
03:16:49.812 [Test worker] DEBUG o.s.t.u.ReflectionTestUtils - Setting field 'id' of type [long] on target object [[PersonEntity@15e789eb id = 0, name = [null], age = 0, eyeColor = [null], likesPets = false, favoriteNumber = [null]]] or target class [class org.springframework.test.util.subpackage.PersonEntity] to value [99]
03:16:49.812 [Test worker] DEBUG o.s.t.u.ReflectionTestUtils - Setting field 'name' of type [null] on target object [[PersonEntity@15e789eb id = 99, name = [null], age = 0, eyeColor = [null], likesPets = false, favoriteNumber = [null]]] or target class [class org.springframework.test.util.subpackage.PersonEntity] to value [Tom]
03:16:49.812 [Test worker] DEBUG o.s.t.u.ReflectionTestUtils - Setting field 'age' of type [null] on target object [[PersonEntity@15e789eb id = 99, name = 'Tom', age = 0, eyeColor = [null], likesPets = false, favoriteNumber = [null]]] or target class [class org.springframework.test.util.subpackage.PersonEntity] to value [42]
03:16:49.813 [Test worker] DEBUG o.s.t.u.ReflectionTestUtils - Setting field 'eyeColor' of type [class java.lang.String] on target object [[PersonEntity@15e789eb id = 99, name = 'Tom', age = 42, eyeColor = [null], likesPets = false, favoriteNumber = [null]]] or target class [class org.springframework.test.util.subpackage.PersonEntity] to value [blue]
03:16:49.813 [Test worker] DEBUG o.s.t.u.ReflectionTestUtils - Setting field 'likesPets' of type [null] on target object [[PersonEntity@15e789eb id = 99, name = 'Tom', age = 42, eyeColor = 'blue', likesPets = false, favoriteNumber = [null]]] or target class [class org.springframework.test.util.subpackage.PersonEntity] to value [true]
03:16:49.813 [Test worker] DEBUG o.s.t.u.ReflectionTestUtils - Setting field 'favoriteNumber' of type [class java.lang.Number] on target object [[PersonEntity@15e789eb id = 99, name = 'Tom', age = 42, eyeColor = 'blue', likesPets = true, favoriteNumber = [null]]] or target class [class org.springframework.test.util.subpackage.PersonEntity] to value [3.142857]
03:16:49.813 [Test worker] DEBUG o.s.t.u.ReflectionTestUtils - Getting field 'id' from target object [[PersonEntity@15e789eb id = 99, name = 'Tom', age = 42, eyeColor = 'blue', likesPets = true, favoriteNumber = 3.142857]] or target class [class org.springframework.test.util.subpackage.PersonEntity]
03:16:49.814 [Test worker] DEBUG o.s.t.u.ReflectionTestUtils - Getting field 'name' from target object [[PersonEntity@15e789eb id = 99, name = 'Tom', age = 42, eyeColor = 'blue', likesPets = true, favoriteNumber = 3.142857]] or target class [class org.springframework.test.util.subpackage.PersonEntity]
03:16:49.814 [Test worker] DEBUG o.s.t.u.ReflectionTestUtils - Getting field 'age' from target object [[PersonEntity@15e789eb id = 99, name = 'Tom', age = 42, eyeColor = 'blue', likesPets = true, favoriteNumber = 3.142857]] or target class [class org.springframework.test.util.subpackage.PersonEntity]
03:16:49.814 [Test worker] DEBUG o.s.t.u.ReflectionTestUtils - Getting field 'eyeColor' from target object [[PersonEntity@15e789eb id = 99, name = 'Tom', age = 42, eyeColor = 'blue', likesPets = true, favoriteNumber = 3.142857]] or target class [class org.springframework.test.util.subpackage.PersonEntity]
03:16:49.814 [Test worker] DEBUG o.s.t.u.ReflectionTestUtils - Getting field 'likesPets' from target object [[PersonEntity@15e789eb id = 99, name = 'Tom', age = 42, eyeColor = 'blue', likesPets = true, favoriteNumber = 3.142857]] or target class [class org.springframework.test.util.subpackage.PersonEntity]
03:16:49.814 [Test worker] DEBUG o.s.t.u.ReflectionTestUtils - Getting field 'favoriteNumber' from target object [[PersonEntity@15e789eb id = 99, name = 'Tom', age = 42, eyeColor = 'blue', likesPets = true, favoriteNumber = 3.142857]] or target class [class org.springframework.test.util.subpackage.PersonEntity]
03:16:49.822 [Test worker] DEBUG o.s.t.u.ReflectionTestUtils - Invoking method 'add' on target object [org.springframework.test.util.subpackage.Component@4f359315] or target class [null] with arguments {[I@61f134a1}
03:16:49.825 [Test worker] DEBUG o.s.t.u.ReflectionTestUtils - Setting field 'id' of type [long] on target object [[PersonEntity@1b2649b3 id = 0, name = [null], age = 0, eyeColor = [null], likesPets = false, favoriteNumber = [null]]] or target class [class org.springframework.test.util.subpackage.PersonEntity] to value [99]
03:16:49.825 [Test worker] DEBUG o.s.t.u.ReflectionTestUtils - Setting field 'name' of type [null] on target object [[PersonEntity@1b2649b3 id = 99, name = [null], age = 0, eyeColor = [null], likesPets = false, favoriteNumber = [null]]] or target class [class org.springframework.test.util.subpackage.PersonEntity] to value [Tom]
03:16:49.825 [Test worker] DEBUG o.s.t.u.ReflectionTestUtils - Setting field 'age' of type [null] on target object [[PersonEntity@1b2649b3 id = 99, name = 'Tom', age = 0, eyeColor = [null], likesPets = false, favoriteNumber = [null]]] or target class [class org.springframework.test.util.subpackage.PersonEntity] to value [42]
03:16:49.825 [Test worker] DEBUG o.s.t.u.ReflectionTestUtils - Setting field 'eyeColor' of type [class java.lang.String] on target object [[PersonEntity@1b2649b3 id = 99, name = 'Tom', age = 42, eyeColor = [null], likesPets = false, favoriteNumber = [null]]] or target class [class org.springframework.test.util.subpackage.PersonEntity] to value [blue]
03:16:49.825 [Test worker] DEBUG o.s.t.u.ReflectionTestUtils - Setting field 'likesPets' of type [null] on target object [[PersonEntity@1b2649b3 id = 99, name = 'Tom', age = 42, eyeColor = 'blue', likesPets = false, favoriteNumber = [null]]] or target class [class org.springframework.test.util.subpackage.PersonEntity] to value [true]
03:16:49.826 [Test worker] DEBUG o.s.t.u.ReflectionTestUtils - Setting field 'favoriteNumber' of type [class java.lang.Number] on target object [[PersonEntity@1b2649b3 id = 99, name = 'Tom', age = 42, eyeColor = 'blue', likesPets = true, favoriteNumber = [null]]] or target class [class org.springframework.test.util.subpackage.PersonEntity] to value [3.142857]
03:16:49.826 [Test worker] DEBUG o.s.t.u.ReflectionTestUtils - Getting field 'id' from target object [[PersonEntity@1b2649b3 id = 99, name = 'Tom', age = 42, eyeColor = 'blue', likesPets = true, favoriteNumber = 3.142857]] or target class [class org.springframework.test.util.subpackage.PersonEntity]
03:16:49.828 [Test worker] DEBUG o.s.t.u.ReflectionTestUtils - Getting field 'name' from target object [[PersonEntity@1b2649b3 id = 99, name = 'Tom', age = 42, eyeColor = 'blue', likesPets = true, favoriteNumber = 3.142857]] or target class [class org.springframework.test.util.subpackage.PersonEntity]
03:16:49.828 [Test worker] DEBUG o.s.t.u.ReflectionTestUtils - Getting field 'age' from target object [[PersonEntity@1b2649b3 id = 99, name = 'Tom', age = 42, eyeColor = 'blue', likesPets = true, favoriteNumber = 3.142857]] or target class [class org.springframework.test.util.subpackage.PersonEntity]
03:16:49.828 [Test worker] DEBUG o.s.t.u.ReflectionTestUtils - Getting field 'eyeColor' from target object [[PersonEntity@1b2649b3 id = 99, name = 'Tom', age = 42, eyeColor = 'blue', likesPets = true, favoriteNumber = 3.142857]] or target class [class org.springframework.test.util.subpackage.PersonEntity]
03:16:49.828 [Test worker] DEBUG o.s.t.u.ReflectionTestUtils - Getting field 'likesPets' from target object [[PersonEntity@1b2649b3 id = 99, name = 'Tom', age = 42, eyeColor = 'blue', likesPets = true, favoriteNumber = 3.142857]] or target class [class org.springframework.test.util.subpackage.PersonEntity]
03:16:49.828 [Test worker] DEBUG o.s.t.u.ReflectionTestUtils - Getting field 'favoriteNumber' from target object [[PersonEntity@1b2649b3 id = 99, name = 'Tom', age = 42, eyeColor = 'blue', likesPets = true, favoriteNumber = 3.142857]] or target class [class org.springframework.test.util.subpackage.PersonEntity]
03:16:49.850 [Test worker] DEBUG o.s.t.u.ReflectionTestUtils - Invoking setter method 'setName' on target object [[PersonEntity@320ccf7b id = 0, name = [null], age = 0, eyeColor = [null], likesPets = false, favoriteNumber = [null]]] with value [null]
03:16:49.851 [Test worker] DEBUG o.s.t.u.ReflectionTestUtils - Invoking setter method 'setEyeColor' on target object [[PersonEntity@320ccf7b id = 0, name = [null], age = 0, eyeColor = [null], likesPets = false, favoriteNumber = [null]]] with value [null]
03:16:49.851 [Test worker] DEBUG o.s.t.u.ReflectionTestUtils - Invoking setter method 'setFavoriteNumber' on target object [[PersonEntity@320ccf7b id = 0, name = [null], age = 0, eyeColor = [null], likesPets = false, favoriteNumber = [null]]] with value [null]
03:16:49.852 [Test worker] DEBUG o.s.t.u.ReflectionTestUtils - Setting field 'publicField' of type [class java.lang.String] on target object [null] or target class [class org.springframework.test.util.subpackage.StaticFields] to value [xxx]
03:16:49.852 [Test worker] DEBUG o.s.t.u.ReflectionTestUtils - Setting field 'privateField' of type [class java.lang.String] on target object [null] or target class [class org.springframework.test.util.subpackage.StaticFields] to value [yyy]
03:16:49.853 [Test worker] DEBUG o.s.t.u.ReflectionTestUtils - Invoking setter method 'setCollaborator' on target of type [org.springframework.test.util.subpackage.LegacyEntity] whose toString() method threw [org.springframework.test.util.subpackage.LegacyEntityException: Invoking toString() on the default collaborator causes an undesirable side effect] with value [test collaborator]
03:16:49.855 [Test worker] DEBUG o.s.t.u.ReflectionTestUtils - Invoking setter method 'setId' on target object [[PersonEntity@5b1c9b2 id = 0, name = [null], age = 0, eyeColor = [null], likesPets = false, favoriteNumber = [null]]] with value [null]
03:16:49.856 [Test worker] DEBUG o.s.t.u.ReflectionTestUtils - Invoking method 'publicMethod' on target object [null] or target class [org.springframework.test.util.subpackage.StaticMethods] with arguments {test collaborator}
03:16:49.859 [Test worker] DEBUG o.s.t.u.ReflectionTestUtils - Invoking method 'configure' on target of type [org.springframework.test.util.subpackage.LegacyEntity] whose toString() method threw [org.springframework.test.util.subpackage.LegacyEntityException: Invoking toString() on the default collaborator causes an undesirable side effect] or target class [null] with arguments {42, enigma}
03:16:49.860 [Test worker] DEBUG o.s.t.u.ReflectionTestUtils - Invoking method 'privateMethod' on target object [null] or target class [org.springframework.test.util.subpackage.StaticMethods] with arguments {test collaborator}
03:16:49.861 [Test worker] DEBUG o.s.t.u.ReflectionTestUtils - Invoking method 'init' on target object [org.springframework.test.util.subpackage.Component@28bb653e] or target class [null] with arguments {}
03:16:49.862 [Test worker] DEBUG o.s.t.u.ReflectionTestUtils - Invoking setter method 'setLikesPets' on target object [[PersonEntity@405c20d9 id = 0, name = [null], age = 0, eyeColor = [null], likesPets = false, favoriteNumber = [null]]] with value [null]
03:16:49.863 [Test worker] DEBUG o.s.t.u.ReflectionTestUtils - Getting field 'publicField' from target object [null] or target class [class org.springframework.test.util.subpackage.StaticFields]
03:16:49.863 [Test worker] DEBUG o.s.t.u.ReflectionTestUtils - Getting field 'privateField' from target object [null] or target class [class org.springframework.test.util.subpackage.StaticFields]
03:16:49.863 [Test worker] DEBUG o.s.t.u.ReflectionTestUtils - Getting field 'collaborator' from target of type [org.springframework.test.util.subpackage.LegacyEntity] whose toString() method threw [org.springframework.test.util.subpackage.LegacyEntityException: Invoking toString() on the default collaborator causes an undesirable side effect] or target class [class org.springframework.test.util.subpackage.LegacyEntity]
03:16:49.864 [Test worker] DEBUG o.s.t.u.ReflectionTestUtils - Getting field 'publicField' from target object [org.springframework.test.util.subpackage.StaticFields@7691e25f] or target class [class org.springframework.test.util.subpackage.StaticFields]
03:16:49.864 [Test worker] DEBUG o.s.t.u.ReflectionTestUtils - Getting field 'privateField' from target object [org.springframework.test.util.subpackage.StaticFields@7691e25f] or target class [class org.springframework.test.util.subpackage.StaticFields]
03:16:49.866 [Test worker] DEBUG o.s.t.u.ReflectionTestUtils - Setting field 'publicField' of type [null] on target object [org.springframework.test.util.subpackage.StaticFields@76de77b1] or target class [class org.springframework.test.util.subpackage.StaticFields] to value [xxx]
03:16:49.867 [Test worker] DEBUG o.s.t.u.ReflectionTestUtils - Setting field 'privateField' of type [null] on target object [org.springframework.test.util.subpackage.StaticFields@76de77b1] or target class [class org.springframework.test.util.subpackage.StaticFields] to value [yyy]
03:16:49.868 [Test worker] DEBUG o.s.t.u.ReflectionTestUtils - Invoking setter method 'setId' on target object [[PersonEntity@379754b5 id = 0, name = [null], age = 0, eyeColor = [null], likesPets = false, favoriteNumber = [null]]] with value [99]
03:16:49.869 [Test worker] DEBUG o.s.t.u.ReflectionTestUtils - Invoking setter method 'setName' on target object [[PersonEntity@379754b5 id = 99, name = [null], age = 0, eyeColor = [null], likesPets = false, favoriteNumber = [null]]] with value [Tom]
03:16:49.869 [Test worker] DEBUG o.s.t.u.ReflectionTestUtils - Invoking setter method 'setAge' on target object [[PersonEntity@379754b5 id = 99, name = 'Tom', age = 0, eyeColor = [null], likesPets = false, favoriteNumber = [null]]] with value [42]
03:16:49.869 [Test worker] DEBUG o.s.t.u.ReflectionTestUtils - Invoking setter method 'setEyeColor' on target object [[PersonEntity@379754b5 id = 99, name = 'Tom', age = 42, eyeColor = [null], likesPets = false, favoriteNumber = [null]]] with value [blue]
03:16:49.869 [Test worker] DEBUG o.s.t.u.ReflectionTestUtils - Invoking setter method 'setLikesPets' on target object [[PersonEntity@379754b5 id = 99, name = 'Tom', age = 42, eyeColor = 'blue', likesPets = false, favoriteNumber = [null]]] with value [true]
03:16:49.870 [Test worker] DEBUG o.s.t.u.ReflectionTestUtils - Invoking setter method 'setFavoriteNumber' on target object [[PersonEntity@379754b5 id = 99, name = 'Tom', age = 42, eyeColor = 'blue', likesPets = true, favoriteNumber = [null]]] with value [3.142857]
03:16:49.870 [Test worker] DEBUG o.s.t.u.ReflectionTestUtils - Invoking getter method 'getId' on target object [[PersonEntity@379754b5 id = 99, name = 'Tom', age = 42, eyeColor = 'blue', likesPets = true, favoriteNumber = 3.142857]]
03:16:49.870 [Test worker] DEBUG o.s.t.u.ReflectionTestUtils - Invoking getter method 'getName' on target object [[PersonEntity@379754b5 id = 99, name = 'Tom', age = 42, eyeColor = 'blue', likesPets = true, favoriteNumber = 3.142857]]
03:16:49.871 [Test worker] DEBUG o.s.t.u.ReflectionTestUtils - Invoking getter method 'getAge' on target object [[PersonEntity@379754b5 id = 99, name = 'Tom', age = 42, eyeColor = 'blue', likesPets = true, favoriteNumber = 3.142857]]
03:16:49.871 [Test worker] DEBUG o.s.t.u.ReflectionTestUtils - Invoking getter method 'getEyeColor' on target object [[PersonEntity@379754b5 id = 99, name = 'Tom', age = 42, eyeColor = 'blue', likesPets = true, favoriteNumber = 3.142857]]
03:16:49.871 [Test worker] DEBUG o.s.t.u.ReflectionTestUtils - Invoking getter method 'likesPets' on target object [[PersonEntity@379754b5 id = 99, name = 'Tom', age = 42, eyeColor = 'blue', likesPets = true, favoriteNumber = 3.142857]]
03:16:49.871 [Test worker] DEBUG o.s.t.u.ReflectionTestUtils - Invoking getter method 'getFavoriteNumber' on target object [[PersonEntity@379754b5 id = 99, name = 'Tom', age = 42, eyeColor = 'blue', likesPets = true, favoriteNumber = 3.142857]]
03:16:49.873 [Test worker] DEBUG o.s.t.u.ReflectionTestUtils - Setting field 'publicField' of type [null] on target object [null] or target class [class org.springframework.test.util.subpackage.StaticFields] to value [xxx]
03:16:49.873 [Test worker] DEBUG o.s.t.u.ReflectionTestUtils - Setting field 'privateField' of type [null] on target object [null] or target class [class org.springframework.test.util.subpackage.StaticFields] to value [yyy]
03:16:49.874 [Test worker] DEBUG o.s.t.u.ReflectionTestUtils - Invoking setter method 'setAge' on target object [[PersonEntity@5e8c31aa id = 0, name = [null], age = 0, eyeColor = [null], likesPets = false, favoriteNumber = [null]]] with value [null]
03:16:49.877 [Test worker] DEBUG o.s.t.u.ReflectionTestUtils - Setting field 'likesPets' of type [boolean] on target object [[PersonEntity@5d4b74f2 id = 0, name = [null], age = 0, eyeColor = [null], likesPets = false, favoriteNumber = [null]]] or target class [class org.springframework.test.util.subpackage.PersonEntity] to value [null]
03:16:49.878 [Test worker] DEBUG o.s.t.u.ReflectionTestUtils - Invoking method 'configure' on target object [org.springframework.test.util.subpackage.Component@24b8d08d] or target class [null] with arguments {42, enigma}
03:16:49.879 [Test worker] DEBUG o.s.t.u.ReflectionTestUtils - Invoking method 'init' on target object [org.springframework.test.util.subpackage.Component@24b8d08d] or target class [null] with arguments {}
03:16:49.879 [Test worker] DEBUG o.s.t.u.ReflectionTestUtils - Invoking method 'destroy' on target object [org.springframework.test.util.subpackage.Component@24b8d08d] or target class [null] with arguments {}
]]></system-out>
  <system-err><![CDATA[]]></system-err>
</testsuite>
