<?xml version="1.0" encoding="UTF-8"?>
<testsuite name="org.springframework.web.reactive.result.method.annotation.ModelAttributeMethodArgumentResolverTests" tests="13" skipped="0" failures="0" errors="0" timestamp="2023-03-06T08:13:33" hostname="DESKTOP-VGJP1PJ" time="0.694">
  <properties/>
  <testcase name="bindExistingMonoToMono()" classname="org.springframework.web.reactive.result.method.annotation.ModelAttributeMethodArgumentResolverTests" time="0.1"/>
  <testcase name="supports()" classname="org.springframework.web.reactive.result.method.annotation.ModelAttributeMethodArgumentResolverTests" time="0.011"/>
  <testcase name="bindExistingMono()" classname="org.springframework.web.reactive.result.method.annotation.ModelAttributeMethodArgumentResolverTests" time="0.022"/>
  <testcase name="createAndBindToSingle()" classname="org.springframework.web.reactive.result.method.annotation.ModelAttributeMethodArgumentResolverTests" time="0.094"/>
  <testcase name="createAndBindToMono()" classname="org.springframework.web.reactive.result.method.annotation.ModelAttributeMethodArgumentResolverTests" time="0.018"/>
  <testcase name="validationErrorToSingle()" classname="org.springframework.web.reactive.result.method.annotation.ModelAttributeMethodArgumentResolverTests" time="0.028"/>
  <testcase name="validationError()" classname="org.springframework.web.reactive.result.method.annotation.ModelAttributeMethodArgumentResolverTests" time="0.015"/>
  <testcase name="supportsWithDefaultResolution()" classname="org.springframework.web.reactive.result.method.annotation.ModelAttributeMethodArgumentResolverTests" time="0.072"/>
  <testcase name="bindExistingSingle()" classname="org.springframework.web.reactive.result.method.annotation.ModelAttributeMethodArgumentResolverTests" time="0.06"/>
  <testcase name="validationErrorToMono()" classname="org.springframework.web.reactive.result.method.annotation.ModelAttributeMethodArgumentResolverTests" time="0.02"/>
  <testcase name="bindDataClass()" classname="org.springframework.web.reactive.result.method.annotation.ModelAttributeMethodArgumentResolverTests" time="0.135"/>
  <testcase name="createAndBind()" classname="org.springframework.web.reactive.result.method.annotation.ModelAttributeMethodArgumentResolverTests" time="0.019"/>
  <testcase name="bindExisting()" classname="org.springframework.web.reactive.result.method.annotation.ModelAttributeMethodArgumentResolverTests" time="0.09"/>
  <system-out><![CDATA[03:13:33.792 [Test worker] DEBUG o.s.h.c.FormHttpMessageReader - [45e6bb9f] Read form fields [name, age] (content masked)
03:13:33.861 [Test worker] DEBUG o.s.h.c.FormHttpMessageReader - [3d787b1a] Read form fields [name, age] (content masked)
03:13:33.882 [Test worker] DEBUG o.s.h.c.FormHttpMessageReader - [7f1b11fa] Read form fields [name, age] (content masked)
03:13:33.976 [Test worker] DEBUG o.s.h.c.FormHttpMessageReader - [273cf1d4] Read form fields [name, age] (content masked)
03:13:33.997 [Test worker] DEBUG o.s.h.c.FormHttpMessageReader - [12eb2c99] Read form fields [age] (content masked)
03:13:34.019 [Test worker] DEBUG o.s.h.c.FormHttpMessageReader - [77a43138] Read form fields [age] (content masked)
03:13:34.152 [Test worker] DEBUG o.s.h.c.FormHttpMessageReader - [3d58ea2b] Read form fields [name, age] (content masked)
03:13:34.173 [Test worker] DEBUG o.s.h.c.FormHttpMessageReader - [494465df] Read form fields [age] (content masked)
03:13:34.221 [Test worker] DEBUG o.s.h.c.FormHttpMessageReader - [5922ab73] Read form fields [name, age, count] (content masked)
03:13:34.328 [Test worker] DEBUG o.s.h.c.FormHttpMessageReader - [66b678eb] Read form fields [name, age] (content masked)
03:13:34.420 [Test worker] DEBUG o.s.h.c.FormHttpMessageReader - [18e87cdb] Read form fields [name, age] (content masked)
]]></system-out>
  <system-err><![CDATA[]]></system-err>
</testsuite>
