<?xml version="1.0" encoding="UTF-8"?>
<testsuite name="org.springframework.web.reactive.resource.PathResourceResolverTests" tests="9" skipped="0" failures="0" errors="0" timestamp="2023-03-06T08:16:04" hostname="DESKTOP-VGJP1PJ" time="0.059">
  <properties/>
  <testcase name="checkFileLocation()" classname="org.springframework.web.reactive.resource.PathResourceResolverTests" time="0.0"/>
  <testcase name="ignoreInvalidEscapeSequence()" classname="org.springframework.web.reactive.resource.PathResourceResolverTests" time="0.001"/>
  <testcase name="checkResourceWithAllowedLocations()" classname="org.springframework.web.reactive.resource.PathResourceResolverTests" time="0.002"/>
  <testcase name="resolveFromClasspathRoot()" classname="org.springframework.web.reactive.resource.PathResourceResolverTests" time="0.001"/>
  <testcase name="resolveFromClasspath()" classname="org.springframework.web.reactive.resource.PathResourceResolverTests" time="0.001"/>
  <testcase name="resolvePathRootResource()" classname="org.springframework.web.reactive.resource.PathResourceResolverTests" time="0.001"/>
  <testcase name="checkRelativeLocation()" classname="org.springframework.web.reactive.resource.PathResourceResolverTests" time="0.004"/>
  <testcase name="resolveWithEncodedPath()" classname="org.springframework.web.reactive.resource.PathResourceResolverTests" time="0.003"/>
  <testcase name="checkResource()" classname="org.springframework.web.reactive.resource.PathResourceResolverTests" time="0.039"/>
  <system-out><![CDATA[03:16:04.839 [Test worker] WARN  o.s.w.r.r.PathResourceResolver - Resource path "../testsecret/secret.txt" was successfully resolved but resource "file:/F:/spring-framework-5.3.x/spring-framework-5.3.0-M1/spring-webflux/build/resources/test/org/springframework/web/reactive/resource/testsecret/secret.txt" is neither under the current location "file:/F:/spring-framework-5.3.x/spring-framework-5.3.0-M1/spring-webflux/build/resources/test/org/springframework/web/reactive/resource/test/" nor under any of the allowed locations []
03:16:04.841 [Test worker] WARN  o.s.w.r.r.PathResourceResolver - Resource path "test/../../testsecret/secret.txt" was successfully resolved but resource "file:/F:/spring-framework-5.3.x/spring-framework-5.3.0-M1/spring-webflux/build/resources/test/org/springframework/web/reactive/resource/testsecret/secret.txt" is neither under the current location "file:/F:/spring-framework-5.3.x/spring-framework-5.3.0-M1/spring-webflux/build/resources/test/org/springframework/web/reactive/resource/test/" nor under any of the allowed locations []
03:16:04.845 [Test worker] WARN  o.s.w.r.r.PathResourceResolver - Resource path "file:/F:/spring-framework-5.3.x/spring-framework-5.3.0-M1/spring-webflux/build/resources/test/org/springframework/web/reactive/resource/testsecret/secret.txt" was successfully resolved but resource "file:/F:/spring-framework-5.3.x/spring-framework-5.3.0-M1/spring-webflux/build/resources/test/org/springframework/web/reactive/resource/testsecret/secret.txt" is neither under the current location "file:/F:/spring-framework-5.3.x/spring-framework-5.3.0-M1/spring-webflux/build/resources/test/org/springframework/web/reactive/resource/test/" nor under any of the allowed locations []
03:16:04.847 [Test worker] WARN  o.s.w.r.r.PathResourceResolver - Resource path "/file:/F:/spring-framework-5.3.x/spring-framework-5.3.0-M1/spring-webflux/build/resources/test/org/springframework/web/reactive/resource/testsecret/secret.txt" was successfully resolved but resource "file:/F:/spring-framework-5.3.x/spring-framework-5.3.0-M1/spring-webflux/build/resources/test/org/springframework/web/reactive/resource/testsecret/secret.txt" is neither under the current location "file:/F:/spring-framework-5.3.x/spring-framework-5.3.0-M1/spring-webflux/build/resources/test/org/springframework/web/reactive/resource/test/" nor under any of the allowed locations []
03:16:04.849 [Test worker] WARN  o.s.w.r.r.PathResourceResolver - Resource path "//F:/spring-framework-5.3.x/spring-framework-5.3.0-M1/spring-webflux/build/resources/test/org/springframework/web/reactive/resource/testsecret/secret.txt" was successfully resolved but resource "file:/F:/spring-framework-5.3.x/spring-framework-5.3.0-M1/spring-webflux/build/resources/test/org/springframework/web/reactive/resource/testsecret/secret.txt" is neither under the current location "file:/F:/spring-framework-5.3.x/spring-framework-5.3.0-M1/spring-webflux/build/resources/test/org/springframework/web/reactive/resource/test/" nor under any of the allowed locations []
03:16:04.850 [Test worker] WARN  o.s.w.r.r.PathResourceResolver - Resolved resource path contains encoded "../" or "..\": file:/F:/spring-framework-5.3.x/spring-framework-5.3.0-M1/spring-webflux/build/resources/test/org/springframework/web/reactive/resource/test/%2E%2E/testsecret/secret.txt
03:16:04.851 [Test worker] WARN  o.s.w.r.r.PathResourceResolver - Resource path "/%2E%2E/testsecret/secret.txt" was successfully resolved but resource "file:/F:/spring-framework-5.3.x/spring-framework-5.3.0-M1/spring-webflux/build/resources/test/org/springframework/web/reactive/resource/test/%2E%2E/testsecret/secret.txt" is neither under the current location "file:/F:/spring-framework-5.3.x/spring-framework-5.3.0-M1/spring-webflux/build/resources/test/org/springframework/web/reactive/resource/test/" nor under any of the allowed locations []
03:16:04.852 [Test worker] WARN  o.s.w.r.r.PathResourceResolver - Resolved resource path contains encoded "../" or "..\": file:/F:/spring-framework-5.3.x/spring-framework-5.3.0-M1/spring-webflux/build/resources/test/org/springframework/web/reactive/resource/test/%2e%2e/testsecret/secret.txt
03:16:04.853 [Test worker] WARN  o.s.w.r.r.PathResourceResolver - Resource path "/%2e%2e/testsecret/secret.txt" was successfully resolved but resource "file:/F:/spring-framework-5.3.x/spring-framework-5.3.0-M1/spring-webflux/build/resources/test/org/springframework/web/reactive/resource/test/%2e%2e/testsecret/secret.txt" is neither under the current location "file:/F:/spring-framework-5.3.x/spring-framework-5.3.0-M1/spring-webflux/build/resources/test/org/springframework/web/reactive/resource/test/" nor under any of the allowed locations []
03:16:04.853 [Test worker] WARN  o.s.w.r.r.PathResourceResolver - Resource path " /F:/spring-framework-5.3.x/spring-framework-5.3.0-M1/spring-webflux/build/resources/test/org/springframework/web/reactive/resource/testsecret/secret.txt" was successfully resolved but resource "file:/F:/spring-framework-5.3.x/spring-framework-5.3.0-M1/spring-webflux/build/resources/test/org/springframework/web/reactive/resource/testsecret/secret.txt" is neither under the current location "file:/F:/spring-framework-5.3.x/spring-framework-5.3.0-M1/spring-webflux/build/resources/test/org/springframework/web/reactive/resource/test/" nor under any of the allowed locations []
03:16:04.855 [Test worker] WARN  o.s.w.r.r.PathResourceResolver - Resource path "/  /F:/spring-framework-5.3.x/spring-framework-5.3.0-M1/spring-webflux/build/resources/test/org/springframework/web/reactive/resource/testsecret/secret.txt" was successfully resolved but resource "file:/F:/spring-framework-5.3.x/spring-framework-5.3.0-M1/spring-webflux/build/resources/test/org/springframework/web/reactive/resource/testsecret/secret.txt" is neither under the current location "file:/F:/spring-framework-5.3.x/spring-framework-5.3.0-M1/spring-webflux/build/resources/test/org/springframework/web/reactive/resource/test/" nor under any of the allowed locations []
03:16:04.877 [Test worker] WARN  o.s.w.r.r.PathResourceResolver - Resource path "url:/F:/spring-framework-5.3.x/spring-framework-5.3.0-M1/spring-webflux/build/resources/test/org/springframework/web/reactive/resource/testsecret/secret.txt" was successfully resolved but resource "file:/F:/spring-framework-5.3.x/spring-framework-5.3.0-M1/spring-webflux/build/resources/test/org/springframework/web/reactive/resource/testsecret/secret.txt" is neither under the current location "file:/F:/spring-framework-5.3.x/spring-framework-5.3.0-M1/spring-webflux/build/resources/test/org/springframework/web/reactive/resource/test/" nor under any of the allowed locations []
]]></system-out>
  <system-err><![CDATA[]]></system-err>
</testsuite>
