<?xml version="1.0" encoding="UTF-8"?>
<testsuite name="org.springframework.web.reactive.resource.EncodedResourceResolverTests" tests="4" skipped="0" failures="0" errors="0" timestamp="2023-03-06T08:13:08" hostname="DESKTOP-VGJP1PJ" time="0.123">
  <properties/>
  <testcase name="resolveGzippedWithVersion(GzippedFiles)" classname="org.springframework.web.reactive.resource.EncodedResourceResolverTests" time="0.102"/>
  <testcase name="resolveGzipped(GzippedFiles)" classname="org.springframework.web.reactive.resource.EncodedResourceResolverTests" time="0.009"/>
  <testcase name="resolveWithNullRequest()" classname="org.springframework.web.reactive.resource.EncodedResourceResolverTests" time="0.001"/>
  <testcase name="resolveFromCacheWithEncodingVariants(GzippedFiles)" classname="org.springframework.web.reactive.resource.EncodedResourceResolverTests" time="0.006"/>
  <system-out><![CDATA[]]></system-out>
  <system-err><![CDATA[]]></system-err>
</testsuite>
