<?xml version="1.0" encoding="UTF-8"?>
<testsuite name="org.springframework.web.reactive.result.view.script.NashornScriptTemplateTests" tests="3" skipped="0" failures="0" errors="0" timestamp="2023-03-06T08:15:18" hostname="DESKTOP-VGJP1PJ" time="2.406">
  <properties/>
  <testcase name="renderTemplateWithUrl()" classname="org.springframework.web.reactive.result.view.script.NashornScriptTemplateTests" time="2.178"/>
  <testcase name="renderTemplate()" classname="org.springframework.web.reactive.result.view.script.NashornScriptTemplateTests" time="0.172"/>
  <testcase name="subscribeWithoutDemand()" classname="org.springframework.web.reactive.result.view.script.NashornScriptTemplateTests" time="0.056"/>
  <system-out><![CDATA[03:15:21.300 [Test worker] DEBUG o.s.w.r.r.v.s.ScriptTemplateView - [79029d0f] View [ScriptTemplateView], model {title=Layout example, body=This is the body}
]]></system-out>
  <system-err><![CDATA[]]></system-err>
</testsuite>
