<?xml version="1.0" encoding="UTF-8"?>
<testsuite name="org.springframework.web.reactive.result.condition.CompositeRequestConditionTests" tests="9" skipped="0" failures="0" errors="0" timestamp="2023-03-06T08:13:08" hostname="DESKTOP-VGJP1PJ" time="0.026">
  <properties/>
  <testcase name="combineDifferentLength()" classname="org.springframework.web.reactive.result.condition.CompositeRequestConditionTests" time="0.005"/>
  <testcase name="compareEmpty()" classname="org.springframework.web.reactive.result.condition.CompositeRequestConditionTests" time="0.0"/>
  <testcase name="match()" classname="org.springframework.web.reactive.result.condition.CompositeRequestConditionTests" time="0.002"/>
  <testcase name="combine()" classname="org.springframework.web.reactive.result.condition.CompositeRequestConditionTests" time="0.0"/>
  <testcase name="compare()" classname="org.springframework.web.reactive.result.condition.CompositeRequestConditionTests" time="0.0"/>
  <testcase name="compareDifferentLength()" classname="org.springframework.web.reactive.result.condition.CompositeRequestConditionTests" time="0.001"/>
  <testcase name="combineEmpty()" classname="org.springframework.web.reactive.result.condition.CompositeRequestConditionTests" time="0.001"/>
  <testcase name="matchEmpty()" classname="org.springframework.web.reactive.result.condition.CompositeRequestConditionTests" time="0.001"/>
  <testcase name="noMatch()" classname="org.springframework.web.reactive.result.condition.CompositeRequestConditionTests" time="0.001"/>
  <system-out><![CDATA[]]></system-out>
  <system-err><![CDATA[]]></system-err>
</testsuite>
