<?xml version="1.0" encoding="UTF-8"?>
<testsuite name="org.springframework.web.reactive.function.MultipartIntegrationTests" tests="12" skipped="0" failures="0" errors="0" timestamp="2023-03-06T08:12:11" hostname="DESKTOP-VGJP1PJ" time="40.725">
  <properties/>
  <testcase name="transferTo(HttpServer)[1]" classname="org.springframework.web.reactive.function.MultipartIntegrationTests" time="15.423"/>
  <testcase name="transferTo(HttpServer)[2]" classname="org.springframework.web.reactive.function.MultipartIntegrationTests" time="2.761"/>
  <testcase name="transferTo(HttpServer)[3]" classname="org.springframework.web.reactive.function.MultipartIntegrationTests" time="12.406"/>
  <testcase name="transferTo(HttpServer)[4]" classname="org.springframework.web.reactive.function.MultipartIntegrationTests" time="0.0"/>
  <testcase name="multipartData(HttpServer)[1]" classname="org.springframework.web.reactive.function.MultipartIntegrationTests" time="0.136"/>
  <testcase name="multipartData(HttpServer)[2]" classname="org.springframework.web.reactive.function.MultipartIntegrationTests" time="0.134"/>
  <testcase name="multipartData(HttpServer)[3]" classname="org.springframework.web.reactive.function.MultipartIntegrationTests" time="0.361"/>
  <testcase name="multipartData(HttpServer)[4]" classname="org.springframework.web.reactive.function.MultipartIntegrationTests" time="9.022"/>
  <testcase name="parts(HttpServer)[1]" classname="org.springframework.web.reactive.function.MultipartIntegrationTests" time="0.045"/>
  <testcase name="parts(HttpServer)[2]" classname="org.springframework.web.reactive.function.MultipartIntegrationTests" time="0.049"/>
  <testcase name="parts(HttpServer)[3]" classname="org.springframework.web.reactive.function.MultipartIntegrationTests" time="0.243"/>
  <testcase name="parts(HttpServer)[4]" classname="org.springframework.web.reactive.function.MultipartIntegrationTests" time="0.042"/>
  <system-out><![CDATA[03:12:11.521 [Test worker] DEBUG o.s.w.s.a.HttpWebHandlerAdapter - enableLoggingRequestDetails='false': form data and headers will be masked to prevent unsafe logging of potentially sensitive data
03:12:11.603 [Test worker] INFO  o.e.j.u.log - Logging initialized @48190ms to org.eclipse.jetty.util.log.Slf4jLog
03:12:11.999 [Test worker] WARN  o.e.j.s.h.ContextHandler - Empty contextPath
03:12:12.236 [Test worker] INFO  o.e.j.s.h.ContextHandler - Started o.e.j.s.ServletContextHandler@6c7f7b23{/,null,AVAILABLE}
03:12:13.084 [Test worker] DEBUG o.s.w.t.h.s.r.b.JettyHttpServer - Starting JettyHttpServer...
03:12:13.108 [Test worker] INFO  o.e.j.s.Server - jetty-9.4.30.v20200611; built: 2020-06-11T12:34:51.929Z; git: 271836e4c1f4612f12b7bb13ef5a92a927634b0d; jvm 1.8.0_251-b08
03:12:13.261 [Test worker] INFO  o.e.j.s.AbstractConnector - Started ServerConnector@76fb1954{HTTP/1.1, (http/1.1)}{0.0.0.0:52763}
03:12:13.262 [Test worker] INFO  o.e.j.s.Server - Started @49880ms
03:12:13.262 [Test worker] DEBUG o.s.w.t.h.s.r.b.JettyHttpServer - Server started on port 52763(0 millis).
03:12:13.445 [Test worker] DEBUG o.s.w.r.f.c.ExchangeFunctions - [5d9a2bbf] HTTP POST http://localhost:52763/transferTo
03:12:18.823 [reactor-http-nio-1] DEBUG o.s.h.c.m.MultipartHttpMessageWriter - [5d9a2bbf] Encoding parts [fooPart, barPart] (content masked)
03:12:20.411 [qtp54485627-68] DEBUG o.s.w.s.a.HttpWebHandlerAdapter - [727cdc49] HTTP POST "/transferTo"
03:12:24.707 [Thread-19] DEBUG o.s.c.c.CharSequenceEncoder - [727cdc49] Writing "C:\Users\radl\AppData\Local\Temp\MultipartIntegrationTests1271143283341514255.tmp"
03:12:24.951 [Thread-19] DEBUG o.s.w.s.a.HttpWebHandlerAdapter - [727cdc49] Completed 200 OK
03:12:25.588 [reactor-http-nio-1] DEBUG o.s.w.r.f.c.ExchangeFunctions - [5d9a2bbf] Response 200 OK
03:12:26.032 [reactor-http-nio-1] DEBUG o.s.c.c.StringDecoder - [5d9a2bbf] Decoded "C:\Users\radl\AppData\Local\Temp\MultipartIntegrationTests1271143283341514255.tmp"
03:12:26.440 [Test worker] DEBUG o.s.w.t.h.s.r.b.JettyHttpServer - Stopping JettyHttpServer...
03:12:26.512 [Test worker] INFO  o.e.j.s.h.ContextHandler - Stopped o.e.j.s.ServletContextHandler@6c7f7b23{/,null,UNAVAILABLE}
03:12:26.739 [Test worker] INFO  o.e.j.s.AbstractConnector - Stopped ServerConnector@76fb1954{HTTP/1.1, (http/1.1)}{0.0.0.0:0}
03:12:26.741 [Test worker] DEBUG o.s.w.t.h.s.r.b.JettyHttpServer - Server stopped (0 millis).
03:12:26.770 [Test worker] DEBUG o.s.w.s.a.HttpWebHandlerAdapter - enableLoggingRequestDetails='false': form data and headers will be masked to prevent unsafe logging of potentially sensitive data
03:12:28.108 [Test worker] DEBUG o.s.w.t.h.s.r.b.ReactorHttpServer - Starting ReactorHttpServer...
03:12:28.552 [Test worker] DEBUG o.s.w.t.h.s.r.b.ReactorHttpServer - Server started on port 52780(0 millis).
03:12:28.554 [Test worker] DEBUG o.s.w.r.f.c.ExchangeFunctions - [2c628b6c] HTTP POST http://localhost:52780/transferTo
03:12:28.562 [reactor-http-nio-3] DEBUG o.s.h.c.m.MultipartHttpMessageWriter - [2c628b6c] Encoding parts [fooPart, barPart] (content masked)
03:12:29.071 [reactor-http-nio-4] DEBUG o.s.w.s.a.HttpWebHandlerAdapter - [b912f3bd-1] HTTP POST "/transferTo"
03:12:29.142 [Thread-19] DEBUG o.s.c.c.CharSequenceEncoder - [b912f3bd-1] Writing "C:\Users\radl\AppData\Local\Temp\MultipartIntegrationTests7876566690155823158.tmp"
03:12:29.511 [reactor-http-nio-3] DEBUG o.s.w.r.f.c.ExchangeFunctions - [2c628b6c] Response 200 OK
03:12:29.510 [reactor-http-nio-4] DEBUG o.s.w.s.a.HttpWebHandlerAdapter - [b912f3bd-1] Completed 200 OK
03:12:29.512 [reactor-http-nio-3] DEBUG o.s.c.c.StringDecoder - [2c628b6c] Decoded "C:\Users\radl\AppData\Local\Temp\MultipartIntegrationTests7876566690155823158.tmp"
03:12:29.513 [Test worker] DEBUG o.s.w.t.h.s.r.b.ReactorHttpServer - Stopping ReactorHttpServer...
03:12:29.518 [Test worker] DEBUG o.s.w.t.h.s.r.b.ReactorHttpServer - Server stopped (0 millis).
03:12:29.528 [Test worker] DEBUG o.s.w.s.a.HttpWebHandlerAdapter - enableLoggingRequestDetails='false': form data and headers will be masked to prevent unsafe logging of potentially sensitive data
03:12:34.947 [Test worker] DEBUG o.s.w.t.h.s.r.b.TomcatHttpServer - Starting TomcatHttpServer...
03:12:41.453 [Test worker] DEBUG o.s.w.t.h.s.r.b.TomcatHttpServer - Server started on port 52785(0 millis).
03:12:41.454 [Test worker] DEBUG o.s.w.r.f.c.ExchangeFunctions - [73c82151] HTTP POST http://localhost:52785/transferTo
03:12:41.457 [reactor-http-nio-1] DEBUG o.s.h.c.m.MultipartHttpMessageWriter - [73c82151] Encoding parts [fooPart, barPart] (content masked)
03:12:41.686 [http-nio-auto-1-exec-1] DEBUG o.s.w.s.a.HttpWebHandlerAdapter - [1e35295d] HTTP POST "/transferTo"
03:12:41.690 [Thread-19] DEBUG o.s.c.c.CharSequenceEncoder - [1e35295d] Writing "C:\Users\radl\AppData\Local\Temp\MultipartIntegrationTests6057856876775107544.tmp"
03:12:41.694 [Thread-19] DEBUG o.s.w.s.a.HttpWebHandlerAdapter - [1e35295d] Completed 200 OK
03:12:41.695 [reactor-http-nio-1] DEBUG o.s.w.r.f.c.ExchangeFunctions - [73c82151] Response 200 OK
03:12:41.696 [reactor-http-nio-1] DEBUG o.s.c.c.StringDecoder - [73c82151] Decoded "C:\Users\radl\AppData\Local\Temp\MultipartIntegrationTests6057856876775107544.tmp"
03:12:41.697 [Test worker] DEBUG o.s.w.t.h.s.r.b.TomcatHttpServer - Stopping TomcatHttpServer...
03:12:41.924 [Test worker] DEBUG o.s.w.t.h.s.r.b.TomcatHttpServer - Server stopped (0 millis).
03:12:41.985 [Test worker] DEBUG o.s.w.s.a.HttpWebHandlerAdapter - enableLoggingRequestDetails='false': form data and headers will be masked to prevent unsafe logging of potentially sensitive data
03:12:41.986 [Test worker] WARN  o.e.j.s.h.ContextHandler - Empty contextPath
03:12:41.987 [Test worker] INFO  o.e.j.s.h.ContextHandler - Started o.e.j.s.ServletContextHandler@3d733d22{/,null,AVAILABLE}
03:12:41.987 [Test worker] DEBUG o.s.w.t.h.s.r.b.JettyHttpServer - Starting JettyHttpServer...
03:12:41.991 [Test worker] INFO  o.e.j.s.Server - jetty-9.4.30.v20200611; built: 2020-06-11T12:34:51.929Z; git: 271836e4c1f4612f12b7bb13ef5a92a927634b0d; jvm 1.8.0_251-b08
03:12:42.018 [Test worker] INFO  o.e.j.s.AbstractConnector - Started ServerConnector@6515d751{HTTP/1.1, (http/1.1)}{0.0.0.0:52792}
03:12:42.018 [Test worker] INFO  o.e.j.s.Server - Started @78636ms
03:12:42.018 [Test worker] DEBUG o.s.w.t.h.s.r.b.JettyHttpServer - Server started on port 52792(0 millis).
03:12:42.019 [Test worker] DEBUG o.s.w.r.f.c.ExchangeFunctions - [22cc6416] HTTP POST http://localhost:52792/multipartData
03:12:42.033 [reactor-http-nio-2] DEBUG o.s.h.c.m.MultipartHttpMessageWriter - [22cc6416] Encoding parts [fooPart, barPart] (content masked)
03:12:42.052 [qtp927081126-104] DEBUG o.s.w.s.a.HttpWebHandlerAdapter - [944ae4d] HTTP POST "/multipartData"
03:12:42.061 [qtp927081126-104] DEBUG o.s.h.c.m.MultipartHttpMessageReader - [944ae4d] Parsed parts [barPart, fooPart] (content masked)
03:12:42.067 [qtp927081126-104] DEBUG o.s.w.s.a.HttpWebHandlerAdapter - [944ae4d] Completed 200 OK
03:12:42.071 [reactor-http-nio-2] DEBUG o.s.w.r.f.c.ExchangeFunctions - [22cc6416] Response 200 OK
03:12:42.076 [Test worker] DEBUG o.s.w.t.h.s.r.b.JettyHttpServer - Stopping JettyHttpServer...
03:12:42.076 [Test worker] INFO  o.e.j.s.h.ContextHandler - Stopped o.e.j.s.ServletContextHandler@3d733d22{/,null,UNAVAILABLE}
03:12:42.088 [Test worker] INFO  o.e.j.s.AbstractConnector - Stopped ServerConnector@6515d751{HTTP/1.1, (http/1.1)}{0.0.0.0:0}
03:12:42.092 [Test worker] DEBUG o.s.w.t.h.s.r.b.JettyHttpServer - Server stopped (0 millis).
03:12:42.167 [Test worker] DEBUG o.s.w.s.a.HttpWebHandlerAdapter - enableLoggingRequestDetails='false': form data and headers will be masked to prevent unsafe logging of potentially sensitive data
03:12:42.168 [Test worker] DEBUG o.s.w.t.h.s.r.b.ReactorHttpServer - Starting ReactorHttpServer...
03:12:42.181 [Test worker] DEBUG o.s.w.t.h.s.r.b.ReactorHttpServer - Server started on port 52798(0 millis).
03:12:42.182 [Test worker] DEBUG o.s.w.r.f.c.ExchangeFunctions - [1fde7259] HTTP POST http://localhost:52798/multipartData
03:12:42.234 [reactor-http-nio-4] DEBUG o.s.h.c.m.MultipartHttpMessageWriter - [1fde7259] Encoding parts [fooPart, barPart] (content masked)
03:12:42.259 [reactor-http-nio-1] DEBUG o.s.w.s.a.HttpWebHandlerAdapter - [2aafed22-2] HTTP POST "/multipartData"
03:12:42.264 [reactor-http-nio-1] DEBUG o.s.h.c.m.MultipartHttpMessageReader - [2aafed22-2] Parsed parts [barPart, fooPart] (content masked)
03:12:42.265 [reactor-http-nio-1] DEBUG o.s.w.s.a.HttpWebHandlerAdapter - [2aafed22-2] Completed 200 OK
03:12:42.268 [reactor-http-nio-4] DEBUG o.s.w.r.f.c.ExchangeFunctions - [1fde7259] Response 200 OK
03:12:42.269 [Test worker] DEBUG o.s.w.t.h.s.r.b.ReactorHttpServer - Stopping ReactorHttpServer...
03:12:42.270 [Test worker] DEBUG o.s.w.t.h.s.r.b.ReactorHttpServer - Server stopped (0 millis).
03:12:42.283 [Test worker] DEBUG o.s.w.s.a.HttpWebHandlerAdapter - enableLoggingRequestDetails='false': form data and headers will be masked to prevent unsafe logging of potentially sensitive data
03:12:42.284 [Test worker] DEBUG o.s.w.t.h.s.r.b.TomcatHttpServer - Starting TomcatHttpServer...
03:12:42.302 [Test worker] DEBUG o.s.w.t.h.s.r.b.TomcatHttpServer - Server started on port 52800(0 millis).
03:12:42.302 [Test worker] DEBUG o.s.w.r.f.c.ExchangeFunctions - [2771d4e0] HTTP POST http://localhost:52800/multipartData
03:12:42.308 [reactor-http-nio-2] DEBUG o.s.h.c.m.MultipartHttpMessageWriter - [2771d4e0] Encoding parts [fooPart, barPart] (content masked)
03:12:42.329 [http-nio-auto-2-exec-9] DEBUG o.s.w.s.a.HttpWebHandlerAdapter - [2c56dd1d] HTTP POST "/multipartData"
03:12:42.332 [http-nio-auto-2-exec-9] DEBUG o.s.h.c.m.MultipartHttpMessageReader - [2c56dd1d] Parsed parts [barPart, fooPart] (content masked)
03:12:42.333 [http-nio-auto-2-exec-9] DEBUG o.s.w.s.a.HttpWebHandlerAdapter - [2c56dd1d] Completed 200 OK
03:12:42.340 [reactor-http-nio-2] DEBUG o.s.w.r.f.c.ExchangeFunctions - [2771d4e0] Response 200 OK
03:12:42.340 [Test worker] DEBUG o.s.w.t.h.s.r.b.TomcatHttpServer - Stopping TomcatHttpServer...
03:12:42.630 [Test worker] DEBUG o.s.w.t.h.s.r.b.TomcatHttpServer - Server stopped (0 millis).
03:12:42.658 [Test worker] DEBUG o.s.w.s.a.HttpWebHandlerAdapter - enableLoggingRequestDetails='false': form data and headers will be masked to prevent unsafe logging of potentially sensitive data
03:12:44.600 [Test worker] DEBUG o.s.w.t.h.s.r.b.UndertowHttpServer - Starting UndertowHttpServer...
03:12:45.456 [Test worker] INFO  i.undertow - starting server: Undertow - 2.1.3.Final
03:12:46.046 [Test worker] INFO  o.xnio - XNIO version 3.8.0.Final
03:12:46.587 [Test worker] INFO  o.x.nio - XNIO NIO Implementation Version 3.8.0.Final
03:12:47.192 [Test worker] INFO  o.j.threads - JBoss Threads version 3.1.0.Final
03:12:48.779 [Test worker] DEBUG o.s.w.t.h.s.r.b.UndertowHttpServer - Server started on port 52819(0 millis).
03:12:48.780 [Test worker] DEBUG o.s.w.r.f.c.ExchangeFunctions - [3f5c71d1] HTTP POST http://localhost:52819/multipartData
03:12:48.786 [reactor-http-nio-3] DEBUG o.s.h.c.m.MultipartHttpMessageWriter - [3f5c71d1] Encoding parts [fooPart, barPart] (content masked)
03:12:51.460 [XNIO-1 I/O-4] DEBUG o.s.w.s.a.HttpWebHandlerAdapter - [7a5a558e] HTTP POST "/multipartData"
03:12:51.469 [XNIO-1 I/O-4] DEBUG o.s.h.c.m.MultipartHttpMessageReader - [7a5a558e] Parsed parts [barPart, fooPart] (content masked)
03:12:51.470 [XNIO-1 I/O-4] DEBUG o.s.w.s.a.HttpWebHandlerAdapter - [7a5a558e] Completed 200 OK
03:12:51.497 [reactor-http-nio-3] DEBUG o.s.w.r.f.c.ExchangeFunctions - [3f5c71d1] Response 200 OK
03:12:51.497 [Test worker] DEBUG o.s.w.t.h.s.r.b.UndertowHttpServer - Stopping UndertowHttpServer...
03:12:51.498 [Test worker] INFO  i.undertow - stopping server: Undertow - 2.1.3.Final
03:12:51.659 [Test worker] DEBUG o.s.w.t.h.s.r.b.UndertowHttpServer - Server stopped (0 millis).
03:12:51.674 [Test worker] DEBUG o.s.w.s.a.HttpWebHandlerAdapter - enableLoggingRequestDetails='false': form data and headers will be masked to prevent unsafe logging of potentially sensitive data
03:12:51.675 [Test worker] WARN  o.e.j.s.h.ContextHandler - Empty contextPath
03:12:51.675 [Test worker] INFO  o.e.j.s.h.ContextHandler - Started o.e.j.s.ServletContextHandler@2f95d9f2{/,null,AVAILABLE}
03:12:51.675 [Test worker] DEBUG o.s.w.t.h.s.r.b.JettyHttpServer - Starting JettyHttpServer...
03:12:51.676 [Test worker] INFO  o.e.j.s.Server - jetty-9.4.30.v20200611; built: 2020-06-11T12:34:51.929Z; git: 271836e4c1f4612f12b7bb13ef5a92a927634b0d; jvm 1.8.0_251-b08
03:12:51.682 [Test worker] INFO  o.e.j.s.AbstractConnector - Started ServerConnector@56728b91{HTTP/1.1, (http/1.1)}{0.0.0.0:52822}
03:12:51.683 [Test worker] INFO  o.e.j.s.Server - Started @88300ms
03:12:51.683 [Test worker] DEBUG o.s.w.t.h.s.r.b.JettyHttpServer - Server started on port 52822(0 millis).
03:12:51.684 [Test worker] DEBUG o.s.w.r.f.c.ExchangeFunctions - [e5c132c] HTTP POST http://localhost:52822/parts
03:12:51.687 [reactor-http-nio-4] DEBUG o.s.h.c.m.MultipartHttpMessageWriter - [e5c132c] Encoding parts [fooPart, barPart] (content masked)
03:12:51.700 [qtp994341509-140] DEBUG o.s.w.s.a.HttpWebHandlerAdapter - [3acead5b] HTTP POST "/parts"
03:12:51.702 [qtp994341509-140] DEBUG o.s.w.s.a.HttpWebHandlerAdapter - [3acead5b] Completed 200 OK
03:12:51.703 [reactor-http-nio-4] DEBUG o.s.w.r.f.c.ExchangeFunctions - [e5c132c] Response 200 OK
03:12:51.704 [Test worker] DEBUG o.s.w.t.h.s.r.b.JettyHttpServer - Stopping JettyHttpServer...
03:12:51.704 [Test worker] INFO  o.e.j.s.h.ContextHandler - Stopped o.e.j.s.ServletContextHandler@2f95d9f2{/,null,UNAVAILABLE}
03:12:51.706 [Test worker] INFO  o.e.j.s.AbstractConnector - Stopped ServerConnector@56728b91{HTTP/1.1, (http/1.1)}{0.0.0.0:0}
03:12:51.707 [Test worker] DEBUG o.s.w.t.h.s.r.b.JettyHttpServer - Server stopped (0 millis).
03:12:51.725 [Test worker] DEBUG o.s.w.s.a.HttpWebHandlerAdapter - enableLoggingRequestDetails='false': form data and headers will be masked to prevent unsafe logging of potentially sensitive data
03:12:51.726 [Test worker] DEBUG o.s.w.t.h.s.r.b.ReactorHttpServer - Starting ReactorHttpServer...
03:12:51.728 [Test worker] DEBUG o.s.w.t.h.s.r.b.ReactorHttpServer - Server started on port 52828(0 millis).
03:12:51.729 [Test worker] DEBUG o.s.w.r.f.c.ExchangeFunctions - [2ca55951] HTTP POST http://localhost:52828/parts
03:12:51.733 [reactor-http-nio-2] DEBUG o.s.h.c.m.MultipartHttpMessageWriter - [2ca55951] Encoding parts [fooPart, barPart] (content masked)
03:12:51.747 [reactor-http-nio-3] DEBUG o.s.w.s.a.HttpWebHandlerAdapter - [b805e5fd-3] HTTP POST "/parts"
03:12:51.753 [reactor-http-nio-3] DEBUG o.s.w.s.a.HttpWebHandlerAdapter - [b805e5fd-3] Completed 200 OK
03:12:51.755 [reactor-http-nio-2] DEBUG o.s.w.r.f.c.ExchangeFunctions - [2ca55951] Response 200 OK
03:12:51.756 [Test worker] DEBUG o.s.w.t.h.s.r.b.ReactorHttpServer - Stopping ReactorHttpServer...
03:12:51.756 [Test worker] DEBUG o.s.w.t.h.s.r.b.ReactorHttpServer - Server stopped (0 millis).
03:12:51.769 [Test worker] DEBUG o.s.w.s.a.HttpWebHandlerAdapter - enableLoggingRequestDetails='false': form data and headers will be masked to prevent unsafe logging of potentially sensitive data
03:12:51.770 [Test worker] DEBUG o.s.w.t.h.s.r.b.TomcatHttpServer - Starting TomcatHttpServer...
03:12:51.787 [Test worker] DEBUG o.s.w.t.h.s.r.b.TomcatHttpServer - Server started on port 52830(0 millis).
03:12:51.788 [Test worker] DEBUG o.s.w.r.f.c.ExchangeFunctions - [50174196] HTTP POST http://localhost:52830/parts
03:12:51.792 [reactor-http-nio-4] DEBUG o.s.h.c.m.MultipartHttpMessageWriter - [50174196] Encoding parts [fooPart, barPart] (content masked)
03:12:51.808 [http-nio-auto-3-exec-1] DEBUG o.s.w.s.a.HttpWebHandlerAdapter - [6c5ee7f8] HTTP POST "/parts"
03:12:51.810 [http-nio-auto-3-exec-1] DEBUG o.s.w.s.a.HttpWebHandlerAdapter - [6c5ee7f8] Completed 200 OK
03:12:51.812 [reactor-http-nio-4] DEBUG o.s.w.r.f.c.ExchangeFunctions - [50174196] Response 200 OK
03:12:51.813 [Test worker] DEBUG o.s.w.t.h.s.r.b.TomcatHttpServer - Stopping TomcatHttpServer...
03:12:52.000 [Test worker] DEBUG o.s.w.t.h.s.r.b.TomcatHttpServer - Server stopped (0 millis).
03:12:52.011 [Test worker] DEBUG o.s.w.s.a.HttpWebHandlerAdapter - enableLoggingRequestDetails='false': form data and headers will be masked to prevent unsafe logging of potentially sensitive data
03:12:52.011 [Test worker] DEBUG o.s.w.t.h.s.r.b.UndertowHttpServer - Starting UndertowHttpServer...
03:12:52.011 [Test worker] INFO  i.undertow - starting server: Undertow - 2.1.3.Final
03:12:52.020 [Test worker] DEBUG o.s.w.t.h.s.r.b.UndertowHttpServer - Server started on port 52847(0 millis).
03:12:52.020 [Test worker] DEBUG o.s.w.r.f.c.ExchangeFunctions - [6614a9b3] HTTP POST http://localhost:52847/parts
03:12:52.023 [reactor-http-nio-1] DEBUG o.s.h.c.m.MultipartHttpMessageWriter - [6614a9b3] Encoding parts [fooPart, barPart] (content masked)
03:12:52.032 [XNIO-2 I/O-2] DEBUG o.s.w.s.a.HttpWebHandlerAdapter - [3b26b2a9] HTTP POST "/parts"
03:12:52.034 [XNIO-2 I/O-2] DEBUG o.s.w.s.a.HttpWebHandlerAdapter - [3b26b2a9] Completed 200 OK
03:12:52.035 [reactor-http-nio-1] DEBUG o.s.w.r.f.c.ExchangeFunctions - [6614a9b3] Response 200 OK
03:12:52.036 [Test worker] DEBUG o.s.w.t.h.s.r.b.UndertowHttpServer - Stopping UndertowHttpServer...
03:12:52.036 [Test worker] INFO  i.undertow - stopping server: Undertow - 2.1.3.Final
03:12:52.044 [Test worker] DEBUG o.s.w.t.h.s.r.b.UndertowHttpServer - Server stopped (0 millis).
]]></system-out>
  <system-err><![CDATA[]]></system-err>
</testsuite>
