<?xml version="1.0" encoding="UTF-8"?>
<testsuite name="org.springframework.web.reactive.DispatcherHandlerTests" tests="1" skipped="0" failures="0" errors="0" timestamp="2023-03-06T08:15:58" hostname="DESKTOP-VGJP1PJ" time="0.337">
  <properties/>
  <testcase name="handlerMappingOrder()" classname="org.springframework.web.reactive.DispatcherHandlerTests" time="0.337"/>
  <system-out><![CDATA[]]></system-out>
  <system-err><![CDATA[]]></system-err>
</testsuite>
