<?xml version="1.0" encoding="UTF-8"?>
<testsuite name="org.springframework.web.reactive.result.method.annotation.CrossOriginAnnotationIntegrationTests" tests="56" skipped="0" failures="0" errors="0" timestamp="2023-03-06T08:13:09" hostname="DESKTOP-VGJP1PJ" time="24.009">
  <properties/>
  <testcase name="customOriginDefinedViaPlaceholder(HttpServer)[1]" classname="org.springframework.web.reactive.result.method.annotation.CrossOriginAnnotationIntegrationTests" time="3.896"/>
  <testcase name="customOriginDefinedViaPlaceholder(HttpServer)[2]" classname="org.springframework.web.reactive.result.method.annotation.CrossOriginAnnotationIntegrationTests" time="0.854"/>
  <testcase name="customOriginDefinedViaPlaceholder(HttpServer)[3]" classname="org.springframework.web.reactive.result.method.annotation.CrossOriginAnnotationIntegrationTests" time="1.487"/>
  <testcase name="customOriginDefinedViaPlaceholder(HttpServer)[4]" classname="org.springframework.web.reactive.result.method.annotation.CrossOriginAnnotationIntegrationTests" time="0.231"/>
  <testcase name="actualGetRequestWithoutAnnotation(HttpServer)[1]" classname="org.springframework.web.reactive.result.method.annotation.CrossOriginAnnotationIntegrationTests" time="0.076"/>
  <testcase name="actualGetRequestWithoutAnnotation(HttpServer)[2]" classname="org.springframework.web.reactive.result.method.annotation.CrossOriginAnnotationIntegrationTests" time="0.092"/>
  <testcase name="actualGetRequestWithoutAnnotation(HttpServer)[3]" classname="org.springframework.web.reactive.result.method.annotation.CrossOriginAnnotationIntegrationTests" time="2.945"/>
  <testcase name="actualGetRequestWithoutAnnotation(HttpServer)[4]" classname="org.springframework.web.reactive.result.method.annotation.CrossOriginAnnotationIntegrationTests" time="0.484"/>
  <testcase name="customOriginDefinedViaValueAttribute(HttpServer)[1]" classname="org.springframework.web.reactive.result.method.annotation.CrossOriginAnnotationIntegrationTests" time="0.209"/>
  <testcase name="customOriginDefinedViaValueAttribute(HttpServer)[2]" classname="org.springframework.web.reactive.result.method.annotation.CrossOriginAnnotationIntegrationTests" time="0.107"/>
  <testcase name="customOriginDefinedViaValueAttribute(HttpServer)[3]" classname="org.springframework.web.reactive.result.method.annotation.CrossOriginAnnotationIntegrationTests" time="0.47"/>
  <testcase name="customOriginDefinedViaValueAttribute(HttpServer)[4]" classname="org.springframework.web.reactive.result.method.annotation.CrossOriginAnnotationIntegrationTests" time="0.174"/>
  <testcase name="classLevel(HttpServer)[1]" classname="org.springframework.web.reactive.result.method.annotation.CrossOriginAnnotationIntegrationTests" time="0.253"/>
  <testcase name="classLevel(HttpServer)[2]" classname="org.springframework.web.reactive.result.method.annotation.CrossOriginAnnotationIntegrationTests" time="0.158"/>
  <testcase name="classLevel(HttpServer)[3]" classname="org.springframework.web.reactive.result.method.annotation.CrossOriginAnnotationIntegrationTests" time="0.579"/>
  <testcase name="classLevel(HttpServer)[4]" classname="org.springframework.web.reactive.result.method.annotation.CrossOriginAnnotationIntegrationTests" time="0.195"/>
  <testcase name="actualRequestWithDefaultAnnotationAndNoOrigin(HttpServer)[1]" classname="org.springframework.web.reactive.result.method.annotation.CrossOriginAnnotationIntegrationTests" time="0.241"/>
  <testcase name="actualRequestWithDefaultAnnotationAndNoOrigin(HttpServer)[2]" classname="org.springframework.web.reactive.result.method.annotation.CrossOriginAnnotationIntegrationTests" time="0.102"/>
  <testcase name="actualRequestWithDefaultAnnotationAndNoOrigin(HttpServer)[3]" classname="org.springframework.web.reactive.result.method.annotation.CrossOriginAnnotationIntegrationTests" time="0.558"/>
  <testcase name="actualRequestWithDefaultAnnotationAndNoOrigin(HttpServer)[4]" classname="org.springframework.web.reactive.result.method.annotation.CrossOriginAnnotationIntegrationTests" time="0.087"/>
  <testcase name="actualRequestWithCustomizedAnnotation(HttpServer)[1]" classname="org.springframework.web.reactive.result.method.annotation.CrossOriginAnnotationIntegrationTests" time="0.091"/>
  <testcase name="actualRequestWithCustomizedAnnotation(HttpServer)[2]" classname="org.springframework.web.reactive.result.method.annotation.CrossOriginAnnotationIntegrationTests" time="0.065"/>
  <testcase name="actualRequestWithCustomizedAnnotation(HttpServer)[3]" classname="org.springframework.web.reactive.result.method.annotation.CrossOriginAnnotationIntegrationTests" time="0.303"/>
  <testcase name="actualRequestWithCustomizedAnnotation(HttpServer)[4]" classname="org.springframework.web.reactive.result.method.annotation.CrossOriginAnnotationIntegrationTests" time="0.103"/>
  <testcase name="preflightRequestWithoutAnnotation(HttpServer)[1]" classname="org.springframework.web.reactive.result.method.annotation.CrossOriginAnnotationIntegrationTests" time="0.171"/>
  <testcase name="preflightRequestWithoutAnnotation(HttpServer)[2]" classname="org.springframework.web.reactive.result.method.annotation.CrossOriginAnnotationIntegrationTests" time="0.118"/>
  <testcase name="preflightRequestWithoutAnnotation(HttpServer)[3]" classname="org.springframework.web.reactive.result.method.annotation.CrossOriginAnnotationIntegrationTests" time="0.341"/>
  <testcase name="preflightRequestWithoutAnnotation(HttpServer)[4]" classname="org.springframework.web.reactive.result.method.annotation.CrossOriginAnnotationIntegrationTests" time="0.177"/>
  <testcase name="ambiguousHeaderPreflightRequest(HttpServer)[1]" classname="org.springframework.web.reactive.result.method.annotation.CrossOriginAnnotationIntegrationTests" time="0.238"/>
  <testcase name="ambiguousHeaderPreflightRequest(HttpServer)[2]" classname="org.springframework.web.reactive.result.method.annotation.CrossOriginAnnotationIntegrationTests" time="0.314"/>
  <testcase name="ambiguousHeaderPreflightRequest(HttpServer)[3]" classname="org.springframework.web.reactive.result.method.annotation.CrossOriginAnnotationIntegrationTests" time="0.725"/>
  <testcase name="ambiguousHeaderPreflightRequest(HttpServer)[4]" classname="org.springframework.web.reactive.result.method.annotation.CrossOriginAnnotationIntegrationTests" time="0.231"/>
  <testcase name="ambiguousProducesPreflightRequest(HttpServer)[1]" classname="org.springframework.web.reactive.result.method.annotation.CrossOriginAnnotationIntegrationTests" time="0.14"/>
  <testcase name="ambiguousProducesPreflightRequest(HttpServer)[2]" classname="org.springframework.web.reactive.result.method.annotation.CrossOriginAnnotationIntegrationTests" time="0.312"/>
  <testcase name="ambiguousProducesPreflightRequest(HttpServer)[3]" classname="org.springframework.web.reactive.result.method.annotation.CrossOriginAnnotationIntegrationTests" time="0.755"/>
  <testcase name="ambiguousProducesPreflightRequest(HttpServer)[4]" classname="org.springframework.web.reactive.result.method.annotation.CrossOriginAnnotationIntegrationTests" time="0.175"/>
  <testcase name="preflightRequestWithDefaultAnnotation(HttpServer)[1]" classname="org.springframework.web.reactive.result.method.annotation.CrossOriginAnnotationIntegrationTests" time="0.131"/>
  <testcase name="preflightRequestWithDefaultAnnotation(HttpServer)[2]" classname="org.springframework.web.reactive.result.method.annotation.CrossOriginAnnotationIntegrationTests" time="0.184"/>
  <testcase name="preflightRequestWithDefaultAnnotation(HttpServer)[3]" classname="org.springframework.web.reactive.result.method.annotation.CrossOriginAnnotationIntegrationTests" time="0.663"/>
  <testcase name="preflightRequestWithDefaultAnnotation(HttpServer)[4]" classname="org.springframework.web.reactive.result.method.annotation.CrossOriginAnnotationIntegrationTests" time="0.26"/>
  <testcase name="preflightRequestWithCustomizedAnnotation(HttpServer)[1]" classname="org.springframework.web.reactive.result.method.annotation.CrossOriginAnnotationIntegrationTests" time="0.176"/>
  <testcase name="preflightRequestWithCustomizedAnnotation(HttpServer)[2]" classname="org.springframework.web.reactive.result.method.annotation.CrossOriginAnnotationIntegrationTests" time="0.173"/>
  <testcase name="preflightRequestWithCustomizedAnnotation(HttpServer)[3]" classname="org.springframework.web.reactive.result.method.annotation.CrossOriginAnnotationIntegrationTests" time="0.524"/>
  <testcase name="preflightRequestWithCustomizedAnnotation(HttpServer)[4]" classname="org.springframework.web.reactive.result.method.annotation.CrossOriginAnnotationIntegrationTests" time="0.16"/>
  <testcase name="actualRequestWithDefaultAnnotation(HttpServer)[1]" classname="org.springframework.web.reactive.result.method.annotation.CrossOriginAnnotationIntegrationTests" time="0.121"/>
  <testcase name="actualRequestWithDefaultAnnotation(HttpServer)[2]" classname="org.springframework.web.reactive.result.method.annotation.CrossOriginAnnotationIntegrationTests" time="0.123"/>
  <testcase name="actualRequestWithDefaultAnnotation(HttpServer)[3]" classname="org.springframework.web.reactive.result.method.annotation.CrossOriginAnnotationIntegrationTests" time="0.566"/>
  <testcase name="actualRequestWithDefaultAnnotation(HttpServer)[4]" classname="org.springframework.web.reactive.result.method.annotation.CrossOriginAnnotationIntegrationTests" time="0.23"/>
  <testcase name="optionsRequestWithAccessControlRequestMethod(HttpServer)[1]" classname="org.springframework.web.reactive.result.method.annotation.CrossOriginAnnotationIntegrationTests" time="0.122"/>
  <testcase name="optionsRequestWithAccessControlRequestMethod(HttpServer)[2]" classname="org.springframework.web.reactive.result.method.annotation.CrossOriginAnnotationIntegrationTests" time="0.147"/>
  <testcase name="optionsRequestWithAccessControlRequestMethod(HttpServer)[3]" classname="org.springframework.web.reactive.result.method.annotation.CrossOriginAnnotationIntegrationTests" time="0.621"/>
  <testcase name="optionsRequestWithAccessControlRequestMethod(HttpServer)[4]" classname="org.springframework.web.reactive.result.method.annotation.CrossOriginAnnotationIntegrationTests" time="0.143"/>
  <testcase name="actualPostRequestWithoutAnnotation(HttpServer)[1]" classname="org.springframework.web.reactive.result.method.annotation.CrossOriginAnnotationIntegrationTests" time="0.105"/>
  <testcase name="actualPostRequestWithoutAnnotation(HttpServer)[2]" classname="org.springframework.web.reactive.result.method.annotation.CrossOriginAnnotationIntegrationTests" time="0.131"/>
  <testcase name="actualPostRequestWithoutAnnotation(HttpServer)[3]" classname="org.springframework.web.reactive.result.method.annotation.CrossOriginAnnotationIntegrationTests" time="0.555"/>
  <testcase name="actualPostRequestWithoutAnnotation(HttpServer)[4]" classname="org.springframework.web.reactive.result.method.annotation.CrossOriginAnnotationIntegrationTests" time="0.25"/>
  <system-out><![CDATA[03:13:12.162 [Test worker] DEBUG o.s.w.r.r.m.a.RequestMappingHandlerMapping - 14 mappings in 'requestMappingHandlerMapping'
03:13:12.244 [Test worker] DEBUG o.s.w.r.r.m.a.ControllerMethodResolver - ControllerAdvice beans: none
03:13:12.357 [Test worker] DEBUG o.s.w.s.a.HttpWebHandlerAdapter - enableLoggingRequestDetails='false': form data and headers will be masked to prevent unsafe logging of potentially sensitive data
03:13:12.358 [Test worker] WARN  o.e.j.s.h.ContextHandler - Empty contextPath
03:13:12.359 [Test worker] INFO  o.e.j.s.h.ContextHandler - Started o.e.j.s.ServletContextHandler@4df41b66{/,null,AVAILABLE}
03:13:12.359 [Test worker] DEBUG o.s.w.t.h.s.r.b.JettyHttpServer - Starting JettyHttpServer...
03:13:12.360 [Test worker] INFO  o.e.j.s.Server - jetty-9.4.30.v20200611; built: 2020-06-11T12:34:51.929Z; git: 271836e4c1f4612f12b7bb13ef5a92a927634b0d; jvm 1.8.0_251-b08
03:13:12.791 [Test worker] INFO  o.e.j.s.AbstractConnector - Started ServerConnector@59df58b3{HTTP/1.1, (http/1.1)}{0.0.0.0:53125}
03:13:12.791 [Test worker] INFO  o.e.j.s.Server - Started @109409ms
03:13:12.791 [Test worker] DEBUG o.s.w.t.h.s.r.b.JettyHttpServer - Server started on port 53125(0 millis).
03:13:12.805 [Test worker] DEBUG o.s.w.c.RestTemplate - HTTP GET http://localhost:53125/origin-placeholder
03:13:12.805 [Test worker] DEBUG o.s.w.c.RestTemplate - Accept=[text/plain, application/json, application/x-jackson-smile, application/*+json, */*]
03:13:13.056 [qtp910159837-546] DEBUG o.s.w.s.a.HttpWebHandlerAdapter - [2c0d6383] HTTP GET "/origin-placeholder"
03:13:13.057 [qtp910159837-546] DEBUG o.s.w.r.r.m.a.RequestMappingHandlerMapping - [2c0d6383] Mapped to org.springframework.web.reactive.result.method.annotation.CrossOriginAnnotationIntegrationTests$MethodLevelController#customOriginDefinedViaPlaceholder()
03:13:13.060 [qtp910159837-546] DEBUG o.s.w.r.r.m.a.ResponseBodyResultHandler - Using 'text/plain;charset=UTF-8' given [text/plain, application/json, application/x-jackson-smile, application/*+json, */*] and supported [text/plain;charset=UTF-8, text/event-stream, text/plain;charset=UTF-8, */*]
03:13:13.063 [qtp910159837-546] DEBUG o.s.w.r.r.m.a.ResponseBodyResultHandler - [2c0d6383] 0..1 [java.lang.String]
03:13:13.064 [qtp910159837-546] DEBUG o.s.c.c.CharSequenceEncoder - [2c0d6383] Writing "placeholder"
03:13:13.066 [qtp910159837-546] DEBUG o.s.w.s.a.HttpWebHandlerAdapter - [2c0d6383] Completed 200 OK
03:13:13.086 [Test worker] DEBUG o.s.w.c.RestTemplate - Response 200 OK
03:13:13.086 [Test worker] DEBUG o.s.w.c.RestTemplate - Reading to [java.lang.String] as "text/plain;charset=utf-8"
03:13:13.089 [Test worker] DEBUG o.s.w.t.h.s.r.b.JettyHttpServer - Stopping JettyHttpServer...
03:13:13.090 [Test worker] INFO  o.e.j.s.h.ContextHandler - Stopped o.e.j.s.ServletContextHandler@4df41b66{/,null,UNAVAILABLE}
03:13:13.092 [Test worker] INFO  o.e.j.s.AbstractConnector - Stopped ServerConnector@59df58b3{HTTP/1.1, (http/1.1)}{0.0.0.0:0}
03:13:13.114 [Test worker] DEBUG o.s.w.t.h.s.r.b.JettyHttpServer - Server stopped (0 millis).
03:13:13.359 [Test worker] DEBUG o.s.w.r.r.m.a.RequestMappingHandlerMapping - 14 mappings in 'requestMappingHandlerMapping'
03:13:13.566 [Test worker] DEBUG o.s.w.r.r.m.a.ControllerMethodResolver - ControllerAdvice beans: none
03:13:13.872 [Test worker] DEBUG o.s.w.s.a.HttpWebHandlerAdapter - enableLoggingRequestDetails='false': form data and headers will be masked to prevent unsafe logging of potentially sensitive data
03:13:13.873 [Test worker] DEBUG o.s.w.t.h.s.r.b.ReactorHttpServer - Starting ReactorHttpServer...
03:13:13.874 [Test worker] DEBUG o.s.w.t.h.s.r.b.ReactorHttpServer - Server started on port 53131(0 millis).
03:13:13.874 [Test worker] DEBUG o.s.w.c.RestTemplate - HTTP GET http://localhost:53131/origin-placeholder
03:13:13.875 [Test worker] DEBUG o.s.w.c.RestTemplate - Accept=[text/plain, application/json, application/x-jackson-smile, application/*+json, */*]
03:13:13.957 [reactor-http-nio-3] DEBUG o.s.w.s.a.HttpWebHandlerAdapter - [1fe5049a-14] HTTP GET "/origin-placeholder"
03:13:13.958 [reactor-http-nio-3] DEBUG o.s.w.r.r.m.a.RequestMappingHandlerMapping - [1fe5049a-14] Mapped to org.springframework.web.reactive.result.method.annotation.CrossOriginAnnotationIntegrationTests$MethodLevelController#customOriginDefinedViaPlaceholder()
03:13:14.018 [reactor-http-nio-3] DEBUG o.s.w.r.r.m.a.ResponseBodyResultHandler - Using 'text/plain;charset=UTF-8' given [text/plain, application/json, application/x-jackson-smile, application/*+json, */*] and supported [text/plain;charset=UTF-8, text/event-stream, text/plain;charset=UTF-8, */*]
03:13:14.018 [reactor-http-nio-3] DEBUG o.s.w.r.r.m.a.ResponseBodyResultHandler - [1fe5049a-14] 0..1 [java.lang.String]
03:13:14.019 [reactor-http-nio-3] DEBUG o.s.c.c.CharSequenceEncoder - [1fe5049a-14] Writing "placeholder"
03:13:14.021 [Test worker] DEBUG o.s.w.c.RestTemplate - Response 200 OK
03:13:14.021 [Test worker] DEBUG o.s.w.c.RestTemplate - Reading to [java.lang.String] as "text/plain;charset=UTF-8"
03:13:14.021 [Test worker] DEBUG o.s.w.t.h.s.r.b.ReactorHttpServer - Stopping ReactorHttpServer...
03:13:14.022 [Test worker] DEBUG o.s.w.t.h.s.r.b.ReactorHttpServer - Server stopped (0 millis).
03:13:14.025 [reactor-http-nio-3] DEBUG o.s.w.s.a.HttpWebHandlerAdapter - [1fe5049a-14] Completed 200 OK
03:13:14.357 [Test worker] DEBUG o.s.w.r.r.m.a.RequestMappingHandlerMapping - 14 mappings in 'requestMappingHandlerMapping'
03:13:14.622 [Test worker] DEBUG o.s.w.r.r.m.a.ControllerMethodResolver - ControllerAdvice beans: none
03:13:14.700 [Test worker] DEBUG o.s.w.s.a.HttpWebHandlerAdapter - enableLoggingRequestDetails='false': form data and headers will be masked to prevent unsafe logging of potentially sensitive data
03:13:14.805 [Test worker] DEBUG o.s.w.t.h.s.r.b.TomcatHttpServer - Starting TomcatHttpServer...
03:13:14.858 [Test worker] DEBUG o.s.w.t.h.s.r.b.TomcatHttpServer - Server started on port 53133(0 millis).
03:13:14.859 [Test worker] DEBUG o.s.w.c.RestTemplate - HTTP GET http://localhost:53133/origin-placeholder
03:13:14.859 [Test worker] DEBUG o.s.w.c.RestTemplate - Accept=[text/plain, application/json, application/x-jackson-smile, application/*+json, */*]
03:13:15.113 [http-nio-auto-14-exec-1] DEBUG o.s.w.s.a.HttpWebHandlerAdapter - [2b701058] HTTP GET "/origin-placeholder"
03:13:15.114 [http-nio-auto-14-exec-1] DEBUG o.s.w.r.r.m.a.RequestMappingHandlerMapping - [2b701058] Mapped to org.springframework.web.reactive.result.method.annotation.CrossOriginAnnotationIntegrationTests$MethodLevelController#customOriginDefinedViaPlaceholder()
03:13:15.336 [http-nio-auto-14-exec-1] DEBUG o.s.w.r.r.m.a.ResponseBodyResultHandler - Using 'text/plain;charset=UTF-8' given [text/plain, application/json, application/x-jackson-smile, application/*+json, */*] and supported [text/plain;charset=UTF-8, text/event-stream, text/plain;charset=UTF-8, */*]
03:13:15.336 [http-nio-auto-14-exec-1] DEBUG o.s.w.r.r.m.a.ResponseBodyResultHandler - [2b701058] 0..1 [java.lang.String]
03:13:15.337 [http-nio-auto-14-exec-1] DEBUG o.s.c.c.CharSequenceEncoder - [2b701058] Writing "placeholder"
03:13:15.338 [http-nio-auto-14-exec-1] DEBUG o.s.w.s.a.HttpWebHandlerAdapter - [2b701058] Completed 200 OK
03:13:15.342 [Test worker] DEBUG o.s.w.c.RestTemplate - Response 200 OK
03:13:15.343 [Test worker] DEBUG o.s.w.c.RestTemplate - Reading to [java.lang.String] as "text/plain;charset=UTF-8"
03:13:15.343 [Test worker] DEBUG o.s.w.t.h.s.r.b.TomcatHttpServer - Stopping TomcatHttpServer...
03:13:15.524 [Test worker] DEBUG o.s.w.t.h.s.r.b.TomcatHttpServer - Server stopped (0 millis).
03:13:15.588 [Test worker] DEBUG o.s.w.r.r.m.a.RequestMappingHandlerMapping - 14 mappings in 'requestMappingHandlerMapping'
03:13:15.604 [Test worker] DEBUG o.s.w.r.r.m.a.ControllerMethodResolver - ControllerAdvice beans: none
03:13:15.618 [Test worker] DEBUG o.s.w.s.a.HttpWebHandlerAdapter - enableLoggingRequestDetails='false': form data and headers will be masked to prevent unsafe logging of potentially sensitive data
03:13:15.618 [Test worker] DEBUG o.s.w.t.h.s.r.b.UndertowHttpServer - Starting UndertowHttpServer...
03:13:15.618 [Test worker] INFO  i.undertow - starting server: Undertow - 2.1.3.Final
03:13:15.628 [Test worker] DEBUG o.s.w.t.h.s.r.b.UndertowHttpServer - Server started on port 53152(0 millis).
03:13:15.628 [Test worker] DEBUG o.s.w.c.RestTemplate - HTTP GET http://localhost:53152/origin-placeholder
03:13:15.628 [Test worker] DEBUG o.s.w.c.RestTemplate - Accept=[text/plain, application/json, application/x-jackson-smile, application/*+json, */*]
03:13:15.632 [XNIO-13 I/O-2] DEBUG o.s.w.s.a.HttpWebHandlerAdapter - [20ff4] HTTP GET "/origin-placeholder"
03:13:15.633 [XNIO-13 I/O-2] DEBUG o.s.w.r.r.m.a.RequestMappingHandlerMapping - [20ff4] Mapped to org.springframework.web.reactive.result.method.annotation.CrossOriginAnnotationIntegrationTests$MethodLevelController#customOriginDefinedViaPlaceholder()
03:13:15.761 [XNIO-13 I/O-2] DEBUG o.s.w.r.r.m.a.ResponseBodyResultHandler - Using 'text/plain;charset=UTF-8' given [text/plain, application/json, application/x-jackson-smile, application/*+json, */*] and supported [text/plain;charset=UTF-8, text/event-stream, text/plain;charset=UTF-8, */*]
03:13:15.762 [XNIO-13 I/O-2] DEBUG o.s.w.r.r.m.a.ResponseBodyResultHandler - [20ff4] 0..1 [java.lang.String]
03:13:15.762 [XNIO-13 I/O-2] DEBUG o.s.c.c.CharSequenceEncoder - [20ff4] Writing "placeholder"
03:13:15.764 [XNIO-13 I/O-2] DEBUG o.s.w.s.a.HttpWebHandlerAdapter - [20ff4] Completed 200 OK
03:13:15.764 [Test worker] DEBUG o.s.w.c.RestTemplate - Response 200 OK
03:13:15.765 [Test worker] DEBUG o.s.w.c.RestTemplate - Reading to [java.lang.String] as "text/plain;charset=UTF-8"
03:13:15.766 [Test worker] DEBUG o.s.w.t.h.s.r.b.UndertowHttpServer - Stopping UndertowHttpServer...
03:13:15.766 [Test worker] INFO  i.undertow - stopping server: Undertow - 2.1.3.Final
03:13:15.773 [Test worker] DEBUG o.s.w.t.h.s.r.b.UndertowHttpServer - Server stopped (0 millis).
03:13:15.837 [Test worker] DEBUG o.s.w.r.r.m.a.RequestMappingHandlerMapping - 14 mappings in 'requestMappingHandlerMapping'
03:13:15.851 [Test worker] DEBUG o.s.w.r.r.m.a.ControllerMethodResolver - ControllerAdvice beans: none
03:13:15.863 [Test worker] DEBUG o.s.w.s.a.HttpWebHandlerAdapter - enableLoggingRequestDetails='false': form data and headers will be masked to prevent unsafe logging of potentially sensitive data
03:13:15.864 [Test worker] WARN  o.e.j.s.h.ContextHandler - Empty contextPath
03:13:15.864 [Test worker] INFO  o.e.j.s.h.ContextHandler - Started o.e.j.s.ServletContextHandler@5714388d{/,null,AVAILABLE}
03:13:15.864 [Test worker] DEBUG o.s.w.t.h.s.r.b.JettyHttpServer - Starting JettyHttpServer...
03:13:15.864 [Test worker] INFO  o.e.j.s.Server - jetty-9.4.30.v20200611; built: 2020-06-11T12:34:51.929Z; git: 271836e4c1f4612f12b7bb13ef5a92a927634b0d; jvm 1.8.0_251-b08
03:13:15.869 [Test worker] INFO  o.e.j.s.AbstractConnector - Started ServerConnector@311b3895{HTTP/1.1, (http/1.1)}{0.0.0.0:53154}
03:13:15.869 [Test worker] INFO  o.e.j.s.Server - Started @112487ms
03:13:15.869 [Test worker] DEBUG o.s.w.t.h.s.r.b.JettyHttpServer - Server started on port 53154(0 millis).
03:13:15.869 [Test worker] DEBUG o.s.w.c.RestTemplate - HTTP GET http://localhost:53154/no
03:13:15.869 [Test worker] DEBUG o.s.w.c.RestTemplate - Accept=[text/plain, application/json, application/x-jackson-smile, application/*+json, */*]
03:13:15.872 [qtp1181473916-589] DEBUG o.s.w.s.a.HttpWebHandlerAdapter - [279a5dc4] HTTP GET "/no"
03:13:15.873 [qtp1181473916-589] DEBUG o.s.w.r.r.m.a.RequestMappingHandlerMapping - [279a5dc4] Mapped to org.springframework.web.reactive.result.method.annotation.CrossOriginAnnotationIntegrationTests$MethodLevelController#noAnnotation()
03:13:15.874 [qtp1181473916-589] DEBUG o.s.w.r.r.m.a.ResponseBodyResultHandler - Using 'text/plain;charset=UTF-8' given [text/plain, application/json, application/x-jackson-smile, application/*+json, */*] and supported [text/plain;charset=UTF-8, text/event-stream, text/plain;charset=UTF-8, */*]
03:13:15.874 [qtp1181473916-589] DEBUG o.s.w.r.r.m.a.ResponseBodyResultHandler - [279a5dc4] 0..1 [java.lang.String]
03:13:15.874 [qtp1181473916-589] DEBUG o.s.c.c.CharSequenceEncoder - [279a5dc4] Writing "no"
03:13:15.875 [qtp1181473916-589] DEBUG o.s.w.s.a.HttpWebHandlerAdapter - [279a5dc4] Completed 200 OK
03:13:15.875 [Test worker] DEBUG o.s.w.c.RestTemplate - Response 200 OK
03:13:15.875 [Test worker] DEBUG o.s.w.c.RestTemplate - Reading to [java.lang.String] as "text/plain;charset=utf-8"
03:13:15.875 [Test worker] DEBUG o.s.w.t.h.s.r.b.JettyHttpServer - Stopping JettyHttpServer...
03:13:15.875 [Test worker] INFO  o.e.j.s.h.ContextHandler - Stopped o.e.j.s.ServletContextHandler@5714388d{/,null,UNAVAILABLE}
03:13:15.877 [Test worker] INFO  o.e.j.s.AbstractConnector - Stopped ServerConnector@311b3895{HTTP/1.1, (http/1.1)}{0.0.0.0:0}
03:13:15.878 [Test worker] DEBUG o.s.w.t.h.s.r.b.JettyHttpServer - Server stopped (0 millis).
03:13:15.932 [Test worker] DEBUG o.s.w.r.r.m.a.RequestMappingHandlerMapping - 14 mappings in 'requestMappingHandlerMapping'
03:13:15.958 [Test worker] DEBUG o.s.w.r.r.m.a.ControllerMethodResolver - ControllerAdvice beans: none
03:13:15.976 [Test worker] DEBUG o.s.w.s.a.HttpWebHandlerAdapter - enableLoggingRequestDetails='false': form data and headers will be masked to prevent unsafe logging of potentially sensitive data
03:13:15.976 [Test worker] DEBUG o.s.w.t.h.s.r.b.ReactorHttpServer - Starting ReactorHttpServer...
03:13:15.977 [Test worker] DEBUG o.s.w.t.h.s.r.b.ReactorHttpServer - Server started on port 53160(0 millis).
03:13:15.977 [Test worker] DEBUG o.s.w.c.RestTemplate - HTTP GET http://localhost:53160/no
03:13:15.977 [Test worker] DEBUG o.s.w.c.RestTemplate - Accept=[text/plain, application/json, application/x-jackson-smile, application/*+json, */*]
03:13:15.980 [reactor-http-nio-1] DEBUG o.s.w.s.a.HttpWebHandlerAdapter - [42b2dfa2-15] HTTP GET "/no"
03:13:15.981 [reactor-http-nio-1] DEBUG o.s.w.r.r.m.a.RequestMappingHandlerMapping - [42b2dfa2-15] Mapped to org.springframework.web.reactive.result.method.annotation.CrossOriginAnnotationIntegrationTests$MethodLevelController#noAnnotation()
03:13:15.982 [reactor-http-nio-1] DEBUG o.s.w.r.r.m.a.ResponseBodyResultHandler - Using 'text/plain;charset=UTF-8' given [text/plain, application/json, application/x-jackson-smile, application/*+json, */*] and supported [text/plain;charset=UTF-8, text/event-stream, text/plain;charset=UTF-8, */*]
03:13:15.982 [reactor-http-nio-1] DEBUG o.s.w.r.r.m.a.ResponseBodyResultHandler - [42b2dfa2-15] 0..1 [java.lang.String]
03:13:15.982 [reactor-http-nio-1] DEBUG o.s.c.c.CharSequenceEncoder - [42b2dfa2-15] Writing "no"
03:13:15.984 [reactor-http-nio-1] DEBUG o.s.w.s.a.HttpWebHandlerAdapter - [42b2dfa2-15] Completed 200 OK
03:13:15.984 [Test worker] DEBUG o.s.w.c.RestTemplate - Response 200 OK
03:13:15.984 [Test worker] DEBUG o.s.w.c.RestTemplate - Reading to [java.lang.String] as "text/plain;charset=UTF-8"
03:13:15.984 [Test worker] DEBUG o.s.w.t.h.s.r.b.ReactorHttpServer - Stopping ReactorHttpServer...
03:13:15.984 [Test worker] DEBUG o.s.w.t.h.s.r.b.ReactorHttpServer - Server stopped (0 millis).
03:13:16.063 [Test worker] DEBUG o.s.w.r.r.m.a.RequestMappingHandlerMapping - 14 mappings in 'requestMappingHandlerMapping'
03:13:16.137 [Test worker] DEBUG o.s.w.r.r.m.a.ControllerMethodResolver - ControllerAdvice beans: none
03:13:16.200 [Test worker] DEBUG o.s.w.s.a.HttpWebHandlerAdapter - enableLoggingRequestDetails='false': form data and headers will be masked to prevent unsafe logging of potentially sensitive data
03:13:16.203 [Test worker] DEBUG o.s.w.t.h.s.r.b.TomcatHttpServer - Starting TomcatHttpServer...
03:13:16.221 [Test worker] DEBUG o.s.w.t.h.s.r.b.TomcatHttpServer - Server started on port 53162(0 millis).
03:13:16.221 [Test worker] DEBUG o.s.w.c.RestTemplate - HTTP GET http://localhost:53162/no
03:13:16.223 [Test worker] DEBUG o.s.w.c.RestTemplate - Accept=[text/plain, application/json, application/x-jackson-smile, application/*+json, */*]
03:13:16.230 [http-nio-auto-15-exec-1] DEBUG o.s.w.s.a.HttpWebHandlerAdapter - [76def41d] HTTP GET "/no"
03:13:16.230 [http-nio-auto-15-exec-1] DEBUG o.s.w.r.r.m.a.RequestMappingHandlerMapping - [76def41d] Mapped to org.springframework.web.reactive.result.method.annotation.CrossOriginAnnotationIntegrationTests$MethodLevelController#noAnnotation()
03:13:16.232 [http-nio-auto-15-exec-1] DEBUG o.s.w.r.r.m.a.ResponseBodyResultHandler - Using 'text/plain;charset=UTF-8' given [text/plain, application/json, application/x-jackson-smile, application/*+json, */*] and supported [text/plain;charset=UTF-8, text/event-stream, text/plain;charset=UTF-8, */*]
03:13:16.232 [http-nio-auto-15-exec-1] DEBUG o.s.w.r.r.m.a.ResponseBodyResultHandler - [76def41d] 0..1 [java.lang.String]
03:13:16.232 [http-nio-auto-15-exec-1] DEBUG o.s.c.c.CharSequenceEncoder - [76def41d] Writing "no"
03:13:16.233 [Test worker] DEBUG o.s.w.c.RestTemplate - Response 200 OK
03:13:16.233 [Test worker] DEBUG o.s.w.c.RestTemplate - Reading to [java.lang.String] as "text/plain;charset=UTF-8"
03:13:16.233 [Test worker] DEBUG o.s.w.t.h.s.r.b.TomcatHttpServer - Stopping TomcatHttpServer...
03:13:16.234 [http-nio-auto-15-exec-1] DEBUG o.s.w.s.a.HttpWebHandlerAdapter - [76def41d] Completed 200 OK
03:13:18.941 [Test worker] DEBUG o.s.w.t.h.s.r.b.TomcatHttpServer - Server stopped (0 millis).
03:13:19.086 [Test worker] DEBUG o.s.w.r.r.m.a.RequestMappingHandlerMapping - 14 mappings in 'requestMappingHandlerMapping'
03:13:19.163 [Test worker] DEBUG o.s.w.r.r.m.a.ControllerMethodResolver - ControllerAdvice beans: none
03:13:19.401 [Test worker] DEBUG o.s.w.s.a.HttpWebHandlerAdapter - enableLoggingRequestDetails='false': form data and headers will be masked to prevent unsafe logging of potentially sensitive data
03:13:19.401 [Test worker] DEBUG o.s.w.t.h.s.r.b.UndertowHttpServer - Starting UndertowHttpServer...
03:13:19.401 [Test worker] INFO  i.undertow - starting server: Undertow - 2.1.3.Final
03:13:19.412 [Test worker] DEBUG o.s.w.t.h.s.r.b.UndertowHttpServer - Server started on port 53181(0 millis).
03:13:19.413 [Test worker] DEBUG o.s.w.c.RestTemplate - HTTP GET http://localhost:53181/no
03:13:19.414 [Test worker] DEBUG o.s.w.c.RestTemplate - Accept=[text/plain, application/json, application/x-jackson-smile, application/*+json, */*]
03:13:19.427 [XNIO-14 I/O-4] DEBUG o.s.w.s.a.HttpWebHandlerAdapter - [5e1643d7] HTTP GET "/no"
03:13:19.427 [XNIO-14 I/O-4] DEBUG o.s.w.r.r.m.a.RequestMappingHandlerMapping - [5e1643d7] Mapped to org.springframework.web.reactive.result.method.annotation.CrossOriginAnnotationIntegrationTests$MethodLevelController#noAnnotation()
03:13:19.435 [XNIO-14 I/O-4] DEBUG o.s.w.r.r.m.a.ResponseBodyResultHandler - Using 'text/plain;charset=UTF-8' given [text/plain, application/json, application/x-jackson-smile, application/*+json, */*] and supported [text/plain;charset=UTF-8, text/event-stream, text/plain;charset=UTF-8, */*]
03:13:19.435 [XNIO-14 I/O-4] DEBUG o.s.w.r.r.m.a.ResponseBodyResultHandler - [5e1643d7] 0..1 [java.lang.String]
03:13:19.435 [XNIO-14 I/O-4] DEBUG o.s.c.c.CharSequenceEncoder - [5e1643d7] Writing "no"
03:13:19.436 [XNIO-14 I/O-4] DEBUG o.s.w.s.a.HttpWebHandlerAdapter - [5e1643d7] Completed 200 OK
03:13:19.438 [Test worker] DEBUG o.s.w.c.RestTemplate - Response 200 OK
03:13:19.438 [Test worker] DEBUG o.s.w.c.RestTemplate - Reading to [java.lang.String] as "text/plain;charset=UTF-8"
03:13:19.438 [Test worker] DEBUG o.s.w.t.h.s.r.b.UndertowHttpServer - Stopping UndertowHttpServer...
03:13:19.438 [Test worker] INFO  i.undertow - stopping server: Undertow - 2.1.3.Final
03:13:19.444 [Test worker] DEBUG o.s.w.t.h.s.r.b.UndertowHttpServer - Server stopped (0 millis).
03:13:19.538 [Test worker] DEBUG o.s.w.r.r.m.a.RequestMappingHandlerMapping - 14 mappings in 'requestMappingHandlerMapping'
03:13:19.606 [Test worker] DEBUG o.s.w.r.r.m.a.ControllerMethodResolver - ControllerAdvice beans: none
03:13:19.641 [Test worker] DEBUG o.s.w.s.a.HttpWebHandlerAdapter - enableLoggingRequestDetails='false': form data and headers will be masked to prevent unsafe logging of potentially sensitive data
03:13:19.642 [Test worker] WARN  o.e.j.s.h.ContextHandler - Empty contextPath
03:13:19.642 [Test worker] INFO  o.e.j.s.h.ContextHandler - Started o.e.j.s.ServletContextHandler@bee93a3{/,null,AVAILABLE}
03:13:19.642 [Test worker] DEBUG o.s.w.t.h.s.r.b.JettyHttpServer - Starting JettyHttpServer...
03:13:19.643 [Test worker] INFO  o.e.j.s.Server - jetty-9.4.30.v20200611; built: 2020-06-11T12:34:51.929Z; git: 271836e4c1f4612f12b7bb13ef5a92a927634b0d; jvm 1.8.0_251-b08
03:13:19.668 [Test worker] INFO  o.e.j.s.AbstractConnector - Started ServerConnector@308a1ca8{HTTP/1.1, (http/1.1)}{0.0.0.0:53183}
03:13:19.668 [Test worker] INFO  o.e.j.s.Server - Started @116286ms
03:13:19.668 [Test worker] DEBUG o.s.w.t.h.s.r.b.JettyHttpServer - Server started on port 53183(0 millis).
03:13:19.668 [Test worker] DEBUG o.s.w.c.RestTemplate - HTTP GET http://localhost:53183/origin-value-attribute
03:13:19.669 [Test worker] DEBUG o.s.w.c.RestTemplate - Accept=[text/plain, application/json, application/x-jackson-smile, application/*+json, */*]
03:13:19.672 [qtp1765790079-629] DEBUG o.s.w.s.a.HttpWebHandlerAdapter - [212274af] HTTP GET "/origin-value-attribute"
03:13:19.672 [qtp1765790079-629] DEBUG o.s.w.r.r.m.a.RequestMappingHandlerMapping - [212274af] Mapped to org.springframework.web.reactive.result.method.annotation.CrossOriginAnnotationIntegrationTests$MethodLevelController#customOriginDefinedViaValueAttribute()
03:13:19.673 [qtp1765790079-629] DEBUG o.s.w.r.r.m.a.ResponseBodyResultHandler - Using 'text/plain;charset=UTF-8' given [text/plain, application/json, application/x-jackson-smile, application/*+json, */*] and supported [text/plain;charset=UTF-8, text/event-stream, text/plain;charset=UTF-8, */*]
03:13:19.673 [qtp1765790079-629] DEBUG o.s.w.r.r.m.a.ResponseBodyResultHandler - [212274af] 0..1 [java.lang.String]
03:13:19.673 [qtp1765790079-629] DEBUG o.s.c.c.CharSequenceEncoder - [212274af] Writing "value-attribute"
03:13:19.674 [qtp1765790079-629] DEBUG o.s.w.s.a.HttpWebHandlerAdapter - [212274af] Completed 200 OK
03:13:19.674 [Test worker] DEBUG o.s.w.c.RestTemplate - Response 200 OK
03:13:19.674 [Test worker] DEBUG o.s.w.c.RestTemplate - Reading to [java.lang.String] as "text/plain;charset=utf-8"
03:13:19.675 [Test worker] DEBUG o.s.w.t.h.s.r.b.JettyHttpServer - Stopping JettyHttpServer...
03:13:19.675 [Test worker] INFO  o.e.j.s.h.ContextHandler - Stopped o.e.j.s.ServletContextHandler@bee93a3{/,null,UNAVAILABLE}
03:13:19.677 [Test worker] INFO  o.e.j.s.AbstractConnector - Stopped ServerConnector@308a1ca8{HTTP/1.1, (http/1.1)}{0.0.0.0:0}
03:13:19.677 [Test worker] DEBUG o.s.w.t.h.s.r.b.JettyHttpServer - Server stopped (0 millis).
03:13:19.732 [Test worker] DEBUG o.s.w.r.r.m.a.RequestMappingHandlerMapping - 14 mappings in 'requestMappingHandlerMapping'
03:13:19.760 [Test worker] DEBUG o.s.w.r.r.m.a.ControllerMethodResolver - ControllerAdvice beans: none
03:13:19.788 [Test worker] DEBUG o.s.w.s.a.HttpWebHandlerAdapter - enableLoggingRequestDetails='false': form data and headers will be masked to prevent unsafe logging of potentially sensitive data
03:13:19.788 [Test worker] DEBUG o.s.w.t.h.s.r.b.ReactorHttpServer - Starting ReactorHttpServer...
03:13:19.790 [Test worker] DEBUG o.s.w.t.h.s.r.b.ReactorHttpServer - Server started on port 53189(0 millis).
03:13:19.791 [Test worker] DEBUG o.s.w.c.RestTemplate - HTTP GET http://localhost:53189/origin-value-attribute
03:13:19.791 [Test worker] DEBUG o.s.w.c.RestTemplate - Accept=[text/plain, application/json, application/x-jackson-smile, application/*+json, */*]
03:13:19.794 [reactor-http-nio-3] DEBUG o.s.w.s.a.HttpWebHandlerAdapter - [86ff5a94-16] HTTP GET "/origin-value-attribute"
03:13:19.796 [reactor-http-nio-3] DEBUG o.s.w.r.r.m.a.RequestMappingHandlerMapping - [86ff5a94-16] Mapped to org.springframework.web.reactive.result.method.annotation.CrossOriginAnnotationIntegrationTests$MethodLevelController#customOriginDefinedViaValueAttribute()
03:13:19.796 [reactor-http-nio-3] DEBUG o.s.w.r.r.m.a.ResponseBodyResultHandler - Using 'text/plain;charset=UTF-8' given [text/plain, application/json, application/x-jackson-smile, application/*+json, */*] and supported [text/plain;charset=UTF-8, text/event-stream, text/plain;charset=UTF-8, */*]
03:13:19.796 [reactor-http-nio-3] DEBUG o.s.w.r.r.m.a.ResponseBodyResultHandler - [86ff5a94-16] 0..1 [java.lang.String]
03:13:19.796 [reactor-http-nio-3] DEBUG o.s.c.c.CharSequenceEncoder - [86ff5a94-16] Writing "value-attribute"
03:13:19.798 [reactor-http-nio-3] DEBUG o.s.w.s.a.HttpWebHandlerAdapter - [86ff5a94-16] Completed 200 OK
03:13:19.798 [Test worker] DEBUG o.s.w.c.RestTemplate - Response 200 OK
03:13:19.799 [Test worker] DEBUG o.s.w.c.RestTemplate - Reading to [java.lang.String] as "text/plain;charset=UTF-8"
03:13:19.799 [Test worker] DEBUG o.s.w.t.h.s.r.b.ReactorHttpServer - Stopping ReactorHttpServer...
03:13:19.799 [Test worker] DEBUG o.s.w.t.h.s.r.b.ReactorHttpServer - Server stopped (0 millis).
03:13:19.926 [Test worker] DEBUG o.s.w.r.r.m.a.RequestMappingHandlerMapping - 14 mappings in 'requestMappingHandlerMapping'
03:13:19.958 [Test worker] DEBUG o.s.w.r.r.m.a.ControllerMethodResolver - ControllerAdvice beans: none
03:13:19.992 [Test worker] DEBUG o.s.w.s.a.HttpWebHandlerAdapter - enableLoggingRequestDetails='false': form data and headers will be masked to prevent unsafe logging of potentially sensitive data
03:13:19.994 [Test worker] DEBUG o.s.w.t.h.s.r.b.TomcatHttpServer - Starting TomcatHttpServer...
03:13:20.021 [Test worker] DEBUG o.s.w.t.h.s.r.b.TomcatHttpServer - Server started on port 53191(0 millis).
03:13:20.021 [Test worker] DEBUG o.s.w.c.RestTemplate - HTTP GET http://localhost:53191/origin-value-attribute
03:13:20.021 [Test worker] DEBUG o.s.w.c.RestTemplate - Accept=[text/plain, application/json, application/x-jackson-smile, application/*+json, */*]
03:13:20.032 [http-nio-auto-16-exec-1] DEBUG o.s.w.s.a.HttpWebHandlerAdapter - [452a380e] HTTP GET "/origin-value-attribute"
03:13:20.033 [http-nio-auto-16-exec-1] DEBUG o.s.w.r.r.m.a.RequestMappingHandlerMapping - [452a380e] Mapped to org.springframework.web.reactive.result.method.annotation.CrossOriginAnnotationIntegrationTests$MethodLevelController#customOriginDefinedViaValueAttribute()
03:13:20.035 [http-nio-auto-16-exec-1] DEBUG o.s.w.r.r.m.a.ResponseBodyResultHandler - Using 'text/plain;charset=UTF-8' given [text/plain, application/json, application/x-jackson-smile, application/*+json, */*] and supported [text/plain;charset=UTF-8, text/event-stream, text/plain;charset=UTF-8, */*]
03:13:20.035 [http-nio-auto-16-exec-1] DEBUG o.s.w.r.r.m.a.ResponseBodyResultHandler - [452a380e] 0..1 [java.lang.String]
03:13:20.035 [http-nio-auto-16-exec-1] DEBUG o.s.c.c.CharSequenceEncoder - [452a380e] Writing "value-attribute"
03:13:20.037 [http-nio-auto-16-exec-1] DEBUG o.s.w.s.a.HttpWebHandlerAdapter - [452a380e] Completed 200 OK
03:13:20.037 [Test worker] DEBUG o.s.w.c.RestTemplate - Response 200 OK
03:13:20.037 [Test worker] DEBUG o.s.w.c.RestTemplate - Reading to [java.lang.String] as "text/plain;charset=UTF-8"
03:13:20.037 [Test worker] DEBUG o.s.w.t.h.s.r.b.TomcatHttpServer - Stopping TomcatHttpServer...
03:13:20.283 [Test worker] DEBUG o.s.w.t.h.s.r.b.TomcatHttpServer - Server stopped (0 millis).
03:13:20.395 [Test worker] DEBUG o.s.w.r.r.m.a.RequestMappingHandlerMapping - 14 mappings in 'requestMappingHandlerMapping'
03:13:20.437 [Test worker] DEBUG o.s.w.r.r.m.a.ControllerMethodResolver - ControllerAdvice beans: none
03:13:20.467 [Test worker] DEBUG o.s.w.s.a.HttpWebHandlerAdapter - enableLoggingRequestDetails='false': form data and headers will be masked to prevent unsafe logging of potentially sensitive data
03:13:20.467 [Test worker] DEBUG o.s.w.t.h.s.r.b.UndertowHttpServer - Starting UndertowHttpServer...
03:13:20.467 [Test worker] INFO  i.undertow - starting server: Undertow - 2.1.3.Final
03:13:20.479 [Test worker] DEBUG o.s.w.t.h.s.r.b.UndertowHttpServer - Server started on port 53208(0 millis).
03:13:20.480 [Test worker] DEBUG o.s.w.c.RestTemplate - HTTP GET http://localhost:53208/origin-value-attribute
03:13:20.480 [Test worker] DEBUG o.s.w.c.RestTemplate - Accept=[text/plain, application/json, application/x-jackson-smile, application/*+json, */*]
03:13:20.487 [XNIO-15 I/O-1] DEBUG o.s.w.s.a.HttpWebHandlerAdapter - [2f538a7] HTTP GET "/origin-value-attribute"
03:13:20.488 [XNIO-15 I/O-1] DEBUG o.s.w.r.r.m.a.RequestMappingHandlerMapping - [2f538a7] Mapped to org.springframework.web.reactive.result.method.annotation.CrossOriginAnnotationIntegrationTests$MethodLevelController#customOriginDefinedViaValueAttribute()
03:13:20.489 [XNIO-15 I/O-1] DEBUG o.s.w.r.r.m.a.ResponseBodyResultHandler - Using 'text/plain;charset=UTF-8' given [text/plain, application/json, application/x-jackson-smile, application/*+json, */*] and supported [text/plain;charset=UTF-8, text/event-stream, text/plain;charset=UTF-8, */*]
03:13:20.489 [XNIO-15 I/O-1] DEBUG o.s.w.r.r.m.a.ResponseBodyResultHandler - [2f538a7] 0..1 [java.lang.String]
03:13:20.489 [XNIO-15 I/O-1] DEBUG o.s.c.c.CharSequenceEncoder - [2f538a7] Writing "value-attribute"
03:13:20.490 [XNIO-15 I/O-1] DEBUG o.s.w.s.a.HttpWebHandlerAdapter - [2f538a7] Completed 200 OK
03:13:20.490 [Test worker] DEBUG o.s.w.c.RestTemplate - Response 200 OK
03:13:20.491 [Test worker] DEBUG o.s.w.c.RestTemplate - Reading to [java.lang.String] as "text/plain;charset=UTF-8"
03:13:20.491 [Test worker] DEBUG o.s.w.t.h.s.r.b.UndertowHttpServer - Stopping UndertowHttpServer...
03:13:20.491 [Test worker] INFO  i.undertow - stopping server: Undertow - 2.1.3.Final
03:13:20.494 [Test worker] DEBUG o.s.w.t.h.s.r.b.UndertowHttpServer - Server stopped (0 millis).
03:13:20.609 [Test worker] DEBUG o.s.w.r.r.m.a.RequestMappingHandlerMapping - 14 mappings in 'requestMappingHandlerMapping'
03:13:20.662 [Test worker] DEBUG o.s.w.r.r.m.a.ControllerMethodResolver - ControllerAdvice beans: none
03:13:20.697 [Test worker] DEBUG o.s.w.s.a.HttpWebHandlerAdapter - enableLoggingRequestDetails='false': form data and headers will be masked to prevent unsafe logging of potentially sensitive data
03:13:20.698 [Test worker] WARN  o.e.j.s.h.ContextHandler - Empty contextPath
03:13:20.699 [Test worker] INFO  o.e.j.s.h.ContextHandler - Started o.e.j.s.ServletContextHandler@ff24fb0{/,null,AVAILABLE}
03:13:20.699 [Test worker] DEBUG o.s.w.t.h.s.r.b.JettyHttpServer - Starting JettyHttpServer...
03:13:20.700 [Test worker] INFO  o.e.j.s.Server - jetty-9.4.30.v20200611; built: 2020-06-11T12:34:51.929Z; git: 271836e4c1f4612f12b7bb13ef5a92a927634b0d; jvm 1.8.0_251-b08
03:13:20.732 [Test worker] INFO  o.e.j.s.AbstractConnector - Started ServerConnector@775d84aa{HTTP/1.1, (http/1.1)}{0.0.0.0:53210}
03:13:20.733 [Test worker] INFO  o.e.j.s.Server - Started @117350ms
03:13:20.733 [Test worker] DEBUG o.s.w.t.h.s.r.b.JettyHttpServer - Server started on port 53210(0 millis).
03:13:20.733 [Test worker] DEBUG o.s.w.c.RestTemplate - HTTP GET http://localhost:53210/foo
03:13:20.733 [Test worker] DEBUG o.s.w.c.RestTemplate - Accept=[text/plain, application/json, application/x-jackson-smile, application/*+json, */*]
03:13:20.736 [qtp2027899017-669] DEBUG o.s.w.s.a.HttpWebHandlerAdapter - [43b3bae6] HTTP GET "/foo"
03:13:20.737 [qtp2027899017-669] DEBUG o.s.w.r.r.m.a.RequestMappingHandlerMapping - [43b3bae6] Mapped to org.springframework.web.reactive.result.method.annotation.CrossOriginAnnotationIntegrationTests$ClassLevelController#foo()
03:13:20.738 [qtp2027899017-669] DEBUG o.s.w.r.r.m.a.ResponseBodyResultHandler - Using 'text/plain;charset=UTF-8' given [text/plain, application/json, application/x-jackson-smile, application/*+json, */*] and supported [text/plain;charset=UTF-8, text/event-stream, text/plain;charset=UTF-8, */*]
03:13:20.738 [qtp2027899017-669] DEBUG o.s.w.r.r.m.a.ResponseBodyResultHandler - [43b3bae6] 0..1 [java.lang.String]
03:13:20.738 [qtp2027899017-669] DEBUG o.s.c.c.CharSequenceEncoder - [43b3bae6] Writing "foo"
03:13:20.739 [qtp2027899017-669] DEBUG o.s.w.s.a.HttpWebHandlerAdapter - [43b3bae6] Completed 200 OK
03:13:20.739 [Test worker] DEBUG o.s.w.c.RestTemplate - Response 200 OK
03:13:20.739 [Test worker] DEBUG o.s.w.c.RestTemplate - Reading to [java.lang.String] as "text/plain;charset=utf-8"
03:13:20.740 [Test worker] DEBUG o.s.w.c.RestTemplate - HTTP GET http://localhost:53210/bar
03:13:20.740 [Test worker] DEBUG o.s.w.c.RestTemplate - Accept=[text/plain, application/json, application/x-jackson-smile, application/*+json, */*]
03:13:20.752 [qtp2027899017-672] DEBUG o.s.w.s.a.HttpWebHandlerAdapter - [76f0fed5] HTTP GET "/bar"
03:13:20.754 [qtp2027899017-672] DEBUG o.s.w.r.r.m.a.RequestMappingHandlerMapping - [76f0fed5] Mapped to org.springframework.web.reactive.result.method.annotation.CrossOriginAnnotationIntegrationTests$ClassLevelController#bar()
03:13:20.754 [qtp2027899017-672] DEBUG o.s.w.r.r.m.a.ResponseBodyResultHandler - Using 'text/plain;charset=UTF-8' given [text/plain, application/json, application/x-jackson-smile, application/*+json, */*] and supported [text/plain;charset=UTF-8, text/event-stream, text/plain;charset=UTF-8, */*]
03:13:20.754 [qtp2027899017-672] DEBUG o.s.w.r.r.m.a.ResponseBodyResultHandler - [76f0fed5] 0..1 [java.lang.String]
03:13:20.755 [qtp2027899017-672] DEBUG o.s.c.c.CharSequenceEncoder - [76f0fed5] Writing "bar"
03:13:20.756 [Test worker] DEBUG o.s.w.c.RestTemplate - Response 200 OK
03:13:20.756 [Test worker] DEBUG o.s.w.c.RestTemplate - Reading to [java.lang.String] as "text/plain;charset=utf-8"
03:13:20.756 [Test worker] DEBUG o.s.w.c.RestTemplate - HTTP GET http://localhost:53210/baz
03:13:20.756 [Test worker] DEBUG o.s.w.c.RestTemplate - Accept=[text/plain, application/json, application/x-jackson-smile, application/*+json, */*]
03:13:20.757 [qtp2027899017-672] DEBUG o.s.w.s.a.HttpWebHandlerAdapter - [76f0fed5] Completed 200 OK
03:13:20.758 [qtp2027899017-672] DEBUG o.s.w.s.a.HttpWebHandlerAdapter - [72cf74d3] HTTP GET "/baz"
03:13:20.758 [qtp2027899017-672] DEBUG o.s.w.r.r.m.a.RequestMappingHandlerMapping - [72cf74d3] Mapped to org.springframework.web.reactive.result.method.annotation.CrossOriginAnnotationIntegrationTests$ClassLevelController#baz()
03:13:20.759 [qtp2027899017-672] DEBUG o.s.w.r.r.m.a.ResponseBodyResultHandler - Using 'text/plain;charset=UTF-8' given [text/plain, application/json, application/x-jackson-smile, application/*+json, */*] and supported [text/plain;charset=UTF-8, text/event-stream, text/plain;charset=UTF-8, */*]
03:13:20.759 [qtp2027899017-672] DEBUG o.s.w.r.r.m.a.ResponseBodyResultHandler - [72cf74d3] 0..1 [java.lang.String]
03:13:20.759 [qtp2027899017-672] DEBUG o.s.c.c.CharSequenceEncoder - [72cf74d3] Writing "baz"
03:13:20.760 [qtp2027899017-672] DEBUG o.s.w.s.a.HttpWebHandlerAdapter - [72cf74d3] Completed 200 OK
03:13:20.762 [Test worker] DEBUG o.s.w.c.RestTemplate - Response 200 OK
03:13:20.762 [Test worker] DEBUG o.s.w.c.RestTemplate - Reading to [java.lang.String] as "text/plain;charset=utf-8"
03:13:20.762 [Test worker] DEBUG o.s.w.t.h.s.r.b.JettyHttpServer - Stopping JettyHttpServer...
03:13:20.762 [Test worker] INFO  o.e.j.s.h.ContextHandler - Stopped o.e.j.s.ServletContextHandler@ff24fb0{/,null,UNAVAILABLE}
03:13:20.765 [Test worker] INFO  o.e.j.s.AbstractConnector - Stopped ServerConnector@775d84aa{HTTP/1.1, (http/1.1)}{0.0.0.0:0}
03:13:20.766 [Test worker] DEBUG o.s.w.t.h.s.r.b.JettyHttpServer - Server stopped (0 millis).
03:13:20.845 [Test worker] DEBUG o.s.w.r.r.m.a.RequestMappingHandlerMapping - 14 mappings in 'requestMappingHandlerMapping'
03:13:20.878 [Test worker] DEBUG o.s.w.r.r.m.a.ControllerMethodResolver - ControllerAdvice beans: none
03:13:20.919 [Test worker] DEBUG o.s.w.s.a.HttpWebHandlerAdapter - enableLoggingRequestDetails='false': form data and headers will be masked to prevent unsafe logging of potentially sensitive data
03:13:20.919 [Test worker] DEBUG o.s.w.t.h.s.r.b.ReactorHttpServer - Starting ReactorHttpServer...
03:13:20.920 [Test worker] DEBUG o.s.w.t.h.s.r.b.ReactorHttpServer - Server started on port 53216(0 millis).
03:13:20.921 [Test worker] DEBUG o.s.w.c.RestTemplate - HTTP GET http://localhost:53216/foo
03:13:20.921 [Test worker] DEBUG o.s.w.c.RestTemplate - Accept=[text/plain, application/json, application/x-jackson-smile, application/*+json, */*]
03:13:20.926 [reactor-http-nio-1] DEBUG o.s.w.s.a.HttpWebHandlerAdapter - [ee2b347b-17] HTTP GET "/foo"
03:13:20.927 [reactor-http-nio-1] DEBUG o.s.w.r.r.m.a.RequestMappingHandlerMapping - [ee2b347b-17] Mapped to org.springframework.web.reactive.result.method.annotation.CrossOriginAnnotationIntegrationTests$ClassLevelController#foo()
03:13:20.928 [reactor-http-nio-1] DEBUG o.s.w.r.r.m.a.ResponseBodyResultHandler - Using 'text/plain;charset=UTF-8' given [text/plain, application/json, application/x-jackson-smile, application/*+json, */*] and supported [text/plain;charset=UTF-8, text/event-stream, text/plain;charset=UTF-8, */*]
03:13:20.928 [reactor-http-nio-1] DEBUG o.s.w.r.r.m.a.ResponseBodyResultHandler - [ee2b347b-17] 0..1 [java.lang.String]
03:13:20.928 [reactor-http-nio-1] DEBUG o.s.c.c.CharSequenceEncoder - [ee2b347b-17] Writing "foo"
03:13:20.930 [reactor-http-nio-1] DEBUG o.s.w.s.a.HttpWebHandlerAdapter - [ee2b347b-17] Completed 200 OK
03:13:20.930 [Test worker] DEBUG o.s.w.c.RestTemplate - Response 200 OK
03:13:20.930 [Test worker] DEBUG o.s.w.c.RestTemplate - Reading to [java.lang.String] as "text/plain;charset=UTF-8"
03:13:20.930 [Test worker] DEBUG o.s.w.c.RestTemplate - HTTP GET http://localhost:53216/bar
03:13:20.930 [Test worker] DEBUG o.s.w.c.RestTemplate - Accept=[text/plain, application/json, application/x-jackson-smile, application/*+json, */*]
03:13:20.932 [reactor-http-nio-1] DEBUG o.s.w.s.a.HttpWebHandlerAdapter - [ee2b347b-18] HTTP GET "/bar"
03:13:20.933 [reactor-http-nio-1] DEBUG o.s.w.r.r.m.a.RequestMappingHandlerMapping - [ee2b347b-18] Mapped to org.springframework.web.reactive.result.method.annotation.CrossOriginAnnotationIntegrationTests$ClassLevelController#bar()
03:13:20.933 [reactor-http-nio-1] DEBUG o.s.w.r.r.m.a.ResponseBodyResultHandler - Using 'text/plain;charset=UTF-8' given [text/plain, application/json, application/x-jackson-smile, application/*+json, */*] and supported [text/plain;charset=UTF-8, text/event-stream, text/plain;charset=UTF-8, */*]
03:13:20.933 [reactor-http-nio-1] DEBUG o.s.w.r.r.m.a.ResponseBodyResultHandler - [ee2b347b-18] 0..1 [java.lang.String]
03:13:20.934 [reactor-http-nio-1] DEBUG o.s.c.c.CharSequenceEncoder - [ee2b347b-18] Writing "bar"
03:13:20.935 [reactor-http-nio-1] DEBUG o.s.w.s.a.HttpWebHandlerAdapter - [ee2b347b-18] Completed 200 OK
03:13:20.935 [Test worker] DEBUG o.s.w.c.RestTemplate - Response 200 OK
03:13:20.936 [Test worker] DEBUG o.s.w.c.RestTemplate - Reading to [java.lang.String] as "text/plain;charset=UTF-8"
03:13:20.936 [Test worker] DEBUG o.s.w.c.RestTemplate - HTTP GET http://localhost:53216/baz
03:13:20.936 [Test worker] DEBUG o.s.w.c.RestTemplate - Accept=[text/plain, application/json, application/x-jackson-smile, application/*+json, */*]
03:13:20.937 [reactor-http-nio-1] DEBUG o.s.w.s.a.HttpWebHandlerAdapter - [ee2b347b-19] HTTP GET "/baz"
03:13:20.938 [reactor-http-nio-1] DEBUG o.s.w.r.r.m.a.RequestMappingHandlerMapping - [ee2b347b-19] Mapped to org.springframework.web.reactive.result.method.annotation.CrossOriginAnnotationIntegrationTests$ClassLevelController#baz()
03:13:20.938 [reactor-http-nio-1] DEBUG o.s.w.r.r.m.a.ResponseBodyResultHandler - Using 'text/plain;charset=UTF-8' given [text/plain, application/json, application/x-jackson-smile, application/*+json, */*] and supported [text/plain;charset=UTF-8, text/event-stream, text/plain;charset=UTF-8, */*]
03:13:20.938 [reactor-http-nio-1] DEBUG o.s.w.r.r.m.a.ResponseBodyResultHandler - [ee2b347b-19] 0..1 [java.lang.String]
03:13:20.938 [reactor-http-nio-1] DEBUG o.s.c.c.CharSequenceEncoder - [ee2b347b-19] Writing "baz"
03:13:20.940 [reactor-http-nio-1] DEBUG o.s.w.s.a.HttpWebHandlerAdapter - [ee2b347b-19] Completed 200 OK
03:13:20.940 [Test worker] DEBUG o.s.w.c.RestTemplate - Response 200 OK
03:13:20.941 [Test worker] DEBUG o.s.w.c.RestTemplate - Reading to [java.lang.String] as "text/plain;charset=UTF-8"
03:13:20.941 [Test worker] DEBUG o.s.w.t.h.s.r.b.ReactorHttpServer - Stopping ReactorHttpServer...
03:13:20.942 [Test worker] DEBUG o.s.w.t.h.s.r.b.ReactorHttpServer - Server stopped (0 millis).
03:13:21.004 [Test worker] DEBUG o.s.w.r.r.m.a.RequestMappingHandlerMapping - 14 mappings in 'requestMappingHandlerMapping'
03:13:21.044 [Test worker] DEBUG o.s.w.r.r.m.a.ControllerMethodResolver - ControllerAdvice beans: none
03:13:21.074 [Test worker] DEBUG o.s.w.s.a.HttpWebHandlerAdapter - enableLoggingRequestDetails='false': form data and headers will be masked to prevent unsafe logging of potentially sensitive data
03:13:21.075 [Test worker] DEBUG o.s.w.t.h.s.r.b.TomcatHttpServer - Starting TomcatHttpServer...
03:13:21.091 [Test worker] DEBUG o.s.w.t.h.s.r.b.TomcatHttpServer - Server started on port 53218(0 millis).
03:13:21.091 [Test worker] DEBUG o.s.w.c.RestTemplate - HTTP GET http://localhost:53218/foo
03:13:21.091 [Test worker] DEBUG o.s.w.c.RestTemplate - Accept=[text/plain, application/json, application/x-jackson-smile, application/*+json, */*]
03:13:21.101 [http-nio-auto-17-exec-1] DEBUG o.s.w.s.a.HttpWebHandlerAdapter - [4f4ec8eb] HTTP GET "/foo"
03:13:21.102 [http-nio-auto-17-exec-1] DEBUG o.s.w.r.r.m.a.RequestMappingHandlerMapping - [4f4ec8eb] Mapped to org.springframework.web.reactive.result.method.annotation.CrossOriginAnnotationIntegrationTests$ClassLevelController#foo()
03:13:21.103 [http-nio-auto-17-exec-1] DEBUG o.s.w.r.r.m.a.ResponseBodyResultHandler - Using 'text/plain;charset=UTF-8' given [text/plain, application/json, application/x-jackson-smile, application/*+json, */*] and supported [text/plain;charset=UTF-8, text/event-stream, text/plain;charset=UTF-8, */*]
03:13:21.103 [http-nio-auto-17-exec-1] DEBUG o.s.w.r.r.m.a.ResponseBodyResultHandler - [4f4ec8eb] 0..1 [java.lang.String]
03:13:21.103 [http-nio-auto-17-exec-1] DEBUG o.s.c.c.CharSequenceEncoder - [4f4ec8eb] Writing "foo"
03:13:21.104 [http-nio-auto-17-exec-1] DEBUG o.s.w.s.a.HttpWebHandlerAdapter - [4f4ec8eb] Completed 200 OK
03:13:21.104 [Test worker] DEBUG o.s.w.c.RestTemplate - Response 200 OK
03:13:21.105 [Test worker] DEBUG o.s.w.c.RestTemplate - Reading to [java.lang.String] as "text/plain;charset=UTF-8"
03:13:21.105 [Test worker] DEBUG o.s.w.c.RestTemplate - HTTP GET http://localhost:53218/bar
03:13:21.106 [Test worker] DEBUG o.s.w.c.RestTemplate - Accept=[text/plain, application/json, application/x-jackson-smile, application/*+json, */*]
03:13:21.109 [http-nio-auto-17-exec-2] DEBUG o.s.w.s.a.HttpWebHandlerAdapter - [2c6dd4ba] HTTP GET "/bar"
03:13:21.110 [http-nio-auto-17-exec-2] DEBUG o.s.w.r.r.m.a.RequestMappingHandlerMapping - [2c6dd4ba] Mapped to org.springframework.web.reactive.result.method.annotation.CrossOriginAnnotationIntegrationTests$ClassLevelController#bar()
03:13:21.110 [http-nio-auto-17-exec-2] DEBUG o.s.w.r.r.m.a.ResponseBodyResultHandler - Using 'text/plain;charset=UTF-8' given [text/plain, application/json, application/x-jackson-smile, application/*+json, */*] and supported [text/plain;charset=UTF-8, text/event-stream, text/plain;charset=UTF-8, */*]
03:13:21.111 [http-nio-auto-17-exec-2] DEBUG o.s.w.r.r.m.a.ResponseBodyResultHandler - [2c6dd4ba] 0..1 [java.lang.String]
03:13:21.111 [http-nio-auto-17-exec-2] DEBUG o.s.c.c.CharSequenceEncoder - [2c6dd4ba] Writing "bar"
03:13:21.112 [http-nio-auto-17-exec-2] DEBUG o.s.w.s.a.HttpWebHandlerAdapter - [2c6dd4ba] Completed 200 OK
03:13:21.112 [Test worker] DEBUG o.s.w.c.RestTemplate - Response 200 OK
03:13:21.112 [Test worker] DEBUG o.s.w.c.RestTemplate - Reading to [java.lang.String] as "text/plain;charset=UTF-8"
03:13:21.112 [Test worker] DEBUG o.s.w.c.RestTemplate - HTTP GET http://localhost:53218/baz
03:13:21.112 [Test worker] DEBUG o.s.w.c.RestTemplate - Accept=[text/plain, application/json, application/x-jackson-smile, application/*+json, */*]
03:13:21.114 [http-nio-auto-17-exec-3] DEBUG o.s.w.s.a.HttpWebHandlerAdapter - [c9ff6ef] HTTP GET "/baz"
03:13:21.115 [http-nio-auto-17-exec-3] DEBUG o.s.w.r.r.m.a.RequestMappingHandlerMapping - [c9ff6ef] Mapped to org.springframework.web.reactive.result.method.annotation.CrossOriginAnnotationIntegrationTests$ClassLevelController#baz()
03:13:21.115 [http-nio-auto-17-exec-3] DEBUG o.s.w.r.r.m.a.ResponseBodyResultHandler - Using 'text/plain;charset=UTF-8' given [text/plain, application/json, application/x-jackson-smile, application/*+json, */*] and supported [text/plain;charset=UTF-8, text/event-stream, text/plain;charset=UTF-8, */*]
03:13:21.115 [http-nio-auto-17-exec-3] DEBUG o.s.w.r.r.m.a.ResponseBodyResultHandler - [c9ff6ef] 0..1 [java.lang.String]
03:13:21.116 [http-nio-auto-17-exec-3] DEBUG o.s.c.c.CharSequenceEncoder - [c9ff6ef] Writing "baz"
03:13:21.117 [http-nio-auto-17-exec-3] DEBUG o.s.w.s.a.HttpWebHandlerAdapter - [c9ff6ef] Completed 200 OK
03:13:21.117 [Test worker] DEBUG o.s.w.c.RestTemplate - Response 200 OK
03:13:21.117 [Test worker] DEBUG o.s.w.c.RestTemplate - Reading to [java.lang.String] as "text/plain;charset=UTF-8"
03:13:21.118 [Test worker] DEBUG o.s.w.t.h.s.r.b.TomcatHttpServer - Stopping TomcatHttpServer...
03:13:21.542 [Test worker] DEBUG o.s.w.t.h.s.r.b.TomcatHttpServer - Server stopped (0 millis).
03:13:21.626 [Test worker] DEBUG o.s.w.r.r.m.a.RequestMappingHandlerMapping - 14 mappings in 'requestMappingHandlerMapping'
03:13:21.648 [Test worker] DEBUG o.s.w.r.r.m.a.ControllerMethodResolver - ControllerAdvice beans: none
03:13:21.702 [Test worker] DEBUG o.s.w.s.a.HttpWebHandlerAdapter - enableLoggingRequestDetails='false': form data and headers will be masked to prevent unsafe logging of potentially sensitive data
03:13:21.702 [Test worker] DEBUG o.s.w.t.h.s.r.b.UndertowHttpServer - Starting UndertowHttpServer...
03:13:21.702 [Test worker] INFO  i.undertow - starting server: Undertow - 2.1.3.Final
03:13:21.714 [Test worker] DEBUG o.s.w.t.h.s.r.b.UndertowHttpServer - Server started on port 53235(0 millis).
03:13:21.715 [Test worker] DEBUG o.s.w.c.RestTemplate - HTTP GET http://localhost:53235/foo
03:13:21.717 [Test worker] DEBUG o.s.w.c.RestTemplate - Accept=[text/plain, application/json, application/x-jackson-smile, application/*+json, */*]
03:13:21.737 [XNIO-16 I/O-2] DEBUG o.s.w.s.a.HttpWebHandlerAdapter - [55aeea69] HTTP GET "/foo"
03:13:21.738 [XNIO-16 I/O-2] DEBUG o.s.w.r.r.m.a.RequestMappingHandlerMapping - [55aeea69] Mapped to org.springframework.web.reactive.result.method.annotation.CrossOriginAnnotationIntegrationTests$ClassLevelController#foo()
03:13:21.739 [XNIO-16 I/O-2] DEBUG o.s.w.r.r.m.a.ResponseBodyResultHandler - Using 'text/plain;charset=UTF-8' given [text/plain, application/json, application/x-jackson-smile, application/*+json, */*] and supported [text/plain;charset=UTF-8, text/event-stream, text/plain;charset=UTF-8, */*]
03:13:21.739 [XNIO-16 I/O-2] DEBUG o.s.w.r.r.m.a.ResponseBodyResultHandler - [55aeea69] 0..1 [java.lang.String]
03:13:21.739 [XNIO-16 I/O-2] DEBUG o.s.c.c.CharSequenceEncoder - [55aeea69] Writing "foo"
03:13:21.740 [XNIO-16 I/O-2] DEBUG o.s.w.s.a.HttpWebHandlerAdapter - [55aeea69] Completed 200 OK
03:13:21.740 [Test worker] DEBUG o.s.w.c.RestTemplate - Response 200 OK
03:13:21.741 [Test worker] DEBUG o.s.w.c.RestTemplate - Reading to [java.lang.String] as "text/plain;charset=UTF-8"
03:13:21.741 [Test worker] DEBUG o.s.w.c.RestTemplate - HTTP GET http://localhost:53235/bar
03:13:21.741 [Test worker] DEBUG o.s.w.c.RestTemplate - Accept=[text/plain, application/json, application/x-jackson-smile, application/*+json, */*]
03:13:21.745 [XNIO-16 I/O-2] DEBUG o.s.w.s.a.HttpWebHandlerAdapter - [55aeea69] HTTP GET "/bar"
03:13:21.746 [XNIO-16 I/O-2] DEBUG o.s.w.r.r.m.a.RequestMappingHandlerMapping - [55aeea69] Mapped to org.springframework.web.reactive.result.method.annotation.CrossOriginAnnotationIntegrationTests$ClassLevelController#bar()
03:13:21.747 [XNIO-16 I/O-2] DEBUG o.s.w.r.r.m.a.ResponseBodyResultHandler - Using 'text/plain;charset=UTF-8' given [text/plain, application/json, application/x-jackson-smile, application/*+json, */*] and supported [text/plain;charset=UTF-8, text/event-stream, text/plain;charset=UTF-8, */*]
03:13:21.747 [XNIO-16 I/O-2] DEBUG o.s.w.r.r.m.a.ResponseBodyResultHandler - [55aeea69] 0..1 [java.lang.String]
03:13:21.747 [XNIO-16 I/O-2] DEBUG o.s.c.c.CharSequenceEncoder - [55aeea69] Writing "bar"
03:13:21.748 [XNIO-16 I/O-2] DEBUG o.s.w.s.a.HttpWebHandlerAdapter - [55aeea69] Completed 200 OK
03:13:21.748 [Test worker] DEBUG o.s.w.c.RestTemplate - Response 200 OK
03:13:21.748 [Test worker] DEBUG o.s.w.c.RestTemplate - Reading to [java.lang.String] as "text/plain;charset=UTF-8"
03:13:21.749 [Test worker] DEBUG o.s.w.c.RestTemplate - HTTP GET http://localhost:53235/baz
03:13:21.749 [Test worker] DEBUG o.s.w.c.RestTemplate - Accept=[text/plain, application/json, application/x-jackson-smile, application/*+json, */*]
03:13:21.750 [XNIO-16 I/O-2] DEBUG o.s.w.s.a.HttpWebHandlerAdapter - [55aeea69] HTTP GET "/baz"
03:13:21.750 [XNIO-16 I/O-2] DEBUG o.s.w.r.r.m.a.RequestMappingHandlerMapping - [55aeea69] Mapped to org.springframework.web.reactive.result.method.annotation.CrossOriginAnnotationIntegrationTests$ClassLevelController#baz()
03:13:21.751 [XNIO-16 I/O-2] DEBUG o.s.w.r.r.m.a.ResponseBodyResultHandler - Using 'text/plain;charset=UTF-8' given [text/plain, application/json, application/x-jackson-smile, application/*+json, */*] and supported [text/plain;charset=UTF-8, text/event-stream, text/plain;charset=UTF-8, */*]
03:13:21.751 [XNIO-16 I/O-2] DEBUG o.s.w.r.r.m.a.ResponseBodyResultHandler - [55aeea69] 0..1 [java.lang.String]
03:13:21.751 [XNIO-16 I/O-2] DEBUG o.s.c.c.CharSequenceEncoder - [55aeea69] Writing "baz"
03:13:21.752 [XNIO-16 I/O-2] DEBUG o.s.w.s.a.HttpWebHandlerAdapter - [55aeea69] Completed 200 OK
03:13:21.752 [Test worker] DEBUG o.s.w.c.RestTemplate - Response 200 OK
03:13:21.752 [Test worker] DEBUG o.s.w.c.RestTemplate - Reading to [java.lang.String] as "text/plain;charset=UTF-8"
03:13:21.752 [Test worker] DEBUG o.s.w.t.h.s.r.b.UndertowHttpServer - Stopping UndertowHttpServer...
03:13:21.752 [Test worker] INFO  i.undertow - stopping server: Undertow - 2.1.3.Final
03:13:21.755 [Test worker] DEBUG o.s.w.t.h.s.r.b.UndertowHttpServer - Server stopped (0 millis).
03:13:21.833 [Test worker] DEBUG o.s.w.r.r.m.a.RequestMappingHandlerMapping - 14 mappings in 'requestMappingHandlerMapping'
03:13:21.933 [Test worker] DEBUG o.s.w.r.r.m.a.ControllerMethodResolver - ControllerAdvice beans: none
03:13:21.984 [Test worker] DEBUG o.s.w.s.a.HttpWebHandlerAdapter - enableLoggingRequestDetails='false': form data and headers will be masked to prevent unsafe logging of potentially sensitive data
03:13:21.985 [Test worker] WARN  o.e.j.s.h.ContextHandler - Empty contextPath
03:13:21.986 [Test worker] INFO  o.e.j.s.h.ContextHandler - Started o.e.j.s.ServletContextHandler@361e9886{/,null,AVAILABLE}
03:13:21.987 [Test worker] DEBUG o.s.w.t.h.s.r.b.JettyHttpServer - Starting JettyHttpServer...
03:13:21.987 [Test worker] INFO  o.e.j.s.Server - jetty-9.4.30.v20200611; built: 2020-06-11T12:34:51.929Z; git: 271836e4c1f4612f12b7bb13ef5a92a927634b0d; jvm 1.8.0_251-b08
03:13:22.004 [Test worker] INFO  o.e.j.s.AbstractConnector - Started ServerConnector@689e4bb8{HTTP/1.1, (http/1.1)}{0.0.0.0:53237}
03:13:22.004 [Test worker] INFO  o.e.j.s.Server - Started @118622ms
03:13:22.004 [Test worker] DEBUG o.s.w.t.h.s.r.b.JettyHttpServer - Server started on port 53237(0 millis).
03:13:22.005 [Test worker] DEBUG o.s.w.c.RestTemplate - HTTP GET http://localhost:53237/default
03:13:22.005 [Test worker] DEBUG o.s.w.c.RestTemplate - Accept=[text/plain, application/json, application/x-jackson-smile, application/*+json, */*]
03:13:22.009 [qtp1497014799-711] DEBUG o.s.w.s.a.HttpWebHandlerAdapter - [1580434f] HTTP GET "/default"
03:13:22.009 [qtp1497014799-711] DEBUG o.s.w.r.r.m.a.RequestMappingHandlerMapping - [1580434f] Mapped to org.springframework.web.reactive.result.method.annotation.CrossOriginAnnotationIntegrationTests$MethodLevelController#defaultAnnotation()
03:13:22.011 [qtp1497014799-711] DEBUG o.s.w.r.r.m.a.ResponseBodyResultHandler - Using 'text/plain;charset=UTF-8' given [text/plain, application/json, application/x-jackson-smile, application/*+json, */*] and supported [text/plain;charset=UTF-8, text/event-stream, text/plain;charset=UTF-8, */*]
03:13:22.011 [qtp1497014799-711] DEBUG o.s.w.r.r.m.a.ResponseBodyResultHandler - [1580434f] 0..1 [java.lang.String]
03:13:22.011 [qtp1497014799-711] DEBUG o.s.c.c.CharSequenceEncoder - [1580434f] Writing "default"
03:13:22.012 [Test worker] DEBUG o.s.w.c.RestTemplate - Response 200 OK
03:13:22.012 [Test worker] DEBUG o.s.w.c.RestTemplate - Reading to [java.lang.String] as "text/plain;charset=utf-8"
03:13:22.012 [Test worker] DEBUG o.s.w.t.h.s.r.b.JettyHttpServer - Stopping JettyHttpServer...
03:13:22.012 [Test worker] INFO  o.e.j.s.h.ContextHandler - Stopped o.e.j.s.ServletContextHandler@361e9886{/,null,UNAVAILABLE}
03:13:22.012 [qtp1497014799-711] DEBUG o.s.w.s.a.HttpWebHandlerAdapter - [1580434f] Completed 200 OK
03:13:22.014 [Test worker] INFO  o.e.j.s.AbstractConnector - Stopped ServerConnector@689e4bb8{HTTP/1.1, (http/1.1)}{0.0.0.0:0}
03:13:22.016 [Test worker] DEBUG o.s.w.t.h.s.r.b.JettyHttpServer - Server stopped (0 millis).
03:13:22.069 [Test worker] DEBUG o.s.w.r.r.m.a.RequestMappingHandlerMapping - 14 mappings in 'requestMappingHandlerMapping'
03:13:22.095 [Test worker] DEBUG o.s.w.r.r.m.a.ControllerMethodResolver - ControllerAdvice beans: none
03:13:22.117 [Test worker] DEBUG o.s.w.s.a.HttpWebHandlerAdapter - enableLoggingRequestDetails='false': form data and headers will be masked to prevent unsafe logging of potentially sensitive data
03:13:22.117 [Test worker] DEBUG o.s.w.t.h.s.r.b.ReactorHttpServer - Starting ReactorHttpServer...
03:13:22.119 [Test worker] DEBUG o.s.w.t.h.s.r.b.ReactorHttpServer - Server started on port 53243(0 millis).
03:13:22.119 [Test worker] DEBUG o.s.w.c.RestTemplate - HTTP GET http://localhost:53243/default
03:13:22.120 [Test worker] DEBUG o.s.w.c.RestTemplate - Accept=[text/plain, application/json, application/x-jackson-smile, application/*+json, */*]
03:13:22.128 [reactor-http-nio-3] DEBUG o.s.w.s.a.HttpWebHandlerAdapter - [751f38ed-20] HTTP GET "/default"
03:13:22.129 [reactor-http-nio-3] DEBUG o.s.w.r.r.m.a.RequestMappingHandlerMapping - [751f38ed-20] Mapped to org.springframework.web.reactive.result.method.annotation.CrossOriginAnnotationIntegrationTests$MethodLevelController#defaultAnnotation()
03:13:22.130 [reactor-http-nio-3] DEBUG o.s.w.r.r.m.a.ResponseBodyResultHandler - Using 'text/plain;charset=UTF-8' given [text/plain, application/json, application/x-jackson-smile, application/*+json, */*] and supported [text/plain;charset=UTF-8, text/event-stream, text/plain;charset=UTF-8, */*]
03:13:22.130 [reactor-http-nio-3] DEBUG o.s.w.r.r.m.a.ResponseBodyResultHandler - [751f38ed-20] 0..1 [java.lang.String]
03:13:22.130 [reactor-http-nio-3] DEBUG o.s.c.c.CharSequenceEncoder - [751f38ed-20] Writing "default"
03:13:22.132 [reactor-http-nio-3] DEBUG o.s.w.s.a.HttpWebHandlerAdapter - [751f38ed-20] Completed 200 OK
03:13:22.132 [Test worker] DEBUG o.s.w.c.RestTemplate - Response 200 OK
03:13:22.132 [Test worker] DEBUG o.s.w.c.RestTemplate - Reading to [java.lang.String] as "text/plain;charset=UTF-8"
03:13:22.132 [Test worker] DEBUG o.s.w.t.h.s.r.b.ReactorHttpServer - Stopping ReactorHttpServer...
03:13:22.133 [Test worker] DEBUG o.s.w.t.h.s.r.b.ReactorHttpServer - Server stopped (0 millis).
03:13:22.281 [Test worker] DEBUG o.s.w.r.r.m.a.RequestMappingHandlerMapping - 14 mappings in 'requestMappingHandlerMapping'
03:13:22.331 [Test worker] DEBUG o.s.w.r.r.m.a.ControllerMethodResolver - ControllerAdvice beans: none
03:13:22.391 [Test worker] DEBUG o.s.w.s.a.HttpWebHandlerAdapter - enableLoggingRequestDetails='false': form data and headers will be masked to prevent unsafe logging of potentially sensitive data
03:13:22.392 [Test worker] DEBUG o.s.w.t.h.s.r.b.TomcatHttpServer - Starting TomcatHttpServer...
03:13:22.450 [Test worker] DEBUG o.s.w.t.h.s.r.b.TomcatHttpServer - Server started on port 53245(0 millis).
03:13:22.450 [Test worker] DEBUG o.s.w.c.RestTemplate - HTTP GET http://localhost:53245/default
03:13:22.451 [Test worker] DEBUG o.s.w.c.RestTemplate - Accept=[text/plain, application/json, application/x-jackson-smile, application/*+json, */*]
03:13:22.475 [http-nio-auto-18-exec-1] DEBUG o.s.w.s.a.HttpWebHandlerAdapter - [70029310] HTTP GET "/default"
03:13:22.476 [http-nio-auto-18-exec-1] DEBUG o.s.w.r.r.m.a.RequestMappingHandlerMapping - [70029310] Mapped to org.springframework.web.reactive.result.method.annotation.CrossOriginAnnotationIntegrationTests$MethodLevelController#defaultAnnotation()
03:13:22.477 [http-nio-auto-18-exec-1] DEBUG o.s.w.r.r.m.a.ResponseBodyResultHandler - Using 'text/plain;charset=UTF-8' given [text/plain, application/json, application/x-jackson-smile, application/*+json, */*] and supported [text/plain;charset=UTF-8, text/event-stream, text/plain;charset=UTF-8, */*]
03:13:22.477 [http-nio-auto-18-exec-1] DEBUG o.s.w.r.r.m.a.ResponseBodyResultHandler - [70029310] 0..1 [java.lang.String]
03:13:22.477 [http-nio-auto-18-exec-1] DEBUG o.s.c.c.CharSequenceEncoder - [70029310] Writing "default"
03:13:22.478 [Test worker] DEBUG o.s.w.c.RestTemplate - Response 200 OK
03:13:22.478 [Test worker] DEBUG o.s.w.c.RestTemplate - Reading to [java.lang.String] as "text/plain;charset=UTF-8"
03:13:22.479 [Test worker] DEBUG o.s.w.t.h.s.r.b.TomcatHttpServer - Stopping TomcatHttpServer...
03:13:22.484 [http-nio-auto-18-exec-1] DEBUG o.s.w.s.a.HttpWebHandlerAdapter - [70029310] Completed 200 OK
03:13:22.705 [Test worker] DEBUG o.s.w.t.h.s.r.b.TomcatHttpServer - Server stopped (0 millis).
03:13:22.746 [Test worker] DEBUG o.s.w.r.r.m.a.RequestMappingHandlerMapping - 14 mappings in 'requestMappingHandlerMapping'
03:13:22.763 [Test worker] DEBUG o.s.w.r.r.m.a.ControllerMethodResolver - ControllerAdvice beans: none
03:13:22.781 [Test worker] DEBUG o.s.w.s.a.HttpWebHandlerAdapter - enableLoggingRequestDetails='false': form data and headers will be masked to prevent unsafe logging of potentially sensitive data
03:13:22.781 [Test worker] DEBUG o.s.w.t.h.s.r.b.UndertowHttpServer - Starting UndertowHttpServer...
03:13:22.781 [Test worker] INFO  i.undertow - starting server: Undertow - 2.1.3.Final
03:13:22.790 [Test worker] DEBUG o.s.w.t.h.s.r.b.UndertowHttpServer - Server started on port 53262(0 millis).
03:13:22.791 [Test worker] DEBUG o.s.w.c.RestTemplate - HTTP GET http://localhost:53262/default
03:13:22.791 [Test worker] DEBUG o.s.w.c.RestTemplate - Accept=[text/plain, application/json, application/x-jackson-smile, application/*+json, */*]
03:13:22.795 [XNIO-17 I/O-4] DEBUG o.s.w.s.a.HttpWebHandlerAdapter - [c8e877d] HTTP GET "/default"
03:13:22.796 [XNIO-17 I/O-4] DEBUG o.s.w.r.r.m.a.RequestMappingHandlerMapping - [c8e877d] Mapped to org.springframework.web.reactive.result.method.annotation.CrossOriginAnnotationIntegrationTests$MethodLevelController#defaultAnnotation()
03:13:22.797 [XNIO-17 I/O-4] DEBUG o.s.w.r.r.m.a.ResponseBodyResultHandler - Using 'text/plain;charset=UTF-8' given [text/plain, application/json, application/x-jackson-smile, application/*+json, */*] and supported [text/plain;charset=UTF-8, text/event-stream, text/plain;charset=UTF-8, */*]
03:13:22.797 [XNIO-17 I/O-4] DEBUG o.s.w.r.r.m.a.ResponseBodyResultHandler - [c8e877d] 0..1 [java.lang.String]
03:13:22.797 [XNIO-17 I/O-4] DEBUG o.s.c.c.CharSequenceEncoder - [c8e877d] Writing "default"
03:13:22.798 [XNIO-17 I/O-4] DEBUG o.s.w.s.a.HttpWebHandlerAdapter - [c8e877d] Completed 200 OK
03:13:22.798 [Test worker] DEBUG o.s.w.c.RestTemplate - Response 200 OK
03:13:22.798 [Test worker] DEBUG o.s.w.c.RestTemplate - Reading to [java.lang.String] as "text/plain;charset=UTF-8"
03:13:22.798 [Test worker] DEBUG o.s.w.t.h.s.r.b.UndertowHttpServer - Stopping UndertowHttpServer...
03:13:22.799 [Test worker] INFO  i.undertow - stopping server: Undertow - 2.1.3.Final
03:13:22.801 [Test worker] DEBUG o.s.w.t.h.s.r.b.UndertowHttpServer - Server stopped (0 millis).
03:13:22.844 [Test worker] DEBUG o.s.w.r.r.m.a.RequestMappingHandlerMapping - 14 mappings in 'requestMappingHandlerMapping'
03:13:22.873 [Test worker] DEBUG o.s.w.r.r.m.a.ControllerMethodResolver - ControllerAdvice beans: none
03:13:22.887 [Test worker] DEBUG o.s.w.s.a.HttpWebHandlerAdapter - enableLoggingRequestDetails='false': form data and headers will be masked to prevent unsafe logging of potentially sensitive data
03:13:22.888 [Test worker] WARN  o.e.j.s.h.ContextHandler - Empty contextPath
03:13:22.888 [Test worker] INFO  o.e.j.s.h.ContextHandler - Started o.e.j.s.ServletContextHandler@2c654721{/,null,AVAILABLE}
03:13:22.888 [Test worker] DEBUG o.s.w.t.h.s.r.b.JettyHttpServer - Starting JettyHttpServer...
03:13:22.888 [Test worker] INFO  o.e.j.s.Server - jetty-9.4.30.v20200611; built: 2020-06-11T12:34:51.929Z; git: 271836e4c1f4612f12b7bb13ef5a92a927634b0d; jvm 1.8.0_251-b08
03:13:22.893 [Test worker] INFO  o.e.j.s.AbstractConnector - Started ServerConnector@34f7514d{HTTP/1.1, (http/1.1)}{0.0.0.0:53264}
03:13:22.893 [Test worker] INFO  o.e.j.s.Server - Started @119512ms
03:13:22.893 [Test worker] DEBUG o.s.w.t.h.s.r.b.JettyHttpServer - Server started on port 53264(0 millis).
03:13:22.894 [Test worker] DEBUG o.s.w.c.RestTemplate - HTTP GET http://localhost:53264/customized
03:13:22.894 [Test worker] DEBUG o.s.w.c.RestTemplate - Accept=[text/plain, application/json, application/x-jackson-smile, application/*+json, */*]
03:13:22.897 [qtp927195265-753] DEBUG o.s.w.s.a.HttpWebHandlerAdapter - [3740c39f] HTTP GET "/customized"
03:13:22.897 [qtp927195265-753] DEBUG o.s.w.r.r.m.a.RequestMappingHandlerMapping - [3740c39f] Mapped to org.springframework.web.reactive.result.method.annotation.CrossOriginAnnotationIntegrationTests$MethodLevelController#customized()
03:13:22.898 [qtp927195265-753] DEBUG o.s.w.r.r.m.a.ResponseBodyResultHandler - Using 'text/plain;charset=UTF-8' given [text/plain, application/json, application/x-jackson-smile, application/*+json, */*] and supported [text/plain;charset=UTF-8, text/event-stream, text/plain;charset=UTF-8, */*]
03:13:22.898 [qtp927195265-753] DEBUG o.s.w.r.r.m.a.ResponseBodyResultHandler - [3740c39f] 0..1 [java.lang.String]
03:13:22.898 [qtp927195265-753] DEBUG o.s.c.c.CharSequenceEncoder - [3740c39f] Writing "customized"
03:13:22.899 [qtp927195265-753] DEBUG o.s.w.s.a.HttpWebHandlerAdapter - [3740c39f] Completed 200 OK
03:13:22.899 [Test worker] DEBUG o.s.w.c.RestTemplate - Response 200 OK
03:13:22.899 [Test worker] DEBUG o.s.w.c.RestTemplate - Reading to [java.lang.String] as "text/plain;charset=utf-8"
03:13:22.900 [Test worker] DEBUG o.s.w.t.h.s.r.b.JettyHttpServer - Stopping JettyHttpServer...
03:13:22.900 [Test worker] INFO  o.e.j.s.h.ContextHandler - Stopped o.e.j.s.ServletContextHandler@2c654721{/,null,UNAVAILABLE}
03:13:22.901 [Test worker] INFO  o.e.j.s.AbstractConnector - Stopped ServerConnector@34f7514d{HTTP/1.1, (http/1.1)}{0.0.0.0:0}
03:13:22.902 [Test worker] DEBUG o.s.w.t.h.s.r.b.JettyHttpServer - Server stopped (0 millis).
03:13:22.935 [Test worker] DEBUG o.s.w.r.r.m.a.RequestMappingHandlerMapping - 14 mappings in 'requestMappingHandlerMapping'
03:13:22.953 [Test worker] DEBUG o.s.w.r.r.m.a.ControllerMethodResolver - ControllerAdvice beans: none
03:13:22.966 [Test worker] DEBUG o.s.w.s.a.HttpWebHandlerAdapter - enableLoggingRequestDetails='false': form data and headers will be masked to prevent unsafe logging of potentially sensitive data
03:13:22.966 [Test worker] DEBUG o.s.w.t.h.s.r.b.ReactorHttpServer - Starting ReactorHttpServer...
03:13:22.967 [Test worker] DEBUG o.s.w.t.h.s.r.b.ReactorHttpServer - Server started on port 53270(0 millis).
03:13:22.967 [Test worker] DEBUG o.s.w.c.RestTemplate - HTTP GET http://localhost:53270/customized
03:13:22.968 [Test worker] DEBUG o.s.w.c.RestTemplate - Accept=[text/plain, application/json, application/x-jackson-smile, application/*+json, */*]
03:13:22.970 [reactor-http-nio-1] DEBUG o.s.w.s.a.HttpWebHandlerAdapter - [e4da6269-21] HTTP GET "/customized"
03:13:22.971 [reactor-http-nio-1] DEBUG o.s.w.r.r.m.a.RequestMappingHandlerMapping - [e4da6269-21] Mapped to org.springframework.web.reactive.result.method.annotation.CrossOriginAnnotationIntegrationTests$MethodLevelController#customized()
03:13:22.972 [reactor-http-nio-1] DEBUG o.s.w.r.r.m.a.ResponseBodyResultHandler - Using 'text/plain;charset=UTF-8' given [text/plain, application/json, application/x-jackson-smile, application/*+json, */*] and supported [text/plain;charset=UTF-8, text/event-stream, text/plain;charset=UTF-8, */*]
03:13:22.972 [reactor-http-nio-1] DEBUG o.s.w.r.r.m.a.ResponseBodyResultHandler - [e4da6269-21] 0..1 [java.lang.String]
03:13:22.972 [reactor-http-nio-1] DEBUG o.s.c.c.CharSequenceEncoder - [e4da6269-21] Writing "customized"
03:13:22.974 [reactor-http-nio-1] DEBUG o.s.w.s.a.HttpWebHandlerAdapter - [e4da6269-21] Completed 200 OK
03:13:22.975 [Test worker] DEBUG o.s.w.c.RestTemplate - Response 200 OK
03:13:22.975 [Test worker] DEBUG o.s.w.c.RestTemplate - Reading to [java.lang.String] as "text/plain;charset=UTF-8"
03:13:22.975 [Test worker] DEBUG o.s.w.t.h.s.r.b.ReactorHttpServer - Stopping ReactorHttpServer...
03:13:22.975 [Test worker] DEBUG o.s.w.t.h.s.r.b.ReactorHttpServer - Server stopped (0 millis).
03:13:23.025 [Test worker] DEBUG o.s.w.r.r.m.a.RequestMappingHandlerMapping - 14 mappings in 'requestMappingHandlerMapping'
03:13:23.053 [Test worker] DEBUG o.s.w.r.r.m.a.ControllerMethodResolver - ControllerAdvice beans: none
03:13:23.065 [Test worker] DEBUG o.s.w.s.a.HttpWebHandlerAdapter - enableLoggingRequestDetails='false': form data and headers will be masked to prevent unsafe logging of potentially sensitive data
03:13:23.066 [Test worker] DEBUG o.s.w.t.h.s.r.b.TomcatHttpServer - Starting TomcatHttpServer...
03:13:23.091 [Test worker] DEBUG o.s.w.t.h.s.r.b.TomcatHttpServer - Server started on port 53272(0 millis).
03:13:23.092 [Test worker] DEBUG o.s.w.c.RestTemplate - HTTP GET http://localhost:53272/customized
03:13:23.092 [Test worker] DEBUG o.s.w.c.RestTemplate - Accept=[text/plain, application/json, application/x-jackson-smile, application/*+json, */*]
03:13:23.100 [http-nio-auto-19-exec-1] DEBUG o.s.w.s.a.HttpWebHandlerAdapter - [39e1099d] HTTP GET "/customized"
03:13:23.101 [http-nio-auto-19-exec-1] DEBUG o.s.w.r.r.m.a.RequestMappingHandlerMapping - [39e1099d] Mapped to org.springframework.web.reactive.result.method.annotation.CrossOriginAnnotationIntegrationTests$MethodLevelController#customized()
03:13:23.102 [http-nio-auto-19-exec-1] DEBUG o.s.w.r.r.m.a.ResponseBodyResultHandler - Using 'text/plain;charset=UTF-8' given [text/plain, application/json, application/x-jackson-smile, application/*+json, */*] and supported [text/plain;charset=UTF-8, text/event-stream, text/plain;charset=UTF-8, */*]
03:13:23.102 [http-nio-auto-19-exec-1] DEBUG o.s.w.r.r.m.a.ResponseBodyResultHandler - [39e1099d] 0..1 [java.lang.String]
03:13:23.102 [http-nio-auto-19-exec-1] DEBUG o.s.c.c.CharSequenceEncoder - [39e1099d] Writing "customized"
03:13:23.103 [Test worker] DEBUG o.s.w.c.RestTemplate - Response 200 OK
03:13:23.103 [Test worker] DEBUG o.s.w.c.RestTemplate - Reading to [java.lang.String] as "text/plain;charset=UTF-8"
03:13:23.103 [http-nio-auto-19-exec-1] DEBUG o.s.w.s.a.HttpWebHandlerAdapter - [39e1099d] Completed 200 OK
03:13:23.104 [Test worker] DEBUG o.s.w.t.h.s.r.b.TomcatHttpServer - Stopping TomcatHttpServer...
03:13:23.289 [Test worker] DEBUG o.s.w.t.h.s.r.b.TomcatHttpServer - Server stopped (0 millis).
03:13:23.333 [Test worker] DEBUG o.s.w.r.r.m.a.RequestMappingHandlerMapping - 14 mappings in 'requestMappingHandlerMapping'
03:13:23.358 [Test worker] DEBUG o.s.w.r.r.m.a.ControllerMethodResolver - ControllerAdvice beans: none
03:13:23.381 [Test worker] DEBUG o.s.w.s.a.HttpWebHandlerAdapter - enableLoggingRequestDetails='false': form data and headers will be masked to prevent unsafe logging of potentially sensitive data
03:13:23.381 [Test worker] DEBUG o.s.w.t.h.s.r.b.UndertowHttpServer - Starting UndertowHttpServer...
03:13:23.382 [Test worker] INFO  i.undertow - starting server: Undertow - 2.1.3.Final
03:13:23.390 [Test worker] DEBUG o.s.w.t.h.s.r.b.UndertowHttpServer - Server started on port 53289(0 millis).
03:13:23.390 [Test worker] DEBUG o.s.w.c.RestTemplate - HTTP GET http://localhost:53289/customized
03:13:23.390 [Test worker] DEBUG o.s.w.c.RestTemplate - Accept=[text/plain, application/json, application/x-jackson-smile, application/*+json, */*]
03:13:23.394 [XNIO-18 I/O-4] DEBUG o.s.w.s.a.HttpWebHandlerAdapter - [3616f875] HTTP GET "/customized"
03:13:23.395 [XNIO-18 I/O-4] DEBUG o.s.w.r.r.m.a.RequestMappingHandlerMapping - [3616f875] Mapped to org.springframework.web.reactive.result.method.annotation.CrossOriginAnnotationIntegrationTests$MethodLevelController#customized()
03:13:23.396 [XNIO-18 I/O-4] DEBUG o.s.w.r.r.m.a.ResponseBodyResultHandler - Using 'text/plain;charset=UTF-8' given [text/plain, application/json, application/x-jackson-smile, application/*+json, */*] and supported [text/plain;charset=UTF-8, text/event-stream, text/plain;charset=UTF-8, */*]
03:13:23.396 [XNIO-18 I/O-4] DEBUG o.s.w.r.r.m.a.ResponseBodyResultHandler - [3616f875] 0..1 [java.lang.String]
03:13:23.396 [XNIO-18 I/O-4] DEBUG o.s.c.c.CharSequenceEncoder - [3616f875] Writing "customized"
03:13:23.397 [XNIO-18 I/O-4] DEBUG o.s.w.s.a.HttpWebHandlerAdapter - [3616f875] Completed 200 OK
03:13:23.398 [Test worker] DEBUG o.s.w.c.RestTemplate - Response 200 OK
03:13:23.398 [Test worker] DEBUG o.s.w.c.RestTemplate - Reading to [java.lang.String] as "text/plain;charset=UTF-8"
03:13:23.398 [Test worker] DEBUG o.s.w.t.h.s.r.b.UndertowHttpServer - Stopping UndertowHttpServer...
03:13:23.399 [Test worker] INFO  i.undertow - stopping server: Undertow - 2.1.3.Final
03:13:23.401 [Test worker] DEBUG o.s.w.t.h.s.r.b.UndertowHttpServer - Server stopped (0 millis).
03:13:23.454 [Test worker] DEBUG o.s.w.r.r.m.a.RequestMappingHandlerMapping - 14 mappings in 'requestMappingHandlerMapping'
03:13:23.485 [Test worker] DEBUG o.s.w.r.r.m.a.ControllerMethodResolver - ControllerAdvice beans: none
03:13:23.509 [Test worker] DEBUG o.s.w.s.a.HttpWebHandlerAdapter - enableLoggingRequestDetails='false': form data and headers will be masked to prevent unsafe logging of potentially sensitive data
03:13:23.511 [Test worker] WARN  o.e.j.s.h.ContextHandler - Empty contextPath
03:13:23.511 [Test worker] INFO  o.e.j.s.h.ContextHandler - Started o.e.j.s.ServletContextHandler@202e534e{/,null,AVAILABLE}
03:13:23.511 [Test worker] DEBUG o.s.w.t.h.s.r.b.JettyHttpServer - Starting JettyHttpServer...
03:13:23.511 [Test worker] INFO  o.e.j.s.Server - jetty-9.4.30.v20200611; built: 2020-06-11T12:34:51.929Z; git: 271836e4c1f4612f12b7bb13ef5a92a927634b0d; jvm 1.8.0_251-b08
03:13:23.543 [Test worker] INFO  o.e.j.s.AbstractConnector - Started ServerConnector@1fcfa7d3{HTTP/1.1, (http/1.1)}{0.0.0.0:53291}
03:13:23.543 [Test worker] INFO  o.e.j.s.Server - Started @120160ms
03:13:23.543 [Test worker] DEBUG o.s.w.t.h.s.r.b.JettyHttpServer - Server started on port 53291(0 millis).
03:13:23.545 [Test worker] DEBUG o.s.w.c.RestTemplate - HTTP OPTIONS http://localhost:53291/no
03:13:23.566 [Test worker] DEBUG o.s.w.c.RestTemplate - Accept=[application/json, application/x-jackson-smile, application/*+json]
03:13:23.570 [qtp297892674-792] DEBUG o.s.w.s.a.HttpWebHandlerAdapter - [5df17a6d] HTTP OPTIONS "/no"
03:13:23.571 [qtp297892674-792] DEBUG o.s.w.r.r.m.a.RequestMappingHandlerMapping - [5df17a6d] Mapped to org.springframework.web.reactive.result.method.annotation.CrossOriginAnnotationIntegrationTests$MethodLevelController#noAnnotation()
03:13:23.571 [qtp297892674-792] DEBUG o.s.w.s.a.HttpWebHandlerAdapter - [5df17a6d] Completed 403 FORBIDDEN
03:13:23.572 [Test worker] DEBUG o.s.w.c.RestTemplate - Response 403 FORBIDDEN
03:13:23.580 [Test worker] DEBUG o.s.w.t.h.s.r.b.JettyHttpServer - Stopping JettyHttpServer...
03:13:23.580 [Test worker] INFO  o.e.j.s.h.ContextHandler - Stopped o.e.j.s.ServletContextHandler@202e534e{/,null,UNAVAILABLE}
03:13:23.582 [Test worker] INFO  o.e.j.s.AbstractConnector - Stopped ServerConnector@1fcfa7d3{HTTP/1.1, (http/1.1)}{0.0.0.0:0}
03:13:23.584 [Test worker] DEBUG o.s.w.t.h.s.r.b.JettyHttpServer - Server stopped (0 millis).
03:13:23.668 [Test worker] DEBUG o.s.w.r.r.m.a.RequestMappingHandlerMapping - 14 mappings in 'requestMappingHandlerMapping'
03:13:23.689 [Test worker] DEBUG o.s.w.r.r.m.a.ControllerMethodResolver - ControllerAdvice beans: none
03:13:23.713 [Test worker] DEBUG o.s.w.s.a.HttpWebHandlerAdapter - enableLoggingRequestDetails='false': form data and headers will be masked to prevent unsafe logging of potentially sensitive data
03:13:23.713 [Test worker] DEBUG o.s.w.t.h.s.r.b.ReactorHttpServer - Starting ReactorHttpServer...
03:13:23.714 [Test worker] DEBUG o.s.w.t.h.s.r.b.ReactorHttpServer - Server started on port 53297(0 millis).
03:13:23.714 [Test worker] DEBUG o.s.w.c.RestTemplate - HTTP OPTIONS http://localhost:53297/no
03:13:23.715 [Test worker] DEBUG o.s.w.c.RestTemplate - Accept=[application/json, application/x-jackson-smile, application/*+json]
03:13:23.718 [reactor-http-nio-3] DEBUG o.s.w.s.a.HttpWebHandlerAdapter - [42a64a02-22] HTTP OPTIONS "/no"
03:13:23.719 [reactor-http-nio-3] DEBUG o.s.w.r.r.m.a.RequestMappingHandlerMapping - [42a64a02-22] Mapped to org.springframework.web.reactive.result.method.annotation.CrossOriginAnnotationIntegrationTests$MethodLevelController#noAnnotation()
03:13:23.719 [reactor-http-nio-3] DEBUG o.s.w.s.a.HttpWebHandlerAdapter - [42a64a02-22] Completed 403 FORBIDDEN
03:13:23.720 [Test worker] DEBUG o.s.w.c.RestTemplate - Response 403 FORBIDDEN
03:13:23.720 [Test worker] DEBUG o.s.w.t.h.s.r.b.ReactorHttpServer - Stopping ReactorHttpServer...
03:13:23.721 [Test worker] DEBUG o.s.w.t.h.s.r.b.ReactorHttpServer - Server stopped (0 millis).
03:13:23.792 [Test worker] DEBUG o.s.w.r.r.m.a.RequestMappingHandlerMapping - 14 mappings in 'requestMappingHandlerMapping'
03:13:23.827 [Test worker] DEBUG o.s.w.r.r.m.a.ControllerMethodResolver - ControllerAdvice beans: none
03:13:23.850 [Test worker] DEBUG o.s.w.s.a.HttpWebHandlerAdapter - enableLoggingRequestDetails='false': form data and headers will be masked to prevent unsafe logging of potentially sensitive data
03:13:23.851 [Test worker] DEBUG o.s.w.t.h.s.r.b.TomcatHttpServer - Starting TomcatHttpServer...
03:13:23.864 [Test worker] DEBUG o.s.w.t.h.s.r.b.TomcatHttpServer - Server started on port 53299(0 millis).
03:13:23.864 [Test worker] DEBUG o.s.w.c.RestTemplate - HTTP OPTIONS http://localhost:53299/no
03:13:23.864 [Test worker] DEBUG o.s.w.c.RestTemplate - Accept=[application/json, application/x-jackson-smile, application/*+json]
03:13:23.872 [http-nio-auto-20-exec-1] DEBUG o.s.w.s.a.HttpWebHandlerAdapter - [bc6d422] HTTP OPTIONS "/no"
03:13:23.872 [http-nio-auto-20-exec-1] DEBUG o.s.w.r.r.m.a.RequestMappingHandlerMapping - [bc6d422] Mapped to org.springframework.web.reactive.result.method.annotation.CrossOriginAnnotationIntegrationTests$MethodLevelController#noAnnotation()
03:13:23.872 [http-nio-auto-20-exec-1] DEBUG o.s.w.s.a.HttpWebHandlerAdapter - [bc6d422] Completed 403 FORBIDDEN
03:13:23.873 [Test worker] DEBUG o.s.w.c.RestTemplate - Response 403 FORBIDDEN
03:13:23.875 [Test worker] DEBUG o.s.w.t.h.s.r.b.TomcatHttpServer - Stopping TomcatHttpServer...
03:13:24.076 [Test worker] DEBUG o.s.w.t.h.s.r.b.TomcatHttpServer - Server stopped (0 millis).
03:13:24.143 [Test worker] DEBUG o.s.w.r.r.m.a.RequestMappingHandlerMapping - 14 mappings in 'requestMappingHandlerMapping'
03:13:24.186 [Test worker] DEBUG o.s.w.r.r.m.a.ControllerMethodResolver - ControllerAdvice beans: none
03:13:24.228 [Test worker] DEBUG o.s.w.s.a.HttpWebHandlerAdapter - enableLoggingRequestDetails='false': form data and headers will be masked to prevent unsafe logging of potentially sensitive data
03:13:24.228 [Test worker] DEBUG o.s.w.t.h.s.r.b.UndertowHttpServer - Starting UndertowHttpServer...
03:13:24.228 [Test worker] INFO  i.undertow - starting server: Undertow - 2.1.3.Final
03:13:24.244 [Test worker] DEBUG o.s.w.t.h.s.r.b.UndertowHttpServer - Server started on port 53316(0 millis).
03:13:24.245 [Test worker] DEBUG o.s.w.c.RestTemplate - HTTP OPTIONS http://localhost:53316/no
03:13:24.245 [Test worker] DEBUG o.s.w.c.RestTemplate - Accept=[application/json, application/x-jackson-smile, application/*+json]
03:13:24.258 [XNIO-19 I/O-2] DEBUG o.s.w.s.a.HttpWebHandlerAdapter - [1b0de63] HTTP OPTIONS "/no"
03:13:24.259 [XNIO-19 I/O-2] DEBUG o.s.w.r.r.m.a.RequestMappingHandlerMapping - [1b0de63] Mapped to org.springframework.web.reactive.result.method.annotation.CrossOriginAnnotationIntegrationTests$MethodLevelController#noAnnotation()
03:13:24.260 [XNIO-19 I/O-2] DEBUG o.s.w.s.a.HttpWebHandlerAdapter - [1b0de63] Completed 403 FORBIDDEN
03:13:24.261 [Test worker] DEBUG o.s.w.c.RestTemplate - Response 403 FORBIDDEN
03:13:24.261 [Test worker] DEBUG o.s.w.t.h.s.r.b.UndertowHttpServer - Stopping UndertowHttpServer...
03:13:24.261 [Test worker] INFO  i.undertow - stopping server: Undertow - 2.1.3.Final
03:13:24.267 [Test worker] DEBUG o.s.w.t.h.s.r.b.UndertowHttpServer - Server stopped (0 millis).
03:13:24.333 [Test worker] DEBUG o.s.w.r.r.m.a.RequestMappingHandlerMapping - 14 mappings in 'requestMappingHandlerMapping'
03:13:24.391 [Test worker] DEBUG o.s.w.r.r.m.a.ControllerMethodResolver - ControllerAdvice beans: none
03:13:24.406 [Test worker] DEBUG o.s.w.s.a.HttpWebHandlerAdapter - enableLoggingRequestDetails='false': form data and headers will be masked to prevent unsafe logging of potentially sensitive data
03:13:24.406 [Test worker] WARN  o.e.j.s.h.ContextHandler - Empty contextPath
03:13:24.407 [Test worker] INFO  o.e.j.s.h.ContextHandler - Started o.e.j.s.ServletContextHandler@34322332{/,null,AVAILABLE}
03:13:24.407 [Test worker] DEBUG o.s.w.t.h.s.r.b.JettyHttpServer - Starting JettyHttpServer...
03:13:24.407 [Test worker] INFO  o.e.j.s.Server - jetty-9.4.30.v20200611; built: 2020-06-11T12:34:51.929Z; git: 271836e4c1f4612f12b7bb13ef5a92a927634b0d; jvm 1.8.0_251-b08
03:13:24.411 [Test worker] INFO  o.e.j.s.AbstractConnector - Started ServerConnector@744dfd56{HTTP/1.1, (http/1.1)}{0.0.0.0:53318}
03:13:24.411 [Test worker] INFO  o.e.j.s.Server - Started @121029ms
03:13:24.411 [Test worker] DEBUG o.s.w.t.h.s.r.b.JettyHttpServer - Server started on port 53318(0 millis).
03:13:24.411 [Test worker] DEBUG o.s.w.c.RestTemplate - HTTP OPTIONS http://localhost:53318/ambiguous-header
03:13:24.411 [Test worker] DEBUG o.s.w.c.RestTemplate - Accept=[text/plain, application/json, application/x-jackson-smile, application/*+json, */*]
03:13:24.414 [qtp1993641289-835] DEBUG o.s.w.s.a.HttpWebHandlerAdapter - [70cb0175] HTTP OPTIONS "/ambiguous-header"
03:13:24.416 [qtp1993641289-835] DEBUG o.s.w.r.r.m.a.RequestMappingHandlerMapping - [70cb0175] Mapped to org.springframework.web.reactive.result.method.AbstractHandlerMethodMapping$PreFlightAmbiguousMatchHandler#handle()
03:13:24.416 [qtp1993641289-835] DEBUG o.s.w.s.a.HttpWebHandlerAdapter - [70cb0175] Completed 200 OK
03:13:24.418 [Test worker] DEBUG o.s.w.c.RestTemplate - Response 200 OK
03:13:24.426 [Test worker] DEBUG o.s.w.t.h.s.r.b.JettyHttpServer - Stopping JettyHttpServer...
03:13:24.426 [Test worker] INFO  o.e.j.s.h.ContextHandler - Stopped o.e.j.s.ServletContextHandler@34322332{/,null,UNAVAILABLE}
03:13:24.440 [Test worker] INFO  o.e.j.s.AbstractConnector - Stopped ServerConnector@744dfd56{HTTP/1.1, (http/1.1)}{0.0.0.0:0}
03:13:24.525 [Test worker] DEBUG o.s.w.t.h.s.r.b.JettyHttpServer - Server stopped (0 millis).
03:13:24.841 [Test worker] DEBUG o.s.w.r.r.m.a.RequestMappingHandlerMapping - 14 mappings in 'requestMappingHandlerMapping'
03:13:24.887 [Test worker] DEBUG o.s.w.r.r.m.a.ControllerMethodResolver - ControllerAdvice beans: none
03:13:25.006 [Test worker] DEBUG o.s.w.s.a.HttpWebHandlerAdapter - enableLoggingRequestDetails='false': form data and headers will be masked to prevent unsafe logging of potentially sensitive data
03:13:25.006 [Test worker] DEBUG o.s.w.t.h.s.r.b.ReactorHttpServer - Starting ReactorHttpServer...
03:13:25.008 [Test worker] DEBUG o.s.w.t.h.s.r.b.ReactorHttpServer - Server started on port 53324(0 millis).
03:13:25.008 [Test worker] DEBUG o.s.w.c.RestTemplate - HTTP OPTIONS http://localhost:53324/ambiguous-header
03:13:25.009 [Test worker] DEBUG o.s.w.c.RestTemplate - Accept=[text/plain, application/json, application/x-jackson-smile, application/*+json, */*]
03:13:25.012 [reactor-http-nio-1] DEBUG o.s.w.s.a.HttpWebHandlerAdapter - [7cbf530c-23] HTTP OPTIONS "/ambiguous-header"
03:13:25.013 [reactor-http-nio-1] DEBUG o.s.w.r.r.m.a.RequestMappingHandlerMapping - [7cbf530c-23] Mapped to org.springframework.web.reactive.result.method.AbstractHandlerMethodMapping$PreFlightAmbiguousMatchHandler#handle()
03:13:25.013 [reactor-http-nio-1] DEBUG o.s.w.s.a.HttpWebHandlerAdapter - [7cbf530c-23] Completed 200 OK
03:13:25.015 [Test worker] DEBUG o.s.w.c.RestTemplate - Response 200 OK
03:13:25.015 [Test worker] DEBUG o.s.w.t.h.s.r.b.ReactorHttpServer - Stopping ReactorHttpServer...
03:13:25.015 [Test worker] DEBUG o.s.w.t.h.s.r.b.ReactorHttpServer - Server stopped (0 millis).
03:13:25.062 [Test worker] DEBUG o.s.w.r.r.m.a.RequestMappingHandlerMapping - 14 mappings in 'requestMappingHandlerMapping'
03:13:25.114 [Test worker] DEBUG o.s.w.r.r.m.a.ControllerMethodResolver - ControllerAdvice beans: none
03:13:25.172 [Test worker] DEBUG o.s.w.s.a.HttpWebHandlerAdapter - enableLoggingRequestDetails='false': form data and headers will be masked to prevent unsafe logging of potentially sensitive data
03:13:25.173 [Test worker] DEBUG o.s.w.t.h.s.r.b.TomcatHttpServer - Starting TomcatHttpServer...
03:13:25.186 [Test worker] DEBUG o.s.w.t.h.s.r.b.TomcatHttpServer - Server started on port 53327(0 millis).
03:13:25.187 [Test worker] DEBUG o.s.w.c.RestTemplate - HTTP OPTIONS http://localhost:53327/ambiguous-header
03:13:25.187 [Test worker] DEBUG o.s.w.c.RestTemplate - Accept=[text/plain, application/json, application/x-jackson-smile, application/*+json, */*]
03:13:25.193 [http-nio-auto-21-exec-1] DEBUG o.s.w.s.a.HttpWebHandlerAdapter - [6a9fad81] HTTP OPTIONS "/ambiguous-header"
03:13:25.194 [http-nio-auto-21-exec-1] DEBUG o.s.w.r.r.m.a.RequestMappingHandlerMapping - [6a9fad81] Mapped to org.springframework.web.reactive.result.method.AbstractHandlerMethodMapping$PreFlightAmbiguousMatchHandler#handle()
03:13:25.194 [http-nio-auto-21-exec-1] DEBUG o.s.w.s.a.HttpWebHandlerAdapter - [6a9fad81] Completed 200 OK
03:13:25.196 [Test worker] DEBUG o.s.w.c.RestTemplate - Response 200 OK
03:13:25.196 [Test worker] DEBUG o.s.w.t.h.s.r.b.TomcatHttpServer - Stopping TomcatHttpServer...
03:13:25.751 [Test worker] DEBUG o.s.w.t.h.s.r.b.TomcatHttpServer - Server stopped (0 millis).
03:13:25.855 [Test worker] DEBUG o.s.w.r.r.m.a.RequestMappingHandlerMapping - 14 mappings in 'requestMappingHandlerMapping'
03:13:25.902 [Test worker] DEBUG o.s.w.r.r.m.a.ControllerMethodResolver - ControllerAdvice beans: none
03:13:25.937 [Test worker] DEBUG o.s.w.s.a.HttpWebHandlerAdapter - enableLoggingRequestDetails='false': form data and headers will be masked to prevent unsafe logging of potentially sensitive data
03:13:25.938 [Test worker] DEBUG o.s.w.t.h.s.r.b.UndertowHttpServer - Starting UndertowHttpServer...
03:13:25.938 [Test worker] INFO  i.undertow - starting server: Undertow - 2.1.3.Final
03:13:25.949 [Test worker] DEBUG o.s.w.t.h.s.r.b.UndertowHttpServer - Server started on port 53344(0 millis).
03:13:25.950 [Test worker] DEBUG o.s.w.c.RestTemplate - HTTP OPTIONS http://localhost:53344/ambiguous-header
03:13:25.951 [Test worker] DEBUG o.s.w.c.RestTemplate - Accept=[text/plain, application/json, application/x-jackson-smile, application/*+json, */*]
03:13:25.960 [XNIO-20 I/O-1] DEBUG o.s.w.s.a.HttpWebHandlerAdapter - [8d8ea17] HTTP OPTIONS "/ambiguous-header"
03:13:25.961 [XNIO-20 I/O-1] DEBUG o.s.w.r.r.m.a.RequestMappingHandlerMapping - [8d8ea17] Mapped to org.springframework.web.reactive.result.method.AbstractHandlerMethodMapping$PreFlightAmbiguousMatchHandler#handle()
03:13:25.999 [XNIO-20 I/O-1] DEBUG o.s.w.s.a.HttpWebHandlerAdapter - [8d8ea17] Completed 200 OK
03:13:26.000 [Test worker] DEBUG o.s.w.c.RestTemplate - Response 200 OK
03:13:26.001 [Test worker] DEBUG o.s.w.t.h.s.r.b.UndertowHttpServer - Stopping UndertowHttpServer...
03:13:26.001 [Test worker] INFO  i.undertow - stopping server: Undertow - 2.1.3.Final
03:13:26.003 [Test worker] DEBUG o.s.w.t.h.s.r.b.UndertowHttpServer - Server stopped (0 millis).
03:13:26.055 [Test worker] DEBUG o.s.w.r.r.m.a.RequestMappingHandlerMapping - 14 mappings in 'requestMappingHandlerMapping'
03:13:26.088 [Test worker] DEBUG o.s.w.r.r.m.a.ControllerMethodResolver - ControllerAdvice beans: none
03:13:26.124 [Test worker] DEBUG o.s.w.s.a.HttpWebHandlerAdapter - enableLoggingRequestDetails='false': form data and headers will be masked to prevent unsafe logging of potentially sensitive data
03:13:26.125 [Test worker] WARN  o.e.j.s.h.ContextHandler - Empty contextPath
03:13:26.126 [Test worker] INFO  o.e.j.s.h.ContextHandler - Started o.e.j.s.ServletContextHandler@1cfdeb98{/,null,AVAILABLE}
03:13:26.127 [Test worker] DEBUG o.s.w.t.h.s.r.b.JettyHttpServer - Starting JettyHttpServer...
03:13:26.127 [Test worker] INFO  o.e.j.s.Server - jetty-9.4.30.v20200611; built: 2020-06-11T12:34:51.929Z; git: 271836e4c1f4612f12b7bb13ef5a92a927634b0d; jvm 1.8.0_251-b08
03:13:26.147 [Test worker] INFO  o.e.j.s.AbstractConnector - Started ServerConnector@7691a166{HTTP/1.1, (http/1.1)}{0.0.0.0:53346}
03:13:26.148 [Test worker] INFO  o.e.j.s.Server - Started @122765ms
03:13:26.148 [Test worker] DEBUG o.s.w.t.h.s.r.b.JettyHttpServer - Server started on port 53346(0 millis).
03:13:26.148 [Test worker] DEBUG o.s.w.c.RestTemplate - HTTP OPTIONS http://localhost:53346/ambiguous-produces
03:13:26.148 [Test worker] DEBUG o.s.w.c.RestTemplate - Accept=[text/plain, application/json, application/x-jackson-smile, application/*+json, */*]
03:13:26.153 [qtp638737540-875] DEBUG o.s.w.s.a.HttpWebHandlerAdapter - [87e9496] HTTP OPTIONS "/ambiguous-produces"
03:13:26.154 [qtp638737540-875] DEBUG o.s.w.r.r.m.a.RequestMappingHandlerMapping - [87e9496] Mapped to org.springframework.web.reactive.result.method.AbstractHandlerMethodMapping$PreFlightAmbiguousMatchHandler#handle()
03:13:26.154 [qtp638737540-875] DEBUG o.s.w.s.a.HttpWebHandlerAdapter - [87e9496] Completed 200 OK
03:13:26.155 [Test worker] DEBUG o.s.w.c.RestTemplate - Response 200 OK
03:13:26.155 [Test worker] DEBUG o.s.w.t.h.s.r.b.JettyHttpServer - Stopping JettyHttpServer...
03:13:26.156 [Test worker] INFO  o.e.j.s.h.ContextHandler - Stopped o.e.j.s.ServletContextHandler@1cfdeb98{/,null,UNAVAILABLE}
03:13:26.158 [Test worker] INFO  o.e.j.s.AbstractConnector - Stopped ServerConnector@7691a166{HTTP/1.1, (http/1.1)}{0.0.0.0:0}
03:13:26.158 [Test worker] DEBUG o.s.w.t.h.s.r.b.JettyHttpServer - Server stopped (0 millis).
03:13:26.318 [Test worker] DEBUG o.s.w.r.r.m.a.RequestMappingHandlerMapping - 14 mappings in 'requestMappingHandlerMapping'
03:13:26.368 [Test worker] DEBUG o.s.w.r.r.m.a.ControllerMethodResolver - ControllerAdvice beans: none
03:13:26.447 [Test worker] DEBUG o.s.w.s.a.HttpWebHandlerAdapter - enableLoggingRequestDetails='false': form data and headers will be masked to prevent unsafe logging of potentially sensitive data
03:13:26.447 [Test worker] DEBUG o.s.w.t.h.s.r.b.ReactorHttpServer - Starting ReactorHttpServer...
03:13:26.449 [Test worker] DEBUG o.s.w.t.h.s.r.b.ReactorHttpServer - Server started on port 53352(0 millis).
03:13:26.449 [Test worker] DEBUG o.s.w.c.RestTemplate - HTTP OPTIONS http://localhost:53352/ambiguous-produces
03:13:26.449 [Test worker] DEBUG o.s.w.c.RestTemplate - Accept=[text/plain, application/json, application/x-jackson-smile, application/*+json, */*]
03:13:26.493 [reactor-http-nio-3] DEBUG o.s.w.s.a.HttpWebHandlerAdapter - [48a30ca2-24] HTTP OPTIONS "/ambiguous-produces"
03:13:26.493 [reactor-http-nio-3] DEBUG o.s.w.r.r.m.a.RequestMappingHandlerMapping - [48a30ca2-24] Mapped to org.springframework.web.reactive.result.method.AbstractHandlerMethodMapping$PreFlightAmbiguousMatchHandler#handle()
03:13:26.494 [reactor-http-nio-3] DEBUG o.s.w.s.a.HttpWebHandlerAdapter - [48a30ca2-24] Completed 200 OK
03:13:26.495 [Test worker] DEBUG o.s.w.c.RestTemplate - Response 200 OK
03:13:26.496 [Test worker] DEBUG o.s.w.t.h.s.r.b.ReactorHttpServer - Stopping ReactorHttpServer...
03:13:26.496 [Test worker] DEBUG o.s.w.t.h.s.r.b.ReactorHttpServer - Server stopped (0 millis).
03:13:26.629 [Test worker] DEBUG o.s.w.r.r.m.a.RequestMappingHandlerMapping - 14 mappings in 'requestMappingHandlerMapping'
03:13:26.783 [Test worker] DEBUG o.s.w.r.r.m.a.ControllerMethodResolver - ControllerAdvice beans: none
03:13:26.877 [Test worker] DEBUG o.s.w.s.a.HttpWebHandlerAdapter - enableLoggingRequestDetails='false': form data and headers will be masked to prevent unsafe logging of potentially sensitive data
03:13:26.878 [Test worker] DEBUG o.s.w.t.h.s.r.b.TomcatHttpServer - Starting TomcatHttpServer...
03:13:26.903 [Test worker] DEBUG o.s.w.t.h.s.r.b.TomcatHttpServer - Server started on port 53354(0 millis).
03:13:26.903 [Test worker] DEBUG o.s.w.c.RestTemplate - HTTP OPTIONS http://localhost:53354/ambiguous-produces
03:13:26.903 [Test worker] DEBUG o.s.w.c.RestTemplate - Accept=[text/plain, application/json, application/x-jackson-smile, application/*+json, */*]
03:13:27.013 [http-nio-auto-22-exec-1] DEBUG o.s.w.s.a.HttpWebHandlerAdapter - [1d9a4bf] HTTP OPTIONS "/ambiguous-produces"
03:13:27.014 [http-nio-auto-22-exec-1] DEBUG o.s.w.r.r.m.a.RequestMappingHandlerMapping - [1d9a4bf] Mapped to org.springframework.web.reactive.result.method.AbstractHandlerMethodMapping$PreFlightAmbiguousMatchHandler#handle()
03:13:27.015 [http-nio-auto-22-exec-1] DEBUG o.s.w.s.a.HttpWebHandlerAdapter - [1d9a4bf] Completed 200 OK
03:13:27.016 [Test worker] DEBUG o.s.w.c.RestTemplate - Response 200 OK
03:13:27.016 [Test worker] DEBUG o.s.w.t.h.s.r.b.TomcatHttpServer - Stopping TomcatHttpServer...
03:13:27.271 [Test worker] DEBUG o.s.w.t.h.s.r.b.TomcatHttpServer - Server stopped (0 millis).
03:13:27.380 [Test worker] DEBUG o.s.w.r.r.m.a.RequestMappingHandlerMapping - 14 mappings in 'requestMappingHandlerMapping'
03:13:27.413 [Test worker] DEBUG o.s.w.r.r.m.a.ControllerMethodResolver - ControllerAdvice beans: none
03:13:27.440 [Test worker] DEBUG o.s.w.s.a.HttpWebHandlerAdapter - enableLoggingRequestDetails='false': form data and headers will be masked to prevent unsafe logging of potentially sensitive data
03:13:27.441 [Test worker] DEBUG o.s.w.t.h.s.r.b.UndertowHttpServer - Starting UndertowHttpServer...
03:13:27.441 [Test worker] INFO  i.undertow - starting server: Undertow - 2.1.3.Final
03:13:27.451 [Test worker] DEBUG o.s.w.t.h.s.r.b.UndertowHttpServer - Server started on port 53371(0 millis).
03:13:27.451 [Test worker] DEBUG o.s.w.c.RestTemplate - HTTP OPTIONS http://localhost:53371/ambiguous-produces
03:13:27.452 [Test worker] DEBUG o.s.w.c.RestTemplate - Accept=[text/plain, application/json, application/x-jackson-smile, application/*+json, */*]
03:13:27.458 [XNIO-21 I/O-1] DEBUG o.s.w.s.a.HttpWebHandlerAdapter - [323aea54] HTTP OPTIONS "/ambiguous-produces"
03:13:27.459 [XNIO-21 I/O-1] DEBUG o.s.w.r.r.m.a.RequestMappingHandlerMapping - [323aea54] Mapped to org.springframework.web.reactive.result.method.AbstractHandlerMethodMapping$PreFlightAmbiguousMatchHandler#handle()
03:13:27.459 [XNIO-21 I/O-1] DEBUG o.s.w.s.a.HttpWebHandlerAdapter - [323aea54] Completed 200 OK
03:13:27.460 [Test worker] DEBUG o.s.w.c.RestTemplate - Response 200 OK
03:13:27.460 [Test worker] DEBUG o.s.w.t.h.s.r.b.UndertowHttpServer - Stopping UndertowHttpServer...
03:13:27.460 [Test worker] INFO  i.undertow - stopping server: Undertow - 2.1.3.Final
03:13:27.464 [Test worker] DEBUG o.s.w.t.h.s.r.b.UndertowHttpServer - Server stopped (0 millis).
03:13:27.523 [Test worker] DEBUG o.s.w.r.r.m.a.RequestMappingHandlerMapping - 14 mappings in 'requestMappingHandlerMapping'
03:13:27.547 [Test worker] DEBUG o.s.w.r.r.m.a.ControllerMethodResolver - ControllerAdvice beans: none
03:13:27.589 [Test worker] DEBUG o.s.w.s.a.HttpWebHandlerAdapter - enableLoggingRequestDetails='false': form data and headers will be masked to prevent unsafe logging of potentially sensitive data
03:13:27.589 [Test worker] WARN  o.e.j.s.h.ContextHandler - Empty contextPath
03:13:27.590 [Test worker] INFO  o.e.j.s.h.ContextHandler - Started o.e.j.s.ServletContextHandler@53b9ffab{/,null,AVAILABLE}
03:13:27.590 [Test worker] DEBUG o.s.w.t.h.s.r.b.JettyHttpServer - Starting JettyHttpServer...
03:13:27.590 [Test worker] INFO  o.e.j.s.Server - jetty-9.4.30.v20200611; built: 2020-06-11T12:34:51.929Z; git: 271836e4c1f4612f12b7bb13ef5a92a927634b0d; jvm 1.8.0_251-b08
03:13:27.598 [Test worker] INFO  o.e.j.s.AbstractConnector - Started ServerConnector@77d14c14{HTTP/1.1, (http/1.1)}{0.0.0.0:53373}
03:13:27.598 [Test worker] INFO  o.e.j.s.Server - Started @124216ms
03:13:27.598 [Test worker] DEBUG o.s.w.t.h.s.r.b.JettyHttpServer - Server started on port 53373(0 millis).
03:13:27.598 [Test worker] DEBUG o.s.w.c.RestTemplate - HTTP OPTIONS http://localhost:53373/default
03:13:27.598 [Test worker] DEBUG o.s.w.c.RestTemplate - Accept=[application/json, application/x-jackson-smile, application/*+json]
03:13:27.605 [qtp467806702-917] DEBUG o.s.w.s.a.HttpWebHandlerAdapter - [b431312] HTTP OPTIONS "/default"
03:13:27.605 [qtp467806702-917] DEBUG o.s.w.r.r.m.a.RequestMappingHandlerMapping - [b431312] Mapped to org.springframework.web.reactive.result.method.annotation.CrossOriginAnnotationIntegrationTests$MethodLevelController#defaultAnnotation()
03:13:27.607 [qtp467806702-917] DEBUG o.s.w.s.a.HttpWebHandlerAdapter - [b431312] Completed 200 OK
03:13:27.608 [Test worker] DEBUG o.s.w.c.RestTemplate - Response 200 OK
03:13:27.608 [Test worker] DEBUG o.s.w.t.h.s.r.b.JettyHttpServer - Stopping JettyHttpServer...
03:13:27.609 [Test worker] INFO  o.e.j.s.h.ContextHandler - Stopped o.e.j.s.ServletContextHandler@53b9ffab{/,null,UNAVAILABLE}
03:13:27.611 [Test worker] INFO  o.e.j.s.AbstractConnector - Stopped ServerConnector@77d14c14{HTTP/1.1, (http/1.1)}{0.0.0.0:0}
03:13:27.613 [Test worker] DEBUG o.s.w.t.h.s.r.b.JettyHttpServer - Server stopped (0 millis).
03:13:27.686 [Test worker] DEBUG o.s.w.r.r.m.a.RequestMappingHandlerMapping - 14 mappings in 'requestMappingHandlerMapping'
03:13:27.734 [Test worker] DEBUG o.s.w.r.r.m.a.ControllerMethodResolver - ControllerAdvice beans: none
03:13:27.784 [Test worker] DEBUG o.s.w.s.a.HttpWebHandlerAdapter - enableLoggingRequestDetails='false': form data and headers will be masked to prevent unsafe logging of potentially sensitive data
03:13:27.784 [Test worker] DEBUG o.s.w.t.h.s.r.b.ReactorHttpServer - Starting ReactorHttpServer...
03:13:27.786 [Test worker] DEBUG o.s.w.t.h.s.r.b.ReactorHttpServer - Server started on port 53379(0 millis).
03:13:27.786 [Test worker] DEBUG o.s.w.c.RestTemplate - HTTP OPTIONS http://localhost:53379/default
03:13:27.787 [Test worker] DEBUG o.s.w.c.RestTemplate - Accept=[application/json, application/x-jackson-smile, application/*+json]
03:13:27.810 [reactor-http-nio-1] DEBUG o.s.w.s.a.HttpWebHandlerAdapter - [560a2635-25] HTTP OPTIONS "/default"
03:13:27.810 [reactor-http-nio-1] DEBUG o.s.w.r.r.m.a.RequestMappingHandlerMapping - [560a2635-25] Mapped to org.springframework.web.reactive.result.method.annotation.CrossOriginAnnotationIntegrationTests$MethodLevelController#defaultAnnotation()
03:13:27.811 [reactor-http-nio-1] DEBUG o.s.w.s.a.HttpWebHandlerAdapter - [560a2635-25] Completed 200 OK
03:13:27.812 [Test worker] DEBUG o.s.w.c.RestTemplate - Response 200 OK
03:13:27.814 [Test worker] DEBUG o.s.w.t.h.s.r.b.ReactorHttpServer - Stopping ReactorHttpServer...
03:13:27.815 [Test worker] DEBUG o.s.w.t.h.s.r.b.ReactorHttpServer - Server stopped (0 millis).
03:13:27.938 [Test worker] DEBUG o.s.w.r.r.m.a.RequestMappingHandlerMapping - 14 mappings in 'requestMappingHandlerMapping'
03:13:27.985 [Test worker] DEBUG o.s.w.r.r.m.a.ControllerMethodResolver - ControllerAdvice beans: none
03:13:28.041 [Test worker] DEBUG o.s.w.s.a.HttpWebHandlerAdapter - enableLoggingRequestDetails='false': form data and headers will be masked to prevent unsafe logging of potentially sensitive data
03:13:28.042 [Test worker] DEBUG o.s.w.t.h.s.r.b.TomcatHttpServer - Starting TomcatHttpServer...
03:13:28.056 [Test worker] DEBUG o.s.w.t.h.s.r.b.TomcatHttpServer - Server started on port 53381(0 millis).
03:13:28.056 [Test worker] DEBUG o.s.w.c.RestTemplate - HTTP OPTIONS http://localhost:53381/default
03:13:28.057 [Test worker] DEBUG o.s.w.c.RestTemplate - Accept=[application/json, application/x-jackson-smile, application/*+json]
03:13:28.078 [http-nio-auto-23-exec-1] DEBUG o.s.w.s.a.HttpWebHandlerAdapter - [4234c931] HTTP OPTIONS "/default"
03:13:28.078 [http-nio-auto-23-exec-1] DEBUG o.s.w.r.r.m.a.RequestMappingHandlerMapping - [4234c931] Mapped to org.springframework.web.reactive.result.method.annotation.CrossOriginAnnotationIntegrationTests$MethodLevelController#defaultAnnotation()
03:13:28.079 [http-nio-auto-23-exec-1] DEBUG o.s.w.s.a.HttpWebHandlerAdapter - [4234c931] Completed 200 OK
03:13:28.080 [Test worker] DEBUG o.s.w.c.RestTemplate - Response 200 OK
03:13:28.080 [Test worker] DEBUG o.s.w.t.h.s.r.b.TomcatHttpServer - Stopping TomcatHttpServer...
03:13:28.499 [Test worker] DEBUG o.s.w.t.h.s.r.b.TomcatHttpServer - Server stopped (0 millis).
03:13:28.605 [Test worker] DEBUG o.s.w.r.r.m.a.RequestMappingHandlerMapping - 14 mappings in 'requestMappingHandlerMapping'
03:13:28.715 [Test worker] DEBUG o.s.w.r.r.m.a.ControllerMethodResolver - ControllerAdvice beans: none
03:13:28.748 [Test worker] DEBUG o.s.w.s.a.HttpWebHandlerAdapter - enableLoggingRequestDetails='false': form data and headers will be masked to prevent unsafe logging of potentially sensitive data
03:13:28.748 [Test worker] DEBUG o.s.w.t.h.s.r.b.UndertowHttpServer - Starting UndertowHttpServer...
03:13:28.748 [Test worker] INFO  i.undertow - starting server: Undertow - 2.1.3.Final
03:13:28.762 [Test worker] DEBUG o.s.w.t.h.s.r.b.UndertowHttpServer - Server started on port 53398(0 millis).
03:13:28.763 [Test worker] DEBUG o.s.w.c.RestTemplate - HTTP OPTIONS http://localhost:53398/default
03:13:28.764 [Test worker] DEBUG o.s.w.c.RestTemplate - Accept=[application/json, application/x-jackson-smile, application/*+json]
03:13:28.771 [XNIO-22 I/O-4] DEBUG o.s.w.s.a.HttpWebHandlerAdapter - [3e7aff5] HTTP OPTIONS "/default"
03:13:28.772 [XNIO-22 I/O-4] DEBUG o.s.w.r.r.m.a.RequestMappingHandlerMapping - [3e7aff5] Mapped to org.springframework.web.reactive.result.method.annotation.CrossOriginAnnotationIntegrationTests$MethodLevelController#defaultAnnotation()
03:13:28.772 [XNIO-22 I/O-4] DEBUG o.s.w.s.a.HttpWebHandlerAdapter - [3e7aff5] Completed 200 OK
03:13:28.773 [Test worker] DEBUG o.s.w.c.RestTemplate - Response 200 OK
03:13:28.773 [Test worker] DEBUG o.s.w.t.h.s.r.b.UndertowHttpServer - Stopping UndertowHttpServer...
03:13:28.773 [Test worker] INFO  i.undertow - stopping server: Undertow - 2.1.3.Final
03:13:28.776 [Test worker] DEBUG o.s.w.t.h.s.r.b.UndertowHttpServer - Server stopped (0 millis).
03:13:28.847 [Test worker] DEBUG o.s.w.r.r.m.a.RequestMappingHandlerMapping - 14 mappings in 'requestMappingHandlerMapping'
03:13:28.893 [Test worker] DEBUG o.s.w.r.r.m.a.ControllerMethodResolver - ControllerAdvice beans: none
03:13:28.945 [Test worker] DEBUG o.s.w.s.a.HttpWebHandlerAdapter - enableLoggingRequestDetails='false': form data and headers will be masked to prevent unsafe logging of potentially sensitive data
03:13:28.945 [Test worker] WARN  o.e.j.s.h.ContextHandler - Empty contextPath
03:13:28.946 [Test worker] INFO  o.e.j.s.h.ContextHandler - Started o.e.j.s.ServletContextHandler@784e056d{/,null,AVAILABLE}
03:13:28.946 [Test worker] DEBUG o.s.w.t.h.s.r.b.JettyHttpServer - Starting JettyHttpServer...
03:13:28.947 [Test worker] INFO  o.e.j.s.Server - jetty-9.4.30.v20200611; built: 2020-06-11T12:34:51.929Z; git: 271836e4c1f4612f12b7bb13ef5a92a927634b0d; jvm 1.8.0_251-b08
03:13:28.953 [Test worker] INFO  o.e.j.s.AbstractConnector - Started ServerConnector@7869eaaa{HTTP/1.1, (http/1.1)}{0.0.0.0:53400}
03:13:28.953 [Test worker] INFO  o.e.j.s.Server - Started @125571ms
03:13:28.953 [Test worker] DEBUG o.s.w.t.h.s.r.b.JettyHttpServer - Server started on port 53400(0 millis).
03:13:28.953 [Test worker] DEBUG o.s.w.c.RestTemplate - HTTP OPTIONS http://localhost:53400/customized
03:13:28.953 [Test worker] DEBUG o.s.w.c.RestTemplate - Accept=[text/plain, application/json, application/x-jackson-smile, application/*+json, */*]
03:13:28.967 [qtp1695190169-957] DEBUG o.s.w.s.a.HttpWebHandlerAdapter - [2c764045] HTTP OPTIONS "/customized"
03:13:28.968 [qtp1695190169-957] DEBUG o.s.w.r.r.m.a.RequestMappingHandlerMapping - [2c764045] Mapped to org.springframework.web.reactive.result.method.annotation.CrossOriginAnnotationIntegrationTests$MethodLevelController#customized()
03:13:28.968 [qtp1695190169-957] DEBUG o.s.w.s.a.HttpWebHandlerAdapter - [2c764045] Completed 200 OK
03:13:28.969 [Test worker] DEBUG o.s.w.c.RestTemplate - Response 200 OK
03:13:28.969 [Test worker] DEBUG o.s.w.t.h.s.r.b.JettyHttpServer - Stopping JettyHttpServer...
03:13:28.970 [Test worker] INFO  o.e.j.s.h.ContextHandler - Stopped o.e.j.s.ServletContextHandler@784e056d{/,null,UNAVAILABLE}
03:13:28.972 [Test worker] INFO  o.e.j.s.AbstractConnector - Stopped ServerConnector@7869eaaa{HTTP/1.1, (http/1.1)}{0.0.0.0:0}
03:13:28.976 [Test worker] DEBUG o.s.w.t.h.s.r.b.JettyHttpServer - Server stopped (0 millis).
03:13:29.061 [Test worker] DEBUG o.s.w.r.r.m.a.RequestMappingHandlerMapping - 14 mappings in 'requestMappingHandlerMapping'
03:13:29.123 [Test worker] DEBUG o.s.w.r.r.m.a.ControllerMethodResolver - ControllerAdvice beans: none
03:13:29.152 [Test worker] DEBUG o.s.w.s.a.HttpWebHandlerAdapter - enableLoggingRequestDetails='false': form data and headers will be masked to prevent unsafe logging of potentially sensitive data
03:13:29.152 [Test worker] DEBUG o.s.w.t.h.s.r.b.ReactorHttpServer - Starting ReactorHttpServer...
03:13:29.153 [Test worker] DEBUG o.s.w.t.h.s.r.b.ReactorHttpServer - Server started on port 53407(0 millis).
03:13:29.153 [Test worker] DEBUG o.s.w.c.RestTemplate - HTTP OPTIONS http://localhost:53407/customized
03:13:29.154 [Test worker] DEBUG o.s.w.c.RestTemplate - Accept=[text/plain, application/json, application/x-jackson-smile, application/*+json, */*]
03:13:29.167 [reactor-http-nio-3] DEBUG o.s.w.s.a.HttpWebHandlerAdapter - [0fe331e7-26] HTTP OPTIONS "/customized"
03:13:29.168 [reactor-http-nio-3] DEBUG o.s.w.r.r.m.a.RequestMappingHandlerMapping - [0fe331e7-26] Mapped to org.springframework.web.reactive.result.method.annotation.CrossOriginAnnotationIntegrationTests$MethodLevelController#customized()
03:13:29.168 [reactor-http-nio-3] DEBUG o.s.w.s.a.HttpWebHandlerAdapter - [0fe331e7-26] Completed 200 OK
03:13:29.169 [Test worker] DEBUG o.s.w.c.RestTemplate - Response 200 OK
03:13:29.170 [Test worker] DEBUG o.s.w.t.h.s.r.b.ReactorHttpServer - Stopping ReactorHttpServer...
03:13:29.170 [Test worker] DEBUG o.s.w.t.h.s.r.b.ReactorHttpServer - Server stopped (0 millis).
03:13:29.228 [Test worker] DEBUG o.s.w.r.r.m.a.RequestMappingHandlerMapping - 14 mappings in 'requestMappingHandlerMapping'
03:13:29.267 [Test worker] DEBUG o.s.w.r.r.m.a.ControllerMethodResolver - ControllerAdvice beans: none
03:13:29.289 [Test worker] DEBUG o.s.w.s.a.HttpWebHandlerAdapter - enableLoggingRequestDetails='false': form data and headers will be masked to prevent unsafe logging of potentially sensitive data
03:13:29.290 [Test worker] DEBUG o.s.w.t.h.s.r.b.TomcatHttpServer - Starting TomcatHttpServer...
03:13:29.303 [Test worker] DEBUG o.s.w.t.h.s.r.b.TomcatHttpServer - Server started on port 53409(0 millis).
03:13:29.303 [Test worker] DEBUG o.s.w.c.RestTemplate - HTTP OPTIONS http://localhost:53409/customized
03:13:29.304 [Test worker] DEBUG o.s.w.c.RestTemplate - Accept=[text/plain, application/json, application/x-jackson-smile, application/*+json, */*]
03:13:29.417 [http-nio-auto-24-exec-1] DEBUG o.s.w.s.a.HttpWebHandlerAdapter - [32316b93] HTTP OPTIONS "/customized"
03:13:29.418 [http-nio-auto-24-exec-1] DEBUG o.s.w.r.r.m.a.RequestMappingHandlerMapping - [32316b93] Mapped to org.springframework.web.reactive.result.method.annotation.CrossOriginAnnotationIntegrationTests$MethodLevelController#customized()
03:13:29.418 [http-nio-auto-24-exec-1] DEBUG o.s.w.s.a.HttpWebHandlerAdapter - [32316b93] Completed 200 OK
03:13:29.419 [Test worker] DEBUG o.s.w.c.RestTemplate - Response 200 OK
03:13:29.420 [Test worker] DEBUG o.s.w.t.h.s.r.b.TomcatHttpServer - Stopping TomcatHttpServer...
03:13:29.712 [Test worker] DEBUG o.s.w.t.h.s.r.b.TomcatHttpServer - Server stopped (0 millis).
03:13:29.803 [Test worker] DEBUG o.s.w.r.r.m.a.RequestMappingHandlerMapping - 14 mappings in 'requestMappingHandlerMapping'
03:13:29.835 [Test worker] DEBUG o.s.w.r.r.m.a.ControllerMethodResolver - ControllerAdvice beans: none
03:13:29.870 [Test worker] DEBUG o.s.w.s.a.HttpWebHandlerAdapter - enableLoggingRequestDetails='false': form data and headers will be masked to prevent unsafe logging of potentially sensitive data
03:13:29.870 [Test worker] DEBUG o.s.w.t.h.s.r.b.UndertowHttpServer - Starting UndertowHttpServer...
03:13:29.871 [Test worker] INFO  i.undertow - starting server: Undertow - 2.1.3.Final
03:13:29.879 [Test worker] DEBUG o.s.w.t.h.s.r.b.UndertowHttpServer - Server started on port 53426(0 millis).
03:13:29.880 [Test worker] DEBUG o.s.w.c.RestTemplate - HTTP OPTIONS http://localhost:53426/customized
03:13:29.880 [Test worker] DEBUG o.s.w.c.RestTemplate - Accept=[text/plain, application/json, application/x-jackson-smile, application/*+json, */*]
03:13:29.885 [XNIO-23 I/O-4] DEBUG o.s.w.s.a.HttpWebHandlerAdapter - [31e6c386] HTTP OPTIONS "/customized"
03:13:29.886 [XNIO-23 I/O-4] DEBUG o.s.w.r.r.m.a.RequestMappingHandlerMapping - [31e6c386] Mapped to org.springframework.web.reactive.result.method.annotation.CrossOriginAnnotationIntegrationTests$MethodLevelController#customized()
03:13:29.886 [XNIO-23 I/O-4] DEBUG o.s.w.s.a.HttpWebHandlerAdapter - [31e6c386] Completed 200 OK
03:13:29.887 [Test worker] DEBUG o.s.w.c.RestTemplate - Response 200 OK
03:13:29.887 [Test worker] DEBUG o.s.w.t.h.s.r.b.UndertowHttpServer - Stopping UndertowHttpServer...
03:13:29.887 [Test worker] INFO  i.undertow - stopping server: Undertow - 2.1.3.Final
03:13:29.892 [Test worker] DEBUG o.s.w.t.h.s.r.b.UndertowHttpServer - Server stopped (0 millis).
03:13:29.950 [Test worker] DEBUG o.s.w.r.r.m.a.RequestMappingHandlerMapping - 14 mappings in 'requestMappingHandlerMapping'
03:13:29.979 [Test worker] DEBUG o.s.w.r.r.m.a.ControllerMethodResolver - ControllerAdvice beans: none
03:13:30.002 [Test worker] DEBUG o.s.w.s.a.HttpWebHandlerAdapter - enableLoggingRequestDetails='false': form data and headers will be masked to prevent unsafe logging of potentially sensitive data
03:13:30.002 [Test worker] WARN  o.e.j.s.h.ContextHandler - Empty contextPath
03:13:30.003 [Test worker] INFO  o.e.j.s.h.ContextHandler - Started o.e.j.s.ServletContextHandler@78e9eb0{/,null,AVAILABLE}
03:13:30.004 [Test worker] DEBUG o.s.w.t.h.s.r.b.JettyHttpServer - Starting JettyHttpServer...
03:13:30.004 [Test worker] INFO  o.e.j.s.Server - jetty-9.4.30.v20200611; built: 2020-06-11T12:34:51.929Z; git: 271836e4c1f4612f12b7bb13ef5a92a927634b0d; jvm 1.8.0_251-b08
03:13:30.010 [Test worker] INFO  o.e.j.s.AbstractConnector - Started ServerConnector@2b7674e3{HTTP/1.1, (http/1.1)}{0.0.0.0:53428}
03:13:30.011 [Test worker] INFO  o.e.j.s.Server - Started @126629ms
03:13:30.011 [Test worker] DEBUG o.s.w.t.h.s.r.b.JettyHttpServer - Server started on port 53428(0 millis).
03:13:30.011 [Test worker] DEBUG o.s.w.c.RestTemplate - HTTP GET http://localhost:53428/default
03:13:30.011 [Test worker] DEBUG o.s.w.c.RestTemplate - Accept=[text/plain, application/json, application/x-jackson-smile, application/*+json, */*]
03:13:30.015 [qtp430702533-998] DEBUG o.s.w.s.a.HttpWebHandlerAdapter - [16b68cb3] HTTP GET "/default"
03:13:30.016 [qtp430702533-998] DEBUG o.s.w.r.r.m.a.RequestMappingHandlerMapping - [16b68cb3] Mapped to org.springframework.web.reactive.result.method.annotation.CrossOriginAnnotationIntegrationTests$MethodLevelController#defaultAnnotation()
03:13:30.018 [qtp430702533-998] DEBUG o.s.w.r.r.m.a.ResponseBodyResultHandler - Using 'text/plain;charset=UTF-8' given [text/plain, application/json, application/x-jackson-smile, application/*+json, */*] and supported [text/plain;charset=UTF-8, text/event-stream, text/plain;charset=UTF-8, */*]
03:13:30.018 [qtp430702533-998] DEBUG o.s.w.r.r.m.a.ResponseBodyResultHandler - [16b68cb3] 0..1 [java.lang.String]
03:13:30.018 [qtp430702533-998] DEBUG o.s.c.c.CharSequenceEncoder - [16b68cb3] Writing "default"
03:13:30.019 [Test worker] DEBUG o.s.w.c.RestTemplate - Response 200 OK
03:13:30.019 [Test worker] DEBUG o.s.w.c.RestTemplate - Reading to [java.lang.String] as "text/plain;charset=utf-8"
03:13:30.019 [Test worker] DEBUG o.s.w.t.h.s.r.b.JettyHttpServer - Stopping JettyHttpServer...
03:13:30.019 [Test worker] INFO  o.e.j.s.h.ContextHandler - Stopped o.e.j.s.ServletContextHandler@78e9eb0{/,null,UNAVAILABLE}
03:13:30.020 [qtp430702533-998] DEBUG o.s.w.s.a.HttpWebHandlerAdapter - [16b68cb3] Completed 200 OK
03:13:30.022 [Test worker] INFO  o.e.j.s.AbstractConnector - Stopped ServerConnector@2b7674e3{HTTP/1.1, (http/1.1)}{0.0.0.0:0}
03:13:30.028 [Test worker] DEBUG o.s.w.t.h.s.r.b.JettyHttpServer - Server stopped (0 millis).
03:13:30.075 [Test worker] DEBUG o.s.w.r.r.m.a.RequestMappingHandlerMapping - 14 mappings in 'requestMappingHandlerMapping'
03:13:30.137 [Test worker] DEBUG o.s.w.r.r.m.a.ControllerMethodResolver - ControllerAdvice beans: none
03:13:30.159 [Test worker] DEBUG o.s.w.s.a.HttpWebHandlerAdapter - enableLoggingRequestDetails='false': form data and headers will be masked to prevent unsafe logging of potentially sensitive data
03:13:30.159 [Test worker] DEBUG o.s.w.t.h.s.r.b.ReactorHttpServer - Starting ReactorHttpServer...
03:13:30.160 [Test worker] DEBUG o.s.w.t.h.s.r.b.ReactorHttpServer - Server started on port 53434(0 millis).
03:13:30.161 [Test worker] DEBUG o.s.w.c.RestTemplate - HTTP GET http://localhost:53434/default
03:13:30.161 [Test worker] DEBUG o.s.w.c.RestTemplate - Accept=[text/plain, application/json, application/x-jackson-smile, application/*+json, */*]
03:13:30.165 [reactor-http-nio-1] DEBUG o.s.w.s.a.HttpWebHandlerAdapter - [ace4c698-27] HTTP GET "/default"
03:13:30.165 [reactor-http-nio-1] DEBUG o.s.w.r.r.m.a.RequestMappingHandlerMapping - [ace4c698-27] Mapped to org.springframework.web.reactive.result.method.annotation.CrossOriginAnnotationIntegrationTests$MethodLevelController#defaultAnnotation()
03:13:30.166 [reactor-http-nio-1] DEBUG o.s.w.r.r.m.a.ResponseBodyResultHandler - Using 'text/plain;charset=UTF-8' given [text/plain, application/json, application/x-jackson-smile, application/*+json, */*] and supported [text/plain;charset=UTF-8, text/event-stream, text/plain;charset=UTF-8, */*]
03:13:30.166 [reactor-http-nio-1] DEBUG o.s.w.r.r.m.a.ResponseBodyResultHandler - [ace4c698-27] 0..1 [java.lang.String]
03:13:30.167 [reactor-http-nio-1] DEBUG o.s.c.c.CharSequenceEncoder - [ace4c698-27] Writing "default"
03:13:30.169 [reactor-http-nio-1] DEBUG o.s.w.s.a.HttpWebHandlerAdapter - [ace4c698-27] Completed 200 OK
03:13:30.169 [Test worker] DEBUG o.s.w.c.RestTemplate - Response 200 OK
03:13:30.169 [Test worker] DEBUG o.s.w.c.RestTemplate - Reading to [java.lang.String] as "text/plain;charset=UTF-8"
03:13:30.169 [Test worker] DEBUG o.s.w.t.h.s.r.b.ReactorHttpServer - Stopping ReactorHttpServer...
03:13:30.170 [Test worker] DEBUG o.s.w.t.h.s.r.b.ReactorHttpServer - Server stopped (0 millis).
03:13:30.224 [Test worker] DEBUG o.s.w.r.r.m.a.RequestMappingHandlerMapping - 14 mappings in 'requestMappingHandlerMapping'
03:13:30.252 [Test worker] DEBUG o.s.w.r.r.m.a.ControllerMethodResolver - ControllerAdvice beans: none
03:13:30.271 [Test worker] DEBUG o.s.w.s.a.HttpWebHandlerAdapter - enableLoggingRequestDetails='false': form data and headers will be masked to prevent unsafe logging of potentially sensitive data
03:13:30.276 [Test worker] DEBUG o.s.w.t.h.s.r.b.TomcatHttpServer - Starting TomcatHttpServer...
03:13:30.291 [Test worker] DEBUG o.s.w.t.h.s.r.b.TomcatHttpServer - Server started on port 53436(0 millis).
03:13:30.291 [Test worker] DEBUG o.s.w.c.RestTemplate - HTTP GET http://localhost:53436/default
03:13:30.292 [Test worker] DEBUG o.s.w.c.RestTemplate - Accept=[text/plain, application/json, application/x-jackson-smile, application/*+json, */*]
03:13:30.345 [http-nio-auto-25-exec-1] DEBUG o.s.w.s.a.HttpWebHandlerAdapter - [4894afe] HTTP GET "/default"
03:13:30.347 [http-nio-auto-25-exec-1] DEBUG o.s.w.r.r.m.a.RequestMappingHandlerMapping - [4894afe] Mapped to org.springframework.web.reactive.result.method.annotation.CrossOriginAnnotationIntegrationTests$MethodLevelController#defaultAnnotation()
03:13:30.347 [http-nio-auto-25-exec-1] DEBUG o.s.w.r.r.m.a.ResponseBodyResultHandler - Using 'text/plain;charset=UTF-8' given [text/plain, application/json, application/x-jackson-smile, application/*+json, */*] and supported [text/plain;charset=UTF-8, text/event-stream, text/plain;charset=UTF-8, */*]
03:13:30.348 [http-nio-auto-25-exec-1] DEBUG o.s.w.r.r.m.a.ResponseBodyResultHandler - [4894afe] 0..1 [java.lang.String]
03:13:30.348 [http-nio-auto-25-exec-1] DEBUG o.s.c.c.CharSequenceEncoder - [4894afe] Writing "default"
03:13:30.350 [Test worker] DEBUG o.s.w.c.RestTemplate - Response 200 OK
03:13:30.350 [Test worker] DEBUG o.s.w.c.RestTemplate - Reading to [java.lang.String] as "text/plain;charset=UTF-8"
03:13:30.350 [Test worker] DEBUG o.s.w.t.h.s.r.b.TomcatHttpServer - Stopping TomcatHttpServer...
03:13:30.350 [http-nio-auto-25-exec-1] DEBUG o.s.w.s.a.HttpWebHandlerAdapter - [4894afe] Completed 200 OK
03:13:30.748 [Test worker] DEBUG o.s.w.t.h.s.r.b.TomcatHttpServer - Server stopped (0 millis).
03:13:30.869 [Test worker] DEBUG o.s.w.r.r.m.a.RequestMappingHandlerMapping - 14 mappings in 'requestMappingHandlerMapping'
03:13:30.916 [Test worker] DEBUG o.s.w.r.r.m.a.ControllerMethodResolver - ControllerAdvice beans: none
03:13:30.963 [Test worker] DEBUG o.s.w.s.a.HttpWebHandlerAdapter - enableLoggingRequestDetails='false': form data and headers will be masked to prevent unsafe logging of potentially sensitive data
03:13:30.964 [Test worker] DEBUG o.s.w.t.h.s.r.b.UndertowHttpServer - Starting UndertowHttpServer...
03:13:30.964 [Test worker] INFO  i.undertow - starting server: Undertow - 2.1.3.Final
03:13:30.980 [Test worker] DEBUG o.s.w.t.h.s.r.b.UndertowHttpServer - Server started on port 53453(0 millis).
03:13:30.981 [Test worker] DEBUG o.s.w.c.RestTemplate - HTTP GET http://localhost:53453/default
03:13:30.981 [Test worker] DEBUG o.s.w.c.RestTemplate - Accept=[text/plain, application/json, application/x-jackson-smile, application/*+json, */*]
03:13:30.991 [XNIO-24 I/O-2] DEBUG o.s.w.s.a.HttpWebHandlerAdapter - [740a90af] HTTP GET "/default"
03:13:30.992 [XNIO-24 I/O-2] DEBUG o.s.w.r.r.m.a.RequestMappingHandlerMapping - [740a90af] Mapped to org.springframework.web.reactive.result.method.annotation.CrossOriginAnnotationIntegrationTests$MethodLevelController#defaultAnnotation()
03:13:30.993 [XNIO-24 I/O-2] DEBUG o.s.w.r.r.m.a.ResponseBodyResultHandler - Using 'text/plain;charset=UTF-8' given [text/plain, application/json, application/x-jackson-smile, application/*+json, */*] and supported [text/plain;charset=UTF-8, text/event-stream, text/plain;charset=UTF-8, */*]
03:13:30.993 [XNIO-24 I/O-2] DEBUG o.s.w.r.r.m.a.ResponseBodyResultHandler - [740a90af] 0..1 [java.lang.String]
03:13:30.993 [XNIO-24 I/O-2] DEBUG o.s.c.c.CharSequenceEncoder - [740a90af] Writing "default"
03:13:30.994 [XNIO-24 I/O-2] DEBUG o.s.w.s.a.HttpWebHandlerAdapter - [740a90af] Completed 200 OK
03:13:30.994 [Test worker] DEBUG o.s.w.c.RestTemplate - Response 200 OK
03:13:30.995 [Test worker] DEBUG o.s.w.c.RestTemplate - Reading to [java.lang.String] as "text/plain;charset=UTF-8"
03:13:30.995 [Test worker] DEBUG o.s.w.t.h.s.r.b.UndertowHttpServer - Stopping UndertowHttpServer...
03:13:30.995 [Test worker] INFO  i.undertow - stopping server: Undertow - 2.1.3.Final
03:13:30.997 [Test worker] DEBUG o.s.w.t.h.s.r.b.UndertowHttpServer - Server stopped (0 millis).
03:13:31.058 [Test worker] DEBUG o.s.w.r.r.m.a.RequestMappingHandlerMapping - 14 mappings in 'requestMappingHandlerMapping'
03:13:31.084 [Test worker] DEBUG o.s.w.r.r.m.a.ControllerMethodResolver - ControllerAdvice beans: none
03:13:31.116 [Test worker] DEBUG o.s.w.s.a.HttpWebHandlerAdapter - enableLoggingRequestDetails='false': form data and headers will be masked to prevent unsafe logging of potentially sensitive data
03:13:31.116 [Test worker] WARN  o.e.j.s.h.ContextHandler - Empty contextPath
03:13:31.117 [Test worker] INFO  o.e.j.s.h.ContextHandler - Started o.e.j.s.ServletContextHandler@1e19f075{/,null,AVAILABLE}
03:13:31.117 [Test worker] DEBUG o.s.w.t.h.s.r.b.JettyHttpServer - Starting JettyHttpServer...
03:13:31.117 [Test worker] INFO  o.e.j.s.Server - jetty-9.4.30.v20200611; built: 2020-06-11T12:34:51.929Z; git: 271836e4c1f4612f12b7bb13ef5a92a927634b0d; jvm 1.8.0_251-b08
03:13:31.122 [Test worker] INFO  o.e.j.s.AbstractConnector - Started ServerConnector@6ff395c7{HTTP/1.1, (http/1.1)}{0.0.0.0:53455}
03:13:31.122 [Test worker] INFO  o.e.j.s.Server - Started @127741ms
03:13:31.122 [Test worker] DEBUG o.s.w.t.h.s.r.b.JettyHttpServer - Server started on port 53455(0 millis).
03:13:31.122 [Test worker] DEBUG o.s.w.c.RestTemplate - HTTP OPTIONS http://localhost:53455/no
03:13:31.123 [Test worker] DEBUG o.s.w.c.RestTemplate - Accept=[text/plain, application/json, application/x-jackson-smile, application/*+json, */*]
03:13:31.127 [qtp312341646-1036] DEBUG o.s.w.s.a.HttpWebHandlerAdapter - [29442586] HTTP OPTIONS "/no"
03:13:31.131 [qtp312341646-1036] DEBUG o.s.w.r.r.m.a.RequestMappingHandlerMapping - [29442586] Mapped to org.springframework.web.reactive.result.method.RequestMappingInfoHandlerMapping$HttpOptionsHandler#handle()
03:13:31.133 [qtp312341646-1036] DEBUG o.s.w.s.a.HttpWebHandlerAdapter - [29442586] Completed 200 OK
03:13:31.134 [Test worker] DEBUG o.s.w.c.RestTemplate - Response 200 OK
03:13:31.134 [Test worker] DEBUG o.s.w.t.h.s.r.b.JettyHttpServer - Stopping JettyHttpServer...
03:13:31.134 [Test worker] INFO  o.e.j.s.h.ContextHandler - Stopped o.e.j.s.ServletContextHandler@1e19f075{/,null,UNAVAILABLE}
03:13:31.136 [Test worker] INFO  o.e.j.s.AbstractConnector - Stopped ServerConnector@6ff395c7{HTTP/1.1, (http/1.1)}{0.0.0.0:0}
03:13:31.137 [Test worker] DEBUG o.s.w.t.h.s.r.b.JettyHttpServer - Server stopped (0 millis).
03:13:31.233 [Test worker] DEBUG o.s.w.r.r.m.a.RequestMappingHandlerMapping - 14 mappings in 'requestMappingHandlerMapping'
03:13:31.270 [Test worker] DEBUG o.s.w.r.r.m.a.ControllerMethodResolver - ControllerAdvice beans: none
03:13:31.296 [Test worker] DEBUG o.s.w.s.a.HttpWebHandlerAdapter - enableLoggingRequestDetails='false': form data and headers will be masked to prevent unsafe logging of potentially sensitive data
03:13:31.297 [Test worker] DEBUG o.s.w.t.h.s.r.b.ReactorHttpServer - Starting ReactorHttpServer...
03:13:31.298 [Test worker] DEBUG o.s.w.t.h.s.r.b.ReactorHttpServer - Server started on port 53461(0 millis).
03:13:31.298 [Test worker] DEBUG o.s.w.c.RestTemplate - HTTP OPTIONS http://localhost:53461/no
03:13:31.298 [Test worker] DEBUG o.s.w.c.RestTemplate - Accept=[text/plain, application/json, application/x-jackson-smile, application/*+json, */*]
03:13:31.302 [reactor-http-nio-3] DEBUG o.s.w.s.a.HttpWebHandlerAdapter - [1ef2ea85-28] HTTP OPTIONS "/no"
03:13:31.303 [reactor-http-nio-3] DEBUG o.s.w.r.r.m.a.RequestMappingHandlerMapping - [1ef2ea85-28] Mapped to org.springframework.web.reactive.result.method.RequestMappingInfoHandlerMapping$HttpOptionsHandler#handle()
03:13:31.303 [reactor-http-nio-3] DEBUG o.s.w.s.a.HttpWebHandlerAdapter - [1ef2ea85-28] Completed 200 OK
03:13:31.304 [Test worker] DEBUG o.s.w.c.RestTemplate - Response 200 OK
03:13:31.305 [Test worker] DEBUG o.s.w.t.h.s.r.b.ReactorHttpServer - Stopping ReactorHttpServer...
03:13:31.305 [Test worker] DEBUG o.s.w.t.h.s.r.b.ReactorHttpServer - Server stopped (0 millis).
03:13:31.362 [Test worker] DEBUG o.s.w.r.r.m.a.RequestMappingHandlerMapping - 14 mappings in 'requestMappingHandlerMapping'
03:13:31.388 [Test worker] DEBUG o.s.w.r.r.m.a.ControllerMethodResolver - ControllerAdvice beans: none
03:13:31.411 [Test worker] DEBUG o.s.w.s.a.HttpWebHandlerAdapter - enableLoggingRequestDetails='false': form data and headers will be masked to prevent unsafe logging of potentially sensitive data
03:13:31.412 [Test worker] DEBUG o.s.w.t.h.s.r.b.TomcatHttpServer - Starting TomcatHttpServer...
03:13:31.426 [Test worker] DEBUG o.s.w.t.h.s.r.b.TomcatHttpServer - Server started on port 53463(0 millis).
03:13:31.427 [Test worker] DEBUG o.s.w.c.RestTemplate - HTTP OPTIONS http://localhost:53463/no
03:13:31.427 [Test worker] DEBUG o.s.w.c.RestTemplate - Accept=[text/plain, application/json, application/x-jackson-smile, application/*+json, */*]
03:13:31.448 [http-nio-auto-26-exec-1] DEBUG o.s.w.s.a.HttpWebHandlerAdapter - [59f3dc59] HTTP OPTIONS "/no"
03:13:31.449 [http-nio-auto-26-exec-1] DEBUG o.s.w.r.r.m.a.RequestMappingHandlerMapping - [59f3dc59] Mapped to org.springframework.web.reactive.result.method.RequestMappingInfoHandlerMapping$HttpOptionsHandler#handle()
03:13:31.449 [http-nio-auto-26-exec-1] DEBUG o.s.w.s.a.HttpWebHandlerAdapter - [59f3dc59] Completed 200 OK
03:13:31.450 [Test worker] DEBUG o.s.w.c.RestTemplate - Response 200 OK
03:13:31.450 [Test worker] DEBUG o.s.w.t.h.s.r.b.TomcatHttpServer - Stopping TomcatHttpServer...
03:13:31.942 [Test worker] DEBUG o.s.w.t.h.s.r.b.TomcatHttpServer - Server stopped (0 millis).
03:13:32.042 [Test worker] DEBUG o.s.w.r.r.m.a.RequestMappingHandlerMapping - 14 mappings in 'requestMappingHandlerMapping'
03:13:32.074 [Test worker] DEBUG o.s.w.r.r.m.a.ControllerMethodResolver - ControllerAdvice beans: none
03:13:32.101 [Test worker] DEBUG o.s.w.s.a.HttpWebHandlerAdapter - enableLoggingRequestDetails='false': form data and headers will be masked to prevent unsafe logging of potentially sensitive data
03:13:32.101 [Test worker] DEBUG o.s.w.t.h.s.r.b.UndertowHttpServer - Starting UndertowHttpServer...
03:13:32.102 [Test worker] INFO  i.undertow - starting server: Undertow - 2.1.3.Final
03:13:32.114 [Test worker] DEBUG o.s.w.t.h.s.r.b.UndertowHttpServer - Server started on port 53485(0 millis).
03:13:32.114 [Test worker] DEBUG o.s.w.c.RestTemplate - HTTP OPTIONS http://localhost:53485/no
03:13:32.114 [Test worker] DEBUG o.s.w.c.RestTemplate - Accept=[text/plain, application/json, application/x-jackson-smile, application/*+json, */*]
03:13:32.119 [XNIO-25 I/O-2] DEBUG o.s.w.s.a.HttpWebHandlerAdapter - [3cc012b] HTTP OPTIONS "/no"
03:13:32.119 [XNIO-25 I/O-2] DEBUG o.s.w.r.r.m.a.RequestMappingHandlerMapping - [3cc012b] Mapped to org.springframework.web.reactive.result.method.RequestMappingInfoHandlerMapping$HttpOptionsHandler#handle()
03:13:32.120 [XNIO-25 I/O-2] DEBUG o.s.w.s.a.HttpWebHandlerAdapter - [3cc012b] Completed 200 OK
03:13:32.120 [Test worker] DEBUG o.s.w.c.RestTemplate - Response 200 OK
03:13:32.121 [Test worker] DEBUG o.s.w.t.h.s.r.b.UndertowHttpServer - Stopping UndertowHttpServer...
03:13:32.121 [Test worker] INFO  i.undertow - stopping server: Undertow - 2.1.3.Final
03:13:32.123 [Test worker] DEBUG o.s.w.t.h.s.r.b.UndertowHttpServer - Server stopped (0 millis).
03:13:32.175 [Test worker] DEBUG o.s.w.r.r.m.a.RequestMappingHandlerMapping - 14 mappings in 'requestMappingHandlerMapping'
03:13:32.202 [Test worker] DEBUG o.s.w.r.r.m.a.ControllerMethodResolver - ControllerAdvice beans: none
03:13:32.224 [Test worker] DEBUG o.s.w.s.a.HttpWebHandlerAdapter - enableLoggingRequestDetails='false': form data and headers will be masked to prevent unsafe logging of potentially sensitive data
03:13:32.224 [Test worker] WARN  o.e.j.s.h.ContextHandler - Empty contextPath
03:13:32.225 [Test worker] INFO  o.e.j.s.h.ContextHandler - Started o.e.j.s.ServletContextHandler@519091b0{/,null,AVAILABLE}
03:13:32.225 [Test worker] DEBUG o.s.w.t.h.s.r.b.JettyHttpServer - Starting JettyHttpServer...
03:13:32.225 [Test worker] INFO  o.e.j.s.Server - jetty-9.4.30.v20200611; built: 2020-06-11T12:34:51.929Z; git: 271836e4c1f4612f12b7bb13ef5a92a927634b0d; jvm 1.8.0_251-b08
03:13:32.230 [Test worker] INFO  o.e.j.s.AbstractConnector - Started ServerConnector@1a78056b{HTTP/1.1, (http/1.1)}{0.0.0.0:53487}
03:13:32.230 [Test worker] INFO  o.e.j.s.Server - Started @128848ms
03:13:32.230 [Test worker] DEBUG o.s.w.t.h.s.r.b.JettyHttpServer - Server started on port 53487(0 millis).
03:13:32.232 [Test worker] DEBUG o.s.w.c.RestTemplate - HTTP POST http://localhost:53487/no
03:13:32.232 [Test worker] DEBUG o.s.w.c.RestTemplate - Accept=[text/plain, application/json, application/x-jackson-smile, application/*+json, */*]
03:13:32.237 [qtp945499461-1081] DEBUG o.s.w.s.a.HttpWebHandlerAdapter - [439edf8e] HTTP POST "/no"
03:13:32.237 [qtp945499461-1081] DEBUG o.s.w.r.r.m.a.RequestMappingHandlerMapping - [439edf8e] Mapped to org.springframework.web.reactive.result.method.annotation.CrossOriginAnnotationIntegrationTests$MethodLevelController#noAnnotationPost()
03:13:32.238 [qtp945499461-1081] DEBUG o.s.w.r.r.m.a.ResponseBodyResultHandler - Using 'text/plain;charset=UTF-8' given [text/plain, application/json, application/x-jackson-smile, application/*+json, */*] and supported [text/plain;charset=UTF-8, text/event-stream, text/plain;charset=UTF-8, */*]
03:13:32.238 [qtp945499461-1081] DEBUG o.s.w.r.r.m.a.ResponseBodyResultHandler - [439edf8e] 0..1 [java.lang.String]
03:13:32.238 [qtp945499461-1081] DEBUG o.s.c.c.CharSequenceEncoder - [439edf8e] Writing "no-post"
03:13:32.239 [Test worker] DEBUG o.s.w.c.RestTemplate - Response 200 OK
03:13:32.239 [Test worker] DEBUG o.s.w.c.RestTemplate - Reading to [java.lang.String] as "text/plain;charset=utf-8"
03:13:32.239 [qtp945499461-1081] DEBUG o.s.w.s.a.HttpWebHandlerAdapter - [439edf8e] Completed 200 OK
03:13:32.240 [Test worker] DEBUG o.s.w.t.h.s.r.b.JettyHttpServer - Stopping JettyHttpServer...
03:13:32.240 [Test worker] INFO  o.e.j.s.h.ContextHandler - Stopped o.e.j.s.ServletContextHandler@519091b0{/,null,UNAVAILABLE}
03:13:32.242 [Test worker] INFO  o.e.j.s.AbstractConnector - Stopped ServerConnector@1a78056b{HTTP/1.1, (http/1.1)}{0.0.0.0:0}
03:13:32.243 [Test worker] DEBUG o.s.w.t.h.s.r.b.JettyHttpServer - Server stopped (0 millis).
03:13:32.301 [Test worker] DEBUG o.s.w.r.r.m.a.RequestMappingHandlerMapping - 14 mappings in 'requestMappingHandlerMapping'
03:13:32.344 [Test worker] DEBUG o.s.w.r.r.m.a.ControllerMethodResolver - ControllerAdvice beans: none
03:13:32.377 [Test worker] DEBUG o.s.w.s.a.HttpWebHandlerAdapter - enableLoggingRequestDetails='false': form data and headers will be masked to prevent unsafe logging of potentially sensitive data
03:13:32.378 [Test worker] DEBUG o.s.w.t.h.s.r.b.ReactorHttpServer - Starting ReactorHttpServer...
03:13:32.379 [Test worker] DEBUG o.s.w.t.h.s.r.b.ReactorHttpServer - Server started on port 53493(0 millis).
03:13:32.379 [Test worker] DEBUG o.s.w.c.RestTemplate - HTTP POST http://localhost:53493/no
03:13:32.380 [Test worker] DEBUG o.s.w.c.RestTemplate - Accept=[text/plain, application/json, application/x-jackson-smile, application/*+json, */*]
03:13:32.384 [reactor-http-nio-1] DEBUG o.s.w.s.a.HttpWebHandlerAdapter - [89fb79e7-29] HTTP POST "/no"
03:13:32.384 [reactor-http-nio-1] DEBUG o.s.w.r.r.m.a.RequestMappingHandlerMapping - [89fb79e7-29] Mapped to org.springframework.web.reactive.result.method.annotation.CrossOriginAnnotationIntegrationTests$MethodLevelController#noAnnotationPost()
03:13:32.385 [reactor-http-nio-1] DEBUG o.s.w.r.r.m.a.ResponseBodyResultHandler - Using 'text/plain;charset=UTF-8' given [text/plain, application/json, application/x-jackson-smile, application/*+json, */*] and supported [text/plain;charset=UTF-8, text/event-stream, text/plain;charset=UTF-8, */*]
03:13:32.385 [reactor-http-nio-1] DEBUG o.s.w.r.r.m.a.ResponseBodyResultHandler - [89fb79e7-29] 0..1 [java.lang.String]
03:13:32.385 [reactor-http-nio-1] DEBUG o.s.c.c.CharSequenceEncoder - [89fb79e7-29] Writing "no-post"
03:13:32.387 [reactor-http-nio-1] DEBUG o.s.w.s.a.HttpWebHandlerAdapter - [89fb79e7-29] Completed 200 OK
03:13:32.387 [Test worker] DEBUG o.s.w.c.RestTemplate - Response 200 OK
03:13:32.387 [Test worker] DEBUG o.s.w.c.RestTemplate - Reading to [java.lang.String] as "text/plain;charset=UTF-8"
03:13:32.388 [Test worker] DEBUG o.s.w.t.h.s.r.b.ReactorHttpServer - Stopping ReactorHttpServer...
03:13:32.388 [Test worker] DEBUG o.s.w.t.h.s.r.b.ReactorHttpServer - Server stopped (0 millis).
03:13:32.473 [Test worker] DEBUG o.s.w.r.r.m.a.RequestMappingHandlerMapping - 14 mappings in 'requestMappingHandlerMapping'
03:13:32.526 [Test worker] DEBUG o.s.w.r.r.m.a.ControllerMethodResolver - ControllerAdvice beans: none
03:13:32.565 [Test worker] DEBUG o.s.w.s.a.HttpWebHandlerAdapter - enableLoggingRequestDetails='false': form data and headers will be masked to prevent unsafe logging of potentially sensitive data
03:13:32.567 [Test worker] DEBUG o.s.w.t.h.s.r.b.TomcatHttpServer - Starting TomcatHttpServer...
03:13:32.622 [Test worker] DEBUG o.s.w.t.h.s.r.b.TomcatHttpServer - Server started on port 53495(0 millis).
03:13:32.622 [Test worker] DEBUG o.s.w.c.RestTemplate - HTTP POST http://localhost:53495/no
03:13:32.622 [Test worker] DEBUG o.s.w.c.RestTemplate - Accept=[text/plain, application/json, application/x-jackson-smile, application/*+json, */*]
03:13:32.680 [http-nio-auto-27-exec-1] DEBUG o.s.w.s.a.HttpWebHandlerAdapter - [42e025c4] HTTP POST "/no"
03:13:32.680 [http-nio-auto-27-exec-1] DEBUG o.s.w.r.r.m.a.RequestMappingHandlerMapping - [42e025c4] Mapped to org.springframework.web.reactive.result.method.annotation.CrossOriginAnnotationIntegrationTests$MethodLevelController#noAnnotationPost()
03:13:32.681 [http-nio-auto-27-exec-1] DEBUG o.s.w.r.r.m.a.ResponseBodyResultHandler - Using 'text/plain;charset=UTF-8' given [text/plain, application/json, application/x-jackson-smile, application/*+json, */*] and supported [text/plain;charset=UTF-8, text/event-stream, text/plain;charset=UTF-8, */*]
03:13:32.681 [http-nio-auto-27-exec-1] DEBUG o.s.w.r.r.m.a.ResponseBodyResultHandler - [42e025c4] 0..1 [java.lang.String]
03:13:32.681 [http-nio-auto-27-exec-1] DEBUG o.s.c.c.CharSequenceEncoder - [42e025c4] Writing "no-post"
03:13:32.682 [http-nio-auto-27-exec-1] DEBUG o.s.w.s.a.HttpWebHandlerAdapter - [42e025c4] Completed 200 OK
03:13:32.682 [Test worker] DEBUG o.s.w.c.RestTemplate - Response 200 OK
03:13:32.682 [Test worker] DEBUG o.s.w.c.RestTemplate - Reading to [java.lang.String] as "text/plain;charset=UTF-8"
03:13:32.683 [Test worker] DEBUG o.s.w.t.h.s.r.b.TomcatHttpServer - Stopping TomcatHttpServer...
03:13:32.959 [Test worker] DEBUG o.s.w.t.h.s.r.b.TomcatHttpServer - Server stopped (0 millis).
03:13:33.104 [Test worker] DEBUG o.s.w.r.r.m.a.RequestMappingHandlerMapping - 14 mappings in 'requestMappingHandlerMapping'
03:13:33.146 [Test worker] DEBUG o.s.w.r.r.m.a.ControllerMethodResolver - ControllerAdvice beans: none
03:13:33.192 [Test worker] DEBUG o.s.w.s.a.HttpWebHandlerAdapter - enableLoggingRequestDetails='false': form data and headers will be masked to prevent unsafe logging of potentially sensitive data
03:13:33.192 [Test worker] DEBUG o.s.w.t.h.s.r.b.UndertowHttpServer - Starting UndertowHttpServer...
03:13:33.192 [Test worker] INFO  i.undertow - starting server: Undertow - 2.1.3.Final
03:13:33.209 [Test worker] DEBUG o.s.w.t.h.s.r.b.UndertowHttpServer - Server started on port 53513(0 millis).
03:13:33.209 [Test worker] DEBUG o.s.w.c.RestTemplate - HTTP POST http://localhost:53513/no
03:13:33.209 [Test worker] DEBUG o.s.w.c.RestTemplate - Accept=[text/plain, application/json, application/x-jackson-smile, application/*+json, */*]
03:13:33.219 [XNIO-26 I/O-2] DEBUG o.s.w.s.a.HttpWebHandlerAdapter - [529dd7cc] HTTP POST "/no"
03:13:33.220 [XNIO-26 I/O-2] DEBUG o.s.w.r.r.m.a.RequestMappingHandlerMapping - [529dd7cc] Mapped to org.springframework.web.reactive.result.method.annotation.CrossOriginAnnotationIntegrationTests$MethodLevelController#noAnnotationPost()
03:13:33.222 [XNIO-26 I/O-2] DEBUG o.s.w.r.r.m.a.ResponseBodyResultHandler - Using 'text/plain;charset=UTF-8' given [text/plain, application/json, application/x-jackson-smile, application/*+json, */*] and supported [text/plain;charset=UTF-8, text/event-stream, text/plain;charset=UTF-8, */*]
03:13:33.222 [XNIO-26 I/O-2] DEBUG o.s.w.r.r.m.a.ResponseBodyResultHandler - [529dd7cc] 0..1 [java.lang.String]
03:13:33.222 [XNIO-26 I/O-2] DEBUG o.s.c.c.CharSequenceEncoder - [529dd7cc] Writing "no-post"
03:13:33.223 [XNIO-26 I/O-2] DEBUG o.s.w.s.a.HttpWebHandlerAdapter - [529dd7cc] Completed 200 OK
03:13:33.223 [Test worker] DEBUG o.s.w.c.RestTemplate - Response 200 OK
03:13:33.223 [Test worker] DEBUG o.s.w.c.RestTemplate - Reading to [java.lang.String] as "text/plain;charset=UTF-8"
03:13:33.224 [Test worker] DEBUG o.s.w.t.h.s.r.b.UndertowHttpServer - Stopping UndertowHttpServer...
03:13:33.224 [Test worker] INFO  i.undertow - stopping server: Undertow - 2.1.3.Final
03:13:33.228 [Test worker] DEBUG o.s.w.t.h.s.r.b.UndertowHttpServer - Server stopped (0 millis).
]]></system-out>
  <system-err><![CDATA[]]></system-err>
</testsuite>
