<?xml version="1.0" encoding="UTF-8"?>
<testsuite name="org.springframework.web.reactive.result.method.annotation.ModelMethodArgumentResolverTests" tests="2" skipped="0" failures="0" errors="0" timestamp="2023-03-06T08:16:27" hostname="DESKTOP-VGJP1PJ" time="0.009">
  <properties/>
  <testcase name="resolveArgument()" classname="org.springframework.web.reactive.result.method.annotation.ModelMethodArgumentResolverTests" time="0.003"/>
  <testcase name="supportsParameter()" classname="org.springframework.web.reactive.result.method.annotation.ModelMethodArgumentResolverTests" time="0.005"/>
  <system-out><![CDATA[]]></system-out>
  <system-err><![CDATA[]]></system-err>
</testsuite>
