<?xml version="1.0" encoding="UTF-8"?>
<testsuite name="org.springframework.web.reactive.function.server.DispatcherHandlerIntegrationTests" tests="16" skipped="0" failures="0" errors="0" timestamp="2023-03-06T08:12:53" hostname="DESKTOP-VGJP1PJ" time="7.08">
  <properties/>
  <testcase name="flux(HttpServer)[1]" classname="org.springframework.web.reactive.function.server.DispatcherHandlerIntegrationTests" time="1.238"/>
  <testcase name="flux(HttpServer)[2]" classname="org.springframework.web.reactive.function.server.DispatcherHandlerIntegrationTests" time="1.358"/>
  <testcase name="flux(HttpServer)[3]" classname="org.springframework.web.reactive.function.server.DispatcherHandlerIntegrationTests" time="0.425"/>
  <testcase name="flux(HttpServer)[4]" classname="org.springframework.web.reactive.function.server.DispatcherHandlerIntegrationTests" time="0.841"/>
  <testcase name="mono(HttpServer)[1]" classname="org.springframework.web.reactive.function.server.DispatcherHandlerIntegrationTests" time="0.136"/>
  <testcase name="mono(HttpServer)[2]" classname="org.springframework.web.reactive.function.server.DispatcherHandlerIntegrationTests" time="0.065"/>
  <testcase name="mono(HttpServer)[3]" classname="org.springframework.web.reactive.function.server.DispatcherHandlerIntegrationTests" time="0.265"/>
  <testcase name="mono(HttpServer)[4]" classname="org.springframework.web.reactive.function.server.DispatcherHandlerIntegrationTests" time="0.101"/>
  <testcase name="attributes(HttpServer)[1]" classname="org.springframework.web.reactive.function.server.DispatcherHandlerIntegrationTests" time="0.098"/>
  <testcase name="attributes(HttpServer)[2]" classname="org.springframework.web.reactive.function.server.DispatcherHandlerIntegrationTests" time="0.059"/>
  <testcase name="attributes(HttpServer)[3]" classname="org.springframework.web.reactive.function.server.DispatcherHandlerIntegrationTests" time="0.373"/>
  <testcase name="attributes(HttpServer)[4]" classname="org.springframework.web.reactive.function.server.DispatcherHandlerIntegrationTests" time="0.102"/>
  <testcase name="controller(HttpServer)[1]" classname="org.springframework.web.reactive.function.server.DispatcherHandlerIntegrationTests" time="0.097"/>
  <testcase name="controller(HttpServer)[2]" classname="org.springframework.web.reactive.function.server.DispatcherHandlerIntegrationTests" time="0.077"/>
  <testcase name="controller(HttpServer)[3]" classname="org.springframework.web.reactive.function.server.DispatcherHandlerIntegrationTests" time="1.141"/>
  <testcase name="controller(HttpServer)[4]" classname="org.springframework.web.reactive.function.server.DispatcherHandlerIntegrationTests" time="0.251"/>
  <system-out><![CDATA[03:12:53.358 [Test worker] DEBUG o.s.w.r.r.m.a.RequestMappingHandlerMapping - 1 mappings in 'requestMappingHandlerMapping'
03:12:53.681 [Test worker] DEBUG o.s.w.r.f.s.s.RouterFunctionMapping - 3 RouterFunction(s) in 'routerFunctionMapping'
03:12:53.712 [Test worker] DEBUG o.s.w.r.r.m.a.ControllerMethodResolver - ControllerAdvice beans: none
03:12:54.181 [Test worker] DEBUG o.s.w.s.a.HttpWebHandlerAdapter - enableLoggingRequestDetails='false': form data and headers will be masked to prevent unsafe logging of potentially sensitive data
03:12:54.182 [Test worker] WARN  o.e.j.s.h.ContextHandler - Empty contextPath
03:12:54.183 [Test worker] INFO  o.e.j.s.h.ContextHandler - Started o.e.j.s.ServletContextHandler@2f70edf0{/,null,AVAILABLE}
03:12:54.183 [Test worker] DEBUG o.s.w.t.h.s.r.b.JettyHttpServer - Starting JettyHttpServer...
03:12:54.183 [Test worker] INFO  o.e.j.s.Server - jetty-9.4.30.v20200611; built: 2020-06-11T12:34:51.929Z; git: 271836e4c1f4612f12b7bb13ef5a92a927634b0d; jvm 1.8.0_251-b08
03:12:54.238 [Test worker] INFO  o.e.j.s.AbstractConnector - Started ServerConnector@7fca9c3e{HTTP/1.1, (http/1.1)}{0.0.0.0:52852}
03:12:54.238 [Test worker] INFO  o.e.j.s.Server - Started @90856ms
03:12:54.238 [Test worker] DEBUG o.s.w.t.h.s.r.b.JettyHttpServer - Server started on port 52852(0 millis).
03:12:54.323 [Test worker] DEBUG o.s.w.c.RestTemplate - HTTP GET http://localhost:52852/flux
03:12:54.330 [Test worker] DEBUG o.s.w.c.RestTemplate - Accept=[application/json, application/x-jackson-smile, application/*+json]
03:12:54.362 [qtp1329508059-185] DEBUG o.s.w.s.a.HttpWebHandlerAdapter - [68a60849] HTTP GET "/flux"
03:12:54.366 [qtp1329508059-185] DEBUG o.s.w.r.f.s.s.RouterFunctionMapping - [68a60849] Mapped to org.springframework.web.reactive.function.server.DispatcherHandlerIntegrationTests$TestConfiguration$$Lambda$1002/371916897@63b29daa
03:12:54.470 [qtp1329508059-185] DEBUG o.s.h.c.j.Jackson2JsonEncoder - [68a60849] Encoding [[Person{name='John'}, Person{name='Jane'}]]
03:12:54.478 [qtp1329508059-185] DEBUG o.s.w.s.a.HttpWebHandlerAdapter - [68a60849] Completed 200 OK
03:12:54.480 [Test worker] DEBUG o.s.w.c.RestTemplate - Response 200 OK
03:12:54.482 [Test worker] DEBUG o.s.w.c.RestTemplate - Reading to [java.util.List<org.springframework.web.reactive.function.server.DispatcherHandlerIntegrationTests$Person>]
03:12:54.495 [Test worker] DEBUG o.s.w.t.h.s.r.b.JettyHttpServer - Stopping JettyHttpServer...
03:12:54.495 [Test worker] INFO  o.e.j.s.h.ContextHandler - Stopped o.e.j.s.ServletContextHandler@2f70edf0{/,null,UNAVAILABLE}
03:12:54.500 [Test worker] INFO  o.e.j.s.AbstractConnector - Stopped ServerConnector@7fca9c3e{HTTP/1.1, (http/1.1)}{0.0.0.0:0}
03:12:54.502 [Test worker] DEBUG o.s.w.t.h.s.r.b.JettyHttpServer - Server stopped (0 millis).
03:12:54.546 [Test worker] DEBUG o.s.w.r.r.m.a.RequestMappingHandlerMapping - 1 mappings in 'requestMappingHandlerMapping'
03:12:54.563 [Test worker] DEBUG o.s.w.r.f.s.s.RouterFunctionMapping - 3 RouterFunction(s) in 'routerFunctionMapping'
03:12:55.747 [Test worker] DEBUG o.s.w.r.r.m.a.ControllerMethodResolver - ControllerAdvice beans: none
03:12:55.825 [Test worker] DEBUG o.s.w.s.a.HttpWebHandlerAdapter - enableLoggingRequestDetails='false': form data and headers will be masked to prevent unsafe logging of potentially sensitive data
03:12:55.825 [Test worker] DEBUG o.s.w.t.h.s.r.b.ReactorHttpServer - Starting ReactorHttpServer...
03:12:55.849 [Test worker] DEBUG o.s.w.t.h.s.r.b.ReactorHttpServer - Server started on port 52859(0 millis).
03:12:55.851 [Test worker] DEBUG o.s.w.c.RestTemplate - HTTP GET http://localhost:52859/flux
03:12:55.852 [Test worker] DEBUG o.s.w.c.RestTemplate - Accept=[application/json, application/x-jackson-smile, application/*+json]
03:12:55.867 [reactor-http-nio-3] DEBUG o.s.w.s.a.HttpWebHandlerAdapter - [f79688e3-4] HTTP GET "/flux"
03:12:55.868 [reactor-http-nio-3] DEBUG o.s.w.r.f.s.s.RouterFunctionMapping - [f79688e3-4] Mapped to org.springframework.web.reactive.function.server.DispatcherHandlerIntegrationTests$TestConfiguration$$Lambda$1002/371916897@1aa5432c
03:12:55.869 [reactor-http-nio-3] DEBUG o.s.h.c.j.Jackson2JsonEncoder - [f79688e3-4] Encoding [[Person{name='John'}, Person{name='Jane'}]]
03:12:55.871 [reactor-http-nio-3] DEBUG o.s.w.s.a.HttpWebHandlerAdapter - [f79688e3-4] Completed 200 OK
03:12:55.873 [Test worker] DEBUG o.s.w.c.RestTemplate - Response 200 OK
03:12:55.874 [Test worker] DEBUG o.s.w.c.RestTemplate - Reading to [java.util.List<org.springframework.web.reactive.function.server.DispatcherHandlerIntegrationTests$Person>]
03:12:55.875 [Test worker] DEBUG o.s.w.t.h.s.r.b.ReactorHttpServer - Stopping ReactorHttpServer...
03:12:55.881 [Test worker] DEBUG o.s.w.t.h.s.r.b.ReactorHttpServer - Server stopped (0 millis).
03:12:56.119 [Test worker] DEBUG o.s.w.r.r.m.a.RequestMappingHandlerMapping - 1 mappings in 'requestMappingHandlerMapping'
03:12:56.143 [Test worker] DEBUG o.s.w.r.f.s.s.RouterFunctionMapping - 3 RouterFunction(s) in 'routerFunctionMapping'
03:12:56.174 [Test worker] DEBUG o.s.w.r.r.m.a.ControllerMethodResolver - ControllerAdvice beans: none
03:12:56.207 [Test worker] DEBUG o.s.w.s.a.HttpWebHandlerAdapter - enableLoggingRequestDetails='false': form data and headers will be masked to prevent unsafe logging of potentially sensitive data
03:12:56.213 [Test worker] DEBUG o.s.w.t.h.s.r.b.TomcatHttpServer - Starting TomcatHttpServer...
03:12:56.230 [Test worker] DEBUG o.s.w.t.h.s.r.b.TomcatHttpServer - Server started on port 52861(0 millis).
03:12:56.231 [Test worker] DEBUG o.s.w.c.RestTemplate - HTTP GET http://localhost:52861/flux
03:12:56.232 [Test worker] DEBUG o.s.w.c.RestTemplate - Accept=[application/json, application/x-jackson-smile, application/*+json]
03:12:56.247 [http-nio-auto-4-exec-1] DEBUG o.s.w.s.a.HttpWebHandlerAdapter - [566cfe63] HTTP GET "/flux"
03:12:56.248 [http-nio-auto-4-exec-1] DEBUG o.s.w.r.f.s.s.RouterFunctionMapping - [566cfe63] Mapped to org.springframework.web.reactive.function.server.DispatcherHandlerIntegrationTests$TestConfiguration$$Lambda$1002/371916897@58ab0ade
03:12:56.249 [http-nio-auto-4-exec-1] DEBUG o.s.h.c.j.Jackson2JsonEncoder - [566cfe63] Encoding [[Person{name='John'}, Person{name='Jane'}]]
03:12:56.250 [http-nio-auto-4-exec-1] DEBUG o.s.w.s.a.HttpWebHandlerAdapter - [566cfe63] Completed 200 OK
03:12:56.252 [Test worker] DEBUG o.s.w.c.RestTemplate - Response 200 OK
03:12:56.252 [Test worker] DEBUG o.s.w.c.RestTemplate - Reading to [java.util.List<org.springframework.web.reactive.function.server.DispatcherHandlerIntegrationTests$Person>]
03:12:56.253 [Test worker] DEBUG o.s.w.t.h.s.r.b.TomcatHttpServer - Stopping TomcatHttpServer...
03:12:56.489 [Test worker] DEBUG o.s.w.t.h.s.r.b.TomcatHttpServer - Server stopped (0 millis).
03:12:56.665 [Test worker] DEBUG o.s.w.r.r.m.a.RequestMappingHandlerMapping - 1 mappings in 'requestMappingHandlerMapping'
03:12:56.712 [Test worker] DEBUG o.s.w.r.f.s.s.RouterFunctionMapping - 3 RouterFunction(s) in 'routerFunctionMapping'
03:12:56.763 [Test worker] DEBUG o.s.w.r.r.m.a.ControllerMethodResolver - ControllerAdvice beans: none
03:12:56.807 [Test worker] DEBUG o.s.w.s.a.HttpWebHandlerAdapter - enableLoggingRequestDetails='false': form data and headers will be masked to prevent unsafe logging of potentially sensitive data
03:12:56.807 [Test worker] DEBUG o.s.w.t.h.s.r.b.UndertowHttpServer - Starting UndertowHttpServer...
03:12:56.809 [Test worker] INFO  i.undertow - starting server: Undertow - 2.1.3.Final
03:12:56.820 [Test worker] DEBUG o.s.w.t.h.s.r.b.UndertowHttpServer - Server started on port 52878(0 millis).
03:12:56.821 [Test worker] DEBUG o.s.w.c.RestTemplate - HTTP GET http://localhost:52878/flux
03:12:56.822 [Test worker] DEBUG o.s.w.c.RestTemplate - Accept=[application/json, application/x-jackson-smile, application/*+json]
03:12:56.827 [XNIO-3 I/O-2] DEBUG o.s.w.s.a.HttpWebHandlerAdapter - [4498029d] HTTP GET "/flux"
03:12:56.828 [XNIO-3 I/O-2] DEBUG o.s.w.r.f.s.s.RouterFunctionMapping - [4498029d] Mapped to org.springframework.web.reactive.function.server.DispatcherHandlerIntegrationTests$TestConfiguration$$Lambda$1002/371916897@3a23e0c9
03:12:56.829 [XNIO-3 I/O-2] DEBUG o.s.h.c.j.Jackson2JsonEncoder - [4498029d] Encoding [[Person{name='John'}, Person{name='Jane'}]]
03:12:57.350 [XNIO-3 I/O-2] DEBUG o.s.w.s.a.HttpWebHandlerAdapter - [4498029d] Completed 200 OK
03:12:57.350 [Test worker] DEBUG o.s.w.c.RestTemplate - Response 200 OK
03:12:57.351 [Test worker] DEBUG o.s.w.c.RestTemplate - Reading to [java.util.List<org.springframework.web.reactive.function.server.DispatcherHandlerIntegrationTests$Person>]
03:12:57.353 [Test worker] DEBUG o.s.w.t.h.s.r.b.UndertowHttpServer - Stopping UndertowHttpServer...
03:12:57.353 [Test worker] INFO  i.undertow - stopping server: Undertow - 2.1.3.Final
03:12:57.357 [Test worker] DEBUG o.s.w.t.h.s.r.b.UndertowHttpServer - Server stopped (0 millis).
03:12:57.403 [Test worker] DEBUG o.s.w.r.r.m.a.RequestMappingHandlerMapping - 1 mappings in 'requestMappingHandlerMapping'
03:12:57.418 [Test worker] DEBUG o.s.w.r.f.s.s.RouterFunctionMapping - 3 RouterFunction(s) in 'routerFunctionMapping'
03:12:57.471 [Test worker] DEBUG o.s.w.r.r.m.a.ControllerMethodResolver - ControllerAdvice beans: none
03:12:57.489 [Test worker] DEBUG o.s.w.s.a.HttpWebHandlerAdapter - enableLoggingRequestDetails='false': form data and headers will be masked to prevent unsafe logging of potentially sensitive data
03:12:57.490 [Test worker] WARN  o.e.j.s.h.ContextHandler - Empty contextPath
03:12:57.490 [Test worker] INFO  o.e.j.s.h.ContextHandler - Started o.e.j.s.ServletContextHandler@6c4c57e8{/,null,AVAILABLE}
03:12:57.491 [Test worker] DEBUG o.s.w.t.h.s.r.b.JettyHttpServer - Starting JettyHttpServer...
03:12:57.491 [Test worker] INFO  o.e.j.s.Server - jetty-9.4.30.v20200611; built: 2020-06-11T12:34:51.929Z; git: 271836e4c1f4612f12b7bb13ef5a92a927634b0d; jvm 1.8.0_251-b08
03:12:57.499 [Test worker] INFO  o.e.j.s.AbstractConnector - Started ServerConnector@4212be2b{HTTP/1.1, (http/1.1)}{0.0.0.0:52880}
03:12:57.499 [Test worker] INFO  o.e.j.s.Server - Started @94117ms
03:12:57.499 [Test worker] DEBUG o.s.w.t.h.s.r.b.JettyHttpServer - Server started on port 52880(0 millis).
03:12:57.500 [Test worker] DEBUG o.s.w.c.RestTemplate - HTTP GET http://localhost:52880/mono
03:12:57.501 [Test worker] DEBUG o.s.w.c.RestTemplate - Accept=[application/json, application/x-jackson-smile, application/*+json]
03:12:57.505 [qtp919706819-220] DEBUG o.s.w.s.a.HttpWebHandlerAdapter - [4ce45ad8] HTTP GET "/mono"
03:12:57.505 [qtp919706819-220] DEBUG o.s.w.r.f.s.s.RouterFunctionMapping - [4ce45ad8] Mapped to org.springframework.web.reactive.function.server.DispatcherHandlerIntegrationTests$TestConfiguration$$Lambda$1001/713625522@4223ad34
03:12:57.507 [qtp919706819-220] DEBUG o.s.h.c.j.Jackson2JsonEncoder - [4ce45ad8] Encoding [Person{name='John'}]
03:12:57.508 [qtp919706819-220] DEBUG o.s.w.s.a.HttpWebHandlerAdapter - [4ce45ad8] Completed 200 OK
03:12:57.513 [Test worker] DEBUG o.s.w.c.RestTemplate - Response 200 OK
03:12:57.514 [Test worker] DEBUG o.s.w.c.RestTemplate - Reading to [org.springframework.web.reactive.function.server.DispatcherHandlerIntegrationTests$Person]
03:12:57.514 [Test worker] DEBUG o.s.w.t.h.s.r.b.JettyHttpServer - Stopping JettyHttpServer...
03:12:57.515 [Test worker] INFO  o.e.j.s.h.ContextHandler - Stopped o.e.j.s.ServletContextHandler@6c4c57e8{/,null,UNAVAILABLE}
03:12:57.518 [Test worker] INFO  o.e.j.s.AbstractConnector - Stopped ServerConnector@4212be2b{HTTP/1.1, (http/1.1)}{0.0.0.0:0}
03:12:57.520 [Test worker] DEBUG o.s.w.t.h.s.r.b.JettyHttpServer - Server stopped (0 millis).
03:12:57.548 [Test worker] DEBUG o.s.w.r.r.m.a.RequestMappingHandlerMapping - 1 mappings in 'requestMappingHandlerMapping'
03:12:57.556 [Test worker] DEBUG o.s.w.r.f.s.s.RouterFunctionMapping - 3 RouterFunction(s) in 'routerFunctionMapping'
03:12:57.573 [Test worker] DEBUG o.s.w.r.r.m.a.ControllerMethodResolver - ControllerAdvice beans: none
03:12:57.587 [Test worker] DEBUG o.s.w.s.a.HttpWebHandlerAdapter - enableLoggingRequestDetails='false': form data and headers will be masked to prevent unsafe logging of potentially sensitive data
03:12:57.587 [Test worker] DEBUG o.s.w.t.h.s.r.b.ReactorHttpServer - Starting ReactorHttpServer...
03:12:57.590 [Test worker] DEBUG o.s.w.t.h.s.r.b.ReactorHttpServer - Server started on port 52886(0 millis).
03:12:57.590 [Test worker] DEBUG o.s.w.c.RestTemplate - HTTP GET http://localhost:52886/mono
03:12:57.592 [Test worker] DEBUG o.s.w.c.RestTemplate - Accept=[application/json, application/x-jackson-smile, application/*+json]
03:12:57.595 [reactor-http-nio-1] DEBUG o.s.w.s.a.HttpWebHandlerAdapter - [a8a758bd-5] HTTP GET "/mono"
03:12:57.595 [reactor-http-nio-1] DEBUG o.s.w.r.f.s.s.RouterFunctionMapping - [a8a758bd-5] Mapped to org.springframework.web.reactive.function.server.DispatcherHandlerIntegrationTests$TestConfiguration$$Lambda$1001/713625522@648e2b92
03:12:57.596 [reactor-http-nio-1] DEBUG o.s.h.c.j.Jackson2JsonEncoder - [a8a758bd-5] Encoding [Person{name='John'}]
03:12:57.598 [Test worker] DEBUG o.s.w.c.RestTemplate - Response 200 OK
03:12:57.598 [Test worker] DEBUG o.s.w.c.RestTemplate - Reading to [org.springframework.web.reactive.function.server.DispatcherHandlerIntegrationTests$Person]
03:12:57.599 [reactor-http-nio-1] DEBUG o.s.w.s.a.HttpWebHandlerAdapter - [a8a758bd-5] Completed 200 OK
03:12:57.599 [Test worker] DEBUG o.s.w.t.h.s.r.b.ReactorHttpServer - Stopping ReactorHttpServer...
03:12:57.600 [Test worker] DEBUG o.s.w.t.h.s.r.b.ReactorHttpServer - Server stopped (0 millis).
03:12:57.625 [Test worker] DEBUG o.s.w.r.r.m.a.RequestMappingHandlerMapping - 1 mappings in 'requestMappingHandlerMapping'
03:12:57.637 [Test worker] DEBUG o.s.w.r.f.s.s.RouterFunctionMapping - 3 RouterFunction(s) in 'routerFunctionMapping'
03:12:57.653 [Test worker] DEBUG o.s.w.r.r.m.a.ControllerMethodResolver - ControllerAdvice beans: none
03:12:57.665 [Test worker] DEBUG o.s.w.s.a.HttpWebHandlerAdapter - enableLoggingRequestDetails='false': form data and headers will be masked to prevent unsafe logging of potentially sensitive data
03:12:57.666 [Test worker] DEBUG o.s.w.t.h.s.r.b.TomcatHttpServer - Starting TomcatHttpServer...
03:12:57.679 [Test worker] DEBUG o.s.w.t.h.s.r.b.TomcatHttpServer - Server started on port 52888(0 millis).
03:12:57.679 [Test worker] DEBUG o.s.w.c.RestTemplate - HTTP GET http://localhost:52888/mono
03:12:57.680 [Test worker] DEBUG o.s.w.c.RestTemplate - Accept=[application/json, application/x-jackson-smile, application/*+json]
03:12:57.690 [http-nio-auto-5-exec-1] DEBUG o.s.w.s.a.HttpWebHandlerAdapter - [2f4e53fd] HTTP GET "/mono"
03:12:57.691 [http-nio-auto-5-exec-1] DEBUG o.s.w.r.f.s.s.RouterFunctionMapping - [2f4e53fd] Mapped to org.springframework.web.reactive.function.server.DispatcherHandlerIntegrationTests$TestConfiguration$$Lambda$1001/713625522@2189a864
03:12:57.697 [http-nio-auto-5-exec-1] DEBUG o.s.h.c.j.Jackson2JsonEncoder - [2f4e53fd] Encoding [Person{name='John'}]
03:12:57.698 [http-nio-auto-5-exec-1] DEBUG o.s.w.s.a.HttpWebHandlerAdapter - [2f4e53fd] Completed 200 OK
03:12:57.698 [Test worker] DEBUG o.s.w.c.RestTemplate - Response 200 OK
03:12:57.698 [Test worker] DEBUG o.s.w.c.RestTemplate - Reading to [org.springframework.web.reactive.function.server.DispatcherHandlerIntegrationTests$Person]
03:12:57.700 [Test worker] DEBUG o.s.w.t.h.s.r.b.TomcatHttpServer - Stopping TomcatHttpServer...
03:12:57.877 [Test worker] DEBUG o.s.w.t.h.s.r.b.TomcatHttpServer - Server stopped (0 millis).
03:12:57.915 [Test worker] DEBUG o.s.w.r.r.m.a.RequestMappingHandlerMapping - 1 mappings in 'requestMappingHandlerMapping'
03:12:57.929 [Test worker] DEBUG o.s.w.r.f.s.s.RouterFunctionMapping - 3 RouterFunction(s) in 'routerFunctionMapping'
03:12:57.953 [Test worker] DEBUG o.s.w.r.r.m.a.ControllerMethodResolver - ControllerAdvice beans: none
03:12:57.971 [Test worker] DEBUG o.s.w.s.a.HttpWebHandlerAdapter - enableLoggingRequestDetails='false': form data and headers will be masked to prevent unsafe logging of potentially sensitive data
03:12:57.971 [Test worker] DEBUG o.s.w.t.h.s.r.b.UndertowHttpServer - Starting UndertowHttpServer...
03:12:57.971 [Test worker] INFO  i.undertow - starting server: Undertow - 2.1.3.Final
03:12:57.980 [Test worker] DEBUG o.s.w.t.h.s.r.b.UndertowHttpServer - Server started on port 52905(0 millis).
03:12:57.981 [Test worker] DEBUG o.s.w.c.RestTemplate - HTTP GET http://localhost:52905/mono
03:12:57.982 [Test worker] DEBUG o.s.w.c.RestTemplate - Accept=[application/json, application/x-jackson-smile, application/*+json]
03:12:57.984 [XNIO-4 I/O-2] DEBUG o.s.w.s.a.HttpWebHandlerAdapter - [90d403b] HTTP GET "/mono"
03:12:57.985 [XNIO-4 I/O-2] DEBUG o.s.w.r.f.s.s.RouterFunctionMapping - [90d403b] Mapped to org.springframework.web.reactive.function.server.DispatcherHandlerIntegrationTests$TestConfiguration$$Lambda$1001/713625522@7caaf6a
03:12:57.986 [XNIO-4 I/O-2] DEBUG o.s.h.c.j.Jackson2JsonEncoder - [90d403b] Encoding [Person{name='John'}]
03:12:57.987 [Test worker] DEBUG o.s.w.c.RestTemplate - Response 200 OK
03:12:57.987 [XNIO-4 I/O-2] DEBUG o.s.w.s.a.HttpWebHandlerAdapter - [90d403b] Completed 200 OK
03:12:57.987 [Test worker] DEBUG o.s.w.c.RestTemplate - Reading to [org.springframework.web.reactive.function.server.DispatcherHandlerIntegrationTests$Person]
03:12:57.988 [Test worker] DEBUG o.s.w.t.h.s.r.b.UndertowHttpServer - Stopping UndertowHttpServer...
03:12:57.988 [Test worker] INFO  i.undertow - stopping server: Undertow - 2.1.3.Final
03:12:57.992 [Test worker] DEBUG o.s.w.t.h.s.r.b.UndertowHttpServer - Server stopped (0 millis).
03:12:58.014 [Test worker] DEBUG o.s.w.r.r.m.a.RequestMappingHandlerMapping - 1 mappings in 'requestMappingHandlerMapping'
03:12:58.022 [Test worker] DEBUG o.s.w.r.f.s.s.RouterFunctionMapping - 3 RouterFunction(s) in 'routerFunctionMapping'
03:12:58.042 [Test worker] DEBUG o.s.w.r.r.m.a.ControllerMethodResolver - ControllerAdvice beans: none
03:12:58.064 [Test worker] DEBUG o.s.w.s.a.HttpWebHandlerAdapter - enableLoggingRequestDetails='false': form data and headers will be masked to prevent unsafe logging of potentially sensitive data
03:12:58.065 [Test worker] WARN  o.e.j.s.h.ContextHandler - Empty contextPath
03:12:58.066 [Test worker] INFO  o.e.j.s.h.ContextHandler - Started o.e.j.s.ServletContextHandler@5b3fc92d{/,null,AVAILABLE}
03:12:58.066 [Test worker] DEBUG o.s.w.t.h.s.r.b.JettyHttpServer - Starting JettyHttpServer...
03:12:58.066 [Test worker] INFO  o.e.j.s.Server - jetty-9.4.30.v20200611; built: 2020-06-11T12:34:51.929Z; git: 271836e4c1f4612f12b7bb13ef5a92a927634b0d; jvm 1.8.0_251-b08
03:12:58.074 [Test worker] INFO  o.e.j.s.AbstractConnector - Started ServerConnector@9965c{HTTP/1.1, (http/1.1)}{0.0.0.0:52908}
03:12:58.074 [Test worker] INFO  o.e.j.s.Server - Started @94692ms
03:12:58.074 [Test worker] DEBUG o.s.w.t.h.s.r.b.JettyHttpServer - Server started on port 52908(0 millis).
03:12:58.075 [Test worker] DEBUG o.s.w.c.RestTemplate - HTTP GET http://localhost:52908/attributes/bar
03:12:58.075 [Test worker] DEBUG o.s.w.c.RestTemplate - Accept=[text/plain, application/json, application/x-jackson-smile, application/*+json, */*]
03:12:58.079 [qtp2101754507-255] DEBUG o.s.w.s.a.HttpWebHandlerAdapter - [47184502] HTTP GET "/attributes/bar"
03:12:58.088 [qtp2101754507-255] DEBUG o.s.w.r.f.s.s.RouterFunctionMapping - [47184502] Mapped to org.springframework.web.reactive.function.server.DispatcherHandlerIntegrationTests$TestConfiguration$$Lambda$1003/1207258516@4a36762c
03:12:58.091 [qtp2101754507-255] DEBUG o.s.w.s.a.HttpWebHandlerAdapter - [47184502] Completed 200 OK
03:12:58.095 [Test worker] DEBUG o.s.w.c.RestTemplate - Response 200 OK
03:12:58.096 [Test worker] DEBUG o.s.w.t.h.s.r.b.JettyHttpServer - Stopping JettyHttpServer...
03:12:58.096 [Test worker] INFO  o.e.j.s.h.ContextHandler - Stopped o.e.j.s.ServletContextHandler@5b3fc92d{/,null,UNAVAILABLE}
03:12:58.099 [Test worker] INFO  o.e.j.s.AbstractConnector - Stopped ServerConnector@9965c{HTTP/1.1, (http/1.1)}{0.0.0.0:0}
03:12:58.102 [Test worker] DEBUG o.s.w.t.h.s.r.b.JettyHttpServer - Server stopped (0 millis).
03:12:58.131 [Test worker] DEBUG o.s.w.r.r.m.a.RequestMappingHandlerMapping - 1 mappings in 'requestMappingHandlerMapping'
03:12:58.140 [Test worker] DEBUG o.s.w.r.f.s.s.RouterFunctionMapping - 3 RouterFunction(s) in 'routerFunctionMapping'
03:12:58.154 [Test worker] DEBUG o.s.w.r.r.m.a.ControllerMethodResolver - ControllerAdvice beans: none
03:12:58.168 [Test worker] DEBUG o.s.w.s.a.HttpWebHandlerAdapter - enableLoggingRequestDetails='false': form data and headers will be masked to prevent unsafe logging of potentially sensitive data
03:12:58.168 [Test worker] DEBUG o.s.w.t.h.s.r.b.ReactorHttpServer - Starting ReactorHttpServer...
03:12:58.170 [Test worker] DEBUG o.s.w.t.h.s.r.b.ReactorHttpServer - Server started on port 52914(0 millis).
03:12:58.171 [Test worker] DEBUG o.s.w.c.RestTemplate - HTTP GET http://localhost:52914/attributes/bar
03:12:58.171 [Test worker] DEBUG o.s.w.c.RestTemplate - Accept=[text/plain, application/json, application/x-jackson-smile, application/*+json, */*]
03:12:58.175 [reactor-http-nio-3] DEBUG o.s.w.s.a.HttpWebHandlerAdapter - [c2d1d73a-6] HTTP GET "/attributes/bar"
03:12:58.175 [reactor-http-nio-3] DEBUG o.s.w.r.f.s.s.RouterFunctionMapping - [c2d1d73a-6] Mapped to org.springframework.web.reactive.function.server.DispatcherHandlerIntegrationTests$TestConfiguration$$Lambda$1003/1207258516@73ee5f9
03:12:58.175 [reactor-http-nio-3] DEBUG o.s.w.s.a.HttpWebHandlerAdapter - [c2d1d73a-6] Completed 200 OK
03:12:58.176 [Test worker] DEBUG o.s.w.c.RestTemplate - Response 200 OK
03:12:58.177 [Test worker] DEBUG o.s.w.t.h.s.r.b.ReactorHttpServer - Stopping ReactorHttpServer...
03:12:58.177 [Test worker] DEBUG o.s.w.t.h.s.r.b.ReactorHttpServer - Server stopped (0 millis).
03:12:58.204 [Test worker] DEBUG o.s.w.r.r.m.a.RequestMappingHandlerMapping - 1 mappings in 'requestMappingHandlerMapping'
03:12:58.213 [Test worker] DEBUG o.s.w.r.f.s.s.RouterFunctionMapping - 3 RouterFunction(s) in 'routerFunctionMapping'
03:12:58.232 [Test worker] DEBUG o.s.w.r.r.m.a.ControllerMethodResolver - ControllerAdvice beans: none
03:12:58.248 [Test worker] DEBUG o.s.w.s.a.HttpWebHandlerAdapter - enableLoggingRequestDetails='false': form data and headers will be masked to prevent unsafe logging of potentially sensitive data
03:12:58.249 [Test worker] DEBUG o.s.w.t.h.s.r.b.TomcatHttpServer - Starting TomcatHttpServer...
03:12:58.264 [Test worker] DEBUG o.s.w.t.h.s.r.b.TomcatHttpServer - Server started on port 52916(0 millis).
03:12:58.265 [Test worker] DEBUG o.s.w.c.RestTemplate - HTTP GET http://localhost:52916/attributes/bar
03:12:58.265 [Test worker] DEBUG o.s.w.c.RestTemplate - Accept=[text/plain, application/json, application/x-jackson-smile, application/*+json, */*]
03:12:58.275 [http-nio-auto-6-exec-1] DEBUG o.s.w.s.a.HttpWebHandlerAdapter - [674417c0] HTTP GET "/attributes/bar"
03:12:58.276 [http-nio-auto-6-exec-1] DEBUG o.s.w.r.f.s.s.RouterFunctionMapping - [674417c0] Mapped to org.springframework.web.reactive.function.server.DispatcherHandlerIntegrationTests$TestConfiguration$$Lambda$1003/1207258516@6983f558
03:12:58.276 [http-nio-auto-6-exec-1] DEBUG o.s.w.s.a.HttpWebHandlerAdapter - [674417c0] Completed 200 OK
03:12:58.277 [Test worker] DEBUG o.s.w.c.RestTemplate - Response 200 OK
03:12:58.278 [Test worker] DEBUG o.s.w.t.h.s.r.b.TomcatHttpServer - Stopping TomcatHttpServer...
03:12:58.565 [Test worker] DEBUG o.s.w.t.h.s.r.b.TomcatHttpServer - Server stopped (0 millis).
03:12:58.626 [Test worker] DEBUG o.s.w.r.r.m.a.RequestMappingHandlerMapping - 1 mappings in 'requestMappingHandlerMapping'
03:12:58.648 [Test worker] DEBUG o.s.w.r.f.s.s.RouterFunctionMapping - 3 RouterFunction(s) in 'routerFunctionMapping'
03:12:58.665 [Test worker] DEBUG o.s.w.r.r.m.a.ControllerMethodResolver - ControllerAdvice beans: none
03:12:58.684 [Test worker] DEBUG o.s.w.s.a.HttpWebHandlerAdapter - enableLoggingRequestDetails='false': form data and headers will be masked to prevent unsafe logging of potentially sensitive data
03:12:58.684 [Test worker] DEBUG o.s.w.t.h.s.r.b.UndertowHttpServer - Starting UndertowHttpServer...
03:12:58.684 [Test worker] INFO  i.undertow - starting server: Undertow - 2.1.3.Final
03:12:58.694 [Test worker] DEBUG o.s.w.t.h.s.r.b.UndertowHttpServer - Server started on port 52933(0 millis).
03:12:58.694 [Test worker] DEBUG o.s.w.c.RestTemplate - HTTP GET http://localhost:52933/attributes/bar
03:12:58.694 [Test worker] DEBUG o.s.w.c.RestTemplate - Accept=[text/plain, application/json, application/x-jackson-smile, application/*+json, */*]
03:12:58.701 [XNIO-5 I/O-1] DEBUG o.s.w.s.a.HttpWebHandlerAdapter - [378b4f50] HTTP GET "/attributes/bar"
03:12:58.701 [XNIO-5 I/O-1] DEBUG o.s.w.r.f.s.s.RouterFunctionMapping - [378b4f50] Mapped to org.springframework.web.reactive.function.server.DispatcherHandlerIntegrationTests$TestConfiguration$$Lambda$1003/1207258516@394ca7d1
03:12:58.702 [XNIO-5 I/O-1] DEBUG o.s.w.s.a.HttpWebHandlerAdapter - [378b4f50] Completed 200 OK
03:12:58.702 [Test worker] DEBUG o.s.w.c.RestTemplate - Response 200 OK
03:12:58.703 [Test worker] DEBUG o.s.w.t.h.s.r.b.UndertowHttpServer - Stopping UndertowHttpServer...
03:12:58.703 [Test worker] INFO  i.undertow - stopping server: Undertow - 2.1.3.Final
03:12:58.707 [Test worker] DEBUG o.s.w.t.h.s.r.b.UndertowHttpServer - Server stopped (0 millis).
03:12:58.736 [Test worker] DEBUG o.s.w.r.r.m.a.RequestMappingHandlerMapping - 1 mappings in 'requestMappingHandlerMapping'
03:12:58.748 [Test worker] DEBUG o.s.w.r.f.s.s.RouterFunctionMapping - 3 RouterFunction(s) in 'routerFunctionMapping'
03:12:58.766 [Test worker] DEBUG o.s.w.r.r.m.a.ControllerMethodResolver - ControllerAdvice beans: none
03:12:58.782 [Test worker] DEBUG o.s.w.s.a.HttpWebHandlerAdapter - enableLoggingRequestDetails='false': form data and headers will be masked to prevent unsafe logging of potentially sensitive data
03:12:58.783 [Test worker] WARN  o.e.j.s.h.ContextHandler - Empty contextPath
03:12:58.783 [Test worker] INFO  o.e.j.s.h.ContextHandler - Started o.e.j.s.ServletContextHandler@28d8a2cc{/,null,AVAILABLE}
03:12:58.784 [Test worker] DEBUG o.s.w.t.h.s.r.b.JettyHttpServer - Starting JettyHttpServer...
03:12:58.784 [Test worker] INFO  o.e.j.s.Server - jetty-9.4.30.v20200611; built: 2020-06-11T12:34:51.929Z; git: 271836e4c1f4612f12b7bb13ef5a92a927634b0d; jvm 1.8.0_251-b08
03:12:58.790 [Test worker] INFO  o.e.j.s.AbstractConnector - Started ServerConnector@a58931b{HTTP/1.1, (http/1.1)}{0.0.0.0:52935}
03:12:58.790 [Test worker] INFO  o.e.j.s.Server - Started @95408ms
03:12:58.791 [Test worker] DEBUG o.s.w.t.h.s.r.b.JettyHttpServer - Server started on port 52935(0 millis).
03:12:58.791 [Test worker] DEBUG o.s.w.c.RestTemplate - HTTP GET http://localhost:52935/controller
03:12:58.792 [Test worker] DEBUG o.s.w.c.RestTemplate - Accept=[application/json, application/x-jackson-smile, application/*+json]
03:12:58.795 [qtp577721024-295] DEBUG o.s.w.s.a.HttpWebHandlerAdapter - [470318d9] HTTP GET "/controller"
03:12:58.802 [qtp577721024-295] DEBUG o.s.w.r.r.m.a.RequestMappingHandlerMapping - [470318d9] Mapped to org.springframework.web.reactive.function.server.DispatcherHandlerIntegrationTests$PersonController#controller()
03:12:58.815 [qtp577721024-295] DEBUG o.s.w.r.r.m.a.ResponseBodyResultHandler - Using 'application/json' given [application/json, application/x-jackson-smile, application/*+json] and supported [application/json, application/*+json, application/x-jackson-smile, application/*+x-jackson-smile, text/event-stream]
03:12:58.815 [qtp577721024-295] DEBUG o.s.w.r.r.m.a.ResponseBodyResultHandler - [470318d9] 0..1 [org.springframework.web.reactive.function.server.DispatcherHandlerIntegrationTests$Person]
03:12:58.815 [qtp577721024-295] DEBUG o.s.h.c.j.Jackson2JsonEncoder - [470318d9] Encoding [Person{name='John'}]
03:12:58.816 [Test worker] DEBUG o.s.w.c.RestTemplate - Response 200 OK
03:12:58.816 [Test worker] DEBUG o.s.w.c.RestTemplate - Reading to [org.springframework.web.reactive.function.server.DispatcherHandlerIntegrationTests$Person]
03:12:58.817 [Test worker] DEBUG o.s.w.t.h.s.r.b.JettyHttpServer - Stopping JettyHttpServer...
03:12:58.817 [Test worker] INFO  o.e.j.s.h.ContextHandler - Stopped o.e.j.s.ServletContextHandler@28d8a2cc{/,null,UNAVAILABLE}
03:12:58.818 [qtp577721024-295] DEBUG o.s.w.s.a.HttpWebHandlerAdapter - [470318d9] Completed 200 OK
03:12:58.820 [Test worker] INFO  o.e.j.s.AbstractConnector - Stopped ServerConnector@a58931b{HTTP/1.1, (http/1.1)}{0.0.0.0:0}
03:12:58.822 [Test worker] DEBUG o.s.w.t.h.s.r.b.JettyHttpServer - Server stopped (0 millis).
03:12:58.845 [Test worker] DEBUG o.s.w.r.r.m.a.RequestMappingHandlerMapping - 1 mappings in 'requestMappingHandlerMapping'
03:12:58.856 [Test worker] DEBUG o.s.w.r.f.s.s.RouterFunctionMapping - 3 RouterFunction(s) in 'routerFunctionMapping'
03:12:58.874 [Test worker] DEBUG o.s.w.r.r.m.a.ControllerMethodResolver - ControllerAdvice beans: none
03:12:58.892 [Test worker] DEBUG o.s.w.s.a.HttpWebHandlerAdapter - enableLoggingRequestDetails='false': form data and headers will be masked to prevent unsafe logging of potentially sensitive data
03:12:58.893 [Test worker] DEBUG o.s.w.t.h.s.r.b.ReactorHttpServer - Starting ReactorHttpServer...
03:12:58.895 [Test worker] DEBUG o.s.w.t.h.s.r.b.ReactorHttpServer - Server started on port 52941(0 millis).
03:12:58.896 [Test worker] DEBUG o.s.w.c.RestTemplate - HTTP GET http://localhost:52941/controller
03:12:58.898 [Test worker] DEBUG o.s.w.c.RestTemplate - Accept=[application/json, application/x-jackson-smile, application/*+json]
03:12:58.902 [reactor-http-nio-1] DEBUG o.s.w.s.a.HttpWebHandlerAdapter - [ad218c65-7] HTTP GET "/controller"
03:12:58.903 [reactor-http-nio-1] DEBUG o.s.w.r.r.m.a.RequestMappingHandlerMapping - [ad218c65-7] Mapped to org.springframework.web.reactive.function.server.DispatcherHandlerIntegrationTests$PersonController#controller()
03:12:58.905 [reactor-http-nio-1] DEBUG o.s.w.r.r.m.a.ResponseBodyResultHandler - Using 'application/json' given [application/json, application/x-jackson-smile, application/*+json] and supported [application/json, application/*+json, application/x-jackson-smile, application/*+x-jackson-smile, text/event-stream]
03:12:58.905 [reactor-http-nio-1] DEBUG o.s.w.r.r.m.a.ResponseBodyResultHandler - [ad218c65-7] 0..1 [org.springframework.web.reactive.function.server.DispatcherHandlerIntegrationTests$Person]
03:12:58.905 [reactor-http-nio-1] DEBUG o.s.h.c.j.Jackson2JsonEncoder - [ad218c65-7] Encoding [Person{name='John'}]
03:12:58.906 [reactor-http-nio-1] DEBUG o.s.w.s.a.HttpWebHandlerAdapter - [ad218c65-7] Completed 200 OK
03:12:58.906 [Test worker] DEBUG o.s.w.c.RestTemplate - Response 200 OK
03:12:58.907 [Test worker] DEBUG o.s.w.c.RestTemplate - Reading to [org.springframework.web.reactive.function.server.DispatcherHandlerIntegrationTests$Person]
03:12:58.908 [Test worker] DEBUG o.s.w.t.h.s.r.b.ReactorHttpServer - Stopping ReactorHttpServer...
03:12:58.908 [Test worker] DEBUG o.s.w.t.h.s.r.b.ReactorHttpServer - Server stopped (0 millis).
03:12:58.936 [Test worker] DEBUG o.s.w.r.r.m.a.RequestMappingHandlerMapping - 1 mappings in 'requestMappingHandlerMapping'
03:12:58.946 [Test worker] DEBUG o.s.w.r.f.s.s.RouterFunctionMapping - 3 RouterFunction(s) in 'routerFunctionMapping'
03:12:58.961 [Test worker] DEBUG o.s.w.r.r.m.a.ControllerMethodResolver - ControllerAdvice beans: none
03:12:58.979 [Test worker] DEBUG o.s.w.s.a.HttpWebHandlerAdapter - enableLoggingRequestDetails='false': form data and headers will be masked to prevent unsafe logging of potentially sensitive data
03:12:58.980 [Test worker] DEBUG o.s.w.t.h.s.r.b.TomcatHttpServer - Starting TomcatHttpServer...
03:12:58.993 [Test worker] DEBUG o.s.w.t.h.s.r.b.TomcatHttpServer - Server started on port 52943(0 millis).
03:12:58.994 [Test worker] DEBUG o.s.w.c.RestTemplate - HTTP GET http://localhost:52943/controller
03:12:58.995 [Test worker] DEBUG o.s.w.c.RestTemplate - Accept=[application/json, application/x-jackson-smile, application/*+json]
03:12:59.002 [http-nio-auto-7-exec-1] DEBUG o.s.w.s.a.HttpWebHandlerAdapter - [559ab3fc] HTTP GET "/controller"
03:12:59.002 [http-nio-auto-7-exec-1] DEBUG o.s.w.r.r.m.a.RequestMappingHandlerMapping - [559ab3fc] Mapped to org.springframework.web.reactive.function.server.DispatcherHandlerIntegrationTests$PersonController#controller()
03:12:59.004 [http-nio-auto-7-exec-1] DEBUG o.s.w.r.r.m.a.ResponseBodyResultHandler - Using 'application/json' given [application/json, application/x-jackson-smile, application/*+json] and supported [application/json, application/*+json, application/x-jackson-smile, application/*+x-jackson-smile, text/event-stream]
03:12:59.004 [http-nio-auto-7-exec-1] DEBUG o.s.w.r.r.m.a.ResponseBodyResultHandler - [559ab3fc] 0..1 [org.springframework.web.reactive.function.server.DispatcherHandlerIntegrationTests$Person]
03:12:59.005 [http-nio-auto-7-exec-1] DEBUG o.s.h.c.j.Jackson2JsonEncoder - [559ab3fc] Encoding [Person{name='John'}]
03:12:59.006 [Test worker] DEBUG o.s.w.c.RestTemplate - Response 200 OK
03:12:59.006 [Test worker] DEBUG o.s.w.c.RestTemplate - Reading to [org.springframework.web.reactive.function.server.DispatcherHandlerIntegrationTests$Person]
03:12:59.007 [Test worker] DEBUG o.s.w.t.h.s.r.b.TomcatHttpServer - Stopping TomcatHttpServer...
03:12:59.007 [http-nio-auto-7-exec-1] DEBUG o.s.w.s.a.HttpWebHandlerAdapter - [559ab3fc] Completed 200 OK
03:13:00.063 [Test worker] DEBUG o.s.w.t.h.s.r.b.TomcatHttpServer - Server stopped (0 millis).
03:13:00.200 [Test worker] DEBUG o.s.w.r.r.m.a.RequestMappingHandlerMapping - 1 mappings in 'requestMappingHandlerMapping'
03:13:00.234 [Test worker] DEBUG o.s.w.r.f.s.s.RouterFunctionMapping - 3 RouterFunction(s) in 'routerFunctionMapping'
03:13:00.258 [Test worker] DEBUG o.s.w.r.r.m.a.ControllerMethodResolver - ControllerAdvice beans: none
03:13:00.306 [Test worker] DEBUG o.s.w.s.a.HttpWebHandlerAdapter - enableLoggingRequestDetails='false': form data and headers will be masked to prevent unsafe logging of potentially sensitive data
03:13:00.306 [Test worker] DEBUG o.s.w.t.h.s.r.b.UndertowHttpServer - Starting UndertowHttpServer...
03:13:00.306 [Test worker] INFO  i.undertow - starting server: Undertow - 2.1.3.Final
03:13:00.319 [Test worker] DEBUG o.s.w.t.h.s.r.b.UndertowHttpServer - Server started on port 52960(0 millis).
03:13:00.320 [Test worker] DEBUG o.s.w.c.RestTemplate - HTTP GET http://localhost:52960/controller
03:13:00.321 [Test worker] DEBUG o.s.w.c.RestTemplate - Accept=[application/json, application/x-jackson-smile, application/*+json]
03:13:00.332 [XNIO-6 I/O-1] DEBUG o.s.w.s.a.HttpWebHandlerAdapter - [7254af75] HTTP GET "/controller"
03:13:00.332 [XNIO-6 I/O-1] DEBUG o.s.w.r.r.m.a.RequestMappingHandlerMapping - [7254af75] Mapped to org.springframework.web.reactive.function.server.DispatcherHandlerIntegrationTests$PersonController#controller()
03:13:00.334 [XNIO-6 I/O-1] DEBUG o.s.w.r.r.m.a.ResponseBodyResultHandler - Using 'application/json' given [application/json, application/x-jackson-smile, application/*+json] and supported [application/json, application/*+json, application/x-jackson-smile, application/*+x-jackson-smile, text/event-stream]
03:13:00.335 [XNIO-6 I/O-1] DEBUG o.s.w.r.r.m.a.ResponseBodyResultHandler - [7254af75] 0..1 [org.springframework.web.reactive.function.server.DispatcherHandlerIntegrationTests$Person]
03:13:00.335 [XNIO-6 I/O-1] DEBUG o.s.h.c.j.Jackson2JsonEncoder - [7254af75] Encoding [Person{name='John'}]
03:13:00.336 [Test worker] DEBUG o.s.w.c.RestTemplate - Response 200 OK
03:13:00.336 [XNIO-6 I/O-1] DEBUG o.s.w.s.a.HttpWebHandlerAdapter - [7254af75] Completed 200 OK
03:13:00.337 [Test worker] DEBUG o.s.w.c.RestTemplate - Reading to [org.springframework.web.reactive.function.server.DispatcherHandlerIntegrationTests$Person]
03:13:00.338 [Test worker] DEBUG o.s.w.t.h.s.r.b.UndertowHttpServer - Stopping UndertowHttpServer...
03:13:00.338 [Test worker] INFO  i.undertow - stopping server: Undertow - 2.1.3.Final
03:13:00.343 [Test worker] DEBUG o.s.w.t.h.s.r.b.UndertowHttpServer - Server stopped (0 millis).
]]></system-out>
  <system-err><![CDATA[]]></system-err>
</testsuite>
