<?xml version="1.0" encoding="UTF-8"?>
<testsuite name="org.springframework.web.reactive.handler.WebFluxResponseStatusExceptionHandlerTests" tests="8" skipped="0" failures="0" errors="0" timestamp="2023-03-06T08:17:48" hostname="DESKTOP-VGJP1PJ" time="0.049">
  <properties/>
  <testcase name="handleNestedResponseStatusException()" classname="org.springframework.web.reactive.handler.WebFluxResponseStatusExceptionHandlerTests" time="0.004"/>
  <testcase name="unresolvedException()" classname="org.springframework.web.reactive.handler.WebFluxResponseStatusExceptionHandlerTests" time="0.001"/>
  <testcase name="handleResponseStatusExceptionWithHeaders()" classname="org.springframework.web.reactive.handler.WebFluxResponseStatusExceptionHandlerTests" time="0.004"/>
  <testcase name="handleMethodNotAllowed()" classname="org.springframework.web.reactive.handler.WebFluxResponseStatusExceptionHandlerTests" time="0.003"/>
  <testcase name="responseCommitted()" classname="org.springframework.web.reactive.handler.WebFluxResponseStatusExceptionHandlerTests" time="0.001"/>
  <testcase name="handleResponseStatusException()" classname="org.springframework.web.reactive.handler.WebFluxResponseStatusExceptionHandlerTests" time="0.001"/>
  <testcase name="handleAnnotatedException()" classname="org.springframework.web.reactive.handler.WebFluxResponseStatusExceptionHandlerTests" time="0.028"/>
  <testcase name="handleNestedAnnotatedException()" classname="org.springframework.web.reactive.handler.WebFluxResponseStatusExceptionHandlerTests" time="0.001"/>
  <system-out><![CDATA[03:17:48.710 [Test worker] DEBUG o.s.w.s.h.ResponseStatusExceptionHandler - [28692a4b] Resolved [Exception: org.springframework.web.server.ResponseStatusException: 400 BAD_REQUEST ""] for HTTP GET /
03:17:48.714 [Test worker] DEBUG o.s.w.s.h.ResponseStatusExceptionHandler - [1e2ea944] Resolved [NotAcceptableStatusException: 406 NOT_ACCEPTABLE "Could not find acceptable representation"] for HTTP GET /
03:17:48.719 [Test worker] DEBUG o.s.w.s.h.ResponseStatusExceptionHandler - [2f1c29d2] Resolved [MethodNotAllowedException: 405 METHOD_NOT_ALLOWED "Request method 'PATCH' not supported"] for HTTP GET /
03:17:48.725 [Test worker] DEBUG o.s.w.s.h.ResponseStatusExceptionHandler - [61077a3e] Resolved [ResponseStatusException: 400 BAD_REQUEST ""] for HTTP GET /
03:17:48.754 [Test worker] DEBUG o.s.w.s.h.ResponseStatusExceptionHandler - [6ea46fa3] Resolved [CustomException: null] for HTTP GET /
03:17:48.755 [Test worker] DEBUG o.s.w.s.h.ResponseStatusExceptionHandler - [12b622d0] Resolved [Exception: org.springframework.web.reactive.handler.WebFluxResponseStatusExceptionHandlerTests$CustomException] for HTTP GET /
]]></system-out>
  <system-err><![CDATA[]]></system-err>
</testsuite>
