<?xml version="1.0" encoding="UTF-8"?>
<testsuite name="org.springframework.web.reactive.result.view.RedirectViewTests" tests="9" skipped="0" failures="0" errors="0" timestamp="2023-03-06T08:14:26" hostname="DESKTOP-VGJP1PJ" time="0.031">
  <properties/>
  <testcase name="expandUriTemplateVariablesFromExchangeAttribute()" classname="org.springframework.web.reactive.result.view.RedirectViewTests" time="0.004"/>
  <testcase name="expandUriTemplateVariablesFromModel()" classname="org.springframework.web.reactive.result.view.RedirectViewTests" time="0.001"/>
  <testcase name="propagateQueryParams()" classname="org.springframework.web.reactive.result.view.RedirectViewTests" time="0.001"/>
  <testcase name="contextRelativeQueryParam()" classname="org.springframework.web.reactive.result.view.RedirectViewTests" time="0.003"/>
  <testcase name="contextRelative()" classname="org.springframework.web.reactive.result.view.RedirectViewTests" time="0.005"/>
  <testcase name="customStatusCode()" classname="org.springframework.web.reactive.result.view.RedirectViewTests" time="0.004"/>
  <testcase name="defaultStatusCode()" classname="org.springframework.web.reactive.result.view.RedirectViewTests" time="0.001"/>
  <testcase name="noUrlSet()" classname="org.springframework.web.reactive.result.view.RedirectViewTests" time="0.001"/>
  <testcase name="remoteHost()" classname="org.springframework.web.reactive.result.view.RedirectViewTests" time="0.005"/>
  <system-out><![CDATA[03:14:26.531 [Test worker] DEBUG o.s.w.r.r.v.RedirectView - [65f4917a] View [RedirectView], model {}
03:14:26.533 [Test worker] DEBUG o.s.w.r.r.v.RedirectView - [100ebf2b] View [RedirectView], model {foo=bar}
03:14:26.534 [Test worker] DEBUG o.s.w.r.r.v.RedirectView - [f1c2225] View [RedirectView], model {}
03:14:26.541 [Test worker] DEBUG o.s.w.r.r.v.RedirectView - [30a1c9b4] View [RedirectView], model {}
03:14:26.547 [Test worker] DEBUG o.s.w.r.r.v.RedirectView - [5533cf6c] View [RedirectView], model {}
03:14:26.552 [Test worker] DEBUG o.s.w.r.r.v.RedirectView - [b610c55] View [RedirectView], model {}
03:14:26.553 [Test worker] DEBUG o.s.w.r.r.v.RedirectView - [65820a16] View [RedirectView], model {}
]]></system-out>
  <system-err><![CDATA[]]></system-err>
</testsuite>
