<?xml version="1.0" encoding="UTF-8"?>
<testsuite name="org.springframework.web.reactive.result.method.annotation.GlobalCorsConfigIntegrationTests" tests="36" skipped="0" failures="0" errors="0" timestamp="2023-03-06T08:17:58" hostname="DESKTOP-VGJP1PJ" time="13.488">
  <properties/>
  <testcase name="actualRequestWithCorsEnabled(HttpServer)[1]" classname="org.springframework.web.reactive.result.method.annotation.GlobalCorsConfigIntegrationTests" time="0.993"/>
  <testcase name="actualRequestWithCorsEnabled(HttpServer)[2]" classname="org.springframework.web.reactive.result.method.annotation.GlobalCorsConfigIntegrationTests" time="0.641"/>
  <testcase name="actualRequestWithCorsEnabled(HttpServer)[3]" classname="org.springframework.web.reactive.result.method.annotation.GlobalCorsConfigIntegrationTests" time="0.5"/>
  <testcase name="actualRequestWithCorsEnabled(HttpServer)[4]" classname="org.springframework.web.reactive.result.method.annotation.GlobalCorsConfigIntegrationTests" time="0.154"/>
  <testcase name="actualRequestWithCorsRejected(HttpServer)[1]" classname="org.springframework.web.reactive.result.method.annotation.GlobalCorsConfigIntegrationTests" time="0.17"/>
  <testcase name="actualRequestWithCorsRejected(HttpServer)[2]" classname="org.springframework.web.reactive.result.method.annotation.GlobalCorsConfigIntegrationTests" time="0.227"/>
  <testcase name="actualRequestWithCorsRejected(HttpServer)[3]" classname="org.springframework.web.reactive.result.method.annotation.GlobalCorsConfigIntegrationTests" time="0.876"/>
  <testcase name="actualRequestWithCorsRejected(HttpServer)[4]" classname="org.springframework.web.reactive.result.method.annotation.GlobalCorsConfigIntegrationTests" time="0.36"/>
  <testcase name="preFlightRequestWithCorsEnabled(HttpServer)[1]" classname="org.springframework.web.reactive.result.method.annotation.GlobalCorsConfigIntegrationTests" time="0.255"/>
  <testcase name="preFlightRequestWithCorsEnabled(HttpServer)[2]" classname="org.springframework.web.reactive.result.method.annotation.GlobalCorsConfigIntegrationTests" time="0.347"/>
  <testcase name="preFlightRequestWithCorsEnabled(HttpServer)[3]" classname="org.springframework.web.reactive.result.method.annotation.GlobalCorsConfigIntegrationTests" time="0.785"/>
  <testcase name="preFlightRequestWithCorsEnabled(HttpServer)[4]" classname="org.springframework.web.reactive.result.method.annotation.GlobalCorsConfigIntegrationTests" time="0.145"/>
  <testcase name="preFlightRequestWithCorsRejected(HttpServer)[1]" classname="org.springframework.web.reactive.result.method.annotation.GlobalCorsConfigIntegrationTests" time="0.217"/>
  <testcase name="preFlightRequestWithCorsRejected(HttpServer)[2]" classname="org.springframework.web.reactive.result.method.annotation.GlobalCorsConfigIntegrationTests" time="0.138"/>
  <testcase name="preFlightRequestWithCorsRejected(HttpServer)[3]" classname="org.springframework.web.reactive.result.method.annotation.GlobalCorsConfigIntegrationTests" time="0.48"/>
  <testcase name="preFlightRequestWithCorsRejected(HttpServer)[4]" classname="org.springframework.web.reactive.result.method.annotation.GlobalCorsConfigIntegrationTests" time="0.164"/>
  <testcase name="actualRequestWithAmbiguousMapping(HttpServer)[1]" classname="org.springframework.web.reactive.result.method.annotation.GlobalCorsConfigIntegrationTests" time="0.216"/>
  <testcase name="actualRequestWithAmbiguousMapping(HttpServer)[2]" classname="org.springframework.web.reactive.result.method.annotation.GlobalCorsConfigIntegrationTests" time="0.136"/>
  <testcase name="actualRequestWithAmbiguousMapping(HttpServer)[3]" classname="org.springframework.web.reactive.result.method.annotation.GlobalCorsConfigIntegrationTests" time="0.428"/>
  <testcase name="actualRequestWithAmbiguousMapping(HttpServer)[4]" classname="org.springframework.web.reactive.result.method.annotation.GlobalCorsConfigIntegrationTests" time="0.145"/>
  <testcase name="preFlightRequestWithAmbiguousMapping(HttpServer)[1]" classname="org.springframework.web.reactive.result.method.annotation.GlobalCorsConfigIntegrationTests" time="0.314"/>
  <testcase name="preFlightRequestWithAmbiguousMapping(HttpServer)[2]" classname="org.springframework.web.reactive.result.method.annotation.GlobalCorsConfigIntegrationTests" time="0.236"/>
  <testcase name="preFlightRequestWithAmbiguousMapping(HttpServer)[3]" classname="org.springframework.web.reactive.result.method.annotation.GlobalCorsConfigIntegrationTests" time="0.979"/>
  <testcase name="preFlightRequestWithAmbiguousMapping(HttpServer)[4]" classname="org.springframework.web.reactive.result.method.annotation.GlobalCorsConfigIntegrationTests" time="0.356"/>
  <testcase name="preFlightRequestWithCorsRestricted(HttpServer)[1]" classname="org.springframework.web.reactive.result.method.annotation.GlobalCorsConfigIntegrationTests" time="0.174"/>
  <testcase name="preFlightRequestWithCorsRestricted(HttpServer)[2]" classname="org.springframework.web.reactive.result.method.annotation.GlobalCorsConfigIntegrationTests" time="0.214"/>
  <testcase name="preFlightRequestWithCorsRestricted(HttpServer)[3]" classname="org.springframework.web.reactive.result.method.annotation.GlobalCorsConfigIntegrationTests" time="0.689"/>
  <testcase name="preFlightRequestWithCorsRestricted(HttpServer)[4]" classname="org.springframework.web.reactive.result.method.annotation.GlobalCorsConfigIntegrationTests" time="0.135"/>
  <testcase name="actualRequestWithoutCorsEnabled(HttpServer)[1]" classname="org.springframework.web.reactive.result.method.annotation.GlobalCorsConfigIntegrationTests" time="0.196"/>
  <testcase name="actualRequestWithoutCorsEnabled(HttpServer)[2]" classname="org.springframework.web.reactive.result.method.annotation.GlobalCorsConfigIntegrationTests" time="0.106"/>
  <testcase name="actualRequestWithoutCorsEnabled(HttpServer)[3]" classname="org.springframework.web.reactive.result.method.annotation.GlobalCorsConfigIntegrationTests" time="0.424"/>
  <testcase name="actualRequestWithoutCorsEnabled(HttpServer)[4]" classname="org.springframework.web.reactive.result.method.annotation.GlobalCorsConfigIntegrationTests" time="0.319"/>
  <testcase name="preFlightRequestWithoutCorsEnabled(HttpServer)[1]" classname="org.springframework.web.reactive.result.method.annotation.GlobalCorsConfigIntegrationTests" time="0.108"/>
  <testcase name="preFlightRequestWithoutCorsEnabled(HttpServer)[2]" classname="org.springframework.web.reactive.result.method.annotation.GlobalCorsConfigIntegrationTests" time="0.186"/>
  <testcase name="preFlightRequestWithoutCorsEnabled(HttpServer)[3]" classname="org.springframework.web.reactive.result.method.annotation.GlobalCorsConfigIntegrationTests" time="0.649"/>
  <testcase name="preFlightRequestWithoutCorsEnabled(HttpServer)[4]" classname="org.springframework.web.reactive.result.method.annotation.GlobalCorsConfigIntegrationTests" time="0.241"/>
  <system-out><![CDATA[03:17:59.025 [Test worker] DEBUG o.s.w.r.r.m.a.RequestMappingHandlerMapping - 5 mappings in 'requestMappingHandlerMapping'
03:17:59.135 [Test worker] DEBUG o.s.w.r.r.m.a.ControllerMethodResolver - ControllerAdvice beans: none
03:17:59.274 [Test worker] DEBUG o.s.w.s.a.HttpWebHandlerAdapter - enableLoggingRequestDetails='false': form data and headers will be masked to prevent unsafe logging of potentially sensitive data
03:17:59.275 [Test worker] WARN  o.e.j.s.h.ContextHandler - Empty contextPath
03:17:59.276 [Test worker] INFO  o.e.j.s.h.ContextHandler - Started o.e.j.s.ServletContextHandler@5860d442{/,null,AVAILABLE}
03:17:59.277 [Test worker] DEBUG o.s.w.t.h.s.r.b.JettyHttpServer - Starting JettyHttpServer...
03:17:59.278 [Test worker] INFO  o.e.j.s.Server - jetty-9.4.30.v20200611; built: 2020-06-11T12:34:51.929Z; git: 271836e4c1f4612f12b7bb13ef5a92a927634b0d; jvm 1.8.0_251-b08
03:17:59.295 [Test worker] INFO  o.e.j.s.AbstractConnector - Started ServerConnector@3531299e{HTTP/1.1, (http/1.1)}{0.0.0.0:57752}
03:17:59.295 [Test worker] INFO  o.e.j.s.Server - Started @67734ms
03:17:59.296 [Test worker] DEBUG o.s.w.t.h.s.r.b.JettyHttpServer - Server started on port 57752(0 millis).
03:17:59.308 [Test worker] DEBUG o.s.w.c.RestTemplate - HTTP GET http://localhost:57752/cors
03:17:59.308 [Test worker] DEBUG o.s.w.c.RestTemplate - Accept=[text/plain, application/json, application/x-jackson-smile, application/*+json, */*]
03:17:59.486 [qtp722751623-1109] DEBUG o.s.w.s.a.HttpWebHandlerAdapter - [4c205520] HTTP GET "/cors"
03:17:59.487 [qtp722751623-1109] DEBUG o.s.w.r.r.m.a.RequestMappingHandlerMapping - [4c205520] Mapped to org.springframework.web.reactive.result.method.annotation.GlobalCorsConfigIntegrationTests$TestController#cors()
03:17:59.493 [qtp722751623-1109] DEBUG o.s.w.r.r.m.a.ResponseBodyResultHandler - Using 'text/plain;charset=UTF-8' given [text/plain, application/json, application/x-jackson-smile, application/*+json, */*] and supported [text/plain;charset=UTF-8, text/event-stream, text/plain;charset=UTF-8, */*]
03:17:59.494 [qtp722751623-1109] DEBUG o.s.w.r.r.m.a.ResponseBodyResultHandler - [4c205520] 0..1 [java.lang.String]
03:17:59.495 [qtp722751623-1109] DEBUG o.s.c.c.CharSequenceEncoder - [4c205520] Writing "cors"
03:17:59.496 [qtp722751623-1109] DEBUG o.s.w.s.a.HttpWebHandlerAdapter - [4c205520] Completed 200 OK
03:17:59.567 [Test worker] DEBUG o.s.w.c.RestTemplate - Response 200 OK
03:17:59.579 [Test worker] DEBUG o.s.w.c.RestTemplate - Reading to [java.lang.String] as "text/plain;charset=utf-8"
03:17:59.581 [Test worker] DEBUG o.s.w.t.h.s.r.b.JettyHttpServer - Stopping JettyHttpServer...
03:17:59.582 [Test worker] INFO  o.e.j.s.h.ContextHandler - Stopped o.e.j.s.ServletContextHandler@5860d442{/,null,UNAVAILABLE}
03:17:59.588 [Test worker] INFO  o.e.j.s.AbstractConnector - Stopped ServerConnector@3531299e{HTTP/1.1, (http/1.1)}{0.0.0.0:0}
03:17:59.619 [Test worker] DEBUG o.s.w.t.h.s.r.b.JettyHttpServer - Server stopped (0 millis).
03:17:59.852 [Test worker] DEBUG o.s.w.r.r.m.a.RequestMappingHandlerMapping - 5 mappings in 'requestMappingHandlerMapping'
03:17:59.955 [Test worker] DEBUG o.s.w.r.r.m.a.ControllerMethodResolver - ControllerAdvice beans: none
03:18:00.063 [Test worker] DEBUG o.s.w.s.a.HttpWebHandlerAdapter - enableLoggingRequestDetails='false': form data and headers will be masked to prevent unsafe logging of potentially sensitive data
03:18:00.063 [Test worker] DEBUG o.s.w.t.h.s.r.b.ReactorHttpServer - Starting ReactorHttpServer...
03:18:00.065 [Test worker] DEBUG o.s.w.t.h.s.r.b.ReactorHttpServer - Server started on port 57758(0 millis).
03:18:00.065 [Test worker] DEBUG o.s.w.c.RestTemplate - HTTP GET http://localhost:57758/cors
03:18:00.066 [Test worker] DEBUG o.s.w.c.RestTemplate - Accept=[text/plain, application/json, application/x-jackson-smile, application/*+json, */*]
03:18:00.265 [reactor-http-nio-2] DEBUG o.s.w.s.a.HttpWebHandlerAdapter - [437fb6d0-10] HTTP GET "/cors"
03:18:00.266 [reactor-http-nio-2] DEBUG o.s.w.r.r.m.a.RequestMappingHandlerMapping - [437fb6d0-10] Mapped to org.springframework.web.reactive.result.method.annotation.GlobalCorsConfigIntegrationTests$TestController#cors()
03:18:00.267 [reactor-http-nio-2] DEBUG o.s.w.r.r.m.a.ResponseBodyResultHandler - Using 'text/plain;charset=UTF-8' given [text/plain, application/json, application/x-jackson-smile, application/*+json, */*] and supported [text/plain;charset=UTF-8, text/event-stream, text/plain;charset=UTF-8, */*]
03:18:00.267 [reactor-http-nio-2] DEBUG o.s.w.r.r.m.a.ResponseBodyResultHandler - [437fb6d0-10] 0..1 [java.lang.String]
03:18:00.267 [reactor-http-nio-2] DEBUG o.s.c.c.CharSequenceEncoder - [437fb6d0-10] Writing "cors"
03:18:00.269 [reactor-http-nio-2] DEBUG o.s.w.s.a.HttpWebHandlerAdapter - [437fb6d0-10] Completed 200 OK
03:18:00.277 [Test worker] DEBUG o.s.w.c.RestTemplate - Response 200 OK
03:18:00.278 [Test worker] DEBUG o.s.w.c.RestTemplate - Reading to [java.lang.String] as "text/plain;charset=UTF-8"
03:18:00.278 [Test worker] DEBUG o.s.w.t.h.s.r.b.ReactorHttpServer - Stopping ReactorHttpServer...
03:18:00.280 [Test worker] DEBUG o.s.w.t.h.s.r.b.ReactorHttpServer - Server stopped (0 millis).
03:18:00.436 [Test worker] DEBUG o.s.w.r.r.m.a.RequestMappingHandlerMapping - 5 mappings in 'requestMappingHandlerMapping'
03:18:00.477 [Test worker] DEBUG o.s.w.r.r.m.a.ControllerMethodResolver - ControllerAdvice beans: none
03:18:00.509 [Test worker] DEBUG o.s.w.s.a.HttpWebHandlerAdapter - enableLoggingRequestDetails='false': form data and headers will be masked to prevent unsafe logging of potentially sensitive data
03:18:00.510 [Test worker] DEBUG o.s.w.t.h.s.r.b.TomcatHttpServer - Starting TomcatHttpServer...
03:18:00.539 [Test worker] DEBUG o.s.w.t.h.s.r.b.TomcatHttpServer - Server started on port 57760(0 millis).
03:18:00.539 [Test worker] DEBUG o.s.w.c.RestTemplate - HTTP GET http://localhost:57760/cors
03:18:00.540 [Test worker] DEBUG o.s.w.c.RestTemplate - Accept=[text/plain, application/json, application/x-jackson-smile, application/*+json, */*]
03:18:00.552 [http-nio-auto-9-exec-1] DEBUG o.s.w.s.a.HttpWebHandlerAdapter - [33122c5b] HTTP GET "/cors"
03:18:00.553 [http-nio-auto-9-exec-1] DEBUG o.s.w.r.r.m.a.RequestMappingHandlerMapping - [33122c5b] Mapped to org.springframework.web.reactive.result.method.annotation.GlobalCorsConfigIntegrationTests$TestController#cors()
03:18:00.558 [http-nio-auto-9-exec-1] DEBUG o.s.w.r.r.m.a.ResponseBodyResultHandler - Using 'text/plain;charset=UTF-8' given [text/plain, application/json, application/x-jackson-smile, application/*+json, */*] and supported [text/plain;charset=UTF-8, text/event-stream, text/plain;charset=UTF-8, */*]
03:18:00.558 [http-nio-auto-9-exec-1] DEBUG o.s.w.r.r.m.a.ResponseBodyResultHandler - [33122c5b] 0..1 [java.lang.String]
03:18:00.559 [http-nio-auto-9-exec-1] DEBUG o.s.c.c.CharSequenceEncoder - [33122c5b] Writing "cors"
03:18:00.562 [http-nio-auto-9-exec-1] DEBUG o.s.w.s.a.HttpWebHandlerAdapter - [33122c5b] Completed 200 OK
03:18:00.566 [Test worker] DEBUG o.s.w.c.RestTemplate - Response 200 OK
03:18:00.567 [Test worker] DEBUG o.s.w.c.RestTemplate - Reading to [java.lang.String] as "text/plain;charset=UTF-8"
03:18:00.568 [Test worker] DEBUG o.s.w.t.h.s.r.b.TomcatHttpServer - Stopping TomcatHttpServer...
03:18:00.801 [Test worker] DEBUG o.s.w.t.h.s.r.b.TomcatHttpServer - Server stopped (0 millis).
03:18:00.855 [Test worker] DEBUG o.s.w.r.r.m.a.RequestMappingHandlerMapping - 5 mappings in 'requestMappingHandlerMapping'
03:18:00.887 [Test worker] DEBUG o.s.w.r.r.m.a.ControllerMethodResolver - ControllerAdvice beans: none
03:18:00.923 [Test worker] DEBUG o.s.w.s.a.HttpWebHandlerAdapter - enableLoggingRequestDetails='false': form data and headers will be masked to prevent unsafe logging of potentially sensitive data
03:18:00.923 [Test worker] DEBUG o.s.w.t.h.s.r.b.UndertowHttpServer - Starting UndertowHttpServer...
03:18:00.923 [Test worker] INFO  i.undertow - starting server: Undertow - 2.1.3.Final
03:18:00.933 [Test worker] DEBUG o.s.w.t.h.s.r.b.UndertowHttpServer - Server started on port 57778(0 millis).
03:18:00.933 [Test worker] DEBUG o.s.w.c.RestTemplate - HTTP GET http://localhost:57778/cors
03:18:00.933 [Test worker] DEBUG o.s.w.c.RestTemplate - Accept=[text/plain, application/json, application/x-jackson-smile, application/*+json, */*]
03:18:00.950 [XNIO-8 I/O-4] DEBUG o.s.w.s.a.HttpWebHandlerAdapter - [7fd3f0b8] HTTP GET "/cors"
03:18:00.951 [XNIO-8 I/O-4] DEBUG o.s.w.r.r.m.a.RequestMappingHandlerMapping - [7fd3f0b8] Mapped to org.springframework.web.reactive.result.method.annotation.GlobalCorsConfigIntegrationTests$TestController#cors()
03:18:00.955 [XNIO-8 I/O-4] DEBUG o.s.w.r.r.m.a.ResponseBodyResultHandler - Using 'text/plain;charset=UTF-8' given [text/plain, application/json, application/x-jackson-smile, application/*+json, */*] and supported [text/plain;charset=UTF-8, text/event-stream, text/plain;charset=UTF-8, */*]
03:18:00.955 [XNIO-8 I/O-4] DEBUG o.s.w.r.r.m.a.ResponseBodyResultHandler - [7fd3f0b8] 0..1 [java.lang.String]
03:18:00.955 [XNIO-8 I/O-4] DEBUG o.s.c.c.CharSequenceEncoder - [7fd3f0b8] Writing "cors"
03:18:00.956 [XNIO-8 I/O-4] DEBUG o.s.w.s.a.HttpWebHandlerAdapter - [7fd3f0b8] Completed 200 OK
03:18:00.957 [Test worker] DEBUG o.s.w.c.RestTemplate - Response 200 OK
03:18:00.957 [Test worker] DEBUG o.s.w.c.RestTemplate - Reading to [java.lang.String] as "text/plain;charset=UTF-8"
03:18:00.957 [Test worker] DEBUG o.s.w.t.h.s.r.b.UndertowHttpServer - Stopping UndertowHttpServer...
03:18:00.957 [Test worker] INFO  i.undertow - stopping server: Undertow - 2.1.3.Final
03:18:00.968 [Test worker] DEBUG o.s.w.t.h.s.r.b.UndertowHttpServer - Server stopped (0 millis).
03:18:01.044 [Test worker] DEBUG o.s.w.r.r.m.a.RequestMappingHandlerMapping - 5 mappings in 'requestMappingHandlerMapping'
03:18:01.087 [Test worker] DEBUG o.s.w.r.r.m.a.ControllerMethodResolver - ControllerAdvice beans: none
03:18:01.122 [Test worker] DEBUG o.s.w.s.a.HttpWebHandlerAdapter - enableLoggingRequestDetails='false': form data and headers will be masked to prevent unsafe logging of potentially sensitive data
03:18:01.122 [Test worker] WARN  o.e.j.s.h.ContextHandler - Empty contextPath
03:18:01.122 [Test worker] INFO  o.e.j.s.h.ContextHandler - Started o.e.j.s.ServletContextHandler@1aada9bc{/,null,AVAILABLE}
03:18:01.123 [Test worker] DEBUG o.s.w.t.h.s.r.b.JettyHttpServer - Starting JettyHttpServer...
03:18:01.123 [Test worker] INFO  o.e.j.s.Server - jetty-9.4.30.v20200611; built: 2020-06-11T12:34:51.929Z; git: 271836e4c1f4612f12b7bb13ef5a92a927634b0d; jvm 1.8.0_251-b08
03:18:01.127 [Test worker] INFO  o.e.j.s.AbstractConnector - Started ServerConnector@b99ebee{HTTP/1.1, (http/1.1)}{0.0.0.0:57780}
03:18:01.127 [Test worker] INFO  o.e.j.s.Server - Started @69565ms
03:18:01.127 [Test worker] DEBUG o.s.w.t.h.s.r.b.JettyHttpServer - Server started on port 57780(0 millis).
03:18:01.127 [Test worker] DEBUG o.s.w.c.RestTemplate - HTTP GET http://localhost:57780/cors-restricted
03:18:01.128 [Test worker] DEBUG o.s.w.c.RestTemplate - Accept=[text/plain, application/json, application/x-jackson-smile, application/*+json, */*]
03:18:01.131 [qtp919920896-1150] DEBUG o.s.w.s.a.HttpWebHandlerAdapter - [2b81e84] HTTP GET "/cors-restricted"
03:18:01.132 [qtp919920896-1150] DEBUG o.s.w.r.r.m.a.RequestMappingHandlerMapping - [2b81e84] Mapped to org.springframework.web.reactive.result.method.annotation.GlobalCorsConfigIntegrationTests$TestController#corsRestricted()
03:18:01.132 [qtp919920896-1150] DEBUG o.s.w.c.r.DefaultCorsProcessor - Reject: 'http://localhost:9000' origin is not allowed
03:18:01.132 [qtp919920896-1150] DEBUG o.s.w.s.a.HttpWebHandlerAdapter - [2b81e84] Completed 403 FORBIDDEN
03:18:01.133 [Test worker] DEBUG o.s.w.c.RestTemplate - Response 403 FORBIDDEN
03:18:01.143 [Test worker] DEBUG o.s.w.t.h.s.r.b.JettyHttpServer - Stopping JettyHttpServer...
03:18:01.143 [Test worker] INFO  o.e.j.s.h.ContextHandler - Stopped o.e.j.s.ServletContextHandler@1aada9bc{/,null,UNAVAILABLE}
03:18:01.148 [Test worker] INFO  o.e.j.s.AbstractConnector - Stopped ServerConnector@b99ebee{HTTP/1.1, (http/1.1)}{0.0.0.0:0}
03:18:01.166 [Test worker] DEBUG o.s.w.t.h.s.r.b.JettyHttpServer - Server stopped (0 millis).
03:18:01.303 [Test worker] DEBUG o.s.w.r.r.m.a.RequestMappingHandlerMapping - 5 mappings in 'requestMappingHandlerMapping'
03:18:01.387 [Test worker] DEBUG o.s.w.r.r.m.a.ControllerMethodResolver - ControllerAdvice beans: none
03:18:01.422 [Test worker] DEBUG o.s.w.s.a.HttpWebHandlerAdapter - enableLoggingRequestDetails='false': form data and headers will be masked to prevent unsafe logging of potentially sensitive data
03:18:01.422 [Test worker] DEBUG o.s.w.t.h.s.r.b.ReactorHttpServer - Starting ReactorHttpServer...
03:18:01.424 [Test worker] DEBUG o.s.w.t.h.s.r.b.ReactorHttpServer - Server started on port 57786(0 millis).
03:18:01.425 [Test worker] DEBUG o.s.w.c.RestTemplate - HTTP GET http://localhost:57786/cors-restricted
03:18:01.425 [Test worker] DEBUG o.s.w.c.RestTemplate - Accept=[text/plain, application/json, application/x-jackson-smile, application/*+json, */*]
03:18:01.432 [reactor-http-nio-4] DEBUG o.s.w.s.a.HttpWebHandlerAdapter - [e1483350-11] HTTP GET "/cors-restricted"
03:18:01.432 [reactor-http-nio-4] DEBUG o.s.w.r.r.m.a.RequestMappingHandlerMapping - [e1483350-11] Mapped to org.springframework.web.reactive.result.method.annotation.GlobalCorsConfigIntegrationTests$TestController#corsRestricted()
03:18:01.432 [reactor-http-nio-4] DEBUG o.s.w.c.r.DefaultCorsProcessor - Reject: 'http://localhost:9000' origin is not allowed
03:18:01.432 [reactor-http-nio-4] DEBUG o.s.w.s.a.HttpWebHandlerAdapter - [e1483350-11] Completed 403 FORBIDDEN
03:18:01.434 [Test worker] DEBUG o.s.w.c.RestTemplate - Response 403 FORBIDDEN
03:18:01.434 [Test worker] DEBUG o.s.w.t.h.s.r.b.ReactorHttpServer - Stopping ReactorHttpServer...
03:18:01.435 [Test worker] DEBUG o.s.w.t.h.s.r.b.ReactorHttpServer - Server stopped (0 millis).
03:18:01.597 [Test worker] DEBUG o.s.w.r.r.m.a.RequestMappingHandlerMapping - 5 mappings in 'requestMappingHandlerMapping'
03:18:01.711 [Test worker] DEBUG o.s.w.r.r.m.a.ControllerMethodResolver - ControllerAdvice beans: none
03:18:01.773 [Test worker] DEBUG o.s.w.s.a.HttpWebHandlerAdapter - enableLoggingRequestDetails='false': form data and headers will be masked to prevent unsafe logging of potentially sensitive data
03:18:01.783 [Test worker] DEBUG o.s.w.t.h.s.r.b.TomcatHttpServer - Starting TomcatHttpServer...
03:18:01.821 [Test worker] DEBUG o.s.w.t.h.s.r.b.TomcatHttpServer - Server started on port 57788(0 millis).
03:18:01.821 [Test worker] DEBUG o.s.w.c.RestTemplate - HTTP GET http://localhost:57788/cors-restricted
03:18:01.822 [Test worker] DEBUG o.s.w.c.RestTemplate - Accept=[text/plain, application/json, application/x-jackson-smile, application/*+json, */*]
03:18:01.889 [http-nio-auto-10-exec-1] DEBUG o.s.w.s.a.HttpWebHandlerAdapter - [75c9e34d] HTTP GET "/cors-restricted"
03:18:01.890 [http-nio-auto-10-exec-1] DEBUG o.s.w.r.r.m.a.RequestMappingHandlerMapping - [75c9e34d] Mapped to org.springframework.web.reactive.result.method.annotation.GlobalCorsConfigIntegrationTests$TestController#corsRestricted()
03:18:01.890 [http-nio-auto-10-exec-1] DEBUG o.s.w.c.r.DefaultCorsProcessor - Reject: 'http://localhost:9000' origin is not allowed
03:18:01.890 [http-nio-auto-10-exec-1] DEBUG o.s.w.s.a.HttpWebHandlerAdapter - [75c9e34d] Completed 403 FORBIDDEN
03:18:01.893 [Test worker] DEBUG o.s.w.c.RestTemplate - Response 403 FORBIDDEN
03:18:01.894 [Test worker] DEBUG o.s.w.t.h.s.r.b.TomcatHttpServer - Stopping TomcatHttpServer...
03:18:02.350 [Test worker] DEBUG o.s.w.t.h.s.r.b.TomcatHttpServer - Server stopped (0 millis).
03:18:02.447 [Test worker] DEBUG o.s.w.r.r.m.a.RequestMappingHandlerMapping - 5 mappings in 'requestMappingHandlerMapping'
03:18:02.615 [Test worker] DEBUG o.s.w.r.r.m.a.ControllerMethodResolver - ControllerAdvice beans: none
03:18:02.699 [Test worker] DEBUG o.s.w.s.a.HttpWebHandlerAdapter - enableLoggingRequestDetails='false': form data and headers will be masked to prevent unsafe logging of potentially sensitive data
03:18:02.699 [Test worker] DEBUG o.s.w.t.h.s.r.b.UndertowHttpServer - Starting UndertowHttpServer...
03:18:02.699 [Test worker] INFO  i.undertow - starting server: Undertow - 2.1.3.Final
03:18:02.709 [Test worker] DEBUG o.s.w.t.h.s.r.b.UndertowHttpServer - Server started on port 57805(0 millis).
03:18:02.710 [Test worker] DEBUG o.s.w.c.RestTemplate - HTTP GET http://localhost:57805/cors-restricted
03:18:02.710 [Test worker] DEBUG o.s.w.c.RestTemplate - Accept=[text/plain, application/json, application/x-jackson-smile, application/*+json, */*]
03:18:02.717 [XNIO-9 I/O-4] DEBUG o.s.w.s.a.HttpWebHandlerAdapter - [4f91f97a] HTTP GET "/cors-restricted"
03:18:02.717 [XNIO-9 I/O-4] DEBUG o.s.w.r.r.m.a.RequestMappingHandlerMapping - [4f91f97a] Mapped to org.springframework.web.reactive.result.method.annotation.GlobalCorsConfigIntegrationTests$TestController#corsRestricted()
03:18:02.718 [XNIO-9 I/O-4] DEBUG o.s.w.c.r.DefaultCorsProcessor - Reject: 'http://localhost:9000' origin is not allowed
03:18:02.718 [XNIO-9 I/O-4] DEBUG o.s.w.s.a.HttpWebHandlerAdapter - [4f91f97a] Completed 403 FORBIDDEN
03:18:02.718 [Test worker] DEBUG o.s.w.c.RestTemplate - Response 403 FORBIDDEN
03:18:02.719 [Test worker] DEBUG o.s.w.t.h.s.r.b.UndertowHttpServer - Stopping UndertowHttpServer...
03:18:02.719 [Test worker] INFO  i.undertow - stopping server: Undertow - 2.1.3.Final
03:18:02.722 [Test worker] DEBUG o.s.w.t.h.s.r.b.UndertowHttpServer - Server stopped (0 millis).
03:18:02.810 [Test worker] DEBUG o.s.w.r.r.m.a.RequestMappingHandlerMapping - 5 mappings in 'requestMappingHandlerMapping'
03:18:02.912 [Test worker] DEBUG o.s.w.r.r.m.a.ControllerMethodResolver - ControllerAdvice beans: none
03:18:02.952 [Test worker] DEBUG o.s.w.s.a.HttpWebHandlerAdapter - enableLoggingRequestDetails='false': form data and headers will be masked to prevent unsafe logging of potentially sensitive data
03:18:02.952 [Test worker] WARN  o.e.j.s.h.ContextHandler - Empty contextPath
03:18:02.953 [Test worker] INFO  o.e.j.s.h.ContextHandler - Started o.e.j.s.ServletContextHandler@634f00d1{/,null,AVAILABLE}
03:18:02.953 [Test worker] DEBUG o.s.w.t.h.s.r.b.JettyHttpServer - Starting JettyHttpServer...
03:18:02.954 [Test worker] INFO  o.e.j.s.Server - jetty-9.4.30.v20200611; built: 2020-06-11T12:34:51.929Z; git: 271836e4c1f4612f12b7bb13ef5a92a927634b0d; jvm 1.8.0_251-b08
03:18:02.964 [Test worker] INFO  o.e.j.s.AbstractConnector - Started ServerConnector@eb851bb{HTTP/1.1, (http/1.1)}{0.0.0.0:57807}
03:18:02.964 [Test worker] INFO  o.e.j.s.Server - Started @71403ms
03:18:02.964 [Test worker] DEBUG o.s.w.t.h.s.r.b.JettyHttpServer - Server started on port 57807(0 millis).
03:18:02.966 [Test worker] DEBUG o.s.w.c.RestTemplate - HTTP OPTIONS http://localhost:57807/cors
03:18:02.966 [Test worker] DEBUG o.s.w.c.RestTemplate - Accept=[text/plain, application/json, application/x-jackson-smile, application/*+json, */*]
03:18:02.975 [qtp804077379-1191] DEBUG o.s.w.s.a.HttpWebHandlerAdapter - [5e76a588] HTTP OPTIONS "/cors"
03:18:02.977 [qtp804077379-1191] DEBUG o.s.w.r.r.m.a.RequestMappingHandlerMapping - [5e76a588] Mapped to org.springframework.web.reactive.result.method.annotation.GlobalCorsConfigIntegrationTests$TestController#cors()
03:18:02.978 [qtp804077379-1191] DEBUG o.s.w.s.a.HttpWebHandlerAdapter - [5e76a588] Completed 200 OK
03:18:02.979 [Test worker] DEBUG o.s.w.c.RestTemplate - Response 200 OK
03:18:02.980 [Test worker] DEBUG o.s.w.t.h.s.r.b.JettyHttpServer - Stopping JettyHttpServer...
03:18:02.980 [Test worker] INFO  o.e.j.s.h.ContextHandler - Stopped o.e.j.s.ServletContextHandler@634f00d1{/,null,UNAVAILABLE}
03:18:02.987 [Test worker] INFO  o.e.j.s.AbstractConnector - Stopped ServerConnector@eb851bb{HTTP/1.1, (http/1.1)}{0.0.0.0:0}
03:18:02.992 [Test worker] DEBUG o.s.w.t.h.s.r.b.JettyHttpServer - Server stopped (0 millis).
03:18:03.206 [Test worker] DEBUG o.s.w.r.r.m.a.RequestMappingHandlerMapping - 5 mappings in 'requestMappingHandlerMapping'
03:18:03.276 [Test worker] DEBUG o.s.w.r.r.m.a.ControllerMethodResolver - ControllerAdvice beans: none
03:18:03.355 [Test worker] DEBUG o.s.w.s.a.HttpWebHandlerAdapter - enableLoggingRequestDetails='false': form data and headers will be masked to prevent unsafe logging of potentially sensitive data
03:18:03.355 [Test worker] DEBUG o.s.w.t.h.s.r.b.ReactorHttpServer - Starting ReactorHttpServer...
03:18:03.358 [Test worker] DEBUG o.s.w.t.h.s.r.b.ReactorHttpServer - Server started on port 57813(0 millis).
03:18:03.359 [Test worker] DEBUG o.s.w.c.RestTemplate - HTTP OPTIONS http://localhost:57813/cors
03:18:03.359 [Test worker] DEBUG o.s.w.c.RestTemplate - Accept=[text/plain, application/json, application/x-jackson-smile, application/*+json, */*]
03:18:03.368 [reactor-http-nio-2] DEBUG o.s.w.s.a.HttpWebHandlerAdapter - [1357f157-12] HTTP OPTIONS "/cors"
03:18:03.368 [reactor-http-nio-2] DEBUG o.s.w.r.r.m.a.RequestMappingHandlerMapping - [1357f157-12] Mapped to org.springframework.web.reactive.result.method.annotation.GlobalCorsConfigIntegrationTests$TestController#cors()
03:18:03.368 [reactor-http-nio-2] DEBUG o.s.w.s.a.HttpWebHandlerAdapter - [1357f157-12] Completed 200 OK
03:18:03.372 [Test worker] DEBUG o.s.w.c.RestTemplate - Response 200 OK
03:18:03.374 [Test worker] DEBUG o.s.w.t.h.s.r.b.ReactorHttpServer - Stopping ReactorHttpServer...
03:18:03.376 [Test worker] DEBUG o.s.w.t.h.s.r.b.ReactorHttpServer - Server stopped (0 millis).
03:18:03.574 [Test worker] DEBUG o.s.w.r.r.m.a.RequestMappingHandlerMapping - 5 mappings in 'requestMappingHandlerMapping'
03:18:03.656 [Test worker] DEBUG o.s.w.r.r.m.a.ControllerMethodResolver - ControllerAdvice beans: none
03:18:03.726 [Test worker] DEBUG o.s.w.s.a.HttpWebHandlerAdapter - enableLoggingRequestDetails='false': form data and headers will be masked to prevent unsafe logging of potentially sensitive data
03:18:03.726 [Test worker] DEBUG o.s.w.t.h.s.r.b.TomcatHttpServer - Starting TomcatHttpServer...
03:18:03.741 [Test worker] DEBUG o.s.w.t.h.s.r.b.TomcatHttpServer - Server started on port 57815(0 millis).
03:18:03.742 [Test worker] DEBUG o.s.w.c.RestTemplate - HTTP OPTIONS http://localhost:57815/cors
03:18:03.742 [Test worker] DEBUG o.s.w.c.RestTemplate - Accept=[text/plain, application/json, application/x-jackson-smile, application/*+json, */*]
03:18:03.762 [http-nio-auto-11-exec-1] DEBUG o.s.w.s.a.HttpWebHandlerAdapter - [6248da48] HTTP OPTIONS "/cors"
03:18:03.763 [http-nio-auto-11-exec-1] DEBUG o.s.w.r.r.m.a.RequestMappingHandlerMapping - [6248da48] Mapped to org.springframework.web.reactive.result.method.annotation.GlobalCorsConfigIntegrationTests$TestController#cors()
03:18:03.763 [http-nio-auto-11-exec-1] DEBUG o.s.w.s.a.HttpWebHandlerAdapter - [6248da48] Completed 200 OK
03:18:03.765 [Test worker] DEBUG o.s.w.c.RestTemplate - Response 200 OK
03:18:03.765 [Test worker] DEBUG o.s.w.t.h.s.r.b.TomcatHttpServer - Stopping TomcatHttpServer...
03:18:04.201 [Test worker] DEBUG o.s.w.t.h.s.r.b.TomcatHttpServer - Server stopped (0 millis).
03:18:04.280 [Test worker] DEBUG o.s.w.r.r.m.a.RequestMappingHandlerMapping - 5 mappings in 'requestMappingHandlerMapping'
03:18:04.316 [Test worker] DEBUG o.s.w.r.r.m.a.ControllerMethodResolver - ControllerAdvice beans: none
03:18:04.340 [Test worker] DEBUG o.s.w.s.a.HttpWebHandlerAdapter - enableLoggingRequestDetails='false': form data and headers will be masked to prevent unsafe logging of potentially sensitive data
03:18:04.340 [Test worker] DEBUG o.s.w.t.h.s.r.b.UndertowHttpServer - Starting UndertowHttpServer...
03:18:04.340 [Test worker] INFO  i.undertow - starting server: Undertow - 2.1.3.Final
03:18:04.351 [Test worker] DEBUG o.s.w.t.h.s.r.b.UndertowHttpServer - Server started on port 57833(0 millis).
03:18:04.352 [Test worker] DEBUG o.s.w.c.RestTemplate - HTTP OPTIONS http://localhost:57833/cors
03:18:04.352 [Test worker] DEBUG o.s.w.c.RestTemplate - Accept=[text/plain, application/json, application/x-jackson-smile, application/*+json, */*]
03:18:04.361 [XNIO-10 I/O-1] DEBUG o.s.w.s.a.HttpWebHandlerAdapter - [7bc5218] HTTP OPTIONS "/cors"
03:18:04.361 [XNIO-10 I/O-1] DEBUG o.s.w.r.r.m.a.RequestMappingHandlerMapping - [7bc5218] Mapped to org.springframework.web.reactive.result.method.annotation.GlobalCorsConfigIntegrationTests$TestController#cors()
03:18:04.362 [XNIO-10 I/O-1] DEBUG o.s.w.s.a.HttpWebHandlerAdapter - [7bc5218] Completed 200 OK
03:18:04.363 [Test worker] DEBUG o.s.w.c.RestTemplate - Response 200 OK
03:18:04.363 [Test worker] DEBUG o.s.w.t.h.s.r.b.UndertowHttpServer - Stopping UndertowHttpServer...
03:18:04.363 [Test worker] INFO  i.undertow - stopping server: Undertow - 2.1.3.Final
03:18:04.367 [Test worker] DEBUG o.s.w.t.h.s.r.b.UndertowHttpServer - Server stopped (0 millis).
03:18:04.442 [Test worker] DEBUG o.s.w.r.r.m.a.RequestMappingHandlerMapping - 5 mappings in 'requestMappingHandlerMapping'
03:18:04.489 [Test worker] DEBUG o.s.w.r.r.m.a.ControllerMethodResolver - ControllerAdvice beans: none
03:18:04.554 [Test worker] DEBUG o.s.w.s.a.HttpWebHandlerAdapter - enableLoggingRequestDetails='false': form data and headers will be masked to prevent unsafe logging of potentially sensitive data
03:18:04.555 [Test worker] WARN  o.e.j.s.h.ContextHandler - Empty contextPath
03:18:04.555 [Test worker] INFO  o.e.j.s.h.ContextHandler - Started o.e.j.s.ServletContextHandler@2eb67c3e{/,null,AVAILABLE}
03:18:04.556 [Test worker] DEBUG o.s.w.t.h.s.r.b.JettyHttpServer - Starting JettyHttpServer...
03:18:04.557 [Test worker] INFO  o.e.j.s.Server - jetty-9.4.30.v20200611; built: 2020-06-11T12:34:51.929Z; git: 271836e4c1f4612f12b7bb13ef5a92a927634b0d; jvm 1.8.0_251-b08
03:18:04.595 [Test worker] INFO  o.e.j.s.AbstractConnector - Started ServerConnector@42f5f55d{HTTP/1.1, (http/1.1)}{0.0.0.0:57835}
03:18:04.595 [Test worker] INFO  o.e.j.s.Server - Started @73035ms
03:18:04.595 [Test worker] DEBUG o.s.w.t.h.s.r.b.JettyHttpServer - Server started on port 57835(0 millis).
03:18:04.596 [Test worker] DEBUG o.s.w.c.RestTemplate - HTTP OPTIONS http://localhost:57835/cors-restricted
03:18:04.596 [Test worker] DEBUG o.s.w.c.RestTemplate - Accept=[text/plain, application/json, application/x-jackson-smile, application/*+json, */*]
03:18:04.601 [qtp1476823628-1232] DEBUG o.s.w.s.a.HttpWebHandlerAdapter - [189f0f8f] HTTP OPTIONS "/cors-restricted"
03:18:04.602 [qtp1476823628-1232] DEBUG o.s.w.r.r.m.a.RequestMappingHandlerMapping - [189f0f8f] Mapped to org.springframework.web.reactive.result.method.annotation.GlobalCorsConfigIntegrationTests$TestController#corsRestricted()
03:18:04.602 [qtp1476823628-1232] DEBUG o.s.w.c.r.DefaultCorsProcessor - Reject: 'http://localhost:9000' origin is not allowed
03:18:04.602 [qtp1476823628-1232] DEBUG o.s.w.s.a.HttpWebHandlerAdapter - [189f0f8f] Completed 403 FORBIDDEN
03:18:04.603 [Test worker] DEBUG o.s.w.c.RestTemplate - Response 403 FORBIDDEN
03:18:04.603 [Test worker] DEBUG o.s.w.t.h.s.r.b.JettyHttpServer - Stopping JettyHttpServer...
03:18:04.604 [Test worker] INFO  o.e.j.s.h.ContextHandler - Stopped o.e.j.s.ServletContextHandler@2eb67c3e{/,null,UNAVAILABLE}
03:18:04.606 [Test worker] INFO  o.e.j.s.AbstractConnector - Stopped ServerConnector@42f5f55d{HTTP/1.1, (http/1.1)}{0.0.0.0:0}
03:18:04.607 [Test worker] DEBUG o.s.w.t.h.s.r.b.JettyHttpServer - Server stopped (0 millis).
03:18:04.671 [Test worker] DEBUG o.s.w.r.r.m.a.RequestMappingHandlerMapping - 5 mappings in 'requestMappingHandlerMapping'
03:18:04.702 [Test worker] DEBUG o.s.w.r.r.m.a.ControllerMethodResolver - ControllerAdvice beans: none
03:18:04.733 [Test worker] DEBUG o.s.w.s.a.HttpWebHandlerAdapter - enableLoggingRequestDetails='false': form data and headers will be masked to prevent unsafe logging of potentially sensitive data
03:18:04.733 [Test worker] DEBUG o.s.w.t.h.s.r.b.ReactorHttpServer - Starting ReactorHttpServer...
03:18:04.736 [Test worker] DEBUG o.s.w.t.h.s.r.b.ReactorHttpServer - Server started on port 57841(0 millis).
03:18:04.736 [Test worker] DEBUG o.s.w.c.RestTemplate - HTTP OPTIONS http://localhost:57841/cors-restricted
03:18:04.736 [Test worker] DEBUG o.s.w.c.RestTemplate - Accept=[text/plain, application/json, application/x-jackson-smile, application/*+json, */*]
03:18:04.762 [reactor-http-nio-4] DEBUG o.s.w.s.a.HttpWebHandlerAdapter - [7934be78-13] HTTP OPTIONS "/cors-restricted"
03:18:04.763 [reactor-http-nio-4] DEBUG o.s.w.r.r.m.a.RequestMappingHandlerMapping - [7934be78-13] Mapped to org.springframework.web.reactive.result.method.annotation.GlobalCorsConfigIntegrationTests$TestController#corsRestricted()
03:18:04.763 [reactor-http-nio-4] DEBUG o.s.w.c.r.DefaultCorsProcessor - Reject: 'http://localhost:9000' origin is not allowed
03:18:04.763 [reactor-http-nio-4] DEBUG o.s.w.s.a.HttpWebHandlerAdapter - [7934be78-13] Completed 403 FORBIDDEN
03:18:04.764 [Test worker] DEBUG o.s.w.c.RestTemplate - Response 403 FORBIDDEN
03:18:04.765 [Test worker] DEBUG o.s.w.t.h.s.r.b.ReactorHttpServer - Stopping ReactorHttpServer...
03:18:04.765 [Test worker] DEBUG o.s.w.t.h.s.r.b.ReactorHttpServer - Server stopped (0 millis).
03:18:04.828 [Test worker] DEBUG o.s.w.r.r.m.a.RequestMappingHandlerMapping - 5 mappings in 'requestMappingHandlerMapping'
03:18:04.866 [Test worker] DEBUG o.s.w.r.r.m.a.ControllerMethodResolver - ControllerAdvice beans: none
03:18:04.900 [Test worker] DEBUG o.s.w.s.a.HttpWebHandlerAdapter - enableLoggingRequestDetails='false': form data and headers will be masked to prevent unsafe logging of potentially sensitive data
03:18:04.901 [Test worker] DEBUG o.s.w.t.h.s.r.b.TomcatHttpServer - Starting TomcatHttpServer...
03:18:04.930 [Test worker] DEBUG o.s.w.t.h.s.r.b.TomcatHttpServer - Server started on port 57843(0 millis).
03:18:04.931 [Test worker] DEBUG o.s.w.c.RestTemplate - HTTP OPTIONS http://localhost:57843/cors-restricted
03:18:04.931 [Test worker] DEBUG o.s.w.c.RestTemplate - Accept=[text/plain, application/json, application/x-jackson-smile, application/*+json, */*]
03:18:04.967 [http-nio-auto-12-exec-1] DEBUG o.s.w.s.a.HttpWebHandlerAdapter - [19c01e12] HTTP OPTIONS "/cors-restricted"
03:18:04.967 [http-nio-auto-12-exec-1] DEBUG o.s.w.r.r.m.a.RequestMappingHandlerMapping - [19c01e12] Mapped to org.springframework.web.reactive.result.method.annotation.GlobalCorsConfigIntegrationTests$TestController#corsRestricted()
03:18:04.967 [http-nio-auto-12-exec-1] DEBUG o.s.w.c.r.DefaultCorsProcessor - Reject: 'http://localhost:9000' origin is not allowed
03:18:04.967 [http-nio-auto-12-exec-1] DEBUG o.s.w.s.a.HttpWebHandlerAdapter - [19c01e12] Completed 403 FORBIDDEN
03:18:04.968 [Test worker] DEBUG o.s.w.c.RestTemplate - Response 403 FORBIDDEN
03:18:04.968 [Test worker] DEBUG o.s.w.t.h.s.r.b.TomcatHttpServer - Stopping TomcatHttpServer...
03:18:05.266 [Test worker] DEBUG o.s.w.t.h.s.r.b.TomcatHttpServer - Server stopped (0 millis).
03:18:05.339 [Test worker] DEBUG o.s.w.r.r.m.a.RequestMappingHandlerMapping - 5 mappings in 'requestMappingHandlerMapping'
03:18:05.386 [Test worker] DEBUG o.s.w.r.r.m.a.ControllerMethodResolver - ControllerAdvice beans: none
03:18:05.417 [Test worker] DEBUG o.s.w.s.a.HttpWebHandlerAdapter - enableLoggingRequestDetails='false': form data and headers will be masked to prevent unsafe logging of potentially sensitive data
03:18:05.417 [Test worker] DEBUG o.s.w.t.h.s.r.b.UndertowHttpServer - Starting UndertowHttpServer...
03:18:05.417 [Test worker] INFO  i.undertow - starting server: Undertow - 2.1.3.Final
03:18:05.427 [Test worker] DEBUG o.s.w.t.h.s.r.b.UndertowHttpServer - Server started on port 57861(0 millis).
03:18:05.427 [Test worker] DEBUG o.s.w.c.RestTemplate - HTTP OPTIONS http://localhost:57861/cors-restricted
03:18:05.428 [Test worker] DEBUG o.s.w.c.RestTemplate - Accept=[text/plain, application/json, application/x-jackson-smile, application/*+json, */*]
03:18:05.439 [XNIO-11 I/O-2] DEBUG o.s.w.s.a.HttpWebHandlerAdapter - [15120b97] HTTP OPTIONS "/cors-restricted"
03:18:05.441 [XNIO-11 I/O-2] DEBUG o.s.w.r.r.m.a.RequestMappingHandlerMapping - [15120b97] Mapped to org.springframework.web.reactive.result.method.annotation.GlobalCorsConfigIntegrationTests$TestController#corsRestricted()
03:18:05.441 [XNIO-11 I/O-2] DEBUG o.s.w.c.r.DefaultCorsProcessor - Reject: 'http://localhost:9000' origin is not allowed
03:18:05.441 [XNIO-11 I/O-2] DEBUG o.s.w.s.a.HttpWebHandlerAdapter - [15120b97] Completed 403 FORBIDDEN
03:18:05.443 [Test worker] DEBUG o.s.w.c.RestTemplate - Response 403 FORBIDDEN
03:18:05.443 [Test worker] DEBUG o.s.w.t.h.s.r.b.UndertowHttpServer - Stopping UndertowHttpServer...
03:18:05.443 [Test worker] INFO  i.undertow - stopping server: Undertow - 2.1.3.Final
03:18:05.449 [Test worker] DEBUG o.s.w.t.h.s.r.b.UndertowHttpServer - Server stopped (0 millis).
03:18:05.535 [Test worker] DEBUG o.s.w.r.r.m.a.RequestMappingHandlerMapping - 5 mappings in 'requestMappingHandlerMapping'
03:18:05.612 [Test worker] DEBUG o.s.w.r.r.m.a.ControllerMethodResolver - ControllerAdvice beans: none
03:18:05.664 [Test worker] DEBUG o.s.w.s.a.HttpWebHandlerAdapter - enableLoggingRequestDetails='false': form data and headers will be masked to prevent unsafe logging of potentially sensitive data
03:18:05.664 [Test worker] WARN  o.e.j.s.h.ContextHandler - Empty contextPath
03:18:05.665 [Test worker] INFO  o.e.j.s.h.ContextHandler - Started o.e.j.s.ServletContextHandler@5c439d5b{/,null,AVAILABLE}
03:18:05.665 [Test worker] DEBUG o.s.w.t.h.s.r.b.JettyHttpServer - Starting JettyHttpServer...
03:18:05.666 [Test worker] INFO  o.e.j.s.Server - jetty-9.4.30.v20200611; built: 2020-06-11T12:34:51.929Z; git: 271836e4c1f4612f12b7bb13ef5a92a927634b0d; jvm 1.8.0_251-b08
03:18:05.671 [Test worker] INFO  o.e.j.s.AbstractConnector - Started ServerConnector@c23a431{HTTP/1.1, (http/1.1)}{0.0.0.0:57863}
03:18:05.671 [Test worker] INFO  o.e.j.s.Server - Started @74110ms
03:18:05.671 [Test worker] DEBUG o.s.w.t.h.s.r.b.JettyHttpServer - Server started on port 57863(0 millis).
03:18:05.672 [Test worker] DEBUG o.s.w.c.RestTemplate - HTTP GET http://localhost:57863/ambiguous
03:18:05.673 [Test worker] DEBUG o.s.w.c.RestTemplate - Accept=[text/plain, application/json, application/x-jackson-smile, application/*+json, */*]
03:18:05.677 [qtp364424962-1273] DEBUG o.s.w.s.a.HttpWebHandlerAdapter - [64ee4af3] HTTP GET "/ambiguous"
03:18:05.678 [qtp364424962-1273] DEBUG o.s.w.r.r.m.a.RequestMappingHandlerMapping - [64ee4af3] Mapped to org.springframework.web.reactive.result.method.annotation.GlobalCorsConfigIntegrationTests$TestController#ambiguous2()
03:18:05.679 [qtp364424962-1273] DEBUG o.s.w.r.r.m.a.ResponseBodyResultHandler - Using 'text/html' given [text/html] and supported [text/html]
03:18:05.679 [qtp364424962-1273] DEBUG o.s.w.r.r.m.a.ResponseBodyResultHandler - [64ee4af3] 0..1 [java.lang.String]
03:18:05.679 [qtp364424962-1273] DEBUG o.s.c.c.CharSequenceEncoder - [64ee4af3] Writing "<p>ambiguous</p>"
03:18:05.680 [Test worker] DEBUG o.s.w.c.RestTemplate - Response 200 OK
03:18:05.680 [qtp364424962-1273] DEBUG o.s.w.s.a.HttpWebHandlerAdapter - [64ee4af3] Completed 200 OK
03:18:05.680 [Test worker] DEBUG o.s.w.c.RestTemplate - Reading to [java.lang.String] as "text/html;charset=utf-8"
03:18:05.681 [Test worker] DEBUG o.s.w.t.h.s.r.b.JettyHttpServer - Stopping JettyHttpServer...
03:18:05.682 [Test worker] INFO  o.e.j.s.h.ContextHandler - Stopped o.e.j.s.ServletContextHandler@5c439d5b{/,null,UNAVAILABLE}
03:18:05.684 [Test worker] INFO  o.e.j.s.AbstractConnector - Stopped ServerConnector@c23a431{HTTP/1.1, (http/1.1)}{0.0.0.0:0}
03:18:05.686 [Test worker] DEBUG o.s.w.t.h.s.r.b.JettyHttpServer - Server stopped (0 millis).
03:18:05.760 [Test worker] DEBUG o.s.w.r.r.m.a.RequestMappingHandlerMapping - 5 mappings in 'requestMappingHandlerMapping'
03:18:05.792 [Test worker] DEBUG o.s.w.r.r.m.a.ControllerMethodResolver - ControllerAdvice beans: none
03:18:05.826 [Test worker] DEBUG o.s.w.s.a.HttpWebHandlerAdapter - enableLoggingRequestDetails='false': form data and headers will be masked to prevent unsafe logging of potentially sensitive data
03:18:05.827 [Test worker] DEBUG o.s.w.t.h.s.r.b.ReactorHttpServer - Starting ReactorHttpServer...
03:18:05.828 [Test worker] DEBUG o.s.w.t.h.s.r.b.ReactorHttpServer - Server started on port 57869(0 millis).
03:18:05.829 [Test worker] DEBUG o.s.w.c.RestTemplate - HTTP GET http://localhost:57869/ambiguous
03:18:05.830 [Test worker] DEBUG o.s.w.c.RestTemplate - Accept=[text/plain, application/json, application/x-jackson-smile, application/*+json, */*]
03:18:05.841 [reactor-http-nio-2] DEBUG o.s.w.s.a.HttpWebHandlerAdapter - [5838af55-14] HTTP GET "/ambiguous"
03:18:05.842 [reactor-http-nio-2] DEBUG o.s.w.r.r.m.a.RequestMappingHandlerMapping - [5838af55-14] Mapped to org.springframework.web.reactive.result.method.annotation.GlobalCorsConfigIntegrationTests$TestController#ambiguous2()
03:18:05.843 [reactor-http-nio-2] DEBUG o.s.w.r.r.m.a.ResponseBodyResultHandler - Using 'text/html' given [text/html] and supported [text/html]
03:18:05.843 [reactor-http-nio-2] DEBUG o.s.w.r.r.m.a.ResponseBodyResultHandler - [5838af55-14] 0..1 [java.lang.String]
03:18:05.843 [reactor-http-nio-2] DEBUG o.s.c.c.CharSequenceEncoder - [5838af55-14] Writing "<p>ambiguous</p>"
03:18:05.845 [reactor-http-nio-2] DEBUG o.s.w.s.a.HttpWebHandlerAdapter - [5838af55-14] Completed 200 OK
03:18:05.846 [Test worker] DEBUG o.s.w.c.RestTemplate - Response 200 OK
03:18:05.846 [Test worker] DEBUG o.s.w.c.RestTemplate - Reading to [java.lang.String] as "text/html;charset=UTF-8"
03:18:05.846 [Test worker] DEBUG o.s.w.t.h.s.r.b.ReactorHttpServer - Stopping ReactorHttpServer...
03:18:05.847 [Test worker] DEBUG o.s.w.t.h.s.r.b.ReactorHttpServer - Server stopped (0 millis).
03:18:05.915 [Test worker] DEBUG o.s.w.r.r.m.a.RequestMappingHandlerMapping - 5 mappings in 'requestMappingHandlerMapping'
03:18:05.947 [Test worker] DEBUG o.s.w.r.r.m.a.ControllerMethodResolver - ControllerAdvice beans: none
03:18:05.972 [Test worker] DEBUG o.s.w.s.a.HttpWebHandlerAdapter - enableLoggingRequestDetails='false': form data and headers will be masked to prevent unsafe logging of potentially sensitive data
03:18:05.973 [Test worker] DEBUG o.s.w.t.h.s.r.b.TomcatHttpServer - Starting TomcatHttpServer...
03:18:05.985 [Test worker] DEBUG o.s.w.t.h.s.r.b.TomcatHttpServer - Server started on port 57871(0 millis).
03:18:05.985 [Test worker] DEBUG o.s.w.c.RestTemplate - HTTP GET http://localhost:57871/ambiguous
03:18:05.985 [Test worker] DEBUG o.s.w.c.RestTemplate - Accept=[text/plain, application/json, application/x-jackson-smile, application/*+json, */*]
03:18:05.995 [http-nio-auto-13-exec-1] DEBUG o.s.w.s.a.HttpWebHandlerAdapter - [7a49c8af] HTTP GET "/ambiguous"
03:18:05.996 [http-nio-auto-13-exec-1] DEBUG o.s.w.r.r.m.a.RequestMappingHandlerMapping - [7a49c8af] Mapped to org.springframework.web.reactive.result.method.annotation.GlobalCorsConfigIntegrationTests$TestController#ambiguous2()
03:18:05.997 [http-nio-auto-13-exec-1] DEBUG o.s.w.r.r.m.a.ResponseBodyResultHandler - Using 'text/html' given [text/html] and supported [text/html]
03:18:05.997 [http-nio-auto-13-exec-1] DEBUG o.s.w.r.r.m.a.ResponseBodyResultHandler - [7a49c8af] 0..1 [java.lang.String]
03:18:05.997 [http-nio-auto-13-exec-1] DEBUG o.s.c.c.CharSequenceEncoder - [7a49c8af] Writing "<p>ambiguous</p>"
03:18:05.999 [Test worker] DEBUG o.s.w.c.RestTemplate - Response 200 OK
03:18:05.999 [Test worker] DEBUG o.s.w.c.RestTemplate - Reading to [java.lang.String] as "text/html;charset=UTF-8"
03:18:05.999 [Test worker] DEBUG o.s.w.t.h.s.r.b.TomcatHttpServer - Stopping TomcatHttpServer...
03:18:05.999 [http-nio-auto-13-exec-1] DEBUG o.s.w.s.a.HttpWebHandlerAdapter - [7a49c8af] Completed 200 OK
03:18:06.294 [Test worker] DEBUG o.s.w.t.h.s.r.b.TomcatHttpServer - Server stopped (0 millis).
03:18:06.360 [Test worker] DEBUG o.s.w.r.r.m.a.RequestMappingHandlerMapping - 5 mappings in 'requestMappingHandlerMapping'
03:18:06.398 [Test worker] DEBUG o.s.w.r.r.m.a.ControllerMethodResolver - ControllerAdvice beans: none
03:18:06.427 [Test worker] DEBUG o.s.w.s.a.HttpWebHandlerAdapter - enableLoggingRequestDetails='false': form data and headers will be masked to prevent unsafe logging of potentially sensitive data
03:18:06.428 [Test worker] DEBUG o.s.w.t.h.s.r.b.UndertowHttpServer - Starting UndertowHttpServer...
03:18:06.428 [Test worker] INFO  i.undertow - starting server: Undertow - 2.1.3.Final
03:18:06.437 [Test worker] DEBUG o.s.w.t.h.s.r.b.UndertowHttpServer - Server started on port 57890(0 millis).
03:18:06.437 [Test worker] DEBUG o.s.w.c.RestTemplate - HTTP GET http://localhost:57890/ambiguous
03:18:06.438 [Test worker] DEBUG o.s.w.c.RestTemplate - Accept=[text/plain, application/json, application/x-jackson-smile, application/*+json, */*]
03:18:06.452 [XNIO-12 I/O-4] DEBUG o.s.w.s.a.HttpWebHandlerAdapter - [233171f0] HTTP GET "/ambiguous"
03:18:06.452 [XNIO-12 I/O-4] DEBUG o.s.w.r.r.m.a.RequestMappingHandlerMapping - [233171f0] Mapped to org.springframework.web.reactive.result.method.annotation.GlobalCorsConfigIntegrationTests$TestController#ambiguous2()
03:18:06.454 [XNIO-12 I/O-4] DEBUG o.s.w.r.r.m.a.ResponseBodyResultHandler - Using 'text/html' given [text/html] and supported [text/html]
03:18:06.454 [XNIO-12 I/O-4] DEBUG o.s.w.r.r.m.a.ResponseBodyResultHandler - [233171f0] 0..1 [java.lang.String]
03:18:06.454 [XNIO-12 I/O-4] DEBUG o.s.c.c.CharSequenceEncoder - [233171f0] Writing "<p>ambiguous</p>"
03:18:06.454 [XNIO-12 I/O-4] DEBUG o.s.w.s.a.HttpWebHandlerAdapter - [233171f0] Completed 200 OK
03:18:06.455 [Test worker] DEBUG o.s.w.c.RestTemplate - Response 200 OK
03:18:06.455 [Test worker] DEBUG o.s.w.c.RestTemplate - Reading to [java.lang.String] as "text/html;charset=UTF-8"
03:18:06.455 [Test worker] DEBUG o.s.w.t.h.s.r.b.UndertowHttpServer - Stopping UndertowHttpServer...
03:18:06.455 [Test worker] INFO  i.undertow - stopping server: Undertow - 2.1.3.Final
03:18:06.459 [Test worker] DEBUG o.s.w.t.h.s.r.b.UndertowHttpServer - Server stopped (0 millis).
03:18:06.549 [Test worker] DEBUG o.s.w.r.r.m.a.RequestMappingHandlerMapping - 5 mappings in 'requestMappingHandlerMapping'
03:18:06.616 [Test worker] DEBUG o.s.w.r.r.m.a.ControllerMethodResolver - ControllerAdvice beans: none
03:18:06.679 [Test worker] DEBUG o.s.w.s.a.HttpWebHandlerAdapter - enableLoggingRequestDetails='false': form data and headers will be masked to prevent unsafe logging of potentially sensitive data
03:18:06.679 [Test worker] WARN  o.e.j.s.h.ContextHandler - Empty contextPath
03:18:06.680 [Test worker] INFO  o.e.j.s.h.ContextHandler - Started o.e.j.s.ServletContextHandler@4023028d{/,null,AVAILABLE}
03:18:06.680 [Test worker] DEBUG o.s.w.t.h.s.r.b.JettyHttpServer - Starting JettyHttpServer...
03:18:06.680 [Test worker] INFO  o.e.j.s.Server - jetty-9.4.30.v20200611; built: 2020-06-11T12:34:51.929Z; git: 271836e4c1f4612f12b7bb13ef5a92a927634b0d; jvm 1.8.0_251-b08
03:18:06.738 [Test worker] INFO  o.e.j.s.AbstractConnector - Started ServerConnector@51754d84{HTTP/1.1, (http/1.1)}{0.0.0.0:57892}
03:18:06.738 [Test worker] INFO  o.e.j.s.Server - Started @75177ms
03:18:06.739 [Test worker] DEBUG o.s.w.t.h.s.r.b.JettyHttpServer - Server started on port 57892(0 millis).
03:18:06.739 [Test worker] DEBUG o.s.w.c.RestTemplate - HTTP OPTIONS http://localhost:57892/ambiguous
03:18:06.739 [Test worker] DEBUG o.s.w.c.RestTemplate - Accept=[text/plain, application/json, application/x-jackson-smile, application/*+json, */*]
03:18:06.778 [qtp1404492383-1313] DEBUG o.s.w.s.a.HttpWebHandlerAdapter - [5874df80] HTTP OPTIONS "/ambiguous"
03:18:06.779 [qtp1404492383-1313] DEBUG o.s.w.r.r.m.a.RequestMappingHandlerMapping - [5874df80] Mapped to org.springframework.web.reactive.result.method.AbstractHandlerMethodMapping$PreFlightAmbiguousMatchHandler#handle()
03:18:06.779 [qtp1404492383-1313] DEBUG o.s.w.s.a.HttpWebHandlerAdapter - [5874df80] Completed 200 OK
03:18:06.782 [Test worker] DEBUG o.s.w.c.RestTemplate - Response 200 OK
03:18:06.782 [Test worker] DEBUG o.s.w.t.h.s.r.b.JettyHttpServer - Stopping JettyHttpServer...
03:18:06.783 [Test worker] INFO  o.e.j.s.h.ContextHandler - Stopped o.e.j.s.ServletContextHandler@4023028d{/,null,UNAVAILABLE}
03:18:06.788 [Test worker] INFO  o.e.j.s.AbstractConnector - Stopped ServerConnector@51754d84{HTTP/1.1, (http/1.1)}{0.0.0.0:0}
03:18:06.789 [Test worker] DEBUG o.s.w.t.h.s.r.b.JettyHttpServer - Server stopped (0 millis).
03:18:06.857 [Test worker] DEBUG o.s.w.r.r.m.a.RequestMappingHandlerMapping - 5 mappings in 'requestMappingHandlerMapping'
03:18:06.901 [Test worker] DEBUG o.s.w.r.r.m.a.ControllerMethodResolver - ControllerAdvice beans: none
03:18:06.975 [Test worker] DEBUG o.s.w.s.a.HttpWebHandlerAdapter - enableLoggingRequestDetails='false': form data and headers will be masked to prevent unsafe logging of potentially sensitive data
03:18:06.975 [Test worker] DEBUG o.s.w.t.h.s.r.b.ReactorHttpServer - Starting ReactorHttpServer...
03:18:06.977 [Test worker] DEBUG o.s.w.t.h.s.r.b.ReactorHttpServer - Server started on port 57898(0 millis).
03:18:06.977 [Test worker] DEBUG o.s.w.c.RestTemplate - HTTP OPTIONS http://localhost:57898/ambiguous
03:18:06.978 [Test worker] DEBUG o.s.w.c.RestTemplate - Accept=[text/plain, application/json, application/x-jackson-smile, application/*+json, */*]
03:18:07.043 [reactor-http-nio-4] DEBUG o.s.w.s.a.HttpWebHandlerAdapter - [2a12e817-15] HTTP OPTIONS "/ambiguous"
03:18:07.044 [reactor-http-nio-4] DEBUG o.s.w.r.r.m.a.RequestMappingHandlerMapping - [2a12e817-15] Mapped to org.springframework.web.reactive.result.method.AbstractHandlerMethodMapping$PreFlightAmbiguousMatchHandler#handle()
03:18:07.044 [reactor-http-nio-4] DEBUG o.s.w.s.a.HttpWebHandlerAdapter - [2a12e817-15] Completed 200 OK
03:18:07.046 [Test worker] DEBUG o.s.w.c.RestTemplate - Response 200 OK
03:18:07.046 [Test worker] DEBUG o.s.w.t.h.s.r.b.ReactorHttpServer - Stopping ReactorHttpServer...
03:18:07.046 [Test worker] DEBUG o.s.w.t.h.s.r.b.ReactorHttpServer - Server stopped (0 millis).
03:18:07.108 [Test worker] DEBUG o.s.w.r.r.m.a.RequestMappingHandlerMapping - 5 mappings in 'requestMappingHandlerMapping'
03:18:07.254 [Test worker] DEBUG o.s.w.r.r.m.a.ControllerMethodResolver - ControllerAdvice beans: none
03:18:07.297 [Test worker] DEBUG o.s.w.s.a.HttpWebHandlerAdapter - enableLoggingRequestDetails='false': form data and headers will be masked to prevent unsafe logging of potentially sensitive data
03:18:07.299 [Test worker] DEBUG o.s.w.t.h.s.r.b.TomcatHttpServer - Starting TomcatHttpServer...
03:18:07.325 [Test worker] DEBUG o.s.w.t.h.s.r.b.TomcatHttpServer - Server started on port 57900(0 millis).
03:18:07.329 [Test worker] DEBUG o.s.w.c.RestTemplate - HTTP OPTIONS http://localhost:57900/ambiguous
03:18:07.330 [Test worker] DEBUG o.s.w.c.RestTemplate - Accept=[text/plain, application/json, application/x-jackson-smile, application/*+json, */*]
03:18:07.675 [http-nio-auto-14-exec-2] DEBUG o.s.w.s.a.HttpWebHandlerAdapter - [453160e5] HTTP OPTIONS "/ambiguous"
03:18:07.677 [http-nio-auto-14-exec-2] DEBUG o.s.w.r.r.m.a.RequestMappingHandlerMapping - [453160e5] Mapped to org.springframework.web.reactive.result.method.AbstractHandlerMethodMapping$PreFlightAmbiguousMatchHandler#handle()
03:18:07.677 [http-nio-auto-14-exec-2] DEBUG o.s.w.s.a.HttpWebHandlerAdapter - [453160e5] Completed 200 OK
03:18:07.679 [Test worker] DEBUG o.s.w.c.RestTemplate - Response 200 OK
03:18:07.680 [Test worker] DEBUG o.s.w.t.h.s.r.b.TomcatHttpServer - Stopping TomcatHttpServer...
03:18:08.043 [Test worker] DEBUG o.s.w.t.h.s.r.b.TomcatHttpServer - Server stopped (0 millis).
03:18:08.111 [Test worker] DEBUG o.s.w.r.r.m.a.RequestMappingHandlerMapping - 5 mappings in 'requestMappingHandlerMapping'
03:18:08.168 [Test worker] DEBUG o.s.w.r.r.m.a.ControllerMethodResolver - ControllerAdvice beans: none
03:18:08.366 [Test worker] DEBUG o.s.w.s.a.HttpWebHandlerAdapter - enableLoggingRequestDetails='false': form data and headers will be masked to prevent unsafe logging of potentially sensitive data
03:18:08.367 [Test worker] DEBUG o.s.w.t.h.s.r.b.UndertowHttpServer - Starting UndertowHttpServer...
03:18:08.367 [Test worker] INFO  i.undertow - starting server: Undertow - 2.1.3.Final
03:18:08.391 [Test worker] DEBUG o.s.w.t.h.s.r.b.UndertowHttpServer - Server started on port 57922(0 millis).
03:18:08.391 [Test worker] DEBUG o.s.w.c.RestTemplate - HTTP OPTIONS http://localhost:57922/ambiguous
03:18:08.392 [Test worker] DEBUG o.s.w.c.RestTemplate - Accept=[text/plain, application/json, application/x-jackson-smile, application/*+json, */*]
03:18:08.402 [XNIO-13 I/O-3] DEBUG o.s.w.s.a.HttpWebHandlerAdapter - [6b45a3ff] HTTP OPTIONS "/ambiguous"
03:18:08.409 [XNIO-13 I/O-3] DEBUG o.s.w.r.r.m.a.RequestMappingHandlerMapping - [6b45a3ff] Mapped to org.springframework.web.reactive.result.method.AbstractHandlerMethodMapping$PreFlightAmbiguousMatchHandler#handle()
03:18:08.409 [XNIO-13 I/O-3] DEBUG o.s.w.s.a.HttpWebHandlerAdapter - [6b45a3ff] Completed 200 OK
03:18:08.410 [Test worker] DEBUG o.s.w.c.RestTemplate - Response 200 OK
03:18:08.412 [Test worker] DEBUG o.s.w.t.h.s.r.b.UndertowHttpServer - Stopping UndertowHttpServer...
03:18:08.412 [Test worker] INFO  i.undertow - stopping server: Undertow - 2.1.3.Final
03:18:08.416 [Test worker] DEBUG o.s.w.t.h.s.r.b.UndertowHttpServer - Server stopped (0 millis).
03:18:08.507 [Test worker] DEBUG o.s.w.r.r.m.a.RequestMappingHandlerMapping - 5 mappings in 'requestMappingHandlerMapping'
03:18:08.562 [Test worker] DEBUG o.s.w.r.r.m.a.ControllerMethodResolver - ControllerAdvice beans: none
03:18:08.594 [Test worker] DEBUG o.s.w.s.a.HttpWebHandlerAdapter - enableLoggingRequestDetails='false': form data and headers will be masked to prevent unsafe logging of potentially sensitive data
03:18:08.595 [Test worker] WARN  o.e.j.s.h.ContextHandler - Empty contextPath
03:18:08.595 [Test worker] INFO  o.e.j.s.h.ContextHandler - Started o.e.j.s.ServletContextHandler@1f4e3bff{/,null,AVAILABLE}
03:18:08.595 [Test worker] DEBUG o.s.w.t.h.s.r.b.JettyHttpServer - Starting JettyHttpServer...
03:18:08.595 [Test worker] INFO  o.e.j.s.Server - jetty-9.4.30.v20200611; built: 2020-06-11T12:34:51.929Z; git: 271836e4c1f4612f12b7bb13ef5a92a927634b0d; jvm 1.8.0_251-b08
03:18:08.599 [Test worker] INFO  o.e.j.s.AbstractConnector - Started ServerConnector@13b7b502{HTTP/1.1, (http/1.1)}{0.0.0.0:57924}
03:18:08.600 [Test worker] INFO  o.e.j.s.Server - Started @77038ms
03:18:08.600 [Test worker] DEBUG o.s.w.t.h.s.r.b.JettyHttpServer - Server started on port 57924(0 millis).
03:18:08.600 [Test worker] DEBUG o.s.w.c.RestTemplate - HTTP OPTIONS http://localhost:57924/cors-restricted
03:18:08.600 [Test worker] DEBUG o.s.w.c.RestTemplate - Accept=[text/plain, application/json, application/x-jackson-smile, application/*+json, */*]
03:18:08.604 [qtp1795166589-1355] DEBUG o.s.w.s.a.HttpWebHandlerAdapter - [61668fa6] HTTP OPTIONS "/cors-restricted"
03:18:08.604 [qtp1795166589-1355] DEBUG o.s.w.r.r.m.a.RequestMappingHandlerMapping - [61668fa6] Mapped to org.springframework.web.reactive.result.method.annotation.GlobalCorsConfigIntegrationTests$TestController#corsRestricted()
03:18:08.605 [qtp1795166589-1355] DEBUG o.s.w.s.a.HttpWebHandlerAdapter - [61668fa6] Completed 200 OK
03:18:08.605 [Test worker] DEBUG o.s.w.c.RestTemplate - Response 200 OK
03:18:08.606 [Test worker] DEBUG o.s.w.t.h.s.r.b.JettyHttpServer - Stopping JettyHttpServer...
03:18:08.606 [Test worker] INFO  o.e.j.s.h.ContextHandler - Stopped o.e.j.s.ServletContextHandler@1f4e3bff{/,null,UNAVAILABLE}
03:18:08.608 [Test worker] INFO  o.e.j.s.AbstractConnector - Stopped ServerConnector@13b7b502{HTTP/1.1, (http/1.1)}{0.0.0.0:0}
03:18:08.608 [Test worker] DEBUG o.s.w.t.h.s.r.b.JettyHttpServer - Server stopped (0 millis).
03:18:08.688 [Test worker] DEBUG o.s.w.r.r.m.a.RequestMappingHandlerMapping - 5 mappings in 'requestMappingHandlerMapping'
03:18:08.801 [Test worker] DEBUG o.s.w.r.r.m.a.ControllerMethodResolver - ControllerAdvice beans: none
03:18:08.825 [Test worker] DEBUG o.s.w.s.a.HttpWebHandlerAdapter - enableLoggingRequestDetails='false': form data and headers will be masked to prevent unsafe logging of potentially sensitive data
03:18:08.825 [Test worker] DEBUG o.s.w.t.h.s.r.b.ReactorHttpServer - Starting ReactorHttpServer...
03:18:08.826 [Test worker] DEBUG o.s.w.t.h.s.r.b.ReactorHttpServer - Server started on port 57930(0 millis).
03:18:08.826 [Test worker] DEBUG o.s.w.c.RestTemplate - HTTP OPTIONS http://localhost:57930/cors-restricted
03:18:08.827 [Test worker] DEBUG o.s.w.c.RestTemplate - Accept=[text/plain, application/json, application/x-jackson-smile, application/*+json, */*]
03:18:08.831 [reactor-http-nio-2] DEBUG o.s.w.s.a.HttpWebHandlerAdapter - [15bf822e-16] HTTP OPTIONS "/cors-restricted"
03:18:08.832 [reactor-http-nio-2] DEBUG o.s.w.r.r.m.a.RequestMappingHandlerMapping - [15bf822e-16] Mapped to org.springframework.web.reactive.result.method.annotation.GlobalCorsConfigIntegrationTests$TestController#corsRestricted()
03:18:08.832 [reactor-http-nio-2] DEBUG o.s.w.s.a.HttpWebHandlerAdapter - [15bf822e-16] Completed 200 OK
03:18:08.833 [Test worker] DEBUG o.s.w.c.RestTemplate - Response 200 OK
03:18:08.833 [Test worker] DEBUG o.s.w.t.h.s.r.b.ReactorHttpServer - Stopping ReactorHttpServer...
03:18:08.834 [Test worker] DEBUG o.s.w.t.h.s.r.b.ReactorHttpServer - Server stopped (0 millis).
03:18:08.938 [Test worker] DEBUG o.s.w.r.r.m.a.RequestMappingHandlerMapping - 5 mappings in 'requestMappingHandlerMapping'
03:18:09.096 [Test worker] DEBUG o.s.w.r.r.m.a.ControllerMethodResolver - ControllerAdvice beans: none
03:18:09.128 [Test worker] DEBUG o.s.w.s.a.HttpWebHandlerAdapter - enableLoggingRequestDetails='false': form data and headers will be masked to prevent unsafe logging of potentially sensitive data
03:18:09.129 [Test worker] DEBUG o.s.w.t.h.s.r.b.TomcatHttpServer - Starting TomcatHttpServer...
03:18:09.233 [Test worker] DEBUG o.s.w.t.h.s.r.b.TomcatHttpServer - Server started on port 57932(0 millis).
03:18:09.234 [Test worker] DEBUG o.s.w.c.RestTemplate - HTTP OPTIONS http://localhost:57932/cors-restricted
03:18:09.234 [Test worker] DEBUG o.s.w.c.RestTemplate - Accept=[text/plain, application/json, application/x-jackson-smile, application/*+json, */*]
03:18:09.274 [http-nio-auto-15-exec-1] DEBUG o.s.w.s.a.HttpWebHandlerAdapter - [364edb81] HTTP OPTIONS "/cors-restricted"
03:18:09.275 [http-nio-auto-15-exec-1] DEBUG o.s.w.r.r.m.a.RequestMappingHandlerMapping - [364edb81] Mapped to org.springframework.web.reactive.result.method.annotation.GlobalCorsConfigIntegrationTests$TestController#corsRestricted()
03:18:09.276 [http-nio-auto-15-exec-1] DEBUG o.s.w.s.a.HttpWebHandlerAdapter - [364edb81] Completed 200 OK
03:18:09.278 [Test worker] DEBUG o.s.w.c.RestTemplate - Response 200 OK
03:18:09.278 [Test worker] DEBUG o.s.w.t.h.s.r.b.TomcatHttpServer - Stopping TomcatHttpServer...
03:18:09.540 [Test worker] DEBUG o.s.w.t.h.s.r.b.TomcatHttpServer - Server stopped (0 millis).
03:18:09.610 [Test worker] DEBUG o.s.w.r.r.m.a.RequestMappingHandlerMapping - 5 mappings in 'requestMappingHandlerMapping'
03:18:09.637 [Test worker] DEBUG o.s.w.r.r.m.a.ControllerMethodResolver - ControllerAdvice beans: none
03:18:09.670 [Test worker] DEBUG o.s.w.s.a.HttpWebHandlerAdapter - enableLoggingRequestDetails='false': form data and headers will be masked to prevent unsafe logging of potentially sensitive data
03:18:09.670 [Test worker] DEBUG o.s.w.t.h.s.r.b.UndertowHttpServer - Starting UndertowHttpServer...
03:18:09.670 [Test worker] INFO  i.undertow - starting server: Undertow - 2.1.3.Final
03:18:09.681 [Test worker] DEBUG o.s.w.t.h.s.r.b.UndertowHttpServer - Server started on port 57950(0 millis).
03:18:09.682 [Test worker] DEBUG o.s.w.c.RestTemplate - HTTP OPTIONS http://localhost:57950/cors-restricted
03:18:09.682 [Test worker] DEBUG o.s.w.c.RestTemplate - Accept=[text/plain, application/json, application/x-jackson-smile, application/*+json, */*]
03:18:09.691 [XNIO-14 I/O-3] DEBUG o.s.w.s.a.HttpWebHandlerAdapter - [ca533d] HTTP OPTIONS "/cors-restricted"
03:18:09.692 [XNIO-14 I/O-3] DEBUG o.s.w.r.r.m.a.RequestMappingHandlerMapping - [ca533d] Mapped to org.springframework.web.reactive.result.method.annotation.GlobalCorsConfigIntegrationTests$TestController#corsRestricted()
03:18:09.692 [XNIO-14 I/O-3] DEBUG o.s.w.s.a.HttpWebHandlerAdapter - [ca533d] Completed 200 OK
03:18:09.693 [Test worker] DEBUG o.s.w.c.RestTemplate - Response 200 OK
03:18:09.693 [Test worker] DEBUG o.s.w.t.h.s.r.b.UndertowHttpServer - Stopping UndertowHttpServer...
03:18:09.693 [Test worker] INFO  i.undertow - stopping server: Undertow - 2.1.3.Final
03:18:09.696 [Test worker] DEBUG o.s.w.t.h.s.r.b.UndertowHttpServer - Server stopped (0 millis).
03:18:09.769 [Test worker] DEBUG o.s.w.r.r.m.a.RequestMappingHandlerMapping - 5 mappings in 'requestMappingHandlerMapping'
03:18:09.825 [Test worker] DEBUG o.s.w.r.r.m.a.ControllerMethodResolver - ControllerAdvice beans: none
03:18:09.864 [Test worker] DEBUG o.s.w.s.a.HttpWebHandlerAdapter - enableLoggingRequestDetails='false': form data and headers will be masked to prevent unsafe logging of potentially sensitive data
03:18:09.864 [Test worker] WARN  o.e.j.s.h.ContextHandler - Empty contextPath
03:18:09.865 [Test worker] INFO  o.e.j.s.h.ContextHandler - Started o.e.j.s.ServletContextHandler@4c67e513{/,null,AVAILABLE}
03:18:09.866 [Test worker] DEBUG o.s.w.t.h.s.r.b.JettyHttpServer - Starting JettyHttpServer...
03:18:09.866 [Test worker] INFO  o.e.j.s.Server - jetty-9.4.30.v20200611; built: 2020-06-11T12:34:51.929Z; git: 271836e4c1f4612f12b7bb13ef5a92a927634b0d; jvm 1.8.0_251-b08
03:18:09.890 [Test worker] INFO  o.e.j.s.AbstractConnector - Started ServerConnector@555a141b{HTTP/1.1, (http/1.1)}{0.0.0.0:57952}
03:18:09.890 [Test worker] INFO  o.e.j.s.Server - Started @78329ms
03:18:09.890 [Test worker] DEBUG o.s.w.t.h.s.r.b.JettyHttpServer - Server started on port 57952(0 millis).
03:18:09.891 [Test worker] DEBUG o.s.w.c.RestTemplate - HTTP GET http://localhost:57952/welcome
03:18:09.891 [Test worker] DEBUG o.s.w.c.RestTemplate - Accept=[text/plain, application/json, application/x-jackson-smile, application/*+json, */*]
03:18:09.900 [qtp1393925731-1395] DEBUG o.s.w.s.a.HttpWebHandlerAdapter - [6609e17e] HTTP GET "/welcome"
03:18:09.901 [qtp1393925731-1395] DEBUG o.s.w.r.r.m.a.RequestMappingHandlerMapping - [6609e17e] Mapped to org.springframework.web.reactive.result.method.annotation.GlobalCorsConfigIntegrationTests$TestController#welcome()
03:18:09.902 [qtp1393925731-1395] DEBUG o.s.w.r.r.m.a.ResponseBodyResultHandler - Using 'text/plain;charset=UTF-8' given [text/plain, application/json, application/x-jackson-smile, application/*+json, */*] and supported [text/plain;charset=UTF-8, text/event-stream, text/plain;charset=UTF-8, */*]
03:18:09.902 [qtp1393925731-1395] DEBUG o.s.w.r.r.m.a.ResponseBodyResultHandler - [6609e17e] 0..1 [java.lang.String]
03:18:09.903 [qtp1393925731-1395] DEBUG o.s.c.c.CharSequenceEncoder - [6609e17e] Writing "welcome"
03:18:09.903 [qtp1393925731-1395] DEBUG o.s.w.s.a.HttpWebHandlerAdapter - [6609e17e] Completed 200 OK
03:18:09.903 [Test worker] DEBUG o.s.w.c.RestTemplate - Response 200 OK
03:18:09.903 [Test worker] DEBUG o.s.w.c.RestTemplate - Reading to [java.lang.String] as "text/plain;charset=utf-8"
03:18:09.904 [Test worker] DEBUG o.s.w.t.h.s.r.b.JettyHttpServer - Stopping JettyHttpServer...
03:18:09.904 [Test worker] INFO  o.e.j.s.h.ContextHandler - Stopped o.e.j.s.ServletContextHandler@4c67e513{/,null,UNAVAILABLE}
03:18:09.906 [Test worker] INFO  o.e.j.s.AbstractConnector - Stopped ServerConnector@555a141b{HTTP/1.1, (http/1.1)}{0.0.0.0:0}
03:18:09.907 [Test worker] DEBUG o.s.w.t.h.s.r.b.JettyHttpServer - Server stopped (0 millis).
03:18:09.963 [Test worker] DEBUG o.s.w.r.r.m.a.RequestMappingHandlerMapping - 5 mappings in 'requestMappingHandlerMapping'
03:18:09.995 [Test worker] DEBUG o.s.w.r.r.m.a.ControllerMethodResolver - ControllerAdvice beans: none
03:18:10.020 [Test worker] DEBUG o.s.w.s.a.HttpWebHandlerAdapter - enableLoggingRequestDetails='false': form data and headers will be masked to prevent unsafe logging of potentially sensitive data
03:18:10.020 [Test worker] DEBUG o.s.w.t.h.s.r.b.ReactorHttpServer - Starting ReactorHttpServer...
03:18:10.021 [Test worker] DEBUG o.s.w.t.h.s.r.b.ReactorHttpServer - Server started on port 57958(0 millis).
03:18:10.021 [Test worker] DEBUG o.s.w.c.RestTemplate - HTTP GET http://localhost:57958/welcome
03:18:10.022 [Test worker] DEBUG o.s.w.c.RestTemplate - Accept=[text/plain, application/json, application/x-jackson-smile, application/*+json, */*]
03:18:10.026 [reactor-http-nio-4] DEBUG o.s.w.s.a.HttpWebHandlerAdapter - [996031c1-17] HTTP GET "/welcome"
03:18:10.027 [reactor-http-nio-4] DEBUG o.s.w.r.r.m.a.RequestMappingHandlerMapping - [996031c1-17] Mapped to org.springframework.web.reactive.result.method.annotation.GlobalCorsConfigIntegrationTests$TestController#welcome()
03:18:10.028 [reactor-http-nio-4] DEBUG o.s.w.r.r.m.a.ResponseBodyResultHandler - Using 'text/plain;charset=UTF-8' given [text/plain, application/json, application/x-jackson-smile, application/*+json, */*] and supported [text/plain;charset=UTF-8, text/event-stream, text/plain;charset=UTF-8, */*]
03:18:10.028 [reactor-http-nio-4] DEBUG o.s.w.r.r.m.a.ResponseBodyResultHandler - [996031c1-17] 0..1 [java.lang.String]
03:18:10.028 [reactor-http-nio-4] DEBUG o.s.c.c.CharSequenceEncoder - [996031c1-17] Writing "welcome"
03:18:10.029 [reactor-http-nio-4] DEBUG o.s.w.s.a.HttpWebHandlerAdapter - [996031c1-17] Completed 200 OK
03:18:10.030 [Test worker] DEBUG o.s.w.c.RestTemplate - Response 200 OK
03:18:10.030 [Test worker] DEBUG o.s.w.c.RestTemplate - Reading to [java.lang.String] as "text/plain;charset=UTF-8"
03:18:10.030 [Test worker] DEBUG o.s.w.t.h.s.r.b.ReactorHttpServer - Stopping ReactorHttpServer...
03:18:10.030 [Test worker] DEBUG o.s.w.t.h.s.r.b.ReactorHttpServer - Server stopped (0 millis).
03:18:10.109 [Test worker] DEBUG o.s.w.r.r.m.a.RequestMappingHandlerMapping - 5 mappings in 'requestMappingHandlerMapping'
03:18:10.152 [Test worker] DEBUG o.s.w.r.r.m.a.ControllerMethodResolver - ControllerAdvice beans: none
03:18:10.172 [Test worker] DEBUG o.s.w.s.a.HttpWebHandlerAdapter - enableLoggingRequestDetails='false': form data and headers will be masked to prevent unsafe logging of potentially sensitive data
03:18:10.173 [Test worker] DEBUG o.s.w.t.h.s.r.b.TomcatHttpServer - Starting TomcatHttpServer...
03:18:10.191 [Test worker] DEBUG o.s.w.t.h.s.r.b.TomcatHttpServer - Server started on port 57960(0 millis).
03:18:10.191 [Test worker] DEBUG o.s.w.c.RestTemplate - HTTP GET http://localhost:57960/welcome
03:18:10.192 [Test worker] DEBUG o.s.w.c.RestTemplate - Accept=[text/plain, application/json, application/x-jackson-smile, application/*+json, */*]
03:18:10.205 [http-nio-auto-16-exec-1] DEBUG o.s.w.s.a.HttpWebHandlerAdapter - [66d72dd5] HTTP GET "/welcome"
03:18:10.205 [http-nio-auto-16-exec-1] DEBUG o.s.w.r.r.m.a.RequestMappingHandlerMapping - [66d72dd5] Mapped to org.springframework.web.reactive.result.method.annotation.GlobalCorsConfigIntegrationTests$TestController#welcome()
03:18:10.206 [http-nio-auto-16-exec-1] DEBUG o.s.w.r.r.m.a.ResponseBodyResultHandler - Using 'text/plain;charset=UTF-8' given [text/plain, application/json, application/x-jackson-smile, application/*+json, */*] and supported [text/plain;charset=UTF-8, text/event-stream, text/plain;charset=UTF-8, */*]
03:18:10.206 [http-nio-auto-16-exec-1] DEBUG o.s.w.r.r.m.a.ResponseBodyResultHandler - [66d72dd5] 0..1 [java.lang.String]
03:18:10.206 [http-nio-auto-16-exec-1] DEBUG o.s.c.c.CharSequenceEncoder - [66d72dd5] Writing "welcome"
03:18:10.207 [http-nio-auto-16-exec-1] DEBUG o.s.w.s.a.HttpWebHandlerAdapter - [66d72dd5] Completed 200 OK
03:18:10.207 [Test worker] DEBUG o.s.w.c.RestTemplate - Response 200 OK
03:18:10.209 [Test worker] DEBUG o.s.w.c.RestTemplate - Reading to [java.lang.String] as "text/plain;charset=UTF-8"
03:18:10.209 [Test worker] DEBUG o.s.w.t.h.s.r.b.TomcatHttpServer - Stopping TomcatHttpServer...
03:18:10.471 [Test worker] DEBUG o.s.w.t.h.s.r.b.TomcatHttpServer - Server stopped (0 millis).
03:18:10.534 [Test worker] DEBUG o.s.w.r.r.m.a.RequestMappingHandlerMapping - 5 mappings in 'requestMappingHandlerMapping'
03:18:10.703 [Test worker] DEBUG o.s.w.r.r.m.a.ControllerMethodResolver - ControllerAdvice beans: none
03:18:10.732 [Test worker] DEBUG o.s.w.s.a.HttpWebHandlerAdapter - enableLoggingRequestDetails='false': form data and headers will be masked to prevent unsafe logging of potentially sensitive data
03:18:10.733 [Test worker] DEBUG o.s.w.t.h.s.r.b.UndertowHttpServer - Starting UndertowHttpServer...
03:18:10.733 [Test worker] INFO  i.undertow - starting server: Undertow - 2.1.3.Final
03:18:10.765 [Test worker] DEBUG o.s.w.t.h.s.r.b.UndertowHttpServer - Server started on port 57978(0 millis).
03:18:10.766 [Test worker] DEBUG o.s.w.c.RestTemplate - HTTP GET http://localhost:57978/welcome
03:18:10.767 [Test worker] DEBUG o.s.w.c.RestTemplate - Accept=[text/plain, application/json, application/x-jackson-smile, application/*+json, */*]
03:18:10.800 [XNIO-15 I/O-1] DEBUG o.s.w.s.a.HttpWebHandlerAdapter - [4b48b5bf] HTTP GET "/welcome"
03:18:10.801 [XNIO-15 I/O-1] DEBUG o.s.w.r.r.m.a.RequestMappingHandlerMapping - [4b48b5bf] Mapped to org.springframework.web.reactive.result.method.annotation.GlobalCorsConfigIntegrationTests$TestController#welcome()
03:18:10.805 [XNIO-15 I/O-1] DEBUG o.s.w.r.r.m.a.ResponseBodyResultHandler - Using 'text/plain;charset=UTF-8' given [text/plain, application/json, application/x-jackson-smile, application/*+json, */*] and supported [text/plain;charset=UTF-8, text/event-stream, text/plain;charset=UTF-8, */*]
03:18:10.805 [XNIO-15 I/O-1] DEBUG o.s.w.r.r.m.a.ResponseBodyResultHandler - [4b48b5bf] 0..1 [java.lang.String]
03:18:10.805 [XNIO-15 I/O-1] DEBUG o.s.c.c.CharSequenceEncoder - [4b48b5bf] Writing "welcome"
03:18:10.806 [XNIO-15 I/O-1] DEBUG o.s.w.s.a.HttpWebHandlerAdapter - [4b48b5bf] Completed 200 OK
03:18:10.806 [Test worker] DEBUG o.s.w.c.RestTemplate - Response 200 OK
03:18:10.806 [Test worker] DEBUG o.s.w.c.RestTemplate - Reading to [java.lang.String] as "text/plain;charset=UTF-8"
03:18:10.806 [Test worker] DEBUG o.s.w.t.h.s.r.b.UndertowHttpServer - Stopping UndertowHttpServer...
03:18:10.806 [Test worker] INFO  i.undertow - stopping server: Undertow - 2.1.3.Final
03:18:10.813 [Test worker] DEBUG o.s.w.t.h.s.r.b.UndertowHttpServer - Server stopped (0 millis).
03:18:10.875 [Test worker] DEBUG o.s.w.r.r.m.a.RequestMappingHandlerMapping - 5 mappings in 'requestMappingHandlerMapping'
03:18:10.903 [Test worker] DEBUG o.s.w.r.r.m.a.ControllerMethodResolver - ControllerAdvice beans: none
03:18:10.926 [Test worker] DEBUG o.s.w.s.a.HttpWebHandlerAdapter - enableLoggingRequestDetails='false': form data and headers will be masked to prevent unsafe logging of potentially sensitive data
03:18:10.926 [Test worker] WARN  o.e.j.s.h.ContextHandler - Empty contextPath
03:18:10.926 [Test worker] INFO  o.e.j.s.h.ContextHandler - Started o.e.j.s.ServletContextHandler@2384ddc6{/,null,AVAILABLE}
03:18:10.927 [Test worker] DEBUG o.s.w.t.h.s.r.b.JettyHttpServer - Starting JettyHttpServer...
03:18:10.927 [Test worker] INFO  o.e.j.s.Server - jetty-9.4.30.v20200611; built: 2020-06-11T12:34:51.929Z; git: 271836e4c1f4612f12b7bb13ef5a92a927634b0d; jvm 1.8.0_251-b08
03:18:10.931 [Test worker] INFO  o.e.j.s.AbstractConnector - Started ServerConnector@79b04104{HTTP/1.1, (http/1.1)}{0.0.0.0:57980}
03:18:10.932 [Test worker] INFO  o.e.j.s.Server - Started @79370ms
03:18:10.932 [Test worker] DEBUG o.s.w.t.h.s.r.b.JettyHttpServer - Server started on port 57980(0 millis).
03:18:10.932 [Test worker] DEBUG o.s.w.c.RestTemplate - HTTP OPTIONS http://localhost:57980/welcome
03:18:10.933 [Test worker] DEBUG o.s.w.c.RestTemplate - Accept=[text/plain, application/json, application/x-jackson-smile, application/*+json, */*]
03:18:10.936 [qtp1258659477-1437] DEBUG o.s.w.s.a.HttpWebHandlerAdapter - [6bd55ed1] HTTP OPTIONS "/welcome"
03:18:10.937 [qtp1258659477-1437] DEBUG o.s.w.r.r.m.a.RequestMappingHandlerMapping - [6bd55ed1] Mapped to org.springframework.web.reactive.result.method.annotation.GlobalCorsConfigIntegrationTests$TestController#welcome()
03:18:10.937 [qtp1258659477-1437] DEBUG o.s.w.s.a.HttpWebHandlerAdapter - [6bd55ed1] Completed 403 FORBIDDEN
03:18:10.938 [Test worker] DEBUG o.s.w.c.RestTemplate - Response 403 FORBIDDEN
03:18:10.938 [Test worker] DEBUG o.s.w.t.h.s.r.b.JettyHttpServer - Stopping JettyHttpServer...
03:18:10.939 [Test worker] INFO  o.e.j.s.h.ContextHandler - Stopped o.e.j.s.ServletContextHandler@2384ddc6{/,null,UNAVAILABLE}
03:18:10.941 [Test worker] INFO  o.e.j.s.AbstractConnector - Stopped ServerConnector@79b04104{HTTP/1.1, (http/1.1)}{0.0.0.0:0}
03:18:10.942 [Test worker] DEBUG o.s.w.t.h.s.r.b.JettyHttpServer - Server stopped (0 millis).
03:18:11.041 [Test worker] DEBUG o.s.w.r.r.m.a.RequestMappingHandlerMapping - 5 mappings in 'requestMappingHandlerMapping'
03:18:11.098 [Test worker] DEBUG o.s.w.r.r.m.a.ControllerMethodResolver - ControllerAdvice beans: none
03:18:11.134 [Test worker] DEBUG o.s.w.s.a.HttpWebHandlerAdapter - enableLoggingRequestDetails='false': form data and headers will be masked to prevent unsafe logging of potentially sensitive data
03:18:11.134 [Test worker] DEBUG o.s.w.t.h.s.r.b.ReactorHttpServer - Starting ReactorHttpServer...
03:18:11.135 [Test worker] DEBUG o.s.w.t.h.s.r.b.ReactorHttpServer - Server started on port 57986(0 millis).
03:18:11.135 [Test worker] DEBUG o.s.w.c.RestTemplate - HTTP OPTIONS http://localhost:57986/welcome
03:18:11.135 [Test worker] DEBUG o.s.w.c.RestTemplate - Accept=[text/plain, application/json, application/x-jackson-smile, application/*+json, */*]
03:18:11.139 [reactor-http-nio-2] DEBUG o.s.w.s.a.HttpWebHandlerAdapter - [e629e129-18] HTTP OPTIONS "/welcome"
03:18:11.139 [reactor-http-nio-2] DEBUG o.s.w.r.r.m.a.RequestMappingHandlerMapping - [e629e129-18] Mapped to org.springframework.web.reactive.result.method.annotation.GlobalCorsConfigIntegrationTests$TestController#welcome()
03:18:11.139 [reactor-http-nio-2] DEBUG o.s.w.s.a.HttpWebHandlerAdapter - [e629e129-18] Completed 403 FORBIDDEN
03:18:11.141 [Test worker] DEBUG o.s.w.c.RestTemplate - Response 403 FORBIDDEN
03:18:11.141 [Test worker] DEBUG o.s.w.t.h.s.r.b.ReactorHttpServer - Stopping ReactorHttpServer...
03:18:11.141 [Test worker] DEBUG o.s.w.t.h.s.r.b.ReactorHttpServer - Server stopped (0 millis).
03:18:11.200 [Test worker] DEBUG o.s.w.r.r.m.a.RequestMappingHandlerMapping - 5 mappings in 'requestMappingHandlerMapping'
03:18:11.229 [Test worker] DEBUG o.s.w.r.r.m.a.ControllerMethodResolver - ControllerAdvice beans: none
03:18:11.283 [Test worker] DEBUG o.s.w.s.a.HttpWebHandlerAdapter - enableLoggingRequestDetails='false': form data and headers will be masked to prevent unsafe logging of potentially sensitive data
03:18:11.284 [Test worker] DEBUG o.s.w.t.h.s.r.b.TomcatHttpServer - Starting TomcatHttpServer...
03:18:11.301 [Test worker] DEBUG o.s.w.t.h.s.r.b.TomcatHttpServer - Server started on port 57988(0 millis).
03:18:11.302 [Test worker] DEBUG o.s.w.c.RestTemplate - HTTP OPTIONS http://localhost:57988/welcome
03:18:11.302 [Test worker] DEBUG o.s.w.c.RestTemplate - Accept=[text/plain, application/json, application/x-jackson-smile, application/*+json, */*]
03:18:11.412 [http-nio-auto-17-exec-1] DEBUG o.s.w.s.a.HttpWebHandlerAdapter - [1f27bfc5] HTTP OPTIONS "/welcome"
03:18:11.412 [http-nio-auto-17-exec-1] DEBUG o.s.w.r.r.m.a.RequestMappingHandlerMapping - [1f27bfc5] Mapped to org.springframework.web.reactive.result.method.annotation.GlobalCorsConfigIntegrationTests$TestController#welcome()
03:18:11.413 [http-nio-auto-17-exec-1] DEBUG o.s.w.s.a.HttpWebHandlerAdapter - [1f27bfc5] Completed 403 FORBIDDEN
03:18:11.414 [Test worker] DEBUG o.s.w.c.RestTemplate - Response 403 FORBIDDEN
03:18:11.414 [Test worker] DEBUG o.s.w.t.h.s.r.b.TomcatHttpServer - Stopping TomcatHttpServer...
03:18:11.802 [Test worker] DEBUG o.s.w.t.h.s.r.b.TomcatHttpServer - Server stopped (0 millis).
03:18:11.926 [Test worker] DEBUG o.s.w.r.r.m.a.RequestMappingHandlerMapping - 5 mappings in 'requestMappingHandlerMapping'
03:18:11.996 [Test worker] DEBUG o.s.w.r.r.m.a.ControllerMethodResolver - ControllerAdvice beans: none
03:18:12.051 [Test worker] DEBUG o.s.w.s.a.HttpWebHandlerAdapter - enableLoggingRequestDetails='false': form data and headers will be masked to prevent unsafe logging of potentially sensitive data
03:18:12.051 [Test worker] DEBUG o.s.w.t.h.s.r.b.UndertowHttpServer - Starting UndertowHttpServer...
03:18:12.051 [Test worker] INFO  i.undertow - starting server: Undertow - 2.1.3.Final
03:18:12.061 [Test worker] DEBUG o.s.w.t.h.s.r.b.UndertowHttpServer - Server started on port 58006(0 millis).
03:18:12.062 [Test worker] DEBUG o.s.w.c.RestTemplate - HTTP OPTIONS http://localhost:58006/welcome
03:18:12.063 [Test worker] DEBUG o.s.w.c.RestTemplate - Accept=[text/plain, application/json, application/x-jackson-smile, application/*+json, */*]
03:18:12.109 [XNIO-16 I/O-4] DEBUG o.s.w.s.a.HttpWebHandlerAdapter - [55db8bc7] HTTP OPTIONS "/welcome"
03:18:12.110 [XNIO-16 I/O-4] DEBUG o.s.w.r.r.m.a.RequestMappingHandlerMapping - [55db8bc7] Mapped to org.springframework.web.reactive.result.method.annotation.GlobalCorsConfigIntegrationTests$TestController#welcome()
03:18:12.110 [XNIO-16 I/O-4] DEBUG o.s.w.s.a.HttpWebHandlerAdapter - [55db8bc7] Completed 403 FORBIDDEN
03:18:12.111 [Test worker] DEBUG o.s.w.c.RestTemplate - Response 403 FORBIDDEN
03:18:12.111 [Test worker] DEBUG o.s.w.t.h.s.r.b.UndertowHttpServer - Stopping UndertowHttpServer...
03:18:12.111 [Test worker] INFO  i.undertow - stopping server: Undertow - 2.1.3.Final
03:18:12.115 [Test worker] DEBUG o.s.w.t.h.s.r.b.UndertowHttpServer - Server stopped (0 millis).
]]></system-out>
  <system-err><![CDATA[]]></system-err>
</testsuite>
