<?xml version="1.0" encoding="UTF-8"?>
<testsuite name="org.springframework.web.reactive.result.method.annotation.InitBinderBindingContextTests" tests="7" skipped="0" failures="0" errors="0" timestamp="2023-03-06T08:14:57" hostname="DESKTOP-VGJP1PJ" time="0.187">
  <properties/>
  <testcase name="createBinderNullAttrName()" classname="org.springframework.web.reactive.result.method.annotation.InitBinderBindingContextTests" time="0.031"/>
  <testcase name="createBinderWithAttrNameNoMatch()" classname="org.springframework.web.reactive.result.method.annotation.InitBinderBindingContextTests" time="0.001"/>
  <testcase name="createBinderWithGlobalInitialization()" classname="org.springframework.web.reactive.result.method.annotation.InitBinderBindingContextTests" time="0.008"/>
  <testcase name="createBinderTypeConversion()" classname="org.springframework.web.reactive.result.method.annotation.InitBinderBindingContextTests" time="0.048"/>
  <testcase name="returnValueNotExpected()" classname="org.springframework.web.reactive.result.method.annotation.InitBinderBindingContextTests" time="0.009"/>
  <testcase name="createBinder()" classname="org.springframework.web.reactive.result.method.annotation.InitBinderBindingContextTests" time="0.078"/>
  <testcase name="createBinderWithAttrName()" classname="org.springframework.web.reactive.result.method.annotation.InitBinderBindingContextTests" time="0.005"/>
  <system-out><![CDATA[]]></system-out>
  <system-err><![CDATA[]]></system-err>
</testsuite>
