<?xml version="1.0" encoding="UTF-8"?>
<testsuite name="org.springframework.web.reactive.result.method.annotation.MatrixVariablesMapMethodArgumentResolverTests" tests="5" skipped="0" failures="0" errors="0" timestamp="2023-03-06T08:13:33" hostname="DESKTOP-VGJP1PJ" time="0.095">
  <properties/>
  <testcase name="resolveArgumentNoMatch()" classname="org.springframework.web.reactive.result.method.annotation.MatrixVariablesMapMethodArgumentResolverTests" time="0.008"/>
  <testcase name="resolveArgumentPathVariable()" classname="org.springframework.web.reactive.result.method.annotation.MatrixVariablesMapMethodArgumentResolverTests" time="0.05"/>
  <testcase name="resolveArgumentNoParams()" classname="org.springframework.web.reactive.result.method.annotation.MatrixVariablesMapMethodArgumentResolverTests" time="0.01"/>
  <testcase name="resolveArgument()" classname="org.springframework.web.reactive.result.method.annotation.MatrixVariablesMapMethodArgumentResolverTests" time="0.014"/>
  <testcase name="supportsParameter()" classname="org.springframework.web.reactive.result.method.annotation.MatrixVariablesMapMethodArgumentResolverTests" time="0.004"/>
  <system-out><![CDATA[]]></system-out>
  <system-err><![CDATA[]]></system-err>
</testsuite>
