<?xml version="1.0" encoding="UTF-8"?>
<testsuite name="org.springframework.web.reactive.result.method.annotation.SessionAttributesHandlerTests" tests="4" skipped="0" failures="0" errors="0" timestamp="2023-03-06T08:15:18" hostname="DESKTOP-VGJP1PJ" time="0.006">
  <properties/>
  <testcase name="storeAttributes()" classname="org.springframework.web.reactive.result.method.annotation.SessionAttributesHandlerTests" time="0.003"/>
  <testcase name="cleanupAttributes()" classname="org.springframework.web.reactive.result.method.annotation.SessionAttributesHandlerTests" time="0.0"/>
  <testcase name="retrieveAttributes()" classname="org.springframework.web.reactive.result.method.annotation.SessionAttributesHandlerTests" time="0.001"/>
  <testcase name="isSessionAttribute()" classname="org.springframework.web.reactive.result.method.annotation.SessionAttributesHandlerTests" time="0.0"/>
  <system-out><![CDATA[]]></system-out>
  <system-err><![CDATA[]]></system-err>
</testsuite>
