<?xml version="1.0" encoding="UTF-8"?>
<testsuite name="org.springframework.web.reactive.function.server.InvalidHttpMethodIntegrationTests" tests="4" skipped="0" failures="0" errors="0" timestamp="2023-03-06T08:17:35" hostname="DESKTOP-VGJP1PJ" time="6.825">
  <properties/>
  <testcase name="invalidHttpMethod(HttpServer)[1]" classname="org.springframework.web.reactive.function.server.InvalidHttpMethodIntegrationTests" time="0.709"/>
  <testcase name="invalidHttpMethod(HttpServer)[2]" classname="org.springframework.web.reactive.function.server.InvalidHttpMethodIntegrationTests" time="0.041"/>
  <testcase name="invalidHttpMethod(HttpServer)[3]" classname="org.springframework.web.reactive.function.server.InvalidHttpMethodIntegrationTests" time="5.547"/>
  <testcase name="invalidHttpMethod(HttpServer)[4]" classname="org.springframework.web.reactive.function.server.InvalidHttpMethodIntegrationTests" time="0.527"/>
  <system-out><![CDATA[03:17:35.711 [Test worker] DEBUG o.s.w.s.a.HttpWebHandlerAdapter - enableLoggingRequestDetails='false': form data and headers will be masked to prevent unsafe logging of potentially sensitive data
03:17:35.711 [Test worker] WARN  o.e.j.s.h.ContextHandler - Empty contextPath
03:17:35.712 [Test worker] INFO  o.e.j.s.h.ContextHandler - Started o.e.j.s.ServletContextHandler@13c2dfc7{/,null,AVAILABLE}
03:17:35.712 [Test worker] DEBUG o.s.w.t.h.s.r.b.JettyHttpServer - Starting JettyHttpServer...
03:17:35.712 [Test worker] INFO  o.e.j.s.Server - jetty-9.4.30.v20200611; built: 2020-06-11T12:34:51.929Z; git: 271836e4c1f4612f12b7bb13ef5a92a927634b0d; jvm 1.8.0_251-b08
03:17:35.717 [Test worker] INFO  o.e.j.s.AbstractConnector - Started ServerConnector@4cbfe41{HTTP/1.1, (http/1.1)}{0.0.0.0:57473}
03:17:35.717 [Test worker] INFO  o.e.j.s.Server - Started @44156ms
03:17:35.717 [Test worker] DEBUG o.s.w.t.h.s.r.b.JettyHttpServer - Server started on port 57473(0 millis).
03:17:36.249 [qtp298266252-833] DEBUG o.s.w.s.a.HttpWebHandlerAdapter - [654f04b9] HTTP null "/"
03:17:36.262 [qtp298266252-833] DEBUG o.s.c.c.CharSequenceEncoder - [654f04b9] Writing "BAR"
03:17:36.270 [qtp298266252-833] DEBUG o.s.w.s.a.HttpWebHandlerAdapter - [654f04b9] Completed 200 OK
03:17:36.309 [Test worker] DEBUG o.s.w.t.h.s.r.b.JettyHttpServer - Stopping JettyHttpServer...
03:17:36.309 [Test worker] INFO  o.e.j.s.h.ContextHandler - Stopped o.e.j.s.ServletContextHandler@13c2dfc7{/,null,UNAVAILABLE}
03:17:36.316 [Test worker] INFO  o.e.j.s.AbstractConnector - Stopped ServerConnector@4cbfe41{HTTP/1.1, (http/1.1)}{0.0.0.0:0}
03:17:36.319 [Test worker] DEBUG o.s.w.t.h.s.r.b.JettyHttpServer - Server stopped (0 millis).
03:17:36.344 [Test worker] DEBUG o.s.w.s.a.HttpWebHandlerAdapter - enableLoggingRequestDetails='false': form data and headers will be masked to prevent unsafe logging of potentially sensitive data
03:17:36.344 [Test worker] DEBUG o.s.w.t.h.s.r.b.ReactorHttpServer - Starting ReactorHttpServer...
03:17:36.347 [Test worker] DEBUG o.s.w.t.h.s.r.b.ReactorHttpServer - Server started on port 57479(0 millis).
03:17:36.354 [reactor-http-nio-4] DEBUG o.s.w.s.a.HttpWebHandlerAdapter - [b12f6c8a-4] HTTP null "/"
03:17:36.355 [reactor-http-nio-4] DEBUG o.s.c.c.CharSequenceEncoder - [b12f6c8a-4] Writing "BAR"
03:17:36.357 [reactor-http-nio-4] DEBUG o.s.w.s.a.HttpWebHandlerAdapter - [b12f6c8a-4] Completed 200 OK
03:17:36.360 [Test worker] DEBUG o.s.w.t.h.s.r.b.ReactorHttpServer - Stopping ReactorHttpServer...
03:17:36.361 [Test worker] DEBUG o.s.w.t.h.s.r.b.ReactorHttpServer - Server stopped (0 millis).
03:17:36.409 [Test worker] DEBUG o.s.w.s.a.HttpWebHandlerAdapter - enableLoggingRequestDetails='false': form data and headers will be masked to prevent unsafe logging of potentially sensitive data
03:17:36.411 [Test worker] DEBUG o.s.w.t.h.s.r.b.TomcatHttpServer - Starting TomcatHttpServer...
03:17:36.429 [Test worker] DEBUG o.s.w.t.h.s.r.b.TomcatHttpServer - Server started on port 57481(0 millis).
03:17:36.773 [http-nio-auto-4-exec-1] DEBUG o.s.w.s.a.HttpWebHandlerAdapter - [bd08630] HTTP null "/"
03:17:36.774 [http-nio-auto-4-exec-1] DEBUG o.s.c.c.CharSequenceEncoder - [bd08630] Writing "BAR"
03:17:36.781 [http-nio-auto-4-exec-1] DEBUG o.s.w.s.a.HttpWebHandlerAdapter - [bd08630] Completed 200 OK
03:17:36.782 [Test worker] DEBUG o.s.w.t.h.s.r.b.TomcatHttpServer - Stopping TomcatHttpServer...
03:17:41.908 [Test worker] DEBUG o.s.w.t.h.s.r.b.TomcatHttpServer - Server stopped (0 millis).
03:17:41.925 [Test worker] DEBUG o.s.w.s.a.HttpWebHandlerAdapter - enableLoggingRequestDetails='false': form data and headers will be masked to prevent unsafe logging of potentially sensitive data
03:17:41.925 [Test worker] DEBUG o.s.w.t.h.s.r.b.UndertowHttpServer - Starting UndertowHttpServer...
03:17:41.925 [Test worker] INFO  i.undertow - starting server: Undertow - 2.1.3.Final
03:17:41.938 [Test worker] DEBUG o.s.w.t.h.s.r.b.UndertowHttpServer - Server started on port 57531(0 millis).
03:17:42.398 [XNIO-4 I/O-2] DEBUG o.s.w.s.a.HttpWebHandlerAdapter - [a7686a2] HTTP null "/"
03:17:42.399 [XNIO-4 I/O-2] DEBUG o.s.c.c.CharSequenceEncoder - [a7686a2] Writing "BAR"
03:17:42.425 [Test worker] DEBUG o.s.w.t.h.s.r.b.UndertowHttpServer - Stopping UndertowHttpServer...
03:17:42.425 [Test worker] INFO  i.undertow - stopping server: Undertow - 2.1.3.Final
03:17:42.427 [XNIO-4 I/O-2] DEBUG o.s.w.s.a.HttpWebHandlerAdapter - [a7686a2] Completed 200 OK
03:17:42.436 [Test worker] DEBUG o.s.w.t.h.s.r.b.UndertowHttpServer - Server stopped (0 millis).
]]></system-out>
  <system-err><![CDATA[]]></system-err>
</testsuite>
