<?xml version="1.0" encoding="UTF-8"?>
<testsuite name="org.springframework.web.reactive.function.server.ServerRequestExtensionsTests" tests="21" skipped="0" failures="0" errors="0" timestamp="2023-03-06T08:19:06" hostname="DESKTOP-VGJP1PJ" time="1.065">
  <properties/>
  <testcase name="awaitMultipartData()" classname="org.springframework.web.reactive.function.server.ServerRequestExtensionsTests" time="0.322"/>
  <testcase name="bodyToMono with reified type parameters()" classname="org.springframework.web.reactive.function.server.ServerRequestExtensionsTests" time="0.018"/>
  <testcase name="queryParamOrNull with null()" classname="org.springframework.web.reactive.function.server.ServerRequestExtensionsTests" time="0.013"/>
  <testcase name="contentTypeOrNull with value()" classname="org.springframework.web.reactive.function.server.ServerRequestExtensionsTests" time="0.075"/>
  <testcase name="bodyToFlow with reified type parameters()" classname="org.springframework.web.reactive.function.server.ServerRequestExtensionsTests" time="0.013"/>
  <testcase name="contentLengthOrNull with value()" classname="org.springframework.web.reactive.function.server.ServerRequestExtensionsTests" time="0.072"/>
  <testcase name="queryParamOrNull with values()" classname="org.springframework.web.reactive.function.server.ServerRequestExtensionsTests" time="0.01"/>
  <testcase name="queryParamOrNull with value()" classname="org.springframework.web.reactive.function.server.ServerRequestExtensionsTests" time="0.011"/>
  <testcase name="attributeOrNull with null()" classname="org.springframework.web.reactive.function.server.ServerRequestExtensionsTests" time="0.112"/>
  <testcase name="remoteAddressOrNull with value()" classname="org.springframework.web.reactive.function.server.ServerRequestExtensionsTests" time="0.016"/>
  <testcase name="awaitFormData()" classname="org.springframework.web.reactive.function.server.ServerRequestExtensionsTests" time="0.024"/>
  <testcase name="queryParamOrNull with null value()" classname="org.springframework.web.reactive.function.server.ServerRequestExtensionsTests" time="0.012"/>
  <testcase name="contentTypeOrNull with null()" classname="org.springframework.web.reactive.function.server.ServerRequestExtensionsTests" time="0.013"/>
  <testcase name="attributeOrNull with value()" classname="org.springframework.web.reactive.function.server.ServerRequestExtensionsTests" time="0.014"/>
  <testcase name="bodyToFlux with reified type parameters()" classname="org.springframework.web.reactive.function.server.ServerRequestExtensionsTests" time="0.023"/>
  <testcase name="awaitPrincipal()" classname="org.springframework.web.reactive.function.server.ServerRequestExtensionsTests" time="0.1"/>
  <testcase name="contentLengthOrNull with null()" classname="org.springframework.web.reactive.function.server.ServerRequestExtensionsTests" time="0.008"/>
  <testcase name="awaitBody()" classname="org.springframework.web.reactive.function.server.ServerRequestExtensionsTests" time="0.013"/>
  <testcase name="remoteAddressOrNull with null()" classname="org.springframework.web.reactive.function.server.ServerRequestExtensionsTests" time="0.007"/>
  <testcase name="awaitSession()" classname="org.springframework.web.reactive.function.server.ServerRequestExtensionsTests" time="0.116"/>
  <testcase name="awaitBodyOrNull()" classname="org.springframework.web.reactive.function.server.ServerRequestExtensionsTests" time="0.024"/>
  <system-out><![CDATA[]]></system-out>
  <system-err><![CDATA[]]></system-err>
</testsuite>
