<?xml version="1.0" encoding="UTF-8"?>
<testsuite name="org.springframework.web.reactive.function.server.DefaultServerRequestBuilderTests" tests="1" skipped="0" failures="0" errors="0" timestamp="2023-03-06T08:12:52" hostname="DESKTOP-VGJP1PJ" time="0.429">
  <properties/>
  <testcase name="from()" classname="org.springframework.web.reactive.function.server.DefaultServerRequestBuilderTests" time="0.429"/>
  <system-out><![CDATA[03:12:52.474 [Test worker] DEBUG o.s.c.c.StringDecoder - [ce03e57] Decoded "baz"
]]></system-out>
  <system-err><![CDATA[]]></system-err>
</testsuite>
