<?xml version="1.0" encoding="UTF-8"?>
<testsuite name="org.springframework.web.reactive.config.CorsRegistryTests" tests="3" skipped="0" failures="0" errors="0" timestamp="2023-03-06T08:16:58" hostname="DESKTOP-VGJP1PJ" time="0.324">
  <properties/>
  <testcase name="customizedMapping()" classname="org.springframework.web.reactive.config.CorsRegistryTests" time="0.315"/>
  <testcase name="noMapping()" classname="org.springframework.web.reactive.config.CorsRegistryTests" time="0.002"/>
  <testcase name="multipleMappings()" classname="org.springframework.web.reactive.config.CorsRegistryTests" time="0.003"/>
  <system-out><![CDATA[]]></system-out>
  <system-err><![CDATA[]]></system-err>
</testsuite>
