<?xml version="1.0" encoding="UTF-8"?>
<testsuite name="org.springframework.web.reactive.result.method.annotation.ControllerMethodResolverTests" tests="5" skipped="0" failures="0" errors="0" timestamp="2023-03-06T08:16:05" hostname="DESKTOP-VGJP1PJ" time="0.335">
  <properties/>
  <testcase name="requestMappingArgumentResolvers()" classname="org.springframework.web.reactive.result.method.annotation.ControllerMethodResolverTests" time="0.138"/>
  <testcase name="exceptionHandlerArgumentResolvers()" classname="org.springframework.web.reactive.result.method.annotation.ControllerMethodResolverTests" time="0.064"/>
  <testcase name="initBinderArgumentResolvers()" classname="org.springframework.web.reactive.result.method.annotation.ControllerMethodResolverTests" time="0.078"/>
  <testcase name="modelAttributeArgumentResolvers()" classname="org.springframework.web.reactive.result.method.annotation.ControllerMethodResolverTests" time="0.034"/>
  <testcase name="exceptionHandlerFromControllerAdvice()" classname="org.springframework.web.reactive.result.method.annotation.ControllerMethodResolverTests" time="0.02"/>
  <system-out><![CDATA[03:16:05.098 [Test worker] DEBUG o.s.w.r.r.m.a.ControllerMethodResolver - ControllerAdvice beans: 1 @ModelAttribute, 1 @InitBinder, 1 @ExceptionHandler
03:16:05.213 [Test worker] DEBUG o.s.w.r.r.m.a.ControllerMethodResolver - ControllerAdvice beans: 1 @ModelAttribute, 1 @InitBinder, 1 @ExceptionHandler
03:16:05.285 [Test worker] DEBUG o.s.w.r.r.m.a.ControllerMethodResolver - ControllerAdvice beans: 1 @ModelAttribute, 1 @InitBinder, 1 @ExceptionHandler
03:16:05.322 [Test worker] DEBUG o.s.w.r.r.m.a.ControllerMethodResolver - ControllerAdvice beans: 1 @ModelAttribute, 1 @InitBinder, 1 @ExceptionHandler
03:16:05.344 [Test worker] DEBUG o.s.w.r.r.m.a.ControllerMethodResolver - ControllerAdvice beans: 1 @ModelAttribute, 1 @InitBinder, 1 @ExceptionHandler
]]></system-out>
  <system-err><![CDATA[]]></system-err>
</testsuite>
