<?xml version="1.0" encoding="UTF-8"?>
<testsuite name="org.springframework.web.reactive.result.method.annotation.RequestMappingExceptionHandlingIntegrationTests" tests="24" skipped="0" failures="0" errors="0" timestamp="2023-03-06T08:14:58" hostname="DESKTOP-VGJP1PJ" time="9.556">
  <properties/>
  <testcase name="errorBeforeFirstItem(HttpServer)[1]" classname="org.springframework.web.reactive.result.method.annotation.RequestMappingExceptionHandlingIntegrationTests" time="0.261"/>
  <testcase name="errorBeforeFirstItem(HttpServer)[2]" classname="org.springframework.web.reactive.result.method.annotation.RequestMappingExceptionHandlingIntegrationTests" time="0.116"/>
  <testcase name="errorBeforeFirstItem(HttpServer)[3]" classname="org.springframework.web.reactive.result.method.annotation.RequestMappingExceptionHandlingIntegrationTests" time="0.558"/>
  <testcase name="errorBeforeFirstItem(HttpServer)[4]" classname="org.springframework.web.reactive.result.method.annotation.RequestMappingExceptionHandlingIntegrationTests" time="0.159"/>
  <testcase name="thrownExceptionWithCauseToHandle(HttpServer)[1]" classname="org.springframework.web.reactive.result.method.annotation.RequestMappingExceptionHandlingIntegrationTests" time="0.11"/>
  <testcase name="thrownExceptionWithCauseToHandle(HttpServer)[2]" classname="org.springframework.web.reactive.result.method.annotation.RequestMappingExceptionHandlingIntegrationTests" time="0.139"/>
  <testcase name="thrownExceptionWithCauseToHandle(HttpServer)[3]" classname="org.springframework.web.reactive.result.method.annotation.RequestMappingExceptionHandlingIntegrationTests" time="0.524"/>
  <testcase name="thrownExceptionWithCauseToHandle(HttpServer)[4]" classname="org.springframework.web.reactive.result.method.annotation.RequestMappingExceptionHandlingIntegrationTests" time="0.114"/>
  <testcase name="exceptionFromMethodWithProducesCondition(HttpServer)[1]" classname="org.springframework.web.reactive.result.method.annotation.RequestMappingExceptionHandlingIntegrationTests" time="0.19"/>
  <testcase name="exceptionFromMethodWithProducesCondition(HttpServer)[2]" classname="org.springframework.web.reactive.result.method.annotation.RequestMappingExceptionHandlingIntegrationTests" time="0.147"/>
  <testcase name="exceptionFromMethodWithProducesCondition(HttpServer)[3]" classname="org.springframework.web.reactive.result.method.annotation.RequestMappingExceptionHandlingIntegrationTests" time="0.465"/>
  <testcase name="exceptionFromMethodWithProducesCondition(HttpServer)[4]" classname="org.springframework.web.reactive.result.method.annotation.RequestMappingExceptionHandlingIntegrationTests" time="0.123"/>
  <testcase name="thrownException(HttpServer)[1]" classname="org.springframework.web.reactive.result.method.annotation.RequestMappingExceptionHandlingIntegrationTests" time="0.15"/>
  <testcase name="thrownException(HttpServer)[2]" classname="org.springframework.web.reactive.result.method.annotation.RequestMappingExceptionHandlingIntegrationTests" time="0.109"/>
  <testcase name="thrownException(HttpServer)[3]" classname="org.springframework.web.reactive.result.method.annotation.RequestMappingExceptionHandlingIntegrationTests" time="0.505"/>
  <testcase name="thrownException(HttpServer)[4]" classname="org.springframework.web.reactive.result.method.annotation.RequestMappingExceptionHandlingIntegrationTests" time="0.121"/>
  <testcase name="exceptionAfterSeveralItems(HttpServer)[1]" classname="org.springframework.web.reactive.result.method.annotation.RequestMappingExceptionHandlingIntegrationTests" time="0.774"/>
  <testcase name="exceptionAfterSeveralItems(HttpServer)[2]" classname="org.springframework.web.reactive.result.method.annotation.RequestMappingExceptionHandlingIntegrationTests" time="1.305"/>
  <testcase name="exceptionAfterSeveralItems(HttpServer)[3]" classname="org.springframework.web.reactive.result.method.annotation.RequestMappingExceptionHandlingIntegrationTests" time="1.853"/>
  <testcase name="exceptionAfterSeveralItems(HttpServer)[4]" classname="org.springframework.web.reactive.result.method.annotation.RequestMappingExceptionHandlingIntegrationTests" time="0.627"/>
  <testcase name="thrownExceptionWithCause(HttpServer)[1]" classname="org.springframework.web.reactive.result.method.annotation.RequestMappingExceptionHandlingIntegrationTests" time="0.228"/>
  <testcase name="thrownExceptionWithCause(HttpServer)[2]" classname="org.springframework.web.reactive.result.method.annotation.RequestMappingExceptionHandlingIntegrationTests" time="0.078"/>
  <testcase name="thrownExceptionWithCause(HttpServer)[3]" classname="org.springframework.web.reactive.result.method.annotation.RequestMappingExceptionHandlingIntegrationTests" time="0.373"/>
  <testcase name="thrownExceptionWithCause(HttpServer)[4]" classname="org.springframework.web.reactive.result.method.annotation.RequestMappingExceptionHandlingIntegrationTests" time="0.117"/>
  <system-out><![CDATA[03:14:58.244 [Test worker] DEBUG o.s.w.r.r.m.a.RequestMappingHandlerMapping - 6 mappings in 'requestMappingHandlerMapping'
03:14:58.321 [Test worker] DEBUG o.s.w.r.r.m.a.ControllerMethodResolver - ControllerAdvice beans: none
03:14:58.343 [Test worker] DEBUG o.s.w.s.a.HttpWebHandlerAdapter - enableLoggingRequestDetails='false': form data and headers will be masked to prevent unsafe logging of potentially sensitive data
03:14:58.343 [Test worker] WARN  o.e.j.s.h.ContextHandler - Empty contextPath
03:14:58.344 [Test worker] INFO  o.e.j.s.h.ContextHandler - Started o.e.j.s.ServletContextHandler@548ca49a{/,null,AVAILABLE}
03:14:58.345 [Test worker] DEBUG o.s.w.t.h.s.r.b.JettyHttpServer - Starting JettyHttpServer...
03:14:58.345 [Test worker] INFO  o.e.j.s.Server - jetty-9.4.30.v20200611; built: 2020-06-11T12:34:51.929Z; git: 271836e4c1f4612f12b7bb13ef5a92a927634b0d; jvm 1.8.0_251-b08
03:14:58.352 [Test worker] INFO  o.e.j.s.AbstractConnector - Started ServerConnector@4282909b{HTTP/1.1, (http/1.1)}{0.0.0.0:55162}
03:14:58.352 [Test worker] INFO  o.e.j.s.Server - Started @58789ms
03:14:58.352 [Test worker] DEBUG o.s.w.t.h.s.r.b.JettyHttpServer - Server started on port 55162(0 millis).
03:14:58.352 [Test worker] DEBUG o.s.w.c.RestTemplate - HTTP GET http://localhost:55162/mono-error
03:14:58.352 [Test worker] DEBUG o.s.w.c.RestTemplate - Accept=[text/plain, application/json, application/x-jackson-smile, application/*+json, */*]
03:14:58.355 [qtp477874635-515] DEBUG o.s.w.s.a.HttpWebHandlerAdapter - [643e4d75] HTTP GET "/mono-error"
03:14:58.356 [qtp477874635-515] DEBUG o.s.w.r.r.m.a.RequestMappingHandlerMapping - [643e4d75] Mapped to org.springframework.web.reactive.result.method.annotation.RequestMappingExceptionHandlingIntegrationTests$TestController#handleWithError()
03:14:58.357 [qtp477874635-515] DEBUG o.s.w.r.r.m.a.ResponseBodyResultHandler - Using 'text/plain;charset=UTF-8' given [text/plain, application/json, application/x-jackson-smile, application/*+json, */*] and supported [text/plain;charset=UTF-8, text/event-stream, text/plain;charset=UTF-8, */*]
03:14:58.357 [qtp477874635-515] DEBUG o.s.w.r.r.m.a.ResponseBodyResultHandler - [643e4d75] 0..1 [java.lang.String]
03:14:58.359 [qtp477874635-515] DEBUG o.s.w.r.r.m.a.RequestMappingHandlerAdapter - [643e4d75] Using @ExceptionHandler org.springframework.web.reactive.result.method.annotation.RequestMappingExceptionHandlingIntegrationTests$TestController#handleArgumentException(IllegalArgumentException)
03:14:58.359 [qtp477874635-515] DEBUG o.s.w.r.r.m.a.ResponseBodyResultHandler - Using 'text/plain;charset=UTF-8' given [text/plain, application/json, application/x-jackson-smile, application/*+json, */*] and supported [text/plain;charset=UTF-8, text/event-stream, text/plain;charset=UTF-8, */*]
03:14:58.360 [qtp477874635-515] DEBUG o.s.w.r.r.m.a.ResponseBodyResultHandler - [643e4d75] 0..1 [java.lang.String]
03:14:58.360 [qtp477874635-515] DEBUG o.s.c.c.CharSequenceEncoder - [643e4d75] Writing "Recovered from error: Argument"
03:14:58.360 [Test worker] DEBUG o.s.w.c.RestTemplate - Response 200 OK
03:14:58.360 [qtp477874635-515] DEBUG o.s.w.s.a.HttpWebHandlerAdapter - [643e4d75] Completed 200 OK
03:14:58.360 [Test worker] DEBUG o.s.w.c.RestTemplate - Reading to [java.lang.String] as "text/plain;charset=utf-8"
03:14:58.361 [Test worker] DEBUG o.s.w.t.h.s.r.b.JettyHttpServer - Stopping JettyHttpServer...
03:14:58.361 [Test worker] INFO  o.e.j.s.h.ContextHandler - Stopped o.e.j.s.ServletContextHandler@548ca49a{/,null,UNAVAILABLE}
03:14:58.363 [Test worker] INFO  o.e.j.s.AbstractConnector - Stopped ServerConnector@4282909b{HTTP/1.1, (http/1.1)}{0.0.0.0:0}
03:14:58.364 [Test worker] DEBUG o.s.w.t.h.s.r.b.JettyHttpServer - Server stopped (0 millis).
03:14:58.416 [Test worker] DEBUG o.s.w.r.r.m.a.RequestMappingHandlerMapping - 6 mappings in 'requestMappingHandlerMapping'
03:14:58.450 [Test worker] DEBUG o.s.w.r.r.m.a.ControllerMethodResolver - ControllerAdvice beans: none
03:14:58.475 [Test worker] DEBUG o.s.w.s.a.HttpWebHandlerAdapter - enableLoggingRequestDetails='false': form data and headers will be masked to prevent unsafe logging of potentially sensitive data
03:14:58.475 [Test worker] DEBUG o.s.w.t.h.s.r.b.ReactorHttpServer - Starting ReactorHttpServer...
03:14:58.476 [Test worker] DEBUG o.s.w.t.h.s.r.b.ReactorHttpServer - Server started on port 55168(0 millis).
03:14:58.477 [Test worker] DEBUG o.s.w.c.RestTemplate - HTTP GET http://localhost:55168/mono-error
03:14:58.477 [Test worker] DEBUG o.s.w.c.RestTemplate - Accept=[text/plain, application/json, application/x-jackson-smile, application/*+json, */*]
03:14:58.487 [reactor-http-nio-2] DEBUG o.s.w.s.a.HttpWebHandlerAdapter - [082cf08b-11] HTTP GET "/mono-error"
03:14:58.487 [reactor-http-nio-2] DEBUG o.s.w.r.r.m.a.RequestMappingHandlerMapping - [082cf08b-11] Mapped to org.springframework.web.reactive.result.method.annotation.RequestMappingExceptionHandlingIntegrationTests$TestController#handleWithError()
03:14:58.488 [reactor-http-nio-2] DEBUG o.s.w.r.r.m.a.ResponseBodyResultHandler - Using 'text/plain;charset=UTF-8' given [text/plain, application/json, application/x-jackson-smile, application/*+json, */*] and supported [text/plain;charset=UTF-8, text/event-stream, text/plain;charset=UTF-8, */*]
03:14:58.488 [reactor-http-nio-2] DEBUG o.s.w.r.r.m.a.ResponseBodyResultHandler - [082cf08b-11] 0..1 [java.lang.String]
03:14:58.489 [reactor-http-nio-2] DEBUG o.s.w.r.r.m.a.RequestMappingHandlerAdapter - [082cf08b-11] Using @ExceptionHandler org.springframework.web.reactive.result.method.annotation.RequestMappingExceptionHandlingIntegrationTests$TestController#handleArgumentException(IllegalArgumentException)
03:14:58.490 [reactor-http-nio-2] DEBUG o.s.w.r.r.m.a.ResponseBodyResultHandler - Using 'text/plain;charset=UTF-8' given [text/plain, application/json, application/x-jackson-smile, application/*+json, */*] and supported [text/plain;charset=UTF-8, text/event-stream, text/plain;charset=UTF-8, */*]
03:14:58.490 [reactor-http-nio-2] DEBUG o.s.w.r.r.m.a.ResponseBodyResultHandler - [082cf08b-11] 0..1 [java.lang.String]
03:14:58.490 [reactor-http-nio-2] DEBUG o.s.c.c.CharSequenceEncoder - [082cf08b-11] Writing "Recovered from error: Argument"
03:14:58.491 [reactor-http-nio-2] DEBUG o.s.w.s.a.HttpWebHandlerAdapter - [082cf08b-11] Completed 200 OK
03:14:58.493 [Test worker] DEBUG o.s.w.c.RestTemplate - Response 200 OK
03:14:58.494 [Test worker] DEBUG o.s.w.c.RestTemplate - Reading to [java.lang.String] as "text/plain;charset=UTF-8"
03:14:58.494 [Test worker] DEBUG o.s.w.t.h.s.r.b.ReactorHttpServer - Stopping ReactorHttpServer...
03:14:58.494 [Test worker] DEBUG o.s.w.t.h.s.r.b.ReactorHttpServer - Server stopped (0 millis).
03:14:58.633 [Test worker] DEBUG o.s.w.r.r.m.a.RequestMappingHandlerMapping - 6 mappings in 'requestMappingHandlerMapping'
03:14:58.731 [Test worker] DEBUG o.s.w.r.r.m.a.ControllerMethodResolver - ControllerAdvice beans: none
03:14:58.778 [Test worker] DEBUG o.s.w.s.a.HttpWebHandlerAdapter - enableLoggingRequestDetails='false': form data and headers will be masked to prevent unsafe logging of potentially sensitive data
03:14:58.779 [Test worker] DEBUG o.s.w.t.h.s.r.b.TomcatHttpServer - Starting TomcatHttpServer...
03:14:58.794 [Test worker] DEBUG o.s.w.t.h.s.r.b.TomcatHttpServer - Server started on port 55170(0 millis).
03:14:58.794 [Test worker] DEBUG o.s.w.c.RestTemplate - HTTP GET http://localhost:55170/mono-error
03:14:58.795 [Test worker] DEBUG o.s.w.c.RestTemplate - Accept=[text/plain, application/json, application/x-jackson-smile, application/*+json, */*]
03:14:58.802 [http-nio-auto-11-exec-1] DEBUG o.s.w.s.a.HttpWebHandlerAdapter - [1537a4db] HTTP GET "/mono-error"
03:14:58.803 [http-nio-auto-11-exec-1] DEBUG o.s.w.r.r.m.a.RequestMappingHandlerMapping - [1537a4db] Mapped to org.springframework.web.reactive.result.method.annotation.RequestMappingExceptionHandlingIntegrationTests$TestController#handleWithError()
03:14:58.804 [http-nio-auto-11-exec-1] DEBUG o.s.w.r.r.m.a.ResponseBodyResultHandler - Using 'text/plain;charset=UTF-8' given [text/plain, application/json, application/x-jackson-smile, application/*+json, */*] and supported [text/plain;charset=UTF-8, text/event-stream, text/plain;charset=UTF-8, */*]
03:14:58.804 [http-nio-auto-11-exec-1] DEBUG o.s.w.r.r.m.a.ResponseBodyResultHandler - [1537a4db] 0..1 [java.lang.String]
03:14:58.805 [http-nio-auto-11-exec-1] DEBUG o.s.w.r.r.m.a.RequestMappingHandlerAdapter - [1537a4db] Using @ExceptionHandler org.springframework.web.reactive.result.method.annotation.RequestMappingExceptionHandlingIntegrationTests$TestController#handleArgumentException(IllegalArgumentException)
03:14:58.805 [http-nio-auto-11-exec-1] DEBUG o.s.w.r.r.m.a.ResponseBodyResultHandler - Using 'text/plain;charset=UTF-8' given [text/plain, application/json, application/x-jackson-smile, application/*+json, */*] and supported [text/plain;charset=UTF-8, text/event-stream, text/plain;charset=UTF-8, */*]
03:14:58.806 [http-nio-auto-11-exec-1] DEBUG o.s.w.r.r.m.a.ResponseBodyResultHandler - [1537a4db] 0..1 [java.lang.String]
03:14:58.806 [http-nio-auto-11-exec-1] DEBUG o.s.c.c.CharSequenceEncoder - [1537a4db] Writing "Recovered from error: Argument"
03:14:58.807 [http-nio-auto-11-exec-1] DEBUG o.s.w.s.a.HttpWebHandlerAdapter - [1537a4db] Completed 200 OK
03:14:58.807 [Test worker] DEBUG o.s.w.c.RestTemplate - Response 200 OK
03:14:58.807 [Test worker] DEBUG o.s.w.c.RestTemplate - Reading to [java.lang.String] as "text/plain;charset=UTF-8"
03:14:58.808 [Test worker] DEBUG o.s.w.t.h.s.r.b.TomcatHttpServer - Stopping TomcatHttpServer...
03:14:59.076 [Test worker] DEBUG o.s.w.t.h.s.r.b.TomcatHttpServer - Server stopped (0 millis).
03:14:59.160 [Test worker] DEBUG o.s.w.r.r.m.a.RequestMappingHandlerMapping - 6 mappings in 'requestMappingHandlerMapping'
03:14:59.191 [Test worker] DEBUG o.s.w.r.r.m.a.ControllerMethodResolver - ControllerAdvice beans: none
03:14:59.218 [Test worker] DEBUG o.s.w.s.a.HttpWebHandlerAdapter - enableLoggingRequestDetails='false': form data and headers will be masked to prevent unsafe logging of potentially sensitive data
03:14:59.218 [Test worker] DEBUG o.s.w.t.h.s.r.b.UndertowHttpServer - Starting UndertowHttpServer...
03:14:59.218 [Test worker] INFO  i.undertow - starting server: Undertow - 2.1.3.Final
03:14:59.233 [Test worker] DEBUG o.s.w.t.h.s.r.b.UndertowHttpServer - Server started on port 55188(0 millis).
03:14:59.234 [Test worker] DEBUG o.s.w.c.RestTemplate - HTTP GET http://localhost:55188/mono-error
03:14:59.234 [Test worker] DEBUG o.s.w.c.RestTemplate - Accept=[text/plain, application/json, application/x-jackson-smile, application/*+json, */*]
03:14:59.242 [XNIO-11 I/O-4] DEBUG o.s.w.s.a.HttpWebHandlerAdapter - [44d6b941] HTTP GET "/mono-error"
03:14:59.243 [XNIO-11 I/O-4] DEBUG o.s.w.r.r.m.a.RequestMappingHandlerMapping - [44d6b941] Mapped to org.springframework.web.reactive.result.method.annotation.RequestMappingExceptionHandlingIntegrationTests$TestController#handleWithError()
03:14:59.244 [XNIO-11 I/O-4] DEBUG o.s.w.r.r.m.a.ResponseBodyResultHandler - Using 'text/plain;charset=UTF-8' given [text/plain, application/json, application/x-jackson-smile, application/*+json, */*] and supported [text/plain;charset=UTF-8, text/event-stream, text/plain;charset=UTF-8, */*]
03:14:59.244 [XNIO-11 I/O-4] DEBUG o.s.w.r.r.m.a.ResponseBodyResultHandler - [44d6b941] 0..1 [java.lang.String]
03:14:59.245 [XNIO-11 I/O-4] DEBUG o.s.w.r.r.m.a.RequestMappingHandlerAdapter - [44d6b941] Using @ExceptionHandler org.springframework.web.reactive.result.method.annotation.RequestMappingExceptionHandlingIntegrationTests$TestController#handleArgumentException(IllegalArgumentException)
03:14:59.245 [XNIO-11 I/O-4] DEBUG o.s.w.r.r.m.a.ResponseBodyResultHandler - Using 'text/plain;charset=UTF-8' given [text/plain, application/json, application/x-jackson-smile, application/*+json, */*] and supported [text/plain;charset=UTF-8, text/event-stream, text/plain;charset=UTF-8, */*]
03:14:59.245 [XNIO-11 I/O-4] DEBUG o.s.w.r.r.m.a.ResponseBodyResultHandler - [44d6b941] 0..1 [java.lang.String]
03:14:59.246 [XNIO-11 I/O-4] DEBUG o.s.c.c.CharSequenceEncoder - [44d6b941] Writing "Recovered from error: Argument"
03:14:59.246 [XNIO-11 I/O-4] DEBUG o.s.w.s.a.HttpWebHandlerAdapter - [44d6b941] Completed 200 OK
03:14:59.246 [Test worker] DEBUG o.s.w.c.RestTemplate - Response 200 OK
03:14:59.247 [Test worker] DEBUG o.s.w.c.RestTemplate - Reading to [java.lang.String] as "text/plain;charset=UTF-8"
03:14:59.247 [Test worker] DEBUG o.s.w.t.h.s.r.b.UndertowHttpServer - Stopping UndertowHttpServer...
03:14:59.247 [Test worker] INFO  i.undertow - stopping server: Undertow - 2.1.3.Final
03:14:59.250 [Test worker] DEBUG o.s.w.t.h.s.r.b.UndertowHttpServer - Server stopped (0 millis).
03:14:59.316 [Test worker] DEBUG o.s.w.r.r.m.a.RequestMappingHandlerMapping - 6 mappings in 'requestMappingHandlerMapping'
03:14:59.336 [Test worker] DEBUG o.s.w.r.r.m.a.ControllerMethodResolver - ControllerAdvice beans: none
03:14:59.358 [Test worker] DEBUG o.s.w.s.a.HttpWebHandlerAdapter - enableLoggingRequestDetails='false': form data and headers will be masked to prevent unsafe logging of potentially sensitive data
03:14:59.359 [Test worker] WARN  o.e.j.s.h.ContextHandler - Empty contextPath
03:14:59.359 [Test worker] INFO  o.e.j.s.h.ContextHandler - Started o.e.j.s.ServletContextHandler@17af25be{/,null,AVAILABLE}
03:14:59.360 [Test worker] DEBUG o.s.w.t.h.s.r.b.JettyHttpServer - Starting JettyHttpServer...
03:14:59.360 [Test worker] INFO  o.e.j.s.Server - jetty-9.4.30.v20200611; built: 2020-06-11T12:34:51.929Z; git: 271836e4c1f4612f12b7bb13ef5a92a927634b0d; jvm 1.8.0_251-b08
03:14:59.367 [Test worker] INFO  o.e.j.s.AbstractConnector - Started ServerConnector@578b75a3{HTTP/1.1, (http/1.1)}{0.0.0.0:55190}
03:14:59.367 [Test worker] INFO  o.e.j.s.Server - Started @59804ms
03:14:59.367 [Test worker] DEBUG o.s.w.t.h.s.r.b.JettyHttpServer - Server started on port 55190(0 millis).
03:14:59.367 [Test worker] DEBUG o.s.w.c.RestTemplate - HTTP GET http://localhost:55190/thrown-exception-with-cause-to-handle
03:14:59.367 [Test worker] DEBUG o.s.w.c.RestTemplate - Accept=[text/plain, application/json, application/x-jackson-smile, application/*+json, */*]
03:14:59.370 [qtp529642141-554] DEBUG o.s.w.s.a.HttpWebHandlerAdapter - [3cb953f9] HTTP GET "/thrown-exception-with-cause-to-handle"
03:14:59.371 [qtp529642141-554] DEBUG o.s.w.r.r.m.a.RequestMappingHandlerMapping - [3cb953f9] Mapped to org.springframework.web.reactive.result.method.annotation.RequestMappingExceptionHandlingIntegrationTests$TestController#handleAndThrowExceptionWithCauseToHandle()
03:14:59.372 [qtp529642141-554] DEBUG o.s.w.r.r.m.a.RequestMappingHandlerAdapter - [3cb953f9] Using @ExceptionHandler org.springframework.web.reactive.result.method.annotation.RequestMappingExceptionHandlingIntegrationTests$TestController#handleArgumentException(IOException)
03:14:59.372 [qtp529642141-554] DEBUG o.s.w.r.r.m.a.ResponseBodyResultHandler - Using 'text/plain;charset=UTF-8' given [text/plain, application/json, application/x-jackson-smile, application/*+json, */*] and supported [text/plain;charset=UTF-8, text/event-stream, text/plain;charset=UTF-8, */*]
03:14:59.372 [qtp529642141-554] DEBUG o.s.w.r.r.m.a.ResponseBodyResultHandler - [3cb953f9] 0..1 [java.lang.String]
03:14:59.373 [qtp529642141-554] DEBUG o.s.c.c.CharSequenceEncoder - [3cb953f9] Writing "Recovered from error: IO"
03:14:59.373 [Test worker] DEBUG o.s.w.c.RestTemplate - Response 200 OK
03:14:59.373 [qtp529642141-554] DEBUG o.s.w.s.a.HttpWebHandlerAdapter - [3cb953f9] Completed 200 OK
03:14:59.373 [Test worker] DEBUG o.s.w.c.RestTemplate - Reading to [java.lang.String] as "text/plain;charset=utf-8"
03:14:59.374 [Test worker] DEBUG o.s.w.t.h.s.r.b.JettyHttpServer - Stopping JettyHttpServer...
03:14:59.374 [Test worker] INFO  o.e.j.s.h.ContextHandler - Stopped o.e.j.s.ServletContextHandler@17af25be{/,null,UNAVAILABLE}
03:14:59.376 [Test worker] INFO  o.e.j.s.AbstractConnector - Stopped ServerConnector@578b75a3{HTTP/1.1, (http/1.1)}{0.0.0.0:0}
03:14:59.377 [Test worker] DEBUG o.s.w.t.h.s.r.b.JettyHttpServer - Server stopped (0 millis).
03:14:59.461 [Test worker] DEBUG o.s.w.r.r.m.a.RequestMappingHandlerMapping - 6 mappings in 'requestMappingHandlerMapping'
03:14:59.492 [Test worker] DEBUG o.s.w.r.r.m.a.ControllerMethodResolver - ControllerAdvice beans: none
03:14:59.520 [Test worker] DEBUG o.s.w.s.a.HttpWebHandlerAdapter - enableLoggingRequestDetails='false': form data and headers will be masked to prevent unsafe logging of potentially sensitive data
03:14:59.520 [Test worker] DEBUG o.s.w.t.h.s.r.b.ReactorHttpServer - Starting ReactorHttpServer...
03:14:59.521 [Test worker] DEBUG o.s.w.t.h.s.r.b.ReactorHttpServer - Server started on port 55196(0 millis).
03:14:59.521 [Test worker] DEBUG o.s.w.c.RestTemplate - HTTP GET http://localhost:55196/thrown-exception-with-cause-to-handle
03:14:59.522 [Test worker] DEBUG o.s.w.c.RestTemplate - Accept=[text/plain, application/json, application/x-jackson-smile, application/*+json, */*]
03:14:59.524 [reactor-http-nio-4] DEBUG o.s.w.s.a.HttpWebHandlerAdapter - [613ebb37-12] HTTP GET "/thrown-exception-with-cause-to-handle"
03:14:59.524 [reactor-http-nio-4] DEBUG o.s.w.r.r.m.a.RequestMappingHandlerMapping - [613ebb37-12] Mapped to org.springframework.web.reactive.result.method.annotation.RequestMappingExceptionHandlingIntegrationTests$TestController#handleAndThrowExceptionWithCauseToHandle()
03:14:59.525 [reactor-http-nio-4] DEBUG o.s.w.r.r.m.a.RequestMappingHandlerAdapter - [613ebb37-12] Using @ExceptionHandler org.springframework.web.reactive.result.method.annotation.RequestMappingExceptionHandlingIntegrationTests$TestController#handleArgumentException(IOException)
03:14:59.526 [reactor-http-nio-4] DEBUG o.s.w.r.r.m.a.ResponseBodyResultHandler - Using 'text/plain;charset=UTF-8' given [text/plain, application/json, application/x-jackson-smile, application/*+json, */*] and supported [text/plain;charset=UTF-8, text/event-stream, text/plain;charset=UTF-8, */*]
03:14:59.526 [reactor-http-nio-4] DEBUG o.s.w.r.r.m.a.ResponseBodyResultHandler - [613ebb37-12] 0..1 [java.lang.String]
03:14:59.526 [reactor-http-nio-4] DEBUG o.s.c.c.CharSequenceEncoder - [613ebb37-12] Writing "Recovered from error: IO"
03:14:59.527 [reactor-http-nio-4] DEBUG o.s.w.s.a.HttpWebHandlerAdapter - [613ebb37-12] Completed 200 OK
03:14:59.529 [Test worker] DEBUG o.s.w.c.RestTemplate - Response 200 OK
03:14:59.530 [Test worker] DEBUG o.s.w.c.RestTemplate - Reading to [java.lang.String] as "text/plain;charset=UTF-8"
03:14:59.530 [Test worker] DEBUG o.s.w.t.h.s.r.b.ReactorHttpServer - Stopping ReactorHttpServer...
03:14:59.531 [Test worker] DEBUG o.s.w.t.h.s.r.b.ReactorHttpServer - Server stopped (0 millis).
03:14:59.584 [Test worker] DEBUG o.s.w.r.r.m.a.RequestMappingHandlerMapping - 6 mappings in 'requestMappingHandlerMapping'
03:14:59.616 [Test worker] DEBUG o.s.w.r.r.m.a.ControllerMethodResolver - ControllerAdvice beans: none
03:14:59.643 [Test worker] DEBUG o.s.w.s.a.HttpWebHandlerAdapter - enableLoggingRequestDetails='false': form data and headers will be masked to prevent unsafe logging of potentially sensitive data
03:14:59.644 [Test worker] DEBUG o.s.w.t.h.s.r.b.TomcatHttpServer - Starting TomcatHttpServer...
03:14:59.660 [Test worker] DEBUG o.s.w.t.h.s.r.b.TomcatHttpServer - Server started on port 55198(0 millis).
03:14:59.661 [Test worker] DEBUG o.s.w.c.RestTemplate - HTTP GET http://localhost:55198/thrown-exception-with-cause-to-handle
03:14:59.661 [Test worker] DEBUG o.s.w.c.RestTemplate - Accept=[text/plain, application/json, application/x-jackson-smile, application/*+json, */*]
03:14:59.725 [http-nio-auto-12-exec-1] DEBUG o.s.w.s.a.HttpWebHandlerAdapter - [50538a09] HTTP GET "/thrown-exception-with-cause-to-handle"
03:14:59.726 [http-nio-auto-12-exec-1] DEBUG o.s.w.r.r.m.a.RequestMappingHandlerMapping - [50538a09] Mapped to org.springframework.web.reactive.result.method.annotation.RequestMappingExceptionHandlingIntegrationTests$TestController#handleAndThrowExceptionWithCauseToHandle()
03:14:59.726 [http-nio-auto-12-exec-1] DEBUG o.s.w.r.r.m.a.RequestMappingHandlerAdapter - [50538a09] Using @ExceptionHandler org.springframework.web.reactive.result.method.annotation.RequestMappingExceptionHandlingIntegrationTests$TestController#handleArgumentException(IOException)
03:14:59.727 [http-nio-auto-12-exec-1] DEBUG o.s.w.r.r.m.a.ResponseBodyResultHandler - Using 'text/plain;charset=UTF-8' given [text/plain, application/json, application/x-jackson-smile, application/*+json, */*] and supported [text/plain;charset=UTF-8, text/event-stream, text/plain;charset=UTF-8, */*]
03:14:59.727 [http-nio-auto-12-exec-1] DEBUG o.s.w.r.r.m.a.ResponseBodyResultHandler - [50538a09] 0..1 [java.lang.String]
03:14:59.727 [http-nio-auto-12-exec-1] DEBUG o.s.c.c.CharSequenceEncoder - [50538a09] Writing "Recovered from error: IO"
03:14:59.729 [Test worker] DEBUG o.s.w.c.RestTemplate - Response 200 OK
03:14:59.729 [Test worker] DEBUG o.s.w.c.RestTemplate - Reading to [java.lang.String] as "text/plain;charset=UTF-8"
03:14:59.729 [Test worker] DEBUG o.s.w.t.h.s.r.b.TomcatHttpServer - Stopping TomcatHttpServer...
03:14:59.730 [http-nio-auto-12-exec-1] DEBUG o.s.w.s.a.HttpWebHandlerAdapter - [50538a09] Completed 200 OK
03:15:00.071 [Test worker] DEBUG o.s.w.t.h.s.r.b.TomcatHttpServer - Server stopped (0 millis).
03:15:00.146 [Test worker] DEBUG o.s.w.r.r.m.a.RequestMappingHandlerMapping - 6 mappings in 'requestMappingHandlerMapping'
03:15:00.169 [Test worker] DEBUG o.s.w.r.r.m.a.ControllerMethodResolver - ControllerAdvice beans: none
03:15:00.184 [Test worker] DEBUG o.s.w.s.a.HttpWebHandlerAdapter - enableLoggingRequestDetails='false': form data and headers will be masked to prevent unsafe logging of potentially sensitive data
03:15:00.184 [Test worker] DEBUG o.s.w.t.h.s.r.b.UndertowHttpServer - Starting UndertowHttpServer...
03:15:00.184 [Test worker] INFO  i.undertow - starting server: Undertow - 2.1.3.Final
03:15:00.193 [Test worker] DEBUG o.s.w.t.h.s.r.b.UndertowHttpServer - Server started on port 55215(0 millis).
03:15:00.193 [Test worker] DEBUG o.s.w.c.RestTemplate - HTTP GET http://localhost:55215/thrown-exception-with-cause-to-handle
03:15:00.193 [Test worker] DEBUG o.s.w.c.RestTemplate - Accept=[text/plain, application/json, application/x-jackson-smile, application/*+json, */*]
03:15:00.196 [XNIO-12 I/O-4] DEBUG o.s.w.s.a.HttpWebHandlerAdapter - [1adabb00] HTTP GET "/thrown-exception-with-cause-to-handle"
03:15:00.197 [XNIO-12 I/O-4] DEBUG o.s.w.r.r.m.a.RequestMappingHandlerMapping - [1adabb00] Mapped to org.springframework.web.reactive.result.method.annotation.RequestMappingExceptionHandlingIntegrationTests$TestController#handleAndThrowExceptionWithCauseToHandle()
03:15:00.198 [XNIO-12 I/O-4] DEBUG o.s.w.r.r.m.a.RequestMappingHandlerAdapter - [1adabb00] Using @ExceptionHandler org.springframework.web.reactive.result.method.annotation.RequestMappingExceptionHandlingIntegrationTests$TestController#handleArgumentException(IOException)
03:15:00.198 [XNIO-12 I/O-4] DEBUG o.s.w.r.r.m.a.ResponseBodyResultHandler - Using 'text/plain;charset=UTF-8' given [text/plain, application/json, application/x-jackson-smile, application/*+json, */*] and supported [text/plain;charset=UTF-8, text/event-stream, text/plain;charset=UTF-8, */*]
03:15:00.198 [XNIO-12 I/O-4] DEBUG o.s.w.r.r.m.a.ResponseBodyResultHandler - [1adabb00] 0..1 [java.lang.String]
03:15:00.198 [XNIO-12 I/O-4] DEBUG o.s.c.c.CharSequenceEncoder - [1adabb00] Writing "Recovered from error: IO"
03:15:00.199 [Test worker] DEBUG o.s.w.c.RestTemplate - Response 200 OK
03:15:00.199 [XNIO-12 I/O-4] DEBUG o.s.w.s.a.HttpWebHandlerAdapter - [1adabb00] Completed 200 OK
03:15:00.199 [Test worker] DEBUG o.s.w.c.RestTemplate - Reading to [java.lang.String] as "text/plain;charset=UTF-8"
03:15:00.199 [Test worker] DEBUG o.s.w.t.h.s.r.b.UndertowHttpServer - Stopping UndertowHttpServer...
03:15:00.199 [Test worker] INFO  i.undertow - stopping server: Undertow - 2.1.3.Final
03:15:00.202 [Test worker] DEBUG o.s.w.t.h.s.r.b.UndertowHttpServer - Server stopped (0 millis).
03:15:00.262 [Test worker] DEBUG o.s.w.r.r.m.a.RequestMappingHandlerMapping - 6 mappings in 'requestMappingHandlerMapping'
03:15:00.287 [Test worker] DEBUG o.s.w.r.r.m.a.ControllerMethodResolver - ControllerAdvice beans: none
03:15:00.338 [Test worker] DEBUG o.s.w.s.a.HttpWebHandlerAdapter - enableLoggingRequestDetails='false': form data and headers will be masked to prevent unsafe logging of potentially sensitive data
03:15:00.338 [Test worker] WARN  o.e.j.s.h.ContextHandler - Empty contextPath
03:15:00.338 [Test worker] INFO  o.e.j.s.h.ContextHandler - Started o.e.j.s.ServletContextHandler@4c2ebf64{/,null,AVAILABLE}
03:15:00.339 [Test worker] DEBUG o.s.w.t.h.s.r.b.JettyHttpServer - Starting JettyHttpServer...
03:15:00.339 [Test worker] INFO  o.e.j.s.Server - jetty-9.4.30.v20200611; built: 2020-06-11T12:34:51.929Z; git: 271836e4c1f4612f12b7bb13ef5a92a927634b0d; jvm 1.8.0_251-b08
03:15:00.375 [Test worker] INFO  o.e.j.s.AbstractConnector - Started ServerConnector@190a7626{HTTP/1.1, (http/1.1)}{0.0.0.0:55217}
03:15:00.375 [Test worker] INFO  o.e.j.s.Server - Started @60812ms
03:15:00.375 [Test worker] DEBUG o.s.w.t.h.s.r.b.JettyHttpServer - Server started on port 55217(0 millis).
03:15:00.377 [Test worker] DEBUG o.s.w.c.RestTemplate - HTTP GET http://localhost:55217/SPR-16318
03:15:00.377 [Test worker] DEBUG o.s.w.c.RestTemplate - Accept=[text/plain, application/json, application/x-jackson-smile, application/*+json, */*]
03:15:00.383 [qtp1977156111-596] DEBUG o.s.w.s.a.HttpWebHandlerAdapter - [2a5de22] HTTP GET "/SPR-16318"
03:15:00.384 [qtp1977156111-596] DEBUG o.s.w.r.r.m.a.RequestMappingHandlerMapping - [2a5de22] Mapped to org.springframework.web.reactive.result.method.annotation.RequestMappingExceptionHandlingIntegrationTests$TestController#handleTextPlain()
03:15:00.384 [qtp1977156111-596] DEBUG o.s.w.r.r.m.a.ResponseBodyResultHandler - Using 'text/plain' given [text/plain, application/problem+json] and supported [text/plain]
03:15:00.385 [qtp1977156111-596] DEBUG o.s.w.r.r.m.a.ResponseBodyResultHandler - [2a5de22] 0..1 [java.lang.String]
03:15:00.386 [qtp1977156111-596] DEBUG o.s.w.r.r.m.a.RequestMappingHandlerAdapter - [2a5de22] Using @ExceptionHandler org.springframework.web.reactive.result.method.annotation.RequestMappingExceptionHandlingIntegrationTests$TestController#handle(Spr16318Exception)
03:15:00.390 [qtp1977156111-596] DEBUG o.s.w.r.r.m.a.ResponseEntityResultHandler - Using 'application/problem+json' given [text/plain, application/problem+json] and supported [application/json, application/*+json, application/x-jackson-smile, application/*+x-jackson-smile, text/event-stream]
03:15:00.390 [qtp1977156111-596] DEBUG o.s.w.r.r.m.a.ResponseEntityResultHandler - [2a5de22] 0..1 [java.util.Map<java.lang.String, java.lang.String>]
03:15:00.395 [qtp1977156111-596] DEBUG o.s.h.c.j.Jackson2JsonEncoder - [2a5de22] Encoding [{reason=error}]
03:15:00.397 [qtp1977156111-596] DEBUG o.s.w.s.a.HttpWebHandlerAdapter - [2a5de22] Completed 500 INTERNAL_SERVER_ERROR
03:15:00.397 [Test worker] DEBUG o.s.w.c.RestTemplate - Response 500 INTERNAL_SERVER_ERROR
03:15:00.402 [Test worker] DEBUG o.s.w.t.h.s.r.b.JettyHttpServer - Stopping JettyHttpServer...
03:15:00.402 [Test worker] INFO  o.e.j.s.h.ContextHandler - Stopped o.e.j.s.ServletContextHandler@4c2ebf64{/,null,UNAVAILABLE}
03:15:00.406 [Test worker] INFO  o.e.j.s.AbstractConnector - Stopped ServerConnector@190a7626{HTTP/1.1, (http/1.1)}{0.0.0.0:0}
03:15:00.409 [Test worker] DEBUG o.s.w.t.h.s.r.b.JettyHttpServer - Server stopped (0 millis).
03:15:00.467 [Test worker] DEBUG o.s.w.r.r.m.a.RequestMappingHandlerMapping - 6 mappings in 'requestMappingHandlerMapping'
03:15:00.487 [Test worker] DEBUG o.s.w.r.r.m.a.ControllerMethodResolver - ControllerAdvice beans: none
03:15:00.552 [Test worker] DEBUG o.s.w.s.a.HttpWebHandlerAdapter - enableLoggingRequestDetails='false': form data and headers will be masked to prevent unsafe logging of potentially sensitive data
03:15:00.552 [Test worker] DEBUG o.s.w.t.h.s.r.b.ReactorHttpServer - Starting ReactorHttpServer...
03:15:00.554 [Test worker] DEBUG o.s.w.t.h.s.r.b.ReactorHttpServer - Server started on port 55223(0 millis).
03:15:00.554 [Test worker] DEBUG o.s.w.c.RestTemplate - HTTP GET http://localhost:55223/SPR-16318
03:15:00.555 [Test worker] DEBUG o.s.w.c.RestTemplate - Accept=[text/plain, application/json, application/x-jackson-smile, application/*+json, */*]
03:15:00.567 [reactor-http-nio-2] DEBUG o.s.w.s.a.HttpWebHandlerAdapter - [9706ad1f-13] HTTP GET "/SPR-16318"
03:15:00.567 [reactor-http-nio-2] DEBUG o.s.w.r.r.m.a.RequestMappingHandlerMapping - [9706ad1f-13] Mapped to org.springframework.web.reactive.result.method.annotation.RequestMappingExceptionHandlingIntegrationTests$TestController#handleTextPlain()
03:15:00.568 [reactor-http-nio-2] DEBUG o.s.w.r.r.m.a.ResponseBodyResultHandler - Using 'text/plain' given [text/plain, application/problem+json] and supported [text/plain]
03:15:00.568 [reactor-http-nio-2] DEBUG o.s.w.r.r.m.a.ResponseBodyResultHandler - [9706ad1f-13] 0..1 [java.lang.String]
03:15:00.569 [reactor-http-nio-2] DEBUG o.s.w.r.r.m.a.RequestMappingHandlerAdapter - [9706ad1f-13] Using @ExceptionHandler org.springframework.web.reactive.result.method.annotation.RequestMappingExceptionHandlingIntegrationTests$TestController#handle(Spr16318Exception)
03:15:00.569 [reactor-http-nio-2] DEBUG o.s.w.r.r.m.a.ResponseEntityResultHandler - Using 'application/problem+json' given [text/plain, application/problem+json] and supported [application/json, application/*+json, application/x-jackson-smile, application/*+x-jackson-smile, text/event-stream]
03:15:00.569 [reactor-http-nio-2] DEBUG o.s.w.r.r.m.a.ResponseEntityResultHandler - [9706ad1f-13] 0..1 [java.util.Map<java.lang.String, java.lang.String>]
03:15:00.570 [reactor-http-nio-2] DEBUG o.s.h.c.j.Jackson2JsonEncoder - [9706ad1f-13] Encoding [{reason=error}]
03:15:00.571 [reactor-http-nio-2] DEBUG o.s.w.s.a.HttpWebHandlerAdapter - [9706ad1f-13] Completed 500 INTERNAL_SERVER_ERROR
03:15:00.572 [Test worker] DEBUG o.s.w.c.RestTemplate - Response 500 INTERNAL_SERVER_ERROR
03:15:00.573 [Test worker] DEBUG o.s.w.t.h.s.r.b.ReactorHttpServer - Stopping ReactorHttpServer...
03:15:00.573 [Test worker] DEBUG o.s.w.t.h.s.r.b.ReactorHttpServer - Server stopped (0 millis).
03:15:00.635 [Test worker] DEBUG o.s.w.r.r.m.a.RequestMappingHandlerMapping - 6 mappings in 'requestMappingHandlerMapping'
03:15:00.674 [Test worker] DEBUG o.s.w.r.r.m.a.ControllerMethodResolver - ControllerAdvice beans: none
03:15:00.724 [Test worker] DEBUG o.s.w.s.a.HttpWebHandlerAdapter - enableLoggingRequestDetails='false': form data and headers will be masked to prevent unsafe logging of potentially sensitive data
03:15:00.725 [Test worker] DEBUG o.s.w.t.h.s.r.b.TomcatHttpServer - Starting TomcatHttpServer...
03:15:00.745 [Test worker] DEBUG o.s.w.t.h.s.r.b.TomcatHttpServer - Server started on port 55225(0 millis).
03:15:00.745 [Test worker] DEBUG o.s.w.c.RestTemplate - HTTP GET http://localhost:55225/SPR-16318
03:15:00.747 [Test worker] DEBUG o.s.w.c.RestTemplate - Accept=[text/plain, application/json, application/x-jackson-smile, application/*+json, */*]
03:15:00.785 [http-nio-auto-13-exec-1] DEBUG o.s.w.s.a.HttpWebHandlerAdapter - [57eb7854] HTTP GET "/SPR-16318"
03:15:00.786 [http-nio-auto-13-exec-1] DEBUG o.s.w.r.r.m.a.RequestMappingHandlerMapping - [57eb7854] Mapped to org.springframework.web.reactive.result.method.annotation.RequestMappingExceptionHandlingIntegrationTests$TestController#handleTextPlain()
03:15:00.787 [http-nio-auto-13-exec-1] DEBUG o.s.w.r.r.m.a.ResponseBodyResultHandler - Using 'text/plain' given [text/plain, application/problem+json] and supported [text/plain]
03:15:00.787 [http-nio-auto-13-exec-1] DEBUG o.s.w.r.r.m.a.ResponseBodyResultHandler - [57eb7854] 0..1 [java.lang.String]
03:15:00.787 [http-nio-auto-13-exec-1] DEBUG o.s.w.r.r.m.a.RequestMappingHandlerAdapter - [57eb7854] Using @ExceptionHandler org.springframework.web.reactive.result.method.annotation.RequestMappingExceptionHandlingIntegrationTests$TestController#handle(Spr16318Exception)
03:15:00.788 [http-nio-auto-13-exec-1] DEBUG o.s.w.r.r.m.a.ResponseEntityResultHandler - Using 'application/problem+json' given [text/plain, application/problem+json] and supported [application/json, application/*+json, application/x-jackson-smile, application/*+x-jackson-smile, text/event-stream]
03:15:00.788 [http-nio-auto-13-exec-1] DEBUG o.s.w.r.r.m.a.ResponseEntityResultHandler - [57eb7854] 0..1 [java.util.Map<java.lang.String, java.lang.String>]
03:15:00.789 [http-nio-auto-13-exec-1] DEBUG o.s.h.c.j.Jackson2JsonEncoder - [57eb7854] Encoding [{reason=error}]
03:15:00.790 [http-nio-auto-13-exec-1] DEBUG o.s.w.s.a.HttpWebHandlerAdapter - [57eb7854] Completed 500 INTERNAL_SERVER_ERROR
03:15:00.790 [Test worker] DEBUG o.s.w.c.RestTemplate - Response 500 INTERNAL_SERVER_ERROR
03:15:00.791 [Test worker] DEBUG o.s.w.t.h.s.r.b.TomcatHttpServer - Stopping TomcatHttpServer...
03:15:01.056 [Test worker] DEBUG o.s.w.t.h.s.r.b.TomcatHttpServer - Server stopped (0 millis).
03:15:01.129 [Test worker] DEBUG o.s.w.r.r.m.a.RequestMappingHandlerMapping - 6 mappings in 'requestMappingHandlerMapping'
03:15:01.147 [Test worker] DEBUG o.s.w.r.r.m.a.ControllerMethodResolver - ControllerAdvice beans: none
03:15:01.168 [Test worker] DEBUG o.s.w.s.a.HttpWebHandlerAdapter - enableLoggingRequestDetails='false': form data and headers will be masked to prevent unsafe logging of potentially sensitive data
03:15:01.169 [Test worker] DEBUG o.s.w.t.h.s.r.b.UndertowHttpServer - Starting UndertowHttpServer...
03:15:01.169 [Test worker] INFO  i.undertow - starting server: Undertow - 2.1.3.Final
03:15:01.179 [Test worker] DEBUG o.s.w.t.h.s.r.b.UndertowHttpServer - Server started on port 55242(0 millis).
03:15:01.179 [Test worker] DEBUG o.s.w.c.RestTemplate - HTTP GET http://localhost:55242/SPR-16318
03:15:01.181 [Test worker] DEBUG o.s.w.c.RestTemplate - Accept=[text/plain, application/json, application/x-jackson-smile, application/*+json, */*]
03:15:01.185 [XNIO-13 I/O-4] DEBUG o.s.w.s.a.HttpWebHandlerAdapter - [54a267b5] HTTP GET "/SPR-16318"
03:15:01.186 [XNIO-13 I/O-4] DEBUG o.s.w.r.r.m.a.RequestMappingHandlerMapping - [54a267b5] Mapped to org.springframework.web.reactive.result.method.annotation.RequestMappingExceptionHandlingIntegrationTests$TestController#handleTextPlain()
03:15:01.187 [XNIO-13 I/O-4] DEBUG o.s.w.r.r.m.a.ResponseBodyResultHandler - Using 'text/plain' given [text/plain, application/problem+json] and supported [text/plain]
03:15:01.187 [XNIO-13 I/O-4] DEBUG o.s.w.r.r.m.a.ResponseBodyResultHandler - [54a267b5] 0..1 [java.lang.String]
03:15:01.187 [XNIO-13 I/O-4] DEBUG o.s.w.r.r.m.a.RequestMappingHandlerAdapter - [54a267b5] Using @ExceptionHandler org.springframework.web.reactive.result.method.annotation.RequestMappingExceptionHandlingIntegrationTests$TestController#handle(Spr16318Exception)
03:15:01.188 [XNIO-13 I/O-4] DEBUG o.s.w.r.r.m.a.ResponseEntityResultHandler - Using 'application/problem+json' given [text/plain, application/problem+json] and supported [application/json, application/*+json, application/x-jackson-smile, application/*+x-jackson-smile, text/event-stream]
03:15:01.188 [XNIO-13 I/O-4] DEBUG o.s.w.r.r.m.a.ResponseEntityResultHandler - [54a267b5] 0..1 [java.util.Map<java.lang.String, java.lang.String>]
03:15:01.189 [XNIO-13 I/O-4] DEBUG o.s.h.c.j.Jackson2JsonEncoder - [54a267b5] Encoding [{reason=error}]
03:15:01.190 [XNIO-13 I/O-4] DEBUG o.s.w.s.a.HttpWebHandlerAdapter - [54a267b5] Completed 500 INTERNAL_SERVER_ERROR
03:15:01.190 [Test worker] DEBUG o.s.w.c.RestTemplate - Response 500 INTERNAL_SERVER_ERROR
03:15:01.191 [Test worker] DEBUG o.s.w.t.h.s.r.b.UndertowHttpServer - Stopping UndertowHttpServer...
03:15:01.191 [Test worker] INFO  i.undertow - stopping server: Undertow - 2.1.3.Final
03:15:01.193 [Test worker] DEBUG o.s.w.t.h.s.r.b.UndertowHttpServer - Server stopped (0 millis).
03:15:01.239 [Test worker] DEBUG o.s.w.r.r.m.a.RequestMappingHandlerMapping - 6 mappings in 'requestMappingHandlerMapping'
03:15:01.272 [Test worker] DEBUG o.s.w.r.r.m.a.ControllerMethodResolver - ControllerAdvice beans: none
03:15:01.327 [Test worker] DEBUG o.s.w.s.a.HttpWebHandlerAdapter - enableLoggingRequestDetails='false': form data and headers will be masked to prevent unsafe logging of potentially sensitive data
03:15:01.330 [Test worker] WARN  o.e.j.s.h.ContextHandler - Empty contextPath
03:15:01.333 [Test worker] INFO  o.e.j.s.h.ContextHandler - Started o.e.j.s.ServletContextHandler@1e523eab{/,null,AVAILABLE}
03:15:01.334 [Test worker] DEBUG o.s.w.t.h.s.r.b.JettyHttpServer - Starting JettyHttpServer...
03:15:01.334 [Test worker] INFO  o.e.j.s.Server - jetty-9.4.30.v20200611; built: 2020-06-11T12:34:51.929Z; git: 271836e4c1f4612f12b7bb13ef5a92a927634b0d; jvm 1.8.0_251-b08
03:15:01.343 [Test worker] INFO  o.e.j.s.AbstractConnector - Started ServerConnector@410b18ac{HTTP/1.1, (http/1.1)}{0.0.0.0:55244}
03:15:01.343 [Test worker] INFO  o.e.j.s.Server - Started @61780ms
03:15:01.343 [Test worker] DEBUG o.s.w.t.h.s.r.b.JettyHttpServer - Server started on port 55244(0 millis).
03:15:01.343 [Test worker] DEBUG o.s.w.c.RestTemplate - HTTP GET http://localhost:55244/thrown-exception
03:15:01.344 [Test worker] DEBUG o.s.w.c.RestTemplate - Accept=[text/plain, application/json, application/x-jackson-smile, application/*+json, */*]
03:15:01.346 [qtp650898778-635] DEBUG o.s.w.s.a.HttpWebHandlerAdapter - [2ef43435] HTTP GET "/thrown-exception"
03:15:01.348 [qtp650898778-635] DEBUG o.s.w.r.r.m.a.RequestMappingHandlerMapping - [2ef43435] Mapped to org.springframework.web.reactive.result.method.annotation.RequestMappingExceptionHandlingIntegrationTests$TestController#handleAndThrowException()
03:15:01.349 [qtp650898778-635] DEBUG o.s.w.r.r.m.a.RequestMappingHandlerAdapter - [2ef43435] Using @ExceptionHandler org.springframework.web.reactive.result.method.annotation.RequestMappingExceptionHandlingIntegrationTests$TestController#handleStateException(IllegalStateException)
03:15:01.350 [qtp650898778-635] DEBUG o.s.w.r.r.m.a.ResponseEntityResultHandler - Using 'text/plain;charset=UTF-8' given [text/plain, application/json, application/x-jackson-smile, application/*+json, */*] and supported [text/plain;charset=UTF-8, text/event-stream, text/plain;charset=UTF-8, */*]
03:15:01.350 [qtp650898778-635] DEBUG o.s.w.r.r.m.a.ResponseEntityResultHandler - [2ef43435] 0..1 [java.lang.String]
03:15:01.350 [qtp650898778-635] DEBUG o.s.c.c.CharSequenceEncoder - [2ef43435] Writing "Recovered from error: State"
03:15:01.350 [Test worker] DEBUG o.s.w.c.RestTemplate - Response 200 OK
03:15:01.350 [qtp650898778-635] DEBUG o.s.w.s.a.HttpWebHandlerAdapter - [2ef43435] Completed 200 OK
03:15:01.351 [Test worker] DEBUG o.s.w.c.RestTemplate - Reading to [java.lang.String] as "text/plain;charset=utf-8"
03:15:01.351 [Test worker] DEBUG o.s.w.t.h.s.r.b.JettyHttpServer - Stopping JettyHttpServer...
03:15:01.351 [Test worker] INFO  o.e.j.s.h.ContextHandler - Stopped o.e.j.s.ServletContextHandler@1e523eab{/,null,UNAVAILABLE}
03:15:01.354 [Test worker] INFO  o.e.j.s.AbstractConnector - Stopped ServerConnector@410b18ac{HTTP/1.1, (http/1.1)}{0.0.0.0:0}
03:15:01.357 [Test worker] DEBUG o.s.w.t.h.s.r.b.JettyHttpServer - Server stopped (0 millis).
03:15:01.429 [Test worker] DEBUG o.s.w.r.r.m.a.RequestMappingHandlerMapping - 6 mappings in 'requestMappingHandlerMapping'
03:15:01.453 [Test worker] DEBUG o.s.w.r.r.m.a.ControllerMethodResolver - ControllerAdvice beans: none
03:15:01.489 [Test worker] DEBUG o.s.w.s.a.HttpWebHandlerAdapter - enableLoggingRequestDetails='false': form data and headers will be masked to prevent unsafe logging of potentially sensitive data
03:15:01.489 [Test worker] DEBUG o.s.w.t.h.s.r.b.ReactorHttpServer - Starting ReactorHttpServer...
03:15:01.490 [Test worker] DEBUG o.s.w.t.h.s.r.b.ReactorHttpServer - Server started on port 55250(0 millis).
03:15:01.490 [Test worker] DEBUG o.s.w.c.RestTemplate - HTTP GET http://localhost:55250/thrown-exception
03:15:01.490 [Test worker] DEBUG o.s.w.c.RestTemplate - Accept=[text/plain, application/json, application/x-jackson-smile, application/*+json, */*]
03:15:01.493 [reactor-http-nio-4] DEBUG o.s.w.s.a.HttpWebHandlerAdapter - [b8de836e-14] HTTP GET "/thrown-exception"
03:15:01.494 [reactor-http-nio-4] DEBUG o.s.w.r.r.m.a.RequestMappingHandlerMapping - [b8de836e-14] Mapped to org.springframework.web.reactive.result.method.annotation.RequestMappingExceptionHandlingIntegrationTests$TestController#handleAndThrowException()
03:15:01.495 [reactor-http-nio-4] DEBUG o.s.w.r.r.m.a.RequestMappingHandlerAdapter - [b8de836e-14] Using @ExceptionHandler org.springframework.web.reactive.result.method.annotation.RequestMappingExceptionHandlingIntegrationTests$TestController#handleStateException(IllegalStateException)
03:15:01.496 [reactor-http-nio-4] DEBUG o.s.w.r.r.m.a.ResponseEntityResultHandler - Using 'text/plain;charset=UTF-8' given [text/plain, application/json, application/x-jackson-smile, application/*+json, */*] and supported [text/plain;charset=UTF-8, text/event-stream, text/plain;charset=UTF-8, */*]
03:15:01.496 [reactor-http-nio-4] DEBUG o.s.w.r.r.m.a.ResponseEntityResultHandler - [b8de836e-14] 0..1 [java.lang.String]
03:15:01.496 [reactor-http-nio-4] DEBUG o.s.c.c.CharSequenceEncoder - [b8de836e-14] Writing "Recovered from error: State"
03:15:01.499 [reactor-http-nio-4] DEBUG o.s.w.s.a.HttpWebHandlerAdapter - [b8de836e-14] Completed 200 OK
03:15:01.500 [Test worker] DEBUG o.s.w.c.RestTemplate - Response 200 OK
03:15:01.500 [Test worker] DEBUG o.s.w.c.RestTemplate - Reading to [java.lang.String] as "text/plain;charset=UTF-8"
03:15:01.500 [Test worker] DEBUG o.s.w.t.h.s.r.b.ReactorHttpServer - Stopping ReactorHttpServer...
03:15:01.501 [Test worker] DEBUG o.s.w.t.h.s.r.b.ReactorHttpServer - Server stopped (0 millis).
03:15:01.560 [Test worker] DEBUG o.s.w.r.r.m.a.RequestMappingHandlerMapping - 6 mappings in 'requestMappingHandlerMapping'
03:15:01.600 [Test worker] DEBUG o.s.w.r.r.m.a.ControllerMethodResolver - ControllerAdvice beans: none
03:15:01.651 [Test worker] DEBUG o.s.w.s.a.HttpWebHandlerAdapter - enableLoggingRequestDetails='false': form data and headers will be masked to prevent unsafe logging of potentially sensitive data
03:15:01.652 [Test worker] DEBUG o.s.w.t.h.s.r.b.TomcatHttpServer - Starting TomcatHttpServer...
03:15:01.672 [Test worker] DEBUG o.s.w.t.h.s.r.b.TomcatHttpServer - Server started on port 55253(0 millis).
03:15:01.672 [Test worker] DEBUG o.s.w.c.RestTemplate - HTTP GET http://localhost:55253/thrown-exception
03:15:01.672 [Test worker] DEBUG o.s.w.c.RestTemplate - Accept=[text/plain, application/json, application/x-jackson-smile, application/*+json, */*]
03:15:01.696 [http-nio-auto-14-exec-1] DEBUG o.s.w.s.a.HttpWebHandlerAdapter - [1833338f] HTTP GET "/thrown-exception"
03:15:01.698 [http-nio-auto-14-exec-1] DEBUG o.s.w.r.r.m.a.RequestMappingHandlerMapping - [1833338f] Mapped to org.springframework.web.reactive.result.method.annotation.RequestMappingExceptionHandlingIntegrationTests$TestController#handleAndThrowException()
03:15:01.699 [http-nio-auto-14-exec-1] DEBUG o.s.w.r.r.m.a.RequestMappingHandlerAdapter - [1833338f] Using @ExceptionHandler org.springframework.web.reactive.result.method.annotation.RequestMappingExceptionHandlingIntegrationTests$TestController#handleStateException(IllegalStateException)
03:15:01.699 [http-nio-auto-14-exec-1] DEBUG o.s.w.r.r.m.a.ResponseEntityResultHandler - Using 'text/plain;charset=UTF-8' given [text/plain, application/json, application/x-jackson-smile, application/*+json, */*] and supported [text/plain;charset=UTF-8, text/event-stream, text/plain;charset=UTF-8, */*]
03:15:01.699 [http-nio-auto-14-exec-1] DEBUG o.s.w.r.r.m.a.ResponseEntityResultHandler - [1833338f] 0..1 [java.lang.String]
03:15:01.699 [http-nio-auto-14-exec-1] DEBUG o.s.c.c.CharSequenceEncoder - [1833338f] Writing "Recovered from error: State"
03:15:01.701 [http-nio-auto-14-exec-1] DEBUG o.s.w.s.a.HttpWebHandlerAdapter - [1833338f] Completed 200 OK
03:15:01.701 [Test worker] DEBUG o.s.w.c.RestTemplate - Response 200 OK
03:15:01.701 [Test worker] DEBUG o.s.w.c.RestTemplate - Reading to [java.lang.String] as "text/plain;charset=UTF-8"
03:15:01.702 [Test worker] DEBUG o.s.w.t.h.s.r.b.TomcatHttpServer - Stopping TomcatHttpServer...
03:15:02.025 [Test worker] DEBUG o.s.w.t.h.s.r.b.TomcatHttpServer - Server stopped (0 millis).
03:15:02.088 [Test worker] DEBUG o.s.w.r.r.m.a.RequestMappingHandlerMapping - 6 mappings in 'requestMappingHandlerMapping'
03:15:02.121 [Test worker] DEBUG o.s.w.r.r.m.a.ControllerMethodResolver - ControllerAdvice beans: none
03:15:02.143 [Test worker] DEBUG o.s.w.s.a.HttpWebHandlerAdapter - enableLoggingRequestDetails='false': form data and headers will be masked to prevent unsafe logging of potentially sensitive data
03:15:02.143 [Test worker] DEBUG o.s.w.t.h.s.r.b.UndertowHttpServer - Starting UndertowHttpServer...
03:15:02.143 [Test worker] INFO  i.undertow - starting server: Undertow - 2.1.3.Final
03:15:02.154 [Test worker] DEBUG o.s.w.t.h.s.r.b.UndertowHttpServer - Server started on port 55271(0 millis).
03:15:02.154 [Test worker] DEBUG o.s.w.c.RestTemplate - HTTP GET http://localhost:55271/thrown-exception
03:15:02.154 [Test worker] DEBUG o.s.w.c.RestTemplate - Accept=[text/plain, application/json, application/x-jackson-smile, application/*+json, */*]
03:15:02.159 [XNIO-14 I/O-4] DEBUG o.s.w.s.a.HttpWebHandlerAdapter - [4180e23c] HTTP GET "/thrown-exception"
03:15:02.159 [XNIO-14 I/O-4] DEBUG o.s.w.r.r.m.a.RequestMappingHandlerMapping - [4180e23c] Mapped to org.springframework.web.reactive.result.method.annotation.RequestMappingExceptionHandlingIntegrationTests$TestController#handleAndThrowException()
03:15:02.160 [XNIO-14 I/O-4] DEBUG o.s.w.r.r.m.a.RequestMappingHandlerAdapter - [4180e23c] Using @ExceptionHandler org.springframework.web.reactive.result.method.annotation.RequestMappingExceptionHandlingIntegrationTests$TestController#handleStateException(IllegalStateException)
03:15:02.161 [XNIO-14 I/O-4] DEBUG o.s.w.r.r.m.a.ResponseEntityResultHandler - Using 'text/plain;charset=UTF-8' given [text/plain, application/json, application/x-jackson-smile, application/*+json, */*] and supported [text/plain;charset=UTF-8, text/event-stream, text/plain;charset=UTF-8, */*]
03:15:02.161 [XNIO-14 I/O-4] DEBUG o.s.w.r.r.m.a.ResponseEntityResultHandler - [4180e23c] 0..1 [java.lang.String]
03:15:02.161 [XNIO-14 I/O-4] DEBUG o.s.c.c.CharSequenceEncoder - [4180e23c] Writing "Recovered from error: State"
03:15:02.162 [XNIO-14 I/O-4] DEBUG o.s.w.s.a.HttpWebHandlerAdapter - [4180e23c] Completed 200 OK
03:15:02.162 [Test worker] DEBUG o.s.w.c.RestTemplate - Response 200 OK
03:15:02.162 [Test worker] DEBUG o.s.w.c.RestTemplate - Reading to [java.lang.String] as "text/plain;charset=UTF-8"
03:15:02.162 [Test worker] DEBUG o.s.w.t.h.s.r.b.UndertowHttpServer - Stopping UndertowHttpServer...
03:15:02.163 [Test worker] INFO  i.undertow - stopping server: Undertow - 2.1.3.Final
03:15:02.165 [Test worker] DEBUG o.s.w.t.h.s.r.b.UndertowHttpServer - Server stopped (0 millis).
03:15:02.223 [Test worker] DEBUG o.s.w.r.r.m.a.RequestMappingHandlerMapping - 6 mappings in 'requestMappingHandlerMapping'
03:15:02.254 [Test worker] DEBUG o.s.w.r.r.m.a.ControllerMethodResolver - ControllerAdvice beans: none
03:15:02.291 [Test worker] DEBUG o.s.w.s.a.HttpWebHandlerAdapter - enableLoggingRequestDetails='false': form data and headers will be masked to prevent unsafe logging of potentially sensitive data
03:15:02.292 [Test worker] WARN  o.e.j.s.h.ContextHandler - Empty contextPath
03:15:02.292 [Test worker] INFO  o.e.j.s.h.ContextHandler - Started o.e.j.s.ServletContextHandler@134efab3{/,null,AVAILABLE}
03:15:02.293 [Test worker] DEBUG o.s.w.t.h.s.r.b.JettyHttpServer - Starting JettyHttpServer...
03:15:02.293 [Test worker] INFO  o.e.j.s.Server - jetty-9.4.30.v20200611; built: 2020-06-11T12:34:51.929Z; git: 271836e4c1f4612f12b7bb13ef5a92a927634b0d; jvm 1.8.0_251-b08
03:15:02.308 [Test worker] INFO  o.e.j.s.AbstractConnector - Started ServerConnector@761e826e{HTTP/1.1, (http/1.1)}{0.0.0.0:55273}
03:15:02.309 [Test worker] INFO  o.e.j.s.Server - Started @62745ms
03:15:02.309 [Test worker] DEBUG o.s.w.t.h.s.r.b.JettyHttpServer - Server started on port 55273(0 millis).
03:15:02.309 [Test worker] DEBUG o.s.w.c.RestTemplate - HTTP GET http://localhost:55273/SPR-16051
03:15:02.310 [Test worker] DEBUG o.s.w.c.RestTemplate - Accept=[text/plain, application/json, application/x-jackson-smile, application/*+json, */*]
03:15:02.313 [qtp1299588135-678] DEBUG o.s.w.s.a.HttpWebHandlerAdapter - [51ba9a62] HTTP GET "/SPR-16051"
03:15:02.314 [qtp1299588135-678] DEBUG o.s.w.r.r.m.a.RequestMappingHandlerMapping - [51ba9a62] Mapped to org.springframework.web.reactive.result.method.annotation.RequestMappingExceptionHandlingIntegrationTests$TestController#errors()
03:15:02.316 [qtp1299588135-678] DEBUG o.s.w.r.r.m.a.ResponseBodyResultHandler - Using 'text/plain;charset=UTF-8' given [text/plain, application/json, application/x-jackson-smile, application/*+json, */*] and supported [text/plain;charset=UTF-8, text/event-stream, text/plain;charset=UTF-8, */*]
03:15:02.316 [qtp1299588135-678] DEBUG o.s.w.r.r.m.a.ResponseBodyResultHandler - [51ba9a62] 0..N [java.lang.String]
03:15:02.317 [qtp1299588135-678] DEBUG o.s.c.c.CharSequenceEncoder - [51ba9a62] Writing "1. foo bar"
03:15:02.318 [qtp1299588135-678] DEBUG o.s.c.c.CharSequenceEncoder - [51ba9a62] Writing "2. foo bar"
03:15:02.318 [Test worker] DEBUG o.s.w.c.RestTemplate - Response 200 OK
03:15:02.318 [Test worker] DEBUG o.s.w.c.RestTemplate - Reading to [java.lang.String] as "text/plain;charset=utf-8"
03:15:02.318 [qtp1299588135-678] DEBUG o.s.c.c.CharSequenceEncoder - [51ba9a62] Writing "3. foo bar"
03:15:02.319 [qtp1299588135-678] DEBUG o.s.c.c.CharSequenceEncoder - [51ba9a62] Writing "4. foo bar"
03:15:02.319 [qtp1299588135-678] DEBUG o.s.c.c.CharSequenceEncoder - [51ba9a62] Writing "5. foo bar"
03:15:02.320 [qtp1299588135-678] DEBUG o.s.c.c.CharSequenceEncoder - [51ba9a62] Writing "6. foo bar"
03:15:02.320 [qtp1299588135-678] DEBUG o.s.c.c.CharSequenceEncoder - [51ba9a62] Writing "7. foo bar"
03:15:02.320 [qtp1299588135-678] DEBUG o.s.c.c.CharSequenceEncoder - [51ba9a62] Writing "8. foo bar"
03:15:02.321 [qtp1299588135-678] DEBUG o.s.c.c.CharSequenceEncoder - [51ba9a62] Writing "9. foo bar"
03:15:02.321 [qtp1299588135-678] DEBUG o.s.c.c.CharSequenceEncoder - [51ba9a62] Writing "10. foo bar"
03:15:02.322 [qtp1299588135-678] DEBUG o.s.c.c.CharSequenceEncoder - [51ba9a62] Writing "11. foo bar"
03:15:02.322 [qtp1299588135-678] DEBUG o.s.c.c.CharSequenceEncoder - [51ba9a62] Writing "12. foo bar"
03:15:02.323 [qtp1299588135-678] DEBUG o.s.c.c.CharSequenceEncoder - [51ba9a62] Writing "13. foo bar"
03:15:02.323 [qtp1299588135-678] DEBUG o.s.c.c.CharSequenceEncoder - [51ba9a62] Writing "14. foo bar"
03:15:02.324 [qtp1299588135-678] DEBUG o.s.c.c.CharSequenceEncoder - [51ba9a62] Writing "15. foo bar"
03:15:02.329 [qtp1299588135-678] DEBUG o.s.c.c.CharSequenceEncoder - [51ba9a62] Writing "16. foo bar"
03:15:02.331 [qtp1299588135-678] DEBUG o.s.c.c.CharSequenceEncoder - [51ba9a62] Writing "17. foo bar"
03:15:02.332 [qtp1299588135-678] DEBUG o.s.c.c.CharSequenceEncoder - [51ba9a62] Writing "18. foo bar"
03:15:02.332 [qtp1299588135-678] DEBUG o.s.c.c.CharSequenceEncoder - [51ba9a62] Writing "19. foo bar"
03:15:02.332 [qtp1299588135-678] DEBUG o.s.c.c.CharSequenceEncoder - [51ba9a62] Writing "20. foo bar"
03:15:02.333 [qtp1299588135-678] DEBUG o.s.c.c.CharSequenceEncoder - [51ba9a62] Writing "21. foo bar"
03:15:02.334 [qtp1299588135-678] DEBUG o.s.c.c.CharSequenceEncoder - [51ba9a62] Writing "22. foo bar"
03:15:02.334 [qtp1299588135-678] DEBUG o.s.c.c.CharSequenceEncoder - [51ba9a62] Writing "23. foo bar"
03:15:02.336 [qtp1299588135-678] DEBUG o.s.c.c.CharSequenceEncoder - [51ba9a62] Writing "24. foo bar"
03:15:02.336 [qtp1299588135-678] DEBUG o.s.c.c.CharSequenceEncoder - [51ba9a62] Writing "25. foo bar"
03:15:02.337 [qtp1299588135-678] DEBUG o.s.c.c.CharSequenceEncoder - [51ba9a62] Writing "26. foo bar"
03:15:02.339 [qtp1299588135-678] DEBUG o.s.c.c.CharSequenceEncoder - [51ba9a62] Writing "27. foo bar"
03:15:02.339 [qtp1299588135-678] DEBUG o.s.c.c.CharSequenceEncoder - [51ba9a62] Writing "28. foo bar"
03:15:02.340 [qtp1299588135-678] DEBUG o.s.c.c.CharSequenceEncoder - [51ba9a62] Writing "29. foo bar"
03:15:02.340 [qtp1299588135-678] DEBUG o.s.c.c.CharSequenceEncoder - [51ba9a62] Writing "30. foo bar"
03:15:02.341 [qtp1299588135-678] DEBUG o.s.c.c.CharSequenceEncoder - [51ba9a62] Writing "31. foo bar"
03:15:02.342 [qtp1299588135-678] DEBUG o.s.c.c.CharSequenceEncoder - [51ba9a62] Writing "32. foo bar"
03:15:02.343 [qtp1299588135-678] DEBUG o.s.c.c.CharSequenceEncoder - [51ba9a62] Writing "33. foo bar"
03:15:02.343 [qtp1299588135-678] DEBUG o.s.c.c.CharSequenceEncoder - [51ba9a62] Writing "34. foo bar"
03:15:02.344 [qtp1299588135-678] DEBUG o.s.c.c.CharSequenceEncoder - [51ba9a62] Writing "35. foo bar"
03:15:02.344 [qtp1299588135-678] DEBUG o.s.c.c.CharSequenceEncoder - [51ba9a62] Writing "36. foo bar"
03:15:02.345 [qtp1299588135-678] DEBUG o.s.c.c.CharSequenceEncoder - [51ba9a62] Writing "37. foo bar"
03:15:02.346 [qtp1299588135-678] DEBUG o.s.c.c.CharSequenceEncoder - [51ba9a62] Writing "38. foo bar"
03:15:02.347 [qtp1299588135-678] DEBUG o.s.c.c.CharSequenceEncoder - [51ba9a62] Writing "39. foo bar"
03:15:02.348 [qtp1299588135-678] DEBUG o.s.c.c.CharSequenceEncoder - [51ba9a62] Writing "40. foo bar"
03:15:02.348 [qtp1299588135-678] DEBUG o.s.c.c.CharSequenceEncoder - [51ba9a62] Writing "41. foo bar"
03:15:02.350 [qtp1299588135-678] DEBUG o.s.c.c.CharSequenceEncoder - [51ba9a62] Writing "42. foo bar"
03:15:02.350 [qtp1299588135-678] DEBUG o.s.c.c.CharSequenceEncoder - [51ba9a62] Writing "43. foo bar"
03:15:02.351 [qtp1299588135-678] DEBUG o.s.c.c.CharSequenceEncoder - [51ba9a62] Writing "44. foo bar"
03:15:02.353 [qtp1299588135-678] DEBUG o.s.c.c.CharSequenceEncoder - [51ba9a62] Writing "45. foo bar"
03:15:02.354 [qtp1299588135-678] DEBUG o.s.c.c.CharSequenceEncoder - [51ba9a62] Writing "46. foo bar"
03:15:02.354 [qtp1299588135-678] DEBUG o.s.c.c.CharSequenceEncoder - [51ba9a62] Writing "47. foo bar"
03:15:02.355 [qtp1299588135-678] DEBUG o.s.c.c.CharSequenceEncoder - [51ba9a62] Writing "48. foo bar"
03:15:02.356 [qtp1299588135-678] DEBUG o.s.c.c.CharSequenceEncoder - [51ba9a62] Writing "49. foo bar"
03:15:02.360 [qtp1299588135-678] DEBUG o.s.c.c.CharSequenceEncoder - [51ba9a62] Writing "50. foo bar"
03:15:02.362 [qtp1299588135-678] DEBUG o.s.c.c.CharSequenceEncoder - [51ba9a62] Writing "51. foo bar"
03:15:02.362 [qtp1299588135-678] DEBUG o.s.c.c.CharSequenceEncoder - [51ba9a62] Writing "52. foo bar"
03:15:02.363 [qtp1299588135-678] DEBUG o.s.c.c.CharSequenceEncoder - [51ba9a62] Writing "53. foo bar"
03:15:02.364 [qtp1299588135-678] DEBUG o.s.c.c.CharSequenceEncoder - [51ba9a62] Writing "54. foo bar"
03:15:02.365 [qtp1299588135-678] DEBUG o.s.c.c.CharSequenceEncoder - [51ba9a62] Writing "55. foo bar"
03:15:02.366 [qtp1299588135-678] DEBUG o.s.c.c.CharSequenceEncoder - [51ba9a62] Writing "56. foo bar"
03:15:02.371 [qtp1299588135-678] DEBUG o.s.c.c.CharSequenceEncoder - [51ba9a62] Writing "57. foo bar"
03:15:02.371 [qtp1299588135-678] DEBUG o.s.c.c.CharSequenceEncoder - [51ba9a62] Writing "58. foo bar"
03:15:02.371 [qtp1299588135-678] DEBUG o.s.c.c.CharSequenceEncoder - [51ba9a62] Writing "59. foo bar"
03:15:02.372 [qtp1299588135-678] DEBUG o.s.c.c.CharSequenceEncoder - [51ba9a62] Writing "60. foo bar"
03:15:02.373 [qtp1299588135-678] DEBUG o.s.c.c.CharSequenceEncoder - [51ba9a62] Writing "61. foo bar"
03:15:02.373 [qtp1299588135-678] DEBUG o.s.c.c.CharSequenceEncoder - [51ba9a62] Writing "62. foo bar"
03:15:02.373 [qtp1299588135-678] DEBUG o.s.c.c.CharSequenceEncoder - [51ba9a62] Writing "63. foo bar"
03:15:02.374 [qtp1299588135-678] DEBUG o.s.c.c.CharSequenceEncoder - [51ba9a62] Writing "64. foo bar"
03:15:02.374 [qtp1299588135-678] DEBUG o.s.c.c.CharSequenceEncoder - [51ba9a62] Writing "65. foo bar"
03:15:02.376 [qtp1299588135-678] DEBUG o.s.c.c.CharSequenceEncoder - [51ba9a62] Writing "66. foo bar"
03:15:02.376 [qtp1299588135-678] DEBUG o.s.c.c.CharSequenceEncoder - [51ba9a62] Writing "67. foo bar"
03:15:02.376 [qtp1299588135-678] DEBUG o.s.c.c.CharSequenceEncoder - [51ba9a62] Writing "68. foo bar"
03:15:02.377 [qtp1299588135-678] DEBUG o.s.c.c.CharSequenceEncoder - [51ba9a62] Writing "69. foo bar"
03:15:02.387 [qtp1299588135-678] DEBUG o.s.c.c.CharSequenceEncoder - [51ba9a62] Writing "70. foo bar"
03:15:02.388 [qtp1299588135-678] DEBUG o.s.c.c.CharSequenceEncoder - [51ba9a62] Writing "71. foo bar"
03:15:02.389 [qtp1299588135-678] DEBUG o.s.c.c.CharSequenceEncoder - [51ba9a62] Writing "72. foo bar"
03:15:02.389 [qtp1299588135-678] DEBUG o.s.c.c.CharSequenceEncoder - [51ba9a62] Writing "73. foo bar"
03:15:02.390 [qtp1299588135-678] DEBUG o.s.c.c.CharSequenceEncoder - [51ba9a62] Writing "74. foo bar"
03:15:02.391 [qtp1299588135-678] DEBUG o.s.c.c.CharSequenceEncoder - [51ba9a62] Writing "75. foo bar"
03:15:02.460 [qtp1299588135-678] DEBUG o.s.c.c.CharSequenceEncoder - [51ba9a62] Writing "76. foo bar"
03:15:02.461 [qtp1299588135-678] DEBUG o.s.c.c.CharSequenceEncoder - [51ba9a62] Writing "77. foo bar"
03:15:02.462 [qtp1299588135-678] DEBUG o.s.c.c.CharSequenceEncoder - [51ba9a62] Writing "78. foo bar"
03:15:02.462 [qtp1299588135-678] DEBUG o.s.c.c.CharSequenceEncoder - [51ba9a62] Writing "79. foo bar"
03:15:02.464 [qtp1299588135-678] DEBUG o.s.c.c.CharSequenceEncoder - [51ba9a62] Writing "80. foo bar"
03:15:02.464 [qtp1299588135-678] DEBUG o.s.c.c.CharSequenceEncoder - [51ba9a62] Writing "81. foo bar"
03:15:02.465 [qtp1299588135-678] DEBUG o.s.c.c.CharSequenceEncoder - [51ba9a62] Writing "82. foo bar"
03:15:02.466 [qtp1299588135-678] DEBUG o.s.c.c.CharSequenceEncoder - [51ba9a62] Writing "83. foo bar"
03:15:02.466 [qtp1299588135-678] DEBUG o.s.c.c.CharSequenceEncoder - [51ba9a62] Writing "84. foo bar"
03:15:02.467 [qtp1299588135-678] DEBUG o.s.c.c.CharSequenceEncoder - [51ba9a62] Writing "85. foo bar"
03:15:02.474 [qtp1299588135-678] DEBUG o.s.c.c.CharSequenceEncoder - [51ba9a62] Writing "86. foo bar"
03:15:02.474 [qtp1299588135-678] DEBUG o.s.c.c.CharSequenceEncoder - [51ba9a62] Writing "87. foo bar"
03:15:02.475 [qtp1299588135-678] DEBUG o.s.c.c.CharSequenceEncoder - [51ba9a62] Writing "88. foo bar"
03:15:02.475 [qtp1299588135-678] DEBUG o.s.c.c.CharSequenceEncoder - [51ba9a62] Writing "89. foo bar"
03:15:02.481 [qtp1299588135-678] DEBUG o.s.c.c.CharSequenceEncoder - [51ba9a62] Writing "90. foo bar"
03:15:02.482 [qtp1299588135-678] DEBUG o.s.c.c.CharSequenceEncoder - [51ba9a62] Writing "91. foo bar"
03:15:02.484 [qtp1299588135-678] DEBUG o.s.c.c.CharSequenceEncoder - [51ba9a62] Writing "92. foo bar"
03:15:02.486 [qtp1299588135-678] DEBUG o.s.c.c.CharSequenceEncoder - [51ba9a62] Writing "93. foo bar"
03:15:02.488 [qtp1299588135-678] DEBUG o.s.c.c.CharSequenceEncoder - [51ba9a62] Writing "94. foo bar"
03:15:02.489 [qtp1299588135-678] DEBUG o.s.c.c.CharSequenceEncoder - [51ba9a62] Writing "95. foo bar"
03:15:02.495 [qtp1299588135-678] DEBUG o.s.c.c.CharSequenceEncoder - [51ba9a62] Writing "96. foo bar"
03:15:02.499 [qtp1299588135-678] DEBUG o.s.c.c.CharSequenceEncoder - [51ba9a62] Writing "97. foo bar"
03:15:02.500 [qtp1299588135-678] DEBUG o.s.c.c.CharSequenceEncoder - [51ba9a62] Writing "98. foo bar"
03:15:02.500 [qtp1299588135-678] DEBUG o.s.c.c.CharSequenceEncoder - [51ba9a62] Writing "99. foo bar"
03:15:02.501 [qtp1299588135-678] DEBUG o.s.c.c.CharSequenceEncoder - [51ba9a62] Writing "100. foo bar"
03:15:02.502 [qtp1299588135-678] DEBUG o.s.c.c.CharSequenceEncoder - [51ba9a62] Writing "101. foo bar"
03:15:02.503 [qtp1299588135-678] DEBUG o.s.c.c.CharSequenceEncoder - [51ba9a62] Writing "102. foo bar"
03:15:02.504 [qtp1299588135-678] DEBUG o.s.c.c.CharSequenceEncoder - [51ba9a62] Writing "103. foo bar"
03:15:02.504 [qtp1299588135-678] DEBUG o.s.c.c.CharSequenceEncoder - [51ba9a62] Writing "104. foo bar"
03:15:02.505 [qtp1299588135-678] DEBUG o.s.c.c.CharSequenceEncoder - [51ba9a62] Writing "105. foo bar"
03:15:02.506 [qtp1299588135-678] DEBUG o.s.c.c.CharSequenceEncoder - [51ba9a62] Writing "106. foo bar"
03:15:02.507 [qtp1299588135-678] DEBUG o.s.c.c.CharSequenceEncoder - [51ba9a62] Writing "107. foo bar"
03:15:02.508 [qtp1299588135-678] DEBUG o.s.c.c.CharSequenceEncoder - [51ba9a62] Writing "108. foo bar"
03:15:02.509 [qtp1299588135-678] DEBUG o.s.c.c.CharSequenceEncoder - [51ba9a62] Writing "109. foo bar"
03:15:02.509 [qtp1299588135-678] DEBUG o.s.c.c.CharSequenceEncoder - [51ba9a62] Writing "110. foo bar"
03:15:02.509 [qtp1299588135-678] DEBUG o.s.c.c.CharSequenceEncoder - [51ba9a62] Writing "111. foo bar"
03:15:02.510 [qtp1299588135-678] DEBUG o.s.c.c.CharSequenceEncoder - [51ba9a62] Writing "112. foo bar"
03:15:02.512 [qtp1299588135-678] DEBUG o.s.c.c.CharSequenceEncoder - [51ba9a62] Writing "113. foo bar"
03:15:02.512 [qtp1299588135-678] DEBUG o.s.c.c.CharSequenceEncoder - [51ba9a62] Writing "114. foo bar"
03:15:02.513 [qtp1299588135-678] DEBUG o.s.c.c.CharSequenceEncoder - [51ba9a62] Writing "115. foo bar"
03:15:02.514 [qtp1299588135-678] DEBUG o.s.c.c.CharSequenceEncoder - [51ba9a62] Writing "116. foo bar"
03:15:02.514 [qtp1299588135-678] DEBUG o.s.c.c.CharSequenceEncoder - [51ba9a62] Writing "117. foo bar"
03:15:02.516 [qtp1299588135-678] DEBUG o.s.c.c.CharSequenceEncoder - [51ba9a62] Writing "118. foo bar"
03:15:02.517 [qtp1299588135-678] DEBUG o.s.c.c.CharSequenceEncoder - [51ba9a62] Writing "119. foo bar"
03:15:02.517 [qtp1299588135-678] DEBUG o.s.c.c.CharSequenceEncoder - [51ba9a62] Writing "120. foo bar"
03:15:02.518 [qtp1299588135-678] DEBUG o.s.c.c.CharSequenceEncoder - [51ba9a62] Writing "121. foo bar"
03:15:02.518 [qtp1299588135-678] DEBUG o.s.c.c.CharSequenceEncoder - [51ba9a62] Writing "122. foo bar"
03:15:02.519 [qtp1299588135-678] DEBUG o.s.c.c.CharSequenceEncoder - [51ba9a62] Writing "123. foo bar"
03:15:02.520 [qtp1299588135-678] DEBUG o.s.c.c.CharSequenceEncoder - [51ba9a62] Writing "124. foo bar"
03:15:02.520 [qtp1299588135-678] DEBUG o.s.c.c.CharSequenceEncoder - [51ba9a62] Writing "125. foo bar"
03:15:02.521 [qtp1299588135-678] DEBUG o.s.c.c.CharSequenceEncoder - [51ba9a62] Writing "126. foo bar"
03:15:02.522 [qtp1299588135-678] DEBUG o.s.c.c.CharSequenceEncoder - [51ba9a62] Writing "127. foo bar"
03:15:02.522 [qtp1299588135-678] DEBUG o.s.c.c.CharSequenceEncoder - [51ba9a62] Writing "128. foo bar"
03:15:02.523 [qtp1299588135-678] DEBUG o.s.c.c.CharSequenceEncoder - [51ba9a62] Writing "129. foo bar"
03:15:02.524 [qtp1299588135-678] DEBUG o.s.c.c.CharSequenceEncoder - [51ba9a62] Writing "130. foo bar"
03:15:02.524 [qtp1299588135-678] DEBUG o.s.c.c.CharSequenceEncoder - [51ba9a62] Writing "131. foo bar"
03:15:02.525 [qtp1299588135-678] DEBUG o.s.c.c.CharSequenceEncoder - [51ba9a62] Writing "132. foo bar"
03:15:02.525 [qtp1299588135-678] DEBUG o.s.c.c.CharSequenceEncoder - [51ba9a62] Writing "133. foo bar"
03:15:02.527 [qtp1299588135-678] DEBUG o.s.c.c.CharSequenceEncoder - [51ba9a62] Writing "134. foo bar"
03:15:02.527 [qtp1299588135-678] DEBUG o.s.c.c.CharSequenceEncoder - [51ba9a62] Writing "135. foo bar"
03:15:02.530 [qtp1299588135-678] DEBUG o.s.c.c.CharSequenceEncoder - [51ba9a62] Writing "136. foo bar"
03:15:02.531 [qtp1299588135-678] DEBUG o.s.c.c.CharSequenceEncoder - [51ba9a62] Writing "137. foo bar"
03:15:02.531 [qtp1299588135-678] DEBUG o.s.c.c.CharSequenceEncoder - [51ba9a62] Writing "138. foo bar"
03:15:02.532 [qtp1299588135-678] DEBUG o.s.c.c.CharSequenceEncoder - [51ba9a62] Writing "139. foo bar"
03:15:02.533 [qtp1299588135-678] DEBUG o.s.c.c.CharSequenceEncoder - [51ba9a62] Writing "140. foo bar"
03:15:02.533 [qtp1299588135-678] DEBUG o.s.c.c.CharSequenceEncoder - [51ba9a62] Writing "141. foo bar"
03:15:02.535 [qtp1299588135-678] DEBUG o.s.c.c.CharSequenceEncoder - [51ba9a62] Writing "142. foo bar"
03:15:02.536 [qtp1299588135-678] DEBUG o.s.c.c.CharSequenceEncoder - [51ba9a62] Writing "143. foo bar"
03:15:02.536 [qtp1299588135-678] DEBUG o.s.c.c.CharSequenceEncoder - [51ba9a62] Writing "144. foo bar"
03:15:02.536 [qtp1299588135-678] DEBUG o.s.c.c.CharSequenceEncoder - [51ba9a62] Writing "145. foo bar"
03:15:02.537 [qtp1299588135-678] DEBUG o.s.c.c.CharSequenceEncoder - [51ba9a62] Writing "146. foo bar"
03:15:02.537 [qtp1299588135-678] DEBUG o.s.c.c.CharSequenceEncoder - [51ba9a62] Writing "147. foo bar"
03:15:02.537 [qtp1299588135-678] DEBUG o.s.c.c.CharSequenceEncoder - [51ba9a62] Writing "148. foo bar"
03:15:02.538 [qtp1299588135-678] DEBUG o.s.c.c.CharSequenceEncoder - [51ba9a62] Writing "149. foo bar"
03:15:02.538 [qtp1299588135-678] DEBUG o.s.c.c.CharSequenceEncoder - [51ba9a62] Writing "150. foo bar"
03:15:02.538 [qtp1299588135-678] DEBUG o.s.c.c.CharSequenceEncoder - [51ba9a62] Writing "151. foo bar"
03:15:02.539 [qtp1299588135-678] DEBUG o.s.c.c.CharSequenceEncoder - [51ba9a62] Writing "152. foo bar"
03:15:02.539 [qtp1299588135-678] DEBUG o.s.c.c.CharSequenceEncoder - [51ba9a62] Writing "153. foo bar"
03:15:02.539 [qtp1299588135-678] DEBUG o.s.c.c.CharSequenceEncoder - [51ba9a62] Writing "154. foo bar"
03:15:02.540 [qtp1299588135-678] DEBUG o.s.c.c.CharSequenceEncoder - [51ba9a62] Writing "155. foo bar"
03:15:02.554 [qtp1299588135-678] DEBUG o.s.c.c.CharSequenceEncoder - [51ba9a62] Writing "156. foo bar"
03:15:02.554 [qtp1299588135-678] DEBUG o.s.c.c.CharSequenceEncoder - [51ba9a62] Writing "157. foo bar"
03:15:02.555 [qtp1299588135-678] DEBUG o.s.c.c.CharSequenceEncoder - [51ba9a62] Writing "158. foo bar"
03:15:02.555 [qtp1299588135-678] DEBUG o.s.c.c.CharSequenceEncoder - [51ba9a62] Writing "159. foo bar"
03:15:02.556 [qtp1299588135-678] DEBUG o.s.c.c.CharSequenceEncoder - [51ba9a62] Writing "160. foo bar"
03:15:02.556 [qtp1299588135-678] DEBUG o.s.c.c.CharSequenceEncoder - [51ba9a62] Writing "161. foo bar"
03:15:02.556 [qtp1299588135-678] DEBUG o.s.c.c.CharSequenceEncoder - [51ba9a62] Writing "162. foo bar"
03:15:02.557 [qtp1299588135-678] DEBUG o.s.c.c.CharSequenceEncoder - [51ba9a62] Writing "163. foo bar"
03:15:02.557 [qtp1299588135-678] DEBUG o.s.c.c.CharSequenceEncoder - [51ba9a62] Writing "164. foo bar"
03:15:02.557 [qtp1299588135-678] DEBUG o.s.c.c.CharSequenceEncoder - [51ba9a62] Writing "165. foo bar"
03:15:02.558 [qtp1299588135-678] DEBUG o.s.c.c.CharSequenceEncoder - [51ba9a62] Writing "166. foo bar"
03:15:02.558 [qtp1299588135-678] DEBUG o.s.c.c.CharSequenceEncoder - [51ba9a62] Writing "167. foo bar"
03:15:02.559 [qtp1299588135-678] DEBUG o.s.c.c.CharSequenceEncoder - [51ba9a62] Writing "168. foo bar"
03:15:02.559 [qtp1299588135-678] DEBUG o.s.c.c.CharSequenceEncoder - [51ba9a62] Writing "169. foo bar"
03:15:02.560 [qtp1299588135-678] DEBUG o.s.c.c.CharSequenceEncoder - [51ba9a62] Writing "170. foo bar"
03:15:02.560 [qtp1299588135-678] DEBUG o.s.c.c.CharSequenceEncoder - [51ba9a62] Writing "171. foo bar"
03:15:02.560 [qtp1299588135-678] DEBUG o.s.c.c.CharSequenceEncoder - [51ba9a62] Writing "172. foo bar"
03:15:02.561 [qtp1299588135-678] DEBUG o.s.c.c.CharSequenceEncoder - [51ba9a62] Writing "173. foo bar"
03:15:02.561 [qtp1299588135-678] DEBUG o.s.c.c.CharSequenceEncoder - [51ba9a62] Writing "174. foo bar"
03:15:02.561 [qtp1299588135-678] DEBUG o.s.c.c.CharSequenceEncoder - [51ba9a62] Writing "175. foo bar"
03:15:02.562 [qtp1299588135-678] DEBUG o.s.c.c.CharSequenceEncoder - [51ba9a62] Writing "176. foo bar"
03:15:02.562 [qtp1299588135-678] DEBUG o.s.c.c.CharSequenceEncoder - [51ba9a62] Writing "177. foo bar"
03:15:02.562 [qtp1299588135-678] DEBUG o.s.c.c.CharSequenceEncoder - [51ba9a62] Writing "178. foo bar"
03:15:02.563 [qtp1299588135-678] DEBUG o.s.c.c.CharSequenceEncoder - [51ba9a62] Writing "179. foo bar"
03:15:02.563 [qtp1299588135-678] DEBUG o.s.c.c.CharSequenceEncoder - [51ba9a62] Writing "180. foo bar"
03:15:02.564 [qtp1299588135-678] DEBUG o.s.c.c.CharSequenceEncoder - [51ba9a62] Writing "181. foo bar"
03:15:02.564 [qtp1299588135-678] DEBUG o.s.c.c.CharSequenceEncoder - [51ba9a62] Writing "182. foo bar"
03:15:02.565 [qtp1299588135-678] DEBUG o.s.c.c.CharSequenceEncoder - [51ba9a62] Writing "183. foo bar"
03:15:02.565 [qtp1299588135-678] DEBUG o.s.c.c.CharSequenceEncoder - [51ba9a62] Writing "184. foo bar"
03:15:02.565 [qtp1299588135-678] DEBUG o.s.c.c.CharSequenceEncoder - [51ba9a62] Writing "185. foo bar"
03:15:02.566 [qtp1299588135-678] DEBUG o.s.c.c.CharSequenceEncoder - [51ba9a62] Writing "186. foo bar"
03:15:02.567 [qtp1299588135-678] DEBUG o.s.c.c.CharSequenceEncoder - [51ba9a62] Writing "187. foo bar"
03:15:02.567 [qtp1299588135-678] DEBUG o.s.c.c.CharSequenceEncoder - [51ba9a62] Writing "188. foo bar"
03:15:02.568 [qtp1299588135-678] DEBUG o.s.c.c.CharSequenceEncoder - [51ba9a62] Writing "189. foo bar"
03:15:02.568 [qtp1299588135-678] DEBUG o.s.c.c.CharSequenceEncoder - [51ba9a62] Writing "190. foo bar"
03:15:02.569 [qtp1299588135-678] DEBUG o.s.c.c.CharSequenceEncoder - [51ba9a62] Writing "191. foo bar"
03:15:02.569 [qtp1299588135-678] DEBUG o.s.c.c.CharSequenceEncoder - [51ba9a62] Writing "192. foo bar"
03:15:02.570 [qtp1299588135-678] DEBUG o.s.c.c.CharSequenceEncoder - [51ba9a62] Writing "193. foo bar"
03:15:02.570 [qtp1299588135-678] DEBUG o.s.c.c.CharSequenceEncoder - [51ba9a62] Writing "194. foo bar"
03:15:02.570 [qtp1299588135-678] DEBUG o.s.c.c.CharSequenceEncoder - [51ba9a62] Writing "195. foo bar"
03:15:02.571 [qtp1299588135-678] DEBUG o.s.c.c.CharSequenceEncoder - [51ba9a62] Writing "196. foo bar"
03:15:02.572 [qtp1299588135-678] DEBUG o.s.c.c.CharSequenceEncoder - [51ba9a62] Writing "197. foo bar"
03:15:02.572 [qtp1299588135-678] DEBUG o.s.c.c.CharSequenceEncoder - [51ba9a62] Writing "198. foo bar"
03:15:02.572 [qtp1299588135-678] DEBUG o.s.c.c.CharSequenceEncoder - [51ba9a62] Writing "199. foo bar"
03:15:02.573 [qtp1299588135-678] DEBUG o.s.c.c.CharSequenceEncoder - [51ba9a62] Writing "200. foo bar"
03:15:02.573 [qtp1299588135-678] DEBUG o.s.c.c.CharSequenceEncoder - [51ba9a62] Writing "201. foo bar"
03:15:02.573 [qtp1299588135-678] DEBUG o.s.c.c.CharSequenceEncoder - [51ba9a62] Writing "202. foo bar"
03:15:02.574 [qtp1299588135-678] DEBUG o.s.c.c.CharSequenceEncoder - [51ba9a62] Writing "203. foo bar"
03:15:02.574 [qtp1299588135-678] DEBUG o.s.c.c.CharSequenceEncoder - [51ba9a62] Writing "204. foo bar"
03:15:02.574 [qtp1299588135-678] DEBUG o.s.c.c.CharSequenceEncoder - [51ba9a62] Writing "205. foo bar"
03:15:02.574 [qtp1299588135-678] DEBUG o.s.c.c.CharSequenceEncoder - [51ba9a62] Writing "206. foo bar"
03:15:02.575 [qtp1299588135-678] DEBUG o.s.c.c.CharSequenceEncoder - [51ba9a62] Writing "207. foo bar"
03:15:02.575 [qtp1299588135-678] DEBUG o.s.c.c.CharSequenceEncoder - [51ba9a62] Writing "208. foo bar"
03:15:02.576 [qtp1299588135-678] DEBUG o.s.c.c.CharSequenceEncoder - [51ba9a62] Writing "209. foo bar"
03:15:02.576 [qtp1299588135-678] DEBUG o.s.c.c.CharSequenceEncoder - [51ba9a62] Writing "210. foo bar"
03:15:02.577 [qtp1299588135-678] DEBUG o.s.c.c.CharSequenceEncoder - [51ba9a62] Writing "211. foo bar"
03:15:02.577 [qtp1299588135-678] DEBUG o.s.c.c.CharSequenceEncoder - [51ba9a62] Writing "212. foo bar"
03:15:02.578 [qtp1299588135-678] DEBUG o.s.c.c.CharSequenceEncoder - [51ba9a62] Writing "213. foo bar"
03:15:02.578 [qtp1299588135-678] DEBUG o.s.c.c.CharSequenceEncoder - [51ba9a62] Writing "214. foo bar"
03:15:02.578 [qtp1299588135-678] DEBUG o.s.c.c.CharSequenceEncoder - [51ba9a62] Writing "215. foo bar"
03:15:02.579 [qtp1299588135-678] DEBUG o.s.c.c.CharSequenceEncoder - [51ba9a62] Writing "216. foo bar"
03:15:02.580 [qtp1299588135-678] DEBUG o.s.c.c.CharSequenceEncoder - [51ba9a62] Writing "217. foo bar"
03:15:02.580 [qtp1299588135-678] DEBUG o.s.c.c.CharSequenceEncoder - [51ba9a62] Writing "218. foo bar"
03:15:02.580 [qtp1299588135-678] DEBUG o.s.c.c.CharSequenceEncoder - [51ba9a62] Writing "219. foo bar"
03:15:02.581 [qtp1299588135-678] DEBUG o.s.c.c.CharSequenceEncoder - [51ba9a62] Writing "220. foo bar"
03:15:02.582 [qtp1299588135-678] DEBUG o.s.c.c.CharSequenceEncoder - [51ba9a62] Writing "221. foo bar"
03:15:02.582 [qtp1299588135-678] DEBUG o.s.c.c.CharSequenceEncoder - [51ba9a62] Writing "222. foo bar"
03:15:02.582 [qtp1299588135-678] DEBUG o.s.c.c.CharSequenceEncoder - [51ba9a62] Writing "223. foo bar"
03:15:02.583 [qtp1299588135-678] DEBUG o.s.c.c.CharSequenceEncoder - [51ba9a62] Writing "224. foo bar"
03:15:02.583 [qtp1299588135-678] DEBUG o.s.c.c.CharSequenceEncoder - [51ba9a62] Writing "225. foo bar"
03:15:02.583 [qtp1299588135-678] DEBUG o.s.c.c.CharSequenceEncoder - [51ba9a62] Writing "226. foo bar"
03:15:02.584 [qtp1299588135-678] DEBUG o.s.c.c.CharSequenceEncoder - [51ba9a62] Writing "227. foo bar"
03:15:02.584 [qtp1299588135-678] DEBUG o.s.c.c.CharSequenceEncoder - [51ba9a62] Writing "228. foo bar"
03:15:02.586 [qtp1299588135-678] DEBUG o.s.c.c.CharSequenceEncoder - [51ba9a62] Writing "229. foo bar"
03:15:02.586 [qtp1299588135-678] DEBUG o.s.c.c.CharSequenceEncoder - [51ba9a62] Writing "230. foo bar"
03:15:02.586 [qtp1299588135-678] DEBUG o.s.c.c.CharSequenceEncoder - [51ba9a62] Writing "231. foo bar"
03:15:02.587 [qtp1299588135-678] DEBUG o.s.c.c.CharSequenceEncoder - [51ba9a62] Writing "232. foo bar"
03:15:02.587 [qtp1299588135-678] DEBUG o.s.c.c.CharSequenceEncoder - [51ba9a62] Writing "233. foo bar"
03:15:02.589 [qtp1299588135-678] DEBUG o.s.c.c.CharSequenceEncoder - [51ba9a62] Writing "234. foo bar"
03:15:02.590 [qtp1299588135-678] DEBUG o.s.c.c.CharSequenceEncoder - [51ba9a62] Writing "235. foo bar"
03:15:02.590 [qtp1299588135-678] DEBUG o.s.c.c.CharSequenceEncoder - [51ba9a62] Writing "236. foo bar"
03:15:02.590 [qtp1299588135-678] DEBUG o.s.c.c.CharSequenceEncoder - [51ba9a62] Writing "237. foo bar"
03:15:02.591 [qtp1299588135-678] DEBUG o.s.c.c.CharSequenceEncoder - [51ba9a62] Writing "238. foo bar"
03:15:02.591 [qtp1299588135-678] DEBUG o.s.c.c.CharSequenceEncoder - [51ba9a62] Writing "239. foo bar"
03:15:02.591 [qtp1299588135-678] DEBUG o.s.c.c.CharSequenceEncoder - [51ba9a62] Writing "240. foo bar"
03:15:02.591 [qtp1299588135-678] DEBUG o.s.c.c.CharSequenceEncoder - [51ba9a62] Writing "241. foo bar"
03:15:02.592 [qtp1299588135-678] DEBUG o.s.c.c.CharSequenceEncoder - [51ba9a62] Writing "242. foo bar"
03:15:02.593 [qtp1299588135-678] DEBUG o.s.c.c.CharSequenceEncoder - [51ba9a62] Writing "243. foo bar"
03:15:02.593 [qtp1299588135-678] DEBUG o.s.c.c.CharSequenceEncoder - [51ba9a62] Writing "244. foo bar"
03:15:02.594 [qtp1299588135-678] DEBUG o.s.c.c.CharSequenceEncoder - [51ba9a62] Writing "245. foo bar"
03:15:02.594 [qtp1299588135-678] DEBUG o.s.c.c.CharSequenceEncoder - [51ba9a62] Writing "246. foo bar"
03:15:02.594 [qtp1299588135-678] DEBUG o.s.c.c.CharSequenceEncoder - [51ba9a62] Writing "247. foo bar"
03:15:02.594 [qtp1299588135-678] DEBUG o.s.c.c.CharSequenceEncoder - [51ba9a62] Writing "248. foo bar"
03:15:02.595 [qtp1299588135-678] DEBUG o.s.c.c.CharSequenceEncoder - [51ba9a62] Writing "249. foo bar"
03:15:02.595 [qtp1299588135-678] DEBUG o.s.c.c.CharSequenceEncoder - [51ba9a62] Writing "250. foo bar"
03:15:02.595 [qtp1299588135-678] DEBUG o.s.c.c.CharSequenceEncoder - [51ba9a62] Writing "251. foo bar"
03:15:02.595 [qtp1299588135-678] DEBUG o.s.c.c.CharSequenceEncoder - [51ba9a62] Writing "252. foo bar"
03:15:02.596 [qtp1299588135-678] DEBUG o.s.c.c.CharSequenceEncoder - [51ba9a62] Writing "253. foo bar"
03:15:02.596 [qtp1299588135-678] DEBUG o.s.c.c.CharSequenceEncoder - [51ba9a62] Writing "254. foo bar"
03:15:02.596 [qtp1299588135-678] DEBUG o.s.c.c.CharSequenceEncoder - [51ba9a62] Writing "255. foo bar"
03:15:02.597 [qtp1299588135-678] DEBUG o.s.c.c.CharSequenceEncoder - [51ba9a62] Writing "256. foo bar"
03:15:02.597 [qtp1299588135-678] DEBUG o.s.c.c.CharSequenceEncoder - [51ba9a62] Writing "257. foo bar"
03:15:02.597 [qtp1299588135-678] DEBUG o.s.c.c.CharSequenceEncoder - [51ba9a62] Writing "258. foo bar"
03:15:02.598 [qtp1299588135-678] DEBUG o.s.c.c.CharSequenceEncoder - [51ba9a62] Writing "259. foo bar"
03:15:02.598 [qtp1299588135-678] DEBUG o.s.c.c.CharSequenceEncoder - [51ba9a62] Writing "260. foo bar"
03:15:02.599 [qtp1299588135-678] DEBUG o.s.c.c.CharSequenceEncoder - [51ba9a62] Writing "261. foo bar"
03:15:02.599 [qtp1299588135-678] DEBUG o.s.c.c.CharSequenceEncoder - [51ba9a62] Writing "262. foo bar"
03:15:02.599 [qtp1299588135-678] DEBUG o.s.c.c.CharSequenceEncoder - [51ba9a62] Writing "263. foo bar"
03:15:02.607 [qtp1299588135-678] DEBUG o.s.c.c.CharSequenceEncoder - [51ba9a62] Writing "264. foo bar"
03:15:02.607 [qtp1299588135-678] DEBUG o.s.c.c.CharSequenceEncoder - [51ba9a62] Writing "265. foo bar"
03:15:02.608 [qtp1299588135-678] DEBUG o.s.c.c.CharSequenceEncoder - [51ba9a62] Writing "266. foo bar"
03:15:02.608 [qtp1299588135-678] DEBUG o.s.c.c.CharSequenceEncoder - [51ba9a62] Writing "267. foo bar"
03:15:02.609 [qtp1299588135-678] DEBUG o.s.c.c.CharSequenceEncoder - [51ba9a62] Writing "268. foo bar"
03:15:02.609 [qtp1299588135-678] DEBUG o.s.c.c.CharSequenceEncoder - [51ba9a62] Writing "269. foo bar"
03:15:02.610 [qtp1299588135-678] DEBUG o.s.c.c.CharSequenceEncoder - [51ba9a62] Writing "270. foo bar"
03:15:02.610 [qtp1299588135-678] DEBUG o.s.c.c.CharSequenceEncoder - [51ba9a62] Writing "271. foo bar"
03:15:02.610 [qtp1299588135-678] DEBUG o.s.c.c.CharSequenceEncoder - [51ba9a62] Writing "272. foo bar"
03:15:02.611 [qtp1299588135-678] DEBUG o.s.c.c.CharSequenceEncoder - [51ba9a62] Writing "273. foo bar"
03:15:02.611 [qtp1299588135-678] DEBUG o.s.c.c.CharSequenceEncoder - [51ba9a62] Writing "274. foo bar"
03:15:02.611 [qtp1299588135-678] DEBUG o.s.c.c.CharSequenceEncoder - [51ba9a62] Writing "275. foo bar"
03:15:02.612 [qtp1299588135-678] DEBUG o.s.c.c.CharSequenceEncoder - [51ba9a62] Writing "276. foo bar"
03:15:02.614 [qtp1299588135-678] DEBUG o.s.c.c.CharSequenceEncoder - [51ba9a62] Writing "277. foo bar"
03:15:02.614 [qtp1299588135-678] DEBUG o.s.c.c.CharSequenceEncoder - [51ba9a62] Writing "278. foo bar"
03:15:02.615 [qtp1299588135-678] DEBUG o.s.c.c.CharSequenceEncoder - [51ba9a62] Writing "279. foo bar"
03:15:02.615 [qtp1299588135-678] DEBUG o.s.c.c.CharSequenceEncoder - [51ba9a62] Writing "280. foo bar"
03:15:02.615 [qtp1299588135-678] DEBUG o.s.c.c.CharSequenceEncoder - [51ba9a62] Writing "281. foo bar"
03:15:02.616 [qtp1299588135-678] DEBUG o.s.c.c.CharSequenceEncoder - [51ba9a62] Writing "282. foo bar"
03:15:02.616 [qtp1299588135-678] DEBUG o.s.c.c.CharSequenceEncoder - [51ba9a62] Writing "283. foo bar"
03:15:02.616 [qtp1299588135-678] DEBUG o.s.c.c.CharSequenceEncoder - [51ba9a62] Writing "284. foo bar"
03:15:02.616 [qtp1299588135-678] DEBUG o.s.c.c.CharSequenceEncoder - [51ba9a62] Writing "285. foo bar"
03:15:02.617 [qtp1299588135-678] DEBUG o.s.c.c.CharSequenceEncoder - [51ba9a62] Writing "286. foo bar"
03:15:02.617 [qtp1299588135-678] DEBUG o.s.c.c.CharSequenceEncoder - [51ba9a62] Writing "287. foo bar"
03:15:02.618 [qtp1299588135-678] DEBUG o.s.c.c.CharSequenceEncoder - [51ba9a62] Writing "288. foo bar"
03:15:02.618 [qtp1299588135-678] DEBUG o.s.c.c.CharSequenceEncoder - [51ba9a62] Writing "289. foo bar"
03:15:02.620 [qtp1299588135-678] DEBUG o.s.c.c.CharSequenceEncoder - [51ba9a62] Writing "290. foo bar"
03:15:02.621 [qtp1299588135-678] DEBUG o.s.c.c.CharSequenceEncoder - [51ba9a62] Writing "291. foo bar"
03:15:02.622 [qtp1299588135-678] DEBUG o.s.c.c.CharSequenceEncoder - [51ba9a62] Writing "292. foo bar"
03:15:02.622 [qtp1299588135-678] DEBUG o.s.c.c.CharSequenceEncoder - [51ba9a62] Writing "293. foo bar"
03:15:02.623 [qtp1299588135-678] DEBUG o.s.c.c.CharSequenceEncoder - [51ba9a62] Writing "294. foo bar"
03:15:02.623 [qtp1299588135-678] DEBUG o.s.c.c.CharSequenceEncoder - [51ba9a62] Writing "295. foo bar"
03:15:02.623 [qtp1299588135-678] DEBUG o.s.c.c.CharSequenceEncoder - [51ba9a62] Writing "296. foo bar"
03:15:02.624 [qtp1299588135-678] DEBUG o.s.c.c.CharSequenceEncoder - [51ba9a62] Writing "297. foo bar"
03:15:02.624 [qtp1299588135-678] DEBUG o.s.c.c.CharSequenceEncoder - [51ba9a62] Writing "298. foo bar"
03:15:02.624 [qtp1299588135-678] DEBUG o.s.c.c.CharSequenceEncoder - [51ba9a62] Writing "299. foo bar"
03:15:02.624 [qtp1299588135-678] DEBUG o.s.c.c.CharSequenceEncoder - [51ba9a62] Writing "300. foo bar"
03:15:02.625 [qtp1299588135-678] DEBUG o.s.c.c.CharSequenceEncoder - [51ba9a62] Writing "301. foo bar"
03:15:02.625 [qtp1299588135-678] DEBUG o.s.c.c.CharSequenceEncoder - [51ba9a62] Writing "302. foo bar"
03:15:02.625 [qtp1299588135-678] DEBUG o.s.c.c.CharSequenceEncoder - [51ba9a62] Writing "303. foo bar"
03:15:02.625 [qtp1299588135-678] DEBUG o.s.c.c.CharSequenceEncoder - [51ba9a62] Writing "304. foo bar"
03:15:02.626 [qtp1299588135-678] DEBUG o.s.c.c.CharSequenceEncoder - [51ba9a62] Writing "305. foo bar"
03:15:02.626 [qtp1299588135-678] DEBUG o.s.c.c.CharSequenceEncoder - [51ba9a62] Writing "306. foo bar"
03:15:02.627 [qtp1299588135-678] DEBUG o.s.c.c.CharSequenceEncoder - [51ba9a62] Writing "307. foo bar"
03:15:02.628 [qtp1299588135-678] DEBUG o.s.c.c.CharSequenceEncoder - [51ba9a62] Writing "308. foo bar"
03:15:02.630 [qtp1299588135-678] DEBUG o.s.c.c.CharSequenceEncoder - [51ba9a62] Writing "309. foo bar"
03:15:02.631 [qtp1299588135-678] DEBUG o.s.c.c.CharSequenceEncoder - [51ba9a62] Writing "310. foo bar"
03:15:02.631 [qtp1299588135-678] DEBUG o.s.c.c.CharSequenceEncoder - [51ba9a62] Writing "311. foo bar"
03:15:02.632 [qtp1299588135-678] DEBUG o.s.c.c.CharSequenceEncoder - [51ba9a62] Writing "312. foo bar"
03:15:02.632 [qtp1299588135-678] DEBUG o.s.c.c.CharSequenceEncoder - [51ba9a62] Writing "313. foo bar"
03:15:02.632 [qtp1299588135-678] DEBUG o.s.c.c.CharSequenceEncoder - [51ba9a62] Writing "314. foo bar"
03:15:02.633 [qtp1299588135-678] DEBUG o.s.c.c.CharSequenceEncoder - [51ba9a62] Writing "315. foo bar"
03:15:02.633 [qtp1299588135-678] DEBUG o.s.c.c.CharSequenceEncoder - [51ba9a62] Writing "316. foo bar"
03:15:02.634 [qtp1299588135-678] DEBUG o.s.c.c.CharSequenceEncoder - [51ba9a62] Writing "317. foo bar"
03:15:02.634 [qtp1299588135-678] DEBUG o.s.c.c.CharSequenceEncoder - [51ba9a62] Writing "318. foo bar"
03:15:02.635 [qtp1299588135-678] DEBUG o.s.c.c.CharSequenceEncoder - [51ba9a62] Writing "319. foo bar"
03:15:02.636 [qtp1299588135-678] DEBUG o.s.c.c.CharSequenceEncoder - [51ba9a62] Writing "320. foo bar"
03:15:02.636 [qtp1299588135-678] DEBUG o.s.c.c.CharSequenceEncoder - [51ba9a62] Writing "321. foo bar"
03:15:02.637 [qtp1299588135-678] DEBUG o.s.c.c.CharSequenceEncoder - [51ba9a62] Writing "322. foo bar"
03:15:02.637 [qtp1299588135-678] DEBUG o.s.c.c.CharSequenceEncoder - [51ba9a62] Writing "323. foo bar"
03:15:02.637 [qtp1299588135-678] DEBUG o.s.c.c.CharSequenceEncoder - [51ba9a62] Writing "324. foo bar"
03:15:02.638 [qtp1299588135-678] DEBUG o.s.c.c.CharSequenceEncoder - [51ba9a62] Writing "325. foo bar"
03:15:02.638 [qtp1299588135-678] DEBUG o.s.c.c.CharSequenceEncoder - [51ba9a62] Writing "326. foo bar"
03:15:02.639 [qtp1299588135-678] DEBUG o.s.c.c.CharSequenceEncoder - [51ba9a62] Writing "327. foo bar"
03:15:02.639 [qtp1299588135-678] DEBUG o.s.c.c.CharSequenceEncoder - [51ba9a62] Writing "328. foo bar"
03:15:02.639 [qtp1299588135-678] DEBUG o.s.c.c.CharSequenceEncoder - [51ba9a62] Writing "329. foo bar"
03:15:02.640 [qtp1299588135-678] DEBUG o.s.c.c.CharSequenceEncoder - [51ba9a62] Writing "330. foo bar"
03:15:02.641 [qtp1299588135-678] DEBUG o.s.c.c.CharSequenceEncoder - [51ba9a62] Writing "331. foo bar"
03:15:02.641 [qtp1299588135-678] DEBUG o.s.c.c.CharSequenceEncoder - [51ba9a62] Writing "332. foo bar"
03:15:02.641 [qtp1299588135-678] DEBUG o.s.c.c.CharSequenceEncoder - [51ba9a62] Writing "333. foo bar"
03:15:02.642 [qtp1299588135-678] DEBUG o.s.c.c.CharSequenceEncoder - [51ba9a62] Writing "334. foo bar"
03:15:02.642 [qtp1299588135-678] DEBUG o.s.c.c.CharSequenceEncoder - [51ba9a62] Writing "335. foo bar"
03:15:02.643 [qtp1299588135-678] DEBUG o.s.c.c.CharSequenceEncoder - [51ba9a62] Writing "336. foo bar"
03:15:02.644 [qtp1299588135-678] DEBUG o.s.c.c.CharSequenceEncoder - [51ba9a62] Writing "337. foo bar"
03:15:02.644 [qtp1299588135-678] DEBUG o.s.c.c.CharSequenceEncoder - [51ba9a62] Writing "338. foo bar"
03:15:02.644 [qtp1299588135-678] DEBUG o.s.c.c.CharSequenceEncoder - [51ba9a62] Writing "339. foo bar"
03:15:02.644 [qtp1299588135-678] DEBUG o.s.c.c.CharSequenceEncoder - [51ba9a62] Writing "340. foo bar"
03:15:02.644 [qtp1299588135-678] DEBUG o.s.c.c.CharSequenceEncoder - [51ba9a62] Writing "341. foo bar"
03:15:02.645 [qtp1299588135-678] DEBUG o.s.c.c.CharSequenceEncoder - [51ba9a62] Writing "342. foo bar"
03:15:02.645 [qtp1299588135-678] DEBUG o.s.c.c.CharSequenceEncoder - [51ba9a62] Writing "343. foo bar"
03:15:02.645 [qtp1299588135-678] DEBUG o.s.c.c.CharSequenceEncoder - [51ba9a62] Writing "344. foo bar"
03:15:02.645 [qtp1299588135-678] DEBUG o.s.c.c.CharSequenceEncoder - [51ba9a62] Writing "345. foo bar"
03:15:02.645 [qtp1299588135-678] DEBUG o.s.c.c.CharSequenceEncoder - [51ba9a62] Writing "346. foo bar"
03:15:02.645 [qtp1299588135-678] DEBUG o.s.c.c.CharSequenceEncoder - [51ba9a62] Writing "347. foo bar"
03:15:02.647 [qtp1299588135-678] DEBUG o.s.c.c.CharSequenceEncoder - [51ba9a62] Writing "348. foo bar"
03:15:02.649 [qtp1299588135-678] DEBUG o.s.c.c.CharSequenceEncoder - [51ba9a62] Writing "349. foo bar"
03:15:02.649 [qtp1299588135-678] DEBUG o.s.c.c.CharSequenceEncoder - [51ba9a62] Writing "350. foo bar"
03:15:02.649 [qtp1299588135-678] DEBUG o.s.c.c.CharSequenceEncoder - [51ba9a62] Writing "351. foo bar"
03:15:02.650 [qtp1299588135-678] DEBUG o.s.c.c.CharSequenceEncoder - [51ba9a62] Writing "352. foo bar"
03:15:02.650 [qtp1299588135-678] DEBUG o.s.c.c.CharSequenceEncoder - [51ba9a62] Writing "353. foo bar"
03:15:02.651 [qtp1299588135-678] DEBUG o.s.c.c.CharSequenceEncoder - [51ba9a62] Writing "354. foo bar"
03:15:02.651 [qtp1299588135-678] DEBUG o.s.c.c.CharSequenceEncoder - [51ba9a62] Writing "355. foo bar"
03:15:02.652 [qtp1299588135-678] DEBUG o.s.c.c.CharSequenceEncoder - [51ba9a62] Writing "356. foo bar"
03:15:02.652 [qtp1299588135-678] DEBUG o.s.c.c.CharSequenceEncoder - [51ba9a62] Writing "357. foo bar"
03:15:02.652 [qtp1299588135-678] DEBUG o.s.c.c.CharSequenceEncoder - [51ba9a62] Writing "358. foo bar"
03:15:02.653 [qtp1299588135-678] DEBUG o.s.c.c.CharSequenceEncoder - [51ba9a62] Writing "359. foo bar"
03:15:02.653 [qtp1299588135-678] DEBUG o.s.c.c.CharSequenceEncoder - [51ba9a62] Writing "360. foo bar"
03:15:02.653 [qtp1299588135-678] DEBUG o.s.c.c.CharSequenceEncoder - [51ba9a62] Writing "361. foo bar"
03:15:02.653 [qtp1299588135-678] DEBUG o.s.c.c.CharSequenceEncoder - [51ba9a62] Writing "362. foo bar"
03:15:02.653 [qtp1299588135-678] DEBUG o.s.c.c.CharSequenceEncoder - [51ba9a62] Writing "363. foo bar"
03:15:02.654 [qtp1299588135-678] DEBUG o.s.c.c.CharSequenceEncoder - [51ba9a62] Writing "364. foo bar"
03:15:02.654 [qtp1299588135-678] DEBUG o.s.c.c.CharSequenceEncoder - [51ba9a62] Writing "365. foo bar"
03:15:02.654 [qtp1299588135-678] DEBUG o.s.c.c.CharSequenceEncoder - [51ba9a62] Writing "366. foo bar"
03:15:02.654 [qtp1299588135-678] DEBUG o.s.c.c.CharSequenceEncoder - [51ba9a62] Writing "367. foo bar"
03:15:02.654 [qtp1299588135-678] DEBUG o.s.c.c.CharSequenceEncoder - [51ba9a62] Writing "368. foo bar"
03:15:02.655 [qtp1299588135-678] DEBUG o.s.c.c.CharSequenceEncoder - [51ba9a62] Writing "369. foo bar"
03:15:02.655 [qtp1299588135-678] DEBUG o.s.c.c.CharSequenceEncoder - [51ba9a62] Writing "370. foo bar"
03:15:02.655 [qtp1299588135-678] DEBUG o.s.c.c.CharSequenceEncoder - [51ba9a62] Writing "371. foo bar"
03:15:02.655 [qtp1299588135-678] DEBUG o.s.c.c.CharSequenceEncoder - [51ba9a62] Writing "372. foo bar"
03:15:02.655 [qtp1299588135-678] DEBUG o.s.c.c.CharSequenceEncoder - [51ba9a62] Writing "373. foo bar"
03:15:02.656 [qtp1299588135-678] DEBUG o.s.c.c.CharSequenceEncoder - [51ba9a62] Writing "374. foo bar"
03:15:02.656 [qtp1299588135-678] DEBUG o.s.c.c.CharSequenceEncoder - [51ba9a62] Writing "375. foo bar"
03:15:02.656 [qtp1299588135-678] DEBUG o.s.c.c.CharSequenceEncoder - [51ba9a62] Writing "376. foo bar"
03:15:02.656 [qtp1299588135-678] DEBUG o.s.c.c.CharSequenceEncoder - [51ba9a62] Writing "377. foo bar"
03:15:02.656 [qtp1299588135-678] DEBUG o.s.c.c.CharSequenceEncoder - [51ba9a62] Writing "378. foo bar"
03:15:02.657 [qtp1299588135-678] DEBUG o.s.c.c.CharSequenceEncoder - [51ba9a62] Writing "379. foo bar"
03:15:02.657 [qtp1299588135-678] DEBUG o.s.c.c.CharSequenceEncoder - [51ba9a62] Writing "380. foo bar"
03:15:02.657 [qtp1299588135-678] DEBUG o.s.c.c.CharSequenceEncoder - [51ba9a62] Writing "381. foo bar"
03:15:02.657 [qtp1299588135-678] DEBUG o.s.c.c.CharSequenceEncoder - [51ba9a62] Writing "382. foo bar"
03:15:02.657 [qtp1299588135-678] DEBUG o.s.c.c.CharSequenceEncoder - [51ba9a62] Writing "383. foo bar"
03:15:02.657 [qtp1299588135-678] DEBUG o.s.c.c.CharSequenceEncoder - [51ba9a62] Writing "384. foo bar"
03:15:02.657 [qtp1299588135-678] DEBUG o.s.c.c.CharSequenceEncoder - [51ba9a62] Writing "385. foo bar"
03:15:02.658 [qtp1299588135-678] DEBUG o.s.c.c.CharSequenceEncoder - [51ba9a62] Writing "386. foo bar"
03:15:02.658 [qtp1299588135-678] DEBUG o.s.c.c.CharSequenceEncoder - [51ba9a62] Writing "387. foo bar"
03:15:02.658 [qtp1299588135-678] DEBUG o.s.c.c.CharSequenceEncoder - [51ba9a62] Writing "388. foo bar"
03:15:02.659 [qtp1299588135-678] DEBUG o.s.c.c.CharSequenceEncoder - [51ba9a62] Writing "389. foo bar"
03:15:02.659 [qtp1299588135-678] DEBUG o.s.c.c.CharSequenceEncoder - [51ba9a62] Writing "390. foo bar"
03:15:02.660 [qtp1299588135-678] DEBUG o.s.c.c.CharSequenceEncoder - [51ba9a62] Writing "391. foo bar"
03:15:02.660 [qtp1299588135-678] DEBUG o.s.c.c.CharSequenceEncoder - [51ba9a62] Writing "392. foo bar"
03:15:02.660 [qtp1299588135-678] DEBUG o.s.c.c.CharSequenceEncoder - [51ba9a62] Writing "393. foo bar"
03:15:02.660 [qtp1299588135-678] DEBUG o.s.c.c.CharSequenceEncoder - [51ba9a62] Writing "394. foo bar"
03:15:02.660 [qtp1299588135-678] DEBUG o.s.c.c.CharSequenceEncoder - [51ba9a62] Writing "395. foo bar"
03:15:02.661 [qtp1299588135-678] DEBUG o.s.c.c.CharSequenceEncoder - [51ba9a62] Writing "396. foo bar"
03:15:02.661 [qtp1299588135-678] DEBUG o.s.c.c.CharSequenceEncoder - [51ba9a62] Writing "397. foo bar"
03:15:02.661 [qtp1299588135-678] DEBUG o.s.c.c.CharSequenceEncoder - [51ba9a62] Writing "398. foo bar"
03:15:02.661 [qtp1299588135-678] DEBUG o.s.c.c.CharSequenceEncoder - [51ba9a62] Writing "399. foo bar"
03:15:02.661 [qtp1299588135-678] DEBUG o.s.c.c.CharSequenceEncoder - [51ba9a62] Writing "400. foo bar"
03:15:02.661 [qtp1299588135-678] DEBUG o.s.c.c.CharSequenceEncoder - [51ba9a62] Writing "401. foo bar"
03:15:02.661 [qtp1299588135-678] DEBUG o.s.c.c.CharSequenceEncoder - [51ba9a62] Writing "402. foo bar"
03:15:02.685 [qtp1299588135-678] DEBUG o.s.c.c.CharSequenceEncoder - [51ba9a62] Writing "403. foo bar"
03:15:02.685 [qtp1299588135-678] DEBUG o.s.c.c.CharSequenceEncoder - [51ba9a62] Writing "404. foo bar"
03:15:02.686 [qtp1299588135-678] DEBUG o.s.c.c.CharSequenceEncoder - [51ba9a62] Writing "405. foo bar"
03:15:02.686 [qtp1299588135-678] DEBUG o.s.c.c.CharSequenceEncoder - [51ba9a62] Writing "406. foo bar"
03:15:02.687 [qtp1299588135-678] DEBUG o.s.c.c.CharSequenceEncoder - [51ba9a62] Writing "407. foo bar"
03:15:02.687 [qtp1299588135-678] DEBUG o.s.c.c.CharSequenceEncoder - [51ba9a62] Writing "408. foo bar"
03:15:02.688 [qtp1299588135-678] DEBUG o.s.c.c.CharSequenceEncoder - [51ba9a62] Writing "409. foo bar"
03:15:02.688 [qtp1299588135-678] DEBUG o.s.c.c.CharSequenceEncoder - [51ba9a62] Writing "410. foo bar"
03:15:02.688 [qtp1299588135-678] DEBUG o.s.c.c.CharSequenceEncoder - [51ba9a62] Writing "411. foo bar"
03:15:02.689 [qtp1299588135-678] DEBUG o.s.c.c.CharSequenceEncoder - [51ba9a62] Writing "412. foo bar"
03:15:02.689 [qtp1299588135-678] DEBUG o.s.c.c.CharSequenceEncoder - [51ba9a62] Writing "413. foo bar"
03:15:02.689 [qtp1299588135-678] DEBUG o.s.c.c.CharSequenceEncoder - [51ba9a62] Writing "414. foo bar"
03:15:02.690 [qtp1299588135-678] DEBUG o.s.c.c.CharSequenceEncoder - [51ba9a62] Writing "415. foo bar"
03:15:02.690 [qtp1299588135-678] DEBUG o.s.c.c.CharSequenceEncoder - [51ba9a62] Writing "416. foo bar"
03:15:02.691 [qtp1299588135-678] DEBUG o.s.c.c.CharSequenceEncoder - [51ba9a62] Writing "417. foo bar"
03:15:02.691 [qtp1299588135-678] DEBUG o.s.c.c.CharSequenceEncoder - [51ba9a62] Writing "418. foo bar"
03:15:02.692 [qtp1299588135-678] DEBUG o.s.c.c.CharSequenceEncoder - [51ba9a62] Writing "419. foo bar"
03:15:02.692 [qtp1299588135-678] DEBUG o.s.c.c.CharSequenceEncoder - [51ba9a62] Writing "420. foo bar"
03:15:02.693 [qtp1299588135-678] DEBUG o.s.c.c.CharSequenceEncoder - [51ba9a62] Writing "421. foo bar"
03:15:02.693 [qtp1299588135-678] DEBUG o.s.c.c.CharSequenceEncoder - [51ba9a62] Writing "422. foo bar"
03:15:02.694 [qtp1299588135-678] DEBUG o.s.c.c.CharSequenceEncoder - [51ba9a62] Writing "423. foo bar"
03:15:02.694 [qtp1299588135-678] DEBUG o.s.c.c.CharSequenceEncoder - [51ba9a62] Writing "424. foo bar"
03:15:02.694 [qtp1299588135-678] DEBUG o.s.c.c.CharSequenceEncoder - [51ba9a62] Writing "425. foo bar"
03:15:02.694 [qtp1299588135-678] DEBUG o.s.c.c.CharSequenceEncoder - [51ba9a62] Writing "426. foo bar"
03:15:02.694 [qtp1299588135-678] DEBUG o.s.c.c.CharSequenceEncoder - [51ba9a62] Writing "427. foo bar"
03:15:02.694 [qtp1299588135-678] DEBUG o.s.c.c.CharSequenceEncoder - [51ba9a62] Writing "428. foo bar"
03:15:02.694 [qtp1299588135-678] DEBUG o.s.c.c.CharSequenceEncoder - [51ba9a62] Writing "429. foo bar"
03:15:02.695 [qtp1299588135-678] DEBUG o.s.c.c.CharSequenceEncoder - [51ba9a62] Writing "430. foo bar"
03:15:02.695 [qtp1299588135-678] DEBUG o.s.c.c.CharSequenceEncoder - [51ba9a62] Writing "431. foo bar"
03:15:02.695 [qtp1299588135-678] DEBUG o.s.c.c.CharSequenceEncoder - [51ba9a62] Writing "432. foo bar"
03:15:02.695 [qtp1299588135-678] DEBUG o.s.c.c.CharSequenceEncoder - [51ba9a62] Writing "433. foo bar"
03:15:02.695 [qtp1299588135-678] DEBUG o.s.c.c.CharSequenceEncoder - [51ba9a62] Writing "434. foo bar"
03:15:02.695 [qtp1299588135-678] DEBUG o.s.c.c.CharSequenceEncoder - [51ba9a62] Writing "435. foo bar"
03:15:02.695 [qtp1299588135-678] DEBUG o.s.c.c.CharSequenceEncoder - [51ba9a62] Writing "436. foo bar"
03:15:02.696 [qtp1299588135-678] DEBUG o.s.c.c.CharSequenceEncoder - [51ba9a62] Writing "437. foo bar"
03:15:02.696 [qtp1299588135-678] DEBUG o.s.c.c.CharSequenceEncoder - [51ba9a62] Writing "438. foo bar"
03:15:02.697 [qtp1299588135-678] DEBUG o.s.c.c.CharSequenceEncoder - [51ba9a62] Writing "439. foo bar"
03:15:02.697 [qtp1299588135-678] DEBUG o.s.c.c.CharSequenceEncoder - [51ba9a62] Writing "440. foo bar"
03:15:02.698 [qtp1299588135-678] DEBUG o.s.c.c.CharSequenceEncoder - [51ba9a62] Writing "441. foo bar"
03:15:02.698 [qtp1299588135-678] DEBUG o.s.c.c.CharSequenceEncoder - [51ba9a62] Writing "442. foo bar"
03:15:02.699 [qtp1299588135-678] DEBUG o.s.c.c.CharSequenceEncoder - [51ba9a62] Writing "443. foo bar"
03:15:02.700 [qtp1299588135-678] DEBUG o.s.c.c.CharSequenceEncoder - [51ba9a62] Writing "444. foo bar"
03:15:02.700 [qtp1299588135-678] DEBUG o.s.c.c.CharSequenceEncoder - [51ba9a62] Writing "445. foo bar"
03:15:02.700 [qtp1299588135-678] DEBUG o.s.c.c.CharSequenceEncoder - [51ba9a62] Writing "446. foo bar"
03:15:02.704 [qtp1299588135-678] DEBUG o.s.c.c.CharSequenceEncoder - [51ba9a62] Writing "447. foo bar"
03:15:02.705 [qtp1299588135-678] DEBUG o.s.c.c.CharSequenceEncoder - [51ba9a62] Writing "448. foo bar"
03:15:02.705 [qtp1299588135-678] DEBUG o.s.c.c.CharSequenceEncoder - [51ba9a62] Writing "449. foo bar"
03:15:02.705 [qtp1299588135-678] DEBUG o.s.c.c.CharSequenceEncoder - [51ba9a62] Writing "450. foo bar"
03:15:02.705 [qtp1299588135-678] DEBUG o.s.c.c.CharSequenceEncoder - [51ba9a62] Writing "451. foo bar"
03:15:02.706 [qtp1299588135-678] DEBUG o.s.c.c.CharSequenceEncoder - [51ba9a62] Writing "452. foo bar"
03:15:02.706 [qtp1299588135-678] DEBUG o.s.c.c.CharSequenceEncoder - [51ba9a62] Writing "453. foo bar"
03:15:02.706 [qtp1299588135-678] DEBUG o.s.c.c.CharSequenceEncoder - [51ba9a62] Writing "454. foo bar"
03:15:02.706 [qtp1299588135-678] DEBUG o.s.c.c.CharSequenceEncoder - [51ba9a62] Writing "455. foo bar"
03:15:02.706 [qtp1299588135-678] DEBUG o.s.c.c.CharSequenceEncoder - [51ba9a62] Writing "456. foo bar"
03:15:02.706 [qtp1299588135-678] DEBUG o.s.c.c.CharSequenceEncoder - [51ba9a62] Writing "457. foo bar"
03:15:02.706 [qtp1299588135-678] DEBUG o.s.c.c.CharSequenceEncoder - [51ba9a62] Writing "458. foo bar"
03:15:02.707 [qtp1299588135-678] DEBUG o.s.c.c.CharSequenceEncoder - [51ba9a62] Writing "459. foo bar"
03:15:02.707 [qtp1299588135-678] DEBUG o.s.c.c.CharSequenceEncoder - [51ba9a62] Writing "460. foo bar"
03:15:02.707 [qtp1299588135-678] DEBUG o.s.c.c.CharSequenceEncoder - [51ba9a62] Writing "461. foo bar"
03:15:02.707 [qtp1299588135-678] DEBUG o.s.c.c.CharSequenceEncoder - [51ba9a62] Writing "462. foo bar"
03:15:02.707 [qtp1299588135-678] DEBUG o.s.c.c.CharSequenceEncoder - [51ba9a62] Writing "463. foo bar"
03:15:02.708 [qtp1299588135-678] DEBUG o.s.c.c.CharSequenceEncoder - [51ba9a62] Writing "464. foo bar"
03:15:02.708 [qtp1299588135-678] DEBUG o.s.c.c.CharSequenceEncoder - [51ba9a62] Writing "465. foo bar"
03:15:02.708 [qtp1299588135-678] DEBUG o.s.c.c.CharSequenceEncoder - [51ba9a62] Writing "466. foo bar"
03:15:02.708 [qtp1299588135-678] DEBUG o.s.c.c.CharSequenceEncoder - [51ba9a62] Writing "467. foo bar"
03:15:02.708 [qtp1299588135-678] DEBUG o.s.c.c.CharSequenceEncoder - [51ba9a62] Writing "468. foo bar"
03:15:02.709 [qtp1299588135-678] DEBUG o.s.c.c.CharSequenceEncoder - [51ba9a62] Writing "469. foo bar"
03:15:02.709 [qtp1299588135-678] DEBUG o.s.c.c.CharSequenceEncoder - [51ba9a62] Writing "470. foo bar"
03:15:02.712 [qtp1299588135-678] DEBUG o.s.c.c.CharSequenceEncoder - [51ba9a62] Writing "471. foo bar"
03:15:02.712 [qtp1299588135-678] DEBUG o.s.c.c.CharSequenceEncoder - [51ba9a62] Writing "472. foo bar"
03:15:02.712 [qtp1299588135-678] DEBUG o.s.c.c.CharSequenceEncoder - [51ba9a62] Writing "473. foo bar"
03:15:02.713 [qtp1299588135-678] DEBUG o.s.c.c.CharSequenceEncoder - [51ba9a62] Writing "474. foo bar"
03:15:02.713 [qtp1299588135-678] DEBUG o.s.c.c.CharSequenceEncoder - [51ba9a62] Writing "475. foo bar"
03:15:02.714 [qtp1299588135-678] DEBUG o.s.c.c.CharSequenceEncoder - [51ba9a62] Writing "476. foo bar"
03:15:02.714 [qtp1299588135-678] DEBUG o.s.c.c.CharSequenceEncoder - [51ba9a62] Writing "477. foo bar"
03:15:02.714 [qtp1299588135-678] DEBUG o.s.c.c.CharSequenceEncoder - [51ba9a62] Writing "478. foo bar"
03:15:02.715 [qtp1299588135-678] DEBUG o.s.c.c.CharSequenceEncoder - [51ba9a62] Writing "479. foo bar"
03:15:02.716 [qtp1299588135-678] DEBUG o.s.c.c.CharSequenceEncoder - [51ba9a62] Writing "480. foo bar"
03:15:02.716 [qtp1299588135-678] DEBUG o.s.c.c.CharSequenceEncoder - [51ba9a62] Writing "481. foo bar"
03:15:02.716 [qtp1299588135-678] DEBUG o.s.c.c.CharSequenceEncoder - [51ba9a62] Writing "482. foo bar"
03:15:02.716 [qtp1299588135-678] DEBUG o.s.c.c.CharSequenceEncoder - [51ba9a62] Writing "483. foo bar"
03:15:02.716 [qtp1299588135-678] DEBUG o.s.c.c.CharSequenceEncoder - [51ba9a62] Writing "484. foo bar"
03:15:02.716 [qtp1299588135-678] DEBUG o.s.c.c.CharSequenceEncoder - [51ba9a62] Writing "485. foo bar"
03:15:02.716 [qtp1299588135-678] DEBUG o.s.c.c.CharSequenceEncoder - [51ba9a62] Writing "486. foo bar"
03:15:02.717 [qtp1299588135-678] DEBUG o.s.c.c.CharSequenceEncoder - [51ba9a62] Writing "487. foo bar"
03:15:02.717 [qtp1299588135-678] DEBUG o.s.c.c.CharSequenceEncoder - [51ba9a62] Writing "488. foo bar"
03:15:02.718 [qtp1299588135-678] DEBUG o.s.c.c.CharSequenceEncoder - [51ba9a62] Writing "489. foo bar"
03:15:02.718 [qtp1299588135-678] DEBUG o.s.c.c.CharSequenceEncoder - [51ba9a62] Writing "490. foo bar"
03:15:02.718 [qtp1299588135-678] DEBUG o.s.c.c.CharSequenceEncoder - [51ba9a62] Writing "491. foo bar"
03:15:02.718 [qtp1299588135-678] DEBUG o.s.c.c.CharSequenceEncoder - [51ba9a62] Writing "492. foo bar"
03:15:02.718 [qtp1299588135-678] DEBUG o.s.c.c.CharSequenceEncoder - [51ba9a62] Writing "493. foo bar"
03:15:02.718 [qtp1299588135-678] DEBUG o.s.c.c.CharSequenceEncoder - [51ba9a62] Writing "494. foo bar"
03:15:02.718 [qtp1299588135-678] DEBUG o.s.c.c.CharSequenceEncoder - [51ba9a62] Writing "495. foo bar"
03:15:02.718 [qtp1299588135-678] DEBUG o.s.c.c.CharSequenceEncoder - [51ba9a62] Writing "496. foo bar"
03:15:02.718 [qtp1299588135-678] DEBUG o.s.c.c.CharSequenceEncoder - [51ba9a62] Writing "497. foo bar"
03:15:02.719 [qtp1299588135-678] DEBUG o.s.c.c.CharSequenceEncoder - [51ba9a62] Writing "498. foo bar"
03:15:02.719 [qtp1299588135-678] DEBUG o.s.c.c.CharSequenceEncoder - [51ba9a62] Writing "499. foo bar"
03:15:02.719 [qtp1299588135-678] DEBUG o.s.c.c.CharSequenceEncoder - [51ba9a62] Writing "500. foo bar"
03:15:02.719 [qtp1299588135-678] DEBUG o.s.c.c.CharSequenceEncoder - [51ba9a62] Writing "501. foo bar"
03:15:02.719 [qtp1299588135-678] DEBUG o.s.c.c.CharSequenceEncoder - [51ba9a62] Writing "502. foo bar"
03:15:02.719 [qtp1299588135-678] DEBUG o.s.c.c.CharSequenceEncoder - [51ba9a62] Writing "503. foo bar"
03:15:02.719 [qtp1299588135-678] DEBUG o.s.c.c.CharSequenceEncoder - [51ba9a62] Writing "504. foo bar"
03:15:02.719 [qtp1299588135-678] DEBUG o.s.c.c.CharSequenceEncoder - [51ba9a62] Writing "505. foo bar"
03:15:02.719 [qtp1299588135-678] DEBUG o.s.c.c.CharSequenceEncoder - [51ba9a62] Writing "506. foo bar"
03:15:02.719 [qtp1299588135-678] DEBUG o.s.c.c.CharSequenceEncoder - [51ba9a62] Writing "507. foo bar"
03:15:02.719 [qtp1299588135-678] DEBUG o.s.c.c.CharSequenceEncoder - [51ba9a62] Writing "508. foo bar"
03:15:02.720 [qtp1299588135-678] DEBUG o.s.c.c.CharSequenceEncoder - [51ba9a62] Writing "509. foo bar"
03:15:02.720 [qtp1299588135-678] DEBUG o.s.c.c.CharSequenceEncoder - [51ba9a62] Writing "510. foo bar"
03:15:02.720 [qtp1299588135-678] DEBUG o.s.c.c.CharSequenceEncoder - [51ba9a62] Writing "511. foo bar"
03:15:02.720 [qtp1299588135-678] DEBUG o.s.c.c.CharSequenceEncoder - [51ba9a62] Writing "512. foo bar"
03:15:02.720 [qtp1299588135-678] DEBUG o.s.c.c.CharSequenceEncoder - [51ba9a62] Writing "513. foo bar"
03:15:02.720 [qtp1299588135-678] DEBUG o.s.c.c.CharSequenceEncoder - [51ba9a62] Writing "514. foo bar"
03:15:02.720 [qtp1299588135-678] DEBUG o.s.c.c.CharSequenceEncoder - [51ba9a62] Writing "515. foo bar"
03:15:02.720 [qtp1299588135-678] DEBUG o.s.c.c.CharSequenceEncoder - [51ba9a62] Writing "516. foo bar"
03:15:02.720 [qtp1299588135-678] DEBUG o.s.c.c.CharSequenceEncoder - [51ba9a62] Writing "517. foo bar"
03:15:02.720 [qtp1299588135-678] DEBUG o.s.c.c.CharSequenceEncoder - [51ba9a62] Writing "518. foo bar"
03:15:02.721 [qtp1299588135-678] DEBUG o.s.c.c.CharSequenceEncoder - [51ba9a62] Writing "519. foo bar"
03:15:02.721 [qtp1299588135-678] DEBUG o.s.c.c.CharSequenceEncoder - [51ba9a62] Writing "520. foo bar"
03:15:02.721 [qtp1299588135-678] DEBUG o.s.c.c.CharSequenceEncoder - [51ba9a62] Writing "521. foo bar"
03:15:02.721 [qtp1299588135-678] DEBUG o.s.c.c.CharSequenceEncoder - [51ba9a62] Writing "522. foo bar"
03:15:02.721 [qtp1299588135-678] DEBUG o.s.c.c.CharSequenceEncoder - [51ba9a62] Writing "523. foo bar"
03:15:02.721 [qtp1299588135-678] DEBUG o.s.c.c.CharSequenceEncoder - [51ba9a62] Writing "524. foo bar"
03:15:02.721 [qtp1299588135-678] DEBUG o.s.c.c.CharSequenceEncoder - [51ba9a62] Writing "525. foo bar"
03:15:02.721 [qtp1299588135-678] DEBUG o.s.c.c.CharSequenceEncoder - [51ba9a62] Writing "526. foo bar"
03:15:02.721 [qtp1299588135-678] DEBUG o.s.c.c.CharSequenceEncoder - [51ba9a62] Writing "527. foo bar"
03:15:02.721 [qtp1299588135-678] DEBUG o.s.c.c.CharSequenceEncoder - [51ba9a62] Writing "528. foo bar"
03:15:02.721 [qtp1299588135-678] DEBUG o.s.c.c.CharSequenceEncoder - [51ba9a62] Writing "529. foo bar"
03:15:02.722 [qtp1299588135-678] DEBUG o.s.c.c.CharSequenceEncoder - [51ba9a62] Writing "530. foo bar"
03:15:02.722 [qtp1299588135-678] DEBUG o.s.c.c.CharSequenceEncoder - [51ba9a62] Writing "531. foo bar"
03:15:02.722 [qtp1299588135-678] DEBUG o.s.c.c.CharSequenceEncoder - [51ba9a62] Writing "532. foo bar"
03:15:02.722 [qtp1299588135-678] DEBUG o.s.c.c.CharSequenceEncoder - [51ba9a62] Writing "533. foo bar"
03:15:02.722 [qtp1299588135-678] DEBUG o.s.c.c.CharSequenceEncoder - [51ba9a62] Writing "534. foo bar"
03:15:02.722 [qtp1299588135-678] DEBUG o.s.c.c.CharSequenceEncoder - [51ba9a62] Writing "535. foo bar"
03:15:02.722 [qtp1299588135-678] DEBUG o.s.c.c.CharSequenceEncoder - [51ba9a62] Writing "536. foo bar"
03:15:02.722 [qtp1299588135-678] DEBUG o.s.c.c.CharSequenceEncoder - [51ba9a62] Writing "537. foo bar"
03:15:02.722 [qtp1299588135-678] DEBUG o.s.c.c.CharSequenceEncoder - [51ba9a62] Writing "538. foo bar"
03:15:02.722 [qtp1299588135-678] DEBUG o.s.c.c.CharSequenceEncoder - [51ba9a62] Writing "539. foo bar"
03:15:02.722 [qtp1299588135-678] DEBUG o.s.c.c.CharSequenceEncoder - [51ba9a62] Writing "540. foo bar"
03:15:02.723 [qtp1299588135-678] DEBUG o.s.c.c.CharSequenceEncoder - [51ba9a62] Writing "541. foo bar"
03:15:02.723 [qtp1299588135-678] DEBUG o.s.c.c.CharSequenceEncoder - [51ba9a62] Writing "542. foo bar"
03:15:02.723 [qtp1299588135-678] DEBUG o.s.c.c.CharSequenceEncoder - [51ba9a62] Writing "543. foo bar"
03:15:02.723 [qtp1299588135-678] DEBUG o.s.c.c.CharSequenceEncoder - [51ba9a62] Writing "544. foo bar"
03:15:02.723 [qtp1299588135-678] DEBUG o.s.c.c.CharSequenceEncoder - [51ba9a62] Writing "545. foo bar"
03:15:02.723 [qtp1299588135-678] DEBUG o.s.c.c.CharSequenceEncoder - [51ba9a62] Writing "546. foo bar"
03:15:02.723 [qtp1299588135-678] DEBUG o.s.c.c.CharSequenceEncoder - [51ba9a62] Writing "547. foo bar"
03:15:02.723 [qtp1299588135-678] DEBUG o.s.c.c.CharSequenceEncoder - [51ba9a62] Writing "548. foo bar"
03:15:02.723 [qtp1299588135-678] DEBUG o.s.c.c.CharSequenceEncoder - [51ba9a62] Writing "549. foo bar"
03:15:02.723 [qtp1299588135-678] DEBUG o.s.c.c.CharSequenceEncoder - [51ba9a62] Writing "550. foo bar"
03:15:02.723 [qtp1299588135-678] DEBUG o.s.c.c.CharSequenceEncoder - [51ba9a62] Writing "551. foo bar"
03:15:02.724 [qtp1299588135-678] DEBUG o.s.c.c.CharSequenceEncoder - [51ba9a62] Writing "552. foo bar"
03:15:02.724 [qtp1299588135-678] DEBUG o.s.c.c.CharSequenceEncoder - [51ba9a62] Writing "553. foo bar"
03:15:02.724 [qtp1299588135-678] DEBUG o.s.c.c.CharSequenceEncoder - [51ba9a62] Writing "554. foo bar"
03:15:02.724 [qtp1299588135-678] DEBUG o.s.c.c.CharSequenceEncoder - [51ba9a62] Writing "555. foo bar"
03:15:02.724 [qtp1299588135-678] DEBUG o.s.c.c.CharSequenceEncoder - [51ba9a62] Writing "556. foo bar"
03:15:02.724 [qtp1299588135-678] DEBUG o.s.c.c.CharSequenceEncoder - [51ba9a62] Writing "557. foo bar"
03:15:02.724 [qtp1299588135-678] DEBUG o.s.c.c.CharSequenceEncoder - [51ba9a62] Writing "558. foo bar"
03:15:02.724 [qtp1299588135-678] DEBUG o.s.c.c.CharSequenceEncoder - [51ba9a62] Writing "559. foo bar"
03:15:02.724 [qtp1299588135-678] DEBUG o.s.c.c.CharSequenceEncoder - [51ba9a62] Writing "560. foo bar"
03:15:02.724 [qtp1299588135-678] DEBUG o.s.c.c.CharSequenceEncoder - [51ba9a62] Writing "561. foo bar"
03:15:02.725 [qtp1299588135-678] DEBUG o.s.c.c.CharSequenceEncoder - [51ba9a62] Writing "562. foo bar"
03:15:02.725 [qtp1299588135-678] DEBUG o.s.c.c.CharSequenceEncoder - [51ba9a62] Writing "563. foo bar"
03:15:02.725 [qtp1299588135-678] DEBUG o.s.c.c.CharSequenceEncoder - [51ba9a62] Writing "564. foo bar"
03:15:02.725 [qtp1299588135-678] DEBUG o.s.c.c.CharSequenceEncoder - [51ba9a62] Writing "565. foo bar"
03:15:02.725 [qtp1299588135-678] DEBUG o.s.c.c.CharSequenceEncoder - [51ba9a62] Writing "566. foo bar"
03:15:02.725 [qtp1299588135-678] DEBUG o.s.c.c.CharSequenceEncoder - [51ba9a62] Writing "567. foo bar"
03:15:02.725 [qtp1299588135-678] DEBUG o.s.c.c.CharSequenceEncoder - [51ba9a62] Writing "568. foo bar"
03:15:02.725 [qtp1299588135-678] DEBUG o.s.c.c.CharSequenceEncoder - [51ba9a62] Writing "569. foo bar"
03:15:02.725 [qtp1299588135-678] DEBUG o.s.c.c.CharSequenceEncoder - [51ba9a62] Writing "570. foo bar"
03:15:02.725 [qtp1299588135-678] DEBUG o.s.c.c.CharSequenceEncoder - [51ba9a62] Writing "571. foo bar"
03:15:02.725 [qtp1299588135-678] DEBUG o.s.c.c.CharSequenceEncoder - [51ba9a62] Writing "572. foo bar"
03:15:02.726 [qtp1299588135-678] DEBUG o.s.c.c.CharSequenceEncoder - [51ba9a62] Writing "573. foo bar"
03:15:02.726 [qtp1299588135-678] DEBUG o.s.c.c.CharSequenceEncoder - [51ba9a62] Writing "574. foo bar"
03:15:02.726 [qtp1299588135-678] DEBUG o.s.c.c.CharSequenceEncoder - [51ba9a62] Writing "575. foo bar"
03:15:02.726 [qtp1299588135-678] DEBUG o.s.c.c.CharSequenceEncoder - [51ba9a62] Writing "576. foo bar"
03:15:02.726 [qtp1299588135-678] DEBUG o.s.c.c.CharSequenceEncoder - [51ba9a62] Writing "577. foo bar"
03:15:02.726 [qtp1299588135-678] DEBUG o.s.c.c.CharSequenceEncoder - [51ba9a62] Writing "578. foo bar"
03:15:02.726 [qtp1299588135-678] DEBUG o.s.c.c.CharSequenceEncoder - [51ba9a62] Writing "579. foo bar"
03:15:02.726 [qtp1299588135-678] DEBUG o.s.c.c.CharSequenceEncoder - [51ba9a62] Writing "580. foo bar"
03:15:02.726 [qtp1299588135-678] DEBUG o.s.c.c.CharSequenceEncoder - [51ba9a62] Writing "581. foo bar"
03:15:02.726 [qtp1299588135-678] DEBUG o.s.c.c.CharSequenceEncoder - [51ba9a62] Writing "582. foo bar"
03:15:02.727 [qtp1299588135-678] DEBUG o.s.c.c.CharSequenceEncoder - [51ba9a62] Writing "583. foo bar"
03:15:02.727 [qtp1299588135-678] DEBUG o.s.c.c.CharSequenceEncoder - [51ba9a62] Writing "584. foo bar"
03:15:02.728 [qtp1299588135-678] DEBUG o.s.c.c.CharSequenceEncoder - [51ba9a62] Writing "585. foo bar"
03:15:02.728 [qtp1299588135-678] DEBUG o.s.c.c.CharSequenceEncoder - [51ba9a62] Writing "586. foo bar"
03:15:02.728 [qtp1299588135-678] DEBUG o.s.c.c.CharSequenceEncoder - [51ba9a62] Writing "587. foo bar"
03:15:02.728 [qtp1299588135-678] DEBUG o.s.c.c.CharSequenceEncoder - [51ba9a62] Writing "588. foo bar"
03:15:02.728 [qtp1299588135-678] DEBUG o.s.c.c.CharSequenceEncoder - [51ba9a62] Writing "589. foo bar"
03:15:02.728 [qtp1299588135-678] DEBUG o.s.c.c.CharSequenceEncoder - [51ba9a62] Writing "590. foo bar"
03:15:02.728 [qtp1299588135-678] DEBUG o.s.c.c.CharSequenceEncoder - [51ba9a62] Writing "591. foo bar"
03:15:02.728 [qtp1299588135-678] DEBUG o.s.c.c.CharSequenceEncoder - [51ba9a62] Writing "592. foo bar"
03:15:02.729 [qtp1299588135-678] DEBUG o.s.c.c.CharSequenceEncoder - [51ba9a62] Writing "593. foo bar"
03:15:02.729 [qtp1299588135-678] DEBUG o.s.c.c.CharSequenceEncoder - [51ba9a62] Writing "594. foo bar"
03:15:02.729 [qtp1299588135-678] DEBUG o.s.c.c.CharSequenceEncoder - [51ba9a62] Writing "595. foo bar"
03:15:02.729 [qtp1299588135-678] DEBUG o.s.c.c.CharSequenceEncoder - [51ba9a62] Writing "596. foo bar"
03:15:02.729 [qtp1299588135-678] DEBUG o.s.c.c.CharSequenceEncoder - [51ba9a62] Writing "597. foo bar"
03:15:02.729 [qtp1299588135-678] DEBUG o.s.c.c.CharSequenceEncoder - [51ba9a62] Writing "598. foo bar"
03:15:02.730 [qtp1299588135-678] DEBUG o.s.c.c.CharSequenceEncoder - [51ba9a62] Writing "599. foo bar"
03:15:02.730 [qtp1299588135-678] DEBUG o.s.c.c.CharSequenceEncoder - [51ba9a62] Writing "600. foo bar"
03:15:02.732 [qtp1299588135-678] DEBUG o.s.c.c.CharSequenceEncoder - [51ba9a62] Writing "601. foo bar"
03:15:02.732 [qtp1299588135-678] DEBUG o.s.c.c.CharSequenceEncoder - [51ba9a62] Writing "602. foo bar"
03:15:02.732 [qtp1299588135-678] DEBUG o.s.c.c.CharSequenceEncoder - [51ba9a62] Writing "603. foo bar"
03:15:02.732 [qtp1299588135-678] DEBUG o.s.c.c.CharSequenceEncoder - [51ba9a62] Writing "604. foo bar"
03:15:02.733 [qtp1299588135-678] DEBUG o.s.c.c.CharSequenceEncoder - [51ba9a62] Writing "605. foo bar"
03:15:02.733 [qtp1299588135-678] DEBUG o.s.c.c.CharSequenceEncoder - [51ba9a62] Writing "606. foo bar"
03:15:02.733 [qtp1299588135-678] DEBUG o.s.c.c.CharSequenceEncoder - [51ba9a62] Writing "607. foo bar"
03:15:02.733 [qtp1299588135-678] DEBUG o.s.c.c.CharSequenceEncoder - [51ba9a62] Writing "608. foo bar"
03:15:02.733 [qtp1299588135-678] DEBUG o.s.c.c.CharSequenceEncoder - [51ba9a62] Writing "609. foo bar"
03:15:02.733 [qtp1299588135-678] DEBUG o.s.c.c.CharSequenceEncoder - [51ba9a62] Writing "610. foo bar"
03:15:02.733 [qtp1299588135-678] DEBUG o.s.c.c.CharSequenceEncoder - [51ba9a62] Writing "611. foo bar"
03:15:02.733 [qtp1299588135-678] DEBUG o.s.c.c.CharSequenceEncoder - [51ba9a62] Writing "612. foo bar"
03:15:02.734 [qtp1299588135-678] DEBUG o.s.c.c.CharSequenceEncoder - [51ba9a62] Writing "613. foo bar"
03:15:02.734 [qtp1299588135-678] DEBUG o.s.c.c.CharSequenceEncoder - [51ba9a62] Writing "614. foo bar"
03:15:02.734 [qtp1299588135-678] DEBUG o.s.c.c.CharSequenceEncoder - [51ba9a62] Writing "615. foo bar"
03:15:02.734 [qtp1299588135-678] DEBUG o.s.c.c.CharSequenceEncoder - [51ba9a62] Writing "616. foo bar"
03:15:02.734 [qtp1299588135-678] DEBUG o.s.c.c.CharSequenceEncoder - [51ba9a62] Writing "617. foo bar"
03:15:02.734 [qtp1299588135-678] DEBUG o.s.c.c.CharSequenceEncoder - [51ba9a62] Writing "618. foo bar"
03:15:02.734 [qtp1299588135-678] DEBUG o.s.c.c.CharSequenceEncoder - [51ba9a62] Writing "619. foo bar"
03:15:02.735 [qtp1299588135-678] DEBUG o.s.c.c.CharSequenceEncoder - [51ba9a62] Writing "620. foo bar"
03:15:02.736 [qtp1299588135-678] DEBUG o.s.c.c.CharSequenceEncoder - [51ba9a62] Writing "621. foo bar"
03:15:02.736 [qtp1299588135-678] DEBUG o.s.c.c.CharSequenceEncoder - [51ba9a62] Writing "622. foo bar"
03:15:02.736 [qtp1299588135-678] DEBUG o.s.c.c.CharSequenceEncoder - [51ba9a62] Writing "623. foo bar"
03:15:02.736 [qtp1299588135-678] DEBUG o.s.c.c.CharSequenceEncoder - [51ba9a62] Writing "624. foo bar"
03:15:02.736 [qtp1299588135-678] DEBUG o.s.c.c.CharSequenceEncoder - [51ba9a62] Writing "625. foo bar"
03:15:02.744 [qtp1299588135-678] DEBUG o.s.c.c.CharSequenceEncoder - [51ba9a62] Writing "626. foo bar"
03:15:02.745 [qtp1299588135-678] DEBUG o.s.c.c.CharSequenceEncoder - [51ba9a62] Writing "627. foo bar"
03:15:02.745 [qtp1299588135-678] DEBUG o.s.c.c.CharSequenceEncoder - [51ba9a62] Writing "628. foo bar"
03:15:02.745 [qtp1299588135-678] DEBUG o.s.c.c.CharSequenceEncoder - [51ba9a62] Writing "629. foo bar"
03:15:02.745 [qtp1299588135-678] DEBUG o.s.c.c.CharSequenceEncoder - [51ba9a62] Writing "630. foo bar"
03:15:02.746 [qtp1299588135-678] DEBUG o.s.c.c.CharSequenceEncoder - [51ba9a62] Writing "631. foo bar"
03:15:02.746 [qtp1299588135-678] DEBUG o.s.c.c.CharSequenceEncoder - [51ba9a62] Writing "632. foo bar"
03:15:02.746 [qtp1299588135-678] DEBUG o.s.c.c.CharSequenceEncoder - [51ba9a62] Writing "633. foo bar"
03:15:02.746 [qtp1299588135-678] DEBUG o.s.c.c.CharSequenceEncoder - [51ba9a62] Writing "634. foo bar"
03:15:02.747 [qtp1299588135-678] DEBUG o.s.c.c.CharSequenceEncoder - [51ba9a62] Writing "635. foo bar"
03:15:02.747 [qtp1299588135-678] DEBUG o.s.c.c.CharSequenceEncoder - [51ba9a62] Writing "636. foo bar"
03:15:02.747 [qtp1299588135-678] DEBUG o.s.c.c.CharSequenceEncoder - [51ba9a62] Writing "637. foo bar"
03:15:02.747 [qtp1299588135-678] DEBUG o.s.c.c.CharSequenceEncoder - [51ba9a62] Writing "638. foo bar"
03:15:02.748 [qtp1299588135-678] DEBUG o.s.c.c.CharSequenceEncoder - [51ba9a62] Writing "639. foo bar"
03:15:02.748 [qtp1299588135-678] DEBUG o.s.c.c.CharSequenceEncoder - [51ba9a62] Writing "640. foo bar"
03:15:02.748 [qtp1299588135-678] DEBUG o.s.c.c.CharSequenceEncoder - [51ba9a62] Writing "641. foo bar"
03:15:02.749 [qtp1299588135-678] DEBUG o.s.c.c.CharSequenceEncoder - [51ba9a62] Writing "642. foo bar"
03:15:02.749 [qtp1299588135-678] DEBUG o.s.c.c.CharSequenceEncoder - [51ba9a62] Writing "643. foo bar"
03:15:02.749 [qtp1299588135-678] DEBUG o.s.c.c.CharSequenceEncoder - [51ba9a62] Writing "644. foo bar"
03:15:02.750 [qtp1299588135-678] DEBUG o.s.c.c.CharSequenceEncoder - [51ba9a62] Writing "645. foo bar"
03:15:02.750 [qtp1299588135-678] DEBUG o.s.c.c.CharSequenceEncoder - [51ba9a62] Writing "646. foo bar"
03:15:02.750 [qtp1299588135-678] DEBUG o.s.c.c.CharSequenceEncoder - [51ba9a62] Writing "647. foo bar"
03:15:02.751 [qtp1299588135-678] DEBUG o.s.c.c.CharSequenceEncoder - [51ba9a62] Writing "648. foo bar"
03:15:02.752 [qtp1299588135-678] DEBUG o.s.c.c.CharSequenceEncoder - [51ba9a62] Writing "649. foo bar"
03:15:02.752 [qtp1299588135-678] DEBUG o.s.c.c.CharSequenceEncoder - [51ba9a62] Writing "650. foo bar"
03:15:02.755 [qtp1299588135-678] DEBUG o.s.c.c.CharSequenceEncoder - [51ba9a62] Writing "651. foo bar"
03:15:02.756 [qtp1299588135-678] DEBUG o.s.c.c.CharSequenceEncoder - [51ba9a62] Writing "652. foo bar"
03:15:02.756 [qtp1299588135-678] DEBUG o.s.c.c.CharSequenceEncoder - [51ba9a62] Writing "653. foo bar"
03:15:02.756 [qtp1299588135-678] DEBUG o.s.c.c.CharSequenceEncoder - [51ba9a62] Writing "654. foo bar"
03:15:02.757 [qtp1299588135-678] DEBUG o.s.c.c.CharSequenceEncoder - [51ba9a62] Writing "655. foo bar"
03:15:02.757 [qtp1299588135-678] DEBUG o.s.c.c.CharSequenceEncoder - [51ba9a62] Writing "656. foo bar"
03:15:02.757 [qtp1299588135-678] DEBUG o.s.c.c.CharSequenceEncoder - [51ba9a62] Writing "657. foo bar"
03:15:02.757 [qtp1299588135-678] DEBUG o.s.c.c.CharSequenceEncoder - [51ba9a62] Writing "658. foo bar"
03:15:02.758 [qtp1299588135-678] DEBUG o.s.c.c.CharSequenceEncoder - [51ba9a62] Writing "659. foo bar"
03:15:02.758 [qtp1299588135-678] DEBUG o.s.c.c.CharSequenceEncoder - [51ba9a62] Writing "660. foo bar"
03:15:02.758 [qtp1299588135-678] DEBUG o.s.c.c.CharSequenceEncoder - [51ba9a62] Writing "661. foo bar"
03:15:02.759 [qtp1299588135-678] DEBUG o.s.c.c.CharSequenceEncoder - [51ba9a62] Writing "662. foo bar"
03:15:02.760 [qtp1299588135-678] DEBUG o.s.c.c.CharSequenceEncoder - [51ba9a62] Writing "663. foo bar"
03:15:02.760 [qtp1299588135-678] DEBUG o.s.c.c.CharSequenceEncoder - [51ba9a62] Writing "664. foo bar"
03:15:02.760 [qtp1299588135-678] DEBUG o.s.c.c.CharSequenceEncoder - [51ba9a62] Writing "665. foo bar"
03:15:02.761 [qtp1299588135-678] DEBUG o.s.c.c.CharSequenceEncoder - [51ba9a62] Writing "666. foo bar"
03:15:02.761 [qtp1299588135-678] DEBUG o.s.c.c.CharSequenceEncoder - [51ba9a62] Writing "667. foo bar"
03:15:02.761 [qtp1299588135-678] DEBUG o.s.c.c.CharSequenceEncoder - [51ba9a62] Writing "668. foo bar"
03:15:02.762 [qtp1299588135-678] DEBUG o.s.c.c.CharSequenceEncoder - [51ba9a62] Writing "669. foo bar"
03:15:02.762 [qtp1299588135-678] DEBUG o.s.c.c.CharSequenceEncoder - [51ba9a62] Writing "670. foo bar"
03:15:02.762 [qtp1299588135-678] DEBUG o.s.c.c.CharSequenceEncoder - [51ba9a62] Writing "671. foo bar"
03:15:02.763 [qtp1299588135-678] DEBUG o.s.c.c.CharSequenceEncoder - [51ba9a62] Writing "672. foo bar"
03:15:02.763 [qtp1299588135-678] DEBUG o.s.c.c.CharSequenceEncoder - [51ba9a62] Writing "673. foo bar"
03:15:02.763 [qtp1299588135-678] DEBUG o.s.c.c.CharSequenceEncoder - [51ba9a62] Writing "674. foo bar"
03:15:02.764 [qtp1299588135-678] DEBUG o.s.c.c.CharSequenceEncoder - [51ba9a62] Writing "675. foo bar"
03:15:02.764 [qtp1299588135-678] DEBUG o.s.c.c.CharSequenceEncoder - [51ba9a62] Writing "676. foo bar"
03:15:02.764 [qtp1299588135-678] DEBUG o.s.c.c.CharSequenceEncoder - [51ba9a62] Writing "677. foo bar"
03:15:02.764 [qtp1299588135-678] DEBUG o.s.c.c.CharSequenceEncoder - [51ba9a62] Writing "678. foo bar"
03:15:02.764 [qtp1299588135-678] DEBUG o.s.c.c.CharSequenceEncoder - [51ba9a62] Writing "679. foo bar"
03:15:02.765 [qtp1299588135-678] DEBUG o.s.c.c.CharSequenceEncoder - [51ba9a62] Writing "680. foo bar"
03:15:02.765 [qtp1299588135-678] DEBUG o.s.c.c.CharSequenceEncoder - [51ba9a62] Writing "681. foo bar"
03:15:02.765 [qtp1299588135-678] DEBUG o.s.c.c.CharSequenceEncoder - [51ba9a62] Writing "682. foo bar"
03:15:02.766 [qtp1299588135-678] DEBUG o.s.c.c.CharSequenceEncoder - [51ba9a62] Writing "683. foo bar"
03:15:02.766 [qtp1299588135-678] DEBUG o.s.c.c.CharSequenceEncoder - [51ba9a62] Writing "684. foo bar"
03:15:02.766 [qtp1299588135-678] DEBUG o.s.c.c.CharSequenceEncoder - [51ba9a62] Writing "685. foo bar"
03:15:02.766 [qtp1299588135-678] DEBUG o.s.c.c.CharSequenceEncoder - [51ba9a62] Writing "686. foo bar"
03:15:02.768 [qtp1299588135-678] DEBUG o.s.c.c.CharSequenceEncoder - [51ba9a62] Writing "687. foo bar"
03:15:02.768 [qtp1299588135-678] DEBUG o.s.c.c.CharSequenceEncoder - [51ba9a62] Writing "688. foo bar"
03:15:02.768 [qtp1299588135-678] DEBUG o.s.c.c.CharSequenceEncoder - [51ba9a62] Writing "689. foo bar"
03:15:02.769 [qtp1299588135-678] DEBUG o.s.c.c.CharSequenceEncoder - [51ba9a62] Writing "690. foo bar"
03:15:02.769 [qtp1299588135-678] DEBUG o.s.c.c.CharSequenceEncoder - [51ba9a62] Writing "691. foo bar"
03:15:02.769 [qtp1299588135-678] DEBUG o.s.c.c.CharSequenceEncoder - [51ba9a62] Writing "692. foo bar"
03:15:02.770 [qtp1299588135-678] DEBUG o.s.c.c.CharSequenceEncoder - [51ba9a62] Writing "693. foo bar"
03:15:02.770 [qtp1299588135-678] DEBUG o.s.c.c.CharSequenceEncoder - [51ba9a62] Writing "694. foo bar"
03:15:02.770 [qtp1299588135-678] DEBUG o.s.c.c.CharSequenceEncoder - [51ba9a62] Writing "695. foo bar"
03:15:02.771 [qtp1299588135-678] DEBUG o.s.c.c.CharSequenceEncoder - [51ba9a62] Writing "696. foo bar"
03:15:02.771 [qtp1299588135-678] DEBUG o.s.c.c.CharSequenceEncoder - [51ba9a62] Writing "697. foo bar"
03:15:02.771 [qtp1299588135-678] DEBUG o.s.c.c.CharSequenceEncoder - [51ba9a62] Writing "698. foo bar"
03:15:02.772 [qtp1299588135-678] DEBUG o.s.c.c.CharSequenceEncoder - [51ba9a62] Writing "699. foo bar"
03:15:02.772 [qtp1299588135-678] DEBUG o.s.c.c.CharSequenceEncoder - [51ba9a62] Writing "700. foo bar"
03:15:02.772 [qtp1299588135-678] DEBUG o.s.c.c.CharSequenceEncoder - [51ba9a62] Writing "701. foo bar"
03:15:02.772 [qtp1299588135-678] DEBUG o.s.c.c.CharSequenceEncoder - [51ba9a62] Writing "702. foo bar"
03:15:02.773 [qtp1299588135-678] DEBUG o.s.c.c.CharSequenceEncoder - [51ba9a62] Writing "703. foo bar"
03:15:02.773 [qtp1299588135-678] DEBUG o.s.c.c.CharSequenceEncoder - [51ba9a62] Writing "704. foo bar"
03:15:02.773 [qtp1299588135-678] DEBUG o.s.c.c.CharSequenceEncoder - [51ba9a62] Writing "705. foo bar"
03:15:02.774 [qtp1299588135-678] DEBUG o.s.c.c.CharSequenceEncoder - [51ba9a62] Writing "706. foo bar"
03:15:02.774 [qtp1299588135-678] DEBUG o.s.c.c.CharSequenceEncoder - [51ba9a62] Writing "707. foo bar"
03:15:02.774 [qtp1299588135-678] DEBUG o.s.c.c.CharSequenceEncoder - [51ba9a62] Writing "708. foo bar"
03:15:02.774 [qtp1299588135-678] DEBUG o.s.c.c.CharSequenceEncoder - [51ba9a62] Writing "709. foo bar"
03:15:02.774 [qtp1299588135-678] DEBUG o.s.c.c.CharSequenceEncoder - [51ba9a62] Writing "710. foo bar"
03:15:02.774 [qtp1299588135-678] DEBUG o.s.c.c.CharSequenceEncoder - [51ba9a62] Writing "711. foo bar"
03:15:02.775 [qtp1299588135-678] DEBUG o.s.c.c.CharSequenceEncoder - [51ba9a62] Writing "712. foo bar"
03:15:02.775 [qtp1299588135-678] DEBUG o.s.c.c.CharSequenceEncoder - [51ba9a62] Writing "713. foo bar"
03:15:02.775 [qtp1299588135-678] DEBUG o.s.c.c.CharSequenceEncoder - [51ba9a62] Writing "714. foo bar"
03:15:02.775 [qtp1299588135-678] DEBUG o.s.c.c.CharSequenceEncoder - [51ba9a62] Writing "715. foo bar"
03:15:02.775 [qtp1299588135-678] DEBUG o.s.c.c.CharSequenceEncoder - [51ba9a62] Writing "716. foo bar"
03:15:02.776 [qtp1299588135-678] DEBUG o.s.c.c.CharSequenceEncoder - [51ba9a62] Writing "717. foo bar"
03:15:02.776 [qtp1299588135-678] DEBUG o.s.c.c.CharSequenceEncoder - [51ba9a62] Writing "718. foo bar"
03:15:02.776 [qtp1299588135-678] DEBUG o.s.c.c.CharSequenceEncoder - [51ba9a62] Writing "719. foo bar"
03:15:02.777 [qtp1299588135-678] DEBUG o.s.c.c.CharSequenceEncoder - [51ba9a62] Writing "720. foo bar"
03:15:02.778 [qtp1299588135-678] DEBUG o.s.c.c.CharSequenceEncoder - [51ba9a62] Writing "721. foo bar"
03:15:02.778 [qtp1299588135-678] DEBUG o.s.c.c.CharSequenceEncoder - [51ba9a62] Writing "722. foo bar"
03:15:02.779 [qtp1299588135-678] DEBUG o.s.c.c.CharSequenceEncoder - [51ba9a62] Writing "723. foo bar"
03:15:02.779 [qtp1299588135-678] DEBUG o.s.c.c.CharSequenceEncoder - [51ba9a62] Writing "724. foo bar"
03:15:02.779 [qtp1299588135-678] DEBUG o.s.c.c.CharSequenceEncoder - [51ba9a62] Writing "725. foo bar"
03:15:02.780 [qtp1299588135-678] DEBUG o.s.c.c.CharSequenceEncoder - [51ba9a62] Writing "726. foo bar"
03:15:02.780 [qtp1299588135-678] DEBUG o.s.c.c.CharSequenceEncoder - [51ba9a62] Writing "727. foo bar"
03:15:02.780 [qtp1299588135-678] DEBUG o.s.c.c.CharSequenceEncoder - [51ba9a62] Writing "728. foo bar"
03:15:02.781 [qtp1299588135-678] DEBUG o.s.c.c.CharSequenceEncoder - [51ba9a62] Writing "729. foo bar"
03:15:02.781 [qtp1299588135-678] DEBUG o.s.c.c.CharSequenceEncoder - [51ba9a62] Writing "730. foo bar"
03:15:02.781 [qtp1299588135-678] DEBUG o.s.c.c.CharSequenceEncoder - [51ba9a62] Writing "731. foo bar"
03:15:02.781 [qtp1299588135-678] DEBUG o.s.c.c.CharSequenceEncoder - [51ba9a62] Writing "732. foo bar"
03:15:02.782 [qtp1299588135-678] DEBUG o.s.c.c.CharSequenceEncoder - [51ba9a62] Writing "733. foo bar"
03:15:02.782 [qtp1299588135-678] DEBUG o.s.c.c.CharSequenceEncoder - [51ba9a62] Writing "734. foo bar"
03:15:02.782 [qtp1299588135-678] DEBUG o.s.c.c.CharSequenceEncoder - [51ba9a62] Writing "735. foo bar"
03:15:02.783 [qtp1299588135-678] DEBUG o.s.c.c.CharSequenceEncoder - [51ba9a62] Writing "736. foo bar"
03:15:02.783 [qtp1299588135-678] DEBUG o.s.c.c.CharSequenceEncoder - [51ba9a62] Writing "737. foo bar"
03:15:02.783 [qtp1299588135-678] DEBUG o.s.c.c.CharSequenceEncoder - [51ba9a62] Writing "738. foo bar"
03:15:02.784 [qtp1299588135-678] DEBUG o.s.c.c.CharSequenceEncoder - [51ba9a62] Writing "739. foo bar"
03:15:02.784 [qtp1299588135-678] DEBUG o.s.c.c.CharSequenceEncoder - [51ba9a62] Writing "740. foo bar"
03:15:02.784 [qtp1299588135-678] DEBUG o.s.c.c.CharSequenceEncoder - [51ba9a62] Writing "741. foo bar"
03:15:02.785 [qtp1299588135-678] DEBUG o.s.c.c.CharSequenceEncoder - [51ba9a62] Writing "742. foo bar"
03:15:02.785 [qtp1299588135-678] DEBUG o.s.c.c.CharSequenceEncoder - [51ba9a62] Writing "743. foo bar"
03:15:02.785 [qtp1299588135-678] DEBUG o.s.c.c.CharSequenceEncoder - [51ba9a62] Writing "744. foo bar"
03:15:02.786 [qtp1299588135-678] DEBUG o.s.c.c.CharSequenceEncoder - [51ba9a62] Writing "745. foo bar"
03:15:02.786 [qtp1299588135-678] DEBUG o.s.c.c.CharSequenceEncoder - [51ba9a62] Writing "746. foo bar"
03:15:02.786 [qtp1299588135-678] DEBUG o.s.c.c.CharSequenceEncoder - [51ba9a62] Writing "747. foo bar"
03:15:02.786 [qtp1299588135-678] DEBUG o.s.c.c.CharSequenceEncoder - [51ba9a62] Writing "748. foo bar"
03:15:02.787 [qtp1299588135-678] DEBUG o.s.c.c.CharSequenceEncoder - [51ba9a62] Writing "749. foo bar"
03:15:02.787 [qtp1299588135-678] DEBUG o.s.c.c.CharSequenceEncoder - [51ba9a62] Writing "750. foo bar"
03:15:02.787 [qtp1299588135-678] DEBUG o.s.c.c.CharSequenceEncoder - [51ba9a62] Writing "751. foo bar"
03:15:02.788 [qtp1299588135-678] DEBUG o.s.c.c.CharSequenceEncoder - [51ba9a62] Writing "752. foo bar"
03:15:02.788 [qtp1299588135-678] DEBUG o.s.c.c.CharSequenceEncoder - [51ba9a62] Writing "753. foo bar"
03:15:02.788 [qtp1299588135-678] DEBUG o.s.c.c.CharSequenceEncoder - [51ba9a62] Writing "754. foo bar"
03:15:02.789 [qtp1299588135-678] DEBUG o.s.c.c.CharSequenceEncoder - [51ba9a62] Writing "755. foo bar"
03:15:02.789 [qtp1299588135-678] DEBUG o.s.c.c.CharSequenceEncoder - [51ba9a62] Writing "756. foo bar"
03:15:02.789 [qtp1299588135-678] DEBUG o.s.c.c.CharSequenceEncoder - [51ba9a62] Writing "757. foo bar"
03:15:02.789 [qtp1299588135-678] DEBUG o.s.c.c.CharSequenceEncoder - [51ba9a62] Writing "758. foo bar"
03:15:02.790 [qtp1299588135-678] DEBUG o.s.c.c.CharSequenceEncoder - [51ba9a62] Writing "759. foo bar"
03:15:02.790 [qtp1299588135-678] DEBUG o.s.c.c.CharSequenceEncoder - [51ba9a62] Writing "760. foo bar"
03:15:02.790 [qtp1299588135-678] DEBUG o.s.c.c.CharSequenceEncoder - [51ba9a62] Writing "761. foo bar"
03:15:02.791 [qtp1299588135-678] DEBUG o.s.c.c.CharSequenceEncoder - [51ba9a62] Writing "762. foo bar"
03:15:02.791 [qtp1299588135-678] DEBUG o.s.c.c.CharSequenceEncoder - [51ba9a62] Writing "763. foo bar"
03:15:02.792 [qtp1299588135-678] DEBUG o.s.c.c.CharSequenceEncoder - [51ba9a62] Writing "764. foo bar"
03:15:02.792 [qtp1299588135-678] DEBUG o.s.c.c.CharSequenceEncoder - [51ba9a62] Writing "765. foo bar"
03:15:02.792 [qtp1299588135-678] DEBUG o.s.c.c.CharSequenceEncoder - [51ba9a62] Writing "766. foo bar"
03:15:02.792 [qtp1299588135-678] DEBUG o.s.c.c.CharSequenceEncoder - [51ba9a62] Writing "767. foo bar"
03:15:02.793 [qtp1299588135-678] DEBUG o.s.c.c.CharSequenceEncoder - [51ba9a62] Writing "768. foo bar"
03:15:02.793 [qtp1299588135-678] DEBUG o.s.c.c.CharSequenceEncoder - [51ba9a62] Writing "769. foo bar"
03:15:02.794 [qtp1299588135-678] DEBUG o.s.c.c.CharSequenceEncoder - [51ba9a62] Writing "770. foo bar"
03:15:02.794 [qtp1299588135-678] DEBUG o.s.c.c.CharSequenceEncoder - [51ba9a62] Writing "771. foo bar"
03:15:02.794 [qtp1299588135-678] DEBUG o.s.c.c.CharSequenceEncoder - [51ba9a62] Writing "772. foo bar"
03:15:02.795 [qtp1299588135-678] DEBUG o.s.c.c.CharSequenceEncoder - [51ba9a62] Writing "773. foo bar"
03:15:02.796 [qtp1299588135-678] DEBUG o.s.c.c.CharSequenceEncoder - [51ba9a62] Writing "774. foo bar"
03:15:02.797 [qtp1299588135-678] DEBUG o.s.c.c.CharSequenceEncoder - [51ba9a62] Writing "775. foo bar"
03:15:02.797 [qtp1299588135-678] DEBUG o.s.c.c.CharSequenceEncoder - [51ba9a62] Writing "776. foo bar"
03:15:02.798 [qtp1299588135-678] DEBUG o.s.c.c.CharSequenceEncoder - [51ba9a62] Writing "777. foo bar"
03:15:02.798 [qtp1299588135-678] DEBUG o.s.c.c.CharSequenceEncoder - [51ba9a62] Writing "778. foo bar"
03:15:02.798 [qtp1299588135-678] DEBUG o.s.c.c.CharSequenceEncoder - [51ba9a62] Writing "779. foo bar"
03:15:02.799 [qtp1299588135-678] DEBUG o.s.c.c.CharSequenceEncoder - [51ba9a62] Writing "780. foo bar"
03:15:02.799 [qtp1299588135-678] DEBUG o.s.c.c.CharSequenceEncoder - [51ba9a62] Writing "781. foo bar"
03:15:02.799 [qtp1299588135-678] DEBUG o.s.c.c.CharSequenceEncoder - [51ba9a62] Writing "782. foo bar"
03:15:02.800 [qtp1299588135-678] DEBUG o.s.c.c.CharSequenceEncoder - [51ba9a62] Writing "783. foo bar"
03:15:02.800 [qtp1299588135-678] DEBUG o.s.c.c.CharSequenceEncoder - [51ba9a62] Writing "784. foo bar"
03:15:02.800 [qtp1299588135-678] DEBUG o.s.c.c.CharSequenceEncoder - [51ba9a62] Writing "785. foo bar"
03:15:02.801 [qtp1299588135-678] DEBUG o.s.c.c.CharSequenceEncoder - [51ba9a62] Writing "786. foo bar"
03:15:02.801 [qtp1299588135-678] DEBUG o.s.c.c.CharSequenceEncoder - [51ba9a62] Writing "787. foo bar"
03:15:02.801 [qtp1299588135-678] DEBUG o.s.c.c.CharSequenceEncoder - [51ba9a62] Writing "788. foo bar"
03:15:02.802 [qtp1299588135-678] DEBUG o.s.c.c.CharSequenceEncoder - [51ba9a62] Writing "789. foo bar"
03:15:02.802 [qtp1299588135-678] DEBUG o.s.c.c.CharSequenceEncoder - [51ba9a62] Writing "790. foo bar"
03:15:02.802 [qtp1299588135-678] DEBUG o.s.c.c.CharSequenceEncoder - [51ba9a62] Writing "791. foo bar"
03:15:02.803 [qtp1299588135-678] DEBUG o.s.c.c.CharSequenceEncoder - [51ba9a62] Writing "792. foo bar"
03:15:02.803 [qtp1299588135-678] DEBUG o.s.c.c.CharSequenceEncoder - [51ba9a62] Writing "793. foo bar"
03:15:02.803 [qtp1299588135-678] DEBUG o.s.c.c.CharSequenceEncoder - [51ba9a62] Writing "794. foo bar"
03:15:02.803 [qtp1299588135-678] DEBUG o.s.c.c.CharSequenceEncoder - [51ba9a62] Writing "795. foo bar"
03:15:02.804 [qtp1299588135-678] DEBUG o.s.c.c.CharSequenceEncoder - [51ba9a62] Writing "796. foo bar"
03:15:02.804 [qtp1299588135-678] DEBUG o.s.c.c.CharSequenceEncoder - [51ba9a62] Writing "797. foo bar"
03:15:02.804 [qtp1299588135-678] DEBUG o.s.c.c.CharSequenceEncoder - [51ba9a62] Writing "798. foo bar"
03:15:02.805 [qtp1299588135-678] DEBUG o.s.c.c.CharSequenceEncoder - [51ba9a62] Writing "799. foo bar"
03:15:02.805 [qtp1299588135-678] DEBUG o.s.c.c.CharSequenceEncoder - [51ba9a62] Writing "800. foo bar"
03:15:02.805 [qtp1299588135-678] DEBUG o.s.c.c.CharSequenceEncoder - [51ba9a62] Writing "801. foo bar"
03:15:02.806 [qtp1299588135-678] DEBUG o.s.c.c.CharSequenceEncoder - [51ba9a62] Writing "802. foo bar"
03:15:02.806 [qtp1299588135-678] DEBUG o.s.c.c.CharSequenceEncoder - [51ba9a62] Writing "803. foo bar"
03:15:02.806 [qtp1299588135-678] DEBUG o.s.c.c.CharSequenceEncoder - [51ba9a62] Writing "804. foo bar"
03:15:02.807 [qtp1299588135-678] DEBUG o.s.c.c.CharSequenceEncoder - [51ba9a62] Writing "805. foo bar"
03:15:02.807 [qtp1299588135-678] DEBUG o.s.c.c.CharSequenceEncoder - [51ba9a62] Writing "806. foo bar"
03:15:02.807 [qtp1299588135-678] DEBUG o.s.c.c.CharSequenceEncoder - [51ba9a62] Writing "807. foo bar"
03:15:02.808 [qtp1299588135-678] DEBUG o.s.c.c.CharSequenceEncoder - [51ba9a62] Writing "808. foo bar"
03:15:02.817 [qtp1299588135-678] DEBUG o.s.c.c.CharSequenceEncoder - [51ba9a62] Writing "809. foo bar"
03:15:02.817 [qtp1299588135-678] DEBUG o.s.c.c.CharSequenceEncoder - [51ba9a62] Writing "810. foo bar"
03:15:02.817 [qtp1299588135-678] DEBUG o.s.c.c.CharSequenceEncoder - [51ba9a62] Writing "811. foo bar"
03:15:02.818 [qtp1299588135-678] DEBUG o.s.c.c.CharSequenceEncoder - [51ba9a62] Writing "812. foo bar"
03:15:02.818 [qtp1299588135-678] DEBUG o.s.c.c.CharSequenceEncoder - [51ba9a62] Writing "813. foo bar"
03:15:02.818 [qtp1299588135-678] DEBUG o.s.c.c.CharSequenceEncoder - [51ba9a62] Writing "814. foo bar"
03:15:02.819 [qtp1299588135-678] DEBUG o.s.c.c.CharSequenceEncoder - [51ba9a62] Writing "815. foo bar"
03:15:02.819 [qtp1299588135-678] DEBUG o.s.c.c.CharSequenceEncoder - [51ba9a62] Writing "816. foo bar"
03:15:02.819 [qtp1299588135-678] DEBUG o.s.c.c.CharSequenceEncoder - [51ba9a62] Writing "817. foo bar"
03:15:02.819 [qtp1299588135-678] DEBUG o.s.c.c.CharSequenceEncoder - [51ba9a62] Writing "818. foo bar"
03:15:02.819 [qtp1299588135-678] DEBUG o.s.c.c.CharSequenceEncoder - [51ba9a62] Writing "819. foo bar"
03:15:02.819 [qtp1299588135-678] DEBUG o.s.c.c.CharSequenceEncoder - [51ba9a62] Writing "820. foo bar"
03:15:02.820 [qtp1299588135-678] DEBUG o.s.c.c.CharSequenceEncoder - [51ba9a62] Writing "821. foo bar"
03:15:02.820 [qtp1299588135-678] DEBUG o.s.c.c.CharSequenceEncoder - [51ba9a62] Writing "822. foo bar"
03:15:02.820 [qtp1299588135-678] DEBUG o.s.c.c.CharSequenceEncoder - [51ba9a62] Writing "823. foo bar"
03:15:02.820 [qtp1299588135-678] DEBUG o.s.c.c.CharSequenceEncoder - [51ba9a62] Writing "824. foo bar"
03:15:02.821 [qtp1299588135-678] DEBUG o.s.c.c.CharSequenceEncoder - [51ba9a62] Writing "825. foo bar"
03:15:02.821 [qtp1299588135-678] DEBUG o.s.c.c.CharSequenceEncoder - [51ba9a62] Writing "826. foo bar"
03:15:02.821 [qtp1299588135-678] DEBUG o.s.c.c.CharSequenceEncoder - [51ba9a62] Writing "827. foo bar"
03:15:02.822 [qtp1299588135-678] DEBUG o.s.c.c.CharSequenceEncoder - [51ba9a62] Writing "828. foo bar"
03:15:02.822 [qtp1299588135-678] DEBUG o.s.c.c.CharSequenceEncoder - [51ba9a62] Writing "829. foo bar"
03:15:02.822 [qtp1299588135-678] DEBUG o.s.c.c.CharSequenceEncoder - [51ba9a62] Writing "830. foo bar"
03:15:02.823 [qtp1299588135-678] DEBUG o.s.c.c.CharSequenceEncoder - [51ba9a62] Writing "831. foo bar"
03:15:02.823 [qtp1299588135-678] DEBUG o.s.c.c.CharSequenceEncoder - [51ba9a62] Writing "832. foo bar"
03:15:02.823 [qtp1299588135-678] DEBUG o.s.c.c.CharSequenceEncoder - [51ba9a62] Writing "833. foo bar"
03:15:02.823 [qtp1299588135-678] DEBUG o.s.c.c.CharSequenceEncoder - [51ba9a62] Writing "834. foo bar"
03:15:02.823 [qtp1299588135-678] DEBUG o.s.c.c.CharSequenceEncoder - [51ba9a62] Writing "835. foo bar"
03:15:02.824 [qtp1299588135-678] DEBUG o.s.c.c.CharSequenceEncoder - [51ba9a62] Writing "836. foo bar"
03:15:02.824 [qtp1299588135-678] DEBUG o.s.c.c.CharSequenceEncoder - [51ba9a62] Writing "837. foo bar"
03:15:02.824 [qtp1299588135-678] DEBUG o.s.c.c.CharSequenceEncoder - [51ba9a62] Writing "838. foo bar"
03:15:02.824 [qtp1299588135-678] DEBUG o.s.c.c.CharSequenceEncoder - [51ba9a62] Writing "839. foo bar"
03:15:02.824 [qtp1299588135-678] DEBUG o.s.c.c.CharSequenceEncoder - [51ba9a62] Writing "840. foo bar"
03:15:02.825 [qtp1299588135-678] DEBUG o.s.c.c.CharSequenceEncoder - [51ba9a62] Writing "841. foo bar"
03:15:02.825 [qtp1299588135-678] DEBUG o.s.c.c.CharSequenceEncoder - [51ba9a62] Writing "842. foo bar"
03:15:02.825 [qtp1299588135-678] DEBUG o.s.c.c.CharSequenceEncoder - [51ba9a62] Writing "843. foo bar"
03:15:02.826 [qtp1299588135-678] DEBUG o.s.c.c.CharSequenceEncoder - [51ba9a62] Writing "844. foo bar"
03:15:02.826 [qtp1299588135-678] DEBUG o.s.c.c.CharSequenceEncoder - [51ba9a62] Writing "845. foo bar"
03:15:02.826 [qtp1299588135-678] DEBUG o.s.c.c.CharSequenceEncoder - [51ba9a62] Writing "846. foo bar"
03:15:02.827 [qtp1299588135-678] DEBUG o.s.c.c.CharSequenceEncoder - [51ba9a62] Writing "847. foo bar"
03:15:02.827 [qtp1299588135-678] DEBUG o.s.c.c.CharSequenceEncoder - [51ba9a62] Writing "848. foo bar"
03:15:02.827 [qtp1299588135-678] DEBUG o.s.c.c.CharSequenceEncoder - [51ba9a62] Writing "849. foo bar"
03:15:02.828 [qtp1299588135-678] DEBUG o.s.c.c.CharSequenceEncoder - [51ba9a62] Writing "850. foo bar"
03:15:02.828 [qtp1299588135-678] DEBUG o.s.c.c.CharSequenceEncoder - [51ba9a62] Writing "851. foo bar"
03:15:02.828 [qtp1299588135-678] DEBUG o.s.c.c.CharSequenceEncoder - [51ba9a62] Writing "852. foo bar"
03:15:02.828 [qtp1299588135-678] DEBUG o.s.c.c.CharSequenceEncoder - [51ba9a62] Writing "853. foo bar"
03:15:02.829 [qtp1299588135-678] DEBUG o.s.c.c.CharSequenceEncoder - [51ba9a62] Writing "854. foo bar"
03:15:02.829 [qtp1299588135-678] DEBUG o.s.c.c.CharSequenceEncoder - [51ba9a62] Writing "855. foo bar"
03:15:02.829 [qtp1299588135-678] DEBUG o.s.c.c.CharSequenceEncoder - [51ba9a62] Writing "856. foo bar"
03:15:02.830 [qtp1299588135-678] DEBUG o.s.c.c.CharSequenceEncoder - [51ba9a62] Writing "857. foo bar"
03:15:02.830 [qtp1299588135-678] DEBUG o.s.c.c.CharSequenceEncoder - [51ba9a62] Writing "858. foo bar"
03:15:02.830 [qtp1299588135-678] DEBUG o.s.c.c.CharSequenceEncoder - [51ba9a62] Writing "859. foo bar"
03:15:02.830 [qtp1299588135-678] DEBUG o.s.c.c.CharSequenceEncoder - [51ba9a62] Writing "860. foo bar"
03:15:02.831 [qtp1299588135-678] DEBUG o.s.c.c.CharSequenceEncoder - [51ba9a62] Writing "861. foo bar"
03:15:02.831 [qtp1299588135-678] DEBUG o.s.c.c.CharSequenceEncoder - [51ba9a62] Writing "862. foo bar"
03:15:02.831 [qtp1299588135-678] DEBUG o.s.c.c.CharSequenceEncoder - [51ba9a62] Writing "863. foo bar"
03:15:02.831 [qtp1299588135-678] DEBUG o.s.c.c.CharSequenceEncoder - [51ba9a62] Writing "864. foo bar"
03:15:02.831 [qtp1299588135-678] DEBUG o.s.c.c.CharSequenceEncoder - [51ba9a62] Writing "865. foo bar"
03:15:02.832 [qtp1299588135-678] DEBUG o.s.c.c.CharSequenceEncoder - [51ba9a62] Writing "866. foo bar"
03:15:02.832 [qtp1299588135-678] DEBUG o.s.c.c.CharSequenceEncoder - [51ba9a62] Writing "867. foo bar"
03:15:02.832 [qtp1299588135-678] DEBUG o.s.c.c.CharSequenceEncoder - [51ba9a62] Writing "868. foo bar"
03:15:02.832 [qtp1299588135-678] DEBUG o.s.c.c.CharSequenceEncoder - [51ba9a62] Writing "869. foo bar"
03:15:02.832 [qtp1299588135-678] DEBUG o.s.c.c.CharSequenceEncoder - [51ba9a62] Writing "870. foo bar"
03:15:02.833 [qtp1299588135-678] DEBUG o.s.c.c.CharSequenceEncoder - [51ba9a62] Writing "871. foo bar"
03:15:02.833 [qtp1299588135-678] DEBUG o.s.c.c.CharSequenceEncoder - [51ba9a62] Writing "872. foo bar"
03:15:02.833 [qtp1299588135-678] DEBUG o.s.c.c.CharSequenceEncoder - [51ba9a62] Writing "873. foo bar"
03:15:02.833 [qtp1299588135-678] DEBUG o.s.c.c.CharSequenceEncoder - [51ba9a62] Writing "874. foo bar"
03:15:02.834 [qtp1299588135-678] DEBUG o.s.c.c.CharSequenceEncoder - [51ba9a62] Writing "875. foo bar"
03:15:02.834 [qtp1299588135-678] DEBUG o.s.c.c.CharSequenceEncoder - [51ba9a62] Writing "876. foo bar"
03:15:02.834 [qtp1299588135-678] DEBUG o.s.c.c.CharSequenceEncoder - [51ba9a62] Writing "877. foo bar"
03:15:02.834 [qtp1299588135-678] DEBUG o.s.c.c.CharSequenceEncoder - [51ba9a62] Writing "878. foo bar"
03:15:02.834 [qtp1299588135-678] DEBUG o.s.c.c.CharSequenceEncoder - [51ba9a62] Writing "879. foo bar"
03:15:02.834 [qtp1299588135-678] DEBUG o.s.c.c.CharSequenceEncoder - [51ba9a62] Writing "880. foo bar"
03:15:02.835 [qtp1299588135-678] DEBUG o.s.c.c.CharSequenceEncoder - [51ba9a62] Writing "881. foo bar"
03:15:02.835 [qtp1299588135-678] DEBUG o.s.c.c.CharSequenceEncoder - [51ba9a62] Writing "882. foo bar"
03:15:02.835 [qtp1299588135-678] DEBUG o.s.c.c.CharSequenceEncoder - [51ba9a62] Writing "883. foo bar"
03:15:02.836 [qtp1299588135-678] DEBUG o.s.c.c.CharSequenceEncoder - [51ba9a62] Writing "884. foo bar"
03:15:02.836 [qtp1299588135-678] DEBUG o.s.c.c.CharSequenceEncoder - [51ba9a62] Writing "885. foo bar"
03:15:02.836 [qtp1299588135-678] DEBUG o.s.c.c.CharSequenceEncoder - [51ba9a62] Writing "886. foo bar"
03:15:02.836 [qtp1299588135-678] DEBUG o.s.c.c.CharSequenceEncoder - [51ba9a62] Writing "887. foo bar"
03:15:02.836 [qtp1299588135-678] DEBUG o.s.c.c.CharSequenceEncoder - [51ba9a62] Writing "888. foo bar"
03:15:02.837 [qtp1299588135-678] DEBUG o.s.c.c.CharSequenceEncoder - [51ba9a62] Writing "889. foo bar"
03:15:02.837 [qtp1299588135-678] DEBUG o.s.c.c.CharSequenceEncoder - [51ba9a62] Writing "890. foo bar"
03:15:02.837 [qtp1299588135-678] DEBUG o.s.c.c.CharSequenceEncoder - [51ba9a62] Writing "891. foo bar"
03:15:02.837 [qtp1299588135-678] DEBUG o.s.c.c.CharSequenceEncoder - [51ba9a62] Writing "892. foo bar"
03:15:02.837 [qtp1299588135-678] DEBUG o.s.c.c.CharSequenceEncoder - [51ba9a62] Writing "893. foo bar"
03:15:02.837 [qtp1299588135-678] DEBUG o.s.c.c.CharSequenceEncoder - [51ba9a62] Writing "894. foo bar"
03:15:02.838 [qtp1299588135-678] DEBUG o.s.c.c.CharSequenceEncoder - [51ba9a62] Writing "895. foo bar"
03:15:02.838 [qtp1299588135-678] DEBUG o.s.c.c.CharSequenceEncoder - [51ba9a62] Writing "896. foo bar"
03:15:02.838 [qtp1299588135-678] DEBUG o.s.c.c.CharSequenceEncoder - [51ba9a62] Writing "897. foo bar"
03:15:02.838 [qtp1299588135-678] DEBUG o.s.c.c.CharSequenceEncoder - [51ba9a62] Writing "898. foo bar"
03:15:02.838 [qtp1299588135-678] DEBUG o.s.c.c.CharSequenceEncoder - [51ba9a62] Writing "899. foo bar"
03:15:02.839 [qtp1299588135-678] DEBUG o.s.c.c.CharSequenceEncoder - [51ba9a62] Writing "900. foo bar"
03:15:02.839 [qtp1299588135-678] DEBUG o.s.c.c.CharSequenceEncoder - [51ba9a62] Writing "901. foo bar"
03:15:02.839 [qtp1299588135-678] DEBUG o.s.c.c.CharSequenceEncoder - [51ba9a62] Writing "902. foo bar"
03:15:02.839 [qtp1299588135-678] DEBUG o.s.c.c.CharSequenceEncoder - [51ba9a62] Writing "903. foo bar"
03:15:02.840 [qtp1299588135-678] DEBUG o.s.c.c.CharSequenceEncoder - [51ba9a62] Writing "904. foo bar"
03:15:02.840 [qtp1299588135-678] DEBUG o.s.c.c.CharSequenceEncoder - [51ba9a62] Writing "905. foo bar"
03:15:02.841 [qtp1299588135-678] DEBUG o.s.c.c.CharSequenceEncoder - [51ba9a62] Writing "906. foo bar"
03:15:02.841 [qtp1299588135-678] DEBUG o.s.c.c.CharSequenceEncoder - [51ba9a62] Writing "907. foo bar"
03:15:02.843 [qtp1299588135-678] DEBUG o.s.c.c.CharSequenceEncoder - [51ba9a62] Writing "908. foo bar"
03:15:02.844 [qtp1299588135-678] DEBUG o.s.c.c.CharSequenceEncoder - [51ba9a62] Writing "909. foo bar"
03:15:02.844 [qtp1299588135-678] DEBUG o.s.c.c.CharSequenceEncoder - [51ba9a62] Writing "910. foo bar"
03:15:02.845 [qtp1299588135-678] DEBUG o.s.c.c.CharSequenceEncoder - [51ba9a62] Writing "911. foo bar"
03:15:02.846 [qtp1299588135-678] DEBUG o.s.c.c.CharSequenceEncoder - [51ba9a62] Writing "912. foo bar"
03:15:02.846 [qtp1299588135-678] DEBUG o.s.c.c.CharSequenceEncoder - [51ba9a62] Writing "913. foo bar"
03:15:02.846 [qtp1299588135-678] DEBUG o.s.c.c.CharSequenceEncoder - [51ba9a62] Writing "914. foo bar"
03:15:02.850 [qtp1299588135-678] DEBUG o.s.c.c.CharSequenceEncoder - [51ba9a62] Writing "915. foo bar"
03:15:02.851 [qtp1299588135-678] DEBUG o.s.c.c.CharSequenceEncoder - [51ba9a62] Writing "916. foo bar"
03:15:02.851 [qtp1299588135-678] DEBUG o.s.c.c.CharSequenceEncoder - [51ba9a62] Writing "917. foo bar"
03:15:02.852 [qtp1299588135-678] DEBUG o.s.c.c.CharSequenceEncoder - [51ba9a62] Writing "918. foo bar"
03:15:02.852 [qtp1299588135-678] DEBUG o.s.c.c.CharSequenceEncoder - [51ba9a62] Writing "919. foo bar"
03:15:02.853 [qtp1299588135-678] DEBUG o.s.c.c.CharSequenceEncoder - [51ba9a62] Writing "920. foo bar"
03:15:02.853 [qtp1299588135-678] DEBUG o.s.c.c.CharSequenceEncoder - [51ba9a62] Writing "921. foo bar"
03:15:02.853 [qtp1299588135-678] DEBUG o.s.c.c.CharSequenceEncoder - [51ba9a62] Writing "922. foo bar"
03:15:02.854 [qtp1299588135-678] DEBUG o.s.c.c.CharSequenceEncoder - [51ba9a62] Writing "923. foo bar"
03:15:02.854 [qtp1299588135-678] DEBUG o.s.c.c.CharSequenceEncoder - [51ba9a62] Writing "924. foo bar"
03:15:02.854 [qtp1299588135-678] DEBUG o.s.c.c.CharSequenceEncoder - [51ba9a62] Writing "925. foo bar"
03:15:02.855 [qtp1299588135-678] DEBUG o.s.c.c.CharSequenceEncoder - [51ba9a62] Writing "926. foo bar"
03:15:02.856 [qtp1299588135-678] DEBUG o.s.c.c.CharSequenceEncoder - [51ba9a62] Writing "927. foo bar"
03:15:02.856 [qtp1299588135-678] DEBUG o.s.c.c.CharSequenceEncoder - [51ba9a62] Writing "928. foo bar"
03:15:02.857 [qtp1299588135-678] DEBUG o.s.c.c.CharSequenceEncoder - [51ba9a62] Writing "929. foo bar"
03:15:02.857 [qtp1299588135-678] DEBUG o.s.c.c.CharSequenceEncoder - [51ba9a62] Writing "930. foo bar"
03:15:02.858 [qtp1299588135-678] DEBUG o.s.c.c.CharSequenceEncoder - [51ba9a62] Writing "931. foo bar"
03:15:02.858 [qtp1299588135-678] DEBUG o.s.c.c.CharSequenceEncoder - [51ba9a62] Writing "932. foo bar"
03:15:02.858 [qtp1299588135-678] DEBUG o.s.c.c.CharSequenceEncoder - [51ba9a62] Writing "933. foo bar"
03:15:02.859 [qtp1299588135-678] DEBUG o.s.c.c.CharSequenceEncoder - [51ba9a62] Writing "934. foo bar"
03:15:02.859 [qtp1299588135-678] DEBUG o.s.c.c.CharSequenceEncoder - [51ba9a62] Writing "935. foo bar"
03:15:02.860 [qtp1299588135-678] DEBUG o.s.c.c.CharSequenceEncoder - [51ba9a62] Writing "936. foo bar"
03:15:02.860 [qtp1299588135-678] DEBUG o.s.c.c.CharSequenceEncoder - [51ba9a62] Writing "937. foo bar"
03:15:02.860 [qtp1299588135-678] DEBUG o.s.c.c.CharSequenceEncoder - [51ba9a62] Writing "938. foo bar"
03:15:02.861 [qtp1299588135-678] DEBUG o.s.c.c.CharSequenceEncoder - [51ba9a62] Writing "939. foo bar"
03:15:02.861 [qtp1299588135-678] DEBUG o.s.c.c.CharSequenceEncoder - [51ba9a62] Writing "940. foo bar"
03:15:02.861 [qtp1299588135-678] DEBUG o.s.c.c.CharSequenceEncoder - [51ba9a62] Writing "941. foo bar"
03:15:02.861 [qtp1299588135-678] DEBUG o.s.c.c.CharSequenceEncoder - [51ba9a62] Writing "942. foo bar"
03:15:02.861 [qtp1299588135-678] DEBUG o.s.c.c.CharSequenceEncoder - [51ba9a62] Writing "943. foo bar"
03:15:02.861 [qtp1299588135-678] DEBUG o.s.c.c.CharSequenceEncoder - [51ba9a62] Writing "944. foo bar"
03:15:02.861 [qtp1299588135-678] DEBUG o.s.c.c.CharSequenceEncoder - [51ba9a62] Writing "945. foo bar"
03:15:02.861 [qtp1299588135-678] DEBUG o.s.c.c.CharSequenceEncoder - [51ba9a62] Writing "946. foo bar"
03:15:02.862 [qtp1299588135-678] DEBUG o.s.c.c.CharSequenceEncoder - [51ba9a62] Writing "947. foo bar"
03:15:02.862 [qtp1299588135-678] DEBUG o.s.c.c.CharSequenceEncoder - [51ba9a62] Writing "948. foo bar"
03:15:02.862 [qtp1299588135-678] DEBUG o.s.c.c.CharSequenceEncoder - [51ba9a62] Writing "949. foo bar"
03:15:02.862 [qtp1299588135-678] DEBUG o.s.c.c.CharSequenceEncoder - [51ba9a62] Writing "950. foo bar"
03:15:02.862 [qtp1299588135-678] DEBUG o.s.c.c.CharSequenceEncoder - [51ba9a62] Writing "951. foo bar"
03:15:02.862 [qtp1299588135-678] DEBUG o.s.c.c.CharSequenceEncoder - [51ba9a62] Writing "952. foo bar"
03:15:02.862 [qtp1299588135-678] DEBUG o.s.c.c.CharSequenceEncoder - [51ba9a62] Writing "953. foo bar"
03:15:02.863 [qtp1299588135-678] DEBUG o.s.c.c.CharSequenceEncoder - [51ba9a62] Writing "954. foo bar"
03:15:02.863 [qtp1299588135-678] DEBUG o.s.c.c.CharSequenceEncoder - [51ba9a62] Writing "955. foo bar"
03:15:02.863 [qtp1299588135-678] DEBUG o.s.c.c.CharSequenceEncoder - [51ba9a62] Writing "956. foo bar"
03:15:02.863 [qtp1299588135-678] DEBUG o.s.c.c.CharSequenceEncoder - [51ba9a62] Writing "957. foo bar"
03:15:02.863 [qtp1299588135-678] DEBUG o.s.c.c.CharSequenceEncoder - [51ba9a62] Writing "958. foo bar"
03:15:02.863 [qtp1299588135-678] DEBUG o.s.c.c.CharSequenceEncoder - [51ba9a62] Writing "959. foo bar"
03:15:02.863 [qtp1299588135-678] DEBUG o.s.c.c.CharSequenceEncoder - [51ba9a62] Writing "960. foo bar"
03:15:02.863 [qtp1299588135-678] DEBUG o.s.c.c.CharSequenceEncoder - [51ba9a62] Writing "961. foo bar"
03:15:02.863 [qtp1299588135-678] DEBUG o.s.c.c.CharSequenceEncoder - [51ba9a62] Writing "962. foo bar"
03:15:02.864 [qtp1299588135-678] DEBUG o.s.c.c.CharSequenceEncoder - [51ba9a62] Writing "963. foo bar"
03:15:02.864 [qtp1299588135-678] DEBUG o.s.c.c.CharSequenceEncoder - [51ba9a62] Writing "964. foo bar"
03:15:02.864 [qtp1299588135-678] DEBUG o.s.c.c.CharSequenceEncoder - [51ba9a62] Writing "965. foo bar"
03:15:02.864 [qtp1299588135-678] DEBUG o.s.c.c.CharSequenceEncoder - [51ba9a62] Writing "966. foo bar"
03:15:02.864 [qtp1299588135-678] DEBUG o.s.c.c.CharSequenceEncoder - [51ba9a62] Writing "967. foo bar"
03:15:02.864 [qtp1299588135-678] DEBUG o.s.c.c.CharSequenceEncoder - [51ba9a62] Writing "968. foo bar"
03:15:02.864 [qtp1299588135-678] DEBUG o.s.c.c.CharSequenceEncoder - [51ba9a62] Writing "969. foo bar"
03:15:02.864 [qtp1299588135-678] DEBUG o.s.c.c.CharSequenceEncoder - [51ba9a62] Writing "970. foo bar"
03:15:02.865 [qtp1299588135-678] DEBUG o.s.c.c.CharSequenceEncoder - [51ba9a62] Writing "971. foo bar"
03:15:02.865 [qtp1299588135-678] DEBUG o.s.c.c.CharSequenceEncoder - [51ba9a62] Writing "972. foo bar"
03:15:02.865 [qtp1299588135-678] DEBUG o.s.c.c.CharSequenceEncoder - [51ba9a62] Writing "973. foo bar"
03:15:02.865 [qtp1299588135-678] DEBUG o.s.c.c.CharSequenceEncoder - [51ba9a62] Writing "974. foo bar"
03:15:02.865 [qtp1299588135-678] DEBUG o.s.c.c.CharSequenceEncoder - [51ba9a62] Writing "975. foo bar"
03:15:02.865 [qtp1299588135-678] DEBUG o.s.c.c.CharSequenceEncoder - [51ba9a62] Writing "976. foo bar"
03:15:02.865 [qtp1299588135-678] DEBUG o.s.c.c.CharSequenceEncoder - [51ba9a62] Writing "977. foo bar"
03:15:02.865 [qtp1299588135-678] DEBUG o.s.c.c.CharSequenceEncoder - [51ba9a62] Writing "978. foo bar"
03:15:02.865 [qtp1299588135-678] DEBUG o.s.c.c.CharSequenceEncoder - [51ba9a62] Writing "979. foo bar"
03:15:02.866 [qtp1299588135-678] DEBUG o.s.c.c.CharSequenceEncoder - [51ba9a62] Writing "980. foo bar"
03:15:02.866 [qtp1299588135-678] DEBUG o.s.c.c.CharSequenceEncoder - [51ba9a62] Writing "981. foo bar"
03:15:02.866 [qtp1299588135-678] DEBUG o.s.c.c.CharSequenceEncoder - [51ba9a62] Writing "982. foo bar"
03:15:02.866 [qtp1299588135-678] DEBUG o.s.c.c.CharSequenceEncoder - [51ba9a62] Writing "983. foo bar"
03:15:02.866 [qtp1299588135-678] DEBUG o.s.c.c.CharSequenceEncoder - [51ba9a62] Writing "984. foo bar"
03:15:02.866 [qtp1299588135-678] DEBUG o.s.c.c.CharSequenceEncoder - [51ba9a62] Writing "985. foo bar"
03:15:02.866 [qtp1299588135-678] DEBUG o.s.c.c.CharSequenceEncoder - [51ba9a62] Writing "986. foo bar"
03:15:02.866 [qtp1299588135-678] DEBUG o.s.c.c.CharSequenceEncoder - [51ba9a62] Writing "987. foo bar"
03:15:02.867 [qtp1299588135-678] DEBUG o.s.c.c.CharSequenceEncoder - [51ba9a62] Writing "988. foo bar"
03:15:02.867 [qtp1299588135-678] DEBUG o.s.c.c.CharSequenceEncoder - [51ba9a62] Writing "989. foo bar"
03:15:02.867 [qtp1299588135-678] DEBUG o.s.c.c.CharSequenceEncoder - [51ba9a62] Writing "990. foo bar"
03:15:02.867 [qtp1299588135-678] DEBUG o.s.c.c.CharSequenceEncoder - [51ba9a62] Writing "991. foo bar"
03:15:02.867 [qtp1299588135-678] DEBUG o.s.c.c.CharSequenceEncoder - [51ba9a62] Writing "992. foo bar"
03:15:02.867 [qtp1299588135-678] DEBUG o.s.c.c.CharSequenceEncoder - [51ba9a62] Writing "993. foo bar"
03:15:02.867 [qtp1299588135-678] DEBUG o.s.c.c.CharSequenceEncoder - [51ba9a62] Writing "994. foo bar"
03:15:02.867 [qtp1299588135-678] DEBUG o.s.c.c.CharSequenceEncoder - [51ba9a62] Writing "995. foo bar"
03:15:02.868 [qtp1299588135-678] DEBUG o.s.c.c.CharSequenceEncoder - [51ba9a62] Writing "996. foo bar"
03:15:02.868 [qtp1299588135-678] DEBUG o.s.c.c.CharSequenceEncoder - [51ba9a62] Writing "997. foo bar"
03:15:02.868 [qtp1299588135-678] DEBUG o.s.c.c.CharSequenceEncoder - [51ba9a62] Writing "998. foo bar"
03:15:02.868 [qtp1299588135-678] DEBUG o.s.c.c.CharSequenceEncoder - [51ba9a62] Writing "999. foo bar"
03:15:02.869 [qtp1299588135-678] ERROR o.s.w.s.a.HttpWebHandlerAdapter - [51ba9a62] Error [java.lang.RuntimeException: Random error] for HTTP GET "/SPR-16051", but ServerHttpResponse already committed (200 OK)
03:15:02.940 [qtp1299588135-678] WARN  o.e.j.s.HttpChannel - /SPR-16051
javax.servlet.ServletException: Failed to create response content
	at org.springframework.http.server.reactive.ServletHttpHandlerAdapter.service(ServletHttpHandlerAdapter.java:162) ~[spring-web-5.3.0-M1.jar:5.3.0-M1]
	at org.eclipse.jetty.servlet.ServletHolder.handle(ServletHolder.java:763) ~[jetty-servlet-9.4.30.v20200611.jar:9.4.30.v20200611]
	at org.eclipse.jetty.servlet.ServletHandler.doHandle(ServletHandler.java:551) ~[jetty-servlet-9.4.30.v20200611.jar:9.4.30.v20200611]
	at org.eclipse.jetty.server.handler.ScopedHandler.nextHandle(ScopedHandler.java:233) ~[jetty-server-9.4.30.v20200611.jar:9.4.30.v20200611]
	at org.eclipse.jetty.server.handler.ContextHandler.doHandle(ContextHandler.java:1369) ~[jetty-server-9.4.30.v20200611.jar:9.4.30.v20200611]
	at org.eclipse.jetty.server.handler.ScopedHandler.nextScope(ScopedHandler.java:188) ~[jetty-server-9.4.30.v20200611.jar:9.4.30.v20200611]
	at org.eclipse.jetty.servlet.ServletHandler.doScope(ServletHandler.java:489) ~[jetty-servlet-9.4.30.v20200611.jar:9.4.30.v20200611]
	at org.eclipse.jetty.server.handler.ScopedHandler.nextScope(ScopedHandler.java:186) ~[jetty-server-9.4.30.v20200611.jar:9.4.30.v20200611]
	at org.eclipse.jetty.server.handler.ContextHandler.doScope(ContextHandler.java:1284) ~[jetty-server-9.4.30.v20200611.jar:9.4.30.v20200611]
	at org.eclipse.jetty.server.handler.ScopedHandler.handle(ScopedHandler.java:141) ~[jetty-server-9.4.30.v20200611.jar:9.4.30.v20200611]
	at org.eclipse.jetty.server.handler.HandlerWrapper.handle(HandlerWrapper.java:127) ~[jetty-server-9.4.30.v20200611.jar:9.4.30.v20200611]
	at org.eclipse.jetty.server.Server.handleAsync(Server.java:544) ~[jetty-server-9.4.30.v20200611.jar:9.4.30.v20200611]
	at org.eclipse.jetty.server.HttpChannel.lambda$handle$2(HttpChannel.java:391) ~[jetty-server-9.4.30.v20200611.jar:9.4.30.v20200611]
	at org.eclipse.jetty.server.HttpChannel.dispatch(HttpChannel.java:556) ~[jetty-server-9.4.30.v20200611.jar:9.4.30.v20200611]
	at org.eclipse.jetty.server.HttpChannel.handle(HttpChannel.java:391) [jetty-server-9.4.30.v20200611.jar:9.4.30.v20200611]
	at org.eclipse.jetty.server.HttpConnection.onFillable(HttpConnection.java:272) [jetty-server-9.4.30.v20200611.jar:9.4.30.v20200611]
	at org.eclipse.jetty.io.AbstractConnection$ReadCallback.succeeded(AbstractConnection.java:311) [jetty-io-9.4.30.v20200611.jar:9.4.30.v20200611]
	at org.eclipse.jetty.io.FillInterest.fillable(FillInterest.java:103) [jetty-io-9.4.30.v20200611.jar:9.4.30.v20200611]
	at org.eclipse.jetty.io.ChannelEndPoint$1.run(ChannelEndPoint.java:104) [jetty-io-9.4.30.v20200611.jar:9.4.30.v20200611]
	at org.eclipse.jetty.util.thread.QueuedThreadPool.runJob(QueuedThreadPool.java:806) [jetty-util-9.4.30.v20200611.jar:9.4.30.v20200611]
	at org.eclipse.jetty.util.thread.QueuedThreadPool$Runner.run(QueuedThreadPool.java:938) [jetty-util-9.4.30.v20200611.jar:9.4.30.v20200611]
	at java.lang.Thread.run(Thread.java:748) [?:1.8.0_251]
Caused by: java.lang.RuntimeException: Random error
	at org.springframework.web.reactive.result.method.annotation.RequestMappingExceptionHandlingIntegrationTests$TestController.lambda$errors$0(RequestMappingExceptionHandlingIntegrationTests.java:154) ~[test/:?]
	Suppressed: reactor.core.publisher.FluxOnAssembly$OnAssemblyException: 
Error has been observed at the following site(s):
	|_ checkpoint ? Handler org.springframework.web.reactive.result.method.annotation.RequestMappingExceptionHandlingIntegrationTests$TestController#errors() [DispatcherHandler]
	|_ checkpoint ? HTTP GET "/SPR-16051" [ExceptionHandlingWebHandler]
Stack trace:
		at org.springframework.web.reactive.result.method.annotation.RequestMappingExceptionHandlingIntegrationTests$TestController.lambda$errors$0(RequestMappingExceptionHandlingIntegrationTests.java:154) ~[test/:?]
		at reactor.core.publisher.FluxMapFuseable$MapFuseableSubscriber.onNext(FluxMapFuseable.java:107) ~[reactor-core-3.4.0-M1.jar:3.4.0-M1]
		at reactor.core.publisher.FluxRange$RangeSubscription.slowPath(FluxRange.java:154) ~[reactor-core-3.4.0-M1.jar:3.4.0-M1]
		at reactor.core.publisher.FluxRange$RangeSubscription.request(FluxRange.java:109) ~[reactor-core-3.4.0-M1.jar:3.4.0-M1]
		at reactor.core.publisher.FluxMapFuseable$MapFuseableSubscriber.request(FluxMapFuseable.java:162) ~[reactor-core-3.4.0-M1.jar:3.4.0-M1]
		at reactor.core.publisher.FluxMapFuseable$MapFuseableSubscriber.request(FluxMapFuseable.java:162) ~[reactor-core-3.4.0-M1.jar:3.4.0-M1]
		at org.springframework.http.server.reactive.ChannelSendOperator$WriteBarrier.onSubscribe(ChannelSendOperator.java:166) ~[spring-web-5.3.0-M1.jar:5.3.0-M1]
		at reactor.core.publisher.FluxMapFuseable$MapFuseableSubscriber.onSubscribe(FluxMapFuseable.java:90) ~[reactor-core-3.4.0-M1.jar:3.4.0-M1]
		at reactor.core.publisher.FluxMapFuseable$MapFuseableSubscriber.onSubscribe(FluxMapFuseable.java:90) ~[reactor-core-3.4.0-M1.jar:3.4.0-M1]
		at reactor.core.publisher.FluxRange.subscribe(FluxRange.java:68) ~[reactor-core-3.4.0-M1.jar:3.4.0-M1]
		at reactor.core.publisher.InternalFluxOperator.subscribe(InternalFluxOperator.java:62) ~[reactor-core-3.4.0-M1.jar:3.4.0-M1]
		at org.springframework.http.server.reactive.ChannelSendOperator.subscribe(ChannelSendOperator.java:77) ~[spring-web-5.3.0-M1.jar:5.3.0-M1]
		at reactor.core.publisher.InternalMonoOperator.subscribe(InternalMonoOperator.java:64) ~[reactor-core-3.4.0-M1.jar:3.4.0-M1]
		at reactor.core.publisher.MonoFlatMap$FlatMapMain.onNext(MonoFlatMap.java:150) ~[reactor-core-3.4.0-M1.jar:3.4.0-M1]
		at reactor.core.publisher.Operators$MonoSubscriber.complete(Operators.java:1782) ~[reactor-core-3.4.0-M1.jar:3.4.0-M1]
		at reactor.core.publisher.MonoFlatMap$FlatMapInner.onNext(MonoFlatMap.java:241) ~[reactor-core-3.4.0-M1.jar:3.4.0-M1]
		at reactor.core.publisher.FluxOnErrorResume$ResumeSubscriber.onNext(FluxOnErrorResume.java:73) ~[reactor-core-3.4.0-M1.jar:3.4.0-M1]
		at reactor.core.publisher.FluxPeekFuseable$PeekFuseableSubscriber.onNext(FluxPeekFuseable.java:203) ~[reactor-core-3.4.0-M1.jar:3.4.0-M1]
		at reactor.core.publisher.FluxPeekFuseable$PeekFuseableSubscriber.onNext(FluxPeekFuseable.java:203) ~[reactor-core-3.4.0-M1.jar:3.4.0-M1]
		at reactor.core.publisher.Operators$MonoSubscriber.complete(Operators.java:1782) ~[reactor-core-3.4.0-M1.jar:3.4.0-M1]
		at reactor.core.publisher.MonoIgnoreThen$ThenAcceptInner.onNext(MonoIgnoreThen.java:296) ~[reactor-core-3.4.0-M1.jar:3.4.0-M1]
		at reactor.core.publisher.Operators$ScalarSubscription.request(Operators.java:2344) ~[reactor-core-3.4.0-M1.jar:3.4.0-M1]
		at reactor.core.publisher.MonoIgnoreThen$ThenAcceptInner.onSubscribe(MonoIgnoreThen.java:285) ~[reactor-core-3.4.0-M1.jar:3.4.0-M1]
		at reactor.core.publisher.FluxFlatMap.trySubscribeScalarMap(FluxFlatMap.java:191) ~[reactor-core-3.4.0-M1.jar:3.4.0-M1]
		at reactor.core.publisher.MonoFlatMap.subscribeOrReturn(MonoFlatMap.java:53) ~[reactor-core-3.4.0-M1.jar:3.4.0-M1]
		at reactor.core.publisher.InternalMonoOperator.subscribe(InternalMonoOperator.java:57) ~[reactor-core-3.4.0-M1.jar:3.4.0-M1]
		at reactor.core.publisher.MonoDefer.subscribe(MonoDefer.java:52) ~[reactor-core-3.4.0-M1.jar:3.4.0-M1]
		at reactor.core.publisher.MonoIgnoreThen$ThenIgnoreMain.drain(MonoIgnoreThen.java:153) ~[reactor-core-3.4.0-M1.jar:3.4.0-M1]
		at reactor.core.publisher.MonoIgnoreThen.subscribe(MonoIgnoreThen.java:56) ~[reactor-core-3.4.0-M1.jar:3.4.0-M1]
		at reactor.core.publisher.InternalMonoOperator.subscribe(InternalMonoOperator.java:64) ~[reactor-core-3.4.0-M1.jar:3.4.0-M1]
		at reactor.core.publisher.MonoFlatMap$FlatMapMain.onNext(MonoFlatMap.java:150) ~[reactor-core-3.4.0-M1.jar:3.4.0-M1]
		at reactor.core.publisher.FluxSwitchIfEmpty$SwitchIfEmptySubscriber.onNext(FluxSwitchIfEmpty.java:67) ~[reactor-core-3.4.0-M1.jar:3.4.0-M1]
		at reactor.core.publisher.MonoNext$NextSubscriber.onNext(MonoNext.java:76) ~[reactor-core-3.4.0-M1.jar:3.4.0-M1]
		at reactor.core.publisher.FluxConcatMap$ConcatMapImmediate.innerNext(FluxConcatMap.java:274) ~[reactor-core-3.4.0-M1.jar:3.4.0-M1]
		at reactor.core.publisher.FluxConcatMap$ConcatMapInner.onNext(FluxConcatMap.java:851) ~[reactor-core-3.4.0-M1.jar:3.4.0-M1]
		at reactor.core.publisher.FluxMapFuseable$MapFuseableSubscriber.onNext(FluxMapFuseable.java:121) ~[reactor-core-3.4.0-M1.jar:3.4.0-M1]
		at reactor.core.publisher.MonoPeekTerminal$MonoTerminalPeekSubscriber.onNext(MonoPeekTerminal.java:173) ~[reactor-core-3.4.0-M1.jar:3.4.0-M1]
		at reactor.core.publisher.Operators$ScalarSubscription.request(Operators.java:2344) ~[reactor-core-3.4.0-M1.jar:3.4.0-M1]
		at reactor.core.publisher.MonoPeekTerminal$MonoTerminalPeekSubscriber.request(MonoPeekTerminal.java:132) ~[reactor-core-3.4.0-M1.jar:3.4.0-M1]
		at reactor.core.publisher.FluxMapFuseable$MapFuseableSubscriber.request(FluxMapFuseable.java:162) ~[reactor-core-3.4.0-M1.jar:3.4.0-M1]
		at reactor.core.publisher.Operators$MultiSubscriptionSubscriber.set(Operators.java:2152) ~[reactor-core-3.4.0-M1.jar:3.4.0-M1]
		at reactor.core.publisher.Operators$MultiSubscriptionSubscriber.onSubscribe(Operators.java:2026) ~[reactor-core-3.4.0-M1.jar:3.4.0-M1]
		at reactor.core.publisher.FluxMapFuseable$MapFuseableSubscriber.onSubscribe(FluxMapFuseable.java:90) ~[reactor-core-3.4.0-M1.jar:3.4.0-M1]
		at reactor.core.publisher.MonoPeekTerminal$MonoTerminalPeekSubscriber.onSubscribe(MonoPeekTerminal.java:145) ~[reactor-core-3.4.0-M1.jar:3.4.0-M1]
		at reactor.core.publisher.MonoJust.subscribe(MonoJust.java:54) ~[reactor-core-3.4.0-M1.jar:3.4.0-M1]
		at reactor.core.publisher.Mono.subscribe(Mono.java:4219) ~[reactor-core-3.4.0-M1.jar:3.4.0-M1]
		at reactor.core.publisher.FluxConcatMap$ConcatMapImmediate.drain(FluxConcatMap.java:441) ~[reactor-core-3.4.0-M1.jar:3.4.0-M1]
		at reactor.core.publisher.FluxConcatMap$ConcatMapImmediate.onSubscribe(FluxConcatMap.java:211) ~[reactor-core-3.4.0-M1.jar:3.4.0-M1]
		at reactor.core.publisher.FluxIterable.subscribe(FluxIterable.java:161) ~[reactor-core-3.4.0-M1.jar:3.4.0-M1]
		at reactor.core.publisher.FluxIterable.subscribe(FluxIterable.java:86) ~[reactor-core-3.4.0-M1.jar:3.4.0-M1]
		at reactor.core.publisher.InternalMonoOperator.subscribe(InternalMonoOperator.java:64) ~[reactor-core-3.4.0-M1.jar:3.4.0-M1]
		at reactor.core.publisher.MonoDefer.subscribe(MonoDefer.java:52) ~[reactor-core-3.4.0-M1.jar:3.4.0-M1]
		at reactor.core.publisher.Mono.subscribe(Mono.java:4219) ~[reactor-core-3.4.0-M1.jar:3.4.0-M1]
		at reactor.core.publisher.MonoIgnoreThen$ThenIgnoreMain.drain(MonoIgnoreThen.java:172) ~[reactor-core-3.4.0-M1.jar:3.4.0-M1]
		at reactor.core.publisher.MonoIgnoreThen.subscribe(MonoIgnoreThen.java:56) ~[reactor-core-3.4.0-M1.jar:3.4.0-M1]
		at reactor.core.publisher.Mono.subscribe(Mono.java:4219) ~[reactor-core-3.4.0-M1.jar:3.4.0-M1]
		at org.springframework.http.server.reactive.ServletHttpHandlerAdapter.service(ServletHttpHandlerAdapter.java:192) ~[spring-web-5.3.0-M1.jar:5.3.0-M1]
		at org.eclipse.jetty.servlet.ServletHolder.handle(ServletHolder.java:763) ~[jetty-servlet-9.4.30.v20200611.jar:9.4.30.v20200611]
		at org.eclipse.jetty.servlet.ServletHandler.doHandle(ServletHandler.java:551) ~[jetty-servlet-9.4.30.v20200611.jar:9.4.30.v20200611]
		at org.eclipse.jetty.server.handler.ScopedHandler.nextHandle(ScopedHandler.java:233) ~[jetty-server-9.4.30.v20200611.jar:9.4.30.v20200611]
		at org.eclipse.jetty.server.handler.ContextHandler.doHandle(ContextHandler.java:1369) ~[jetty-server-9.4.30.v20200611.jar:9.4.30.v20200611]
		at org.eclipse.jetty.server.handler.ScopedHandler.nextScope(ScopedHandler.java:188) ~[jetty-server-9.4.30.v20200611.jar:9.4.30.v20200611]
		at org.eclipse.jetty.servlet.ServletHandler.doScope(ServletHandler.java:489) ~[jetty-servlet-9.4.30.v20200611.jar:9.4.30.v20200611]
		at org.eclipse.jetty.server.handler.ScopedHandler.nextScope(ScopedHandler.java:186) ~[jetty-server-9.4.30.v20200611.jar:9.4.30.v20200611]
		at org.eclipse.jetty.server.handler.ContextHandler.doScope(ContextHandler.java:1284) ~[jetty-server-9.4.30.v20200611.jar:9.4.30.v20200611]
		at org.eclipse.jetty.server.handler.ScopedHandler.handle(ScopedHandler.java:141) ~[jetty-server-9.4.30.v20200611.jar:9.4.30.v20200611]
		at org.eclipse.jetty.server.handler.HandlerWrapper.handle(HandlerWrapper.java:127) ~[jetty-server-9.4.30.v20200611.jar:9.4.30.v20200611]
		at org.eclipse.jetty.server.Server.handle(Server.java:501) ~[jetty-server-9.4.30.v20200611.jar:9.4.30.v20200611]
		at org.eclipse.jetty.server.HttpChannel.lambda$handle$1(HttpChannel.java:383) ~[jetty-server-9.4.30.v20200611.jar:9.4.30.v20200611]
		at org.eclipse.jetty.server.HttpChannel.dispatch(HttpChannel.java:556) ~[jetty-server-9.4.30.v20200611.jar:9.4.30.v20200611]
		at org.eclipse.jetty.server.HttpChannel.handle(HttpChannel.java:375) [jetty-server-9.4.30.v20200611.jar:9.4.30.v20200611]
		at org.eclipse.jetty.server.HttpConnection.onFillable(HttpConnection.java:272) [jetty-server-9.4.30.v20200611.jar:9.4.30.v20200611]
		at org.eclipse.jetty.io.AbstractConnection$ReadCallback.succeeded(AbstractConnection.java:311) [jetty-io-9.4.30.v20200611.jar:9.4.30.v20200611]
		at org.eclipse.jetty.io.FillInterest.fillable(FillInterest.java:103) [jetty-io-9.4.30.v20200611.jar:9.4.30.v20200611]
		at org.eclipse.jetty.io.ChannelEndPoint$1.run(ChannelEndPoint.java:104) [jetty-io-9.4.30.v20200611.jar:9.4.30.v20200611]
		at org.eclipse.jetty.util.thread.QueuedThreadPool.runJob(QueuedThreadPool.java:806) [jetty-util-9.4.30.v20200611.jar:9.4.30.v20200611]
		at org.eclipse.jetty.util.thread.QueuedThreadPool$Runner.run(QueuedThreadPool.java:938) [jetty-util-9.4.30.v20200611.jar:9.4.30.v20200611]
		at java.lang.Thread.run(Thread.java:748) [?:1.8.0_251]
03:15:02.949 [Test worker] DEBUG o.s.w.t.h.s.r.b.JettyHttpServer - Stopping JettyHttpServer...
03:15:02.950 [Test worker] INFO  o.e.j.s.h.ContextHandler - Stopped o.e.j.s.ServletContextHandler@134efab3{/,null,UNAVAILABLE}
03:15:02.953 [Test worker] INFO  o.e.j.s.AbstractConnector - Stopped ServerConnector@761e826e{HTTP/1.1, (http/1.1)}{0.0.0.0:0}
03:15:02.955 [Test worker] DEBUG o.s.w.t.h.s.r.b.JettyHttpServer - Server stopped (0 millis).
03:15:03.111 [Test worker] DEBUG o.s.w.r.r.m.a.RequestMappingHandlerMapping - 6 mappings in 'requestMappingHandlerMapping'
03:15:03.324 [Test worker] DEBUG o.s.w.r.r.m.a.ControllerMethodResolver - ControllerAdvice beans: none
03:15:03.434 [Test worker] DEBUG o.s.w.s.a.HttpWebHandlerAdapter - enableLoggingRequestDetails='false': form data and headers will be masked to prevent unsafe logging of potentially sensitive data
03:15:03.435 [Test worker] DEBUG o.s.w.t.h.s.r.b.ReactorHttpServer - Starting ReactorHttpServer...
03:15:03.442 [Test worker] DEBUG o.s.w.t.h.s.r.b.ReactorHttpServer - Server started on port 55279(0 millis).
03:15:03.444 [Test worker] DEBUG o.s.w.c.RestTemplate - HTTP GET http://localhost:55279/SPR-16051
03:15:03.448 [Test worker] DEBUG o.s.w.c.RestTemplate - Accept=[text/plain, application/json, application/x-jackson-smile, application/*+json, */*]
03:15:03.518 [reactor-http-nio-2] DEBUG o.s.w.s.a.HttpWebHandlerAdapter - [b88b3884-15] HTTP GET "/SPR-16051"
03:15:03.519 [reactor-http-nio-2] DEBUG o.s.w.r.r.m.a.RequestMappingHandlerMapping - [b88b3884-15] Mapped to org.springframework.web.reactive.result.method.annotation.RequestMappingExceptionHandlingIntegrationTests$TestController#errors()
03:15:03.520 [reactor-http-nio-2] DEBUG o.s.w.r.r.m.a.ResponseBodyResultHandler - Using 'text/plain;charset=UTF-8' given [text/plain, application/json, application/x-jackson-smile, application/*+json, */*] and supported [text/plain;charset=UTF-8, text/event-stream, text/plain;charset=UTF-8, */*]
03:15:03.520 [reactor-http-nio-2] DEBUG o.s.w.r.r.m.a.ResponseBodyResultHandler - [b88b3884-15] 0..N [java.lang.String]
03:15:03.520 [reactor-http-nio-2] DEBUG o.s.c.c.CharSequenceEncoder - [b88b3884-15] Writing "1. foo bar"
03:15:03.521 [Test worker] DEBUG o.s.w.c.RestTemplate - Response 200 OK
03:15:03.522 [reactor-http-nio-2] DEBUG o.s.c.c.CharSequenceEncoder - [b88b3884-15] Writing "2. foo bar"
03:15:03.523 [reactor-http-nio-2] DEBUG o.s.c.c.CharSequenceEncoder - [b88b3884-15] Writing "3. foo bar"
03:15:03.523 [reactor-http-nio-2] DEBUG o.s.c.c.CharSequenceEncoder - [b88b3884-15] Writing "4. foo bar"
03:15:03.523 [reactor-http-nio-2] DEBUG o.s.c.c.CharSequenceEncoder - [b88b3884-15] Writing "5. foo bar"
03:15:03.524 [reactor-http-nio-2] DEBUG o.s.c.c.CharSequenceEncoder - [b88b3884-15] Writing "6. foo bar"
03:15:03.524 [reactor-http-nio-2] DEBUG o.s.c.c.CharSequenceEncoder - [b88b3884-15] Writing "7. foo bar"
03:15:03.525 [reactor-http-nio-2] DEBUG o.s.c.c.CharSequenceEncoder - [b88b3884-15] Writing "8. foo bar"
03:15:03.526 [reactor-http-nio-2] DEBUG o.s.c.c.CharSequenceEncoder - [b88b3884-15] Writing "9. foo bar"
03:15:03.526 [reactor-http-nio-2] DEBUG o.s.c.c.CharSequenceEncoder - [b88b3884-15] Writing "10. foo bar"
03:15:03.526 [reactor-http-nio-2] DEBUG o.s.c.c.CharSequenceEncoder - [b88b3884-15] Writing "11. foo bar"
03:15:03.527 [reactor-http-nio-2] DEBUG o.s.c.c.CharSequenceEncoder - [b88b3884-15] Writing "12. foo bar"
03:15:03.527 [reactor-http-nio-2] DEBUG o.s.c.c.CharSequenceEncoder - [b88b3884-15] Writing "13. foo bar"
03:15:03.528 [reactor-http-nio-2] DEBUG o.s.c.c.CharSequenceEncoder - [b88b3884-15] Writing "14. foo bar"
03:15:03.528 [reactor-http-nio-2] DEBUG o.s.c.c.CharSequenceEncoder - [b88b3884-15] Writing "15. foo bar"
03:15:03.528 [reactor-http-nio-2] DEBUG o.s.c.c.CharSequenceEncoder - [b88b3884-15] Writing "16. foo bar"
03:15:03.529 [reactor-http-nio-2] DEBUG o.s.c.c.CharSequenceEncoder - [b88b3884-15] Writing "17. foo bar"
03:15:03.529 [reactor-http-nio-2] DEBUG o.s.c.c.CharSequenceEncoder - [b88b3884-15] Writing "18. foo bar"
03:15:03.530 [reactor-http-nio-2] DEBUG o.s.c.c.CharSequenceEncoder - [b88b3884-15] Writing "19. foo bar"
03:15:03.530 [reactor-http-nio-2] DEBUG o.s.c.c.CharSequenceEncoder - [b88b3884-15] Writing "20. foo bar"
03:15:03.531 [reactor-http-nio-2] DEBUG o.s.c.c.CharSequenceEncoder - [b88b3884-15] Writing "21. foo bar"
03:15:03.531 [reactor-http-nio-2] DEBUG o.s.c.c.CharSequenceEncoder - [b88b3884-15] Writing "22. foo bar"
03:15:03.532 [reactor-http-nio-2] DEBUG o.s.c.c.CharSequenceEncoder - [b88b3884-15] Writing "23. foo bar"
03:15:03.532 [reactor-http-nio-2] DEBUG o.s.c.c.CharSequenceEncoder - [b88b3884-15] Writing "24. foo bar"
03:15:03.533 [reactor-http-nio-2] DEBUG o.s.c.c.CharSequenceEncoder - [b88b3884-15] Writing "25. foo bar"
03:15:03.533 [reactor-http-nio-2] DEBUG o.s.c.c.CharSequenceEncoder - [b88b3884-15] Writing "26. foo bar"
03:15:03.533 [reactor-http-nio-2] DEBUG o.s.c.c.CharSequenceEncoder - [b88b3884-15] Writing "27. foo bar"
03:15:03.536 [reactor-http-nio-2] DEBUG o.s.c.c.CharSequenceEncoder - [b88b3884-15] Writing "28. foo bar"
03:15:03.537 [reactor-http-nio-2] DEBUG o.s.c.c.CharSequenceEncoder - [b88b3884-15] Writing "29. foo bar"
03:15:03.537 [reactor-http-nio-2] DEBUG o.s.c.c.CharSequenceEncoder - [b88b3884-15] Writing "30. foo bar"
03:15:03.538 [reactor-http-nio-2] DEBUG o.s.c.c.CharSequenceEncoder - [b88b3884-15] Writing "31. foo bar"
03:15:03.538 [reactor-http-nio-2] DEBUG o.s.c.c.CharSequenceEncoder - [b88b3884-15] Writing "32. foo bar"
03:15:03.538 [reactor-http-nio-2] DEBUG o.s.c.c.CharSequenceEncoder - [b88b3884-15] Writing "33. foo bar"
03:15:03.539 [reactor-http-nio-2] DEBUG o.s.c.c.CharSequenceEncoder - [b88b3884-15] Writing "34. foo bar"
03:15:03.539 [reactor-http-nio-2] DEBUG o.s.c.c.CharSequenceEncoder - [b88b3884-15] Writing "35. foo bar"
03:15:03.539 [reactor-http-nio-2] DEBUG o.s.c.c.CharSequenceEncoder - [b88b3884-15] Writing "36. foo bar"
03:15:03.540 [reactor-http-nio-2] DEBUG o.s.c.c.CharSequenceEncoder - [b88b3884-15] Writing "37. foo bar"
03:15:03.540 [reactor-http-nio-2] DEBUG o.s.c.c.CharSequenceEncoder - [b88b3884-15] Writing "38. foo bar"
03:15:03.540 [reactor-http-nio-2] DEBUG o.s.c.c.CharSequenceEncoder - [b88b3884-15] Writing "39. foo bar"
03:15:03.541 [reactor-http-nio-2] DEBUG o.s.c.c.CharSequenceEncoder - [b88b3884-15] Writing "40. foo bar"
03:15:03.541 [reactor-http-nio-2] DEBUG o.s.c.c.CharSequenceEncoder - [b88b3884-15] Writing "41. foo bar"
03:15:03.542 [reactor-http-nio-2] DEBUG o.s.c.c.CharSequenceEncoder - [b88b3884-15] Writing "42. foo bar"
03:15:03.542 [reactor-http-nio-2] DEBUG o.s.c.c.CharSequenceEncoder - [b88b3884-15] Writing "43. foo bar"
03:15:03.542 [reactor-http-nio-2] DEBUG o.s.c.c.CharSequenceEncoder - [b88b3884-15] Writing "44. foo bar"
03:15:03.543 [reactor-http-nio-2] DEBUG o.s.c.c.CharSequenceEncoder - [b88b3884-15] Writing "45. foo bar"
03:15:03.543 [reactor-http-nio-2] DEBUG o.s.c.c.CharSequenceEncoder - [b88b3884-15] Writing "46. foo bar"
03:15:03.543 [reactor-http-nio-2] DEBUG o.s.c.c.CharSequenceEncoder - [b88b3884-15] Writing "47. foo bar"
03:15:03.544 [reactor-http-nio-2] DEBUG o.s.c.c.CharSequenceEncoder - [b88b3884-15] Writing "48. foo bar"
03:15:03.545 [reactor-http-nio-2] DEBUG o.s.c.c.CharSequenceEncoder - [b88b3884-15] Writing "49. foo bar"
03:15:03.545 [reactor-http-nio-2] DEBUG o.s.c.c.CharSequenceEncoder - [b88b3884-15] Writing "50. foo bar"
03:15:03.546 [reactor-http-nio-2] DEBUG o.s.c.c.CharSequenceEncoder - [b88b3884-15] Writing "51. foo bar"
03:15:03.546 [reactor-http-nio-2] DEBUG o.s.c.c.CharSequenceEncoder - [b88b3884-15] Writing "52. foo bar"
03:15:03.547 [reactor-http-nio-2] DEBUG o.s.c.c.CharSequenceEncoder - [b88b3884-15] Writing "53. foo bar"
03:15:03.547 [reactor-http-nio-2] DEBUG o.s.c.c.CharSequenceEncoder - [b88b3884-15] Writing "54. foo bar"
03:15:03.547 [reactor-http-nio-2] DEBUG o.s.c.c.CharSequenceEncoder - [b88b3884-15] Writing "55. foo bar"
03:15:03.548 [reactor-http-nio-2] DEBUG o.s.c.c.CharSequenceEncoder - [b88b3884-15] Writing "56. foo bar"
03:15:03.548 [reactor-http-nio-2] DEBUG o.s.c.c.CharSequenceEncoder - [b88b3884-15] Writing "57. foo bar"
03:15:03.550 [reactor-http-nio-2] DEBUG o.s.c.c.CharSequenceEncoder - [b88b3884-15] Writing "58. foo bar"
03:15:03.550 [reactor-http-nio-2] DEBUG o.s.c.c.CharSequenceEncoder - [b88b3884-15] Writing "59. foo bar"
03:15:03.551 [reactor-http-nio-2] DEBUG o.s.c.c.CharSequenceEncoder - [b88b3884-15] Writing "60. foo bar"
03:15:03.551 [reactor-http-nio-2] DEBUG o.s.c.c.CharSequenceEncoder - [b88b3884-15] Writing "61. foo bar"
03:15:03.552 [reactor-http-nio-2] DEBUG o.s.c.c.CharSequenceEncoder - [b88b3884-15] Writing "62. foo bar"
03:15:03.552 [reactor-http-nio-2] DEBUG o.s.c.c.CharSequenceEncoder - [b88b3884-15] Writing "63. foo bar"
03:15:03.552 [reactor-http-nio-2] DEBUG o.s.c.c.CharSequenceEncoder - [b88b3884-15] Writing "64. foo bar"
03:15:03.553 [reactor-http-nio-2] DEBUG o.s.c.c.CharSequenceEncoder - [b88b3884-15] Writing "65. foo bar"
03:15:03.553 [reactor-http-nio-2] DEBUG o.s.c.c.CharSequenceEncoder - [b88b3884-15] Writing "66. foo bar"
03:15:03.553 [reactor-http-nio-2] DEBUG o.s.c.c.CharSequenceEncoder - [b88b3884-15] Writing "67. foo bar"
03:15:03.554 [reactor-http-nio-2] DEBUG o.s.c.c.CharSequenceEncoder - [b88b3884-15] Writing "68. foo bar"
03:15:03.554 [reactor-http-nio-2] DEBUG o.s.c.c.CharSequenceEncoder - [b88b3884-15] Writing "69. foo bar"
03:15:03.554 [reactor-http-nio-2] DEBUG o.s.c.c.CharSequenceEncoder - [b88b3884-15] Writing "70. foo bar"
03:15:03.554 [reactor-http-nio-2] DEBUG o.s.c.c.CharSequenceEncoder - [b88b3884-15] Writing "71. foo bar"
03:15:03.555 [reactor-http-nio-2] DEBUG o.s.c.c.CharSequenceEncoder - [b88b3884-15] Writing "72. foo bar"
03:15:03.555 [reactor-http-nio-2] DEBUG o.s.c.c.CharSequenceEncoder - [b88b3884-15] Writing "73. foo bar"
03:15:03.555 [reactor-http-nio-2] DEBUG o.s.c.c.CharSequenceEncoder - [b88b3884-15] Writing "74. foo bar"
03:15:03.562 [reactor-http-nio-2] DEBUG o.s.c.c.CharSequenceEncoder - [b88b3884-15] Writing "75. foo bar"
03:15:03.563 [reactor-http-nio-2] DEBUG o.s.c.c.CharSequenceEncoder - [b88b3884-15] Writing "76. foo bar"
03:15:03.564 [reactor-http-nio-2] DEBUG o.s.c.c.CharSequenceEncoder - [b88b3884-15] Writing "77. foo bar"
03:15:03.564 [reactor-http-nio-2] DEBUG o.s.c.c.CharSequenceEncoder - [b88b3884-15] Writing "78. foo bar"
03:15:03.565 [reactor-http-nio-2] DEBUG o.s.c.c.CharSequenceEncoder - [b88b3884-15] Writing "79. foo bar"
03:15:03.567 [reactor-http-nio-2] DEBUG o.s.c.c.CharSequenceEncoder - [b88b3884-15] Writing "80. foo bar"
03:15:03.568 [reactor-http-nio-2] DEBUG o.s.c.c.CharSequenceEncoder - [b88b3884-15] Writing "81. foo bar"
03:15:03.568 [reactor-http-nio-2] DEBUG o.s.c.c.CharSequenceEncoder - [b88b3884-15] Writing "82. foo bar"
03:15:03.568 [reactor-http-nio-2] DEBUG o.s.c.c.CharSequenceEncoder - [b88b3884-15] Writing "83. foo bar"
03:15:03.569 [reactor-http-nio-2] DEBUG o.s.c.c.CharSequenceEncoder - [b88b3884-15] Writing "84. foo bar"
03:15:03.569 [reactor-http-nio-2] DEBUG o.s.c.c.CharSequenceEncoder - [b88b3884-15] Writing "85. foo bar"
03:15:03.570 [reactor-http-nio-2] DEBUG o.s.c.c.CharSequenceEncoder - [b88b3884-15] Writing "86. foo bar"
03:15:03.571 [reactor-http-nio-2] DEBUG o.s.c.c.CharSequenceEncoder - [b88b3884-15] Writing "87. foo bar"
03:15:03.571 [reactor-http-nio-2] DEBUG o.s.c.c.CharSequenceEncoder - [b88b3884-15] Writing "88. foo bar"
03:15:03.572 [reactor-http-nio-2] DEBUG o.s.c.c.CharSequenceEncoder - [b88b3884-15] Writing "89. foo bar"
03:15:03.573 [reactor-http-nio-2] DEBUG o.s.c.c.CharSequenceEncoder - [b88b3884-15] Writing "90. foo bar"
03:15:03.573 [reactor-http-nio-2] DEBUG o.s.c.c.CharSequenceEncoder - [b88b3884-15] Writing "91. foo bar"
03:15:03.573 [reactor-http-nio-2] DEBUG o.s.c.c.CharSequenceEncoder - [b88b3884-15] Writing "92. foo bar"
03:15:03.574 [reactor-http-nio-2] DEBUG o.s.c.c.CharSequenceEncoder - [b88b3884-15] Writing "93. foo bar"
03:15:03.574 [reactor-http-nio-2] DEBUG o.s.c.c.CharSequenceEncoder - [b88b3884-15] Writing "94. foo bar"
03:15:03.574 [reactor-http-nio-2] DEBUG o.s.c.c.CharSequenceEncoder - [b88b3884-15] Writing "95. foo bar"
03:15:03.575 [reactor-http-nio-2] DEBUG o.s.c.c.CharSequenceEncoder - [b88b3884-15] Writing "96. foo bar"
03:15:03.575 [reactor-http-nio-2] DEBUG o.s.c.c.CharSequenceEncoder - [b88b3884-15] Writing "97. foo bar"
03:15:03.575 [reactor-http-nio-2] DEBUG o.s.c.c.CharSequenceEncoder - [b88b3884-15] Writing "98. foo bar"
03:15:03.576 [reactor-http-nio-2] DEBUG o.s.c.c.CharSequenceEncoder - [b88b3884-15] Writing "99. foo bar"
03:15:03.576 [reactor-http-nio-2] DEBUG o.s.c.c.CharSequenceEncoder - [b88b3884-15] Writing "100. foo bar"
03:15:03.577 [reactor-http-nio-2] DEBUG o.s.c.c.CharSequenceEncoder - [b88b3884-15] Writing "101. foo bar"
03:15:03.579 [reactor-http-nio-2] DEBUG o.s.c.c.CharSequenceEncoder - [b88b3884-15] Writing "102. foo bar"
03:15:03.581 [reactor-http-nio-2] DEBUG o.s.c.c.CharSequenceEncoder - [b88b3884-15] Writing "103. foo bar"
03:15:03.582 [reactor-http-nio-2] DEBUG o.s.c.c.CharSequenceEncoder - [b88b3884-15] Writing "104. foo bar"
03:15:03.583 [reactor-http-nio-2] DEBUG o.s.c.c.CharSequenceEncoder - [b88b3884-15] Writing "105. foo bar"
03:15:03.584 [reactor-http-nio-2] DEBUG o.s.c.c.CharSequenceEncoder - [b88b3884-15] Writing "106. foo bar"
03:15:03.585 [reactor-http-nio-2] DEBUG o.s.c.c.CharSequenceEncoder - [b88b3884-15] Writing "107. foo bar"
03:15:03.586 [reactor-http-nio-2] DEBUG o.s.c.c.CharSequenceEncoder - [b88b3884-15] Writing "108. foo bar"
03:15:03.587 [reactor-http-nio-2] DEBUG o.s.c.c.CharSequenceEncoder - [b88b3884-15] Writing "109. foo bar"
03:15:03.587 [reactor-http-nio-2] DEBUG o.s.c.c.CharSequenceEncoder - [b88b3884-15] Writing "110. foo bar"
03:15:03.588 [reactor-http-nio-2] DEBUG o.s.c.c.CharSequenceEncoder - [b88b3884-15] Writing "111. foo bar"
03:15:03.588 [reactor-http-nio-2] DEBUG o.s.c.c.CharSequenceEncoder - [b88b3884-15] Writing "112. foo bar"
03:15:03.590 [reactor-http-nio-2] DEBUG o.s.c.c.CharSequenceEncoder - [b88b3884-15] Writing "113. foo bar"
03:15:03.591 [reactor-http-nio-2] DEBUG o.s.c.c.CharSequenceEncoder - [b88b3884-15] Writing "114. foo bar"
03:15:03.593 [reactor-http-nio-2] DEBUG o.s.c.c.CharSequenceEncoder - [b88b3884-15] Writing "115. foo bar"
03:15:03.594 [reactor-http-nio-2] DEBUG o.s.c.c.CharSequenceEncoder - [b88b3884-15] Writing "116. foo bar"
03:15:03.595 [reactor-http-nio-2] DEBUG o.s.c.c.CharSequenceEncoder - [b88b3884-15] Writing "117. foo bar"
03:15:03.596 [reactor-http-nio-2] DEBUG o.s.c.c.CharSequenceEncoder - [b88b3884-15] Writing "118. foo bar"
03:15:03.596 [reactor-http-nio-2] DEBUG o.s.c.c.CharSequenceEncoder - [b88b3884-15] Writing "119. foo bar"
03:15:03.596 [reactor-http-nio-2] DEBUG o.s.c.c.CharSequenceEncoder - [b88b3884-15] Writing "120. foo bar"
03:15:03.597 [reactor-http-nio-2] DEBUG o.s.c.c.CharSequenceEncoder - [b88b3884-15] Writing "121. foo bar"
03:15:03.597 [reactor-http-nio-2] DEBUG o.s.c.c.CharSequenceEncoder - [b88b3884-15] Writing "122. foo bar"
03:15:03.597 [reactor-http-nio-2] DEBUG o.s.c.c.CharSequenceEncoder - [b88b3884-15] Writing "123. foo bar"
03:15:03.598 [reactor-http-nio-2] DEBUG o.s.c.c.CharSequenceEncoder - [b88b3884-15] Writing "124. foo bar"
03:15:03.598 [reactor-http-nio-2] DEBUG o.s.c.c.CharSequenceEncoder - [b88b3884-15] Writing "125. foo bar"
03:15:03.598 [reactor-http-nio-2] DEBUG o.s.c.c.CharSequenceEncoder - [b88b3884-15] Writing "126. foo bar"
03:15:03.599 [reactor-http-nio-2] DEBUG o.s.c.c.CharSequenceEncoder - [b88b3884-15] Writing "127. foo bar"
03:15:03.599 [reactor-http-nio-2] DEBUG o.s.c.c.CharSequenceEncoder - [b88b3884-15] Writing "128. foo bar"
03:15:03.605 [Test worker] DEBUG o.s.w.c.RestTemplate - Reading to [java.lang.String] as "text/plain;charset=UTF-8"
03:15:03.709 [reactor-http-nio-2] DEBUG o.s.c.c.CharSequenceEncoder - [b88b3884-15] Writing "129. foo bar"
03:15:03.709 [reactor-http-nio-2] DEBUG o.s.c.c.CharSequenceEncoder - [b88b3884-15] Writing "130. foo bar"
03:15:03.710 [reactor-http-nio-2] DEBUG o.s.c.c.CharSequenceEncoder - [b88b3884-15] Writing "131. foo bar"
03:15:03.710 [reactor-http-nio-2] DEBUG o.s.c.c.CharSequenceEncoder - [b88b3884-15] Writing "132. foo bar"
03:15:03.711 [reactor-http-nio-2] DEBUG o.s.c.c.CharSequenceEncoder - [b88b3884-15] Writing "133. foo bar"
03:15:03.711 [reactor-http-nio-2] DEBUG o.s.c.c.CharSequenceEncoder - [b88b3884-15] Writing "134. foo bar"
03:15:03.711 [reactor-http-nio-2] DEBUG o.s.c.c.CharSequenceEncoder - [b88b3884-15] Writing "135. foo bar"
03:15:03.712 [reactor-http-nio-2] DEBUG o.s.c.c.CharSequenceEncoder - [b88b3884-15] Writing "136. foo bar"
03:15:03.712 [reactor-http-nio-2] DEBUG o.s.c.c.CharSequenceEncoder - [b88b3884-15] Writing "137. foo bar"
03:15:03.712 [reactor-http-nio-2] DEBUG o.s.c.c.CharSequenceEncoder - [b88b3884-15] Writing "138. foo bar"
03:15:03.712 [reactor-http-nio-2] DEBUG o.s.c.c.CharSequenceEncoder - [b88b3884-15] Writing "139. foo bar"
03:15:03.713 [reactor-http-nio-2] DEBUG o.s.c.c.CharSequenceEncoder - [b88b3884-15] Writing "140. foo bar"
03:15:03.713 [reactor-http-nio-2] DEBUG o.s.c.c.CharSequenceEncoder - [b88b3884-15] Writing "141. foo bar"
03:15:03.713 [reactor-http-nio-2] DEBUG o.s.c.c.CharSequenceEncoder - [b88b3884-15] Writing "142. foo bar"
03:15:03.713 [reactor-http-nio-2] DEBUG o.s.c.c.CharSequenceEncoder - [b88b3884-15] Writing "143. foo bar"
03:15:03.714 [reactor-http-nio-2] DEBUG o.s.c.c.CharSequenceEncoder - [b88b3884-15] Writing "144. foo bar"
03:15:03.714 [reactor-http-nio-2] DEBUG o.s.c.c.CharSequenceEncoder - [b88b3884-15] Writing "145. foo bar"
03:15:03.714 [reactor-http-nio-2] DEBUG o.s.c.c.CharSequenceEncoder - [b88b3884-15] Writing "146. foo bar"
03:15:03.714 [reactor-http-nio-2] DEBUG o.s.c.c.CharSequenceEncoder - [b88b3884-15] Writing "147. foo bar"
03:15:03.715 [reactor-http-nio-2] DEBUG o.s.c.c.CharSequenceEncoder - [b88b3884-15] Writing "148. foo bar"
03:15:03.715 [reactor-http-nio-2] DEBUG o.s.c.c.CharSequenceEncoder - [b88b3884-15] Writing "149. foo bar"
03:15:03.716 [reactor-http-nio-2] DEBUG o.s.c.c.CharSequenceEncoder - [b88b3884-15] Writing "150. foo bar"
03:15:03.717 [reactor-http-nio-2] DEBUG o.s.c.c.CharSequenceEncoder - [b88b3884-15] Writing "151. foo bar"
03:15:03.718 [reactor-http-nio-2] DEBUG o.s.c.c.CharSequenceEncoder - [b88b3884-15] Writing "152. foo bar"
03:15:03.718 [reactor-http-nio-2] DEBUG o.s.c.c.CharSequenceEncoder - [b88b3884-15] Writing "153. foo bar"
03:15:03.718 [reactor-http-nio-2] DEBUG o.s.c.c.CharSequenceEncoder - [b88b3884-15] Writing "154. foo bar"
03:15:03.719 [reactor-http-nio-2] DEBUG o.s.c.c.CharSequenceEncoder - [b88b3884-15] Writing "155. foo bar"
03:15:03.719 [reactor-http-nio-2] DEBUG o.s.c.c.CharSequenceEncoder - [b88b3884-15] Writing "156. foo bar"
03:15:03.719 [reactor-http-nio-2] DEBUG o.s.c.c.CharSequenceEncoder - [b88b3884-15] Writing "157. foo bar"
03:15:03.720 [reactor-http-nio-2] DEBUG o.s.c.c.CharSequenceEncoder - [b88b3884-15] Writing "158. foo bar"
03:15:03.720 [reactor-http-nio-2] DEBUG o.s.c.c.CharSequenceEncoder - [b88b3884-15] Writing "159. foo bar"
03:15:03.720 [reactor-http-nio-2] DEBUG o.s.c.c.CharSequenceEncoder - [b88b3884-15] Writing "160. foo bar"
03:15:03.720 [reactor-http-nio-2] DEBUG o.s.c.c.CharSequenceEncoder - [b88b3884-15] Writing "161. foo bar"
03:15:03.720 [reactor-http-nio-2] DEBUG o.s.c.c.CharSequenceEncoder - [b88b3884-15] Writing "162. foo bar"
03:15:03.720 [reactor-http-nio-2] DEBUG o.s.c.c.CharSequenceEncoder - [b88b3884-15] Writing "163. foo bar"
03:15:03.721 [reactor-http-nio-2] DEBUG o.s.c.c.CharSequenceEncoder - [b88b3884-15] Writing "164. foo bar"
03:15:03.721 [reactor-http-nio-2] DEBUG o.s.c.c.CharSequenceEncoder - [b88b3884-15] Writing "165. foo bar"
03:15:03.722 [reactor-http-nio-2] DEBUG o.s.c.c.CharSequenceEncoder - [b88b3884-15] Writing "166. foo bar"
03:15:03.722 [reactor-http-nio-2] DEBUG o.s.c.c.CharSequenceEncoder - [b88b3884-15] Writing "167. foo bar"
03:15:03.723 [reactor-http-nio-2] DEBUG o.s.c.c.CharSequenceEncoder - [b88b3884-15] Writing "168. foo bar"
03:15:03.723 [reactor-http-nio-2] DEBUG o.s.c.c.CharSequenceEncoder - [b88b3884-15] Writing "169. foo bar"
03:15:03.723 [reactor-http-nio-2] DEBUG o.s.c.c.CharSequenceEncoder - [b88b3884-15] Writing "170. foo bar"
03:15:03.723 [reactor-http-nio-2] DEBUG o.s.c.c.CharSequenceEncoder - [b88b3884-15] Writing "171. foo bar"
03:15:03.723 [reactor-http-nio-2] DEBUG o.s.c.c.CharSequenceEncoder - [b88b3884-15] Writing "172. foo bar"
03:15:03.723 [reactor-http-nio-2] DEBUG o.s.c.c.CharSequenceEncoder - [b88b3884-15] Writing "173. foo bar"
03:15:03.724 [reactor-http-nio-2] DEBUG o.s.c.c.CharSequenceEncoder - [b88b3884-15] Writing "174. foo bar"
03:15:03.724 [reactor-http-nio-2] DEBUG o.s.c.c.CharSequenceEncoder - [b88b3884-15] Writing "175. foo bar"
03:15:03.724 [reactor-http-nio-2] DEBUG o.s.c.c.CharSequenceEncoder - [b88b3884-15] Writing "176. foo bar"
03:15:03.724 [reactor-http-nio-2] DEBUG o.s.c.c.CharSequenceEncoder - [b88b3884-15] Writing "177. foo bar"
03:15:03.724 [reactor-http-nio-2] DEBUG o.s.c.c.CharSequenceEncoder - [b88b3884-15] Writing "178. foo bar"
03:15:03.724 [reactor-http-nio-2] DEBUG o.s.c.c.CharSequenceEncoder - [b88b3884-15] Writing "179. foo bar"
03:15:03.725 [reactor-http-nio-2] DEBUG o.s.c.c.CharSequenceEncoder - [b88b3884-15] Writing "180. foo bar"
03:15:03.725 [reactor-http-nio-2] DEBUG o.s.c.c.CharSequenceEncoder - [b88b3884-15] Writing "181. foo bar"
03:15:03.725 [reactor-http-nio-2] DEBUG o.s.c.c.CharSequenceEncoder - [b88b3884-15] Writing "182. foo bar"
03:15:03.725 [reactor-http-nio-2] DEBUG o.s.c.c.CharSequenceEncoder - [b88b3884-15] Writing "183. foo bar"
03:15:03.725 [reactor-http-nio-2] DEBUG o.s.c.c.CharSequenceEncoder - [b88b3884-15] Writing "184. foo bar"
03:15:03.725 [reactor-http-nio-2] DEBUG o.s.c.c.CharSequenceEncoder - [b88b3884-15] Writing "185. foo bar"
03:15:03.726 [reactor-http-nio-2] DEBUG o.s.c.c.CharSequenceEncoder - [b88b3884-15] Writing "186. foo bar"
03:15:03.726 [reactor-http-nio-2] DEBUG o.s.c.c.CharSequenceEncoder - [b88b3884-15] Writing "187. foo bar"
03:15:03.726 [reactor-http-nio-2] DEBUG o.s.c.c.CharSequenceEncoder - [b88b3884-15] Writing "188. foo bar"
03:15:03.726 [reactor-http-nio-2] DEBUG o.s.c.c.CharSequenceEncoder - [b88b3884-15] Writing "189. foo bar"
03:15:03.726 [reactor-http-nio-2] DEBUG o.s.c.c.CharSequenceEncoder - [b88b3884-15] Writing "190. foo bar"
03:15:03.726 [reactor-http-nio-2] DEBUG o.s.c.c.CharSequenceEncoder - [b88b3884-15] Writing "191. foo bar"
03:15:03.726 [reactor-http-nio-2] DEBUG o.s.c.c.CharSequenceEncoder - [b88b3884-15] Writing "192. foo bar"
03:15:03.799 [reactor-http-nio-2] DEBUG o.s.c.c.CharSequenceEncoder - [b88b3884-15] Writing "193. foo bar"
03:15:03.799 [reactor-http-nio-2] DEBUG o.s.c.c.CharSequenceEncoder - [b88b3884-15] Writing "194. foo bar"
03:15:03.799 [reactor-http-nio-2] DEBUG o.s.c.c.CharSequenceEncoder - [b88b3884-15] Writing "195. foo bar"
03:15:03.799 [reactor-http-nio-2] DEBUG o.s.c.c.CharSequenceEncoder - [b88b3884-15] Writing "196. foo bar"
03:15:03.799 [reactor-http-nio-2] DEBUG o.s.c.c.CharSequenceEncoder - [b88b3884-15] Writing "197. foo bar"
03:15:03.799 [reactor-http-nio-2] DEBUG o.s.c.c.CharSequenceEncoder - [b88b3884-15] Writing "198. foo bar"
03:15:03.799 [reactor-http-nio-2] DEBUG o.s.c.c.CharSequenceEncoder - [b88b3884-15] Writing "199. foo bar"
03:15:03.799 [reactor-http-nio-2] DEBUG o.s.c.c.CharSequenceEncoder - [b88b3884-15] Writing "200. foo bar"
03:15:03.799 [reactor-http-nio-2] DEBUG o.s.c.c.CharSequenceEncoder - [b88b3884-15] Writing "201. foo bar"
03:15:03.799 [reactor-http-nio-2] DEBUG o.s.c.c.CharSequenceEncoder - [b88b3884-15] Writing "202. foo bar"
03:15:03.799 [reactor-http-nio-2] DEBUG o.s.c.c.CharSequenceEncoder - [b88b3884-15] Writing "203. foo bar"
03:15:03.799 [reactor-http-nio-2] DEBUG o.s.c.c.CharSequenceEncoder - [b88b3884-15] Writing "204. foo bar"
03:15:03.799 [reactor-http-nio-2] DEBUG o.s.c.c.CharSequenceEncoder - [b88b3884-15] Writing "205. foo bar"
03:15:03.799 [reactor-http-nio-2] DEBUG o.s.c.c.CharSequenceEncoder - [b88b3884-15] Writing "206. foo bar"
03:15:03.799 [reactor-http-nio-2] DEBUG o.s.c.c.CharSequenceEncoder - [b88b3884-15] Writing "207. foo bar"
03:15:03.799 [reactor-http-nio-2] DEBUG o.s.c.c.CharSequenceEncoder - [b88b3884-15] Writing "208. foo bar"
03:15:03.799 [reactor-http-nio-2] DEBUG o.s.c.c.CharSequenceEncoder - [b88b3884-15] Writing "209. foo bar"
03:15:03.799 [reactor-http-nio-2] DEBUG o.s.c.c.CharSequenceEncoder - [b88b3884-15] Writing "210. foo bar"
03:15:03.801 [reactor-http-nio-2] DEBUG o.s.c.c.CharSequenceEncoder - [b88b3884-15] Writing "211. foo bar"
03:15:03.801 [reactor-http-nio-2] DEBUG o.s.c.c.CharSequenceEncoder - [b88b3884-15] Writing "212. foo bar"
03:15:03.801 [reactor-http-nio-2] DEBUG o.s.c.c.CharSequenceEncoder - [b88b3884-15] Writing "213. foo bar"
03:15:03.801 [reactor-http-nio-2] DEBUG o.s.c.c.CharSequenceEncoder - [b88b3884-15] Writing "214. foo bar"
03:15:03.801 [reactor-http-nio-2] DEBUG o.s.c.c.CharSequenceEncoder - [b88b3884-15] Writing "215. foo bar"
03:15:03.801 [reactor-http-nio-2] DEBUG o.s.c.c.CharSequenceEncoder - [b88b3884-15] Writing "216. foo bar"
03:15:03.801 [reactor-http-nio-2] DEBUG o.s.c.c.CharSequenceEncoder - [b88b3884-15] Writing "217. foo bar"
03:15:03.801 [reactor-http-nio-2] DEBUG o.s.c.c.CharSequenceEncoder - [b88b3884-15] Writing "218. foo bar"
03:15:03.801 [reactor-http-nio-2] DEBUG o.s.c.c.CharSequenceEncoder - [b88b3884-15] Writing "219. foo bar"
03:15:03.801 [reactor-http-nio-2] DEBUG o.s.c.c.CharSequenceEncoder - [b88b3884-15] Writing "220. foo bar"
03:15:03.801 [reactor-http-nio-2] DEBUG o.s.c.c.CharSequenceEncoder - [b88b3884-15] Writing "221. foo bar"
03:15:03.801 [reactor-http-nio-2] DEBUG o.s.c.c.CharSequenceEncoder - [b88b3884-15] Writing "222. foo bar"
03:15:03.802 [reactor-http-nio-2] DEBUG o.s.c.c.CharSequenceEncoder - [b88b3884-15] Writing "223. foo bar"
03:15:03.802 [reactor-http-nio-2] DEBUG o.s.c.c.CharSequenceEncoder - [b88b3884-15] Writing "224. foo bar"
03:15:03.802 [reactor-http-nio-2] DEBUG o.s.c.c.CharSequenceEncoder - [b88b3884-15] Writing "225. foo bar"
03:15:03.802 [reactor-http-nio-2] DEBUG o.s.c.c.CharSequenceEncoder - [b88b3884-15] Writing "226. foo bar"
03:15:03.802 [reactor-http-nio-2] DEBUG o.s.c.c.CharSequenceEncoder - [b88b3884-15] Writing "227. foo bar"
03:15:03.802 [reactor-http-nio-2] DEBUG o.s.c.c.CharSequenceEncoder - [b88b3884-15] Writing "228. foo bar"
03:15:03.802 [reactor-http-nio-2] DEBUG o.s.c.c.CharSequenceEncoder - [b88b3884-15] Writing "229. foo bar"
03:15:03.803 [reactor-http-nio-2] DEBUG o.s.c.c.CharSequenceEncoder - [b88b3884-15] Writing "230. foo bar"
03:15:03.803 [reactor-http-nio-2] DEBUG o.s.c.c.CharSequenceEncoder - [b88b3884-15] Writing "231. foo bar"
03:15:03.803 [reactor-http-nio-2] DEBUG o.s.c.c.CharSequenceEncoder - [b88b3884-15] Writing "232. foo bar"
03:15:03.804 [reactor-http-nio-2] DEBUG o.s.c.c.CharSequenceEncoder - [b88b3884-15] Writing "233. foo bar"
03:15:03.805 [reactor-http-nio-2] DEBUG o.s.c.c.CharSequenceEncoder - [b88b3884-15] Writing "234. foo bar"
03:15:03.805 [reactor-http-nio-2] DEBUG o.s.c.c.CharSequenceEncoder - [b88b3884-15] Writing "235. foo bar"
03:15:03.805 [reactor-http-nio-2] DEBUG o.s.c.c.CharSequenceEncoder - [b88b3884-15] Writing "236. foo bar"
03:15:03.806 [reactor-http-nio-2] DEBUG o.s.c.c.CharSequenceEncoder - [b88b3884-15] Writing "237. foo bar"
03:15:03.806 [reactor-http-nio-2] DEBUG o.s.c.c.CharSequenceEncoder - [b88b3884-15] Writing "238. foo bar"
03:15:03.806 [reactor-http-nio-2] DEBUG o.s.c.c.CharSequenceEncoder - [b88b3884-15] Writing "239. foo bar"
03:15:03.806 [reactor-http-nio-2] DEBUG o.s.c.c.CharSequenceEncoder - [b88b3884-15] Writing "240. foo bar"
03:15:03.806 [reactor-http-nio-2] DEBUG o.s.c.c.CharSequenceEncoder - [b88b3884-15] Writing "241. foo bar"
03:15:03.806 [reactor-http-nio-2] DEBUG o.s.c.c.CharSequenceEncoder - [b88b3884-15] Writing "242. foo bar"
03:15:03.806 [reactor-http-nio-2] DEBUG o.s.c.c.CharSequenceEncoder - [b88b3884-15] Writing "243. foo bar"
03:15:03.806 [reactor-http-nio-2] DEBUG o.s.c.c.CharSequenceEncoder - [b88b3884-15] Writing "244. foo bar"
03:15:03.806 [reactor-http-nio-2] DEBUG o.s.c.c.CharSequenceEncoder - [b88b3884-15] Writing "245. foo bar"
03:15:03.807 [reactor-http-nio-2] DEBUG o.s.c.c.CharSequenceEncoder - [b88b3884-15] Writing "246. foo bar"
03:15:03.807 [reactor-http-nio-2] DEBUG o.s.c.c.CharSequenceEncoder - [b88b3884-15] Writing "247. foo bar"
03:15:03.807 [reactor-http-nio-2] DEBUG o.s.c.c.CharSequenceEncoder - [b88b3884-15] Writing "248. foo bar"
03:15:03.807 [reactor-http-nio-2] DEBUG o.s.c.c.CharSequenceEncoder - [b88b3884-15] Writing "249. foo bar"
03:15:03.807 [reactor-http-nio-2] DEBUG o.s.c.c.CharSequenceEncoder - [b88b3884-15] Writing "250. foo bar"
03:15:03.807 [reactor-http-nio-2] DEBUG o.s.c.c.CharSequenceEncoder - [b88b3884-15] Writing "251. foo bar"
03:15:03.807 [reactor-http-nio-2] DEBUG o.s.c.c.CharSequenceEncoder - [b88b3884-15] Writing "252. foo bar"
03:15:03.807 [reactor-http-nio-2] DEBUG o.s.c.c.CharSequenceEncoder - [b88b3884-15] Writing "253. foo bar"
03:15:03.807 [reactor-http-nio-2] DEBUG o.s.c.c.CharSequenceEncoder - [b88b3884-15] Writing "254. foo bar"
03:15:03.807 [reactor-http-nio-2] DEBUG o.s.c.c.CharSequenceEncoder - [b88b3884-15] Writing "255. foo bar"
03:15:03.807 [reactor-http-nio-2] DEBUG o.s.c.c.CharSequenceEncoder - [b88b3884-15] Writing "256. foo bar"
03:15:03.819 [reactor-http-nio-2] DEBUG o.s.c.c.CharSequenceEncoder - [b88b3884-15] Writing "257. foo bar"
03:15:03.819 [reactor-http-nio-2] DEBUG o.s.c.c.CharSequenceEncoder - [b88b3884-15] Writing "258. foo bar"
03:15:03.819 [reactor-http-nio-2] DEBUG o.s.c.c.CharSequenceEncoder - [b88b3884-15] Writing "259. foo bar"
03:15:03.819 [reactor-http-nio-2] DEBUG o.s.c.c.CharSequenceEncoder - [b88b3884-15] Writing "260. foo bar"
03:15:03.819 [reactor-http-nio-2] DEBUG o.s.c.c.CharSequenceEncoder - [b88b3884-15] Writing "261. foo bar"
03:15:03.819 [reactor-http-nio-2] DEBUG o.s.c.c.CharSequenceEncoder - [b88b3884-15] Writing "262. foo bar"
03:15:03.819 [reactor-http-nio-2] DEBUG o.s.c.c.CharSequenceEncoder - [b88b3884-15] Writing "263. foo bar"
03:15:03.819 [reactor-http-nio-2] DEBUG o.s.c.c.CharSequenceEncoder - [b88b3884-15] Writing "264. foo bar"
03:15:03.820 [reactor-http-nio-2] DEBUG o.s.c.c.CharSequenceEncoder - [b88b3884-15] Writing "265. foo bar"
03:15:03.820 [reactor-http-nio-2] DEBUG o.s.c.c.CharSequenceEncoder - [b88b3884-15] Writing "266. foo bar"
03:15:03.820 [reactor-http-nio-2] DEBUG o.s.c.c.CharSequenceEncoder - [b88b3884-15] Writing "267. foo bar"
03:15:03.820 [reactor-http-nio-2] DEBUG o.s.c.c.CharSequenceEncoder - [b88b3884-15] Writing "268. foo bar"
03:15:03.820 [reactor-http-nio-2] DEBUG o.s.c.c.CharSequenceEncoder - [b88b3884-15] Writing "269. foo bar"
03:15:03.820 [reactor-http-nio-2] DEBUG o.s.c.c.CharSequenceEncoder - [b88b3884-15] Writing "270. foo bar"
03:15:03.820 [reactor-http-nio-2] DEBUG o.s.c.c.CharSequenceEncoder - [b88b3884-15] Writing "271. foo bar"
03:15:03.820 [reactor-http-nio-2] DEBUG o.s.c.c.CharSequenceEncoder - [b88b3884-15] Writing "272. foo bar"
03:15:03.820 [reactor-http-nio-2] DEBUG o.s.c.c.CharSequenceEncoder - [b88b3884-15] Writing "273. foo bar"
03:15:03.820 [reactor-http-nio-2] DEBUG o.s.c.c.CharSequenceEncoder - [b88b3884-15] Writing "274. foo bar"
03:15:03.820 [reactor-http-nio-2] DEBUG o.s.c.c.CharSequenceEncoder - [b88b3884-15] Writing "275. foo bar"
03:15:03.820 [reactor-http-nio-2] DEBUG o.s.c.c.CharSequenceEncoder - [b88b3884-15] Writing "276. foo bar"
03:15:03.820 [reactor-http-nio-2] DEBUG o.s.c.c.CharSequenceEncoder - [b88b3884-15] Writing "277. foo bar"
03:15:03.820 [reactor-http-nio-2] DEBUG o.s.c.c.CharSequenceEncoder - [b88b3884-15] Writing "278. foo bar"
03:15:03.820 [reactor-http-nio-2] DEBUG o.s.c.c.CharSequenceEncoder - [b88b3884-15] Writing "279. foo bar"
03:15:03.820 [reactor-http-nio-2] DEBUG o.s.c.c.CharSequenceEncoder - [b88b3884-15] Writing "280. foo bar"
03:15:03.820 [reactor-http-nio-2] DEBUG o.s.c.c.CharSequenceEncoder - [b88b3884-15] Writing "281. foo bar"
03:15:03.820 [reactor-http-nio-2] DEBUG o.s.c.c.CharSequenceEncoder - [b88b3884-15] Writing "282. foo bar"
03:15:03.820 [reactor-http-nio-2] DEBUG o.s.c.c.CharSequenceEncoder - [b88b3884-15] Writing "283. foo bar"
03:15:03.820 [reactor-http-nio-2] DEBUG o.s.c.c.CharSequenceEncoder - [b88b3884-15] Writing "284. foo bar"
03:15:03.820 [reactor-http-nio-2] DEBUG o.s.c.c.CharSequenceEncoder - [b88b3884-15] Writing "285. foo bar"
03:15:03.820 [reactor-http-nio-2] DEBUG o.s.c.c.CharSequenceEncoder - [b88b3884-15] Writing "286. foo bar"
03:15:03.820 [reactor-http-nio-2] DEBUG o.s.c.c.CharSequenceEncoder - [b88b3884-15] Writing "287. foo bar"
03:15:03.820 [reactor-http-nio-2] DEBUG o.s.c.c.CharSequenceEncoder - [b88b3884-15] Writing "288. foo bar"
03:15:03.820 [reactor-http-nio-2] DEBUG o.s.c.c.CharSequenceEncoder - [b88b3884-15] Writing "289. foo bar"
03:15:03.820 [reactor-http-nio-2] DEBUG o.s.c.c.CharSequenceEncoder - [b88b3884-15] Writing "290. foo bar"
03:15:03.820 [reactor-http-nio-2] DEBUG o.s.c.c.CharSequenceEncoder - [b88b3884-15] Writing "291. foo bar"
03:15:03.820 [reactor-http-nio-2] DEBUG o.s.c.c.CharSequenceEncoder - [b88b3884-15] Writing "292. foo bar"
03:15:03.820 [reactor-http-nio-2] DEBUG o.s.c.c.CharSequenceEncoder - [b88b3884-15] Writing "293. foo bar"
03:15:03.821 [reactor-http-nio-2] DEBUG o.s.c.c.CharSequenceEncoder - [b88b3884-15] Writing "294. foo bar"
03:15:03.821 [reactor-http-nio-2] DEBUG o.s.c.c.CharSequenceEncoder - [b88b3884-15] Writing "295. foo bar"
03:15:03.821 [reactor-http-nio-2] DEBUG o.s.c.c.CharSequenceEncoder - [b88b3884-15] Writing "296. foo bar"
03:15:03.821 [reactor-http-nio-2] DEBUG o.s.c.c.CharSequenceEncoder - [b88b3884-15] Writing "297. foo bar"
03:15:03.821 [reactor-http-nio-2] DEBUG o.s.c.c.CharSequenceEncoder - [b88b3884-15] Writing "298. foo bar"
03:15:03.821 [reactor-http-nio-2] DEBUG o.s.c.c.CharSequenceEncoder - [b88b3884-15] Writing "299. foo bar"
03:15:03.821 [reactor-http-nio-2] DEBUG o.s.c.c.CharSequenceEncoder - [b88b3884-15] Writing "300. foo bar"
03:15:03.821 [reactor-http-nio-2] DEBUG o.s.c.c.CharSequenceEncoder - [b88b3884-15] Writing "301. foo bar"
03:15:03.821 [reactor-http-nio-2] DEBUG o.s.c.c.CharSequenceEncoder - [b88b3884-15] Writing "302. foo bar"
03:15:03.821 [reactor-http-nio-2] DEBUG o.s.c.c.CharSequenceEncoder - [b88b3884-15] Writing "303. foo bar"
03:15:03.821 [reactor-http-nio-2] DEBUG o.s.c.c.CharSequenceEncoder - [b88b3884-15] Writing "304. foo bar"
03:15:03.821 [reactor-http-nio-2] DEBUG o.s.c.c.CharSequenceEncoder - [b88b3884-15] Writing "305. foo bar"
03:15:03.821 [reactor-http-nio-2] DEBUG o.s.c.c.CharSequenceEncoder - [b88b3884-15] Writing "306. foo bar"
03:15:03.821 [reactor-http-nio-2] DEBUG o.s.c.c.CharSequenceEncoder - [b88b3884-15] Writing "307. foo bar"
03:15:03.821 [reactor-http-nio-2] DEBUG o.s.c.c.CharSequenceEncoder - [b88b3884-15] Writing "308. foo bar"
03:15:03.821 [reactor-http-nio-2] DEBUG o.s.c.c.CharSequenceEncoder - [b88b3884-15] Writing "309. foo bar"
03:15:03.821 [reactor-http-nio-2] DEBUG o.s.c.c.CharSequenceEncoder - [b88b3884-15] Writing "310. foo bar"
03:15:03.821 [reactor-http-nio-2] DEBUG o.s.c.c.CharSequenceEncoder - [b88b3884-15] Writing "311. foo bar"
03:15:03.821 [reactor-http-nio-2] DEBUG o.s.c.c.CharSequenceEncoder - [b88b3884-15] Writing "312. foo bar"
03:15:03.821 [reactor-http-nio-2] DEBUG o.s.c.c.CharSequenceEncoder - [b88b3884-15] Writing "313. foo bar"
03:15:03.821 [reactor-http-nio-2] DEBUG o.s.c.c.CharSequenceEncoder - [b88b3884-15] Writing "314. foo bar"
03:15:03.822 [reactor-http-nio-2] DEBUG o.s.c.c.CharSequenceEncoder - [b88b3884-15] Writing "315. foo bar"
03:15:03.835 [reactor-http-nio-2] DEBUG o.s.c.c.CharSequenceEncoder - [b88b3884-15] Writing "316. foo bar"
03:15:03.835 [reactor-http-nio-2] DEBUG o.s.c.c.CharSequenceEncoder - [b88b3884-15] Writing "317. foo bar"
03:15:03.835 [reactor-http-nio-2] DEBUG o.s.c.c.CharSequenceEncoder - [b88b3884-15] Writing "318. foo bar"
03:15:03.835 [reactor-http-nio-2] DEBUG o.s.c.c.CharSequenceEncoder - [b88b3884-15] Writing "319. foo bar"
03:15:03.835 [reactor-http-nio-2] DEBUG o.s.c.c.CharSequenceEncoder - [b88b3884-15] Writing "320. foo bar"
03:15:03.884 [reactor-http-nio-2] DEBUG o.s.c.c.CharSequenceEncoder - [b88b3884-15] Writing "321. foo bar"
03:15:03.885 [reactor-http-nio-2] DEBUG o.s.c.c.CharSequenceEncoder - [b88b3884-15] Writing "322. foo bar"
03:15:03.885 [reactor-http-nio-2] DEBUG o.s.c.c.CharSequenceEncoder - [b88b3884-15] Writing "323. foo bar"
03:15:03.885 [reactor-http-nio-2] DEBUG o.s.c.c.CharSequenceEncoder - [b88b3884-15] Writing "324. foo bar"
03:15:03.885 [reactor-http-nio-2] DEBUG o.s.c.c.CharSequenceEncoder - [b88b3884-15] Writing "325. foo bar"
03:15:03.885 [reactor-http-nio-2] DEBUG o.s.c.c.CharSequenceEncoder - [b88b3884-15] Writing "326. foo bar"
03:15:03.885 [reactor-http-nio-2] DEBUG o.s.c.c.CharSequenceEncoder - [b88b3884-15] Writing "327. foo bar"
03:15:03.885 [reactor-http-nio-2] DEBUG o.s.c.c.CharSequenceEncoder - [b88b3884-15] Writing "328. foo bar"
03:15:03.885 [reactor-http-nio-2] DEBUG o.s.c.c.CharSequenceEncoder - [b88b3884-15] Writing "329. foo bar"
03:15:03.885 [reactor-http-nio-2] DEBUG o.s.c.c.CharSequenceEncoder - [b88b3884-15] Writing "330. foo bar"
03:15:03.885 [reactor-http-nio-2] DEBUG o.s.c.c.CharSequenceEncoder - [b88b3884-15] Writing "331. foo bar"
03:15:03.885 [reactor-http-nio-2] DEBUG o.s.c.c.CharSequenceEncoder - [b88b3884-15] Writing "332. foo bar"
03:15:03.885 [reactor-http-nio-2] DEBUG o.s.c.c.CharSequenceEncoder - [b88b3884-15] Writing "333. foo bar"
03:15:03.885 [reactor-http-nio-2] DEBUG o.s.c.c.CharSequenceEncoder - [b88b3884-15] Writing "334. foo bar"
03:15:03.885 [reactor-http-nio-2] DEBUG o.s.c.c.CharSequenceEncoder - [b88b3884-15] Writing "335. foo bar"
03:15:03.885 [reactor-http-nio-2] DEBUG o.s.c.c.CharSequenceEncoder - [b88b3884-15] Writing "336. foo bar"
03:15:03.885 [reactor-http-nio-2] DEBUG o.s.c.c.CharSequenceEncoder - [b88b3884-15] Writing "337. foo bar"
03:15:03.885 [reactor-http-nio-2] DEBUG o.s.c.c.CharSequenceEncoder - [b88b3884-15] Writing "338. foo bar"
03:15:03.885 [reactor-http-nio-2] DEBUG o.s.c.c.CharSequenceEncoder - [b88b3884-15] Writing "339. foo bar"
03:15:03.885 [reactor-http-nio-2] DEBUG o.s.c.c.CharSequenceEncoder - [b88b3884-15] Writing "340. foo bar"
03:15:03.885 [reactor-http-nio-2] DEBUG o.s.c.c.CharSequenceEncoder - [b88b3884-15] Writing "341. foo bar"
03:15:03.885 [reactor-http-nio-2] DEBUG o.s.c.c.CharSequenceEncoder - [b88b3884-15] Writing "342. foo bar"
03:15:03.885 [reactor-http-nio-2] DEBUG o.s.c.c.CharSequenceEncoder - [b88b3884-15] Writing "343. foo bar"
03:15:03.885 [reactor-http-nio-2] DEBUG o.s.c.c.CharSequenceEncoder - [b88b3884-15] Writing "344. foo bar"
03:15:03.885 [reactor-http-nio-2] DEBUG o.s.c.c.CharSequenceEncoder - [b88b3884-15] Writing "345. foo bar"
03:15:03.885 [reactor-http-nio-2] DEBUG o.s.c.c.CharSequenceEncoder - [b88b3884-15] Writing "346. foo bar"
03:15:03.885 [reactor-http-nio-2] DEBUG o.s.c.c.CharSequenceEncoder - [b88b3884-15] Writing "347. foo bar"
03:15:03.885 [reactor-http-nio-2] DEBUG o.s.c.c.CharSequenceEncoder - [b88b3884-15] Writing "348. foo bar"
03:15:03.885 [reactor-http-nio-2] DEBUG o.s.c.c.CharSequenceEncoder - [b88b3884-15] Writing "349. foo bar"
03:15:03.885 [reactor-http-nio-2] DEBUG o.s.c.c.CharSequenceEncoder - [b88b3884-15] Writing "350. foo bar"
03:15:03.885 [reactor-http-nio-2] DEBUG o.s.c.c.CharSequenceEncoder - [b88b3884-15] Writing "351. foo bar"
03:15:03.885 [reactor-http-nio-2] DEBUG o.s.c.c.CharSequenceEncoder - [b88b3884-15] Writing "352. foo bar"
03:15:03.885 [reactor-http-nio-2] DEBUG o.s.c.c.CharSequenceEncoder - [b88b3884-15] Writing "353. foo bar"
03:15:03.885 [reactor-http-nio-2] DEBUG o.s.c.c.CharSequenceEncoder - [b88b3884-15] Writing "354. foo bar"
03:15:03.885 [reactor-http-nio-2] DEBUG o.s.c.c.CharSequenceEncoder - [b88b3884-15] Writing "355. foo bar"
03:15:03.885 [reactor-http-nio-2] DEBUG o.s.c.c.CharSequenceEncoder - [b88b3884-15] Writing "356. foo bar"
03:15:03.885 [reactor-http-nio-2] DEBUG o.s.c.c.CharSequenceEncoder - [b88b3884-15] Writing "357. foo bar"
03:15:03.957 [reactor-http-nio-2] DEBUG o.s.c.c.CharSequenceEncoder - [b88b3884-15] Writing "358. foo bar"
03:15:03.958 [reactor-http-nio-2] DEBUG o.s.c.c.CharSequenceEncoder - [b88b3884-15] Writing "359. foo bar"
03:15:03.958 [reactor-http-nio-2] DEBUG o.s.c.c.CharSequenceEncoder - [b88b3884-15] Writing "360. foo bar"
03:15:03.958 [reactor-http-nio-2] DEBUG o.s.c.c.CharSequenceEncoder - [b88b3884-15] Writing "361. foo bar"
03:15:03.959 [reactor-http-nio-2] DEBUG o.s.c.c.CharSequenceEncoder - [b88b3884-15] Writing "362. foo bar"
03:15:03.959 [reactor-http-nio-2] DEBUG o.s.c.c.CharSequenceEncoder - [b88b3884-15] Writing "363. foo bar"
03:15:03.959 [reactor-http-nio-2] DEBUG o.s.c.c.CharSequenceEncoder - [b88b3884-15] Writing "364. foo bar"
03:15:03.971 [reactor-http-nio-2] DEBUG o.s.c.c.CharSequenceEncoder - [b88b3884-15] Writing "365. foo bar"
03:15:03.971 [reactor-http-nio-2] DEBUG o.s.c.c.CharSequenceEncoder - [b88b3884-15] Writing "366. foo bar"
03:15:03.971 [reactor-http-nio-2] DEBUG o.s.c.c.CharSequenceEncoder - [b88b3884-15] Writing "367. foo bar"
03:15:03.972 [reactor-http-nio-2] DEBUG o.s.c.c.CharSequenceEncoder - [b88b3884-15] Writing "368. foo bar"
03:15:03.973 [reactor-http-nio-2] DEBUG o.s.c.c.CharSequenceEncoder - [b88b3884-15] Writing "369. foo bar"
03:15:03.973 [reactor-http-nio-2] DEBUG o.s.c.c.CharSequenceEncoder - [b88b3884-15] Writing "370. foo bar"
03:15:03.974 [reactor-http-nio-2] DEBUG o.s.c.c.CharSequenceEncoder - [b88b3884-15] Writing "371. foo bar"
03:15:03.974 [reactor-http-nio-2] DEBUG o.s.c.c.CharSequenceEncoder - [b88b3884-15] Writing "372. foo bar"
03:15:03.978 [reactor-http-nio-2] DEBUG o.s.c.c.CharSequenceEncoder - [b88b3884-15] Writing "373. foo bar"
03:15:03.979 [reactor-http-nio-2] DEBUG o.s.c.c.CharSequenceEncoder - [b88b3884-15] Writing "374. foo bar"
03:15:03.981 [reactor-http-nio-2] DEBUG o.s.c.c.CharSequenceEncoder - [b88b3884-15] Writing "375. foo bar"
03:15:03.984 [reactor-http-nio-2] DEBUG o.s.c.c.CharSequenceEncoder - [b88b3884-15] Writing "376. foo bar"
03:15:03.984 [reactor-http-nio-2] DEBUG o.s.c.c.CharSequenceEncoder - [b88b3884-15] Writing "377. foo bar"
03:15:03.984 [reactor-http-nio-2] DEBUG o.s.c.c.CharSequenceEncoder - [b88b3884-15] Writing "378. foo bar"
03:15:03.985 [reactor-http-nio-2] DEBUG o.s.c.c.CharSequenceEncoder - [b88b3884-15] Writing "379. foo bar"
03:15:03.985 [reactor-http-nio-2] DEBUG o.s.c.c.CharSequenceEncoder - [b88b3884-15] Writing "380. foo bar"
03:15:03.985 [reactor-http-nio-2] DEBUG o.s.c.c.CharSequenceEncoder - [b88b3884-15] Writing "381. foo bar"
03:15:03.985 [reactor-http-nio-2] DEBUG o.s.c.c.CharSequenceEncoder - [b88b3884-15] Writing "382. foo bar"
03:15:03.985 [reactor-http-nio-2] DEBUG o.s.c.c.CharSequenceEncoder - [b88b3884-15] Writing "383. foo bar"
03:15:03.985 [reactor-http-nio-2] DEBUG o.s.c.c.CharSequenceEncoder - [b88b3884-15] Writing "384. foo bar"
03:15:04.001 [reactor-http-nio-2] DEBUG o.s.c.c.CharSequenceEncoder - [b88b3884-15] Writing "385. foo bar"
03:15:04.001 [reactor-http-nio-2] DEBUG o.s.c.c.CharSequenceEncoder - [b88b3884-15] Writing "386. foo bar"
03:15:04.001 [reactor-http-nio-2] DEBUG o.s.c.c.CharSequenceEncoder - [b88b3884-15] Writing "387. foo bar"
03:15:04.001 [reactor-http-nio-2] DEBUG o.s.c.c.CharSequenceEncoder - [b88b3884-15] Writing "388. foo bar"
03:15:04.001 [reactor-http-nio-2] DEBUG o.s.c.c.CharSequenceEncoder - [b88b3884-15] Writing "389. foo bar"
03:15:04.001 [reactor-http-nio-2] DEBUG o.s.c.c.CharSequenceEncoder - [b88b3884-15] Writing "390. foo bar"
03:15:04.001 [reactor-http-nio-2] DEBUG o.s.c.c.CharSequenceEncoder - [b88b3884-15] Writing "391. foo bar"
03:15:04.001 [reactor-http-nio-2] DEBUG o.s.c.c.CharSequenceEncoder - [b88b3884-15] Writing "392. foo bar"
03:15:04.001 [reactor-http-nio-2] DEBUG o.s.c.c.CharSequenceEncoder - [b88b3884-15] Writing "393. foo bar"
03:15:04.001 [reactor-http-nio-2] DEBUG o.s.c.c.CharSequenceEncoder - [b88b3884-15] Writing "394. foo bar"
03:15:04.001 [reactor-http-nio-2] DEBUG o.s.c.c.CharSequenceEncoder - [b88b3884-15] Writing "395. foo bar"
03:15:04.001 [reactor-http-nio-2] DEBUG o.s.c.c.CharSequenceEncoder - [b88b3884-15] Writing "396. foo bar"
03:15:04.001 [reactor-http-nio-2] DEBUG o.s.c.c.CharSequenceEncoder - [b88b3884-15] Writing "397. foo bar"
03:15:04.001 [reactor-http-nio-2] DEBUG o.s.c.c.CharSequenceEncoder - [b88b3884-15] Writing "398. foo bar"
03:15:04.001 [reactor-http-nio-2] DEBUG o.s.c.c.CharSequenceEncoder - [b88b3884-15] Writing "399. foo bar"
03:15:04.001 [reactor-http-nio-2] DEBUG o.s.c.c.CharSequenceEncoder - [b88b3884-15] Writing "400. foo bar"
03:15:04.001 [reactor-http-nio-2] DEBUG o.s.c.c.CharSequenceEncoder - [b88b3884-15] Writing "401. foo bar"
03:15:04.001 [reactor-http-nio-2] DEBUG o.s.c.c.CharSequenceEncoder - [b88b3884-15] Writing "402. foo bar"
03:15:04.001 [reactor-http-nio-2] DEBUG o.s.c.c.CharSequenceEncoder - [b88b3884-15] Writing "403. foo bar"
03:15:04.001 [reactor-http-nio-2] DEBUG o.s.c.c.CharSequenceEncoder - [b88b3884-15] Writing "404. foo bar"
03:15:04.001 [reactor-http-nio-2] DEBUG o.s.c.c.CharSequenceEncoder - [b88b3884-15] Writing "405. foo bar"
03:15:04.001 [reactor-http-nio-2] DEBUG o.s.c.c.CharSequenceEncoder - [b88b3884-15] Writing "406. foo bar"
03:15:04.001 [reactor-http-nio-2] DEBUG o.s.c.c.CharSequenceEncoder - [b88b3884-15] Writing "407. foo bar"
03:15:04.002 [reactor-http-nio-2] DEBUG o.s.c.c.CharSequenceEncoder - [b88b3884-15] Writing "408. foo bar"
03:15:04.002 [reactor-http-nio-2] DEBUG o.s.c.c.CharSequenceEncoder - [b88b3884-15] Writing "409. foo bar"
03:15:04.002 [reactor-http-nio-2] DEBUG o.s.c.c.CharSequenceEncoder - [b88b3884-15] Writing "410. foo bar"
03:15:04.002 [reactor-http-nio-2] DEBUG o.s.c.c.CharSequenceEncoder - [b88b3884-15] Writing "411. foo bar"
03:15:04.002 [reactor-http-nio-2] DEBUG o.s.c.c.CharSequenceEncoder - [b88b3884-15] Writing "412. foo bar"
03:15:04.002 [reactor-http-nio-2] DEBUG o.s.c.c.CharSequenceEncoder - [b88b3884-15] Writing "413. foo bar"
03:15:04.002 [reactor-http-nio-2] DEBUG o.s.c.c.CharSequenceEncoder - [b88b3884-15] Writing "414. foo bar"
03:15:04.002 [reactor-http-nio-2] DEBUG o.s.c.c.CharSequenceEncoder - [b88b3884-15] Writing "415. foo bar"
03:15:04.002 [reactor-http-nio-2] DEBUG o.s.c.c.CharSequenceEncoder - [b88b3884-15] Writing "416. foo bar"
03:15:04.002 [reactor-http-nio-2] DEBUG o.s.c.c.CharSequenceEncoder - [b88b3884-15] Writing "417. foo bar"
03:15:04.002 [reactor-http-nio-2] DEBUG o.s.c.c.CharSequenceEncoder - [b88b3884-15] Writing "418. foo bar"
03:15:04.002 [reactor-http-nio-2] DEBUG o.s.c.c.CharSequenceEncoder - [b88b3884-15] Writing "419. foo bar"
03:15:04.002 [reactor-http-nio-2] DEBUG o.s.c.c.CharSequenceEncoder - [b88b3884-15] Writing "420. foo bar"
03:15:04.002 [reactor-http-nio-2] DEBUG o.s.c.c.CharSequenceEncoder - [b88b3884-15] Writing "421. foo bar"
03:15:04.002 [reactor-http-nio-2] DEBUG o.s.c.c.CharSequenceEncoder - [b88b3884-15] Writing "422. foo bar"
03:15:04.002 [reactor-http-nio-2] DEBUG o.s.c.c.CharSequenceEncoder - [b88b3884-15] Writing "423. foo bar"
03:15:04.002 [reactor-http-nio-2] DEBUG o.s.c.c.CharSequenceEncoder - [b88b3884-15] Writing "424. foo bar"
03:15:04.002 [reactor-http-nio-2] DEBUG o.s.c.c.CharSequenceEncoder - [b88b3884-15] Writing "425. foo bar"
03:15:04.002 [reactor-http-nio-2] DEBUG o.s.c.c.CharSequenceEncoder - [b88b3884-15] Writing "426. foo bar"
03:15:04.002 [reactor-http-nio-2] DEBUG o.s.c.c.CharSequenceEncoder - [b88b3884-15] Writing "427. foo bar"
03:15:04.002 [reactor-http-nio-2] DEBUG o.s.c.c.CharSequenceEncoder - [b88b3884-15] Writing "428. foo bar"
03:15:04.002 [reactor-http-nio-2] DEBUG o.s.c.c.CharSequenceEncoder - [b88b3884-15] Writing "429. foo bar"
03:15:04.002 [reactor-http-nio-2] DEBUG o.s.c.c.CharSequenceEncoder - [b88b3884-15] Writing "430. foo bar"
03:15:04.002 [reactor-http-nio-2] DEBUG o.s.c.c.CharSequenceEncoder - [b88b3884-15] Writing "431. foo bar"
03:15:04.002 [reactor-http-nio-2] DEBUG o.s.c.c.CharSequenceEncoder - [b88b3884-15] Writing "432. foo bar"
03:15:04.002 [reactor-http-nio-2] DEBUG o.s.c.c.CharSequenceEncoder - [b88b3884-15] Writing "433. foo bar"
03:15:04.002 [reactor-http-nio-2] DEBUG o.s.c.c.CharSequenceEncoder - [b88b3884-15] Writing "434. foo bar"
03:15:04.002 [reactor-http-nio-2] DEBUG o.s.c.c.CharSequenceEncoder - [b88b3884-15] Writing "435. foo bar"
03:15:04.002 [reactor-http-nio-2] DEBUG o.s.c.c.CharSequenceEncoder - [b88b3884-15] Writing "436. foo bar"
03:15:04.002 [reactor-http-nio-2] DEBUG o.s.c.c.CharSequenceEncoder - [b88b3884-15] Writing "437. foo bar"
03:15:04.002 [reactor-http-nio-2] DEBUG o.s.c.c.CharSequenceEncoder - [b88b3884-15] Writing "438. foo bar"
03:15:04.002 [reactor-http-nio-2] DEBUG o.s.c.c.CharSequenceEncoder - [b88b3884-15] Writing "439. foo bar"
03:15:04.003 [reactor-http-nio-2] DEBUG o.s.c.c.CharSequenceEncoder - [b88b3884-15] Writing "440. foo bar"
03:15:04.003 [reactor-http-nio-2] DEBUG o.s.c.c.CharSequenceEncoder - [b88b3884-15] Writing "441. foo bar"
03:15:04.003 [reactor-http-nio-2] DEBUG o.s.c.c.CharSequenceEncoder - [b88b3884-15] Writing "442. foo bar"
03:15:04.003 [reactor-http-nio-2] DEBUG o.s.c.c.CharSequenceEncoder - [b88b3884-15] Writing "443. foo bar"
03:15:04.003 [reactor-http-nio-2] DEBUG o.s.c.c.CharSequenceEncoder - [b88b3884-15] Writing "444. foo bar"
03:15:04.003 [reactor-http-nio-2] DEBUG o.s.c.c.CharSequenceEncoder - [b88b3884-15] Writing "445. foo bar"
03:15:04.003 [reactor-http-nio-2] DEBUG o.s.c.c.CharSequenceEncoder - [b88b3884-15] Writing "446. foo bar"
03:15:04.003 [reactor-http-nio-2] DEBUG o.s.c.c.CharSequenceEncoder - [b88b3884-15] Writing "447. foo bar"
03:15:04.003 [reactor-http-nio-2] DEBUG o.s.c.c.CharSequenceEncoder - [b88b3884-15] Writing "448. foo bar"
03:15:04.048 [reactor-http-nio-2] DEBUG o.s.c.c.CharSequenceEncoder - [b88b3884-15] Writing "449. foo bar"
03:15:04.049 [reactor-http-nio-2] DEBUG o.s.c.c.CharSequenceEncoder - [b88b3884-15] Writing "450. foo bar"
03:15:04.049 [reactor-http-nio-2] DEBUG o.s.c.c.CharSequenceEncoder - [b88b3884-15] Writing "451. foo bar"
03:15:04.049 [reactor-http-nio-2] DEBUG o.s.c.c.CharSequenceEncoder - [b88b3884-15] Writing "452. foo bar"
03:15:04.049 [reactor-http-nio-2] DEBUG o.s.c.c.CharSequenceEncoder - [b88b3884-15] Writing "453. foo bar"
03:15:04.049 [reactor-http-nio-2] DEBUG o.s.c.c.CharSequenceEncoder - [b88b3884-15] Writing "454. foo bar"
03:15:04.049 [reactor-http-nio-2] DEBUG o.s.c.c.CharSequenceEncoder - [b88b3884-15] Writing "455. foo bar"
03:15:04.049 [reactor-http-nio-2] DEBUG o.s.c.c.CharSequenceEncoder - [b88b3884-15] Writing "456. foo bar"
03:15:04.050 [reactor-http-nio-2] DEBUG o.s.c.c.CharSequenceEncoder - [b88b3884-15] Writing "457. foo bar"
03:15:04.050 [reactor-http-nio-2] DEBUG o.s.c.c.CharSequenceEncoder - [b88b3884-15] Writing "458. foo bar"
03:15:04.050 [reactor-http-nio-2] DEBUG o.s.c.c.CharSequenceEncoder - [b88b3884-15] Writing "459. foo bar"
03:15:04.050 [reactor-http-nio-2] DEBUG o.s.c.c.CharSequenceEncoder - [b88b3884-15] Writing "460. foo bar"
03:15:04.051 [reactor-http-nio-2] DEBUG o.s.c.c.CharSequenceEncoder - [b88b3884-15] Writing "461. foo bar"
03:15:04.051 [reactor-http-nio-2] DEBUG o.s.c.c.CharSequenceEncoder - [b88b3884-15] Writing "462. foo bar"
03:15:04.051 [reactor-http-nio-2] DEBUG o.s.c.c.CharSequenceEncoder - [b88b3884-15] Writing "463. foo bar"
03:15:04.052 [reactor-http-nio-2] DEBUG o.s.c.c.CharSequenceEncoder - [b88b3884-15] Writing "464. foo bar"
03:15:04.052 [reactor-http-nio-2] DEBUG o.s.c.c.CharSequenceEncoder - [b88b3884-15] Writing "465. foo bar"
03:15:04.052 [reactor-http-nio-2] DEBUG o.s.c.c.CharSequenceEncoder - [b88b3884-15] Writing "466. foo bar"
03:15:04.052 [reactor-http-nio-2] DEBUG o.s.c.c.CharSequenceEncoder - [b88b3884-15] Writing "467. foo bar"
03:15:04.053 [reactor-http-nio-2] DEBUG o.s.c.c.CharSequenceEncoder - [b88b3884-15] Writing "468. foo bar"
03:15:04.053 [reactor-http-nio-2] DEBUG o.s.c.c.CharSequenceEncoder - [b88b3884-15] Writing "469. foo bar"
03:15:04.053 [reactor-http-nio-2] DEBUG o.s.c.c.CharSequenceEncoder - [b88b3884-15] Writing "470. foo bar"
03:15:04.053 [reactor-http-nio-2] DEBUG o.s.c.c.CharSequenceEncoder - [b88b3884-15] Writing "471. foo bar"
03:15:04.054 [reactor-http-nio-2] DEBUG o.s.c.c.CharSequenceEncoder - [b88b3884-15] Writing "472. foo bar"
03:15:04.054 [reactor-http-nio-2] DEBUG o.s.c.c.CharSequenceEncoder - [b88b3884-15] Writing "473. foo bar"
03:15:04.054 [reactor-http-nio-2] DEBUG o.s.c.c.CharSequenceEncoder - [b88b3884-15] Writing "474. foo bar"
03:15:04.054 [reactor-http-nio-2] DEBUG o.s.c.c.CharSequenceEncoder - [b88b3884-15] Writing "475. foo bar"
03:15:04.054 [reactor-http-nio-2] DEBUG o.s.c.c.CharSequenceEncoder - [b88b3884-15] Writing "476. foo bar"
03:15:04.054 [reactor-http-nio-2] DEBUG o.s.c.c.CharSequenceEncoder - [b88b3884-15] Writing "477. foo bar"
03:15:04.054 [reactor-http-nio-2] DEBUG o.s.c.c.CharSequenceEncoder - [b88b3884-15] Writing "478. foo bar"
03:15:04.055 [reactor-http-nio-2] DEBUG o.s.c.c.CharSequenceEncoder - [b88b3884-15] Writing "479. foo bar"
03:15:04.055 [reactor-http-nio-2] DEBUG o.s.c.c.CharSequenceEncoder - [b88b3884-15] Writing "480. foo bar"
03:15:04.055 [reactor-http-nio-2] DEBUG o.s.c.c.CharSequenceEncoder - [b88b3884-15] Writing "481. foo bar"
03:15:04.055 [reactor-http-nio-2] DEBUG o.s.c.c.CharSequenceEncoder - [b88b3884-15] Writing "482. foo bar"
03:15:04.055 [reactor-http-nio-2] DEBUG o.s.c.c.CharSequenceEncoder - [b88b3884-15] Writing "483. foo bar"
03:15:04.055 [reactor-http-nio-2] DEBUG o.s.c.c.CharSequenceEncoder - [b88b3884-15] Writing "484. foo bar"
03:15:04.055 [reactor-http-nio-2] DEBUG o.s.c.c.CharSequenceEncoder - [b88b3884-15] Writing "485. foo bar"
03:15:04.055 [reactor-http-nio-2] DEBUG o.s.c.c.CharSequenceEncoder - [b88b3884-15] Writing "486. foo bar"
03:15:04.055 [reactor-http-nio-2] DEBUG o.s.c.c.CharSequenceEncoder - [b88b3884-15] Writing "487. foo bar"
03:15:04.056 [reactor-http-nio-2] DEBUG o.s.c.c.CharSequenceEncoder - [b88b3884-15] Writing "488. foo bar"
03:15:04.056 [reactor-http-nio-2] DEBUG o.s.c.c.CharSequenceEncoder - [b88b3884-15] Writing "489. foo bar"
03:15:04.056 [reactor-http-nio-2] DEBUG o.s.c.c.CharSequenceEncoder - [b88b3884-15] Writing "490. foo bar"
03:15:04.056 [reactor-http-nio-2] DEBUG o.s.c.c.CharSequenceEncoder - [b88b3884-15] Writing "491. foo bar"
03:15:04.056 [reactor-http-nio-2] DEBUG o.s.c.c.CharSequenceEncoder - [b88b3884-15] Writing "492. foo bar"
03:15:04.056 [reactor-http-nio-2] DEBUG o.s.c.c.CharSequenceEncoder - [b88b3884-15] Writing "493. foo bar"
03:15:04.056 [reactor-http-nio-2] DEBUG o.s.c.c.CharSequenceEncoder - [b88b3884-15] Writing "494. foo bar"
03:15:04.056 [reactor-http-nio-2] DEBUG o.s.c.c.CharSequenceEncoder - [b88b3884-15] Writing "495. foo bar"
03:15:04.056 [reactor-http-nio-2] DEBUG o.s.c.c.CharSequenceEncoder - [b88b3884-15] Writing "496. foo bar"
03:15:04.056 [reactor-http-nio-2] DEBUG o.s.c.c.CharSequenceEncoder - [b88b3884-15] Writing "497. foo bar"
03:15:04.057 [reactor-http-nio-2] DEBUG o.s.c.c.CharSequenceEncoder - [b88b3884-15] Writing "498. foo bar"
03:15:04.057 [reactor-http-nio-2] DEBUG o.s.c.c.CharSequenceEncoder - [b88b3884-15] Writing "499. foo bar"
03:15:04.057 [reactor-http-nio-2] DEBUG o.s.c.c.CharSequenceEncoder - [b88b3884-15] Writing "500. foo bar"
03:15:04.057 [reactor-http-nio-2] DEBUG o.s.c.c.CharSequenceEncoder - [b88b3884-15] Writing "501. foo bar"
03:15:04.057 [reactor-http-nio-2] DEBUG o.s.c.c.CharSequenceEncoder - [b88b3884-15] Writing "502. foo bar"
03:15:04.057 [reactor-http-nio-2] DEBUG o.s.c.c.CharSequenceEncoder - [b88b3884-15] Writing "503. foo bar"
03:15:04.057 [reactor-http-nio-2] DEBUG o.s.c.c.CharSequenceEncoder - [b88b3884-15] Writing "504. foo bar"
03:15:04.057 [reactor-http-nio-2] DEBUG o.s.c.c.CharSequenceEncoder - [b88b3884-15] Writing "505. foo bar"
03:15:04.058 [reactor-http-nio-2] DEBUG o.s.c.c.CharSequenceEncoder - [b88b3884-15] Writing "506. foo bar"
03:15:04.058 [reactor-http-nio-2] DEBUG o.s.c.c.CharSequenceEncoder - [b88b3884-15] Writing "507. foo bar"
03:15:04.058 [reactor-http-nio-2] DEBUG o.s.c.c.CharSequenceEncoder - [b88b3884-15] Writing "508. foo bar"
03:15:04.058 [reactor-http-nio-2] DEBUG o.s.c.c.CharSequenceEncoder - [b88b3884-15] Writing "509. foo bar"
03:15:04.058 [reactor-http-nio-2] DEBUG o.s.c.c.CharSequenceEncoder - [b88b3884-15] Writing "510. foo bar"
03:15:04.058 [reactor-http-nio-2] DEBUG o.s.c.c.CharSequenceEncoder - [b88b3884-15] Writing "511. foo bar"
03:15:04.058 [reactor-http-nio-2] DEBUG o.s.c.c.CharSequenceEncoder - [b88b3884-15] Writing "512. foo bar"
03:15:04.071 [reactor-http-nio-2] DEBUG o.s.c.c.CharSequenceEncoder - [b88b3884-15] Writing "513. foo bar"
03:15:04.071 [reactor-http-nio-2] DEBUG o.s.c.c.CharSequenceEncoder - [b88b3884-15] Writing "514. foo bar"
03:15:04.071 [reactor-http-nio-2] DEBUG o.s.c.c.CharSequenceEncoder - [b88b3884-15] Writing "515. foo bar"
03:15:04.071 [reactor-http-nio-2] DEBUG o.s.c.c.CharSequenceEncoder - [b88b3884-15] Writing "516. foo bar"
03:15:04.071 [reactor-http-nio-2] DEBUG o.s.c.c.CharSequenceEncoder - [b88b3884-15] Writing "517. foo bar"
03:15:04.071 [reactor-http-nio-2] DEBUG o.s.c.c.CharSequenceEncoder - [b88b3884-15] Writing "518. foo bar"
03:15:04.072 [reactor-http-nio-2] DEBUG o.s.c.c.CharSequenceEncoder - [b88b3884-15] Writing "519. foo bar"
03:15:04.072 [reactor-http-nio-2] DEBUG o.s.c.c.CharSequenceEncoder - [b88b3884-15] Writing "520. foo bar"
03:15:04.072 [reactor-http-nio-2] DEBUG o.s.c.c.CharSequenceEncoder - [b88b3884-15] Writing "521. foo bar"
03:15:04.072 [reactor-http-nio-2] DEBUG o.s.c.c.CharSequenceEncoder - [b88b3884-15] Writing "522. foo bar"
03:15:04.072 [reactor-http-nio-2] DEBUG o.s.c.c.CharSequenceEncoder - [b88b3884-15] Writing "523. foo bar"
03:15:04.072 [reactor-http-nio-2] DEBUG o.s.c.c.CharSequenceEncoder - [b88b3884-15] Writing "524. foo bar"
03:15:04.073 [reactor-http-nio-2] DEBUG o.s.c.c.CharSequenceEncoder - [b88b3884-15] Writing "525. foo bar"
03:15:04.073 [reactor-http-nio-2] DEBUG o.s.c.c.CharSequenceEncoder - [b88b3884-15] Writing "526. foo bar"
03:15:04.073 [reactor-http-nio-2] DEBUG o.s.c.c.CharSequenceEncoder - [b88b3884-15] Writing "527. foo bar"
03:15:04.073 [reactor-http-nio-2] DEBUG o.s.c.c.CharSequenceEncoder - [b88b3884-15] Writing "528. foo bar"
03:15:04.073 [reactor-http-nio-2] DEBUG o.s.c.c.CharSequenceEncoder - [b88b3884-15] Writing "529. foo bar"
03:15:04.074 [reactor-http-nio-2] DEBUG o.s.c.c.CharSequenceEncoder - [b88b3884-15] Writing "530. foo bar"
03:15:04.074 [reactor-http-nio-2] DEBUG o.s.c.c.CharSequenceEncoder - [b88b3884-15] Writing "531. foo bar"
03:15:04.075 [reactor-http-nio-2] DEBUG o.s.c.c.CharSequenceEncoder - [b88b3884-15] Writing "532. foo bar"
03:15:04.075 [reactor-http-nio-2] DEBUG o.s.c.c.CharSequenceEncoder - [b88b3884-15] Writing "533. foo bar"
03:15:04.075 [reactor-http-nio-2] DEBUG o.s.c.c.CharSequenceEncoder - [b88b3884-15] Writing "534. foo bar"
03:15:04.075 [reactor-http-nio-2] DEBUG o.s.c.c.CharSequenceEncoder - [b88b3884-15] Writing "535. foo bar"
03:15:04.075 [reactor-http-nio-2] DEBUG o.s.c.c.CharSequenceEncoder - [b88b3884-15] Writing "536. foo bar"
03:15:04.075 [reactor-http-nio-2] DEBUG o.s.c.c.CharSequenceEncoder - [b88b3884-15] Writing "537. foo bar"
03:15:04.075 [reactor-http-nio-2] DEBUG o.s.c.c.CharSequenceEncoder - [b88b3884-15] Writing "538. foo bar"
03:15:04.075 [reactor-http-nio-2] DEBUG o.s.c.c.CharSequenceEncoder - [b88b3884-15] Writing "539. foo bar"
03:15:04.076 [reactor-http-nio-2] DEBUG o.s.c.c.CharSequenceEncoder - [b88b3884-15] Writing "540. foo bar"
03:15:04.076 [reactor-http-nio-2] DEBUG o.s.c.c.CharSequenceEncoder - [b88b3884-15] Writing "541. foo bar"
03:15:04.076 [reactor-http-nio-2] DEBUG o.s.c.c.CharSequenceEncoder - [b88b3884-15] Writing "542. foo bar"
03:15:04.076 [reactor-http-nio-2] DEBUG o.s.c.c.CharSequenceEncoder - [b88b3884-15] Writing "543. foo bar"
03:15:04.076 [reactor-http-nio-2] DEBUG o.s.c.c.CharSequenceEncoder - [b88b3884-15] Writing "544. foo bar"
03:15:04.076 [reactor-http-nio-2] DEBUG o.s.c.c.CharSequenceEncoder - [b88b3884-15] Writing "545. foo bar"
03:15:04.076 [reactor-http-nio-2] DEBUG o.s.c.c.CharSequenceEncoder - [b88b3884-15] Writing "546. foo bar"
03:15:04.076 [reactor-http-nio-2] DEBUG o.s.c.c.CharSequenceEncoder - [b88b3884-15] Writing "547. foo bar"
03:15:04.076 [reactor-http-nio-2] DEBUG o.s.c.c.CharSequenceEncoder - [b88b3884-15] Writing "548. foo bar"
03:15:04.076 [reactor-http-nio-2] DEBUG o.s.c.c.CharSequenceEncoder - [b88b3884-15] Writing "549. foo bar"
03:15:04.076 [reactor-http-nio-2] DEBUG o.s.c.c.CharSequenceEncoder - [b88b3884-15] Writing "550. foo bar"
03:15:04.076 [reactor-http-nio-2] DEBUG o.s.c.c.CharSequenceEncoder - [b88b3884-15] Writing "551. foo bar"
03:15:04.076 [reactor-http-nio-2] DEBUG o.s.c.c.CharSequenceEncoder - [b88b3884-15] Writing "552. foo bar"
03:15:04.076 [reactor-http-nio-2] DEBUG o.s.c.c.CharSequenceEncoder - [b88b3884-15] Writing "553. foo bar"
03:15:04.076 [reactor-http-nio-2] DEBUG o.s.c.c.CharSequenceEncoder - [b88b3884-15] Writing "554. foo bar"
03:15:04.076 [reactor-http-nio-2] DEBUG o.s.c.c.CharSequenceEncoder - [b88b3884-15] Writing "555. foo bar"
03:15:04.076 [reactor-http-nio-2] DEBUG o.s.c.c.CharSequenceEncoder - [b88b3884-15] Writing "556. foo bar"
03:15:04.077 [reactor-http-nio-2] DEBUG o.s.c.c.CharSequenceEncoder - [b88b3884-15] Writing "557. foo bar"
03:15:04.077 [reactor-http-nio-2] DEBUG o.s.c.c.CharSequenceEncoder - [b88b3884-15] Writing "558. foo bar"
03:15:04.077 [reactor-http-nio-2] DEBUG o.s.c.c.CharSequenceEncoder - [b88b3884-15] Writing "559. foo bar"
03:15:04.077 [reactor-http-nio-2] DEBUG o.s.c.c.CharSequenceEncoder - [b88b3884-15] Writing "560. foo bar"
03:15:04.077 [reactor-http-nio-2] DEBUG o.s.c.c.CharSequenceEncoder - [b88b3884-15] Writing "561. foo bar"
03:15:04.077 [reactor-http-nio-2] DEBUG o.s.c.c.CharSequenceEncoder - [b88b3884-15] Writing "562. foo bar"
03:15:04.077 [reactor-http-nio-2] DEBUG o.s.c.c.CharSequenceEncoder - [b88b3884-15] Writing "563. foo bar"
03:15:04.077 [reactor-http-nio-2] DEBUG o.s.c.c.CharSequenceEncoder - [b88b3884-15] Writing "564. foo bar"
03:15:04.077 [reactor-http-nio-2] DEBUG o.s.c.c.CharSequenceEncoder - [b88b3884-15] Writing "565. foo bar"
03:15:04.077 [reactor-http-nio-2] DEBUG o.s.c.c.CharSequenceEncoder - [b88b3884-15] Writing "566. foo bar"
03:15:04.077 [reactor-http-nio-2] DEBUG o.s.c.c.CharSequenceEncoder - [b88b3884-15] Writing "567. foo bar"
03:15:04.077 [reactor-http-nio-2] DEBUG o.s.c.c.CharSequenceEncoder - [b88b3884-15] Writing "568. foo bar"
03:15:04.077 [reactor-http-nio-2] DEBUG o.s.c.c.CharSequenceEncoder - [b88b3884-15] Writing "569. foo bar"
03:15:04.077 [reactor-http-nio-2] DEBUG o.s.c.c.CharSequenceEncoder - [b88b3884-15] Writing "570. foo bar"
03:15:04.077 [reactor-http-nio-2] DEBUG o.s.c.c.CharSequenceEncoder - [b88b3884-15] Writing "571. foo bar"
03:15:04.077 [reactor-http-nio-2] DEBUG o.s.c.c.CharSequenceEncoder - [b88b3884-15] Writing "572. foo bar"
03:15:04.078 [reactor-http-nio-2] DEBUG o.s.c.c.CharSequenceEncoder - [b88b3884-15] Writing "573. foo bar"
03:15:04.078 [reactor-http-nio-2] DEBUG o.s.c.c.CharSequenceEncoder - [b88b3884-15] Writing "574. foo bar"
03:15:04.078 [reactor-http-nio-2] DEBUG o.s.c.c.CharSequenceEncoder - [b88b3884-15] Writing "575. foo bar"
03:15:04.078 [reactor-http-nio-2] DEBUG o.s.c.c.CharSequenceEncoder - [b88b3884-15] Writing "576. foo bar"
03:15:04.106 [reactor-http-nio-2] DEBUG o.s.c.c.CharSequenceEncoder - [b88b3884-15] Writing "577. foo bar"
03:15:04.107 [reactor-http-nio-2] DEBUG o.s.c.c.CharSequenceEncoder - [b88b3884-15] Writing "578. foo bar"
03:15:04.107 [reactor-http-nio-2] DEBUG o.s.c.c.CharSequenceEncoder - [b88b3884-15] Writing "579. foo bar"
03:15:04.107 [reactor-http-nio-2] DEBUG o.s.c.c.CharSequenceEncoder - [b88b3884-15] Writing "580. foo bar"
03:15:04.107 [reactor-http-nio-2] DEBUG o.s.c.c.CharSequenceEncoder - [b88b3884-15] Writing "581. foo bar"
03:15:04.108 [reactor-http-nio-2] DEBUG o.s.c.c.CharSequenceEncoder - [b88b3884-15] Writing "582. foo bar"
03:15:04.108 [reactor-http-nio-2] DEBUG o.s.c.c.CharSequenceEncoder - [b88b3884-15] Writing "583. foo bar"
03:15:04.108 [reactor-http-nio-2] DEBUG o.s.c.c.CharSequenceEncoder - [b88b3884-15] Writing "584. foo bar"
03:15:04.108 [reactor-http-nio-2] DEBUG o.s.c.c.CharSequenceEncoder - [b88b3884-15] Writing "585. foo bar"
03:15:04.108 [reactor-http-nio-2] DEBUG o.s.c.c.CharSequenceEncoder - [b88b3884-15] Writing "586. foo bar"
03:15:04.108 [reactor-http-nio-2] DEBUG o.s.c.c.CharSequenceEncoder - [b88b3884-15] Writing "587. foo bar"
03:15:04.108 [reactor-http-nio-2] DEBUG o.s.c.c.CharSequenceEncoder - [b88b3884-15] Writing "588. foo bar"
03:15:04.108 [reactor-http-nio-2] DEBUG o.s.c.c.CharSequenceEncoder - [b88b3884-15] Writing "589. foo bar"
03:15:04.108 [reactor-http-nio-2] DEBUG o.s.c.c.CharSequenceEncoder - [b88b3884-15] Writing "590. foo bar"
03:15:04.108 [reactor-http-nio-2] DEBUG o.s.c.c.CharSequenceEncoder - [b88b3884-15] Writing "591. foo bar"
03:15:04.108 [reactor-http-nio-2] DEBUG o.s.c.c.CharSequenceEncoder - [b88b3884-15] Writing "592. foo bar"
03:15:04.108 [reactor-http-nio-2] DEBUG o.s.c.c.CharSequenceEncoder - [b88b3884-15] Writing "593. foo bar"
03:15:04.108 [reactor-http-nio-2] DEBUG o.s.c.c.CharSequenceEncoder - [b88b3884-15] Writing "594. foo bar"
03:15:04.108 [reactor-http-nio-2] DEBUG o.s.c.c.CharSequenceEncoder - [b88b3884-15] Writing "595. foo bar"
03:15:04.108 [reactor-http-nio-2] DEBUG o.s.c.c.CharSequenceEncoder - [b88b3884-15] Writing "596. foo bar"
03:15:04.108 [reactor-http-nio-2] DEBUG o.s.c.c.CharSequenceEncoder - [b88b3884-15] Writing "597. foo bar"
03:15:04.108 [reactor-http-nio-2] DEBUG o.s.c.c.CharSequenceEncoder - [b88b3884-15] Writing "598. foo bar"
03:15:04.108 [reactor-http-nio-2] DEBUG o.s.c.c.CharSequenceEncoder - [b88b3884-15] Writing "599. foo bar"
03:15:04.108 [reactor-http-nio-2] DEBUG o.s.c.c.CharSequenceEncoder - [b88b3884-15] Writing "600. foo bar"
03:15:04.108 [reactor-http-nio-2] DEBUG o.s.c.c.CharSequenceEncoder - [b88b3884-15] Writing "601. foo bar"
03:15:04.108 [reactor-http-nio-2] DEBUG o.s.c.c.CharSequenceEncoder - [b88b3884-15] Writing "602. foo bar"
03:15:04.108 [reactor-http-nio-2] DEBUG o.s.c.c.CharSequenceEncoder - [b88b3884-15] Writing "603. foo bar"
03:15:04.109 [reactor-http-nio-2] DEBUG o.s.c.c.CharSequenceEncoder - [b88b3884-15] Writing "604. foo bar"
03:15:04.109 [reactor-http-nio-2] DEBUG o.s.c.c.CharSequenceEncoder - [b88b3884-15] Writing "605. foo bar"
03:15:04.109 [reactor-http-nio-2] DEBUG o.s.c.c.CharSequenceEncoder - [b88b3884-15] Writing "606. foo bar"
03:15:04.109 [reactor-http-nio-2] DEBUG o.s.c.c.CharSequenceEncoder - [b88b3884-15] Writing "607. foo bar"
03:15:04.109 [reactor-http-nio-2] DEBUG o.s.c.c.CharSequenceEncoder - [b88b3884-15] Writing "608. foo bar"
03:15:04.109 [reactor-http-nio-2] DEBUG o.s.c.c.CharSequenceEncoder - [b88b3884-15] Writing "609. foo bar"
03:15:04.109 [reactor-http-nio-2] DEBUG o.s.c.c.CharSequenceEncoder - [b88b3884-15] Writing "610. foo bar"
03:15:04.110 [reactor-http-nio-2] DEBUG o.s.c.c.CharSequenceEncoder - [b88b3884-15] Writing "611. foo bar"
03:15:04.110 [reactor-http-nio-2] DEBUG o.s.c.c.CharSequenceEncoder - [b88b3884-15] Writing "612. foo bar"
03:15:04.110 [reactor-http-nio-2] DEBUG o.s.c.c.CharSequenceEncoder - [b88b3884-15] Writing "613. foo bar"
03:15:04.110 [reactor-http-nio-2] DEBUG o.s.c.c.CharSequenceEncoder - [b88b3884-15] Writing "614. foo bar"
03:15:04.119 [reactor-http-nio-2] DEBUG o.s.c.c.CharSequenceEncoder - [b88b3884-15] Writing "615. foo bar"
03:15:04.119 [reactor-http-nio-2] DEBUG o.s.c.c.CharSequenceEncoder - [b88b3884-15] Writing "616. foo bar"
03:15:04.120 [reactor-http-nio-2] DEBUG o.s.c.c.CharSequenceEncoder - [b88b3884-15] Writing "617. foo bar"
03:15:04.120 [reactor-http-nio-2] DEBUG o.s.c.c.CharSequenceEncoder - [b88b3884-15] Writing "618. foo bar"
03:15:04.120 [reactor-http-nio-2] DEBUG o.s.c.c.CharSequenceEncoder - [b88b3884-15] Writing "619. foo bar"
03:15:04.120 [reactor-http-nio-2] DEBUG o.s.c.c.CharSequenceEncoder - [b88b3884-15] Writing "620. foo bar"
03:15:04.120 [reactor-http-nio-2] DEBUG o.s.c.c.CharSequenceEncoder - [b88b3884-15] Writing "621. foo bar"
03:15:04.120 [reactor-http-nio-2] DEBUG o.s.c.c.CharSequenceEncoder - [b88b3884-15] Writing "622. foo bar"
03:15:04.120 [reactor-http-nio-2] DEBUG o.s.c.c.CharSequenceEncoder - [b88b3884-15] Writing "623. foo bar"
03:15:04.121 [reactor-http-nio-2] DEBUG o.s.c.c.CharSequenceEncoder - [b88b3884-15] Writing "624. foo bar"
03:15:04.121 [reactor-http-nio-2] DEBUG o.s.c.c.CharSequenceEncoder - [b88b3884-15] Writing "625. foo bar"
03:15:04.121 [reactor-http-nio-2] DEBUG o.s.c.c.CharSequenceEncoder - [b88b3884-15] Writing "626. foo bar"
03:15:04.121 [reactor-http-nio-2] DEBUG o.s.c.c.CharSequenceEncoder - [b88b3884-15] Writing "627. foo bar"
03:15:04.121 [reactor-http-nio-2] DEBUG o.s.c.c.CharSequenceEncoder - [b88b3884-15] Writing "628. foo bar"
03:15:04.121 [reactor-http-nio-2] DEBUG o.s.c.c.CharSequenceEncoder - [b88b3884-15] Writing "629. foo bar"
03:15:04.121 [reactor-http-nio-2] DEBUG o.s.c.c.CharSequenceEncoder - [b88b3884-15] Writing "630. foo bar"
03:15:04.121 [reactor-http-nio-2] DEBUG o.s.c.c.CharSequenceEncoder - [b88b3884-15] Writing "631. foo bar"
03:15:04.121 [reactor-http-nio-2] DEBUG o.s.c.c.CharSequenceEncoder - [b88b3884-15] Writing "632. foo bar"
03:15:04.121 [reactor-http-nio-2] DEBUG o.s.c.c.CharSequenceEncoder - [b88b3884-15] Writing "633. foo bar"
03:15:04.121 [reactor-http-nio-2] DEBUG o.s.c.c.CharSequenceEncoder - [b88b3884-15] Writing "634. foo bar"
03:15:04.121 [reactor-http-nio-2] DEBUG o.s.c.c.CharSequenceEncoder - [b88b3884-15] Writing "635. foo bar"
03:15:04.121 [reactor-http-nio-2] DEBUG o.s.c.c.CharSequenceEncoder - [b88b3884-15] Writing "636. foo bar"
03:15:04.121 [reactor-http-nio-2] DEBUG o.s.c.c.CharSequenceEncoder - [b88b3884-15] Writing "637. foo bar"
03:15:04.122 [reactor-http-nio-2] DEBUG o.s.c.c.CharSequenceEncoder - [b88b3884-15] Writing "638. foo bar"
03:15:04.122 [reactor-http-nio-2] DEBUG o.s.c.c.CharSequenceEncoder - [b88b3884-15] Writing "639. foo bar"
03:15:04.122 [reactor-http-nio-2] DEBUG o.s.c.c.CharSequenceEncoder - [b88b3884-15] Writing "640. foo bar"
03:15:04.139 [reactor-http-nio-2] DEBUG o.s.c.c.CharSequenceEncoder - [b88b3884-15] Writing "641. foo bar"
03:15:04.139 [reactor-http-nio-2] DEBUG o.s.c.c.CharSequenceEncoder - [b88b3884-15] Writing "642. foo bar"
03:15:04.139 [reactor-http-nio-2] DEBUG o.s.c.c.CharSequenceEncoder - [b88b3884-15] Writing "643. foo bar"
03:15:04.139 [reactor-http-nio-2] DEBUG o.s.c.c.CharSequenceEncoder - [b88b3884-15] Writing "644. foo bar"
03:15:04.139 [reactor-http-nio-2] DEBUG o.s.c.c.CharSequenceEncoder - [b88b3884-15] Writing "645. foo bar"
03:15:04.139 [reactor-http-nio-2] DEBUG o.s.c.c.CharSequenceEncoder - [b88b3884-15] Writing "646. foo bar"
03:15:04.139 [reactor-http-nio-2] DEBUG o.s.c.c.CharSequenceEncoder - [b88b3884-15] Writing "647. foo bar"
03:15:04.139 [reactor-http-nio-2] DEBUG o.s.c.c.CharSequenceEncoder - [b88b3884-15] Writing "648. foo bar"
03:15:04.139 [reactor-http-nio-2] DEBUG o.s.c.c.CharSequenceEncoder - [b88b3884-15] Writing "649. foo bar"
03:15:04.139 [reactor-http-nio-2] DEBUG o.s.c.c.CharSequenceEncoder - [b88b3884-15] Writing "650. foo bar"
03:15:04.139 [reactor-http-nio-2] DEBUG o.s.c.c.CharSequenceEncoder - [b88b3884-15] Writing "651. foo bar"
03:15:04.139 [reactor-http-nio-2] DEBUG o.s.c.c.CharSequenceEncoder - [b88b3884-15] Writing "652. foo bar"
03:15:04.139 [reactor-http-nio-2] DEBUG o.s.c.c.CharSequenceEncoder - [b88b3884-15] Writing "653. foo bar"
03:15:04.139 [reactor-http-nio-2] DEBUG o.s.c.c.CharSequenceEncoder - [b88b3884-15] Writing "654. foo bar"
03:15:04.139 [reactor-http-nio-2] DEBUG o.s.c.c.CharSequenceEncoder - [b88b3884-15] Writing "655. foo bar"
03:15:04.139 [reactor-http-nio-2] DEBUG o.s.c.c.CharSequenceEncoder - [b88b3884-15] Writing "656. foo bar"
03:15:04.139 [reactor-http-nio-2] DEBUG o.s.c.c.CharSequenceEncoder - [b88b3884-15] Writing "657. foo bar"
03:15:04.139 [reactor-http-nio-2] DEBUG o.s.c.c.CharSequenceEncoder - [b88b3884-15] Writing "658. foo bar"
03:15:04.139 [reactor-http-nio-2] DEBUG o.s.c.c.CharSequenceEncoder - [b88b3884-15] Writing "659. foo bar"
03:15:04.139 [reactor-http-nio-2] DEBUG o.s.c.c.CharSequenceEncoder - [b88b3884-15] Writing "660. foo bar"
03:15:04.140 [reactor-http-nio-2] DEBUG o.s.c.c.CharSequenceEncoder - [b88b3884-15] Writing "661. foo bar"
03:15:04.140 [reactor-http-nio-2] DEBUG o.s.c.c.CharSequenceEncoder - [b88b3884-15] Writing "662. foo bar"
03:15:04.140 [reactor-http-nio-2] DEBUG o.s.c.c.CharSequenceEncoder - [b88b3884-15] Writing "663. foo bar"
03:15:04.140 [reactor-http-nio-2] DEBUG o.s.c.c.CharSequenceEncoder - [b88b3884-15] Writing "664. foo bar"
03:15:04.140 [reactor-http-nio-2] DEBUG o.s.c.c.CharSequenceEncoder - [b88b3884-15] Writing "665. foo bar"
03:15:04.140 [reactor-http-nio-2] DEBUG o.s.c.c.CharSequenceEncoder - [b88b3884-15] Writing "666. foo bar"
03:15:04.140 [reactor-http-nio-2] DEBUG o.s.c.c.CharSequenceEncoder - [b88b3884-15] Writing "667. foo bar"
03:15:04.140 [reactor-http-nio-2] DEBUG o.s.c.c.CharSequenceEncoder - [b88b3884-15] Writing "668. foo bar"
03:15:04.140 [reactor-http-nio-2] DEBUG o.s.c.c.CharSequenceEncoder - [b88b3884-15] Writing "669. foo bar"
03:15:04.140 [reactor-http-nio-2] DEBUG o.s.c.c.CharSequenceEncoder - [b88b3884-15] Writing "670. foo bar"
03:15:04.140 [reactor-http-nio-2] DEBUG o.s.c.c.CharSequenceEncoder - [b88b3884-15] Writing "671. foo bar"
03:15:04.140 [reactor-http-nio-2] DEBUG o.s.c.c.CharSequenceEncoder - [b88b3884-15] Writing "672. foo bar"
03:15:04.140 [reactor-http-nio-2] DEBUG o.s.c.c.CharSequenceEncoder - [b88b3884-15] Writing "673. foo bar"
03:15:04.140 [reactor-http-nio-2] DEBUG o.s.c.c.CharSequenceEncoder - [b88b3884-15] Writing "674. foo bar"
03:15:04.140 [reactor-http-nio-2] DEBUG o.s.c.c.CharSequenceEncoder - [b88b3884-15] Writing "675. foo bar"
03:15:04.140 [reactor-http-nio-2] DEBUG o.s.c.c.CharSequenceEncoder - [b88b3884-15] Writing "676. foo bar"
03:15:04.140 [reactor-http-nio-2] DEBUG o.s.c.c.CharSequenceEncoder - [b88b3884-15] Writing "677. foo bar"
03:15:04.140 [reactor-http-nio-2] DEBUG o.s.c.c.CharSequenceEncoder - [b88b3884-15] Writing "678. foo bar"
03:15:04.140 [reactor-http-nio-2] DEBUG o.s.c.c.CharSequenceEncoder - [b88b3884-15] Writing "679. foo bar"
03:15:04.140 [reactor-http-nio-2] DEBUG o.s.c.c.CharSequenceEncoder - [b88b3884-15] Writing "680. foo bar"
03:15:04.140 [reactor-http-nio-2] DEBUG o.s.c.c.CharSequenceEncoder - [b88b3884-15] Writing "681. foo bar"
03:15:04.140 [reactor-http-nio-2] DEBUG o.s.c.c.CharSequenceEncoder - [b88b3884-15] Writing "682. foo bar"
03:15:04.140 [reactor-http-nio-2] DEBUG o.s.c.c.CharSequenceEncoder - [b88b3884-15] Writing "683. foo bar"
03:15:04.140 [reactor-http-nio-2] DEBUG o.s.c.c.CharSequenceEncoder - [b88b3884-15] Writing "684. foo bar"
03:15:04.140 [reactor-http-nio-2] DEBUG o.s.c.c.CharSequenceEncoder - [b88b3884-15] Writing "685. foo bar"
03:15:04.140 [reactor-http-nio-2] DEBUG o.s.c.c.CharSequenceEncoder - [b88b3884-15] Writing "686. foo bar"
03:15:04.140 [reactor-http-nio-2] DEBUG o.s.c.c.CharSequenceEncoder - [b88b3884-15] Writing "687. foo bar"
03:15:04.140 [reactor-http-nio-2] DEBUG o.s.c.c.CharSequenceEncoder - [b88b3884-15] Writing "688. foo bar"
03:15:04.140 [reactor-http-nio-2] DEBUG o.s.c.c.CharSequenceEncoder - [b88b3884-15] Writing "689. foo bar"
03:15:04.140 [reactor-http-nio-2] DEBUG o.s.c.c.CharSequenceEncoder - [b88b3884-15] Writing "690. foo bar"
03:15:04.140 [reactor-http-nio-2] DEBUG o.s.c.c.CharSequenceEncoder - [b88b3884-15] Writing "691. foo bar"
03:15:04.140 [reactor-http-nio-2] DEBUG o.s.c.c.CharSequenceEncoder - [b88b3884-15] Writing "692. foo bar"
03:15:04.140 [reactor-http-nio-2] DEBUG o.s.c.c.CharSequenceEncoder - [b88b3884-15] Writing "693. foo bar"
03:15:04.140 [reactor-http-nio-2] DEBUG o.s.c.c.CharSequenceEncoder - [b88b3884-15] Writing "694. foo bar"
03:15:04.140 [reactor-http-nio-2] DEBUG o.s.c.c.CharSequenceEncoder - [b88b3884-15] Writing "695. foo bar"
03:15:04.140 [reactor-http-nio-2] DEBUG o.s.c.c.CharSequenceEncoder - [b88b3884-15] Writing "696. foo bar"
03:15:04.141 [reactor-http-nio-2] DEBUG o.s.c.c.CharSequenceEncoder - [b88b3884-15] Writing "697. foo bar"
03:15:04.141 [reactor-http-nio-2] DEBUG o.s.c.c.CharSequenceEncoder - [b88b3884-15] Writing "698. foo bar"
03:15:04.141 [reactor-http-nio-2] DEBUG o.s.c.c.CharSequenceEncoder - [b88b3884-15] Writing "699. foo bar"
03:15:04.141 [reactor-http-nio-2] DEBUG o.s.c.c.CharSequenceEncoder - [b88b3884-15] Writing "700. foo bar"
03:15:04.141 [reactor-http-nio-2] DEBUG o.s.c.c.CharSequenceEncoder - [b88b3884-15] Writing "701. foo bar"
03:15:04.141 [reactor-http-nio-2] DEBUG o.s.c.c.CharSequenceEncoder - [b88b3884-15] Writing "702. foo bar"
03:15:04.141 [reactor-http-nio-2] DEBUG o.s.c.c.CharSequenceEncoder - [b88b3884-15] Writing "703. foo bar"
03:15:04.141 [reactor-http-nio-2] DEBUG o.s.c.c.CharSequenceEncoder - [b88b3884-15] Writing "704. foo bar"
03:15:04.161 [reactor-http-nio-2] DEBUG o.s.c.c.CharSequenceEncoder - [b88b3884-15] Writing "705. foo bar"
03:15:04.161 [reactor-http-nio-2] DEBUG o.s.c.c.CharSequenceEncoder - [b88b3884-15] Writing "706. foo bar"
03:15:04.162 [reactor-http-nio-2] DEBUG o.s.c.c.CharSequenceEncoder - [b88b3884-15] Writing "707. foo bar"
03:15:04.162 [reactor-http-nio-2] DEBUG o.s.c.c.CharSequenceEncoder - [b88b3884-15] Writing "708. foo bar"
03:15:04.162 [reactor-http-nio-2] DEBUG o.s.c.c.CharSequenceEncoder - [b88b3884-15] Writing "709. foo bar"
03:15:04.162 [reactor-http-nio-2] DEBUG o.s.c.c.CharSequenceEncoder - [b88b3884-15] Writing "710. foo bar"
03:15:04.162 [reactor-http-nio-2] DEBUG o.s.c.c.CharSequenceEncoder - [b88b3884-15] Writing "711. foo bar"
03:15:04.162 [reactor-http-nio-2] DEBUG o.s.c.c.CharSequenceEncoder - [b88b3884-15] Writing "712. foo bar"
03:15:04.162 [reactor-http-nio-2] DEBUG o.s.c.c.CharSequenceEncoder - [b88b3884-15] Writing "713. foo bar"
03:15:04.162 [reactor-http-nio-2] DEBUG o.s.c.c.CharSequenceEncoder - [b88b3884-15] Writing "714. foo bar"
03:15:04.162 [reactor-http-nio-2] DEBUG o.s.c.c.CharSequenceEncoder - [b88b3884-15] Writing "715. foo bar"
03:15:04.162 [reactor-http-nio-2] DEBUG o.s.c.c.CharSequenceEncoder - [b88b3884-15] Writing "716. foo bar"
03:15:04.162 [reactor-http-nio-2] DEBUG o.s.c.c.CharSequenceEncoder - [b88b3884-15] Writing "717. foo bar"
03:15:04.162 [reactor-http-nio-2] DEBUG o.s.c.c.CharSequenceEncoder - [b88b3884-15] Writing "718. foo bar"
03:15:04.162 [reactor-http-nio-2] DEBUG o.s.c.c.CharSequenceEncoder - [b88b3884-15] Writing "719. foo bar"
03:15:04.162 [reactor-http-nio-2] DEBUG o.s.c.c.CharSequenceEncoder - [b88b3884-15] Writing "720. foo bar"
03:15:04.162 [reactor-http-nio-2] DEBUG o.s.c.c.CharSequenceEncoder - [b88b3884-15] Writing "721. foo bar"
03:15:04.162 [reactor-http-nio-2] DEBUG o.s.c.c.CharSequenceEncoder - [b88b3884-15] Writing "722. foo bar"
03:15:04.162 [reactor-http-nio-2] DEBUG o.s.c.c.CharSequenceEncoder - [b88b3884-15] Writing "723. foo bar"
03:15:04.162 [reactor-http-nio-2] DEBUG o.s.c.c.CharSequenceEncoder - [b88b3884-15] Writing "724. foo bar"
03:15:04.162 [reactor-http-nio-2] DEBUG o.s.c.c.CharSequenceEncoder - [b88b3884-15] Writing "725. foo bar"
03:15:04.162 [reactor-http-nio-2] DEBUG o.s.c.c.CharSequenceEncoder - [b88b3884-15] Writing "726. foo bar"
03:15:04.162 [reactor-http-nio-2] DEBUG o.s.c.c.CharSequenceEncoder - [b88b3884-15] Writing "727. foo bar"
03:15:04.162 [reactor-http-nio-2] DEBUG o.s.c.c.CharSequenceEncoder - [b88b3884-15] Writing "728. foo bar"
03:15:04.162 [reactor-http-nio-2] DEBUG o.s.c.c.CharSequenceEncoder - [b88b3884-15] Writing "729. foo bar"
03:15:04.162 [reactor-http-nio-2] DEBUG o.s.c.c.CharSequenceEncoder - [b88b3884-15] Writing "730. foo bar"
03:15:04.162 [reactor-http-nio-2] DEBUG o.s.c.c.CharSequenceEncoder - [b88b3884-15] Writing "731. foo bar"
03:15:04.162 [reactor-http-nio-2] DEBUG o.s.c.c.CharSequenceEncoder - [b88b3884-15] Writing "732. foo bar"
03:15:04.162 [reactor-http-nio-2] DEBUG o.s.c.c.CharSequenceEncoder - [b88b3884-15] Writing "733. foo bar"
03:15:04.162 [reactor-http-nio-2] DEBUG o.s.c.c.CharSequenceEncoder - [b88b3884-15] Writing "734. foo bar"
03:15:04.162 [reactor-http-nio-2] DEBUG o.s.c.c.CharSequenceEncoder - [b88b3884-15] Writing "735. foo bar"
03:15:04.162 [reactor-http-nio-2] DEBUG o.s.c.c.CharSequenceEncoder - [b88b3884-15] Writing "736. foo bar"
03:15:04.162 [reactor-http-nio-2] DEBUG o.s.c.c.CharSequenceEncoder - [b88b3884-15] Writing "737. foo bar"
03:15:04.162 [reactor-http-nio-2] DEBUG o.s.c.c.CharSequenceEncoder - [b88b3884-15] Writing "738. foo bar"
03:15:04.162 [reactor-http-nio-2] DEBUG o.s.c.c.CharSequenceEncoder - [b88b3884-15] Writing "739. foo bar"
03:15:04.162 [reactor-http-nio-2] DEBUG o.s.c.c.CharSequenceEncoder - [b88b3884-15] Writing "740. foo bar"
03:15:04.162 [reactor-http-nio-2] DEBUG o.s.c.c.CharSequenceEncoder - [b88b3884-15] Writing "741. foo bar"
03:15:04.163 [reactor-http-nio-2] DEBUG o.s.c.c.CharSequenceEncoder - [b88b3884-15] Writing "742. foo bar"
03:15:04.163 [reactor-http-nio-2] DEBUG o.s.c.c.CharSequenceEncoder - [b88b3884-15] Writing "743. foo bar"
03:15:04.163 [reactor-http-nio-2] DEBUG o.s.c.c.CharSequenceEncoder - [b88b3884-15] Writing "744. foo bar"
03:15:04.163 [reactor-http-nio-2] DEBUG o.s.c.c.CharSequenceEncoder - [b88b3884-15] Writing "745. foo bar"
03:15:04.163 [reactor-http-nio-2] DEBUG o.s.c.c.CharSequenceEncoder - [b88b3884-15] Writing "746. foo bar"
03:15:04.163 [reactor-http-nio-2] DEBUG o.s.c.c.CharSequenceEncoder - [b88b3884-15] Writing "747. foo bar"
03:15:04.163 [reactor-http-nio-2] DEBUG o.s.c.c.CharSequenceEncoder - [b88b3884-15] Writing "748. foo bar"
03:15:04.163 [reactor-http-nio-2] DEBUG o.s.c.c.CharSequenceEncoder - [b88b3884-15] Writing "749. foo bar"
03:15:04.163 [reactor-http-nio-2] DEBUG o.s.c.c.CharSequenceEncoder - [b88b3884-15] Writing "750. foo bar"
03:15:04.163 [reactor-http-nio-2] DEBUG o.s.c.c.CharSequenceEncoder - [b88b3884-15] Writing "751. foo bar"
03:15:04.163 [reactor-http-nio-2] DEBUG o.s.c.c.CharSequenceEncoder - [b88b3884-15] Writing "752. foo bar"
03:15:04.163 [reactor-http-nio-2] DEBUG o.s.c.c.CharSequenceEncoder - [b88b3884-15] Writing "753. foo bar"
03:15:04.163 [reactor-http-nio-2] DEBUG o.s.c.c.CharSequenceEncoder - [b88b3884-15] Writing "754. foo bar"
03:15:04.163 [reactor-http-nio-2] DEBUG o.s.c.c.CharSequenceEncoder - [b88b3884-15] Writing "755. foo bar"
03:15:04.163 [reactor-http-nio-2] DEBUG o.s.c.c.CharSequenceEncoder - [b88b3884-15] Writing "756. foo bar"
03:15:04.163 [reactor-http-nio-2] DEBUG o.s.c.c.CharSequenceEncoder - [b88b3884-15] Writing "757. foo bar"
03:15:04.163 [reactor-http-nio-2] DEBUG o.s.c.c.CharSequenceEncoder - [b88b3884-15] Writing "758. foo bar"
03:15:04.163 [reactor-http-nio-2] DEBUG o.s.c.c.CharSequenceEncoder - [b88b3884-15] Writing "759. foo bar"
03:15:04.163 [reactor-http-nio-2] DEBUG o.s.c.c.CharSequenceEncoder - [b88b3884-15] Writing "760. foo bar"
03:15:04.163 [reactor-http-nio-2] DEBUG o.s.c.c.CharSequenceEncoder - [b88b3884-15] Writing "761. foo bar"
03:15:04.163 [reactor-http-nio-2] DEBUG o.s.c.c.CharSequenceEncoder - [b88b3884-15] Writing "762. foo bar"
03:15:04.163 [reactor-http-nio-2] DEBUG o.s.c.c.CharSequenceEncoder - [b88b3884-15] Writing "763. foo bar"
03:15:04.163 [reactor-http-nio-2] DEBUG o.s.c.c.CharSequenceEncoder - [b88b3884-15] Writing "764. foo bar"
03:15:04.163 [reactor-http-nio-2] DEBUG o.s.c.c.CharSequenceEncoder - [b88b3884-15] Writing "765. foo bar"
03:15:04.163 [reactor-http-nio-2] DEBUG o.s.c.c.CharSequenceEncoder - [b88b3884-15] Writing "766. foo bar"
03:15:04.163 [reactor-http-nio-2] DEBUG o.s.c.c.CharSequenceEncoder - [b88b3884-15] Writing "767. foo bar"
03:15:04.163 [reactor-http-nio-2] DEBUG o.s.c.c.CharSequenceEncoder - [b88b3884-15] Writing "768. foo bar"
03:15:04.181 [reactor-http-nio-2] DEBUG o.s.c.c.CharSequenceEncoder - [b88b3884-15] Writing "769. foo bar"
03:15:04.181 [reactor-http-nio-2] DEBUG o.s.c.c.CharSequenceEncoder - [b88b3884-15] Writing "770. foo bar"
03:15:04.181 [reactor-http-nio-2] DEBUG o.s.c.c.CharSequenceEncoder - [b88b3884-15] Writing "771. foo bar"
03:15:04.181 [reactor-http-nio-2] DEBUG o.s.c.c.CharSequenceEncoder - [b88b3884-15] Writing "772. foo bar"
03:15:04.181 [reactor-http-nio-2] DEBUG o.s.c.c.CharSequenceEncoder - [b88b3884-15] Writing "773. foo bar"
03:15:04.182 [reactor-http-nio-2] DEBUG o.s.c.c.CharSequenceEncoder - [b88b3884-15] Writing "774. foo bar"
03:15:04.182 [reactor-http-nio-2] DEBUG o.s.c.c.CharSequenceEncoder - [b88b3884-15] Writing "775. foo bar"
03:15:04.182 [reactor-http-nio-2] DEBUG o.s.c.c.CharSequenceEncoder - [b88b3884-15] Writing "776. foo bar"
03:15:04.182 [reactor-http-nio-2] DEBUG o.s.c.c.CharSequenceEncoder - [b88b3884-15] Writing "777. foo bar"
03:15:04.182 [reactor-http-nio-2] DEBUG o.s.c.c.CharSequenceEncoder - [b88b3884-15] Writing "778. foo bar"
03:15:04.182 [reactor-http-nio-2] DEBUG o.s.c.c.CharSequenceEncoder - [b88b3884-15] Writing "779. foo bar"
03:15:04.182 [reactor-http-nio-2] DEBUG o.s.c.c.CharSequenceEncoder - [b88b3884-15] Writing "780. foo bar"
03:15:04.183 [reactor-http-nio-2] DEBUG o.s.c.c.CharSequenceEncoder - [b88b3884-15] Writing "781. foo bar"
03:15:04.183 [reactor-http-nio-2] DEBUG o.s.c.c.CharSequenceEncoder - [b88b3884-15] Writing "782. foo bar"
03:15:04.183 [reactor-http-nio-2] DEBUG o.s.c.c.CharSequenceEncoder - [b88b3884-15] Writing "783. foo bar"
03:15:04.183 [reactor-http-nio-2] DEBUG o.s.c.c.CharSequenceEncoder - [b88b3884-15] Writing "784. foo bar"
03:15:04.183 [reactor-http-nio-2] DEBUG o.s.c.c.CharSequenceEncoder - [b88b3884-15] Writing "785. foo bar"
03:15:04.183 [reactor-http-nio-2] DEBUG o.s.c.c.CharSequenceEncoder - [b88b3884-15] Writing "786. foo bar"
03:15:04.183 [reactor-http-nio-2] DEBUG o.s.c.c.CharSequenceEncoder - [b88b3884-15] Writing "787. foo bar"
03:15:04.183 [reactor-http-nio-2] DEBUG o.s.c.c.CharSequenceEncoder - [b88b3884-15] Writing "788. foo bar"
03:15:04.183 [reactor-http-nio-2] DEBUG o.s.c.c.CharSequenceEncoder - [b88b3884-15] Writing "789. foo bar"
03:15:04.183 [reactor-http-nio-2] DEBUG o.s.c.c.CharSequenceEncoder - [b88b3884-15] Writing "790. foo bar"
03:15:04.183 [reactor-http-nio-2] DEBUG o.s.c.c.CharSequenceEncoder - [b88b3884-15] Writing "791. foo bar"
03:15:04.183 [reactor-http-nio-2] DEBUG o.s.c.c.CharSequenceEncoder - [b88b3884-15] Writing "792. foo bar"
03:15:04.183 [reactor-http-nio-2] DEBUG o.s.c.c.CharSequenceEncoder - [b88b3884-15] Writing "793. foo bar"
03:15:04.183 [reactor-http-nio-2] DEBUG o.s.c.c.CharSequenceEncoder - [b88b3884-15] Writing "794. foo bar"
03:15:04.183 [reactor-http-nio-2] DEBUG o.s.c.c.CharSequenceEncoder - [b88b3884-15] Writing "795. foo bar"
03:15:04.184 [reactor-http-nio-2] DEBUG o.s.c.c.CharSequenceEncoder - [b88b3884-15] Writing "796. foo bar"
03:15:04.184 [reactor-http-nio-2] DEBUG o.s.c.c.CharSequenceEncoder - [b88b3884-15] Writing "797. foo bar"
03:15:04.184 [reactor-http-nio-2] DEBUG o.s.c.c.CharSequenceEncoder - [b88b3884-15] Writing "798. foo bar"
03:15:04.184 [reactor-http-nio-2] DEBUG o.s.c.c.CharSequenceEncoder - [b88b3884-15] Writing "799. foo bar"
03:15:04.184 [reactor-http-nio-2] DEBUG o.s.c.c.CharSequenceEncoder - [b88b3884-15] Writing "800. foo bar"
03:15:04.184 [reactor-http-nio-2] DEBUG o.s.c.c.CharSequenceEncoder - [b88b3884-15] Writing "801. foo bar"
03:15:04.184 [reactor-http-nio-2] DEBUG o.s.c.c.CharSequenceEncoder - [b88b3884-15] Writing "802. foo bar"
03:15:04.184 [reactor-http-nio-2] DEBUG o.s.c.c.CharSequenceEncoder - [b88b3884-15] Writing "803. foo bar"
03:15:04.184 [reactor-http-nio-2] DEBUG o.s.c.c.CharSequenceEncoder - [b88b3884-15] Writing "804. foo bar"
03:15:04.184 [reactor-http-nio-2] DEBUG o.s.c.c.CharSequenceEncoder - [b88b3884-15] Writing "805. foo bar"
03:15:04.184 [reactor-http-nio-2] DEBUG o.s.c.c.CharSequenceEncoder - [b88b3884-15] Writing "806. foo bar"
03:15:04.184 [reactor-http-nio-2] DEBUG o.s.c.c.CharSequenceEncoder - [b88b3884-15] Writing "807. foo bar"
03:15:04.184 [reactor-http-nio-2] DEBUG o.s.c.c.CharSequenceEncoder - [b88b3884-15] Writing "808. foo bar"
03:15:04.184 [reactor-http-nio-2] DEBUG o.s.c.c.CharSequenceEncoder - [b88b3884-15] Writing "809. foo bar"
03:15:04.184 [reactor-http-nio-2] DEBUG o.s.c.c.CharSequenceEncoder - [b88b3884-15] Writing "810. foo bar"
03:15:04.185 [reactor-http-nio-2] DEBUG o.s.c.c.CharSequenceEncoder - [b88b3884-15] Writing "811. foo bar"
03:15:04.185 [reactor-http-nio-2] DEBUG o.s.c.c.CharSequenceEncoder - [b88b3884-15] Writing "812. foo bar"
03:15:04.185 [reactor-http-nio-2] DEBUG o.s.c.c.CharSequenceEncoder - [b88b3884-15] Writing "813. foo bar"
03:15:04.185 [reactor-http-nio-2] DEBUG o.s.c.c.CharSequenceEncoder - [b88b3884-15] Writing "814. foo bar"
03:15:04.185 [reactor-http-nio-2] DEBUG o.s.c.c.CharSequenceEncoder - [b88b3884-15] Writing "815. foo bar"
03:15:04.185 [reactor-http-nio-2] DEBUG o.s.c.c.CharSequenceEncoder - [b88b3884-15] Writing "816. foo bar"
03:15:04.185 [reactor-http-nio-2] DEBUG o.s.c.c.CharSequenceEncoder - [b88b3884-15] Writing "817. foo bar"
03:15:04.185 [reactor-http-nio-2] DEBUG o.s.c.c.CharSequenceEncoder - [b88b3884-15] Writing "818. foo bar"
03:15:04.185 [reactor-http-nio-2] DEBUG o.s.c.c.CharSequenceEncoder - [b88b3884-15] Writing "819. foo bar"
03:15:04.185 [reactor-http-nio-2] DEBUG o.s.c.c.CharSequenceEncoder - [b88b3884-15] Writing "820. foo bar"
03:15:04.185 [reactor-http-nio-2] DEBUG o.s.c.c.CharSequenceEncoder - [b88b3884-15] Writing "821. foo bar"
03:15:04.185 [reactor-http-nio-2] DEBUG o.s.c.c.CharSequenceEncoder - [b88b3884-15] Writing "822. foo bar"
03:15:04.185 [reactor-http-nio-2] DEBUG o.s.c.c.CharSequenceEncoder - [b88b3884-15] Writing "823. foo bar"
03:15:04.185 [reactor-http-nio-2] DEBUG o.s.c.c.CharSequenceEncoder - [b88b3884-15] Writing "824. foo bar"
03:15:04.185 [reactor-http-nio-2] DEBUG o.s.c.c.CharSequenceEncoder - [b88b3884-15] Writing "825. foo bar"
03:15:04.185 [reactor-http-nio-2] DEBUG o.s.c.c.CharSequenceEncoder - [b88b3884-15] Writing "826. foo bar"
03:15:04.185 [reactor-http-nio-2] DEBUG o.s.c.c.CharSequenceEncoder - [b88b3884-15] Writing "827. foo bar"
03:15:04.185 [reactor-http-nio-2] DEBUG o.s.c.c.CharSequenceEncoder - [b88b3884-15] Writing "828. foo bar"
03:15:04.185 [reactor-http-nio-2] DEBUG o.s.c.c.CharSequenceEncoder - [b88b3884-15] Writing "829. foo bar"
03:15:04.185 [reactor-http-nio-2] DEBUG o.s.c.c.CharSequenceEncoder - [b88b3884-15] Writing "830. foo bar"
03:15:04.186 [reactor-http-nio-2] DEBUG o.s.c.c.CharSequenceEncoder - [b88b3884-15] Writing "831. foo bar"
03:15:04.186 [reactor-http-nio-2] DEBUG o.s.c.c.CharSequenceEncoder - [b88b3884-15] Writing "832. foo bar"
03:15:04.193 [reactor-http-nio-2] DEBUG o.s.c.c.CharSequenceEncoder - [b88b3884-15] Writing "833. foo bar"
03:15:04.193 [reactor-http-nio-2] DEBUG o.s.c.c.CharSequenceEncoder - [b88b3884-15] Writing "834. foo bar"
03:15:04.193 [reactor-http-nio-2] DEBUG o.s.c.c.CharSequenceEncoder - [b88b3884-15] Writing "835. foo bar"
03:15:04.193 [reactor-http-nio-2] DEBUG o.s.c.c.CharSequenceEncoder - [b88b3884-15] Writing "836. foo bar"
03:15:04.193 [reactor-http-nio-2] DEBUG o.s.c.c.CharSequenceEncoder - [b88b3884-15] Writing "837. foo bar"
03:15:04.193 [reactor-http-nio-2] DEBUG o.s.c.c.CharSequenceEncoder - [b88b3884-15] Writing "838. foo bar"
03:15:04.193 [reactor-http-nio-2] DEBUG o.s.c.c.CharSequenceEncoder - [b88b3884-15] Writing "839. foo bar"
03:15:04.193 [reactor-http-nio-2] DEBUG o.s.c.c.CharSequenceEncoder - [b88b3884-15] Writing "840. foo bar"
03:15:04.193 [reactor-http-nio-2] DEBUG o.s.c.c.CharSequenceEncoder - [b88b3884-15] Writing "841. foo bar"
03:15:04.194 [reactor-http-nio-2] DEBUG o.s.c.c.CharSequenceEncoder - [b88b3884-15] Writing "842. foo bar"
03:15:04.194 [reactor-http-nio-2] DEBUG o.s.c.c.CharSequenceEncoder - [b88b3884-15] Writing "843. foo bar"
03:15:04.194 [reactor-http-nio-2] DEBUG o.s.c.c.CharSequenceEncoder - [b88b3884-15] Writing "844. foo bar"
03:15:04.194 [reactor-http-nio-2] DEBUG o.s.c.c.CharSequenceEncoder - [b88b3884-15] Writing "845. foo bar"
03:15:04.194 [reactor-http-nio-2] DEBUG o.s.c.c.CharSequenceEncoder - [b88b3884-15] Writing "846. foo bar"
03:15:04.194 [reactor-http-nio-2] DEBUG o.s.c.c.CharSequenceEncoder - [b88b3884-15] Writing "847. foo bar"
03:15:04.194 [reactor-http-nio-2] DEBUG o.s.c.c.CharSequenceEncoder - [b88b3884-15] Writing "848. foo bar"
03:15:04.194 [reactor-http-nio-2] DEBUG o.s.c.c.CharSequenceEncoder - [b88b3884-15] Writing "849. foo bar"
03:15:04.194 [reactor-http-nio-2] DEBUG o.s.c.c.CharSequenceEncoder - [b88b3884-15] Writing "850. foo bar"
03:15:04.194 [reactor-http-nio-2] DEBUG o.s.c.c.CharSequenceEncoder - [b88b3884-15] Writing "851. foo bar"
03:15:04.194 [reactor-http-nio-2] DEBUG o.s.c.c.CharSequenceEncoder - [b88b3884-15] Writing "852. foo bar"
03:15:04.194 [reactor-http-nio-2] DEBUG o.s.c.c.CharSequenceEncoder - [b88b3884-15] Writing "853. foo bar"
03:15:04.194 [reactor-http-nio-2] DEBUG o.s.c.c.CharSequenceEncoder - [b88b3884-15] Writing "854. foo bar"
03:15:04.196 [reactor-http-nio-2] DEBUG o.s.c.c.CharSequenceEncoder - [b88b3884-15] Writing "855. foo bar"
03:15:04.196 [reactor-http-nio-2] DEBUG o.s.c.c.CharSequenceEncoder - [b88b3884-15] Writing "856. foo bar"
03:15:04.197 [reactor-http-nio-2] DEBUG o.s.c.c.CharSequenceEncoder - [b88b3884-15] Writing "857. foo bar"
03:15:04.197 [reactor-http-nio-2] DEBUG o.s.c.c.CharSequenceEncoder - [b88b3884-15] Writing "858. foo bar"
03:15:04.197 [reactor-http-nio-2] DEBUG o.s.c.c.CharSequenceEncoder - [b88b3884-15] Writing "859. foo bar"
03:15:04.197 [reactor-http-nio-2] DEBUG o.s.c.c.CharSequenceEncoder - [b88b3884-15] Writing "860. foo bar"
03:15:04.197 [reactor-http-nio-2] DEBUG o.s.c.c.CharSequenceEncoder - [b88b3884-15] Writing "861. foo bar"
03:15:04.197 [reactor-http-nio-2] DEBUG o.s.c.c.CharSequenceEncoder - [b88b3884-15] Writing "862. foo bar"
03:15:04.197 [reactor-http-nio-2] DEBUG o.s.c.c.CharSequenceEncoder - [b88b3884-15] Writing "863. foo bar"
03:15:04.197 [reactor-http-nio-2] DEBUG o.s.c.c.CharSequenceEncoder - [b88b3884-15] Writing "864. foo bar"
03:15:04.197 [reactor-http-nio-2] DEBUG o.s.c.c.CharSequenceEncoder - [b88b3884-15] Writing "865. foo bar"
03:15:04.197 [reactor-http-nio-2] DEBUG o.s.c.c.CharSequenceEncoder - [b88b3884-15] Writing "866. foo bar"
03:15:04.197 [reactor-http-nio-2] DEBUG o.s.c.c.CharSequenceEncoder - [b88b3884-15] Writing "867. foo bar"
03:15:04.197 [reactor-http-nio-2] DEBUG o.s.c.c.CharSequenceEncoder - [b88b3884-15] Writing "868. foo bar"
03:15:04.197 [reactor-http-nio-2] DEBUG o.s.c.c.CharSequenceEncoder - [b88b3884-15] Writing "869. foo bar"
03:15:04.197 [reactor-http-nio-2] DEBUG o.s.c.c.CharSequenceEncoder - [b88b3884-15] Writing "870. foo bar"
03:15:04.197 [reactor-http-nio-2] DEBUG o.s.c.c.CharSequenceEncoder - [b88b3884-15] Writing "871. foo bar"
03:15:04.197 [reactor-http-nio-2] DEBUG o.s.c.c.CharSequenceEncoder - [b88b3884-15] Writing "872. foo bar"
03:15:04.197 [reactor-http-nio-2] DEBUG o.s.c.c.CharSequenceEncoder - [b88b3884-15] Writing "873. foo bar"
03:15:04.197 [reactor-http-nio-2] DEBUG o.s.c.c.CharSequenceEncoder - [b88b3884-15] Writing "874. foo bar"
03:15:04.197 [reactor-http-nio-2] DEBUG o.s.c.c.CharSequenceEncoder - [b88b3884-15] Writing "875. foo bar"
03:15:04.197 [reactor-http-nio-2] DEBUG o.s.c.c.CharSequenceEncoder - [b88b3884-15] Writing "876. foo bar"
03:15:04.197 [reactor-http-nio-2] DEBUG o.s.c.c.CharSequenceEncoder - [b88b3884-15] Writing "877. foo bar"
03:15:04.198 [reactor-http-nio-2] DEBUG o.s.c.c.CharSequenceEncoder - [b88b3884-15] Writing "878. foo bar"
03:15:04.198 [reactor-http-nio-2] DEBUG o.s.c.c.CharSequenceEncoder - [b88b3884-15] Writing "879. foo bar"
03:15:04.198 [reactor-http-nio-2] DEBUG o.s.c.c.CharSequenceEncoder - [b88b3884-15] Writing "880. foo bar"
03:15:04.198 [reactor-http-nio-2] DEBUG o.s.c.c.CharSequenceEncoder - [b88b3884-15] Writing "881. foo bar"
03:15:04.198 [reactor-http-nio-2] DEBUG o.s.c.c.CharSequenceEncoder - [b88b3884-15] Writing "882. foo bar"
03:15:04.198 [reactor-http-nio-2] DEBUG o.s.c.c.CharSequenceEncoder - [b88b3884-15] Writing "883. foo bar"
03:15:04.198 [reactor-http-nio-2] DEBUG o.s.c.c.CharSequenceEncoder - [b88b3884-15] Writing "884. foo bar"
03:15:04.198 [reactor-http-nio-2] DEBUG o.s.c.c.CharSequenceEncoder - [b88b3884-15] Writing "885. foo bar"
03:15:04.198 [reactor-http-nio-2] DEBUG o.s.c.c.CharSequenceEncoder - [b88b3884-15] Writing "886. foo bar"
03:15:04.198 [reactor-http-nio-2] DEBUG o.s.c.c.CharSequenceEncoder - [b88b3884-15] Writing "887. foo bar"
03:15:04.198 [reactor-http-nio-2] DEBUG o.s.c.c.CharSequenceEncoder - [b88b3884-15] Writing "888. foo bar"
03:15:04.198 [reactor-http-nio-2] DEBUG o.s.c.c.CharSequenceEncoder - [b88b3884-15] Writing "889. foo bar"
03:15:04.198 [reactor-http-nio-2] DEBUG o.s.c.c.CharSequenceEncoder - [b88b3884-15] Writing "890. foo bar"
03:15:04.198 [reactor-http-nio-2] DEBUG o.s.c.c.CharSequenceEncoder - [b88b3884-15] Writing "891. foo bar"
03:15:04.198 [reactor-http-nio-2] DEBUG o.s.c.c.CharSequenceEncoder - [b88b3884-15] Writing "892. foo bar"
03:15:04.198 [reactor-http-nio-2] DEBUG o.s.c.c.CharSequenceEncoder - [b88b3884-15] Writing "893. foo bar"
03:15:04.198 [reactor-http-nio-2] DEBUG o.s.c.c.CharSequenceEncoder - [b88b3884-15] Writing "894. foo bar"
03:15:04.198 [reactor-http-nio-2] DEBUG o.s.c.c.CharSequenceEncoder - [b88b3884-15] Writing "895. foo bar"
03:15:04.198 [reactor-http-nio-2] DEBUG o.s.c.c.CharSequenceEncoder - [b88b3884-15] Writing "896. foo bar"
03:15:04.229 [reactor-http-nio-2] DEBUG o.s.c.c.CharSequenceEncoder - [b88b3884-15] Writing "897. foo bar"
03:15:04.229 [reactor-http-nio-2] DEBUG o.s.c.c.CharSequenceEncoder - [b88b3884-15] Writing "898. foo bar"
03:15:04.229 [reactor-http-nio-2] DEBUG o.s.c.c.CharSequenceEncoder - [b88b3884-15] Writing "899. foo bar"
03:15:04.229 [reactor-http-nio-2] DEBUG o.s.c.c.CharSequenceEncoder - [b88b3884-15] Writing "900. foo bar"
03:15:04.229 [reactor-http-nio-2] DEBUG o.s.c.c.CharSequenceEncoder - [b88b3884-15] Writing "901. foo bar"
03:15:04.229 [reactor-http-nio-2] DEBUG o.s.c.c.CharSequenceEncoder - [b88b3884-15] Writing "902. foo bar"
03:15:04.229 [reactor-http-nio-2] DEBUG o.s.c.c.CharSequenceEncoder - [b88b3884-15] Writing "903. foo bar"
03:15:04.229 [reactor-http-nio-2] DEBUG o.s.c.c.CharSequenceEncoder - [b88b3884-15] Writing "904. foo bar"
03:15:04.230 [reactor-http-nio-2] DEBUG o.s.c.c.CharSequenceEncoder - [b88b3884-15] Writing "905. foo bar"
03:15:04.230 [reactor-http-nio-2] DEBUG o.s.c.c.CharSequenceEncoder - [b88b3884-15] Writing "906. foo bar"
03:15:04.230 [reactor-http-nio-2] DEBUG o.s.c.c.CharSequenceEncoder - [b88b3884-15] Writing "907. foo bar"
03:15:04.230 [reactor-http-nio-2] DEBUG o.s.c.c.CharSequenceEncoder - [b88b3884-15] Writing "908. foo bar"
03:15:04.230 [reactor-http-nio-2] DEBUG o.s.c.c.CharSequenceEncoder - [b88b3884-15] Writing "909. foo bar"
03:15:04.230 [reactor-http-nio-2] DEBUG o.s.c.c.CharSequenceEncoder - [b88b3884-15] Writing "910. foo bar"
03:15:04.230 [reactor-http-nio-2] DEBUG o.s.c.c.CharSequenceEncoder - [b88b3884-15] Writing "911. foo bar"
03:15:04.230 [reactor-http-nio-2] DEBUG o.s.c.c.CharSequenceEncoder - [b88b3884-15] Writing "912. foo bar"
03:15:04.230 [reactor-http-nio-2] DEBUG o.s.c.c.CharSequenceEncoder - [b88b3884-15] Writing "913. foo bar"
03:15:04.230 [reactor-http-nio-2] DEBUG o.s.c.c.CharSequenceEncoder - [b88b3884-15] Writing "914. foo bar"
03:15:04.230 [reactor-http-nio-2] DEBUG o.s.c.c.CharSequenceEncoder - [b88b3884-15] Writing "915. foo bar"
03:15:04.230 [reactor-http-nio-2] DEBUG o.s.c.c.CharSequenceEncoder - [b88b3884-15] Writing "916. foo bar"
03:15:04.230 [reactor-http-nio-2] DEBUG o.s.c.c.CharSequenceEncoder - [b88b3884-15] Writing "917. foo bar"
03:15:04.230 [reactor-http-nio-2] DEBUG o.s.c.c.CharSequenceEncoder - [b88b3884-15] Writing "918. foo bar"
03:15:04.230 [reactor-http-nio-2] DEBUG o.s.c.c.CharSequenceEncoder - [b88b3884-15] Writing "919. foo bar"
03:15:04.230 [reactor-http-nio-2] DEBUG o.s.c.c.CharSequenceEncoder - [b88b3884-15] Writing "920. foo bar"
03:15:04.230 [reactor-http-nio-2] DEBUG o.s.c.c.CharSequenceEncoder - [b88b3884-15] Writing "921. foo bar"
03:15:04.231 [reactor-http-nio-2] DEBUG o.s.c.c.CharSequenceEncoder - [b88b3884-15] Writing "922. foo bar"
03:15:04.231 [reactor-http-nio-2] DEBUG o.s.c.c.CharSequenceEncoder - [b88b3884-15] Writing "923. foo bar"
03:15:04.231 [reactor-http-nio-2] DEBUG o.s.c.c.CharSequenceEncoder - [b88b3884-15] Writing "924. foo bar"
03:15:04.252 [reactor-http-nio-2] DEBUG o.s.c.c.CharSequenceEncoder - [b88b3884-15] Writing "925. foo bar"
03:15:04.252 [reactor-http-nio-2] DEBUG o.s.c.c.CharSequenceEncoder - [b88b3884-15] Writing "926. foo bar"
03:15:04.253 [reactor-http-nio-2] DEBUG o.s.c.c.CharSequenceEncoder - [b88b3884-15] Writing "927. foo bar"
03:15:04.253 [reactor-http-nio-2] DEBUG o.s.c.c.CharSequenceEncoder - [b88b3884-15] Writing "928. foo bar"
03:15:04.253 [reactor-http-nio-2] DEBUG o.s.c.c.CharSequenceEncoder - [b88b3884-15] Writing "929. foo bar"
03:15:04.253 [reactor-http-nio-2] DEBUG o.s.c.c.CharSequenceEncoder - [b88b3884-15] Writing "930. foo bar"
03:15:04.253 [reactor-http-nio-2] DEBUG o.s.c.c.CharSequenceEncoder - [b88b3884-15] Writing "931. foo bar"
03:15:04.253 [reactor-http-nio-2] DEBUG o.s.c.c.CharSequenceEncoder - [b88b3884-15] Writing "932. foo bar"
03:15:04.253 [reactor-http-nio-2] DEBUG o.s.c.c.CharSequenceEncoder - [b88b3884-15] Writing "933. foo bar"
03:15:04.253 [reactor-http-nio-2] DEBUG o.s.c.c.CharSequenceEncoder - [b88b3884-15] Writing "934. foo bar"
03:15:04.253 [reactor-http-nio-2] DEBUG o.s.c.c.CharSequenceEncoder - [b88b3884-15] Writing "935. foo bar"
03:15:04.253 [reactor-http-nio-2] DEBUG o.s.c.c.CharSequenceEncoder - [b88b3884-15] Writing "936. foo bar"
03:15:04.253 [reactor-http-nio-2] DEBUG o.s.c.c.CharSequenceEncoder - [b88b3884-15] Writing "937. foo bar"
03:15:04.253 [reactor-http-nio-2] DEBUG o.s.c.c.CharSequenceEncoder - [b88b3884-15] Writing "938. foo bar"
03:15:04.253 [reactor-http-nio-2] DEBUG o.s.c.c.CharSequenceEncoder - [b88b3884-15] Writing "939. foo bar"
03:15:04.253 [reactor-http-nio-2] DEBUG o.s.c.c.CharSequenceEncoder - [b88b3884-15] Writing "940. foo bar"
03:15:04.253 [reactor-http-nio-2] DEBUG o.s.c.c.CharSequenceEncoder - [b88b3884-15] Writing "941. foo bar"
03:15:04.253 [reactor-http-nio-2] DEBUG o.s.c.c.CharSequenceEncoder - [b88b3884-15] Writing "942. foo bar"
03:15:04.253 [reactor-http-nio-2] DEBUG o.s.c.c.CharSequenceEncoder - [b88b3884-15] Writing "943. foo bar"
03:15:04.253 [reactor-http-nio-2] DEBUG o.s.c.c.CharSequenceEncoder - [b88b3884-15] Writing "944. foo bar"
03:15:04.254 [reactor-http-nio-2] DEBUG o.s.c.c.CharSequenceEncoder - [b88b3884-15] Writing "945. foo bar"
03:15:04.254 [reactor-http-nio-2] DEBUG o.s.c.c.CharSequenceEncoder - [b88b3884-15] Writing "946. foo bar"
03:15:04.254 [reactor-http-nio-2] DEBUG o.s.c.c.CharSequenceEncoder - [b88b3884-15] Writing "947. foo bar"
03:15:04.254 [reactor-http-nio-2] DEBUG o.s.c.c.CharSequenceEncoder - [b88b3884-15] Writing "948. foo bar"
03:15:04.254 [reactor-http-nio-2] DEBUG o.s.c.c.CharSequenceEncoder - [b88b3884-15] Writing "949. foo bar"
03:15:04.254 [reactor-http-nio-2] DEBUG o.s.c.c.CharSequenceEncoder - [b88b3884-15] Writing "950. foo bar"
03:15:04.254 [reactor-http-nio-2] DEBUG o.s.c.c.CharSequenceEncoder - [b88b3884-15] Writing "951. foo bar"
03:15:04.254 [reactor-http-nio-2] DEBUG o.s.c.c.CharSequenceEncoder - [b88b3884-15] Writing "952. foo bar"
03:15:04.254 [reactor-http-nio-2] DEBUG o.s.c.c.CharSequenceEncoder - [b88b3884-15] Writing "953. foo bar"
03:15:04.254 [reactor-http-nio-2] DEBUG o.s.c.c.CharSequenceEncoder - [b88b3884-15] Writing "954. foo bar"
03:15:04.254 [reactor-http-nio-2] DEBUG o.s.c.c.CharSequenceEncoder - [b88b3884-15] Writing "955. foo bar"
03:15:04.254 [reactor-http-nio-2] DEBUG o.s.c.c.CharSequenceEncoder - [b88b3884-15] Writing "956. foo bar"
03:15:04.254 [reactor-http-nio-2] DEBUG o.s.c.c.CharSequenceEncoder - [b88b3884-15] Writing "957. foo bar"
03:15:04.254 [reactor-http-nio-2] DEBUG o.s.c.c.CharSequenceEncoder - [b88b3884-15] Writing "958. foo bar"
03:15:04.254 [reactor-http-nio-2] DEBUG o.s.c.c.CharSequenceEncoder - [b88b3884-15] Writing "959. foo bar"
03:15:04.254 [reactor-http-nio-2] DEBUG o.s.c.c.CharSequenceEncoder - [b88b3884-15] Writing "960. foo bar"
03:15:04.263 [reactor-http-nio-2] DEBUG o.s.c.c.CharSequenceEncoder - [b88b3884-15] Writing "961. foo bar"
03:15:04.263 [reactor-http-nio-2] DEBUG o.s.c.c.CharSequenceEncoder - [b88b3884-15] Writing "962. foo bar"
03:15:04.263 [reactor-http-nio-2] DEBUG o.s.c.c.CharSequenceEncoder - [b88b3884-15] Writing "963. foo bar"
03:15:04.263 [reactor-http-nio-2] DEBUG o.s.c.c.CharSequenceEncoder - [b88b3884-15] Writing "964. foo bar"
03:15:04.263 [reactor-http-nio-2] DEBUG o.s.c.c.CharSequenceEncoder - [b88b3884-15] Writing "965. foo bar"
03:15:04.264 [reactor-http-nio-2] DEBUG o.s.c.c.CharSequenceEncoder - [b88b3884-15] Writing "966. foo bar"
03:15:04.264 [reactor-http-nio-2] DEBUG o.s.c.c.CharSequenceEncoder - [b88b3884-15] Writing "967. foo bar"
03:15:04.264 [reactor-http-nio-2] DEBUG o.s.c.c.CharSequenceEncoder - [b88b3884-15] Writing "968. foo bar"
03:15:04.264 [reactor-http-nio-2] DEBUG o.s.c.c.CharSequenceEncoder - [b88b3884-15] Writing "969. foo bar"
03:15:04.264 [reactor-http-nio-2] DEBUG o.s.c.c.CharSequenceEncoder - [b88b3884-15] Writing "970. foo bar"
03:15:04.264 [reactor-http-nio-2] DEBUG o.s.c.c.CharSequenceEncoder - [b88b3884-15] Writing "971. foo bar"
03:15:04.264 [reactor-http-nio-2] DEBUG o.s.c.c.CharSequenceEncoder - [b88b3884-15] Writing "972. foo bar"
03:15:04.264 [reactor-http-nio-2] DEBUG o.s.c.c.CharSequenceEncoder - [b88b3884-15] Writing "973. foo bar"
03:15:04.264 [reactor-http-nio-2] DEBUG o.s.c.c.CharSequenceEncoder - [b88b3884-15] Writing "974. foo bar"
03:15:04.264 [reactor-http-nio-2] DEBUG o.s.c.c.CharSequenceEncoder - [b88b3884-15] Writing "975. foo bar"
03:15:04.264 [reactor-http-nio-2] DEBUG o.s.c.c.CharSequenceEncoder - [b88b3884-15] Writing "976. foo bar"
03:15:04.264 [reactor-http-nio-2] DEBUG o.s.c.c.CharSequenceEncoder - [b88b3884-15] Writing "977. foo bar"
03:15:04.264 [reactor-http-nio-2] DEBUG o.s.c.c.CharSequenceEncoder - [b88b3884-15] Writing "978. foo bar"
03:15:04.264 [reactor-http-nio-2] DEBUG o.s.c.c.CharSequenceEncoder - [b88b3884-15] Writing "979. foo bar"
03:15:04.264 [reactor-http-nio-2] DEBUG o.s.c.c.CharSequenceEncoder - [b88b3884-15] Writing "980. foo bar"
03:15:04.264 [reactor-http-nio-2] DEBUG o.s.c.c.CharSequenceEncoder - [b88b3884-15] Writing "981. foo bar"
03:15:04.264 [reactor-http-nio-2] DEBUG o.s.c.c.CharSequenceEncoder - [b88b3884-15] Writing "982. foo bar"
03:15:04.264 [reactor-http-nio-2] DEBUG o.s.c.c.CharSequenceEncoder - [b88b3884-15] Writing "983. foo bar"
03:15:04.264 [reactor-http-nio-2] DEBUG o.s.c.c.CharSequenceEncoder - [b88b3884-15] Writing "984. foo bar"
03:15:04.264 [reactor-http-nio-2] DEBUG o.s.c.c.CharSequenceEncoder - [b88b3884-15] Writing "985. foo bar"
03:15:04.264 [reactor-http-nio-2] DEBUG o.s.c.c.CharSequenceEncoder - [b88b3884-15] Writing "986. foo bar"
03:15:04.264 [reactor-http-nio-2] DEBUG o.s.c.c.CharSequenceEncoder - [b88b3884-15] Writing "987. foo bar"
03:15:04.264 [reactor-http-nio-2] DEBUG o.s.c.c.CharSequenceEncoder - [b88b3884-15] Writing "988. foo bar"
03:15:04.264 [reactor-http-nio-2] DEBUG o.s.c.c.CharSequenceEncoder - [b88b3884-15] Writing "989. foo bar"
03:15:04.265 [reactor-http-nio-2] DEBUG o.s.c.c.CharSequenceEncoder - [b88b3884-15] Writing "990. foo bar"
03:15:04.265 [reactor-http-nio-2] DEBUG o.s.c.c.CharSequenceEncoder - [b88b3884-15] Writing "991. foo bar"
03:15:04.265 [reactor-http-nio-2] DEBUG o.s.c.c.CharSequenceEncoder - [b88b3884-15] Writing "992. foo bar"
03:15:04.265 [reactor-http-nio-2] DEBUG o.s.c.c.CharSequenceEncoder - [b88b3884-15] Writing "993. foo bar"
03:15:04.265 [reactor-http-nio-2] DEBUG o.s.c.c.CharSequenceEncoder - [b88b3884-15] Writing "994. foo bar"
03:15:04.265 [reactor-http-nio-2] DEBUG o.s.c.c.CharSequenceEncoder - [b88b3884-15] Writing "995. foo bar"
03:15:04.265 [reactor-http-nio-2] DEBUG o.s.c.c.CharSequenceEncoder - [b88b3884-15] Writing "996. foo bar"
03:15:04.265 [reactor-http-nio-2] DEBUG o.s.c.c.CharSequenceEncoder - [b88b3884-15] Writing "997. foo bar"
03:15:04.265 [reactor-http-nio-2] DEBUG o.s.c.c.CharSequenceEncoder - [b88b3884-15] Writing "998. foo bar"
03:15:04.265 [reactor-http-nio-2] DEBUG o.s.c.c.CharSequenceEncoder - [b88b3884-15] Writing "999. foo bar"
03:15:04.276 [reactor-http-nio-2] ERROR o.s.w.s.a.HttpWebHandlerAdapter - [b88b3884-15] Error [java.lang.RuntimeException: Random error] for HTTP GET "/SPR-16051", but ServerHttpResponse already committed (200 OK)
03:15:04.276 [reactor-http-nio-2] ERROR r.n.h.s.HttpServerOperations - [id: 0xb88b3884, L:/127.0.0.1:55279 - R:/127.0.0.1:55280] Error finishing response. Closing connection
java.lang.RuntimeException: Random error
	at org.springframework.web.reactive.result.method.annotation.RequestMappingExceptionHandlingIntegrationTests$TestController.lambda$errors$0(RequestMappingExceptionHandlingIntegrationTests.java:154) ~[test/:?]
	Suppressed: reactor.core.publisher.FluxOnAssembly$OnAssemblyException: 
Error has been observed at the following site(s):
	|_ checkpoint ? Handler org.springframework.web.reactive.result.method.annotation.RequestMappingExceptionHandlingIntegrationTests$TestController#errors() [DispatcherHandler]
	|_ checkpoint ? HTTP GET "/SPR-16051" [ExceptionHandlingWebHandler]
Stack trace:
		at org.springframework.web.reactive.result.method.annotation.RequestMappingExceptionHandlingIntegrationTests$TestController.lambda$errors$0(RequestMappingExceptionHandlingIntegrationTests.java:154) ~[test/:?]
		at reactor.core.publisher.FluxMapFuseable$MapFuseableSubscriber.onNext(FluxMapFuseable.java:107) ~[reactor-core-3.4.0-M1.jar:3.4.0-M1]
		at reactor.core.publisher.FluxRange$RangeSubscription.slowPath(FluxRange.java:154) ~[reactor-core-3.4.0-M1.jar:3.4.0-M1]
		at reactor.core.publisher.FluxRange$RangeSubscription.request(FluxRange.java:109) ~[reactor-core-3.4.0-M1.jar:3.4.0-M1]
		at reactor.core.publisher.FluxMapFuseable$MapFuseableSubscriber.request(FluxMapFuseable.java:162) ~[reactor-core-3.4.0-M1.jar:3.4.0-M1]
		at reactor.core.publisher.FluxMapFuseable$MapFuseableSubscriber.request(FluxMapFuseable.java:162) ~[reactor-core-3.4.0-M1.jar:3.4.0-M1]
		at org.springframework.http.server.reactive.ChannelSendOperator$WriteBarrier.request(ChannelSendOperator.java:272) ~[spring-web-5.3.0-M1.jar:5.3.0-M1]
		at reactor.core.publisher.FluxMap$MapSubscriber.request(FluxMap.java:155) ~[reactor-core-3.4.0-M1.jar:3.4.0-M1]
		at reactor.netty.channel.MonoSendMany$SendManyInner.run(MonoSendMany.java:330) [reactor-netty-1.0.0-M1.jar:1.0.0-M1]
		at reactor.netty.channel.MonoSendMany$SendManyInner.trySchedule(MonoSendMany.java:382) [reactor-netty-1.0.0-M1.jar:1.0.0-M1]
		at reactor.netty.channel.MonoSendMany$SendManyInner.trySuccess(MonoSendMany.java:534) [reactor-netty-1.0.0-M1.jar:1.0.0-M1]
		at reactor.netty.channel.MonoSendMany$SendManyInner.trySuccess(MonoSendMany.java:93) [reactor-netty-1.0.0-M1.jar:1.0.0-M1]
		at io.netty.util.concurrent.PromiseCombiner.tryPromise(PromiseCombiner.java:170) [netty-common-4.1.50.Final.jar:4.1.50.Final]
		at io.netty.util.concurrent.PromiseCombiner.access$600(PromiseCombiner.java:35) [netty-common-4.1.50.Final.jar:4.1.50.Final]
		at io.netty.util.concurrent.PromiseCombiner$1.operationComplete0(PromiseCombiner.java:62) [netty-common-4.1.50.Final.jar:4.1.50.Final]
		at io.netty.util.concurrent.PromiseCombiner$1.operationComplete(PromiseCombiner.java:44) [netty-common-4.1.50.Final.jar:4.1.50.Final]
		at io.netty.util.concurrent.DefaultPromise.notifyListener0(DefaultPromise.java:577) [netty-common-4.1.50.Final.jar:4.1.50.Final]
		at io.netty.util.concurrent.DefaultPromise.notifyListenersNow(DefaultPromise.java:551) [netty-common-4.1.50.Final.jar:4.1.50.Final]
		at io.netty.util.concurrent.DefaultPromise.notifyListeners(DefaultPromise.java:490) [netty-common-4.1.50.Final.jar:4.1.50.Final]
		at io.netty.util.concurrent.DefaultPromise.setValue0(DefaultPromise.java:615) [netty-common-4.1.50.Final.jar:4.1.50.Final]
		at io.netty.util.concurrent.DefaultPromise.setSuccess0(DefaultPromise.java:604) [netty-common-4.1.50.Final.jar:4.1.50.Final]
		at io.netty.util.concurrent.DefaultPromise.trySuccess(DefaultPromise.java:104) [netty-common-4.1.50.Final.jar:4.1.50.Final]
		at io.netty.util.internal.PromiseNotificationUtil.trySuccess(PromiseNotificationUtil.java:48) [netty-common-4.1.50.Final.jar:4.1.50.Final]
		at io.netty.channel.ChannelOutboundBuffer.safeSuccess(ChannelOutboundBuffer.java:717) [netty-transport-4.1.50.Final.jar:4.1.50.Final]
		at io.netty.channel.ChannelOutboundBuffer.remove(ChannelOutboundBuffer.java:272) [netty-transport-4.1.50.Final.jar:4.1.50.Final]
		at io.netty.channel.ChannelOutboundBuffer.removeBytes(ChannelOutboundBuffer.java:352) [netty-transport-4.1.50.Final.jar:4.1.50.Final]
		at io.netty.channel.socket.nio.NioSocketChannel.doWrite(NioSocketChannel.java:431) [netty-transport-4.1.50.Final.jar:4.1.50.Final]
		at io.netty.channel.AbstractChannel$AbstractUnsafe.flush0(AbstractChannel.java:930) [netty-transport-4.1.50.Final.jar:4.1.50.Final]
		at io.netty.channel.nio.AbstractNioChannel$AbstractNioUnsafe.flush0(AbstractNioChannel.java:354) [netty-transport-4.1.50.Final.jar:4.1.50.Final]
		at io.netty.channel.AbstractChannel$AbstractUnsafe.flush(AbstractChannel.java:897) [netty-transport-4.1.50.Final.jar:4.1.50.Final]
		at io.netty.channel.DefaultChannelPipeline$HeadContext.flush(DefaultChannelPipeline.java:1372) [netty-transport-4.1.50.Final.jar:4.1.50.Final]
		at io.netty.channel.AbstractChannelHandlerContext.invokeFlush0(AbstractChannelHandlerContext.java:750) [netty-transport-4.1.50.Final.jar:4.1.50.Final]
		at io.netty.channel.AbstractChannelHandlerContext.invokeFlush(AbstractChannelHandlerContext.java:742) [netty-transport-4.1.50.Final.jar:4.1.50.Final]
		at io.netty.channel.AbstractChannelHandlerContext.flush(AbstractChannelHandlerContext.java:728) [netty-transport-4.1.50.Final.jar:4.1.50.Final]
		at io.netty.channel.CombinedChannelDuplexHandler$DelegatingChannelHandlerContext.flush(CombinedChannelDuplexHandler.java:531) [netty-transport-4.1.50.Final.jar:4.1.50.Final]
		at io.netty.channel.ChannelOutboundHandlerAdapter.flush(ChannelOutboundHandlerAdapter.java:125) [netty-transport-4.1.50.Final.jar:4.1.50.Final]
		at io.netty.channel.CombinedChannelDuplexHandler.flush(CombinedChannelDuplexHandler.java:356) [netty-transport-4.1.50.Final.jar:4.1.50.Final]
		at io.netty.channel.AbstractChannelHandlerContext.invokeFlush0(AbstractChannelHandlerContext.java:750) [netty-transport-4.1.50.Final.jar:4.1.50.Final]
		at io.netty.channel.AbstractChannelHandlerContext.invokeFlush(AbstractChannelHandlerContext.java:742) [netty-transport-4.1.50.Final.jar:4.1.50.Final]
		at io.netty.channel.AbstractChannelHandlerContext.flush(AbstractChannelHandlerContext.java:728) [netty-transport-4.1.50.Final.jar:4.1.50.Final]
		at reactor.netty.channel.MonoSendMany$SendManyInner$AsyncFlush.run(MonoSendMany.java:632) [reactor-netty-1.0.0-M1.jar:1.0.0-M1]
		at io.netty.util.concurrent.AbstractEventExecutor.safeExecute(AbstractEventExecutor.java:164) [netty-common-4.1.50.Final.jar:4.1.50.Final]
		at io.netty.util.concurrent.SingleThreadEventExecutor.runAllTasks(SingleThreadEventExecutor.java:472) [netty-common-4.1.50.Final.jar:4.1.50.Final]
		at io.netty.channel.nio.NioEventLoop.run(NioEventLoop.java:497) [netty-transport-4.1.50.Final.jar:4.1.50.Final]
		at io.netty.util.concurrent.SingleThreadEventExecutor$4.run(SingleThreadEventExecutor.java:989) [netty-common-4.1.50.Final.jar:4.1.50.Final]
		at io.netty.util.internal.ThreadExecutorMap$2.run(ThreadExecutorMap.java:74) [netty-common-4.1.50.Final.jar:4.1.50.Final]
		at io.netty.util.concurrent.FastThreadLocalRunnable.run(FastThreadLocalRunnable.java:30) [netty-common-4.1.50.Final.jar:4.1.50.Final]
		at java.lang.Thread.run(Thread.java:748) [?:1.8.0_251]
03:15:04.281 [Test worker] DEBUG o.s.w.t.h.s.r.b.ReactorHttpServer - Stopping ReactorHttpServer...
03:15:04.281 [Test worker] DEBUG o.s.w.t.h.s.r.b.ReactorHttpServer - Server stopped (0 millis).
03:15:04.331 [Test worker] DEBUG o.s.w.r.r.m.a.RequestMappingHandlerMapping - 6 mappings in 'requestMappingHandlerMapping'
03:15:04.388 [Test worker] DEBUG o.s.w.r.r.m.a.ControllerMethodResolver - ControllerAdvice beans: none
03:15:04.443 [Test worker] DEBUG o.s.w.s.a.HttpWebHandlerAdapter - enableLoggingRequestDetails='false': form data and headers will be masked to prevent unsafe logging of potentially sensitive data
03:15:04.444 [Test worker] DEBUG o.s.w.t.h.s.r.b.TomcatHttpServer - Starting TomcatHttpServer...
03:15:04.461 [Test worker] DEBUG o.s.w.t.h.s.r.b.TomcatHttpServer - Server started on port 55281(0 millis).
03:15:04.461 [Test worker] DEBUG o.s.w.c.RestTemplate - HTTP GET http://localhost:55281/SPR-16051
03:15:04.461 [Test worker] DEBUG o.s.w.c.RestTemplate - Accept=[text/plain, application/json, application/x-jackson-smile, application/*+json, */*]
03:15:04.867 [http-nio-auto-15-exec-1] DEBUG o.s.w.s.a.HttpWebHandlerAdapter - [762815ce] HTTP GET "/SPR-16051"
03:15:04.868 [http-nio-auto-15-exec-1] DEBUG o.s.w.r.r.m.a.RequestMappingHandlerMapping - [762815ce] Mapped to org.springframework.web.reactive.result.method.annotation.RequestMappingExceptionHandlingIntegrationTests$TestController#errors()
03:15:04.869 [http-nio-auto-15-exec-1] DEBUG o.s.w.r.r.m.a.ResponseBodyResultHandler - Using 'text/plain;charset=UTF-8' given [text/plain, application/json, application/x-jackson-smile, application/*+json, */*] and supported [text/plain;charset=UTF-8, text/event-stream, text/plain;charset=UTF-8, */*]
03:15:04.869 [http-nio-auto-15-exec-1] DEBUG o.s.w.r.r.m.a.ResponseBodyResultHandler - [762815ce] 0..N [java.lang.String]
03:15:04.869 [http-nio-auto-15-exec-1] DEBUG o.s.c.c.CharSequenceEncoder - [762815ce] Writing "1. foo bar"
03:15:04.870 [http-nio-auto-15-exec-1] DEBUG o.s.c.c.CharSequenceEncoder - [762815ce] Writing "2. foo bar"
03:15:04.870 [http-nio-auto-15-exec-1] DEBUG o.s.c.c.CharSequenceEncoder - [762815ce] Writing "3. foo bar"
03:15:04.870 [http-nio-auto-15-exec-1] DEBUG o.s.c.c.CharSequenceEncoder - [762815ce] Writing "4. foo bar"
03:15:04.870 [http-nio-auto-15-exec-1] DEBUG o.s.c.c.CharSequenceEncoder - [762815ce] Writing "5. foo bar"
03:15:04.870 [http-nio-auto-15-exec-1] DEBUG o.s.c.c.CharSequenceEncoder - [762815ce] Writing "6. foo bar"
03:15:04.870 [http-nio-auto-15-exec-1] DEBUG o.s.c.c.CharSequenceEncoder - [762815ce] Writing "7. foo bar"
03:15:04.870 [http-nio-auto-15-exec-1] DEBUG o.s.c.c.CharSequenceEncoder - [762815ce] Writing "8. foo bar"
03:15:04.870 [http-nio-auto-15-exec-1] DEBUG o.s.c.c.CharSequenceEncoder - [762815ce] Writing "9. foo bar"
03:15:04.870 [http-nio-auto-15-exec-1] DEBUG o.s.c.c.CharSequenceEncoder - [762815ce] Writing "10. foo bar"
03:15:04.873 [http-nio-auto-15-exec-1] DEBUG o.s.c.c.CharSequenceEncoder - [762815ce] Writing "11. foo bar"
03:15:04.873 [http-nio-auto-15-exec-1] DEBUG o.s.c.c.CharSequenceEncoder - [762815ce] Writing "12. foo bar"
03:15:04.873 [http-nio-auto-15-exec-1] DEBUG o.s.c.c.CharSequenceEncoder - [762815ce] Writing "13. foo bar"
03:15:04.873 [http-nio-auto-15-exec-1] DEBUG o.s.c.c.CharSequenceEncoder - [762815ce] Writing "14. foo bar"
03:15:04.873 [http-nio-auto-15-exec-1] DEBUG o.s.c.c.CharSequenceEncoder - [762815ce] Writing "15. foo bar"
03:15:04.873 [http-nio-auto-15-exec-1] DEBUG o.s.c.c.CharSequenceEncoder - [762815ce] Writing "16. foo bar"
03:15:04.873 [http-nio-auto-15-exec-1] DEBUG o.s.c.c.CharSequenceEncoder - [762815ce] Writing "17. foo bar"
03:15:04.873 [http-nio-auto-15-exec-1] DEBUG o.s.c.c.CharSequenceEncoder - [762815ce] Writing "18. foo bar"
03:15:04.874 [http-nio-auto-15-exec-1] DEBUG o.s.c.c.CharSequenceEncoder - [762815ce] Writing "19. foo bar"
03:15:04.874 [http-nio-auto-15-exec-1] DEBUG o.s.c.c.CharSequenceEncoder - [762815ce] Writing "20. foo bar"
03:15:04.874 [http-nio-auto-15-exec-1] DEBUG o.s.c.c.CharSequenceEncoder - [762815ce] Writing "21. foo bar"
03:15:04.874 [http-nio-auto-15-exec-1] DEBUG o.s.c.c.CharSequenceEncoder - [762815ce] Writing "22. foo bar"
03:15:04.874 [http-nio-auto-15-exec-1] DEBUG o.s.c.c.CharSequenceEncoder - [762815ce] Writing "23. foo bar"
03:15:04.874 [http-nio-auto-15-exec-1] DEBUG o.s.c.c.CharSequenceEncoder - [762815ce] Writing "24. foo bar"
03:15:04.874 [http-nio-auto-15-exec-1] DEBUG o.s.c.c.CharSequenceEncoder - [762815ce] Writing "25. foo bar"
03:15:04.875 [http-nio-auto-15-exec-1] DEBUG o.s.c.c.CharSequenceEncoder - [762815ce] Writing "26. foo bar"
03:15:04.875 [http-nio-auto-15-exec-1] DEBUG o.s.c.c.CharSequenceEncoder - [762815ce] Writing "27. foo bar"
03:15:04.875 [http-nio-auto-15-exec-1] DEBUG o.s.c.c.CharSequenceEncoder - [762815ce] Writing "28. foo bar"
03:15:04.876 [http-nio-auto-15-exec-1] DEBUG o.s.c.c.CharSequenceEncoder - [762815ce] Writing "29. foo bar"
03:15:04.877 [http-nio-auto-15-exec-1] DEBUG o.s.c.c.CharSequenceEncoder - [762815ce] Writing "30. foo bar"
03:15:04.877 [http-nio-auto-15-exec-1] DEBUG o.s.c.c.CharSequenceEncoder - [762815ce] Writing "31. foo bar"
03:15:04.877 [http-nio-auto-15-exec-1] DEBUG o.s.c.c.CharSequenceEncoder - [762815ce] Writing "32. foo bar"
03:15:04.877 [http-nio-auto-15-exec-1] DEBUG o.s.c.c.CharSequenceEncoder - [762815ce] Writing "33. foo bar"
03:15:04.877 [http-nio-auto-15-exec-1] DEBUG o.s.c.c.CharSequenceEncoder - [762815ce] Writing "34. foo bar"
03:15:04.877 [http-nio-auto-15-exec-1] DEBUG o.s.c.c.CharSequenceEncoder - [762815ce] Writing "35. foo bar"
03:15:04.877 [http-nio-auto-15-exec-1] DEBUG o.s.c.c.CharSequenceEncoder - [762815ce] Writing "36. foo bar"
03:15:04.877 [http-nio-auto-15-exec-1] DEBUG o.s.c.c.CharSequenceEncoder - [762815ce] Writing "37. foo bar"
03:15:04.877 [http-nio-auto-15-exec-1] DEBUG o.s.c.c.CharSequenceEncoder - [762815ce] Writing "38. foo bar"
03:15:04.877 [http-nio-auto-15-exec-1] DEBUG o.s.c.c.CharSequenceEncoder - [762815ce] Writing "39. foo bar"
03:15:04.877 [http-nio-auto-15-exec-1] DEBUG o.s.c.c.CharSequenceEncoder - [762815ce] Writing "40. foo bar"
03:15:04.877 [http-nio-auto-15-exec-1] DEBUG o.s.c.c.CharSequenceEncoder - [762815ce] Writing "41. foo bar"
03:15:04.877 [http-nio-auto-15-exec-1] DEBUG o.s.c.c.CharSequenceEncoder - [762815ce] Writing "42. foo bar"
03:15:04.877 [http-nio-auto-15-exec-1] DEBUG o.s.c.c.CharSequenceEncoder - [762815ce] Writing "43. foo bar"
03:15:04.877 [http-nio-auto-15-exec-1] DEBUG o.s.c.c.CharSequenceEncoder - [762815ce] Writing "44. foo bar"
03:15:04.878 [http-nio-auto-15-exec-1] DEBUG o.s.c.c.CharSequenceEncoder - [762815ce] Writing "45. foo bar"
03:15:04.878 [http-nio-auto-15-exec-1] DEBUG o.s.c.c.CharSequenceEncoder - [762815ce] Writing "46. foo bar"
03:15:04.878 [http-nio-auto-15-exec-1] DEBUG o.s.c.c.CharSequenceEncoder - [762815ce] Writing "47. foo bar"
03:15:04.878 [http-nio-auto-15-exec-1] DEBUG o.s.c.c.CharSequenceEncoder - [762815ce] Writing "48. foo bar"
03:15:04.878 [http-nio-auto-15-exec-1] DEBUG o.s.c.c.CharSequenceEncoder - [762815ce] Writing "49. foo bar"
03:15:04.878 [http-nio-auto-15-exec-1] DEBUG o.s.c.c.CharSequenceEncoder - [762815ce] Writing "50. foo bar"
03:15:04.878 [http-nio-auto-15-exec-1] DEBUG o.s.c.c.CharSequenceEncoder - [762815ce] Writing "51. foo bar"
03:15:04.878 [http-nio-auto-15-exec-1] DEBUG o.s.c.c.CharSequenceEncoder - [762815ce] Writing "52. foo bar"
03:15:04.878 [http-nio-auto-15-exec-1] DEBUG o.s.c.c.CharSequenceEncoder - [762815ce] Writing "53. foo bar"
03:15:04.878 [http-nio-auto-15-exec-1] DEBUG o.s.c.c.CharSequenceEncoder - [762815ce] Writing "54. foo bar"
03:15:04.878 [http-nio-auto-15-exec-1] DEBUG o.s.c.c.CharSequenceEncoder - [762815ce] Writing "55. foo bar"
03:15:04.878 [http-nio-auto-15-exec-1] DEBUG o.s.c.c.CharSequenceEncoder - [762815ce] Writing "56. foo bar"
03:15:04.878 [http-nio-auto-15-exec-1] DEBUG o.s.c.c.CharSequenceEncoder - [762815ce] Writing "57. foo bar"
03:15:04.878 [http-nio-auto-15-exec-1] DEBUG o.s.c.c.CharSequenceEncoder - [762815ce] Writing "58. foo bar"
03:15:04.878 [http-nio-auto-15-exec-1] DEBUG o.s.c.c.CharSequenceEncoder - [762815ce] Writing "59. foo bar"
03:15:04.878 [http-nio-auto-15-exec-1] DEBUG o.s.c.c.CharSequenceEncoder - [762815ce] Writing "60. foo bar"
03:15:04.878 [http-nio-auto-15-exec-1] DEBUG o.s.c.c.CharSequenceEncoder - [762815ce] Writing "61. foo bar"
03:15:04.878 [http-nio-auto-15-exec-1] DEBUG o.s.c.c.CharSequenceEncoder - [762815ce] Writing "62. foo bar"
03:15:04.878 [http-nio-auto-15-exec-1] DEBUG o.s.c.c.CharSequenceEncoder - [762815ce] Writing "63. foo bar"
03:15:04.878 [http-nio-auto-15-exec-1] DEBUG o.s.c.c.CharSequenceEncoder - [762815ce] Writing "64. foo bar"
03:15:04.878 [http-nio-auto-15-exec-1] DEBUG o.s.c.c.CharSequenceEncoder - [762815ce] Writing "65. foo bar"
03:15:04.878 [http-nio-auto-15-exec-1] DEBUG o.s.c.c.CharSequenceEncoder - [762815ce] Writing "66. foo bar"
03:15:04.878 [http-nio-auto-15-exec-1] DEBUG o.s.c.c.CharSequenceEncoder - [762815ce] Writing "67. foo bar"
03:15:04.878 [http-nio-auto-15-exec-1] DEBUG o.s.c.c.CharSequenceEncoder - [762815ce] Writing "68. foo bar"
03:15:04.878 [http-nio-auto-15-exec-1] DEBUG o.s.c.c.CharSequenceEncoder - [762815ce] Writing "69. foo bar"
03:15:04.878 [http-nio-auto-15-exec-1] DEBUG o.s.c.c.CharSequenceEncoder - [762815ce] Writing "70. foo bar"
03:15:04.878 [http-nio-auto-15-exec-1] DEBUG o.s.c.c.CharSequenceEncoder - [762815ce] Writing "71. foo bar"
03:15:04.878 [http-nio-auto-15-exec-1] DEBUG o.s.c.c.CharSequenceEncoder - [762815ce] Writing "72. foo bar"
03:15:04.878 [http-nio-auto-15-exec-1] DEBUG o.s.c.c.CharSequenceEncoder - [762815ce] Writing "73. foo bar"
03:15:04.878 [http-nio-auto-15-exec-1] DEBUG o.s.c.c.CharSequenceEncoder - [762815ce] Writing "74. foo bar"
03:15:04.878 [http-nio-auto-15-exec-1] DEBUG o.s.c.c.CharSequenceEncoder - [762815ce] Writing "75. foo bar"
03:15:04.878 [http-nio-auto-15-exec-1] DEBUG o.s.c.c.CharSequenceEncoder - [762815ce] Writing "76. foo bar"
03:15:04.879 [http-nio-auto-15-exec-1] DEBUG o.s.c.c.CharSequenceEncoder - [762815ce] Writing "77. foo bar"
03:15:04.880 [http-nio-auto-15-exec-1] DEBUG o.s.c.c.CharSequenceEncoder - [762815ce] Writing "78. foo bar"
03:15:04.880 [http-nio-auto-15-exec-1] DEBUG o.s.c.c.CharSequenceEncoder - [762815ce] Writing "79. foo bar"
03:15:04.880 [http-nio-auto-15-exec-1] DEBUG o.s.c.c.CharSequenceEncoder - [762815ce] Writing "80. foo bar"
03:15:04.880 [http-nio-auto-15-exec-1] DEBUG o.s.c.c.CharSequenceEncoder - [762815ce] Writing "81. foo bar"
03:15:04.880 [http-nio-auto-15-exec-1] DEBUG o.s.c.c.CharSequenceEncoder - [762815ce] Writing "82. foo bar"
03:15:04.880 [http-nio-auto-15-exec-1] DEBUG o.s.c.c.CharSequenceEncoder - [762815ce] Writing "83. foo bar"
03:15:04.880 [http-nio-auto-15-exec-1] DEBUG o.s.c.c.CharSequenceEncoder - [762815ce] Writing "84. foo bar"
03:15:04.880 [http-nio-auto-15-exec-1] DEBUG o.s.c.c.CharSequenceEncoder - [762815ce] Writing "85. foo bar"
03:15:04.880 [http-nio-auto-15-exec-1] DEBUG o.s.c.c.CharSequenceEncoder - [762815ce] Writing "86. foo bar"
03:15:04.880 [http-nio-auto-15-exec-1] DEBUG o.s.c.c.CharSequenceEncoder - [762815ce] Writing "87. foo bar"
03:15:04.880 [http-nio-auto-15-exec-1] DEBUG o.s.c.c.CharSequenceEncoder - [762815ce] Writing "88. foo bar"
03:15:04.880 [http-nio-auto-15-exec-1] DEBUG o.s.c.c.CharSequenceEncoder - [762815ce] Writing "89. foo bar"
03:15:04.880 [http-nio-auto-15-exec-1] DEBUG o.s.c.c.CharSequenceEncoder - [762815ce] Writing "90. foo bar"
03:15:04.880 [http-nio-auto-15-exec-1] DEBUG o.s.c.c.CharSequenceEncoder - [762815ce] Writing "91. foo bar"
03:15:04.880 [http-nio-auto-15-exec-1] DEBUG o.s.c.c.CharSequenceEncoder - [762815ce] Writing "92. foo bar"
03:15:04.880 [http-nio-auto-15-exec-1] DEBUG o.s.c.c.CharSequenceEncoder - [762815ce] Writing "93. foo bar"
03:15:04.880 [http-nio-auto-15-exec-1] DEBUG o.s.c.c.CharSequenceEncoder - [762815ce] Writing "94. foo bar"
03:15:04.880 [http-nio-auto-15-exec-1] DEBUG o.s.c.c.CharSequenceEncoder - [762815ce] Writing "95. foo bar"
03:15:04.880 [http-nio-auto-15-exec-1] DEBUG o.s.c.c.CharSequenceEncoder - [762815ce] Writing "96. foo bar"
03:15:04.880 [http-nio-auto-15-exec-1] DEBUG o.s.c.c.CharSequenceEncoder - [762815ce] Writing "97. foo bar"
03:15:04.880 [http-nio-auto-15-exec-1] DEBUG o.s.c.c.CharSequenceEncoder - [762815ce] Writing "98. foo bar"
03:15:04.880 [http-nio-auto-15-exec-1] DEBUG o.s.c.c.CharSequenceEncoder - [762815ce] Writing "99. foo bar"
03:15:04.880 [http-nio-auto-15-exec-1] DEBUG o.s.c.c.CharSequenceEncoder - [762815ce] Writing "100. foo bar"
03:15:04.880 [http-nio-auto-15-exec-1] DEBUG o.s.c.c.CharSequenceEncoder - [762815ce] Writing "101. foo bar"
03:15:04.880 [http-nio-auto-15-exec-1] DEBUG o.s.c.c.CharSequenceEncoder - [762815ce] Writing "102. foo bar"
03:15:04.880 [http-nio-auto-15-exec-1] DEBUG o.s.c.c.CharSequenceEncoder - [762815ce] Writing "103. foo bar"
03:15:04.880 [http-nio-auto-15-exec-1] DEBUG o.s.c.c.CharSequenceEncoder - [762815ce] Writing "104. foo bar"
03:15:04.880 [http-nio-auto-15-exec-1] DEBUG o.s.c.c.CharSequenceEncoder - [762815ce] Writing "105. foo bar"
03:15:04.880 [http-nio-auto-15-exec-1] DEBUG o.s.c.c.CharSequenceEncoder - [762815ce] Writing "106. foo bar"
03:15:04.880 [http-nio-auto-15-exec-1] DEBUG o.s.c.c.CharSequenceEncoder - [762815ce] Writing "107. foo bar"
03:15:04.880 [http-nio-auto-15-exec-1] DEBUG o.s.c.c.CharSequenceEncoder - [762815ce] Writing "108. foo bar"
03:15:04.880 [http-nio-auto-15-exec-1] DEBUG o.s.c.c.CharSequenceEncoder - [762815ce] Writing "109. foo bar"
03:15:04.880 [http-nio-auto-15-exec-1] DEBUG o.s.c.c.CharSequenceEncoder - [762815ce] Writing "110. foo bar"
03:15:04.880 [http-nio-auto-15-exec-1] DEBUG o.s.c.c.CharSequenceEncoder - [762815ce] Writing "111. foo bar"
03:15:04.880 [http-nio-auto-15-exec-1] DEBUG o.s.c.c.CharSequenceEncoder - [762815ce] Writing "112. foo bar"
03:15:04.880 [http-nio-auto-15-exec-1] DEBUG o.s.c.c.CharSequenceEncoder - [762815ce] Writing "113. foo bar"
03:15:04.880 [http-nio-auto-15-exec-1] DEBUG o.s.c.c.CharSequenceEncoder - [762815ce] Writing "114. foo bar"
03:15:04.880 [http-nio-auto-15-exec-1] DEBUG o.s.c.c.CharSequenceEncoder - [762815ce] Writing "115. foo bar"
03:15:04.881 [http-nio-auto-15-exec-1] DEBUG o.s.c.c.CharSequenceEncoder - [762815ce] Writing "116. foo bar"
03:15:04.881 [http-nio-auto-15-exec-1] DEBUG o.s.c.c.CharSequenceEncoder - [762815ce] Writing "117. foo bar"
03:15:04.881 [http-nio-auto-15-exec-1] DEBUG o.s.c.c.CharSequenceEncoder - [762815ce] Writing "118. foo bar"
03:15:04.881 [http-nio-auto-15-exec-1] DEBUG o.s.c.c.CharSequenceEncoder - [762815ce] Writing "119. foo bar"
03:15:04.881 [http-nio-auto-15-exec-1] DEBUG o.s.c.c.CharSequenceEncoder - [762815ce] Writing "120. foo bar"
03:15:04.881 [http-nio-auto-15-exec-1] DEBUG o.s.c.c.CharSequenceEncoder - [762815ce] Writing "121. foo bar"
03:15:04.881 [http-nio-auto-15-exec-1] DEBUG o.s.c.c.CharSequenceEncoder - [762815ce] Writing "122. foo bar"
03:15:04.881 [http-nio-auto-15-exec-1] DEBUG o.s.c.c.CharSequenceEncoder - [762815ce] Writing "123. foo bar"
03:15:04.881 [http-nio-auto-15-exec-1] DEBUG o.s.c.c.CharSequenceEncoder - [762815ce] Writing "124. foo bar"
03:15:04.881 [http-nio-auto-15-exec-1] DEBUG o.s.c.c.CharSequenceEncoder - [762815ce] Writing "125. foo bar"
03:15:04.881 [http-nio-auto-15-exec-1] DEBUG o.s.c.c.CharSequenceEncoder - [762815ce] Writing "126. foo bar"
03:15:04.881 [http-nio-auto-15-exec-1] DEBUG o.s.c.c.CharSequenceEncoder - [762815ce] Writing "127. foo bar"
03:15:04.881 [http-nio-auto-15-exec-1] DEBUG o.s.c.c.CharSequenceEncoder - [762815ce] Writing "128. foo bar"
03:15:04.881 [http-nio-auto-15-exec-1] DEBUG o.s.c.c.CharSequenceEncoder - [762815ce] Writing "129. foo bar"
03:15:04.881 [http-nio-auto-15-exec-1] DEBUG o.s.c.c.CharSequenceEncoder - [762815ce] Writing "130. foo bar"
03:15:04.881 [http-nio-auto-15-exec-1] DEBUG o.s.c.c.CharSequenceEncoder - [762815ce] Writing "131. foo bar"
03:15:04.881 [http-nio-auto-15-exec-1] DEBUG o.s.c.c.CharSequenceEncoder - [762815ce] Writing "132. foo bar"
03:15:04.881 [http-nio-auto-15-exec-1] DEBUG o.s.c.c.CharSequenceEncoder - [762815ce] Writing "133. foo bar"
03:15:04.881 [http-nio-auto-15-exec-1] DEBUG o.s.c.c.CharSequenceEncoder - [762815ce] Writing "134. foo bar"
03:15:04.881 [http-nio-auto-15-exec-1] DEBUG o.s.c.c.CharSequenceEncoder - [762815ce] Writing "135. foo bar"
03:15:04.881 [http-nio-auto-15-exec-1] DEBUG o.s.c.c.CharSequenceEncoder - [762815ce] Writing "136. foo bar"
03:15:04.881 [http-nio-auto-15-exec-1] DEBUG o.s.c.c.CharSequenceEncoder - [762815ce] Writing "137. foo bar"
03:15:04.881 [http-nio-auto-15-exec-1] DEBUG o.s.c.c.CharSequenceEncoder - [762815ce] Writing "138. foo bar"
03:15:04.881 [http-nio-auto-15-exec-1] DEBUG o.s.c.c.CharSequenceEncoder - [762815ce] Writing "139. foo bar"
03:15:04.881 [http-nio-auto-15-exec-1] DEBUG o.s.c.c.CharSequenceEncoder - [762815ce] Writing "140. foo bar"
03:15:04.881 [http-nio-auto-15-exec-1] DEBUG o.s.c.c.CharSequenceEncoder - [762815ce] Writing "141. foo bar"
03:15:04.881 [http-nio-auto-15-exec-1] DEBUG o.s.c.c.CharSequenceEncoder - [762815ce] Writing "142. foo bar"
03:15:04.881 [http-nio-auto-15-exec-1] DEBUG o.s.c.c.CharSequenceEncoder - [762815ce] Writing "143. foo bar"
03:15:04.881 [http-nio-auto-15-exec-1] DEBUG o.s.c.c.CharSequenceEncoder - [762815ce] Writing "144. foo bar"
03:15:04.881 [http-nio-auto-15-exec-1] DEBUG o.s.c.c.CharSequenceEncoder - [762815ce] Writing "145. foo bar"
03:15:04.881 [http-nio-auto-15-exec-1] DEBUG o.s.c.c.CharSequenceEncoder - [762815ce] Writing "146. foo bar"
03:15:04.881 [http-nio-auto-15-exec-1] DEBUG o.s.c.c.CharSequenceEncoder - [762815ce] Writing "147. foo bar"
03:15:04.881 [http-nio-auto-15-exec-1] DEBUG o.s.c.c.CharSequenceEncoder - [762815ce] Writing "148. foo bar"
03:15:04.881 [http-nio-auto-15-exec-1] DEBUG o.s.c.c.CharSequenceEncoder - [762815ce] Writing "149. foo bar"
03:15:04.881 [http-nio-auto-15-exec-1] DEBUG o.s.c.c.CharSequenceEncoder - [762815ce] Writing "150. foo bar"
03:15:04.881 [http-nio-auto-15-exec-1] DEBUG o.s.c.c.CharSequenceEncoder - [762815ce] Writing "151. foo bar"
03:15:04.881 [http-nio-auto-15-exec-1] DEBUG o.s.c.c.CharSequenceEncoder - [762815ce] Writing "152. foo bar"
03:15:04.881 [http-nio-auto-15-exec-1] DEBUG o.s.c.c.CharSequenceEncoder - [762815ce] Writing "153. foo bar"
03:15:04.881 [http-nio-auto-15-exec-1] DEBUG o.s.c.c.CharSequenceEncoder - [762815ce] Writing "154. foo bar"
03:15:04.881 [http-nio-auto-15-exec-1] DEBUG o.s.c.c.CharSequenceEncoder - [762815ce] Writing "155. foo bar"
03:15:04.881 [http-nio-auto-15-exec-1] DEBUG o.s.c.c.CharSequenceEncoder - [762815ce] Writing "156. foo bar"
03:15:04.881 [http-nio-auto-15-exec-1] DEBUG o.s.c.c.CharSequenceEncoder - [762815ce] Writing "157. foo bar"
03:15:04.881 [http-nio-auto-15-exec-1] DEBUG o.s.c.c.CharSequenceEncoder - [762815ce] Writing "158. foo bar"
03:15:04.881 [http-nio-auto-15-exec-1] DEBUG o.s.c.c.CharSequenceEncoder - [762815ce] Writing "159. foo bar"
03:15:04.881 [http-nio-auto-15-exec-1] DEBUG o.s.c.c.CharSequenceEncoder - [762815ce] Writing "160. foo bar"
03:15:04.881 [http-nio-auto-15-exec-1] DEBUG o.s.c.c.CharSequenceEncoder - [762815ce] Writing "161. foo bar"
03:15:04.881 [http-nio-auto-15-exec-1] DEBUG o.s.c.c.CharSequenceEncoder - [762815ce] Writing "162. foo bar"
03:15:04.881 [http-nio-auto-15-exec-1] DEBUG o.s.c.c.CharSequenceEncoder - [762815ce] Writing "163. foo bar"
03:15:04.881 [http-nio-auto-15-exec-1] DEBUG o.s.c.c.CharSequenceEncoder - [762815ce] Writing "164. foo bar"
03:15:04.881 [http-nio-auto-15-exec-1] DEBUG o.s.c.c.CharSequenceEncoder - [762815ce] Writing "165. foo bar"
03:15:04.882 [http-nio-auto-15-exec-1] DEBUG o.s.c.c.CharSequenceEncoder - [762815ce] Writing "166. foo bar"
03:15:04.882 [http-nio-auto-15-exec-1] DEBUG o.s.c.c.CharSequenceEncoder - [762815ce] Writing "167. foo bar"
03:15:04.882 [http-nio-auto-15-exec-1] DEBUG o.s.c.c.CharSequenceEncoder - [762815ce] Writing "168. foo bar"
03:15:04.882 [http-nio-auto-15-exec-1] DEBUG o.s.c.c.CharSequenceEncoder - [762815ce] Writing "169. foo bar"
03:15:04.882 [http-nio-auto-15-exec-1] DEBUG o.s.c.c.CharSequenceEncoder - [762815ce] Writing "170. foo bar"
03:15:04.882 [http-nio-auto-15-exec-1] DEBUG o.s.c.c.CharSequenceEncoder - [762815ce] Writing "171. foo bar"
03:15:04.882 [http-nio-auto-15-exec-1] DEBUG o.s.c.c.CharSequenceEncoder - [762815ce] Writing "172. foo bar"
03:15:04.882 [http-nio-auto-15-exec-1] DEBUG o.s.c.c.CharSequenceEncoder - [762815ce] Writing "173. foo bar"
03:15:04.882 [http-nio-auto-15-exec-1] DEBUG o.s.c.c.CharSequenceEncoder - [762815ce] Writing "174. foo bar"
03:15:04.882 [http-nio-auto-15-exec-1] DEBUG o.s.c.c.CharSequenceEncoder - [762815ce] Writing "175. foo bar"
03:15:04.882 [http-nio-auto-15-exec-1] DEBUG o.s.c.c.CharSequenceEncoder - [762815ce] Writing "176. foo bar"
03:15:04.882 [http-nio-auto-15-exec-1] DEBUG o.s.c.c.CharSequenceEncoder - [762815ce] Writing "177. foo bar"
03:15:04.882 [http-nio-auto-15-exec-1] DEBUG o.s.c.c.CharSequenceEncoder - [762815ce] Writing "178. foo bar"
03:15:04.882 [http-nio-auto-15-exec-1] DEBUG o.s.c.c.CharSequenceEncoder - [762815ce] Writing "179. foo bar"
03:15:04.882 [http-nio-auto-15-exec-1] DEBUG o.s.c.c.CharSequenceEncoder - [762815ce] Writing "180. foo bar"
03:15:04.882 [http-nio-auto-15-exec-1] DEBUG o.s.c.c.CharSequenceEncoder - [762815ce] Writing "181. foo bar"
03:15:04.882 [http-nio-auto-15-exec-1] DEBUG o.s.c.c.CharSequenceEncoder - [762815ce] Writing "182. foo bar"
03:15:04.882 [http-nio-auto-15-exec-1] DEBUG o.s.c.c.CharSequenceEncoder - [762815ce] Writing "183. foo bar"
03:15:04.882 [http-nio-auto-15-exec-1] DEBUG o.s.c.c.CharSequenceEncoder - [762815ce] Writing "184. foo bar"
03:15:04.882 [http-nio-auto-15-exec-1] DEBUG o.s.c.c.CharSequenceEncoder - [762815ce] Writing "185. foo bar"
03:15:04.882 [http-nio-auto-15-exec-1] DEBUG o.s.c.c.CharSequenceEncoder - [762815ce] Writing "186. foo bar"
03:15:04.882 [http-nio-auto-15-exec-1] DEBUG o.s.c.c.CharSequenceEncoder - [762815ce] Writing "187. foo bar"
03:15:04.882 [http-nio-auto-15-exec-1] DEBUG o.s.c.c.CharSequenceEncoder - [762815ce] Writing "188. foo bar"
03:15:04.882 [http-nio-auto-15-exec-1] DEBUG o.s.c.c.CharSequenceEncoder - [762815ce] Writing "189. foo bar"
03:15:04.882 [http-nio-auto-15-exec-1] DEBUG o.s.c.c.CharSequenceEncoder - [762815ce] Writing "190. foo bar"
03:15:04.882 [http-nio-auto-15-exec-1] DEBUG o.s.c.c.CharSequenceEncoder - [762815ce] Writing "191. foo bar"
03:15:04.882 [http-nio-auto-15-exec-1] DEBUG o.s.c.c.CharSequenceEncoder - [762815ce] Writing "192. foo bar"
03:15:04.882 [http-nio-auto-15-exec-1] DEBUG o.s.c.c.CharSequenceEncoder - [762815ce] Writing "193. foo bar"
03:15:04.882 [http-nio-auto-15-exec-1] DEBUG o.s.c.c.CharSequenceEncoder - [762815ce] Writing "194. foo bar"
03:15:04.882 [http-nio-auto-15-exec-1] DEBUG o.s.c.c.CharSequenceEncoder - [762815ce] Writing "195. foo bar"
03:15:04.882 [http-nio-auto-15-exec-1] DEBUG o.s.c.c.CharSequenceEncoder - [762815ce] Writing "196. foo bar"
03:15:04.882 [http-nio-auto-15-exec-1] DEBUG o.s.c.c.CharSequenceEncoder - [762815ce] Writing "197. foo bar"
03:15:04.882 [http-nio-auto-15-exec-1] DEBUG o.s.c.c.CharSequenceEncoder - [762815ce] Writing "198. foo bar"
03:15:04.882 [http-nio-auto-15-exec-1] DEBUG o.s.c.c.CharSequenceEncoder - [762815ce] Writing "199. foo bar"
03:15:04.882 [http-nio-auto-15-exec-1] DEBUG o.s.c.c.CharSequenceEncoder - [762815ce] Writing "200. foo bar"
03:15:04.883 [http-nio-auto-15-exec-1] DEBUG o.s.c.c.CharSequenceEncoder - [762815ce] Writing "201. foo bar"
03:15:04.883 [http-nio-auto-15-exec-1] DEBUG o.s.c.c.CharSequenceEncoder - [762815ce] Writing "202. foo bar"
03:15:04.883 [http-nio-auto-15-exec-1] DEBUG o.s.c.c.CharSequenceEncoder - [762815ce] Writing "203. foo bar"
03:15:04.883 [http-nio-auto-15-exec-1] DEBUG o.s.c.c.CharSequenceEncoder - [762815ce] Writing "204. foo bar"
03:15:04.883 [http-nio-auto-15-exec-1] DEBUG o.s.c.c.CharSequenceEncoder - [762815ce] Writing "205. foo bar"
03:15:04.883 [http-nio-auto-15-exec-1] DEBUG o.s.c.c.CharSequenceEncoder - [762815ce] Writing "206. foo bar"
03:15:04.883 [http-nio-auto-15-exec-1] DEBUG o.s.c.c.CharSequenceEncoder - [762815ce] Writing "207. foo bar"
03:15:04.883 [http-nio-auto-15-exec-1] DEBUG o.s.c.c.CharSequenceEncoder - [762815ce] Writing "208. foo bar"
03:15:04.883 [http-nio-auto-15-exec-1] DEBUG o.s.c.c.CharSequenceEncoder - [762815ce] Writing "209. foo bar"
03:15:04.883 [http-nio-auto-15-exec-1] DEBUG o.s.c.c.CharSequenceEncoder - [762815ce] Writing "210. foo bar"
03:15:04.883 [http-nio-auto-15-exec-1] DEBUG o.s.c.c.CharSequenceEncoder - [762815ce] Writing "211. foo bar"
03:15:04.883 [http-nio-auto-15-exec-1] DEBUG o.s.c.c.CharSequenceEncoder - [762815ce] Writing "212. foo bar"
03:15:04.883 [http-nio-auto-15-exec-1] DEBUG o.s.c.c.CharSequenceEncoder - [762815ce] Writing "213. foo bar"
03:15:04.883 [http-nio-auto-15-exec-1] DEBUG o.s.c.c.CharSequenceEncoder - [762815ce] Writing "214. foo bar"
03:15:04.883 [http-nio-auto-15-exec-1] DEBUG o.s.c.c.CharSequenceEncoder - [762815ce] Writing "215. foo bar"
03:15:04.883 [http-nio-auto-15-exec-1] DEBUG o.s.c.c.CharSequenceEncoder - [762815ce] Writing "216. foo bar"
03:15:04.883 [http-nio-auto-15-exec-1] DEBUG o.s.c.c.CharSequenceEncoder - [762815ce] Writing "217. foo bar"
03:15:04.883 [http-nio-auto-15-exec-1] DEBUG o.s.c.c.CharSequenceEncoder - [762815ce] Writing "218. foo bar"
03:15:04.883 [http-nio-auto-15-exec-1] DEBUG o.s.c.c.CharSequenceEncoder - [762815ce] Writing "219. foo bar"
03:15:04.883 [http-nio-auto-15-exec-1] DEBUG o.s.c.c.CharSequenceEncoder - [762815ce] Writing "220. foo bar"
03:15:04.883 [http-nio-auto-15-exec-1] DEBUG o.s.c.c.CharSequenceEncoder - [762815ce] Writing "221. foo bar"
03:15:04.883 [http-nio-auto-15-exec-1] DEBUG o.s.c.c.CharSequenceEncoder - [762815ce] Writing "222. foo bar"
03:15:04.883 [http-nio-auto-15-exec-1] DEBUG o.s.c.c.CharSequenceEncoder - [762815ce] Writing "223. foo bar"
03:15:04.883 [http-nio-auto-15-exec-1] DEBUG o.s.c.c.CharSequenceEncoder - [762815ce] Writing "224. foo bar"
03:15:04.883 [http-nio-auto-15-exec-1] DEBUG o.s.c.c.CharSequenceEncoder - [762815ce] Writing "225. foo bar"
03:15:04.883 [http-nio-auto-15-exec-1] DEBUG o.s.c.c.CharSequenceEncoder - [762815ce] Writing "226. foo bar"
03:15:04.883 [http-nio-auto-15-exec-1] DEBUG o.s.c.c.CharSequenceEncoder - [762815ce] Writing "227. foo bar"
03:15:04.883 [http-nio-auto-15-exec-1] DEBUG o.s.c.c.CharSequenceEncoder - [762815ce] Writing "228. foo bar"
03:15:04.883 [http-nio-auto-15-exec-1] DEBUG o.s.c.c.CharSequenceEncoder - [762815ce] Writing "229. foo bar"
03:15:04.883 [http-nio-auto-15-exec-1] DEBUG o.s.c.c.CharSequenceEncoder - [762815ce] Writing "230. foo bar"
03:15:04.883 [http-nio-auto-15-exec-1] DEBUG o.s.c.c.CharSequenceEncoder - [762815ce] Writing "231. foo bar"
03:15:04.883 [http-nio-auto-15-exec-1] DEBUG o.s.c.c.CharSequenceEncoder - [762815ce] Writing "232. foo bar"
03:15:04.883 [http-nio-auto-15-exec-1] DEBUG o.s.c.c.CharSequenceEncoder - [762815ce] Writing "233. foo bar"
03:15:04.883 [http-nio-auto-15-exec-1] DEBUG o.s.c.c.CharSequenceEncoder - [762815ce] Writing "234. foo bar"
03:15:04.883 [http-nio-auto-15-exec-1] DEBUG o.s.c.c.CharSequenceEncoder - [762815ce] Writing "235. foo bar"
03:15:04.883 [http-nio-auto-15-exec-1] DEBUG o.s.c.c.CharSequenceEncoder - [762815ce] Writing "236. foo bar"
03:15:04.883 [http-nio-auto-15-exec-1] DEBUG o.s.c.c.CharSequenceEncoder - [762815ce] Writing "237. foo bar"
03:15:04.883 [http-nio-auto-15-exec-1] DEBUG o.s.c.c.CharSequenceEncoder - [762815ce] Writing "238. foo bar"
03:15:04.883 [http-nio-auto-15-exec-1] DEBUG o.s.c.c.CharSequenceEncoder - [762815ce] Writing "239. foo bar"
03:15:04.883 [http-nio-auto-15-exec-1] DEBUG o.s.c.c.CharSequenceEncoder - [762815ce] Writing "240. foo bar"
03:15:04.883 [http-nio-auto-15-exec-1] DEBUG o.s.c.c.CharSequenceEncoder - [762815ce] Writing "241. foo bar"
03:15:04.883 [http-nio-auto-15-exec-1] DEBUG o.s.c.c.CharSequenceEncoder - [762815ce] Writing "242. foo bar"
03:15:04.883 [http-nio-auto-15-exec-1] DEBUG o.s.c.c.CharSequenceEncoder - [762815ce] Writing "243. foo bar"
03:15:04.883 [http-nio-auto-15-exec-1] DEBUG o.s.c.c.CharSequenceEncoder - [762815ce] Writing "244. foo bar"
03:15:04.884 [http-nio-auto-15-exec-1] DEBUG o.s.c.c.CharSequenceEncoder - [762815ce] Writing "245. foo bar"
03:15:04.884 [http-nio-auto-15-exec-1] DEBUG o.s.c.c.CharSequenceEncoder - [762815ce] Writing "246. foo bar"
03:15:04.884 [http-nio-auto-15-exec-1] DEBUG o.s.c.c.CharSequenceEncoder - [762815ce] Writing "247. foo bar"
03:15:04.884 [http-nio-auto-15-exec-1] DEBUG o.s.c.c.CharSequenceEncoder - [762815ce] Writing "248. foo bar"
03:15:04.884 [http-nio-auto-15-exec-1] DEBUG o.s.c.c.CharSequenceEncoder - [762815ce] Writing "249. foo bar"
03:15:04.884 [http-nio-auto-15-exec-1] DEBUG o.s.c.c.CharSequenceEncoder - [762815ce] Writing "250. foo bar"
03:15:04.884 [http-nio-auto-15-exec-1] DEBUG o.s.c.c.CharSequenceEncoder - [762815ce] Writing "251. foo bar"
03:15:04.884 [http-nio-auto-15-exec-1] DEBUG o.s.c.c.CharSequenceEncoder - [762815ce] Writing "252. foo bar"
03:15:04.884 [http-nio-auto-15-exec-1] DEBUG o.s.c.c.CharSequenceEncoder - [762815ce] Writing "253. foo bar"
03:15:04.884 [http-nio-auto-15-exec-1] DEBUG o.s.c.c.CharSequenceEncoder - [762815ce] Writing "254. foo bar"
03:15:04.884 [http-nio-auto-15-exec-1] DEBUG o.s.c.c.CharSequenceEncoder - [762815ce] Writing "255. foo bar"
03:15:04.884 [http-nio-auto-15-exec-1] DEBUG o.s.c.c.CharSequenceEncoder - [762815ce] Writing "256. foo bar"
03:15:04.884 [http-nio-auto-15-exec-1] DEBUG o.s.c.c.CharSequenceEncoder - [762815ce] Writing "257. foo bar"
03:15:04.884 [http-nio-auto-15-exec-1] DEBUG o.s.c.c.CharSequenceEncoder - [762815ce] Writing "258. foo bar"
03:15:04.884 [http-nio-auto-15-exec-1] DEBUG o.s.c.c.CharSequenceEncoder - [762815ce] Writing "259. foo bar"
03:15:04.884 [http-nio-auto-15-exec-1] DEBUG o.s.c.c.CharSequenceEncoder - [762815ce] Writing "260. foo bar"
03:15:04.896 [http-nio-auto-15-exec-1] DEBUG o.s.c.c.CharSequenceEncoder - [762815ce] Writing "261. foo bar"
03:15:04.897 [http-nio-auto-15-exec-1] DEBUG o.s.c.c.CharSequenceEncoder - [762815ce] Writing "262. foo bar"
03:15:04.897 [http-nio-auto-15-exec-1] DEBUG o.s.c.c.CharSequenceEncoder - [762815ce] Writing "263. foo bar"
03:15:04.897 [http-nio-auto-15-exec-1] DEBUG o.s.c.c.CharSequenceEncoder - [762815ce] Writing "264. foo bar"
03:15:04.897 [http-nio-auto-15-exec-1] DEBUG o.s.c.c.CharSequenceEncoder - [762815ce] Writing "265. foo bar"
03:15:04.897 [http-nio-auto-15-exec-1] DEBUG o.s.c.c.CharSequenceEncoder - [762815ce] Writing "266. foo bar"
03:15:04.897 [http-nio-auto-15-exec-1] DEBUG o.s.c.c.CharSequenceEncoder - [762815ce] Writing "267. foo bar"
03:15:04.897 [http-nio-auto-15-exec-1] DEBUG o.s.c.c.CharSequenceEncoder - [762815ce] Writing "268. foo bar"
03:15:04.897 [http-nio-auto-15-exec-1] DEBUG o.s.c.c.CharSequenceEncoder - [762815ce] Writing "269. foo bar"
03:15:04.897 [http-nio-auto-15-exec-1] DEBUG o.s.c.c.CharSequenceEncoder - [762815ce] Writing "270. foo bar"
03:15:04.897 [http-nio-auto-15-exec-1] DEBUG o.s.c.c.CharSequenceEncoder - [762815ce] Writing "271. foo bar"
03:15:04.897 [http-nio-auto-15-exec-1] DEBUG o.s.c.c.CharSequenceEncoder - [762815ce] Writing "272. foo bar"
03:15:04.897 [http-nio-auto-15-exec-1] DEBUG o.s.c.c.CharSequenceEncoder - [762815ce] Writing "273. foo bar"
03:15:04.897 [http-nio-auto-15-exec-1] DEBUG o.s.c.c.CharSequenceEncoder - [762815ce] Writing "274. foo bar"
03:15:04.897 [http-nio-auto-15-exec-1] DEBUG o.s.c.c.CharSequenceEncoder - [762815ce] Writing "275. foo bar"
03:15:04.897 [http-nio-auto-15-exec-1] DEBUG o.s.c.c.CharSequenceEncoder - [762815ce] Writing "276. foo bar"
03:15:04.897 [http-nio-auto-15-exec-1] DEBUG o.s.c.c.CharSequenceEncoder - [762815ce] Writing "277. foo bar"
03:15:04.897 [http-nio-auto-15-exec-1] DEBUG o.s.c.c.CharSequenceEncoder - [762815ce] Writing "278. foo bar"
03:15:04.897 [http-nio-auto-15-exec-1] DEBUG o.s.c.c.CharSequenceEncoder - [762815ce] Writing "279. foo bar"
03:15:04.897 [http-nio-auto-15-exec-1] DEBUG o.s.c.c.CharSequenceEncoder - [762815ce] Writing "280. foo bar"
03:15:04.897 [http-nio-auto-15-exec-1] DEBUG o.s.c.c.CharSequenceEncoder - [762815ce] Writing "281. foo bar"
03:15:04.897 [http-nio-auto-15-exec-1] DEBUG o.s.c.c.CharSequenceEncoder - [762815ce] Writing "282. foo bar"
03:15:04.897 [http-nio-auto-15-exec-1] DEBUG o.s.c.c.CharSequenceEncoder - [762815ce] Writing "283. foo bar"
03:15:04.897 [http-nio-auto-15-exec-1] DEBUG o.s.c.c.CharSequenceEncoder - [762815ce] Writing "284. foo bar"
03:15:04.897 [http-nio-auto-15-exec-1] DEBUG o.s.c.c.CharSequenceEncoder - [762815ce] Writing "285. foo bar"
03:15:04.897 [http-nio-auto-15-exec-1] DEBUG o.s.c.c.CharSequenceEncoder - [762815ce] Writing "286. foo bar"
03:15:04.897 [http-nio-auto-15-exec-1] DEBUG o.s.c.c.CharSequenceEncoder - [762815ce] Writing "287. foo bar"
03:15:04.897 [http-nio-auto-15-exec-1] DEBUG o.s.c.c.CharSequenceEncoder - [762815ce] Writing "288. foo bar"
03:15:04.897 [http-nio-auto-15-exec-1] DEBUG o.s.c.c.CharSequenceEncoder - [762815ce] Writing "289. foo bar"
03:15:04.897 [http-nio-auto-15-exec-1] DEBUG o.s.c.c.CharSequenceEncoder - [762815ce] Writing "290. foo bar"
03:15:04.897 [http-nio-auto-15-exec-1] DEBUG o.s.c.c.CharSequenceEncoder - [762815ce] Writing "291. foo bar"
03:15:04.897 [http-nio-auto-15-exec-1] DEBUG o.s.c.c.CharSequenceEncoder - [762815ce] Writing "292. foo bar"
03:15:04.897 [http-nio-auto-15-exec-1] DEBUG o.s.c.c.CharSequenceEncoder - [762815ce] Writing "293. foo bar"
03:15:04.897 [http-nio-auto-15-exec-1] DEBUG o.s.c.c.CharSequenceEncoder - [762815ce] Writing "294. foo bar"
03:15:04.897 [http-nio-auto-15-exec-1] DEBUG o.s.c.c.CharSequenceEncoder - [762815ce] Writing "295. foo bar"
03:15:04.897 [http-nio-auto-15-exec-1] DEBUG o.s.c.c.CharSequenceEncoder - [762815ce] Writing "296. foo bar"
03:15:04.897 [http-nio-auto-15-exec-1] DEBUG o.s.c.c.CharSequenceEncoder - [762815ce] Writing "297. foo bar"
03:15:04.897 [http-nio-auto-15-exec-1] DEBUG o.s.c.c.CharSequenceEncoder - [762815ce] Writing "298. foo bar"
03:15:04.897 [http-nio-auto-15-exec-1] DEBUG o.s.c.c.CharSequenceEncoder - [762815ce] Writing "299. foo bar"
03:15:04.897 [http-nio-auto-15-exec-1] DEBUG o.s.c.c.CharSequenceEncoder - [762815ce] Writing "300. foo bar"
03:15:04.897 [http-nio-auto-15-exec-1] DEBUG o.s.c.c.CharSequenceEncoder - [762815ce] Writing "301. foo bar"
03:15:04.897 [http-nio-auto-15-exec-1] DEBUG o.s.c.c.CharSequenceEncoder - [762815ce] Writing "302. foo bar"
03:15:04.897 [http-nio-auto-15-exec-1] DEBUG o.s.c.c.CharSequenceEncoder - [762815ce] Writing "303. foo bar"
03:15:04.897 [http-nio-auto-15-exec-1] DEBUG o.s.c.c.CharSequenceEncoder - [762815ce] Writing "304. foo bar"
03:15:04.897 [http-nio-auto-15-exec-1] DEBUG o.s.c.c.CharSequenceEncoder - [762815ce] Writing "305. foo bar"
03:15:04.897 [http-nio-auto-15-exec-1] DEBUG o.s.c.c.CharSequenceEncoder - [762815ce] Writing "306. foo bar"
03:15:04.897 [http-nio-auto-15-exec-1] DEBUG o.s.c.c.CharSequenceEncoder - [762815ce] Writing "307. foo bar"
03:15:04.897 [http-nio-auto-15-exec-1] DEBUG o.s.c.c.CharSequenceEncoder - [762815ce] Writing "308. foo bar"
03:15:04.897 [http-nio-auto-15-exec-1] DEBUG o.s.c.c.CharSequenceEncoder - [762815ce] Writing "309. foo bar"
03:15:04.897 [http-nio-auto-15-exec-1] DEBUG o.s.c.c.CharSequenceEncoder - [762815ce] Writing "310. foo bar"
03:15:04.897 [http-nio-auto-15-exec-1] DEBUG o.s.c.c.CharSequenceEncoder - [762815ce] Writing "311. foo bar"
03:15:04.897 [http-nio-auto-15-exec-1] DEBUG o.s.c.c.CharSequenceEncoder - [762815ce] Writing "312. foo bar"
03:15:04.898 [http-nio-auto-15-exec-1] DEBUG o.s.c.c.CharSequenceEncoder - [762815ce] Writing "313. foo bar"
03:15:04.898 [http-nio-auto-15-exec-1] DEBUG o.s.c.c.CharSequenceEncoder - [762815ce] Writing "314. foo bar"
03:15:04.898 [http-nio-auto-15-exec-1] DEBUG o.s.c.c.CharSequenceEncoder - [762815ce] Writing "315. foo bar"
03:15:04.898 [http-nio-auto-15-exec-1] DEBUG o.s.c.c.CharSequenceEncoder - [762815ce] Writing "316. foo bar"
03:15:04.901 [http-nio-auto-15-exec-1] DEBUG o.s.c.c.CharSequenceEncoder - [762815ce] Writing "317. foo bar"
03:15:04.901 [http-nio-auto-15-exec-1] DEBUG o.s.c.c.CharSequenceEncoder - [762815ce] Writing "318. foo bar"
03:15:04.901 [http-nio-auto-15-exec-1] DEBUG o.s.c.c.CharSequenceEncoder - [762815ce] Writing "319. foo bar"
03:15:04.901 [http-nio-auto-15-exec-1] DEBUG o.s.c.c.CharSequenceEncoder - [762815ce] Writing "320. foo bar"
03:15:04.901 [http-nio-auto-15-exec-1] DEBUG o.s.c.c.CharSequenceEncoder - [762815ce] Writing "321. foo bar"
03:15:04.901 [http-nio-auto-15-exec-1] DEBUG o.s.c.c.CharSequenceEncoder - [762815ce] Writing "322. foo bar"
03:15:04.901 [http-nio-auto-15-exec-1] DEBUG o.s.c.c.CharSequenceEncoder - [762815ce] Writing "323. foo bar"
03:15:04.901 [http-nio-auto-15-exec-1] DEBUG o.s.c.c.CharSequenceEncoder - [762815ce] Writing "324. foo bar"
03:15:04.901 [http-nio-auto-15-exec-1] DEBUG o.s.c.c.CharSequenceEncoder - [762815ce] Writing "325. foo bar"
03:15:04.901 [http-nio-auto-15-exec-1] DEBUG o.s.c.c.CharSequenceEncoder - [762815ce] Writing "326. foo bar"
03:15:04.901 [http-nio-auto-15-exec-1] DEBUG o.s.c.c.CharSequenceEncoder - [762815ce] Writing "327. foo bar"
03:15:04.901 [http-nio-auto-15-exec-1] DEBUG o.s.c.c.CharSequenceEncoder - [762815ce] Writing "328. foo bar"
03:15:04.901 [http-nio-auto-15-exec-1] DEBUG o.s.c.c.CharSequenceEncoder - [762815ce] Writing "329. foo bar"
03:15:04.901 [http-nio-auto-15-exec-1] DEBUG o.s.c.c.CharSequenceEncoder - [762815ce] Writing "330. foo bar"
03:15:04.901 [http-nio-auto-15-exec-1] DEBUG o.s.c.c.CharSequenceEncoder - [762815ce] Writing "331. foo bar"
03:15:04.901 [http-nio-auto-15-exec-1] DEBUG o.s.c.c.CharSequenceEncoder - [762815ce] Writing "332. foo bar"
03:15:04.901 [http-nio-auto-15-exec-1] DEBUG o.s.c.c.CharSequenceEncoder - [762815ce] Writing "333. foo bar"
03:15:04.901 [http-nio-auto-15-exec-1] DEBUG o.s.c.c.CharSequenceEncoder - [762815ce] Writing "334. foo bar"
03:15:04.901 [http-nio-auto-15-exec-1] DEBUG o.s.c.c.CharSequenceEncoder - [762815ce] Writing "335. foo bar"
03:15:04.901 [http-nio-auto-15-exec-1] DEBUG o.s.c.c.CharSequenceEncoder - [762815ce] Writing "336. foo bar"
03:15:04.901 [http-nio-auto-15-exec-1] DEBUG o.s.c.c.CharSequenceEncoder - [762815ce] Writing "337. foo bar"
03:15:04.901 [http-nio-auto-15-exec-1] DEBUG o.s.c.c.CharSequenceEncoder - [762815ce] Writing "338. foo bar"
03:15:04.901 [http-nio-auto-15-exec-1] DEBUG o.s.c.c.CharSequenceEncoder - [762815ce] Writing "339. foo bar"
03:15:04.901 [http-nio-auto-15-exec-1] DEBUG o.s.c.c.CharSequenceEncoder - [762815ce] Writing "340. foo bar"
03:15:04.901 [http-nio-auto-15-exec-1] DEBUG o.s.c.c.CharSequenceEncoder - [762815ce] Writing "341. foo bar"
03:15:04.901 [http-nio-auto-15-exec-1] DEBUG o.s.c.c.CharSequenceEncoder - [762815ce] Writing "342. foo bar"
03:15:04.901 [http-nio-auto-15-exec-1] DEBUG o.s.c.c.CharSequenceEncoder - [762815ce] Writing "343. foo bar"
03:15:04.901 [http-nio-auto-15-exec-1] DEBUG o.s.c.c.CharSequenceEncoder - [762815ce] Writing "344. foo bar"
03:15:04.901 [http-nio-auto-15-exec-1] DEBUG o.s.c.c.CharSequenceEncoder - [762815ce] Writing "345. foo bar"
03:15:04.901 [http-nio-auto-15-exec-1] DEBUG o.s.c.c.CharSequenceEncoder - [762815ce] Writing "346. foo bar"
03:15:04.901 [http-nio-auto-15-exec-1] DEBUG o.s.c.c.CharSequenceEncoder - [762815ce] Writing "347. foo bar"
03:15:04.901 [http-nio-auto-15-exec-1] DEBUG o.s.c.c.CharSequenceEncoder - [762815ce] Writing "348. foo bar"
03:15:04.902 [http-nio-auto-15-exec-1] DEBUG o.s.c.c.CharSequenceEncoder - [762815ce] Writing "349. foo bar"
03:15:04.902 [http-nio-auto-15-exec-1] DEBUG o.s.c.c.CharSequenceEncoder - [762815ce] Writing "350. foo bar"
03:15:04.902 [http-nio-auto-15-exec-1] DEBUG o.s.c.c.CharSequenceEncoder - [762815ce] Writing "351. foo bar"
03:15:04.902 [http-nio-auto-15-exec-1] DEBUG o.s.c.c.CharSequenceEncoder - [762815ce] Writing "352. foo bar"
03:15:04.902 [http-nio-auto-15-exec-1] DEBUG o.s.c.c.CharSequenceEncoder - [762815ce] Writing "353. foo bar"
03:15:04.902 [http-nio-auto-15-exec-1] DEBUG o.s.c.c.CharSequenceEncoder - [762815ce] Writing "354. foo bar"
03:15:04.902 [http-nio-auto-15-exec-1] DEBUG o.s.c.c.CharSequenceEncoder - [762815ce] Writing "355. foo bar"
03:15:04.902 [http-nio-auto-15-exec-1] DEBUG o.s.c.c.CharSequenceEncoder - [762815ce] Writing "356. foo bar"
03:15:04.902 [http-nio-auto-15-exec-1] DEBUG o.s.c.c.CharSequenceEncoder - [762815ce] Writing "357. foo bar"
03:15:04.902 [http-nio-auto-15-exec-1] DEBUG o.s.c.c.CharSequenceEncoder - [762815ce] Writing "358. foo bar"
03:15:04.902 [http-nio-auto-15-exec-1] DEBUG o.s.c.c.CharSequenceEncoder - [762815ce] Writing "359. foo bar"
03:15:04.902 [http-nio-auto-15-exec-1] DEBUG o.s.c.c.CharSequenceEncoder - [762815ce] Writing "360. foo bar"
03:15:04.903 [http-nio-auto-15-exec-1] DEBUG o.s.c.c.CharSequenceEncoder - [762815ce] Writing "361. foo bar"
03:15:04.907 [http-nio-auto-15-exec-1] DEBUG o.s.c.c.CharSequenceEncoder - [762815ce] Writing "362. foo bar"
03:15:04.907 [http-nio-auto-15-exec-1] DEBUG o.s.c.c.CharSequenceEncoder - [762815ce] Writing "363. foo bar"
03:15:04.907 [http-nio-auto-15-exec-1] DEBUG o.s.c.c.CharSequenceEncoder - [762815ce] Writing "364. foo bar"
03:15:04.907 [http-nio-auto-15-exec-1] DEBUG o.s.c.c.CharSequenceEncoder - [762815ce] Writing "365. foo bar"
03:15:04.907 [http-nio-auto-15-exec-1] DEBUG o.s.c.c.CharSequenceEncoder - [762815ce] Writing "366. foo bar"
03:15:04.907 [http-nio-auto-15-exec-1] DEBUG o.s.c.c.CharSequenceEncoder - [762815ce] Writing "367. foo bar"
03:15:04.907 [http-nio-auto-15-exec-1] DEBUG o.s.c.c.CharSequenceEncoder - [762815ce] Writing "368. foo bar"
03:15:04.907 [http-nio-auto-15-exec-1] DEBUG o.s.c.c.CharSequenceEncoder - [762815ce] Writing "369. foo bar"
03:15:04.907 [http-nio-auto-15-exec-1] DEBUG o.s.c.c.CharSequenceEncoder - [762815ce] Writing "370. foo bar"
03:15:04.907 [http-nio-auto-15-exec-1] DEBUG o.s.c.c.CharSequenceEncoder - [762815ce] Writing "371. foo bar"
03:15:04.907 [http-nio-auto-15-exec-1] DEBUG o.s.c.c.CharSequenceEncoder - [762815ce] Writing "372. foo bar"
03:15:04.907 [http-nio-auto-15-exec-1] DEBUG o.s.c.c.CharSequenceEncoder - [762815ce] Writing "373. foo bar"
03:15:04.907 [http-nio-auto-15-exec-1] DEBUG o.s.c.c.CharSequenceEncoder - [762815ce] Writing "374. foo bar"
03:15:04.907 [http-nio-auto-15-exec-1] DEBUG o.s.c.c.CharSequenceEncoder - [762815ce] Writing "375. foo bar"
03:15:04.907 [http-nio-auto-15-exec-1] DEBUG o.s.c.c.CharSequenceEncoder - [762815ce] Writing "376. foo bar"
03:15:04.907 [http-nio-auto-15-exec-1] DEBUG o.s.c.c.CharSequenceEncoder - [762815ce] Writing "377. foo bar"
03:15:04.907 [http-nio-auto-15-exec-1] DEBUG o.s.c.c.CharSequenceEncoder - [762815ce] Writing "378. foo bar"
03:15:04.907 [http-nio-auto-15-exec-1] DEBUG o.s.c.c.CharSequenceEncoder - [762815ce] Writing "379. foo bar"
03:15:04.907 [http-nio-auto-15-exec-1] DEBUG o.s.c.c.CharSequenceEncoder - [762815ce] Writing "380. foo bar"
03:15:04.907 [http-nio-auto-15-exec-1] DEBUG o.s.c.c.CharSequenceEncoder - [762815ce] Writing "381. foo bar"
03:15:04.908 [http-nio-auto-15-exec-1] DEBUG o.s.c.c.CharSequenceEncoder - [762815ce] Writing "382. foo bar"
03:15:04.908 [http-nio-auto-15-exec-1] DEBUG o.s.c.c.CharSequenceEncoder - [762815ce] Writing "383. foo bar"
03:15:04.908 [http-nio-auto-15-exec-1] DEBUG o.s.c.c.CharSequenceEncoder - [762815ce] Writing "384. foo bar"
03:15:04.908 [http-nio-auto-15-exec-1] DEBUG o.s.c.c.CharSequenceEncoder - [762815ce] Writing "385. foo bar"
03:15:04.908 [http-nio-auto-15-exec-1] DEBUG o.s.c.c.CharSequenceEncoder - [762815ce] Writing "386. foo bar"
03:15:04.908 [http-nio-auto-15-exec-1] DEBUG o.s.c.c.CharSequenceEncoder - [762815ce] Writing "387. foo bar"
03:15:04.908 [http-nio-auto-15-exec-1] DEBUG o.s.c.c.CharSequenceEncoder - [762815ce] Writing "388. foo bar"
03:15:04.908 [http-nio-auto-15-exec-1] DEBUG o.s.c.c.CharSequenceEncoder - [762815ce] Writing "389. foo bar"
03:15:04.908 [http-nio-auto-15-exec-1] DEBUG o.s.c.c.CharSequenceEncoder - [762815ce] Writing "390. foo bar"
03:15:04.908 [http-nio-auto-15-exec-1] DEBUG o.s.c.c.CharSequenceEncoder - [762815ce] Writing "391. foo bar"
03:15:04.908 [http-nio-auto-15-exec-1] DEBUG o.s.c.c.CharSequenceEncoder - [762815ce] Writing "392. foo bar"
03:15:04.908 [http-nio-auto-15-exec-1] DEBUG o.s.c.c.CharSequenceEncoder - [762815ce] Writing "393. foo bar"
03:15:04.908 [http-nio-auto-15-exec-1] DEBUG o.s.c.c.CharSequenceEncoder - [762815ce] Writing "394. foo bar"
03:15:04.908 [http-nio-auto-15-exec-1] DEBUG o.s.c.c.CharSequenceEncoder - [762815ce] Writing "395. foo bar"
03:15:04.908 [http-nio-auto-15-exec-1] DEBUG o.s.c.c.CharSequenceEncoder - [762815ce] Writing "396. foo bar"
03:15:04.908 [http-nio-auto-15-exec-1] DEBUG o.s.c.c.CharSequenceEncoder - [762815ce] Writing "397. foo bar"
03:15:04.908 [http-nio-auto-15-exec-1] DEBUG o.s.c.c.CharSequenceEncoder - [762815ce] Writing "398. foo bar"
03:15:04.908 [http-nio-auto-15-exec-1] DEBUG o.s.c.c.CharSequenceEncoder - [762815ce] Writing "399. foo bar"
03:15:04.908 [http-nio-auto-15-exec-1] DEBUG o.s.c.c.CharSequenceEncoder - [762815ce] Writing "400. foo bar"
03:15:04.908 [http-nio-auto-15-exec-1] DEBUG o.s.c.c.CharSequenceEncoder - [762815ce] Writing "401. foo bar"
03:15:04.908 [http-nio-auto-15-exec-1] DEBUG o.s.c.c.CharSequenceEncoder - [762815ce] Writing "402. foo bar"
03:15:04.908 [http-nio-auto-15-exec-1] DEBUG o.s.c.c.CharSequenceEncoder - [762815ce] Writing "403. foo bar"
03:15:04.908 [http-nio-auto-15-exec-1] DEBUG o.s.c.c.CharSequenceEncoder - [762815ce] Writing "404. foo bar"
03:15:04.908 [http-nio-auto-15-exec-1] DEBUG o.s.c.c.CharSequenceEncoder - [762815ce] Writing "405. foo bar"
03:15:04.908 [http-nio-auto-15-exec-1] DEBUG o.s.c.c.CharSequenceEncoder - [762815ce] Writing "406. foo bar"
03:15:04.908 [http-nio-auto-15-exec-1] DEBUG o.s.c.c.CharSequenceEncoder - [762815ce] Writing "407. foo bar"
03:15:04.908 [http-nio-auto-15-exec-1] DEBUG o.s.c.c.CharSequenceEncoder - [762815ce] Writing "408. foo bar"
03:15:04.908 [http-nio-auto-15-exec-1] DEBUG o.s.c.c.CharSequenceEncoder - [762815ce] Writing "409. foo bar"
03:15:04.908 [http-nio-auto-15-exec-1] DEBUG o.s.c.c.CharSequenceEncoder - [762815ce] Writing "410. foo bar"
03:15:04.908 [http-nio-auto-15-exec-1] DEBUG o.s.c.c.CharSequenceEncoder - [762815ce] Writing "411. foo bar"
03:15:04.908 [http-nio-auto-15-exec-1] DEBUG o.s.c.c.CharSequenceEncoder - [762815ce] Writing "412. foo bar"
03:15:04.908 [http-nio-auto-15-exec-1] DEBUG o.s.c.c.CharSequenceEncoder - [762815ce] Writing "413. foo bar"
03:15:04.908 [http-nio-auto-15-exec-1] DEBUG o.s.c.c.CharSequenceEncoder - [762815ce] Writing "414. foo bar"
03:15:04.908 [http-nio-auto-15-exec-1] DEBUG o.s.c.c.CharSequenceEncoder - [762815ce] Writing "415. foo bar"
03:15:04.908 [http-nio-auto-15-exec-1] DEBUG o.s.c.c.CharSequenceEncoder - [762815ce] Writing "416. foo bar"
03:15:04.908 [http-nio-auto-15-exec-1] DEBUG o.s.c.c.CharSequenceEncoder - [762815ce] Writing "417. foo bar"
03:15:04.908 [http-nio-auto-15-exec-1] DEBUG o.s.c.c.CharSequenceEncoder - [762815ce] Writing "418. foo bar"
03:15:04.908 [http-nio-auto-15-exec-1] DEBUG o.s.c.c.CharSequenceEncoder - [762815ce] Writing "419. foo bar"
03:15:04.908 [http-nio-auto-15-exec-1] DEBUG o.s.c.c.CharSequenceEncoder - [762815ce] Writing "420. foo bar"
03:15:04.908 [http-nio-auto-15-exec-1] DEBUG o.s.c.c.CharSequenceEncoder - [762815ce] Writing "421. foo bar"
03:15:04.908 [http-nio-auto-15-exec-1] DEBUG o.s.c.c.CharSequenceEncoder - [762815ce] Writing "422. foo bar"
03:15:04.909 [http-nio-auto-15-exec-1] DEBUG o.s.c.c.CharSequenceEncoder - [762815ce] Writing "423. foo bar"
03:15:04.909 [http-nio-auto-15-exec-1] DEBUG o.s.c.c.CharSequenceEncoder - [762815ce] Writing "424. foo bar"
03:15:04.909 [http-nio-auto-15-exec-1] DEBUG o.s.c.c.CharSequenceEncoder - [762815ce] Writing "425. foo bar"
03:15:04.909 [http-nio-auto-15-exec-1] DEBUG o.s.c.c.CharSequenceEncoder - [762815ce] Writing "426. foo bar"
03:15:04.909 [http-nio-auto-15-exec-1] DEBUG o.s.c.c.CharSequenceEncoder - [762815ce] Writing "427. foo bar"
03:15:04.909 [http-nio-auto-15-exec-1] DEBUG o.s.c.c.CharSequenceEncoder - [762815ce] Writing "428. foo bar"
03:15:04.909 [http-nio-auto-15-exec-1] DEBUG o.s.c.c.CharSequenceEncoder - [762815ce] Writing "429. foo bar"
03:15:04.909 [http-nio-auto-15-exec-1] DEBUG o.s.c.c.CharSequenceEncoder - [762815ce] Writing "430. foo bar"
03:15:04.909 [http-nio-auto-15-exec-1] DEBUG o.s.c.c.CharSequenceEncoder - [762815ce] Writing "431. foo bar"
03:15:04.909 [http-nio-auto-15-exec-1] DEBUG o.s.c.c.CharSequenceEncoder - [762815ce] Writing "432. foo bar"
03:15:04.909 [http-nio-auto-15-exec-1] DEBUG o.s.c.c.CharSequenceEncoder - [762815ce] Writing "433. foo bar"
03:15:04.909 [http-nio-auto-15-exec-1] DEBUG o.s.c.c.CharSequenceEncoder - [762815ce] Writing "434. foo bar"
03:15:04.909 [http-nio-auto-15-exec-1] DEBUG o.s.c.c.CharSequenceEncoder - [762815ce] Writing "435. foo bar"
03:15:04.909 [http-nio-auto-15-exec-1] DEBUG o.s.c.c.CharSequenceEncoder - [762815ce] Writing "436. foo bar"
03:15:04.909 [http-nio-auto-15-exec-1] DEBUG o.s.c.c.CharSequenceEncoder - [762815ce] Writing "437. foo bar"
03:15:04.909 [http-nio-auto-15-exec-1] DEBUG o.s.c.c.CharSequenceEncoder - [762815ce] Writing "438. foo bar"
03:15:04.909 [http-nio-auto-15-exec-1] DEBUG o.s.c.c.CharSequenceEncoder - [762815ce] Writing "439. foo bar"
03:15:04.909 [http-nio-auto-15-exec-1] DEBUG o.s.c.c.CharSequenceEncoder - [762815ce] Writing "440. foo bar"
03:15:04.909 [http-nio-auto-15-exec-1] DEBUG o.s.c.c.CharSequenceEncoder - [762815ce] Writing "441. foo bar"
03:15:04.909 [http-nio-auto-15-exec-1] DEBUG o.s.c.c.CharSequenceEncoder - [762815ce] Writing "442. foo bar"
03:15:04.909 [http-nio-auto-15-exec-1] DEBUG o.s.c.c.CharSequenceEncoder - [762815ce] Writing "443. foo bar"
03:15:04.909 [http-nio-auto-15-exec-1] DEBUG o.s.c.c.CharSequenceEncoder - [762815ce] Writing "444. foo bar"
03:15:04.909 [http-nio-auto-15-exec-1] DEBUG o.s.c.c.CharSequenceEncoder - [762815ce] Writing "445. foo bar"
03:15:04.909 [http-nio-auto-15-exec-1] DEBUG o.s.c.c.CharSequenceEncoder - [762815ce] Writing "446. foo bar"
03:15:04.909 [http-nio-auto-15-exec-1] DEBUG o.s.c.c.CharSequenceEncoder - [762815ce] Writing "447. foo bar"
03:15:04.909 [http-nio-auto-15-exec-1] DEBUG o.s.c.c.CharSequenceEncoder - [762815ce] Writing "448. foo bar"
03:15:04.909 [http-nio-auto-15-exec-1] DEBUG o.s.c.c.CharSequenceEncoder - [762815ce] Writing "449. foo bar"
03:15:04.909 [http-nio-auto-15-exec-1] DEBUG o.s.c.c.CharSequenceEncoder - [762815ce] Writing "450. foo bar"
03:15:04.909 [http-nio-auto-15-exec-1] DEBUG o.s.c.c.CharSequenceEncoder - [762815ce] Writing "451. foo bar"
03:15:04.909 [http-nio-auto-15-exec-1] DEBUG o.s.c.c.CharSequenceEncoder - [762815ce] Writing "452. foo bar"
03:15:04.909 [http-nio-auto-15-exec-1] DEBUG o.s.c.c.CharSequenceEncoder - [762815ce] Writing "453. foo bar"
03:15:04.909 [http-nio-auto-15-exec-1] DEBUG o.s.c.c.CharSequenceEncoder - [762815ce] Writing "454. foo bar"
03:15:04.909 [http-nio-auto-15-exec-1] DEBUG o.s.c.c.CharSequenceEncoder - [762815ce] Writing "455. foo bar"
03:15:04.909 [http-nio-auto-15-exec-1] DEBUG o.s.c.c.CharSequenceEncoder - [762815ce] Writing "456. foo bar"
03:15:04.909 [http-nio-auto-15-exec-1] DEBUG o.s.c.c.CharSequenceEncoder - [762815ce] Writing "457. foo bar"
03:15:04.909 [http-nio-auto-15-exec-1] DEBUG o.s.c.c.CharSequenceEncoder - [762815ce] Writing "458. foo bar"
03:15:04.909 [http-nio-auto-15-exec-1] DEBUG o.s.c.c.CharSequenceEncoder - [762815ce] Writing "459. foo bar"
03:15:04.909 [http-nio-auto-15-exec-1] DEBUG o.s.c.c.CharSequenceEncoder - [762815ce] Writing "460. foo bar"
03:15:04.909 [http-nio-auto-15-exec-1] DEBUG o.s.c.c.CharSequenceEncoder - [762815ce] Writing "461. foo bar"
03:15:04.909 [http-nio-auto-15-exec-1] DEBUG o.s.c.c.CharSequenceEncoder - [762815ce] Writing "462. foo bar"
03:15:04.909 [http-nio-auto-15-exec-1] DEBUG o.s.c.c.CharSequenceEncoder - [762815ce] Writing "463. foo bar"
03:15:04.909 [http-nio-auto-15-exec-1] DEBUG o.s.c.c.CharSequenceEncoder - [762815ce] Writing "464. foo bar"
03:15:04.909 [http-nio-auto-15-exec-1] DEBUG o.s.c.c.CharSequenceEncoder - [762815ce] Writing "465. foo bar"
03:15:04.909 [http-nio-auto-15-exec-1] DEBUG o.s.c.c.CharSequenceEncoder - [762815ce] Writing "466. foo bar"
03:15:04.909 [http-nio-auto-15-exec-1] DEBUG o.s.c.c.CharSequenceEncoder - [762815ce] Writing "467. foo bar"
03:15:04.909 [http-nio-auto-15-exec-1] DEBUG o.s.c.c.CharSequenceEncoder - [762815ce] Writing "468. foo bar"
03:15:04.909 [http-nio-auto-15-exec-1] DEBUG o.s.c.c.CharSequenceEncoder - [762815ce] Writing "469. foo bar"
03:15:04.909 [http-nio-auto-15-exec-1] DEBUG o.s.c.c.CharSequenceEncoder - [762815ce] Writing "470. foo bar"
03:15:04.909 [http-nio-auto-15-exec-1] DEBUG o.s.c.c.CharSequenceEncoder - [762815ce] Writing "471. foo bar"
03:15:04.909 [http-nio-auto-15-exec-1] DEBUG o.s.c.c.CharSequenceEncoder - [762815ce] Writing "472. foo bar"
03:15:04.909 [http-nio-auto-15-exec-1] DEBUG o.s.c.c.CharSequenceEncoder - [762815ce] Writing "473. foo bar"
03:15:04.909 [http-nio-auto-15-exec-1] DEBUG o.s.c.c.CharSequenceEncoder - [762815ce] Writing "474. foo bar"
03:15:04.909 [http-nio-auto-15-exec-1] DEBUG o.s.c.c.CharSequenceEncoder - [762815ce] Writing "475. foo bar"
03:15:04.909 [http-nio-auto-15-exec-1] DEBUG o.s.c.c.CharSequenceEncoder - [762815ce] Writing "476. foo bar"
03:15:04.909 [http-nio-auto-15-exec-1] DEBUG o.s.c.c.CharSequenceEncoder - [762815ce] Writing "477. foo bar"
03:15:04.909 [http-nio-auto-15-exec-1] DEBUG o.s.c.c.CharSequenceEncoder - [762815ce] Writing "478. foo bar"
03:15:04.910 [http-nio-auto-15-exec-1] DEBUG o.s.c.c.CharSequenceEncoder - [762815ce] Writing "479. foo bar"
03:15:04.910 [http-nio-auto-15-exec-1] DEBUG o.s.c.c.CharSequenceEncoder - [762815ce] Writing "480. foo bar"
03:15:04.910 [http-nio-auto-15-exec-1] DEBUG o.s.c.c.CharSequenceEncoder - [762815ce] Writing "481. foo bar"
03:15:04.910 [http-nio-auto-15-exec-1] DEBUG o.s.c.c.CharSequenceEncoder - [762815ce] Writing "482. foo bar"
03:15:04.910 [http-nio-auto-15-exec-1] DEBUG o.s.c.c.CharSequenceEncoder - [762815ce] Writing "483. foo bar"
03:15:04.910 [http-nio-auto-15-exec-1] DEBUG o.s.c.c.CharSequenceEncoder - [762815ce] Writing "484. foo bar"
03:15:04.910 [http-nio-auto-15-exec-1] DEBUG o.s.c.c.CharSequenceEncoder - [762815ce] Writing "485. foo bar"
03:15:04.910 [http-nio-auto-15-exec-1] DEBUG o.s.c.c.CharSequenceEncoder - [762815ce] Writing "486. foo bar"
03:15:04.910 [http-nio-auto-15-exec-1] DEBUG o.s.c.c.CharSequenceEncoder - [762815ce] Writing "487. foo bar"
03:15:04.910 [http-nio-auto-15-exec-1] DEBUG o.s.c.c.CharSequenceEncoder - [762815ce] Writing "488. foo bar"
03:15:04.911 [http-nio-auto-15-exec-1] DEBUG o.s.c.c.CharSequenceEncoder - [762815ce] Writing "489. foo bar"
03:15:04.911 [http-nio-auto-15-exec-1] DEBUG o.s.c.c.CharSequenceEncoder - [762815ce] Writing "490. foo bar"
03:15:04.911 [http-nio-auto-15-exec-1] DEBUG o.s.c.c.CharSequenceEncoder - [762815ce] Writing "491. foo bar"
03:15:04.911 [http-nio-auto-15-exec-1] DEBUG o.s.c.c.CharSequenceEncoder - [762815ce] Writing "492. foo bar"
03:15:04.911 [http-nio-auto-15-exec-1] DEBUG o.s.c.c.CharSequenceEncoder - [762815ce] Writing "493. foo bar"
03:15:04.911 [http-nio-auto-15-exec-1] DEBUG o.s.c.c.CharSequenceEncoder - [762815ce] Writing "494. foo bar"
03:15:04.911 [http-nio-auto-15-exec-1] DEBUG o.s.c.c.CharSequenceEncoder - [762815ce] Writing "495. foo bar"
03:15:04.911 [http-nio-auto-15-exec-1] DEBUG o.s.c.c.CharSequenceEncoder - [762815ce] Writing "496. foo bar"
03:15:04.911 [http-nio-auto-15-exec-1] DEBUG o.s.c.c.CharSequenceEncoder - [762815ce] Writing "497. foo bar"
03:15:04.911 [http-nio-auto-15-exec-1] DEBUG o.s.c.c.CharSequenceEncoder - [762815ce] Writing "498. foo bar"
03:15:04.911 [http-nio-auto-15-exec-1] DEBUG o.s.c.c.CharSequenceEncoder - [762815ce] Writing "499. foo bar"
03:15:04.911 [http-nio-auto-15-exec-1] DEBUG o.s.c.c.CharSequenceEncoder - [762815ce] Writing "500. foo bar"
03:15:04.911 [http-nio-auto-15-exec-1] DEBUG o.s.c.c.CharSequenceEncoder - [762815ce] Writing "501. foo bar"
03:15:04.911 [http-nio-auto-15-exec-1] DEBUG o.s.c.c.CharSequenceEncoder - [762815ce] Writing "502. foo bar"
03:15:04.911 [http-nio-auto-15-exec-1] DEBUG o.s.c.c.CharSequenceEncoder - [762815ce] Writing "503. foo bar"
03:15:04.911 [http-nio-auto-15-exec-1] DEBUG o.s.c.c.CharSequenceEncoder - [762815ce] Writing "504. foo bar"
03:15:04.911 [http-nio-auto-15-exec-1] DEBUG o.s.c.c.CharSequenceEncoder - [762815ce] Writing "505. foo bar"
03:15:04.911 [http-nio-auto-15-exec-1] DEBUG o.s.c.c.CharSequenceEncoder - [762815ce] Writing "506. foo bar"
03:15:04.911 [http-nio-auto-15-exec-1] DEBUG o.s.c.c.CharSequenceEncoder - [762815ce] Writing "507. foo bar"
03:15:04.911 [http-nio-auto-15-exec-1] DEBUG o.s.c.c.CharSequenceEncoder - [762815ce] Writing "508. foo bar"
03:15:04.912 [http-nio-auto-15-exec-1] DEBUG o.s.c.c.CharSequenceEncoder - [762815ce] Writing "509. foo bar"
03:15:04.912 [http-nio-auto-15-exec-1] DEBUG o.s.c.c.CharSequenceEncoder - [762815ce] Writing "510. foo bar"
03:15:04.912 [http-nio-auto-15-exec-1] DEBUG o.s.c.c.CharSequenceEncoder - [762815ce] Writing "511. foo bar"
03:15:04.912 [http-nio-auto-15-exec-1] DEBUG o.s.c.c.CharSequenceEncoder - [762815ce] Writing "512. foo bar"
03:15:04.912 [http-nio-auto-15-exec-1] DEBUG o.s.c.c.CharSequenceEncoder - [762815ce] Writing "513. foo bar"
03:15:04.912 [http-nio-auto-15-exec-1] DEBUG o.s.c.c.CharSequenceEncoder - [762815ce] Writing "514. foo bar"
03:15:04.912 [http-nio-auto-15-exec-1] DEBUG o.s.c.c.CharSequenceEncoder - [762815ce] Writing "515. foo bar"
03:15:04.912 [http-nio-auto-15-exec-1] DEBUG o.s.c.c.CharSequenceEncoder - [762815ce] Writing "516. foo bar"
03:15:04.912 [http-nio-auto-15-exec-1] DEBUG o.s.c.c.CharSequenceEncoder - [762815ce] Writing "517. foo bar"
03:15:04.912 [http-nio-auto-15-exec-1] DEBUG o.s.c.c.CharSequenceEncoder - [762815ce] Writing "518. foo bar"
03:15:04.912 [http-nio-auto-15-exec-1] DEBUG o.s.c.c.CharSequenceEncoder - [762815ce] Writing "519. foo bar"
03:15:04.912 [http-nio-auto-15-exec-1] DEBUG o.s.c.c.CharSequenceEncoder - [762815ce] Writing "520. foo bar"
03:15:04.912 [http-nio-auto-15-exec-1] DEBUG o.s.c.c.CharSequenceEncoder - [762815ce] Writing "521. foo bar"
03:15:04.912 [http-nio-auto-15-exec-1] DEBUG o.s.c.c.CharSequenceEncoder - [762815ce] Writing "522. foo bar"
03:15:04.912 [http-nio-auto-15-exec-1] DEBUG o.s.c.c.CharSequenceEncoder - [762815ce] Writing "523. foo bar"
03:15:04.912 [http-nio-auto-15-exec-1] DEBUG o.s.c.c.CharSequenceEncoder - [762815ce] Writing "524. foo bar"
03:15:04.912 [http-nio-auto-15-exec-1] DEBUG o.s.c.c.CharSequenceEncoder - [762815ce] Writing "525. foo bar"
03:15:04.912 [http-nio-auto-15-exec-1] DEBUG o.s.c.c.CharSequenceEncoder - [762815ce] Writing "526. foo bar"
03:15:04.912 [http-nio-auto-15-exec-1] DEBUG o.s.c.c.CharSequenceEncoder - [762815ce] Writing "527. foo bar"
03:15:04.912 [http-nio-auto-15-exec-1] DEBUG o.s.c.c.CharSequenceEncoder - [762815ce] Writing "528. foo bar"
03:15:04.912 [http-nio-auto-15-exec-1] DEBUG o.s.c.c.CharSequenceEncoder - [762815ce] Writing "529. foo bar"
03:15:04.912 [http-nio-auto-15-exec-1] DEBUG o.s.c.c.CharSequenceEncoder - [762815ce] Writing "530. foo bar"
03:15:04.912 [http-nio-auto-15-exec-1] DEBUG o.s.c.c.CharSequenceEncoder - [762815ce] Writing "531. foo bar"
03:15:04.912 [http-nio-auto-15-exec-1] DEBUG o.s.c.c.CharSequenceEncoder - [762815ce] Writing "532. foo bar"
03:15:04.912 [http-nio-auto-15-exec-1] DEBUG o.s.c.c.CharSequenceEncoder - [762815ce] Writing "533. foo bar"
03:15:04.912 [http-nio-auto-15-exec-1] DEBUG o.s.c.c.CharSequenceEncoder - [762815ce] Writing "534. foo bar"
03:15:04.912 [http-nio-auto-15-exec-1] DEBUG o.s.c.c.CharSequenceEncoder - [762815ce] Writing "535. foo bar"
03:15:04.912 [http-nio-auto-15-exec-1] DEBUG o.s.c.c.CharSequenceEncoder - [762815ce] Writing "536. foo bar"
03:15:04.912 [http-nio-auto-15-exec-1] DEBUG o.s.c.c.CharSequenceEncoder - [762815ce] Writing "537. foo bar"
03:15:04.912 [http-nio-auto-15-exec-1] DEBUG o.s.c.c.CharSequenceEncoder - [762815ce] Writing "538. foo bar"
03:15:04.912 [http-nio-auto-15-exec-1] DEBUG o.s.c.c.CharSequenceEncoder - [762815ce] Writing "539. foo bar"
03:15:04.912 [http-nio-auto-15-exec-1] DEBUG o.s.c.c.CharSequenceEncoder - [762815ce] Writing "540. foo bar"
03:15:04.912 [http-nio-auto-15-exec-1] DEBUG o.s.c.c.CharSequenceEncoder - [762815ce] Writing "541. foo bar"
03:15:04.912 [http-nio-auto-15-exec-1] DEBUG o.s.c.c.CharSequenceEncoder - [762815ce] Writing "542. foo bar"
03:15:04.912 [http-nio-auto-15-exec-1] DEBUG o.s.c.c.CharSequenceEncoder - [762815ce] Writing "543. foo bar"
03:15:04.912 [http-nio-auto-15-exec-1] DEBUG o.s.c.c.CharSequenceEncoder - [762815ce] Writing "544. foo bar"
03:15:04.912 [http-nio-auto-15-exec-1] DEBUG o.s.c.c.CharSequenceEncoder - [762815ce] Writing "545. foo bar"
03:15:04.912 [http-nio-auto-15-exec-1] DEBUG o.s.c.c.CharSequenceEncoder - [762815ce] Writing "546. foo bar"
03:15:04.912 [http-nio-auto-15-exec-1] DEBUG o.s.c.c.CharSequenceEncoder - [762815ce] Writing "547. foo bar"
03:15:04.912 [http-nio-auto-15-exec-1] DEBUG o.s.c.c.CharSequenceEncoder - [762815ce] Writing "548. foo bar"
03:15:04.912 [http-nio-auto-15-exec-1] DEBUG o.s.c.c.CharSequenceEncoder - [762815ce] Writing "549. foo bar"
03:15:04.912 [http-nio-auto-15-exec-1] DEBUG o.s.c.c.CharSequenceEncoder - [762815ce] Writing "550. foo bar"
03:15:04.912 [http-nio-auto-15-exec-1] DEBUG o.s.c.c.CharSequenceEncoder - [762815ce] Writing "551. foo bar"
03:15:04.912 [http-nio-auto-15-exec-1] DEBUG o.s.c.c.CharSequenceEncoder - [762815ce] Writing "552. foo bar"
03:15:04.912 [http-nio-auto-15-exec-1] DEBUG o.s.c.c.CharSequenceEncoder - [762815ce] Writing "553. foo bar"
03:15:04.912 [http-nio-auto-15-exec-1] DEBUG o.s.c.c.CharSequenceEncoder - [762815ce] Writing "554. foo bar"
03:15:04.912 [http-nio-auto-15-exec-1] DEBUG o.s.c.c.CharSequenceEncoder - [762815ce] Writing "555. foo bar"
03:15:04.912 [http-nio-auto-15-exec-1] DEBUG o.s.c.c.CharSequenceEncoder - [762815ce] Writing "556. foo bar"
03:15:04.912 [http-nio-auto-15-exec-1] DEBUG o.s.c.c.CharSequenceEncoder - [762815ce] Writing "557. foo bar"
03:15:04.912 [http-nio-auto-15-exec-1] DEBUG o.s.c.c.CharSequenceEncoder - [762815ce] Writing "558. foo bar"
03:15:04.912 [http-nio-auto-15-exec-1] DEBUG o.s.c.c.CharSequenceEncoder - [762815ce] Writing "559. foo bar"
03:15:04.912 [http-nio-auto-15-exec-1] DEBUG o.s.c.c.CharSequenceEncoder - [762815ce] Writing "560. foo bar"
03:15:04.912 [http-nio-auto-15-exec-1] DEBUG o.s.c.c.CharSequenceEncoder - [762815ce] Writing "561. foo bar"
03:15:04.912 [http-nio-auto-15-exec-1] DEBUG o.s.c.c.CharSequenceEncoder - [762815ce] Writing "562. foo bar"
03:15:04.912 [http-nio-auto-15-exec-1] DEBUG o.s.c.c.CharSequenceEncoder - [762815ce] Writing "563. foo bar"
03:15:04.912 [http-nio-auto-15-exec-1] DEBUG o.s.c.c.CharSequenceEncoder - [762815ce] Writing "564. foo bar"
03:15:04.913 [http-nio-auto-15-exec-1] DEBUG o.s.c.c.CharSequenceEncoder - [762815ce] Writing "565. foo bar"
03:15:04.913 [http-nio-auto-15-exec-1] DEBUG o.s.c.c.CharSequenceEncoder - [762815ce] Writing "566. foo bar"
03:15:04.913 [http-nio-auto-15-exec-1] DEBUG o.s.c.c.CharSequenceEncoder - [762815ce] Writing "567. foo bar"
03:15:04.913 [http-nio-auto-15-exec-1] DEBUG o.s.c.c.CharSequenceEncoder - [762815ce] Writing "568. foo bar"
03:15:04.913 [http-nio-auto-15-exec-1] DEBUG o.s.c.c.CharSequenceEncoder - [762815ce] Writing "569. foo bar"
03:15:04.913 [http-nio-auto-15-exec-1] DEBUG o.s.c.c.CharSequenceEncoder - [762815ce] Writing "570. foo bar"
03:15:04.913 [http-nio-auto-15-exec-1] DEBUG o.s.c.c.CharSequenceEncoder - [762815ce] Writing "571. foo bar"
03:15:04.913 [http-nio-auto-15-exec-1] DEBUG o.s.c.c.CharSequenceEncoder - [762815ce] Writing "572. foo bar"
03:15:04.913 [http-nio-auto-15-exec-1] DEBUG o.s.c.c.CharSequenceEncoder - [762815ce] Writing "573. foo bar"
03:15:04.913 [http-nio-auto-15-exec-1] DEBUG o.s.c.c.CharSequenceEncoder - [762815ce] Writing "574. foo bar"
03:15:04.913 [http-nio-auto-15-exec-1] DEBUG o.s.c.c.CharSequenceEncoder - [762815ce] Writing "575. foo bar"
03:15:04.913 [http-nio-auto-15-exec-1] DEBUG o.s.c.c.CharSequenceEncoder - [762815ce] Writing "576. foo bar"
03:15:04.913 [http-nio-auto-15-exec-1] DEBUG o.s.c.c.CharSequenceEncoder - [762815ce] Writing "577. foo bar"
03:15:04.913 [http-nio-auto-15-exec-1] DEBUG o.s.c.c.CharSequenceEncoder - [762815ce] Writing "578. foo bar"
03:15:04.913 [http-nio-auto-15-exec-1] DEBUG o.s.c.c.CharSequenceEncoder - [762815ce] Writing "579. foo bar"
03:15:04.913 [http-nio-auto-15-exec-1] DEBUG o.s.c.c.CharSequenceEncoder - [762815ce] Writing "580. foo bar"
03:15:04.913 [http-nio-auto-15-exec-1] DEBUG o.s.c.c.CharSequenceEncoder - [762815ce] Writing "581. foo bar"
03:15:04.913 [http-nio-auto-15-exec-1] DEBUG o.s.c.c.CharSequenceEncoder - [762815ce] Writing "582. foo bar"
03:15:04.913 [http-nio-auto-15-exec-1] DEBUG o.s.c.c.CharSequenceEncoder - [762815ce] Writing "583. foo bar"
03:15:04.913 [http-nio-auto-15-exec-1] DEBUG o.s.c.c.CharSequenceEncoder - [762815ce] Writing "584. foo bar"
03:15:04.913 [http-nio-auto-15-exec-1] DEBUG o.s.c.c.CharSequenceEncoder - [762815ce] Writing "585. foo bar"
03:15:04.913 [http-nio-auto-15-exec-1] DEBUG o.s.c.c.CharSequenceEncoder - [762815ce] Writing "586. foo bar"
03:15:04.913 [http-nio-auto-15-exec-1] DEBUG o.s.c.c.CharSequenceEncoder - [762815ce] Writing "587. foo bar"
03:15:04.913 [http-nio-auto-15-exec-1] DEBUG o.s.c.c.CharSequenceEncoder - [762815ce] Writing "588. foo bar"
03:15:04.913 [http-nio-auto-15-exec-1] DEBUG o.s.c.c.CharSequenceEncoder - [762815ce] Writing "589. foo bar"
03:15:04.913 [http-nio-auto-15-exec-1] DEBUG o.s.c.c.CharSequenceEncoder - [762815ce] Writing "590. foo bar"
03:15:04.913 [http-nio-auto-15-exec-1] DEBUG o.s.c.c.CharSequenceEncoder - [762815ce] Writing "591. foo bar"
03:15:04.913 [http-nio-auto-15-exec-1] DEBUG o.s.c.c.CharSequenceEncoder - [762815ce] Writing "592. foo bar"
03:15:04.913 [http-nio-auto-15-exec-1] DEBUG o.s.c.c.CharSequenceEncoder - [762815ce] Writing "593. foo bar"
03:15:04.913 [http-nio-auto-15-exec-1] DEBUG o.s.c.c.CharSequenceEncoder - [762815ce] Writing "594. foo bar"
03:15:04.913 [http-nio-auto-15-exec-1] DEBUG o.s.c.c.CharSequenceEncoder - [762815ce] Writing "595. foo bar"
03:15:04.913 [http-nio-auto-15-exec-1] DEBUG o.s.c.c.CharSequenceEncoder - [762815ce] Writing "596. foo bar"
03:15:04.913 [http-nio-auto-15-exec-1] DEBUG o.s.c.c.CharSequenceEncoder - [762815ce] Writing "597. foo bar"
03:15:04.913 [http-nio-auto-15-exec-1] DEBUG o.s.c.c.CharSequenceEncoder - [762815ce] Writing "598. foo bar"
03:15:04.913 [http-nio-auto-15-exec-1] DEBUG o.s.c.c.CharSequenceEncoder - [762815ce] Writing "599. foo bar"
03:15:04.913 [http-nio-auto-15-exec-1] DEBUG o.s.c.c.CharSequenceEncoder - [762815ce] Writing "600. foo bar"
03:15:04.913 [http-nio-auto-15-exec-1] DEBUG o.s.c.c.CharSequenceEncoder - [762815ce] Writing "601. foo bar"
03:15:04.913 [http-nio-auto-15-exec-1] DEBUG o.s.c.c.CharSequenceEncoder - [762815ce] Writing "602. foo bar"
03:15:04.913 [http-nio-auto-15-exec-1] DEBUG o.s.c.c.CharSequenceEncoder - [762815ce] Writing "603. foo bar"
03:15:04.913 [http-nio-auto-15-exec-1] DEBUG o.s.c.c.CharSequenceEncoder - [762815ce] Writing "604. foo bar"
03:15:04.913 [http-nio-auto-15-exec-1] DEBUG o.s.c.c.CharSequenceEncoder - [762815ce] Writing "605. foo bar"
03:15:04.913 [http-nio-auto-15-exec-1] DEBUG o.s.c.c.CharSequenceEncoder - [762815ce] Writing "606. foo bar"
03:15:04.913 [http-nio-auto-15-exec-1] DEBUG o.s.c.c.CharSequenceEncoder - [762815ce] Writing "607. foo bar"
03:15:04.913 [http-nio-auto-15-exec-1] DEBUG o.s.c.c.CharSequenceEncoder - [762815ce] Writing "608. foo bar"
03:15:04.913 [http-nio-auto-15-exec-1] DEBUG o.s.c.c.CharSequenceEncoder - [762815ce] Writing "609. foo bar"
03:15:04.913 [http-nio-auto-15-exec-1] DEBUG o.s.c.c.CharSequenceEncoder - [762815ce] Writing "610. foo bar"
03:15:04.913 [http-nio-auto-15-exec-1] DEBUG o.s.c.c.CharSequenceEncoder - [762815ce] Writing "611. foo bar"
03:15:04.913 [http-nio-auto-15-exec-1] DEBUG o.s.c.c.CharSequenceEncoder - [762815ce] Writing "612. foo bar"
03:15:04.913 [http-nio-auto-15-exec-1] DEBUG o.s.c.c.CharSequenceEncoder - [762815ce] Writing "613. foo bar"
03:15:04.913 [http-nio-auto-15-exec-1] DEBUG o.s.c.c.CharSequenceEncoder - [762815ce] Writing "614. foo bar"
03:15:04.913 [http-nio-auto-15-exec-1] DEBUG o.s.c.c.CharSequenceEncoder - [762815ce] Writing "615. foo bar"
03:15:04.913 [http-nio-auto-15-exec-1] DEBUG o.s.c.c.CharSequenceEncoder - [762815ce] Writing "616. foo bar"
03:15:04.913 [http-nio-auto-15-exec-1] DEBUG o.s.c.c.CharSequenceEncoder - [762815ce] Writing "617. foo bar"
03:15:04.913 [http-nio-auto-15-exec-1] DEBUG o.s.c.c.CharSequenceEncoder - [762815ce] Writing "618. foo bar"
03:15:04.913 [http-nio-auto-15-exec-1] DEBUG o.s.c.c.CharSequenceEncoder - [762815ce] Writing "619. foo bar"
03:15:04.913 [http-nio-auto-15-exec-1] DEBUG o.s.c.c.CharSequenceEncoder - [762815ce] Writing "620. foo bar"
03:15:04.913 [http-nio-auto-15-exec-1] DEBUG o.s.c.c.CharSequenceEncoder - [762815ce] Writing "621. foo bar"
03:15:04.913 [http-nio-auto-15-exec-1] DEBUG o.s.c.c.CharSequenceEncoder - [762815ce] Writing "622. foo bar"
03:15:04.913 [http-nio-auto-15-exec-1] DEBUG o.s.c.c.CharSequenceEncoder - [762815ce] Writing "623. foo bar"
03:15:04.913 [http-nio-auto-15-exec-1] DEBUG o.s.c.c.CharSequenceEncoder - [762815ce] Writing "624. foo bar"
03:15:04.913 [http-nio-auto-15-exec-1] DEBUG o.s.c.c.CharSequenceEncoder - [762815ce] Writing "625. foo bar"
03:15:04.913 [http-nio-auto-15-exec-1] DEBUG o.s.c.c.CharSequenceEncoder - [762815ce] Writing "626. foo bar"
03:15:04.913 [http-nio-auto-15-exec-1] DEBUG o.s.c.c.CharSequenceEncoder - [762815ce] Writing "627. foo bar"
03:15:04.913 [http-nio-auto-15-exec-1] DEBUG o.s.c.c.CharSequenceEncoder - [762815ce] Writing "628. foo bar"
03:15:04.914 [http-nio-auto-15-exec-1] DEBUG o.s.c.c.CharSequenceEncoder - [762815ce] Writing "629. foo bar"
03:15:04.914 [http-nio-auto-15-exec-1] DEBUG o.s.c.c.CharSequenceEncoder - [762815ce] Writing "630. foo bar"
03:15:04.914 [http-nio-auto-15-exec-1] DEBUG o.s.c.c.CharSequenceEncoder - [762815ce] Writing "631. foo bar"
03:15:04.914 [http-nio-auto-15-exec-1] DEBUG o.s.c.c.CharSequenceEncoder - [762815ce] Writing "632. foo bar"
03:15:04.914 [http-nio-auto-15-exec-1] DEBUG o.s.c.c.CharSequenceEncoder - [762815ce] Writing "633. foo bar"
03:15:04.914 [http-nio-auto-15-exec-1] DEBUG o.s.c.c.CharSequenceEncoder - [762815ce] Writing "634. foo bar"
03:15:04.914 [http-nio-auto-15-exec-1] DEBUG o.s.c.c.CharSequenceEncoder - [762815ce] Writing "635. foo bar"
03:15:04.914 [http-nio-auto-15-exec-1] DEBUG o.s.c.c.CharSequenceEncoder - [762815ce] Writing "636. foo bar"
03:15:04.914 [http-nio-auto-15-exec-1] DEBUG o.s.c.c.CharSequenceEncoder - [762815ce] Writing "637. foo bar"
03:15:04.914 [http-nio-auto-15-exec-1] DEBUG o.s.c.c.CharSequenceEncoder - [762815ce] Writing "638. foo bar"
03:15:04.914 [http-nio-auto-15-exec-1] DEBUG o.s.c.c.CharSequenceEncoder - [762815ce] Writing "639. foo bar"
03:15:04.914 [http-nio-auto-15-exec-1] DEBUG o.s.c.c.CharSequenceEncoder - [762815ce] Writing "640. foo bar"
03:15:04.914 [http-nio-auto-15-exec-1] DEBUG o.s.c.c.CharSequenceEncoder - [762815ce] Writing "641. foo bar"
03:15:04.914 [http-nio-auto-15-exec-1] DEBUG o.s.c.c.CharSequenceEncoder - [762815ce] Writing "642. foo bar"
03:15:04.914 [http-nio-auto-15-exec-1] DEBUG o.s.c.c.CharSequenceEncoder - [762815ce] Writing "643. foo bar"
03:15:04.914 [http-nio-auto-15-exec-1] DEBUG o.s.c.c.CharSequenceEncoder - [762815ce] Writing "644. foo bar"
03:15:04.914 [http-nio-auto-15-exec-1] DEBUG o.s.c.c.CharSequenceEncoder - [762815ce] Writing "645. foo bar"
03:15:04.914 [http-nio-auto-15-exec-1] DEBUG o.s.c.c.CharSequenceEncoder - [762815ce] Writing "646. foo bar"
03:15:04.914 [http-nio-auto-15-exec-1] DEBUG o.s.c.c.CharSequenceEncoder - [762815ce] Writing "647. foo bar"
03:15:04.914 [http-nio-auto-15-exec-1] DEBUG o.s.c.c.CharSequenceEncoder - [762815ce] Writing "648. foo bar"
03:15:04.914 [http-nio-auto-15-exec-1] DEBUG o.s.c.c.CharSequenceEncoder - [762815ce] Writing "649. foo bar"
03:15:04.914 [http-nio-auto-15-exec-1] DEBUG o.s.c.c.CharSequenceEncoder - [762815ce] Writing "650. foo bar"
03:15:04.914 [http-nio-auto-15-exec-1] DEBUG o.s.c.c.CharSequenceEncoder - [762815ce] Writing "651. foo bar"
03:15:04.914 [http-nio-auto-15-exec-1] DEBUG o.s.c.c.CharSequenceEncoder - [762815ce] Writing "652. foo bar"
03:15:04.914 [http-nio-auto-15-exec-1] DEBUG o.s.c.c.CharSequenceEncoder - [762815ce] Writing "653. foo bar"
03:15:04.914 [http-nio-auto-15-exec-1] DEBUG o.s.c.c.CharSequenceEncoder - [762815ce] Writing "654. foo bar"
03:15:04.914 [http-nio-auto-15-exec-1] DEBUG o.s.c.c.CharSequenceEncoder - [762815ce] Writing "655. foo bar"
03:15:04.914 [http-nio-auto-15-exec-1] DEBUG o.s.c.c.CharSequenceEncoder - [762815ce] Writing "656. foo bar"
03:15:04.914 [http-nio-auto-15-exec-1] DEBUG o.s.c.c.CharSequenceEncoder - [762815ce] Writing "657. foo bar"
03:15:04.914 [http-nio-auto-15-exec-1] DEBUG o.s.c.c.CharSequenceEncoder - [762815ce] Writing "658. foo bar"
03:15:04.914 [http-nio-auto-15-exec-1] DEBUG o.s.c.c.CharSequenceEncoder - [762815ce] Writing "659. foo bar"
03:15:04.914 [http-nio-auto-15-exec-1] DEBUG o.s.c.c.CharSequenceEncoder - [762815ce] Writing "660. foo bar"
03:15:04.914 [http-nio-auto-15-exec-1] DEBUG o.s.c.c.CharSequenceEncoder - [762815ce] Writing "661. foo bar"
03:15:04.914 [http-nio-auto-15-exec-1] DEBUG o.s.c.c.CharSequenceEncoder - [762815ce] Writing "662. foo bar"
03:15:04.914 [http-nio-auto-15-exec-1] DEBUG o.s.c.c.CharSequenceEncoder - [762815ce] Writing "663. foo bar"
03:15:04.914 [http-nio-auto-15-exec-1] DEBUG o.s.c.c.CharSequenceEncoder - [762815ce] Writing "664. foo bar"
03:15:04.914 [http-nio-auto-15-exec-1] DEBUG o.s.c.c.CharSequenceEncoder - [762815ce] Writing "665. foo bar"
03:15:04.914 [http-nio-auto-15-exec-1] DEBUG o.s.c.c.CharSequenceEncoder - [762815ce] Writing "666. foo bar"
03:15:04.914 [http-nio-auto-15-exec-1] DEBUG o.s.c.c.CharSequenceEncoder - [762815ce] Writing "667. foo bar"
03:15:04.914 [http-nio-auto-15-exec-1] DEBUG o.s.c.c.CharSequenceEncoder - [762815ce] Writing "668. foo bar"
03:15:04.914 [http-nio-auto-15-exec-1] DEBUG o.s.c.c.CharSequenceEncoder - [762815ce] Writing "669. foo bar"
03:15:04.914 [http-nio-auto-15-exec-1] DEBUG o.s.c.c.CharSequenceEncoder - [762815ce] Writing "670. foo bar"
03:15:04.914 [http-nio-auto-15-exec-1] DEBUG o.s.c.c.CharSequenceEncoder - [762815ce] Writing "671. foo bar"
03:15:04.914 [http-nio-auto-15-exec-1] DEBUG o.s.c.c.CharSequenceEncoder - [762815ce] Writing "672. foo bar"
03:15:04.914 [http-nio-auto-15-exec-1] DEBUG o.s.c.c.CharSequenceEncoder - [762815ce] Writing "673. foo bar"
03:15:04.914 [http-nio-auto-15-exec-1] DEBUG o.s.c.c.CharSequenceEncoder - [762815ce] Writing "674. foo bar"
03:15:04.914 [http-nio-auto-15-exec-1] DEBUG o.s.c.c.CharSequenceEncoder - [762815ce] Writing "675. foo bar"
03:15:04.914 [http-nio-auto-15-exec-1] DEBUG o.s.c.c.CharSequenceEncoder - [762815ce] Writing "676. foo bar"
03:15:04.914 [http-nio-auto-15-exec-1] DEBUG o.s.c.c.CharSequenceEncoder - [762815ce] Writing "677. foo bar"
03:15:04.914 [http-nio-auto-15-exec-1] DEBUG o.s.c.c.CharSequenceEncoder - [762815ce] Writing "678. foo bar"
03:15:04.914 [http-nio-auto-15-exec-1] DEBUG o.s.c.c.CharSequenceEncoder - [762815ce] Writing "679. foo bar"
03:15:04.914 [http-nio-auto-15-exec-1] DEBUG o.s.c.c.CharSequenceEncoder - [762815ce] Writing "680. foo bar"
03:15:04.914 [http-nio-auto-15-exec-1] DEBUG o.s.c.c.CharSequenceEncoder - [762815ce] Writing "681. foo bar"
03:15:04.914 [http-nio-auto-15-exec-1] DEBUG o.s.c.c.CharSequenceEncoder - [762815ce] Writing "682. foo bar"
03:15:04.914 [http-nio-auto-15-exec-1] DEBUG o.s.c.c.CharSequenceEncoder - [762815ce] Writing "683. foo bar"
03:15:04.914 [http-nio-auto-15-exec-1] DEBUG o.s.c.c.CharSequenceEncoder - [762815ce] Writing "684. foo bar"
03:15:04.914 [http-nio-auto-15-exec-1] DEBUG o.s.c.c.CharSequenceEncoder - [762815ce] Writing "685. foo bar"
03:15:04.914 [http-nio-auto-15-exec-1] DEBUG o.s.c.c.CharSequenceEncoder - [762815ce] Writing "686. foo bar"
03:15:04.914 [http-nio-auto-15-exec-1] DEBUG o.s.c.c.CharSequenceEncoder - [762815ce] Writing "687. foo bar"
03:15:04.914 [http-nio-auto-15-exec-1] DEBUG o.s.c.c.CharSequenceEncoder - [762815ce] Writing "688. foo bar"
03:15:04.914 [http-nio-auto-15-exec-1] DEBUG o.s.c.c.CharSequenceEncoder - [762815ce] Writing "689. foo bar"
03:15:04.914 [http-nio-auto-15-exec-1] DEBUG o.s.c.c.CharSequenceEncoder - [762815ce] Writing "690. foo bar"
03:15:04.914 [http-nio-auto-15-exec-1] DEBUG o.s.c.c.CharSequenceEncoder - [762815ce] Writing "691. foo bar"
03:15:04.914 [http-nio-auto-15-exec-1] DEBUG o.s.c.c.CharSequenceEncoder - [762815ce] Writing "692. foo bar"
03:15:04.916 [Test worker] DEBUG o.s.w.c.RestTemplate - Response 200 OK
03:15:04.916 [Test worker] DEBUG o.s.w.c.RestTemplate - Reading to [java.lang.String] as "text/plain;charset=UTF-8"
03:15:04.917 [http-nio-auto-15-exec-1] DEBUG o.s.c.c.CharSequenceEncoder - [762815ce] Writing "693. foo bar"
03:15:04.917 [http-nio-auto-15-exec-1] DEBUG o.s.c.c.CharSequenceEncoder - [762815ce] Writing "694. foo bar"
03:15:04.917 [http-nio-auto-15-exec-1] DEBUG o.s.c.c.CharSequenceEncoder - [762815ce] Writing "695. foo bar"
03:15:04.917 [http-nio-auto-15-exec-1] DEBUG o.s.c.c.CharSequenceEncoder - [762815ce] Writing "696. foo bar"
03:15:04.917 [http-nio-auto-15-exec-1] DEBUG o.s.c.c.CharSequenceEncoder - [762815ce] Writing "697. foo bar"
03:15:04.917 [http-nio-auto-15-exec-1] DEBUG o.s.c.c.CharSequenceEncoder - [762815ce] Writing "698. foo bar"
03:15:04.917 [http-nio-auto-15-exec-1] DEBUG o.s.c.c.CharSequenceEncoder - [762815ce] Writing "699. foo bar"
03:15:04.917 [http-nio-auto-15-exec-1] DEBUG o.s.c.c.CharSequenceEncoder - [762815ce] Writing "700. foo bar"
03:15:04.917 [http-nio-auto-15-exec-1] DEBUG o.s.c.c.CharSequenceEncoder - [762815ce] Writing "701. foo bar"
03:15:04.918 [http-nio-auto-15-exec-1] DEBUG o.s.c.c.CharSequenceEncoder - [762815ce] Writing "702. foo bar"
03:15:04.918 [http-nio-auto-15-exec-1] DEBUG o.s.c.c.CharSequenceEncoder - [762815ce] Writing "703. foo bar"
03:15:04.918 [http-nio-auto-15-exec-1] DEBUG o.s.c.c.CharSequenceEncoder - [762815ce] Writing "704. foo bar"
03:15:04.918 [http-nio-auto-15-exec-1] DEBUG o.s.c.c.CharSequenceEncoder - [762815ce] Writing "705. foo bar"
03:15:04.918 [http-nio-auto-15-exec-1] DEBUG o.s.c.c.CharSequenceEncoder - [762815ce] Writing "706. foo bar"
03:15:04.918 [http-nio-auto-15-exec-1] DEBUG o.s.c.c.CharSequenceEncoder - [762815ce] Writing "707. foo bar"
03:15:04.918 [http-nio-auto-15-exec-1] DEBUG o.s.c.c.CharSequenceEncoder - [762815ce] Writing "708. foo bar"
03:15:04.918 [http-nio-auto-15-exec-1] DEBUG o.s.c.c.CharSequenceEncoder - [762815ce] Writing "709. foo bar"
03:15:04.918 [http-nio-auto-15-exec-1] DEBUG o.s.c.c.CharSequenceEncoder - [762815ce] Writing "710. foo bar"
03:15:04.918 [http-nio-auto-15-exec-1] DEBUG o.s.c.c.CharSequenceEncoder - [762815ce] Writing "711. foo bar"
03:15:04.918 [http-nio-auto-15-exec-1] DEBUG o.s.c.c.CharSequenceEncoder - [762815ce] Writing "712. foo bar"
03:15:04.918 [http-nio-auto-15-exec-1] DEBUG o.s.c.c.CharSequenceEncoder - [762815ce] Writing "713. foo bar"
03:15:04.918 [http-nio-auto-15-exec-1] DEBUG o.s.c.c.CharSequenceEncoder - [762815ce] Writing "714. foo bar"
03:15:04.918 [http-nio-auto-15-exec-1] DEBUG o.s.c.c.CharSequenceEncoder - [762815ce] Writing "715. foo bar"
03:15:04.918 [http-nio-auto-15-exec-1] DEBUG o.s.c.c.CharSequenceEncoder - [762815ce] Writing "716. foo bar"
03:15:04.918 [http-nio-auto-15-exec-1] DEBUG o.s.c.c.CharSequenceEncoder - [762815ce] Writing "717. foo bar"
03:15:04.918 [http-nio-auto-15-exec-1] DEBUG o.s.c.c.CharSequenceEncoder - [762815ce] Writing "718. foo bar"
03:15:04.918 [http-nio-auto-15-exec-1] DEBUG o.s.c.c.CharSequenceEncoder - [762815ce] Writing "719. foo bar"
03:15:04.918 [http-nio-auto-15-exec-1] DEBUG o.s.c.c.CharSequenceEncoder - [762815ce] Writing "720. foo bar"
03:15:04.918 [http-nio-auto-15-exec-1] DEBUG o.s.c.c.CharSequenceEncoder - [762815ce] Writing "721. foo bar"
03:15:04.918 [http-nio-auto-15-exec-1] DEBUG o.s.c.c.CharSequenceEncoder - [762815ce] Writing "722. foo bar"
03:15:04.918 [http-nio-auto-15-exec-1] DEBUG o.s.c.c.CharSequenceEncoder - [762815ce] Writing "723. foo bar"
03:15:04.918 [http-nio-auto-15-exec-1] DEBUG o.s.c.c.CharSequenceEncoder - [762815ce] Writing "724. foo bar"
03:15:04.918 [http-nio-auto-15-exec-1] DEBUG o.s.c.c.CharSequenceEncoder - [762815ce] Writing "725. foo bar"
03:15:04.918 [http-nio-auto-15-exec-1] DEBUG o.s.c.c.CharSequenceEncoder - [762815ce] Writing "726. foo bar"
03:15:04.918 [http-nio-auto-15-exec-1] DEBUG o.s.c.c.CharSequenceEncoder - [762815ce] Writing "727. foo bar"
03:15:04.918 [http-nio-auto-15-exec-1] DEBUG o.s.c.c.CharSequenceEncoder - [762815ce] Writing "728. foo bar"
03:15:04.918 [http-nio-auto-15-exec-1] DEBUG o.s.c.c.CharSequenceEncoder - [762815ce] Writing "729. foo bar"
03:15:04.918 [http-nio-auto-15-exec-1] DEBUG o.s.c.c.CharSequenceEncoder - [762815ce] Writing "730. foo bar"
03:15:04.918 [http-nio-auto-15-exec-1] DEBUG o.s.c.c.CharSequenceEncoder - [762815ce] Writing "731. foo bar"
03:15:04.918 [http-nio-auto-15-exec-1] DEBUG o.s.c.c.CharSequenceEncoder - [762815ce] Writing "732. foo bar"
03:15:04.918 [http-nio-auto-15-exec-1] DEBUG o.s.c.c.CharSequenceEncoder - [762815ce] Writing "733. foo bar"
03:15:04.918 [http-nio-auto-15-exec-1] DEBUG o.s.c.c.CharSequenceEncoder - [762815ce] Writing "734. foo bar"
03:15:04.918 [http-nio-auto-15-exec-1] DEBUG o.s.c.c.CharSequenceEncoder - [762815ce] Writing "735. foo bar"
03:15:04.918 [http-nio-auto-15-exec-1] DEBUG o.s.c.c.CharSequenceEncoder - [762815ce] Writing "736. foo bar"
03:15:04.918 [http-nio-auto-15-exec-1] DEBUG o.s.c.c.CharSequenceEncoder - [762815ce] Writing "737. foo bar"
03:15:04.918 [http-nio-auto-15-exec-1] DEBUG o.s.c.c.CharSequenceEncoder - [762815ce] Writing "738. foo bar"
03:15:04.918 [http-nio-auto-15-exec-1] DEBUG o.s.c.c.CharSequenceEncoder - [762815ce] Writing "739. foo bar"
03:15:04.918 [http-nio-auto-15-exec-1] DEBUG o.s.c.c.CharSequenceEncoder - [762815ce] Writing "740. foo bar"
03:15:04.918 [http-nio-auto-15-exec-1] DEBUG o.s.c.c.CharSequenceEncoder - [762815ce] Writing "741. foo bar"
03:15:04.918 [http-nio-auto-15-exec-1] DEBUG o.s.c.c.CharSequenceEncoder - [762815ce] Writing "742. foo bar"
03:15:04.918 [http-nio-auto-15-exec-1] DEBUG o.s.c.c.CharSequenceEncoder - [762815ce] Writing "743. foo bar"
03:15:04.918 [http-nio-auto-15-exec-1] DEBUG o.s.c.c.CharSequenceEncoder - [762815ce] Writing "744. foo bar"
03:15:04.918 [http-nio-auto-15-exec-1] DEBUG o.s.c.c.CharSequenceEncoder - [762815ce] Writing "745. foo bar"
03:15:04.918 [http-nio-auto-15-exec-1] DEBUG o.s.c.c.CharSequenceEncoder - [762815ce] Writing "746. foo bar"
03:15:04.918 [http-nio-auto-15-exec-1] DEBUG o.s.c.c.CharSequenceEncoder - [762815ce] Writing "747. foo bar"
03:15:04.918 [http-nio-auto-15-exec-1] DEBUG o.s.c.c.CharSequenceEncoder - [762815ce] Writing "748. foo bar"
03:15:04.918 [http-nio-auto-15-exec-1] DEBUG o.s.c.c.CharSequenceEncoder - [762815ce] Writing "749. foo bar"
03:15:04.918 [http-nio-auto-15-exec-1] DEBUG o.s.c.c.CharSequenceEncoder - [762815ce] Writing "750. foo bar"
03:15:04.919 [http-nio-auto-15-exec-1] DEBUG o.s.c.c.CharSequenceEncoder - [762815ce] Writing "751. foo bar"
03:15:04.919 [http-nio-auto-15-exec-1] DEBUG o.s.c.c.CharSequenceEncoder - [762815ce] Writing "752. foo bar"
03:15:04.919 [http-nio-auto-15-exec-1] DEBUG o.s.c.c.CharSequenceEncoder - [762815ce] Writing "753. foo bar"
03:15:04.919 [http-nio-auto-15-exec-1] DEBUG o.s.c.c.CharSequenceEncoder - [762815ce] Writing "754. foo bar"
03:15:04.919 [http-nio-auto-15-exec-1] DEBUG o.s.c.c.CharSequenceEncoder - [762815ce] Writing "755. foo bar"
03:15:04.919 [http-nio-auto-15-exec-1] DEBUG o.s.c.c.CharSequenceEncoder - [762815ce] Writing "756. foo bar"
03:15:04.919 [http-nio-auto-15-exec-1] DEBUG o.s.c.c.CharSequenceEncoder - [762815ce] Writing "757. foo bar"
03:15:04.919 [http-nio-auto-15-exec-1] DEBUG o.s.c.c.CharSequenceEncoder - [762815ce] Writing "758. foo bar"
03:15:04.919 [http-nio-auto-15-exec-1] DEBUG o.s.c.c.CharSequenceEncoder - [762815ce] Writing "759. foo bar"
03:15:04.919 [http-nio-auto-15-exec-1] DEBUG o.s.c.c.CharSequenceEncoder - [762815ce] Writing "760. foo bar"
03:15:04.919 [http-nio-auto-15-exec-1] DEBUG o.s.c.c.CharSequenceEncoder - [762815ce] Writing "761. foo bar"
03:15:04.919 [http-nio-auto-15-exec-1] DEBUG o.s.c.c.CharSequenceEncoder - [762815ce] Writing "762. foo bar"
03:15:04.919 [http-nio-auto-15-exec-1] DEBUG o.s.c.c.CharSequenceEncoder - [762815ce] Writing "763. foo bar"
03:15:04.919 [http-nio-auto-15-exec-1] DEBUG o.s.c.c.CharSequenceEncoder - [762815ce] Writing "764. foo bar"
03:15:04.919 [http-nio-auto-15-exec-1] DEBUG o.s.c.c.CharSequenceEncoder - [762815ce] Writing "765. foo bar"
03:15:04.919 [http-nio-auto-15-exec-1] DEBUG o.s.c.c.CharSequenceEncoder - [762815ce] Writing "766. foo bar"
03:15:04.919 [http-nio-auto-15-exec-1] DEBUG o.s.c.c.CharSequenceEncoder - [762815ce] Writing "767. foo bar"
03:15:04.919 [http-nio-auto-15-exec-1] DEBUG o.s.c.c.CharSequenceEncoder - [762815ce] Writing "768. foo bar"
03:15:04.919 [http-nio-auto-15-exec-1] DEBUG o.s.c.c.CharSequenceEncoder - [762815ce] Writing "769. foo bar"
03:15:04.919 [http-nio-auto-15-exec-1] DEBUG o.s.c.c.CharSequenceEncoder - [762815ce] Writing "770. foo bar"
03:15:04.919 [http-nio-auto-15-exec-1] DEBUG o.s.c.c.CharSequenceEncoder - [762815ce] Writing "771. foo bar"
03:15:04.919 [http-nio-auto-15-exec-1] DEBUG o.s.c.c.CharSequenceEncoder - [762815ce] Writing "772. foo bar"
03:15:04.919 [http-nio-auto-15-exec-1] DEBUG o.s.c.c.CharSequenceEncoder - [762815ce] Writing "773. foo bar"
03:15:04.919 [http-nio-auto-15-exec-1] DEBUG o.s.c.c.CharSequenceEncoder - [762815ce] Writing "774. foo bar"
03:15:04.919 [http-nio-auto-15-exec-1] DEBUG o.s.c.c.CharSequenceEncoder - [762815ce] Writing "775. foo bar"
03:15:04.919 [http-nio-auto-15-exec-1] DEBUG o.s.c.c.CharSequenceEncoder - [762815ce] Writing "776. foo bar"
03:15:04.919 [http-nio-auto-15-exec-1] DEBUG o.s.c.c.CharSequenceEncoder - [762815ce] Writing "777. foo bar"
03:15:04.919 [http-nio-auto-15-exec-1] DEBUG o.s.c.c.CharSequenceEncoder - [762815ce] Writing "778. foo bar"
03:15:04.919 [http-nio-auto-15-exec-1] DEBUG o.s.c.c.CharSequenceEncoder - [762815ce] Writing "779. foo bar"
03:15:04.919 [http-nio-auto-15-exec-1] DEBUG o.s.c.c.CharSequenceEncoder - [762815ce] Writing "780. foo bar"
03:15:04.919 [http-nio-auto-15-exec-1] DEBUG o.s.c.c.CharSequenceEncoder - [762815ce] Writing "781. foo bar"
03:15:04.919 [http-nio-auto-15-exec-1] DEBUG o.s.c.c.CharSequenceEncoder - [762815ce] Writing "782. foo bar"
03:15:04.919 [http-nio-auto-15-exec-1] DEBUG o.s.c.c.CharSequenceEncoder - [762815ce] Writing "783. foo bar"
03:15:04.919 [http-nio-auto-15-exec-1] DEBUG o.s.c.c.CharSequenceEncoder - [762815ce] Writing "784. foo bar"
03:15:04.919 [http-nio-auto-15-exec-1] DEBUG o.s.c.c.CharSequenceEncoder - [762815ce] Writing "785. foo bar"
03:15:04.919 [http-nio-auto-15-exec-1] DEBUG o.s.c.c.CharSequenceEncoder - [762815ce] Writing "786. foo bar"
03:15:04.919 [http-nio-auto-15-exec-1] DEBUG o.s.c.c.CharSequenceEncoder - [762815ce] Writing "787. foo bar"
03:15:04.919 [http-nio-auto-15-exec-1] DEBUG o.s.c.c.CharSequenceEncoder - [762815ce] Writing "788. foo bar"
03:15:04.919 [http-nio-auto-15-exec-1] DEBUG o.s.c.c.CharSequenceEncoder - [762815ce] Writing "789. foo bar"
03:15:04.919 [http-nio-auto-15-exec-1] DEBUG o.s.c.c.CharSequenceEncoder - [762815ce] Writing "790. foo bar"
03:15:04.919 [http-nio-auto-15-exec-1] DEBUG o.s.c.c.CharSequenceEncoder - [762815ce] Writing "791. foo bar"
03:15:04.919 [http-nio-auto-15-exec-1] DEBUG o.s.c.c.CharSequenceEncoder - [762815ce] Writing "792. foo bar"
03:15:04.919 [http-nio-auto-15-exec-1] DEBUG o.s.c.c.CharSequenceEncoder - [762815ce] Writing "793. foo bar"
03:15:04.919 [http-nio-auto-15-exec-1] DEBUG o.s.c.c.CharSequenceEncoder - [762815ce] Writing "794. foo bar"
03:15:04.919 [http-nio-auto-15-exec-1] DEBUG o.s.c.c.CharSequenceEncoder - [762815ce] Writing "795. foo bar"
03:15:04.919 [http-nio-auto-15-exec-1] DEBUG o.s.c.c.CharSequenceEncoder - [762815ce] Writing "796. foo bar"
03:15:04.919 [http-nio-auto-15-exec-1] DEBUG o.s.c.c.CharSequenceEncoder - [762815ce] Writing "797. foo bar"
03:15:04.919 [http-nio-auto-15-exec-1] DEBUG o.s.c.c.CharSequenceEncoder - [762815ce] Writing "798. foo bar"
03:15:04.919 [http-nio-auto-15-exec-1] DEBUG o.s.c.c.CharSequenceEncoder - [762815ce] Writing "799. foo bar"
03:15:04.919 [http-nio-auto-15-exec-1] DEBUG o.s.c.c.CharSequenceEncoder - [762815ce] Writing "800. foo bar"
03:15:04.919 [http-nio-auto-15-exec-1] DEBUG o.s.c.c.CharSequenceEncoder - [762815ce] Writing "801. foo bar"
03:15:04.919 [http-nio-auto-15-exec-1] DEBUG o.s.c.c.CharSequenceEncoder - [762815ce] Writing "802. foo bar"
03:15:04.919 [http-nio-auto-15-exec-1] DEBUG o.s.c.c.CharSequenceEncoder - [762815ce] Writing "803. foo bar"
03:15:04.919 [http-nio-auto-15-exec-1] DEBUG o.s.c.c.CharSequenceEncoder - [762815ce] Writing "804. foo bar"
03:15:04.919 [http-nio-auto-15-exec-1] DEBUG o.s.c.c.CharSequenceEncoder - [762815ce] Writing "805. foo bar"
03:15:04.920 [http-nio-auto-15-exec-1] DEBUG o.s.c.c.CharSequenceEncoder - [762815ce] Writing "806. foo bar"
03:15:04.920 [http-nio-auto-15-exec-1] DEBUG o.s.c.c.CharSequenceEncoder - [762815ce] Writing "807. foo bar"
03:15:04.920 [http-nio-auto-15-exec-1] DEBUG o.s.c.c.CharSequenceEncoder - [762815ce] Writing "808. foo bar"
03:15:04.920 [http-nio-auto-15-exec-1] DEBUG o.s.c.c.CharSequenceEncoder - [762815ce] Writing "809. foo bar"
03:15:04.920 [http-nio-auto-15-exec-1] DEBUG o.s.c.c.CharSequenceEncoder - [762815ce] Writing "810. foo bar"
03:15:04.920 [http-nio-auto-15-exec-1] DEBUG o.s.c.c.CharSequenceEncoder - [762815ce] Writing "811. foo bar"
03:15:04.920 [http-nio-auto-15-exec-1] DEBUG o.s.c.c.CharSequenceEncoder - [762815ce] Writing "812. foo bar"
03:15:04.920 [http-nio-auto-15-exec-1] DEBUG o.s.c.c.CharSequenceEncoder - [762815ce] Writing "813. foo bar"
03:15:04.920 [http-nio-auto-15-exec-1] DEBUG o.s.c.c.CharSequenceEncoder - [762815ce] Writing "814. foo bar"
03:15:04.920 [http-nio-auto-15-exec-1] DEBUG o.s.c.c.CharSequenceEncoder - [762815ce] Writing "815. foo bar"
03:15:04.920 [http-nio-auto-15-exec-1] DEBUG o.s.c.c.CharSequenceEncoder - [762815ce] Writing "816. foo bar"
03:15:04.920 [http-nio-auto-15-exec-1] DEBUG o.s.c.c.CharSequenceEncoder - [762815ce] Writing "817. foo bar"
03:15:04.920 [http-nio-auto-15-exec-1] DEBUG o.s.c.c.CharSequenceEncoder - [762815ce] Writing "818. foo bar"
03:15:04.920 [http-nio-auto-15-exec-1] DEBUG o.s.c.c.CharSequenceEncoder - [762815ce] Writing "819. foo bar"
03:15:04.920 [http-nio-auto-15-exec-1] DEBUG o.s.c.c.CharSequenceEncoder - [762815ce] Writing "820. foo bar"
03:15:04.920 [http-nio-auto-15-exec-1] DEBUG o.s.c.c.CharSequenceEncoder - [762815ce] Writing "821. foo bar"
03:15:04.920 [http-nio-auto-15-exec-1] DEBUG o.s.c.c.CharSequenceEncoder - [762815ce] Writing "822. foo bar"
03:15:04.920 [http-nio-auto-15-exec-1] DEBUG o.s.c.c.CharSequenceEncoder - [762815ce] Writing "823. foo bar"
03:15:04.920 [http-nio-auto-15-exec-1] DEBUG o.s.c.c.CharSequenceEncoder - [762815ce] Writing "824. foo bar"
03:15:04.920 [http-nio-auto-15-exec-1] DEBUG o.s.c.c.CharSequenceEncoder - [762815ce] Writing "825. foo bar"
03:15:04.920 [http-nio-auto-15-exec-1] DEBUG o.s.c.c.CharSequenceEncoder - [762815ce] Writing "826. foo bar"
03:15:04.920 [http-nio-auto-15-exec-1] DEBUG o.s.c.c.CharSequenceEncoder - [762815ce] Writing "827. foo bar"
03:15:04.920 [http-nio-auto-15-exec-1] DEBUG o.s.c.c.CharSequenceEncoder - [762815ce] Writing "828. foo bar"
03:15:04.920 [http-nio-auto-15-exec-1] DEBUG o.s.c.c.CharSequenceEncoder - [762815ce] Writing "829. foo bar"
03:15:04.920 [http-nio-auto-15-exec-1] DEBUG o.s.c.c.CharSequenceEncoder - [762815ce] Writing "830. foo bar"
03:15:04.920 [http-nio-auto-15-exec-1] DEBUG o.s.c.c.CharSequenceEncoder - [762815ce] Writing "831. foo bar"
03:15:04.920 [http-nio-auto-15-exec-1] DEBUG o.s.c.c.CharSequenceEncoder - [762815ce] Writing "832. foo bar"
03:15:04.920 [http-nio-auto-15-exec-1] DEBUG o.s.c.c.CharSequenceEncoder - [762815ce] Writing "833. foo bar"
03:15:04.920 [http-nio-auto-15-exec-1] DEBUG o.s.c.c.CharSequenceEncoder - [762815ce] Writing "834. foo bar"
03:15:04.920 [http-nio-auto-15-exec-1] DEBUG o.s.c.c.CharSequenceEncoder - [762815ce] Writing "835. foo bar"
03:15:04.920 [http-nio-auto-15-exec-1] DEBUG o.s.c.c.CharSequenceEncoder - [762815ce] Writing "836. foo bar"
03:15:04.920 [http-nio-auto-15-exec-1] DEBUG o.s.c.c.CharSequenceEncoder - [762815ce] Writing "837. foo bar"
03:15:04.920 [http-nio-auto-15-exec-1] DEBUG o.s.c.c.CharSequenceEncoder - [762815ce] Writing "838. foo bar"
03:15:04.920 [http-nio-auto-15-exec-1] DEBUG o.s.c.c.CharSequenceEncoder - [762815ce] Writing "839. foo bar"
03:15:04.920 [http-nio-auto-15-exec-1] DEBUG o.s.c.c.CharSequenceEncoder - [762815ce] Writing "840. foo bar"
03:15:04.920 [http-nio-auto-15-exec-1] DEBUG o.s.c.c.CharSequenceEncoder - [762815ce] Writing "841. foo bar"
03:15:04.920 [http-nio-auto-15-exec-1] DEBUG o.s.c.c.CharSequenceEncoder - [762815ce] Writing "842. foo bar"
03:15:04.920 [http-nio-auto-15-exec-1] DEBUG o.s.c.c.CharSequenceEncoder - [762815ce] Writing "843. foo bar"
03:15:04.920 [http-nio-auto-15-exec-1] DEBUG o.s.c.c.CharSequenceEncoder - [762815ce] Writing "844. foo bar"
03:15:04.920 [http-nio-auto-15-exec-1] DEBUG o.s.c.c.CharSequenceEncoder - [762815ce] Writing "845. foo bar"
03:15:04.920 [http-nio-auto-15-exec-1] DEBUG o.s.c.c.CharSequenceEncoder - [762815ce] Writing "846. foo bar"
03:15:04.920 [http-nio-auto-15-exec-1] DEBUG o.s.c.c.CharSequenceEncoder - [762815ce] Writing "847. foo bar"
03:15:04.920 [http-nio-auto-15-exec-1] DEBUG o.s.c.c.CharSequenceEncoder - [762815ce] Writing "848. foo bar"
03:15:04.920 [http-nio-auto-15-exec-1] DEBUG o.s.c.c.CharSequenceEncoder - [762815ce] Writing "849. foo bar"
03:15:04.920 [http-nio-auto-15-exec-1] DEBUG o.s.c.c.CharSequenceEncoder - [762815ce] Writing "850. foo bar"
03:15:04.920 [http-nio-auto-15-exec-1] DEBUG o.s.c.c.CharSequenceEncoder - [762815ce] Writing "851. foo bar"
03:15:04.920 [http-nio-auto-15-exec-1] DEBUG o.s.c.c.CharSequenceEncoder - [762815ce] Writing "852. foo bar"
03:15:04.920 [http-nio-auto-15-exec-1] DEBUG o.s.c.c.CharSequenceEncoder - [762815ce] Writing "853. foo bar"
03:15:04.920 [http-nio-auto-15-exec-1] DEBUG o.s.c.c.CharSequenceEncoder - [762815ce] Writing "854. foo bar"
03:15:04.920 [http-nio-auto-15-exec-1] DEBUG o.s.c.c.CharSequenceEncoder - [762815ce] Writing "855. foo bar"
03:15:04.920 [http-nio-auto-15-exec-1] DEBUG o.s.c.c.CharSequenceEncoder - [762815ce] Writing "856. foo bar"
03:15:04.920 [http-nio-auto-15-exec-1] DEBUG o.s.c.c.CharSequenceEncoder - [762815ce] Writing "857. foo bar"
03:15:04.920 [http-nio-auto-15-exec-1] DEBUG o.s.c.c.CharSequenceEncoder - [762815ce] Writing "858. foo bar"
03:15:04.920 [http-nio-auto-15-exec-1] DEBUG o.s.c.c.CharSequenceEncoder - [762815ce] Writing "859. foo bar"
03:15:04.920 [http-nio-auto-15-exec-1] DEBUG o.s.c.c.CharSequenceEncoder - [762815ce] Writing "860. foo bar"
03:15:04.920 [http-nio-auto-15-exec-1] DEBUG o.s.c.c.CharSequenceEncoder - [762815ce] Writing "861. foo bar"
03:15:04.920 [http-nio-auto-15-exec-1] DEBUG o.s.c.c.CharSequenceEncoder - [762815ce] Writing "862. foo bar"
03:15:04.920 [http-nio-auto-15-exec-1] DEBUG o.s.c.c.CharSequenceEncoder - [762815ce] Writing "863. foo bar"
03:15:04.920 [http-nio-auto-15-exec-1] DEBUG o.s.c.c.CharSequenceEncoder - [762815ce] Writing "864. foo bar"
03:15:04.920 [http-nio-auto-15-exec-1] DEBUG o.s.c.c.CharSequenceEncoder - [762815ce] Writing "865. foo bar"
03:15:04.921 [http-nio-auto-15-exec-1] DEBUG o.s.c.c.CharSequenceEncoder - [762815ce] Writing "866. foo bar"
03:15:04.921 [http-nio-auto-15-exec-1] DEBUG o.s.c.c.CharSequenceEncoder - [762815ce] Writing "867. foo bar"
03:15:04.921 [http-nio-auto-15-exec-1] DEBUG o.s.c.c.CharSequenceEncoder - [762815ce] Writing "868. foo bar"
03:15:04.921 [http-nio-auto-15-exec-1] DEBUG o.s.c.c.CharSequenceEncoder - [762815ce] Writing "869. foo bar"
03:15:04.921 [http-nio-auto-15-exec-1] DEBUG o.s.c.c.CharSequenceEncoder - [762815ce] Writing "870. foo bar"
03:15:04.921 [http-nio-auto-15-exec-1] DEBUG o.s.c.c.CharSequenceEncoder - [762815ce] Writing "871. foo bar"
03:15:04.921 [http-nio-auto-15-exec-1] DEBUG o.s.c.c.CharSequenceEncoder - [762815ce] Writing "872. foo bar"
03:15:04.921 [http-nio-auto-15-exec-1] DEBUG o.s.c.c.CharSequenceEncoder - [762815ce] Writing "873. foo bar"
03:15:04.921 [http-nio-auto-15-exec-1] DEBUG o.s.c.c.CharSequenceEncoder - [762815ce] Writing "874. foo bar"
03:15:04.921 [http-nio-auto-15-exec-1] DEBUG o.s.c.c.CharSequenceEncoder - [762815ce] Writing "875. foo bar"
03:15:04.921 [http-nio-auto-15-exec-1] DEBUG o.s.c.c.CharSequenceEncoder - [762815ce] Writing "876. foo bar"
03:15:04.921 [http-nio-auto-15-exec-1] DEBUG o.s.c.c.CharSequenceEncoder - [762815ce] Writing "877. foo bar"
03:15:04.921 [http-nio-auto-15-exec-1] DEBUG o.s.c.c.CharSequenceEncoder - [762815ce] Writing "878. foo bar"
03:15:04.921 [http-nio-auto-15-exec-1] DEBUG o.s.c.c.CharSequenceEncoder - [762815ce] Writing "879. foo bar"
03:15:04.921 [http-nio-auto-15-exec-1] DEBUG o.s.c.c.CharSequenceEncoder - [762815ce] Writing "880. foo bar"
03:15:04.921 [http-nio-auto-15-exec-1] DEBUG o.s.c.c.CharSequenceEncoder - [762815ce] Writing "881. foo bar"
03:15:04.921 [http-nio-auto-15-exec-1] DEBUG o.s.c.c.CharSequenceEncoder - [762815ce] Writing "882. foo bar"
03:15:04.921 [http-nio-auto-15-exec-1] DEBUG o.s.c.c.CharSequenceEncoder - [762815ce] Writing "883. foo bar"
03:15:04.921 [http-nio-auto-15-exec-1] DEBUG o.s.c.c.CharSequenceEncoder - [762815ce] Writing "884. foo bar"
03:15:04.921 [http-nio-auto-15-exec-1] DEBUG o.s.c.c.CharSequenceEncoder - [762815ce] Writing "885. foo bar"
03:15:04.921 [http-nio-auto-15-exec-1] DEBUG o.s.c.c.CharSequenceEncoder - [762815ce] Writing "886. foo bar"
03:15:04.921 [http-nio-auto-15-exec-1] DEBUG o.s.c.c.CharSequenceEncoder - [762815ce] Writing "887. foo bar"
03:15:04.921 [http-nio-auto-15-exec-1] DEBUG o.s.c.c.CharSequenceEncoder - [762815ce] Writing "888. foo bar"
03:15:04.921 [http-nio-auto-15-exec-1] DEBUG o.s.c.c.CharSequenceEncoder - [762815ce] Writing "889. foo bar"
03:15:04.921 [http-nio-auto-15-exec-1] DEBUG o.s.c.c.CharSequenceEncoder - [762815ce] Writing "890. foo bar"
03:15:04.921 [http-nio-auto-15-exec-1] DEBUG o.s.c.c.CharSequenceEncoder - [762815ce] Writing "891. foo bar"
03:15:04.921 [http-nio-auto-15-exec-1] DEBUG o.s.c.c.CharSequenceEncoder - [762815ce] Writing "892. foo bar"
03:15:04.921 [http-nio-auto-15-exec-1] DEBUG o.s.c.c.CharSequenceEncoder - [762815ce] Writing "893. foo bar"
03:15:04.921 [http-nio-auto-15-exec-1] DEBUG o.s.c.c.CharSequenceEncoder - [762815ce] Writing "894. foo bar"
03:15:04.921 [http-nio-auto-15-exec-1] DEBUG o.s.c.c.CharSequenceEncoder - [762815ce] Writing "895. foo bar"
03:15:04.921 [http-nio-auto-15-exec-1] DEBUG o.s.c.c.CharSequenceEncoder - [762815ce] Writing "896. foo bar"
03:15:04.921 [http-nio-auto-15-exec-1] DEBUG o.s.c.c.CharSequenceEncoder - [762815ce] Writing "897. foo bar"
03:15:04.921 [http-nio-auto-15-exec-1] DEBUG o.s.c.c.CharSequenceEncoder - [762815ce] Writing "898. foo bar"
03:15:04.921 [http-nio-auto-15-exec-1] DEBUG o.s.c.c.CharSequenceEncoder - [762815ce] Writing "899. foo bar"
03:15:04.921 [http-nio-auto-15-exec-1] DEBUG o.s.c.c.CharSequenceEncoder - [762815ce] Writing "900. foo bar"
03:15:04.921 [http-nio-auto-15-exec-1] DEBUG o.s.c.c.CharSequenceEncoder - [762815ce] Writing "901. foo bar"
03:15:04.921 [http-nio-auto-15-exec-1] DEBUG o.s.c.c.CharSequenceEncoder - [762815ce] Writing "902. foo bar"
03:15:04.921 [http-nio-auto-15-exec-1] DEBUG o.s.c.c.CharSequenceEncoder - [762815ce] Writing "903. foo bar"
03:15:04.921 [http-nio-auto-15-exec-1] DEBUG o.s.c.c.CharSequenceEncoder - [762815ce] Writing "904. foo bar"
03:15:04.921 [http-nio-auto-15-exec-1] DEBUG o.s.c.c.CharSequenceEncoder - [762815ce] Writing "905. foo bar"
03:15:04.921 [http-nio-auto-15-exec-1] DEBUG o.s.c.c.CharSequenceEncoder - [762815ce] Writing "906. foo bar"
03:15:04.921 [http-nio-auto-15-exec-1] DEBUG o.s.c.c.CharSequenceEncoder - [762815ce] Writing "907. foo bar"
03:15:04.921 [http-nio-auto-15-exec-1] DEBUG o.s.c.c.CharSequenceEncoder - [762815ce] Writing "908. foo bar"
03:15:04.921 [http-nio-auto-15-exec-1] DEBUG o.s.c.c.CharSequenceEncoder - [762815ce] Writing "909. foo bar"
03:15:04.921 [http-nio-auto-15-exec-1] DEBUG o.s.c.c.CharSequenceEncoder - [762815ce] Writing "910. foo bar"
03:15:04.921 [http-nio-auto-15-exec-1] DEBUG o.s.c.c.CharSequenceEncoder - [762815ce] Writing "911. foo bar"
03:15:04.921 [http-nio-auto-15-exec-1] DEBUG o.s.c.c.CharSequenceEncoder - [762815ce] Writing "912. foo bar"
03:15:04.921 [http-nio-auto-15-exec-1] DEBUG o.s.c.c.CharSequenceEncoder - [762815ce] Writing "913. foo bar"
03:15:04.921 [http-nio-auto-15-exec-1] DEBUG o.s.c.c.CharSequenceEncoder - [762815ce] Writing "914. foo bar"
03:15:04.921 [http-nio-auto-15-exec-1] DEBUG o.s.c.c.CharSequenceEncoder - [762815ce] Writing "915. foo bar"
03:15:04.921 [http-nio-auto-15-exec-1] DEBUG o.s.c.c.CharSequenceEncoder - [762815ce] Writing "916. foo bar"
03:15:04.921 [http-nio-auto-15-exec-1] DEBUG o.s.c.c.CharSequenceEncoder - [762815ce] Writing "917. foo bar"
03:15:04.921 [http-nio-auto-15-exec-1] DEBUG o.s.c.c.CharSequenceEncoder - [762815ce] Writing "918. foo bar"
03:15:04.921 [http-nio-auto-15-exec-1] DEBUG o.s.c.c.CharSequenceEncoder - [762815ce] Writing "919. foo bar"
03:15:04.921 [http-nio-auto-15-exec-1] DEBUG o.s.c.c.CharSequenceEncoder - [762815ce] Writing "920. foo bar"
03:15:04.921 [http-nio-auto-15-exec-1] DEBUG o.s.c.c.CharSequenceEncoder - [762815ce] Writing "921. foo bar"
03:15:04.921 [http-nio-auto-15-exec-1] DEBUG o.s.c.c.CharSequenceEncoder - [762815ce] Writing "922. foo bar"
03:15:04.921 [http-nio-auto-15-exec-1] DEBUG o.s.c.c.CharSequenceEncoder - [762815ce] Writing "923. foo bar"
03:15:04.921 [http-nio-auto-15-exec-1] DEBUG o.s.c.c.CharSequenceEncoder - [762815ce] Writing "924. foo bar"
03:15:04.921 [http-nio-auto-15-exec-1] DEBUG o.s.c.c.CharSequenceEncoder - [762815ce] Writing "925. foo bar"
03:15:04.921 [http-nio-auto-15-exec-1] DEBUG o.s.c.c.CharSequenceEncoder - [762815ce] Writing "926. foo bar"
03:15:04.921 [http-nio-auto-15-exec-1] DEBUG o.s.c.c.CharSequenceEncoder - [762815ce] Writing "927. foo bar"
03:15:04.921 [http-nio-auto-15-exec-1] DEBUG o.s.c.c.CharSequenceEncoder - [762815ce] Writing "928. foo bar"
03:15:04.921 [http-nio-auto-15-exec-1] DEBUG o.s.c.c.CharSequenceEncoder - [762815ce] Writing "929. foo bar"
03:15:04.921 [http-nio-auto-15-exec-1] DEBUG o.s.c.c.CharSequenceEncoder - [762815ce] Writing "930. foo bar"
03:15:04.921 [http-nio-auto-15-exec-1] DEBUG o.s.c.c.CharSequenceEncoder - [762815ce] Writing "931. foo bar"
03:15:04.921 [http-nio-auto-15-exec-1] DEBUG o.s.c.c.CharSequenceEncoder - [762815ce] Writing "932. foo bar"
03:15:04.922 [http-nio-auto-15-exec-1] DEBUG o.s.c.c.CharSequenceEncoder - [762815ce] Writing "933. foo bar"
03:15:04.922 [http-nio-auto-15-exec-1] DEBUG o.s.c.c.CharSequenceEncoder - [762815ce] Writing "934. foo bar"
03:15:04.922 [http-nio-auto-15-exec-1] DEBUG o.s.c.c.CharSequenceEncoder - [762815ce] Writing "935. foo bar"
03:15:04.922 [http-nio-auto-15-exec-1] DEBUG o.s.c.c.CharSequenceEncoder - [762815ce] Writing "936. foo bar"
03:15:04.922 [http-nio-auto-15-exec-1] DEBUG o.s.c.c.CharSequenceEncoder - [762815ce] Writing "937. foo bar"
03:15:04.922 [http-nio-auto-15-exec-1] DEBUG o.s.c.c.CharSequenceEncoder - [762815ce] Writing "938. foo bar"
03:15:04.922 [http-nio-auto-15-exec-1] DEBUG o.s.c.c.CharSequenceEncoder - [762815ce] Writing "939. foo bar"
03:15:04.922 [http-nio-auto-15-exec-1] DEBUG o.s.c.c.CharSequenceEncoder - [762815ce] Writing "940. foo bar"
03:15:04.922 [http-nio-auto-15-exec-1] DEBUG o.s.c.c.CharSequenceEncoder - [762815ce] Writing "941. foo bar"
03:15:04.922 [http-nio-auto-15-exec-1] DEBUG o.s.c.c.CharSequenceEncoder - [762815ce] Writing "942. foo bar"
03:15:04.922 [http-nio-auto-15-exec-1] DEBUG o.s.c.c.CharSequenceEncoder - [762815ce] Writing "943. foo bar"
03:15:04.922 [http-nio-auto-15-exec-1] DEBUG o.s.c.c.CharSequenceEncoder - [762815ce] Writing "944. foo bar"
03:15:04.922 [http-nio-auto-15-exec-1] DEBUG o.s.c.c.CharSequenceEncoder - [762815ce] Writing "945. foo bar"
03:15:04.922 [http-nio-auto-15-exec-1] DEBUG o.s.c.c.CharSequenceEncoder - [762815ce] Writing "946. foo bar"
03:15:04.922 [http-nio-auto-15-exec-1] DEBUG o.s.c.c.CharSequenceEncoder - [762815ce] Writing "947. foo bar"
03:15:04.922 [http-nio-auto-15-exec-1] DEBUG o.s.c.c.CharSequenceEncoder - [762815ce] Writing "948. foo bar"
03:15:04.922 [http-nio-auto-15-exec-1] DEBUG o.s.c.c.CharSequenceEncoder - [762815ce] Writing "949. foo bar"
03:15:04.922 [http-nio-auto-15-exec-1] DEBUG o.s.c.c.CharSequenceEncoder - [762815ce] Writing "950. foo bar"
03:15:04.922 [http-nio-auto-15-exec-1] DEBUG o.s.c.c.CharSequenceEncoder - [762815ce] Writing "951. foo bar"
03:15:04.922 [http-nio-auto-15-exec-1] DEBUG o.s.c.c.CharSequenceEncoder - [762815ce] Writing "952. foo bar"
03:15:04.922 [http-nio-auto-15-exec-1] DEBUG o.s.c.c.CharSequenceEncoder - [762815ce] Writing "953. foo bar"
03:15:04.922 [http-nio-auto-15-exec-1] DEBUG o.s.c.c.CharSequenceEncoder - [762815ce] Writing "954. foo bar"
03:15:04.922 [http-nio-auto-15-exec-1] DEBUG o.s.c.c.CharSequenceEncoder - [762815ce] Writing "955. foo bar"
03:15:04.922 [http-nio-auto-15-exec-1] DEBUG o.s.c.c.CharSequenceEncoder - [762815ce] Writing "956. foo bar"
03:15:04.922 [http-nio-auto-15-exec-1] DEBUG o.s.c.c.CharSequenceEncoder - [762815ce] Writing "957. foo bar"
03:15:04.922 [http-nio-auto-15-exec-1] DEBUG o.s.c.c.CharSequenceEncoder - [762815ce] Writing "958. foo bar"
03:15:04.922 [http-nio-auto-15-exec-1] DEBUG o.s.c.c.CharSequenceEncoder - [762815ce] Writing "959. foo bar"
03:15:04.922 [http-nio-auto-15-exec-1] DEBUG o.s.c.c.CharSequenceEncoder - [762815ce] Writing "960. foo bar"
03:15:04.922 [http-nio-auto-15-exec-1] DEBUG o.s.c.c.CharSequenceEncoder - [762815ce] Writing "961. foo bar"
03:15:04.922 [http-nio-auto-15-exec-1] DEBUG o.s.c.c.CharSequenceEncoder - [762815ce] Writing "962. foo bar"
03:15:04.922 [http-nio-auto-15-exec-1] DEBUG o.s.c.c.CharSequenceEncoder - [762815ce] Writing "963. foo bar"
03:15:04.922 [http-nio-auto-15-exec-1] DEBUG o.s.c.c.CharSequenceEncoder - [762815ce] Writing "964. foo bar"
03:15:04.922 [http-nio-auto-15-exec-1] DEBUG o.s.c.c.CharSequenceEncoder - [762815ce] Writing "965. foo bar"
03:15:04.922 [http-nio-auto-15-exec-1] DEBUG o.s.c.c.CharSequenceEncoder - [762815ce] Writing "966. foo bar"
03:15:04.922 [http-nio-auto-15-exec-1] DEBUG o.s.c.c.CharSequenceEncoder - [762815ce] Writing "967. foo bar"
03:15:04.922 [http-nio-auto-15-exec-1] DEBUG o.s.c.c.CharSequenceEncoder - [762815ce] Writing "968. foo bar"
03:15:04.922 [http-nio-auto-15-exec-1] DEBUG o.s.c.c.CharSequenceEncoder - [762815ce] Writing "969. foo bar"
03:15:04.922 [http-nio-auto-15-exec-1] DEBUG o.s.c.c.CharSequenceEncoder - [762815ce] Writing "970. foo bar"
03:15:04.922 [http-nio-auto-15-exec-1] DEBUG o.s.c.c.CharSequenceEncoder - [762815ce] Writing "971. foo bar"
03:15:04.922 [http-nio-auto-15-exec-1] DEBUG o.s.c.c.CharSequenceEncoder - [762815ce] Writing "972. foo bar"
03:15:04.922 [http-nio-auto-15-exec-1] DEBUG o.s.c.c.CharSequenceEncoder - [762815ce] Writing "973. foo bar"
03:15:04.922 [http-nio-auto-15-exec-1] DEBUG o.s.c.c.CharSequenceEncoder - [762815ce] Writing "974. foo bar"
03:15:04.922 [http-nio-auto-15-exec-1] DEBUG o.s.c.c.CharSequenceEncoder - [762815ce] Writing "975. foo bar"
03:15:04.922 [http-nio-auto-15-exec-1] DEBUG o.s.c.c.CharSequenceEncoder - [762815ce] Writing "976. foo bar"
03:15:04.922 [http-nio-auto-15-exec-1] DEBUG o.s.c.c.CharSequenceEncoder - [762815ce] Writing "977. foo bar"
03:15:04.922 [http-nio-auto-15-exec-1] DEBUG o.s.c.c.CharSequenceEncoder - [762815ce] Writing "978. foo bar"
03:15:04.922 [http-nio-auto-15-exec-1] DEBUG o.s.c.c.CharSequenceEncoder - [762815ce] Writing "979. foo bar"
03:15:04.922 [http-nio-auto-15-exec-1] DEBUG o.s.c.c.CharSequenceEncoder - [762815ce] Writing "980. foo bar"
03:15:04.922 [http-nio-auto-15-exec-1] DEBUG o.s.c.c.CharSequenceEncoder - [762815ce] Writing "981. foo bar"
03:15:04.922 [http-nio-auto-15-exec-1] DEBUG o.s.c.c.CharSequenceEncoder - [762815ce] Writing "982. foo bar"
03:15:04.922 [http-nio-auto-15-exec-1] DEBUG o.s.c.c.CharSequenceEncoder - [762815ce] Writing "983. foo bar"
03:15:04.922 [http-nio-auto-15-exec-1] DEBUG o.s.c.c.CharSequenceEncoder - [762815ce] Writing "984. foo bar"
03:15:04.922 [http-nio-auto-15-exec-1] DEBUG o.s.c.c.CharSequenceEncoder - [762815ce] Writing "985. foo bar"
03:15:04.922 [http-nio-auto-15-exec-1] DEBUG o.s.c.c.CharSequenceEncoder - [762815ce] Writing "986. foo bar"
03:15:04.922 [http-nio-auto-15-exec-1] DEBUG o.s.c.c.CharSequenceEncoder - [762815ce] Writing "987. foo bar"
03:15:04.922 [http-nio-auto-15-exec-1] DEBUG o.s.c.c.CharSequenceEncoder - [762815ce] Writing "988. foo bar"
03:15:04.922 [http-nio-auto-15-exec-1] DEBUG o.s.c.c.CharSequenceEncoder - [762815ce] Writing "989. foo bar"
03:15:04.922 [http-nio-auto-15-exec-1] DEBUG o.s.c.c.CharSequenceEncoder - [762815ce] Writing "990. foo bar"
03:15:04.922 [http-nio-auto-15-exec-1] DEBUG o.s.c.c.CharSequenceEncoder - [762815ce] Writing "991. foo bar"
03:15:04.922 [http-nio-auto-15-exec-1] DEBUG o.s.c.c.CharSequenceEncoder - [762815ce] Writing "992. foo bar"
03:15:04.922 [http-nio-auto-15-exec-1] DEBUG o.s.c.c.CharSequenceEncoder - [762815ce] Writing "993. foo bar"
03:15:04.922 [http-nio-auto-15-exec-1] DEBUG o.s.c.c.CharSequenceEncoder - [762815ce] Writing "994. foo bar"
03:15:04.922 [http-nio-auto-15-exec-1] DEBUG o.s.c.c.CharSequenceEncoder - [762815ce] Writing "995. foo bar"
03:15:04.922 [http-nio-auto-15-exec-1] DEBUG o.s.c.c.CharSequenceEncoder - [762815ce] Writing "996. foo bar"
03:15:04.922 [http-nio-auto-15-exec-1] DEBUG o.s.c.c.CharSequenceEncoder - [762815ce] Writing "997. foo bar"
03:15:04.923 [http-nio-auto-15-exec-1] DEBUG o.s.c.c.CharSequenceEncoder - [762815ce] Writing "998. foo bar"
03:15:04.923 [http-nio-auto-15-exec-1] DEBUG o.s.c.c.CharSequenceEncoder - [762815ce] Writing "999. foo bar"
03:15:04.923 [http-nio-auto-15-exec-1] ERROR o.s.w.s.a.HttpWebHandlerAdapter - [762815ce] Error [java.lang.RuntimeException: Random error] for HTTP GET "/SPR-16051", but ServerHttpResponse already committed (200 OK)
03:15:04.948 [http-nio-auto-15-exec-1] DEBUG o.s.h.s.r.ServletHttpHandlerAdapter - [762815ce] Error notification: javax.servlet.ServletException: Failed to create response content
03:15:04.951 [Test worker] DEBUG o.s.w.t.h.s.r.b.TomcatHttpServer - Stopping TomcatHttpServer...
03:15:06.147 [Test worker] DEBUG o.s.w.t.h.s.r.b.TomcatHttpServer - Server stopped (0 millis).
03:15:06.281 [Test worker] DEBUG o.s.w.r.r.m.a.RequestMappingHandlerMapping - 6 mappings in 'requestMappingHandlerMapping'
03:15:06.351 [Test worker] DEBUG o.s.w.r.r.m.a.ControllerMethodResolver - ControllerAdvice beans: none
03:15:06.426 [Test worker] DEBUG o.s.w.s.a.HttpWebHandlerAdapter - enableLoggingRequestDetails='false': form data and headers will be masked to prevent unsafe logging of potentially sensitive data
03:15:06.427 [Test worker] DEBUG o.s.w.t.h.s.r.b.UndertowHttpServer - Starting UndertowHttpServer...
03:15:06.427 [Test worker] INFO  i.undertow - starting server: Undertow - 2.1.3.Final
03:15:06.442 [Test worker] DEBUG o.s.w.t.h.s.r.b.UndertowHttpServer - Server started on port 55298(0 millis).
03:15:06.442 [Test worker] DEBUG o.s.w.c.RestTemplate - HTTP GET http://localhost:55298/SPR-16051
03:15:06.443 [Test worker] DEBUG o.s.w.c.RestTemplate - Accept=[text/plain, application/json, application/x-jackson-smile, application/*+json, */*]
03:15:06.528 [XNIO-15 I/O-4] DEBUG o.s.w.s.a.HttpWebHandlerAdapter - [612aa73c] HTTP GET "/SPR-16051"
03:15:06.529 [XNIO-15 I/O-4] DEBUG o.s.w.r.r.m.a.RequestMappingHandlerMapping - [612aa73c] Mapped to org.springframework.web.reactive.result.method.annotation.RequestMappingExceptionHandlingIntegrationTests$TestController#errors()
03:15:06.530 [XNIO-15 I/O-4] DEBUG o.s.w.r.r.m.a.ResponseBodyResultHandler - Using 'text/plain;charset=UTF-8' given [text/plain, application/json, application/x-jackson-smile, application/*+json, */*] and supported [text/plain;charset=UTF-8, text/event-stream, text/plain;charset=UTF-8, */*]
03:15:06.530 [XNIO-15 I/O-4] DEBUG o.s.w.r.r.m.a.ResponseBodyResultHandler - [612aa73c] 0..N [java.lang.String]
03:15:06.530 [XNIO-15 I/O-4] DEBUG o.s.c.c.CharSequenceEncoder - [612aa73c] Writing "1. foo bar"
03:15:06.531 [XNIO-15 I/O-4] DEBUG o.s.c.c.CharSequenceEncoder - [612aa73c] Writing "2. foo bar"
03:15:06.531 [Test worker] DEBUG o.s.w.c.RestTemplate - Response 200 OK
03:15:06.531 [XNIO-15 I/O-4] DEBUG o.s.c.c.CharSequenceEncoder - [612aa73c] Writing "3. foo bar"
03:15:06.531 [Test worker] DEBUG o.s.w.c.RestTemplate - Reading to [java.lang.String] as "text/plain;charset=UTF-8"
03:15:06.531 [XNIO-15 I/O-4] DEBUG o.s.c.c.CharSequenceEncoder - [612aa73c] Writing "4. foo bar"
03:15:06.532 [XNIO-15 I/O-4] DEBUG o.s.c.c.CharSequenceEncoder - [612aa73c] Writing "5. foo bar"
03:15:06.532 [XNIO-15 I/O-4] DEBUG o.s.c.c.CharSequenceEncoder - [612aa73c] Writing "6. foo bar"
03:15:06.532 [XNIO-15 I/O-4] DEBUG o.s.c.c.CharSequenceEncoder - [612aa73c] Writing "7. foo bar"
03:15:06.532 [XNIO-15 I/O-4] DEBUG o.s.c.c.CharSequenceEncoder - [612aa73c] Writing "8. foo bar"
03:15:06.532 [XNIO-15 I/O-4] DEBUG o.s.c.c.CharSequenceEncoder - [612aa73c] Writing "9. foo bar"
03:15:06.532 [XNIO-15 I/O-4] DEBUG o.s.c.c.CharSequenceEncoder - [612aa73c] Writing "10. foo bar"
03:15:06.532 [XNIO-15 I/O-4] DEBUG o.s.c.c.CharSequenceEncoder - [612aa73c] Writing "11. foo bar"
03:15:06.532 [XNIO-15 I/O-4] DEBUG o.s.c.c.CharSequenceEncoder - [612aa73c] Writing "12. foo bar"
03:15:06.533 [XNIO-15 I/O-4] DEBUG o.s.c.c.CharSequenceEncoder - [612aa73c] Writing "13. foo bar"
03:15:06.533 [XNIO-15 I/O-4] DEBUG o.s.c.c.CharSequenceEncoder - [612aa73c] Writing "14. foo bar"
03:15:06.533 [XNIO-15 I/O-4] DEBUG o.s.c.c.CharSequenceEncoder - [612aa73c] Writing "15. foo bar"
03:15:06.533 [XNIO-15 I/O-4] DEBUG o.s.c.c.CharSequenceEncoder - [612aa73c] Writing "16. foo bar"
03:15:06.533 [XNIO-15 I/O-4] DEBUG o.s.c.c.CharSequenceEncoder - [612aa73c] Writing "17. foo bar"
03:15:06.533 [XNIO-15 I/O-4] DEBUG o.s.c.c.CharSequenceEncoder - [612aa73c] Writing "18. foo bar"
03:15:06.533 [XNIO-15 I/O-4] DEBUG o.s.c.c.CharSequenceEncoder - [612aa73c] Writing "19. foo bar"
03:15:06.533 [XNIO-15 I/O-4] DEBUG o.s.c.c.CharSequenceEncoder - [612aa73c] Writing "20. foo bar"
03:15:06.533 [XNIO-15 I/O-4] DEBUG o.s.c.c.CharSequenceEncoder - [612aa73c] Writing "21. foo bar"
03:15:06.534 [XNIO-15 I/O-4] DEBUG o.s.c.c.CharSequenceEncoder - [612aa73c] Writing "22. foo bar"
03:15:06.534 [XNIO-15 I/O-4] DEBUG o.s.c.c.CharSequenceEncoder - [612aa73c] Writing "23. foo bar"
03:15:06.534 [XNIO-15 I/O-4] DEBUG o.s.c.c.CharSequenceEncoder - [612aa73c] Writing "24. foo bar"
03:15:06.534 [XNIO-15 I/O-4] DEBUG o.s.c.c.CharSequenceEncoder - [612aa73c] Writing "25. foo bar"
03:15:06.534 [XNIO-15 I/O-4] DEBUG o.s.c.c.CharSequenceEncoder - [612aa73c] Writing "26. foo bar"
03:15:06.534 [XNIO-15 I/O-4] DEBUG o.s.c.c.CharSequenceEncoder - [612aa73c] Writing "27. foo bar"
03:15:06.534 [XNIO-15 I/O-4] DEBUG o.s.c.c.CharSequenceEncoder - [612aa73c] Writing "28. foo bar"
03:15:06.535 [XNIO-15 I/O-4] DEBUG o.s.c.c.CharSequenceEncoder - [612aa73c] Writing "29. foo bar"
03:15:06.535 [XNIO-15 I/O-4] DEBUG o.s.c.c.CharSequenceEncoder - [612aa73c] Writing "30. foo bar"
03:15:06.535 [XNIO-15 I/O-4] DEBUG o.s.c.c.CharSequenceEncoder - [612aa73c] Writing "31. foo bar"
03:15:06.535 [XNIO-15 I/O-4] DEBUG o.s.c.c.CharSequenceEncoder - [612aa73c] Writing "32. foo bar"
03:15:06.535 [XNIO-15 I/O-4] DEBUG o.s.c.c.CharSequenceEncoder - [612aa73c] Writing "33. foo bar"
03:15:06.535 [XNIO-15 I/O-4] DEBUG o.s.c.c.CharSequenceEncoder - [612aa73c] Writing "34. foo bar"
03:15:06.535 [XNIO-15 I/O-4] DEBUG o.s.c.c.CharSequenceEncoder - [612aa73c] Writing "35. foo bar"
03:15:06.535 [XNIO-15 I/O-4] DEBUG o.s.c.c.CharSequenceEncoder - [612aa73c] Writing "36. foo bar"
03:15:06.535 [XNIO-15 I/O-4] DEBUG o.s.c.c.CharSequenceEncoder - [612aa73c] Writing "37. foo bar"
03:15:06.535 [XNIO-15 I/O-4] DEBUG o.s.c.c.CharSequenceEncoder - [612aa73c] Writing "38. foo bar"
03:15:06.535 [XNIO-15 I/O-4] DEBUG o.s.c.c.CharSequenceEncoder - [612aa73c] Writing "39. foo bar"
03:15:06.535 [XNIO-15 I/O-4] DEBUG o.s.c.c.CharSequenceEncoder - [612aa73c] Writing "40. foo bar"
03:15:06.536 [XNIO-15 I/O-4] DEBUG o.s.c.c.CharSequenceEncoder - [612aa73c] Writing "41. foo bar"
03:15:06.536 [XNIO-15 I/O-4] DEBUG o.s.c.c.CharSequenceEncoder - [612aa73c] Writing "42. foo bar"
03:15:06.536 [XNIO-15 I/O-4] DEBUG o.s.c.c.CharSequenceEncoder - [612aa73c] Writing "43. foo bar"
03:15:06.536 [XNIO-15 I/O-4] DEBUG o.s.c.c.CharSequenceEncoder - [612aa73c] Writing "44. foo bar"
03:15:06.536 [XNIO-15 I/O-4] DEBUG o.s.c.c.CharSequenceEncoder - [612aa73c] Writing "45. foo bar"
03:15:06.536 [XNIO-15 I/O-4] DEBUG o.s.c.c.CharSequenceEncoder - [612aa73c] Writing "46. foo bar"
03:15:06.536 [XNIO-15 I/O-4] DEBUG o.s.c.c.CharSequenceEncoder - [612aa73c] Writing "47. foo bar"
03:15:06.536 [XNIO-15 I/O-4] DEBUG o.s.c.c.CharSequenceEncoder - [612aa73c] Writing "48. foo bar"
03:15:06.536 [XNIO-15 I/O-4] DEBUG o.s.c.c.CharSequenceEncoder - [612aa73c] Writing "49. foo bar"
03:15:06.536 [XNIO-15 I/O-4] DEBUG o.s.c.c.CharSequenceEncoder - [612aa73c] Writing "50. foo bar"
03:15:06.536 [XNIO-15 I/O-4] DEBUG o.s.c.c.CharSequenceEncoder - [612aa73c] Writing "51. foo bar"
03:15:06.536 [XNIO-15 I/O-4] DEBUG o.s.c.c.CharSequenceEncoder - [612aa73c] Writing "52. foo bar"
03:15:06.537 [XNIO-15 I/O-4] DEBUG o.s.c.c.CharSequenceEncoder - [612aa73c] Writing "53. foo bar"
03:15:06.537 [XNIO-15 I/O-4] DEBUG o.s.c.c.CharSequenceEncoder - [612aa73c] Writing "54. foo bar"
03:15:06.537 [XNIO-15 I/O-4] DEBUG o.s.c.c.CharSequenceEncoder - [612aa73c] Writing "55. foo bar"
03:15:06.537 [XNIO-15 I/O-4] DEBUG o.s.c.c.CharSequenceEncoder - [612aa73c] Writing "56. foo bar"
03:15:06.537 [XNIO-15 I/O-4] DEBUG o.s.c.c.CharSequenceEncoder - [612aa73c] Writing "57. foo bar"
03:15:06.537 [XNIO-15 I/O-4] DEBUG o.s.c.c.CharSequenceEncoder - [612aa73c] Writing "58. foo bar"
03:15:06.537 [XNIO-15 I/O-4] DEBUG o.s.c.c.CharSequenceEncoder - [612aa73c] Writing "59. foo bar"
03:15:06.537 [XNIO-15 I/O-4] DEBUG o.s.c.c.CharSequenceEncoder - [612aa73c] Writing "60. foo bar"
03:15:06.537 [XNIO-15 I/O-4] DEBUG o.s.c.c.CharSequenceEncoder - [612aa73c] Writing "61. foo bar"
03:15:06.537 [XNIO-15 I/O-4] DEBUG o.s.c.c.CharSequenceEncoder - [612aa73c] Writing "62. foo bar"
03:15:06.537 [XNIO-15 I/O-4] DEBUG o.s.c.c.CharSequenceEncoder - [612aa73c] Writing "63. foo bar"
03:15:06.537 [XNIO-15 I/O-4] DEBUG o.s.c.c.CharSequenceEncoder - [612aa73c] Writing "64. foo bar"
03:15:06.537 [XNIO-15 I/O-4] DEBUG o.s.c.c.CharSequenceEncoder - [612aa73c] Writing "65. foo bar"
03:15:06.538 [XNIO-15 I/O-4] DEBUG o.s.c.c.CharSequenceEncoder - [612aa73c] Writing "66. foo bar"
03:15:06.538 [XNIO-15 I/O-4] DEBUG o.s.c.c.CharSequenceEncoder - [612aa73c] Writing "67. foo bar"
03:15:06.538 [XNIO-15 I/O-4] DEBUG o.s.c.c.CharSequenceEncoder - [612aa73c] Writing "68. foo bar"
03:15:06.538 [XNIO-15 I/O-4] DEBUG o.s.c.c.CharSequenceEncoder - [612aa73c] Writing "69. foo bar"
03:15:06.538 [XNIO-15 I/O-4] DEBUG o.s.c.c.CharSequenceEncoder - [612aa73c] Writing "70. foo bar"
03:15:06.538 [XNIO-15 I/O-4] DEBUG o.s.c.c.CharSequenceEncoder - [612aa73c] Writing "71. foo bar"
03:15:06.538 [XNIO-15 I/O-4] DEBUG o.s.c.c.CharSequenceEncoder - [612aa73c] Writing "72. foo bar"
03:15:06.538 [XNIO-15 I/O-4] DEBUG o.s.c.c.CharSequenceEncoder - [612aa73c] Writing "73. foo bar"
03:15:06.538 [XNIO-15 I/O-4] DEBUG o.s.c.c.CharSequenceEncoder - [612aa73c] Writing "74. foo bar"
03:15:06.538 [XNIO-15 I/O-4] DEBUG o.s.c.c.CharSequenceEncoder - [612aa73c] Writing "75. foo bar"
03:15:06.539 [XNIO-15 I/O-4] DEBUG o.s.c.c.CharSequenceEncoder - [612aa73c] Writing "76. foo bar"
03:15:06.539 [XNIO-15 I/O-4] DEBUG o.s.c.c.CharSequenceEncoder - [612aa73c] Writing "77. foo bar"
03:15:06.539 [XNIO-15 I/O-4] DEBUG o.s.c.c.CharSequenceEncoder - [612aa73c] Writing "78. foo bar"
03:15:06.539 [XNIO-15 I/O-4] DEBUG o.s.c.c.CharSequenceEncoder - [612aa73c] Writing "79. foo bar"
03:15:06.539 [XNIO-15 I/O-4] DEBUG o.s.c.c.CharSequenceEncoder - [612aa73c] Writing "80. foo bar"
03:15:06.539 [XNIO-15 I/O-4] DEBUG o.s.c.c.CharSequenceEncoder - [612aa73c] Writing "81. foo bar"
03:15:06.539 [XNIO-15 I/O-4] DEBUG o.s.c.c.CharSequenceEncoder - [612aa73c] Writing "82. foo bar"
03:15:06.539 [XNIO-15 I/O-4] DEBUG o.s.c.c.CharSequenceEncoder - [612aa73c] Writing "83. foo bar"
03:15:06.539 [XNIO-15 I/O-4] DEBUG o.s.c.c.CharSequenceEncoder - [612aa73c] Writing "84. foo bar"
03:15:06.539 [XNIO-15 I/O-4] DEBUG o.s.c.c.CharSequenceEncoder - [612aa73c] Writing "85. foo bar"
03:15:06.539 [XNIO-15 I/O-4] DEBUG o.s.c.c.CharSequenceEncoder - [612aa73c] Writing "86. foo bar"
03:15:06.539 [XNIO-15 I/O-4] DEBUG o.s.c.c.CharSequenceEncoder - [612aa73c] Writing "87. foo bar"
03:15:06.540 [XNIO-15 I/O-4] DEBUG o.s.c.c.CharSequenceEncoder - [612aa73c] Writing "88. foo bar"
03:15:06.540 [XNIO-15 I/O-4] DEBUG o.s.c.c.CharSequenceEncoder - [612aa73c] Writing "89. foo bar"
03:15:06.540 [XNIO-15 I/O-4] DEBUG o.s.c.c.CharSequenceEncoder - [612aa73c] Writing "90. foo bar"
03:15:06.540 [XNIO-15 I/O-4] DEBUG o.s.c.c.CharSequenceEncoder - [612aa73c] Writing "91. foo bar"
03:15:06.540 [XNIO-15 I/O-4] DEBUG o.s.c.c.CharSequenceEncoder - [612aa73c] Writing "92. foo bar"
03:15:06.540 [XNIO-15 I/O-4] DEBUG o.s.c.c.CharSequenceEncoder - [612aa73c] Writing "93. foo bar"
03:15:06.540 [XNIO-15 I/O-4] DEBUG o.s.c.c.CharSequenceEncoder - [612aa73c] Writing "94. foo bar"
03:15:06.540 [XNIO-15 I/O-4] DEBUG o.s.c.c.CharSequenceEncoder - [612aa73c] Writing "95. foo bar"
03:15:06.540 [XNIO-15 I/O-4] DEBUG o.s.c.c.CharSequenceEncoder - [612aa73c] Writing "96. foo bar"
03:15:06.540 [XNIO-15 I/O-4] DEBUG o.s.c.c.CharSequenceEncoder - [612aa73c] Writing "97. foo bar"
03:15:06.540 [XNIO-15 I/O-4] DEBUG o.s.c.c.CharSequenceEncoder - [612aa73c] Writing "98. foo bar"
03:15:06.540 [XNIO-15 I/O-4] DEBUG o.s.c.c.CharSequenceEncoder - [612aa73c] Writing "99. foo bar"
03:15:06.540 [XNIO-15 I/O-4] DEBUG o.s.c.c.CharSequenceEncoder - [612aa73c] Writing "100. foo bar"
03:15:06.540 [XNIO-15 I/O-4] DEBUG o.s.c.c.CharSequenceEncoder - [612aa73c] Writing "101. foo bar"
03:15:06.540 [XNIO-15 I/O-4] DEBUG o.s.c.c.CharSequenceEncoder - [612aa73c] Writing "102. foo bar"
03:15:06.540 [XNIO-15 I/O-4] DEBUG o.s.c.c.CharSequenceEncoder - [612aa73c] Writing "103. foo bar"
03:15:06.541 [XNIO-15 I/O-4] DEBUG o.s.c.c.CharSequenceEncoder - [612aa73c] Writing "104. foo bar"
03:15:06.541 [XNIO-15 I/O-4] DEBUG o.s.c.c.CharSequenceEncoder - [612aa73c] Writing "105. foo bar"
03:15:06.541 [XNIO-15 I/O-4] DEBUG o.s.c.c.CharSequenceEncoder - [612aa73c] Writing "106. foo bar"
03:15:06.541 [XNIO-15 I/O-4] DEBUG o.s.c.c.CharSequenceEncoder - [612aa73c] Writing "107. foo bar"
03:15:06.541 [XNIO-15 I/O-4] DEBUG o.s.c.c.CharSequenceEncoder - [612aa73c] Writing "108. foo bar"
03:15:06.541 [XNIO-15 I/O-4] DEBUG o.s.c.c.CharSequenceEncoder - [612aa73c] Writing "109. foo bar"
03:15:06.541 [XNIO-15 I/O-4] DEBUG o.s.c.c.CharSequenceEncoder - [612aa73c] Writing "110. foo bar"
03:15:06.541 [XNIO-15 I/O-4] DEBUG o.s.c.c.CharSequenceEncoder - [612aa73c] Writing "111. foo bar"
03:15:06.541 [XNIO-15 I/O-4] DEBUG o.s.c.c.CharSequenceEncoder - [612aa73c] Writing "112. foo bar"
03:15:06.542 [XNIO-15 I/O-4] DEBUG o.s.c.c.CharSequenceEncoder - [612aa73c] Writing "113. foo bar"
03:15:06.542 [XNIO-15 I/O-4] DEBUG o.s.c.c.CharSequenceEncoder - [612aa73c] Writing "114. foo bar"
03:15:06.542 [XNIO-15 I/O-4] DEBUG o.s.c.c.CharSequenceEncoder - [612aa73c] Writing "115. foo bar"
03:15:06.542 [XNIO-15 I/O-4] DEBUG o.s.c.c.CharSequenceEncoder - [612aa73c] Writing "116. foo bar"
03:15:06.542 [XNIO-15 I/O-4] DEBUG o.s.c.c.CharSequenceEncoder - [612aa73c] Writing "117. foo bar"
03:15:06.542 [XNIO-15 I/O-4] DEBUG o.s.c.c.CharSequenceEncoder - [612aa73c] Writing "118. foo bar"
03:15:06.542 [XNIO-15 I/O-4] DEBUG o.s.c.c.CharSequenceEncoder - [612aa73c] Writing "119. foo bar"
03:15:06.542 [XNIO-15 I/O-4] DEBUG o.s.c.c.CharSequenceEncoder - [612aa73c] Writing "120. foo bar"
03:15:06.542 [XNIO-15 I/O-4] DEBUG o.s.c.c.CharSequenceEncoder - [612aa73c] Writing "121. foo bar"
03:15:06.542 [XNIO-15 I/O-4] DEBUG o.s.c.c.CharSequenceEncoder - [612aa73c] Writing "122. foo bar"
03:15:06.542 [XNIO-15 I/O-4] DEBUG o.s.c.c.CharSequenceEncoder - [612aa73c] Writing "123. foo bar"
03:15:06.542 [XNIO-15 I/O-4] DEBUG o.s.c.c.CharSequenceEncoder - [612aa73c] Writing "124. foo bar"
03:15:06.542 [XNIO-15 I/O-4] DEBUG o.s.c.c.CharSequenceEncoder - [612aa73c] Writing "125. foo bar"
03:15:06.542 [XNIO-15 I/O-4] DEBUG o.s.c.c.CharSequenceEncoder - [612aa73c] Writing "126. foo bar"
03:15:06.543 [XNIO-15 I/O-4] DEBUG o.s.c.c.CharSequenceEncoder - [612aa73c] Writing "127. foo bar"
03:15:06.543 [XNIO-15 I/O-4] DEBUG o.s.c.c.CharSequenceEncoder - [612aa73c] Writing "128. foo bar"
03:15:06.543 [XNIO-15 I/O-4] DEBUG o.s.c.c.CharSequenceEncoder - [612aa73c] Writing "129. foo bar"
03:15:06.543 [XNIO-15 I/O-4] DEBUG o.s.c.c.CharSequenceEncoder - [612aa73c] Writing "130. foo bar"
03:15:06.543 [XNIO-15 I/O-4] DEBUG o.s.c.c.CharSequenceEncoder - [612aa73c] Writing "131. foo bar"
03:15:06.543 [XNIO-15 I/O-4] DEBUG o.s.c.c.CharSequenceEncoder - [612aa73c] Writing "132. foo bar"
03:15:06.543 [XNIO-15 I/O-4] DEBUG o.s.c.c.CharSequenceEncoder - [612aa73c] Writing "133. foo bar"
03:15:06.543 [XNIO-15 I/O-4] DEBUG o.s.c.c.CharSequenceEncoder - [612aa73c] Writing "134. foo bar"
03:15:06.543 [XNIO-15 I/O-4] DEBUG o.s.c.c.CharSequenceEncoder - [612aa73c] Writing "135. foo bar"
03:15:06.543 [XNIO-15 I/O-4] DEBUG o.s.c.c.CharSequenceEncoder - [612aa73c] Writing "136. foo bar"
03:15:06.543 [XNIO-15 I/O-4] DEBUG o.s.c.c.CharSequenceEncoder - [612aa73c] Writing "137. foo bar"
03:15:06.543 [XNIO-15 I/O-4] DEBUG o.s.c.c.CharSequenceEncoder - [612aa73c] Writing "138. foo bar"
03:15:06.544 [XNIO-15 I/O-4] DEBUG o.s.c.c.CharSequenceEncoder - [612aa73c] Writing "139. foo bar"
03:15:06.544 [XNIO-15 I/O-4] DEBUG o.s.c.c.CharSequenceEncoder - [612aa73c] Writing "140. foo bar"
03:15:06.544 [XNIO-15 I/O-4] DEBUG o.s.c.c.CharSequenceEncoder - [612aa73c] Writing "141. foo bar"
03:15:06.544 [XNIO-15 I/O-4] DEBUG o.s.c.c.CharSequenceEncoder - [612aa73c] Writing "142. foo bar"
03:15:06.544 [XNIO-15 I/O-4] DEBUG o.s.c.c.CharSequenceEncoder - [612aa73c] Writing "143. foo bar"
03:15:06.544 [XNIO-15 I/O-4] DEBUG o.s.c.c.CharSequenceEncoder - [612aa73c] Writing "144. foo bar"
03:15:06.544 [XNIO-15 I/O-4] DEBUG o.s.c.c.CharSequenceEncoder - [612aa73c] Writing "145. foo bar"
03:15:06.544 [XNIO-15 I/O-4] DEBUG o.s.c.c.CharSequenceEncoder - [612aa73c] Writing "146. foo bar"
03:15:06.544 [XNIO-15 I/O-4] DEBUG o.s.c.c.CharSequenceEncoder - [612aa73c] Writing "147. foo bar"
03:15:06.544 [XNIO-15 I/O-4] DEBUG o.s.c.c.CharSequenceEncoder - [612aa73c] Writing "148. foo bar"
03:15:06.544 [XNIO-15 I/O-4] DEBUG o.s.c.c.CharSequenceEncoder - [612aa73c] Writing "149. foo bar"
03:15:06.544 [XNIO-15 I/O-4] DEBUG o.s.c.c.CharSequenceEncoder - [612aa73c] Writing "150. foo bar"
03:15:06.545 [XNIO-15 I/O-4] DEBUG o.s.c.c.CharSequenceEncoder - [612aa73c] Writing "151. foo bar"
03:15:06.545 [XNIO-15 I/O-4] DEBUG o.s.c.c.CharSequenceEncoder - [612aa73c] Writing "152. foo bar"
03:15:06.545 [XNIO-15 I/O-4] DEBUG o.s.c.c.CharSequenceEncoder - [612aa73c] Writing "153. foo bar"
03:15:06.545 [XNIO-15 I/O-4] DEBUG o.s.c.c.CharSequenceEncoder - [612aa73c] Writing "154. foo bar"
03:15:06.545 [XNIO-15 I/O-4] DEBUG o.s.c.c.CharSequenceEncoder - [612aa73c] Writing "155. foo bar"
03:15:06.545 [XNIO-15 I/O-4] DEBUG o.s.c.c.CharSequenceEncoder - [612aa73c] Writing "156. foo bar"
03:15:06.545 [XNIO-15 I/O-4] DEBUG o.s.c.c.CharSequenceEncoder - [612aa73c] Writing "157. foo bar"
03:15:06.545 [XNIO-15 I/O-4] DEBUG o.s.c.c.CharSequenceEncoder - [612aa73c] Writing "158. foo bar"
03:15:06.545 [XNIO-15 I/O-4] DEBUG o.s.c.c.CharSequenceEncoder - [612aa73c] Writing "159. foo bar"
03:15:06.545 [XNIO-15 I/O-4] DEBUG o.s.c.c.CharSequenceEncoder - [612aa73c] Writing "160. foo bar"
03:15:06.545 [XNIO-15 I/O-4] DEBUG o.s.c.c.CharSequenceEncoder - [612aa73c] Writing "161. foo bar"
03:15:06.545 [XNIO-15 I/O-4] DEBUG o.s.c.c.CharSequenceEncoder - [612aa73c] Writing "162. foo bar"
03:15:06.546 [XNIO-15 I/O-4] DEBUG o.s.c.c.CharSequenceEncoder - [612aa73c] Writing "163. foo bar"
03:15:06.546 [XNIO-15 I/O-4] DEBUG o.s.c.c.CharSequenceEncoder - [612aa73c] Writing "164. foo bar"
03:15:06.546 [XNIO-15 I/O-4] DEBUG o.s.c.c.CharSequenceEncoder - [612aa73c] Writing "165. foo bar"
03:15:06.546 [XNIO-15 I/O-4] DEBUG o.s.c.c.CharSequenceEncoder - [612aa73c] Writing "166. foo bar"
03:15:06.546 [XNIO-15 I/O-4] DEBUG o.s.c.c.CharSequenceEncoder - [612aa73c] Writing "167. foo bar"
03:15:06.546 [XNIO-15 I/O-4] DEBUG o.s.c.c.CharSequenceEncoder - [612aa73c] Writing "168. foo bar"
03:15:06.546 [XNIO-15 I/O-4] DEBUG o.s.c.c.CharSequenceEncoder - [612aa73c] Writing "169. foo bar"
03:15:06.546 [XNIO-15 I/O-4] DEBUG o.s.c.c.CharSequenceEncoder - [612aa73c] Writing "170. foo bar"
03:15:06.546 [XNIO-15 I/O-4] DEBUG o.s.c.c.CharSequenceEncoder - [612aa73c] Writing "171. foo bar"
03:15:06.546 [XNIO-15 I/O-4] DEBUG o.s.c.c.CharSequenceEncoder - [612aa73c] Writing "172. foo bar"
03:15:06.546 [XNIO-15 I/O-4] DEBUG o.s.c.c.CharSequenceEncoder - [612aa73c] Writing "173. foo bar"
03:15:06.546 [XNIO-15 I/O-4] DEBUG o.s.c.c.CharSequenceEncoder - [612aa73c] Writing "174. foo bar"
03:15:06.546 [XNIO-15 I/O-4] DEBUG o.s.c.c.CharSequenceEncoder - [612aa73c] Writing "175. foo bar"
03:15:06.546 [XNIO-15 I/O-4] DEBUG o.s.c.c.CharSequenceEncoder - [612aa73c] Writing "176. foo bar"
03:15:06.546 [XNIO-15 I/O-4] DEBUG o.s.c.c.CharSequenceEncoder - [612aa73c] Writing "177. foo bar"
03:15:06.546 [XNIO-15 I/O-4] DEBUG o.s.c.c.CharSequenceEncoder - [612aa73c] Writing "178. foo bar"
03:15:06.547 [XNIO-15 I/O-4] DEBUG o.s.c.c.CharSequenceEncoder - [612aa73c] Writing "179. foo bar"
03:15:06.547 [XNIO-15 I/O-4] DEBUG o.s.c.c.CharSequenceEncoder - [612aa73c] Writing "180. foo bar"
03:15:06.547 [XNIO-15 I/O-4] DEBUG o.s.c.c.CharSequenceEncoder - [612aa73c] Writing "181. foo bar"
03:15:06.547 [XNIO-15 I/O-4] DEBUG o.s.c.c.CharSequenceEncoder - [612aa73c] Writing "182. foo bar"
03:15:06.547 [XNIO-15 I/O-4] DEBUG o.s.c.c.CharSequenceEncoder - [612aa73c] Writing "183. foo bar"
03:15:06.547 [XNIO-15 I/O-4] DEBUG o.s.c.c.CharSequenceEncoder - [612aa73c] Writing "184. foo bar"
03:15:06.547 [XNIO-15 I/O-4] DEBUG o.s.c.c.CharSequenceEncoder - [612aa73c] Writing "185. foo bar"
03:15:06.547 [XNIO-15 I/O-4] DEBUG o.s.c.c.CharSequenceEncoder - [612aa73c] Writing "186. foo bar"
03:15:06.548 [XNIO-15 I/O-4] DEBUG o.s.c.c.CharSequenceEncoder - [612aa73c] Writing "187. foo bar"
03:15:06.548 [XNIO-15 I/O-4] DEBUG o.s.c.c.CharSequenceEncoder - [612aa73c] Writing "188. foo bar"
03:15:06.548 [XNIO-15 I/O-4] DEBUG o.s.c.c.CharSequenceEncoder - [612aa73c] Writing "189. foo bar"
03:15:06.548 [XNIO-15 I/O-4] DEBUG o.s.c.c.CharSequenceEncoder - [612aa73c] Writing "190. foo bar"
03:15:06.548 [XNIO-15 I/O-4] DEBUG o.s.c.c.CharSequenceEncoder - [612aa73c] Writing "191. foo bar"
03:15:06.548 [XNIO-15 I/O-4] DEBUG o.s.c.c.CharSequenceEncoder - [612aa73c] Writing "192. foo bar"
03:15:06.548 [XNIO-15 I/O-4] DEBUG o.s.c.c.CharSequenceEncoder - [612aa73c] Writing "193. foo bar"
03:15:06.548 [XNIO-15 I/O-4] DEBUG o.s.c.c.CharSequenceEncoder - [612aa73c] Writing "194. foo bar"
03:15:06.548 [XNIO-15 I/O-4] DEBUG o.s.c.c.CharSequenceEncoder - [612aa73c] Writing "195. foo bar"
03:15:06.548 [XNIO-15 I/O-4] DEBUG o.s.c.c.CharSequenceEncoder - [612aa73c] Writing "196. foo bar"
03:15:06.548 [XNIO-15 I/O-4] DEBUG o.s.c.c.CharSequenceEncoder - [612aa73c] Writing "197. foo bar"
03:15:06.549 [XNIO-15 I/O-4] DEBUG o.s.c.c.CharSequenceEncoder - [612aa73c] Writing "198. foo bar"
03:15:06.549 [XNIO-15 I/O-4] DEBUG o.s.c.c.CharSequenceEncoder - [612aa73c] Writing "199. foo bar"
03:15:06.549 [XNIO-15 I/O-4] DEBUG o.s.c.c.CharSequenceEncoder - [612aa73c] Writing "200. foo bar"
03:15:06.549 [XNIO-15 I/O-4] DEBUG o.s.c.c.CharSequenceEncoder - [612aa73c] Writing "201. foo bar"
03:15:06.549 [XNIO-15 I/O-4] DEBUG o.s.c.c.CharSequenceEncoder - [612aa73c] Writing "202. foo bar"
03:15:06.549 [XNIO-15 I/O-4] DEBUG o.s.c.c.CharSequenceEncoder - [612aa73c] Writing "203. foo bar"
03:15:06.549 [XNIO-15 I/O-4] DEBUG o.s.c.c.CharSequenceEncoder - [612aa73c] Writing "204. foo bar"
03:15:06.549 [XNIO-15 I/O-4] DEBUG o.s.c.c.CharSequenceEncoder - [612aa73c] Writing "205. foo bar"
03:15:06.549 [XNIO-15 I/O-4] DEBUG o.s.c.c.CharSequenceEncoder - [612aa73c] Writing "206. foo bar"
03:15:06.549 [XNIO-15 I/O-4] DEBUG o.s.c.c.CharSequenceEncoder - [612aa73c] Writing "207. foo bar"
03:15:06.549 [XNIO-15 I/O-4] DEBUG o.s.c.c.CharSequenceEncoder - [612aa73c] Writing "208. foo bar"
03:15:06.549 [XNIO-15 I/O-4] DEBUG o.s.c.c.CharSequenceEncoder - [612aa73c] Writing "209. foo bar"
03:15:06.549 [XNIO-15 I/O-4] DEBUG o.s.c.c.CharSequenceEncoder - [612aa73c] Writing "210. foo bar"
03:15:06.549 [XNIO-15 I/O-4] DEBUG o.s.c.c.CharSequenceEncoder - [612aa73c] Writing "211. foo bar"
03:15:06.549 [XNIO-15 I/O-4] DEBUG o.s.c.c.CharSequenceEncoder - [612aa73c] Writing "212. foo bar"
03:15:06.549 [XNIO-15 I/O-4] DEBUG o.s.c.c.CharSequenceEncoder - [612aa73c] Writing "213. foo bar"
03:15:06.550 [XNIO-15 I/O-4] DEBUG o.s.c.c.CharSequenceEncoder - [612aa73c] Writing "214. foo bar"
03:15:06.550 [XNIO-15 I/O-4] DEBUG o.s.c.c.CharSequenceEncoder - [612aa73c] Writing "215. foo bar"
03:15:06.550 [XNIO-15 I/O-4] DEBUG o.s.c.c.CharSequenceEncoder - [612aa73c] Writing "216. foo bar"
03:15:06.550 [XNIO-15 I/O-4] DEBUG o.s.c.c.CharSequenceEncoder - [612aa73c] Writing "217. foo bar"
03:15:06.550 [XNIO-15 I/O-4] DEBUG o.s.c.c.CharSequenceEncoder - [612aa73c] Writing "218. foo bar"
03:15:06.550 [XNIO-15 I/O-4] DEBUG o.s.c.c.CharSequenceEncoder - [612aa73c] Writing "219. foo bar"
03:15:06.550 [XNIO-15 I/O-4] DEBUG o.s.c.c.CharSequenceEncoder - [612aa73c] Writing "220. foo bar"
03:15:06.550 [XNIO-15 I/O-4] DEBUG o.s.c.c.CharSequenceEncoder - [612aa73c] Writing "221. foo bar"
03:15:06.550 [XNIO-15 I/O-4] DEBUG o.s.c.c.CharSequenceEncoder - [612aa73c] Writing "222. foo bar"
03:15:06.550 [XNIO-15 I/O-4] DEBUG o.s.c.c.CharSequenceEncoder - [612aa73c] Writing "223. foo bar"
03:15:06.550 [XNIO-15 I/O-4] DEBUG o.s.c.c.CharSequenceEncoder - [612aa73c] Writing "224. foo bar"
03:15:06.551 [XNIO-15 I/O-4] DEBUG o.s.c.c.CharSequenceEncoder - [612aa73c] Writing "225. foo bar"
03:15:06.551 [XNIO-15 I/O-4] DEBUG o.s.c.c.CharSequenceEncoder - [612aa73c] Writing "226. foo bar"
03:15:06.551 [XNIO-15 I/O-4] DEBUG o.s.c.c.CharSequenceEncoder - [612aa73c] Writing "227. foo bar"
03:15:06.551 [XNIO-15 I/O-4] DEBUG o.s.c.c.CharSequenceEncoder - [612aa73c] Writing "228. foo bar"
03:15:06.551 [XNIO-15 I/O-4] DEBUG o.s.c.c.CharSequenceEncoder - [612aa73c] Writing "229. foo bar"
03:15:06.551 [XNIO-15 I/O-4] DEBUG o.s.c.c.CharSequenceEncoder - [612aa73c] Writing "230. foo bar"
03:15:06.551 [XNIO-15 I/O-4] DEBUG o.s.c.c.CharSequenceEncoder - [612aa73c] Writing "231. foo bar"
03:15:06.551 [XNIO-15 I/O-4] DEBUG o.s.c.c.CharSequenceEncoder - [612aa73c] Writing "232. foo bar"
03:15:06.551 [XNIO-15 I/O-4] DEBUG o.s.c.c.CharSequenceEncoder - [612aa73c] Writing "233. foo bar"
03:15:06.551 [XNIO-15 I/O-4] DEBUG o.s.c.c.CharSequenceEncoder - [612aa73c] Writing "234. foo bar"
03:15:06.552 [XNIO-15 I/O-4] DEBUG o.s.c.c.CharSequenceEncoder - [612aa73c] Writing "235. foo bar"
03:15:06.552 [XNIO-15 I/O-4] DEBUG o.s.c.c.CharSequenceEncoder - [612aa73c] Writing "236. foo bar"
03:15:06.552 [XNIO-15 I/O-4] DEBUG o.s.c.c.CharSequenceEncoder - [612aa73c] Writing "237. foo bar"
03:15:06.552 [XNIO-15 I/O-4] DEBUG o.s.c.c.CharSequenceEncoder - [612aa73c] Writing "238. foo bar"
03:15:06.552 [XNIO-15 I/O-4] DEBUG o.s.c.c.CharSequenceEncoder - [612aa73c] Writing "239. foo bar"
03:15:06.552 [XNIO-15 I/O-4] DEBUG o.s.c.c.CharSequenceEncoder - [612aa73c] Writing "240. foo bar"
03:15:06.552 [XNIO-15 I/O-4] DEBUG o.s.c.c.CharSequenceEncoder - [612aa73c] Writing "241. foo bar"
03:15:06.552 [XNIO-15 I/O-4] DEBUG o.s.c.c.CharSequenceEncoder - [612aa73c] Writing "242. foo bar"
03:15:06.552 [XNIO-15 I/O-4] DEBUG o.s.c.c.CharSequenceEncoder - [612aa73c] Writing "243. foo bar"
03:15:06.552 [XNIO-15 I/O-4] DEBUG o.s.c.c.CharSequenceEncoder - [612aa73c] Writing "244. foo bar"
03:15:06.552 [XNIO-15 I/O-4] DEBUG o.s.c.c.CharSequenceEncoder - [612aa73c] Writing "245. foo bar"
03:15:06.553 [XNIO-15 I/O-4] DEBUG o.s.c.c.CharSequenceEncoder - [612aa73c] Writing "246. foo bar"
03:15:06.553 [XNIO-15 I/O-4] DEBUG o.s.c.c.CharSequenceEncoder - [612aa73c] Writing "247. foo bar"
03:15:06.553 [XNIO-15 I/O-4] DEBUG o.s.c.c.CharSequenceEncoder - [612aa73c] Writing "248. foo bar"
03:15:06.553 [XNIO-15 I/O-4] DEBUG o.s.c.c.CharSequenceEncoder - [612aa73c] Writing "249. foo bar"
03:15:06.553 [XNIO-15 I/O-4] DEBUG o.s.c.c.CharSequenceEncoder - [612aa73c] Writing "250. foo bar"
03:15:06.553 [XNIO-15 I/O-4] DEBUG o.s.c.c.CharSequenceEncoder - [612aa73c] Writing "251. foo bar"
03:15:06.553 [XNIO-15 I/O-4] DEBUG o.s.c.c.CharSequenceEncoder - [612aa73c] Writing "252. foo bar"
03:15:06.553 [XNIO-15 I/O-4] DEBUG o.s.c.c.CharSequenceEncoder - [612aa73c] Writing "253. foo bar"
03:15:06.553 [XNIO-15 I/O-4] DEBUG o.s.c.c.CharSequenceEncoder - [612aa73c] Writing "254. foo bar"
03:15:06.553 [XNIO-15 I/O-4] DEBUG o.s.c.c.CharSequenceEncoder - [612aa73c] Writing "255. foo bar"
03:15:06.553 [XNIO-15 I/O-4] DEBUG o.s.c.c.CharSequenceEncoder - [612aa73c] Writing "256. foo bar"
03:15:06.554 [XNIO-15 I/O-4] DEBUG o.s.c.c.CharSequenceEncoder - [612aa73c] Writing "257. foo bar"
03:15:06.554 [XNIO-15 I/O-4] DEBUG o.s.c.c.CharSequenceEncoder - [612aa73c] Writing "258. foo bar"
03:15:06.554 [XNIO-15 I/O-4] DEBUG o.s.c.c.CharSequenceEncoder - [612aa73c] Writing "259. foo bar"
03:15:06.554 [XNIO-15 I/O-4] DEBUG o.s.c.c.CharSequenceEncoder - [612aa73c] Writing "260. foo bar"
03:15:06.554 [XNIO-15 I/O-4] DEBUG o.s.c.c.CharSequenceEncoder - [612aa73c] Writing "261. foo bar"
03:15:06.554 [XNIO-15 I/O-4] DEBUG o.s.c.c.CharSequenceEncoder - [612aa73c] Writing "262. foo bar"
03:15:06.554 [XNIO-15 I/O-4] DEBUG o.s.c.c.CharSequenceEncoder - [612aa73c] Writing "263. foo bar"
03:15:06.554 [XNIO-15 I/O-4] DEBUG o.s.c.c.CharSequenceEncoder - [612aa73c] Writing "264. foo bar"
03:15:06.554 [XNIO-15 I/O-4] DEBUG o.s.c.c.CharSequenceEncoder - [612aa73c] Writing "265. foo bar"
03:15:06.554 [XNIO-15 I/O-4] DEBUG o.s.c.c.CharSequenceEncoder - [612aa73c] Writing "266. foo bar"
03:15:06.554 [XNIO-15 I/O-4] DEBUG o.s.c.c.CharSequenceEncoder - [612aa73c] Writing "267. foo bar"
03:15:06.554 [XNIO-15 I/O-4] DEBUG o.s.c.c.CharSequenceEncoder - [612aa73c] Writing "268. foo bar"
03:15:06.555 [XNIO-15 I/O-4] DEBUG o.s.c.c.CharSequenceEncoder - [612aa73c] Writing "269. foo bar"
03:15:06.555 [XNIO-15 I/O-4] DEBUG o.s.c.c.CharSequenceEncoder - [612aa73c] Writing "270. foo bar"
03:15:06.555 [XNIO-15 I/O-4] DEBUG o.s.c.c.CharSequenceEncoder - [612aa73c] Writing "271. foo bar"
03:15:06.555 [XNIO-15 I/O-4] DEBUG o.s.c.c.CharSequenceEncoder - [612aa73c] Writing "272. foo bar"
03:15:06.555 [XNIO-15 I/O-4] DEBUG o.s.c.c.CharSequenceEncoder - [612aa73c] Writing "273. foo bar"
03:15:06.555 [XNIO-15 I/O-4] DEBUG o.s.c.c.CharSequenceEncoder - [612aa73c] Writing "274. foo bar"
03:15:06.555 [XNIO-15 I/O-4] DEBUG o.s.c.c.CharSequenceEncoder - [612aa73c] Writing "275. foo bar"
03:15:06.555 [XNIO-15 I/O-4] DEBUG o.s.c.c.CharSequenceEncoder - [612aa73c] Writing "276. foo bar"
03:15:06.555 [XNIO-15 I/O-4] DEBUG o.s.c.c.CharSequenceEncoder - [612aa73c] Writing "277. foo bar"
03:15:06.555 [XNIO-15 I/O-4] DEBUG o.s.c.c.CharSequenceEncoder - [612aa73c] Writing "278. foo bar"
03:15:06.555 [XNIO-15 I/O-4] DEBUG o.s.c.c.CharSequenceEncoder - [612aa73c] Writing "279. foo bar"
03:15:06.556 [XNIO-15 I/O-4] DEBUG o.s.c.c.CharSequenceEncoder - [612aa73c] Writing "280. foo bar"
03:15:06.556 [XNIO-15 I/O-4] DEBUG o.s.c.c.CharSequenceEncoder - [612aa73c] Writing "281. foo bar"
03:15:06.556 [XNIO-15 I/O-4] DEBUG o.s.c.c.CharSequenceEncoder - [612aa73c] Writing "282. foo bar"
03:15:06.556 [XNIO-15 I/O-4] DEBUG o.s.c.c.CharSequenceEncoder - [612aa73c] Writing "283. foo bar"
03:15:06.556 [XNIO-15 I/O-4] DEBUG o.s.c.c.CharSequenceEncoder - [612aa73c] Writing "284. foo bar"
03:15:06.556 [XNIO-15 I/O-4] DEBUG o.s.c.c.CharSequenceEncoder - [612aa73c] Writing "285. foo bar"
03:15:06.556 [XNIO-15 I/O-4] DEBUG o.s.c.c.CharSequenceEncoder - [612aa73c] Writing "286. foo bar"
03:15:06.556 [XNIO-15 I/O-4] DEBUG o.s.c.c.CharSequenceEncoder - [612aa73c] Writing "287. foo bar"
03:15:06.556 [XNIO-15 I/O-4] DEBUG o.s.c.c.CharSequenceEncoder - [612aa73c] Writing "288. foo bar"
03:15:06.556 [XNIO-15 I/O-4] DEBUG o.s.c.c.CharSequenceEncoder - [612aa73c] Writing "289. foo bar"
03:15:06.556 [XNIO-15 I/O-4] DEBUG o.s.c.c.CharSequenceEncoder - [612aa73c] Writing "290. foo bar"
03:15:06.557 [XNIO-15 I/O-4] DEBUG o.s.c.c.CharSequenceEncoder - [612aa73c] Writing "291. foo bar"
03:15:06.557 [XNIO-15 I/O-4] DEBUG o.s.c.c.CharSequenceEncoder - [612aa73c] Writing "292. foo bar"
03:15:06.557 [XNIO-15 I/O-4] DEBUG o.s.c.c.CharSequenceEncoder - [612aa73c] Writing "293. foo bar"
03:15:06.557 [XNIO-15 I/O-4] DEBUG o.s.c.c.CharSequenceEncoder - [612aa73c] Writing "294. foo bar"
03:15:06.557 [XNIO-15 I/O-4] DEBUG o.s.c.c.CharSequenceEncoder - [612aa73c] Writing "295. foo bar"
03:15:06.557 [XNIO-15 I/O-4] DEBUG o.s.c.c.CharSequenceEncoder - [612aa73c] Writing "296. foo bar"
03:15:06.557 [XNIO-15 I/O-4] DEBUG o.s.c.c.CharSequenceEncoder - [612aa73c] Writing "297. foo bar"
03:15:06.557 [XNIO-15 I/O-4] DEBUG o.s.c.c.CharSequenceEncoder - [612aa73c] Writing "298. foo bar"
03:15:06.557 [XNIO-15 I/O-4] DEBUG o.s.c.c.CharSequenceEncoder - [612aa73c] Writing "299. foo bar"
03:15:06.557 [XNIO-15 I/O-4] DEBUG o.s.c.c.CharSequenceEncoder - [612aa73c] Writing "300. foo bar"
03:15:06.557 [XNIO-15 I/O-4] DEBUG o.s.c.c.CharSequenceEncoder - [612aa73c] Writing "301. foo bar"
03:15:06.558 [XNIO-15 I/O-4] DEBUG o.s.c.c.CharSequenceEncoder - [612aa73c] Writing "302. foo bar"
03:15:06.558 [XNIO-15 I/O-4] DEBUG o.s.c.c.CharSequenceEncoder - [612aa73c] Writing "303. foo bar"
03:15:06.558 [XNIO-15 I/O-4] DEBUG o.s.c.c.CharSequenceEncoder - [612aa73c] Writing "304. foo bar"
03:15:06.558 [XNIO-15 I/O-4] DEBUG o.s.c.c.CharSequenceEncoder - [612aa73c] Writing "305. foo bar"
03:15:06.558 [XNIO-15 I/O-4] DEBUG o.s.c.c.CharSequenceEncoder - [612aa73c] Writing "306. foo bar"
03:15:06.558 [XNIO-15 I/O-4] DEBUG o.s.c.c.CharSequenceEncoder - [612aa73c] Writing "307. foo bar"
03:15:06.558 [XNIO-15 I/O-4] DEBUG o.s.c.c.CharSequenceEncoder - [612aa73c] Writing "308. foo bar"
03:15:06.558 [XNIO-15 I/O-4] DEBUG o.s.c.c.CharSequenceEncoder - [612aa73c] Writing "309. foo bar"
03:15:06.558 [XNIO-15 I/O-4] DEBUG o.s.c.c.CharSequenceEncoder - [612aa73c] Writing "310. foo bar"
03:15:06.558 [XNIO-15 I/O-4] DEBUG o.s.c.c.CharSequenceEncoder - [612aa73c] Writing "311. foo bar"
03:15:06.558 [XNIO-15 I/O-4] DEBUG o.s.c.c.CharSequenceEncoder - [612aa73c] Writing "312. foo bar"
03:15:06.559 [XNIO-15 I/O-4] DEBUG o.s.c.c.CharSequenceEncoder - [612aa73c] Writing "313. foo bar"
03:15:06.559 [XNIO-15 I/O-4] DEBUG o.s.c.c.CharSequenceEncoder - [612aa73c] Writing "314. foo bar"
03:15:06.559 [XNIO-15 I/O-4] DEBUG o.s.c.c.CharSequenceEncoder - [612aa73c] Writing "315. foo bar"
03:15:06.559 [XNIO-15 I/O-4] DEBUG o.s.c.c.CharSequenceEncoder - [612aa73c] Writing "316. foo bar"
03:15:06.559 [XNIO-15 I/O-4] DEBUG o.s.c.c.CharSequenceEncoder - [612aa73c] Writing "317. foo bar"
03:15:06.559 [XNIO-15 I/O-4] DEBUG o.s.c.c.CharSequenceEncoder - [612aa73c] Writing "318. foo bar"
03:15:06.559 [XNIO-15 I/O-4] DEBUG o.s.c.c.CharSequenceEncoder - [612aa73c] Writing "319. foo bar"
03:15:06.559 [XNIO-15 I/O-4] DEBUG o.s.c.c.CharSequenceEncoder - [612aa73c] Writing "320. foo bar"
03:15:06.559 [XNIO-15 I/O-4] DEBUG o.s.c.c.CharSequenceEncoder - [612aa73c] Writing "321. foo bar"
03:15:06.560 [XNIO-15 I/O-4] DEBUG o.s.c.c.CharSequenceEncoder - [612aa73c] Writing "322. foo bar"
03:15:06.560 [XNIO-15 I/O-4] DEBUG o.s.c.c.CharSequenceEncoder - [612aa73c] Writing "323. foo bar"
03:15:06.560 [XNIO-15 I/O-4] DEBUG o.s.c.c.CharSequenceEncoder - [612aa73c] Writing "324. foo bar"
03:15:06.560 [XNIO-15 I/O-4] DEBUG o.s.c.c.CharSequenceEncoder - [612aa73c] Writing "325. foo bar"
03:15:06.560 [XNIO-15 I/O-4] DEBUG o.s.c.c.CharSequenceEncoder - [612aa73c] Writing "326. foo bar"
03:15:06.560 [XNIO-15 I/O-4] DEBUG o.s.c.c.CharSequenceEncoder - [612aa73c] Writing "327. foo bar"
03:15:06.560 [XNIO-15 I/O-4] DEBUG o.s.c.c.CharSequenceEncoder - [612aa73c] Writing "328. foo bar"
03:15:06.560 [XNIO-15 I/O-4] DEBUG o.s.c.c.CharSequenceEncoder - [612aa73c] Writing "329. foo bar"
03:15:06.560 [XNIO-15 I/O-4] DEBUG o.s.c.c.CharSequenceEncoder - [612aa73c] Writing "330. foo bar"
03:15:06.560 [XNIO-15 I/O-4] DEBUG o.s.c.c.CharSequenceEncoder - [612aa73c] Writing "331. foo bar"
03:15:06.560 [XNIO-15 I/O-4] DEBUG o.s.c.c.CharSequenceEncoder - [612aa73c] Writing "332. foo bar"
03:15:06.560 [XNIO-15 I/O-4] DEBUG o.s.c.c.CharSequenceEncoder - [612aa73c] Writing "333. foo bar"
03:15:06.561 [XNIO-15 I/O-4] DEBUG o.s.c.c.CharSequenceEncoder - [612aa73c] Writing "334. foo bar"
03:15:06.561 [XNIO-15 I/O-4] DEBUG o.s.c.c.CharSequenceEncoder - [612aa73c] Writing "335. foo bar"
03:15:06.561 [XNIO-15 I/O-4] DEBUG o.s.c.c.CharSequenceEncoder - [612aa73c] Writing "336. foo bar"
03:15:06.561 [XNIO-15 I/O-4] DEBUG o.s.c.c.CharSequenceEncoder - [612aa73c] Writing "337. foo bar"
03:15:06.561 [XNIO-15 I/O-4] DEBUG o.s.c.c.CharSequenceEncoder - [612aa73c] Writing "338. foo bar"
03:15:06.561 [XNIO-15 I/O-4] DEBUG o.s.c.c.CharSequenceEncoder - [612aa73c] Writing "339. foo bar"
03:15:06.561 [XNIO-15 I/O-4] DEBUG o.s.c.c.CharSequenceEncoder - [612aa73c] Writing "340. foo bar"
03:15:06.562 [XNIO-15 I/O-4] DEBUG o.s.c.c.CharSequenceEncoder - [612aa73c] Writing "341. foo bar"
03:15:06.562 [XNIO-15 I/O-4] DEBUG o.s.c.c.CharSequenceEncoder - [612aa73c] Writing "342. foo bar"
03:15:06.562 [XNIO-15 I/O-4] DEBUG o.s.c.c.CharSequenceEncoder - [612aa73c] Writing "343. foo bar"
03:15:06.562 [XNIO-15 I/O-4] DEBUG o.s.c.c.CharSequenceEncoder - [612aa73c] Writing "344. foo bar"
03:15:06.562 [XNIO-15 I/O-4] DEBUG o.s.c.c.CharSequenceEncoder - [612aa73c] Writing "345. foo bar"
03:15:06.562 [XNIO-15 I/O-4] DEBUG o.s.c.c.CharSequenceEncoder - [612aa73c] Writing "346. foo bar"
03:15:06.562 [XNIO-15 I/O-4] DEBUG o.s.c.c.CharSequenceEncoder - [612aa73c] Writing "347. foo bar"
03:15:06.563 [XNIO-15 I/O-4] DEBUG o.s.c.c.CharSequenceEncoder - [612aa73c] Writing "348. foo bar"
03:15:06.563 [XNIO-15 I/O-4] DEBUG o.s.c.c.CharSequenceEncoder - [612aa73c] Writing "349. foo bar"
03:15:06.563 [XNIO-15 I/O-4] DEBUG o.s.c.c.CharSequenceEncoder - [612aa73c] Writing "350. foo bar"
03:15:06.563 [XNIO-15 I/O-4] DEBUG o.s.c.c.CharSequenceEncoder - [612aa73c] Writing "351. foo bar"
03:15:06.563 [XNIO-15 I/O-4] DEBUG o.s.c.c.CharSequenceEncoder - [612aa73c] Writing "352. foo bar"
03:15:06.563 [XNIO-15 I/O-4] DEBUG o.s.c.c.CharSequenceEncoder - [612aa73c] Writing "353. foo bar"
03:15:06.564 [XNIO-15 I/O-4] DEBUG o.s.c.c.CharSequenceEncoder - [612aa73c] Writing "354. foo bar"
03:15:06.564 [XNIO-15 I/O-4] DEBUG o.s.c.c.CharSequenceEncoder - [612aa73c] Writing "355. foo bar"
03:15:06.564 [XNIO-15 I/O-4] DEBUG o.s.c.c.CharSequenceEncoder - [612aa73c] Writing "356. foo bar"
03:15:06.564 [XNIO-15 I/O-4] DEBUG o.s.c.c.CharSequenceEncoder - [612aa73c] Writing "357. foo bar"
03:15:06.564 [XNIO-15 I/O-4] DEBUG o.s.c.c.CharSequenceEncoder - [612aa73c] Writing "358. foo bar"
03:15:06.564 [XNIO-15 I/O-4] DEBUG o.s.c.c.CharSequenceEncoder - [612aa73c] Writing "359. foo bar"
03:15:06.565 [XNIO-15 I/O-4] DEBUG o.s.c.c.CharSequenceEncoder - [612aa73c] Writing "360. foo bar"
03:15:06.565 [XNIO-15 I/O-4] DEBUG o.s.c.c.CharSequenceEncoder - [612aa73c] Writing "361. foo bar"
03:15:06.567 [XNIO-15 I/O-4] DEBUG o.s.c.c.CharSequenceEncoder - [612aa73c] Writing "362. foo bar"
03:15:06.568 [XNIO-15 I/O-4] DEBUG o.s.c.c.CharSequenceEncoder - [612aa73c] Writing "363. foo bar"
03:15:06.568 [XNIO-15 I/O-4] DEBUG o.s.c.c.CharSequenceEncoder - [612aa73c] Writing "364. foo bar"
03:15:06.568 [XNIO-15 I/O-4] DEBUG o.s.c.c.CharSequenceEncoder - [612aa73c] Writing "365. foo bar"
03:15:06.568 [XNIO-15 I/O-4] DEBUG o.s.c.c.CharSequenceEncoder - [612aa73c] Writing "366. foo bar"
03:15:06.568 [XNIO-15 I/O-4] DEBUG o.s.c.c.CharSequenceEncoder - [612aa73c] Writing "367. foo bar"
03:15:06.569 [XNIO-15 I/O-4] DEBUG o.s.c.c.CharSequenceEncoder - [612aa73c] Writing "368. foo bar"
03:15:06.570 [XNIO-15 I/O-4] DEBUG o.s.c.c.CharSequenceEncoder - [612aa73c] Writing "369. foo bar"
03:15:06.570 [XNIO-15 I/O-4] DEBUG o.s.c.c.CharSequenceEncoder - [612aa73c] Writing "370. foo bar"
03:15:06.570 [XNIO-15 I/O-4] DEBUG o.s.c.c.CharSequenceEncoder - [612aa73c] Writing "371. foo bar"
03:15:06.571 [XNIO-15 I/O-4] DEBUG o.s.c.c.CharSequenceEncoder - [612aa73c] Writing "372. foo bar"
03:15:06.571 [XNIO-15 I/O-4] DEBUG o.s.c.c.CharSequenceEncoder - [612aa73c] Writing "373. foo bar"
03:15:06.571 [XNIO-15 I/O-4] DEBUG o.s.c.c.CharSequenceEncoder - [612aa73c] Writing "374. foo bar"
03:15:06.571 [XNIO-15 I/O-4] DEBUG o.s.c.c.CharSequenceEncoder - [612aa73c] Writing "375. foo bar"
03:15:06.571 [XNIO-15 I/O-4] DEBUG o.s.c.c.CharSequenceEncoder - [612aa73c] Writing "376. foo bar"
03:15:06.571 [XNIO-15 I/O-4] DEBUG o.s.c.c.CharSequenceEncoder - [612aa73c] Writing "377. foo bar"
03:15:06.571 [XNIO-15 I/O-4] DEBUG o.s.c.c.CharSequenceEncoder - [612aa73c] Writing "378. foo bar"
03:15:06.572 [XNIO-15 I/O-4] DEBUG o.s.c.c.CharSequenceEncoder - [612aa73c] Writing "379. foo bar"
03:15:06.572 [XNIO-15 I/O-4] DEBUG o.s.c.c.CharSequenceEncoder - [612aa73c] Writing "380. foo bar"
03:15:06.572 [XNIO-15 I/O-4] DEBUG o.s.c.c.CharSequenceEncoder - [612aa73c] Writing "381. foo bar"
03:15:06.572 [XNIO-15 I/O-4] DEBUG o.s.c.c.CharSequenceEncoder - [612aa73c] Writing "382. foo bar"
03:15:06.572 [XNIO-15 I/O-4] DEBUG o.s.c.c.CharSequenceEncoder - [612aa73c] Writing "383. foo bar"
03:15:06.572 [XNIO-15 I/O-4] DEBUG o.s.c.c.CharSequenceEncoder - [612aa73c] Writing "384. foo bar"
03:15:06.572 [XNIO-15 I/O-4] DEBUG o.s.c.c.CharSequenceEncoder - [612aa73c] Writing "385. foo bar"
03:15:06.572 [XNIO-15 I/O-4] DEBUG o.s.c.c.CharSequenceEncoder - [612aa73c] Writing "386. foo bar"
03:15:06.572 [XNIO-15 I/O-4] DEBUG o.s.c.c.CharSequenceEncoder - [612aa73c] Writing "387. foo bar"
03:15:06.572 [XNIO-15 I/O-4] DEBUG o.s.c.c.CharSequenceEncoder - [612aa73c] Writing "388. foo bar"
03:15:06.572 [XNIO-15 I/O-4] DEBUG o.s.c.c.CharSequenceEncoder - [612aa73c] Writing "389. foo bar"
03:15:06.572 [XNIO-15 I/O-4] DEBUG o.s.c.c.CharSequenceEncoder - [612aa73c] Writing "390. foo bar"
03:15:06.572 [XNIO-15 I/O-4] DEBUG o.s.c.c.CharSequenceEncoder - [612aa73c] Writing "391. foo bar"
03:15:06.572 [XNIO-15 I/O-4] DEBUG o.s.c.c.CharSequenceEncoder - [612aa73c] Writing "392. foo bar"
03:15:06.572 [XNIO-15 I/O-4] DEBUG o.s.c.c.CharSequenceEncoder - [612aa73c] Writing "393. foo bar"
03:15:06.572 [XNIO-15 I/O-4] DEBUG o.s.c.c.CharSequenceEncoder - [612aa73c] Writing "394. foo bar"
03:15:06.573 [XNIO-15 I/O-4] DEBUG o.s.c.c.CharSequenceEncoder - [612aa73c] Writing "395. foo bar"
03:15:06.573 [XNIO-15 I/O-4] DEBUG o.s.c.c.CharSequenceEncoder - [612aa73c] Writing "396. foo bar"
03:15:06.573 [XNIO-15 I/O-4] DEBUG o.s.c.c.CharSequenceEncoder - [612aa73c] Writing "397. foo bar"
03:15:06.573 [XNIO-15 I/O-4] DEBUG o.s.c.c.CharSequenceEncoder - [612aa73c] Writing "398. foo bar"
03:15:06.573 [XNIO-15 I/O-4] DEBUG o.s.c.c.CharSequenceEncoder - [612aa73c] Writing "399. foo bar"
03:15:06.573 [XNIO-15 I/O-4] DEBUG o.s.c.c.CharSequenceEncoder - [612aa73c] Writing "400. foo bar"
03:15:06.573 [XNIO-15 I/O-4] DEBUG o.s.c.c.CharSequenceEncoder - [612aa73c] Writing "401. foo bar"
03:15:06.573 [XNIO-15 I/O-4] DEBUG o.s.c.c.CharSequenceEncoder - [612aa73c] Writing "402. foo bar"
03:15:06.573 [XNIO-15 I/O-4] DEBUG o.s.c.c.CharSequenceEncoder - [612aa73c] Writing "403. foo bar"
03:15:06.574 [XNIO-15 I/O-4] DEBUG o.s.c.c.CharSequenceEncoder - [612aa73c] Writing "404. foo bar"
03:15:06.574 [XNIO-15 I/O-4] DEBUG o.s.c.c.CharSequenceEncoder - [612aa73c] Writing "405. foo bar"
03:15:06.574 [XNIO-15 I/O-4] DEBUG o.s.c.c.CharSequenceEncoder - [612aa73c] Writing "406. foo bar"
03:15:06.574 [XNIO-15 I/O-4] DEBUG o.s.c.c.CharSequenceEncoder - [612aa73c] Writing "407. foo bar"
03:15:06.574 [XNIO-15 I/O-4] DEBUG o.s.c.c.CharSequenceEncoder - [612aa73c] Writing "408. foo bar"
03:15:06.574 [XNIO-15 I/O-4] DEBUG o.s.c.c.CharSequenceEncoder - [612aa73c] Writing "409. foo bar"
03:15:06.574 [XNIO-15 I/O-4] DEBUG o.s.c.c.CharSequenceEncoder - [612aa73c] Writing "410. foo bar"
03:15:06.574 [XNIO-15 I/O-4] DEBUG o.s.c.c.CharSequenceEncoder - [612aa73c] Writing "411. foo bar"
03:15:06.575 [XNIO-15 I/O-4] DEBUG o.s.c.c.CharSequenceEncoder - [612aa73c] Writing "412. foo bar"
03:15:06.575 [XNIO-15 I/O-4] DEBUG o.s.c.c.CharSequenceEncoder - [612aa73c] Writing "413. foo bar"
03:15:06.575 [XNIO-15 I/O-4] DEBUG o.s.c.c.CharSequenceEncoder - [612aa73c] Writing "414. foo bar"
03:15:06.575 [XNIO-15 I/O-4] DEBUG o.s.c.c.CharSequenceEncoder - [612aa73c] Writing "415. foo bar"
03:15:06.575 [XNIO-15 I/O-4] DEBUG o.s.c.c.CharSequenceEncoder - [612aa73c] Writing "416. foo bar"
03:15:06.575 [XNIO-15 I/O-4] DEBUG o.s.c.c.CharSequenceEncoder - [612aa73c] Writing "417. foo bar"
03:15:06.576 [XNIO-15 I/O-4] DEBUG o.s.c.c.CharSequenceEncoder - [612aa73c] Writing "418. foo bar"
03:15:06.576 [XNIO-15 I/O-4] DEBUG o.s.c.c.CharSequenceEncoder - [612aa73c] Writing "419. foo bar"
03:15:06.576 [XNIO-15 I/O-4] DEBUG o.s.c.c.CharSequenceEncoder - [612aa73c] Writing "420. foo bar"
03:15:06.576 [XNIO-15 I/O-4] DEBUG o.s.c.c.CharSequenceEncoder - [612aa73c] Writing "421. foo bar"
03:15:06.576 [XNIO-15 I/O-4] DEBUG o.s.c.c.CharSequenceEncoder - [612aa73c] Writing "422. foo bar"
03:15:06.576 [XNIO-15 I/O-4] DEBUG o.s.c.c.CharSequenceEncoder - [612aa73c] Writing "423. foo bar"
03:15:06.577 [XNIO-15 I/O-4] DEBUG o.s.c.c.CharSequenceEncoder - [612aa73c] Writing "424. foo bar"
03:15:06.577 [XNIO-15 I/O-4] DEBUG o.s.c.c.CharSequenceEncoder - [612aa73c] Writing "425. foo bar"
03:15:06.577 [XNIO-15 I/O-4] DEBUG o.s.c.c.CharSequenceEncoder - [612aa73c] Writing "426. foo bar"
03:15:06.577 [XNIO-15 I/O-4] DEBUG o.s.c.c.CharSequenceEncoder - [612aa73c] Writing "427. foo bar"
03:15:06.577 [XNIO-15 I/O-4] DEBUG o.s.c.c.CharSequenceEncoder - [612aa73c] Writing "428. foo bar"
03:15:06.577 [XNIO-15 I/O-4] DEBUG o.s.c.c.CharSequenceEncoder - [612aa73c] Writing "429. foo bar"
03:15:06.577 [XNIO-15 I/O-4] DEBUG o.s.c.c.CharSequenceEncoder - [612aa73c] Writing "430. foo bar"
03:15:06.577 [XNIO-15 I/O-4] DEBUG o.s.c.c.CharSequenceEncoder - [612aa73c] Writing "431. foo bar"
03:15:06.578 [XNIO-15 I/O-4] DEBUG o.s.c.c.CharSequenceEncoder - [612aa73c] Writing "432. foo bar"
03:15:06.578 [XNIO-15 I/O-4] DEBUG o.s.c.c.CharSequenceEncoder - [612aa73c] Writing "433. foo bar"
03:15:06.578 [XNIO-15 I/O-4] DEBUG o.s.c.c.CharSequenceEncoder - [612aa73c] Writing "434. foo bar"
03:15:06.578 [XNIO-15 I/O-4] DEBUG o.s.c.c.CharSequenceEncoder - [612aa73c] Writing "435. foo bar"
03:15:06.578 [XNIO-15 I/O-4] DEBUG o.s.c.c.CharSequenceEncoder - [612aa73c] Writing "436. foo bar"
03:15:06.578 [XNIO-15 I/O-4] DEBUG o.s.c.c.CharSequenceEncoder - [612aa73c] Writing "437. foo bar"
03:15:06.578 [XNIO-15 I/O-4] DEBUG o.s.c.c.CharSequenceEncoder - [612aa73c] Writing "438. foo bar"
03:15:06.579 [XNIO-15 I/O-4] DEBUG o.s.c.c.CharSequenceEncoder - [612aa73c] Writing "439. foo bar"
03:15:06.579 [XNIO-15 I/O-4] DEBUG o.s.c.c.CharSequenceEncoder - [612aa73c] Writing "440. foo bar"
03:15:06.579 [XNIO-15 I/O-4] DEBUG o.s.c.c.CharSequenceEncoder - [612aa73c] Writing "441. foo bar"
03:15:06.579 [XNIO-15 I/O-4] DEBUG o.s.c.c.CharSequenceEncoder - [612aa73c] Writing "442. foo bar"
03:15:06.579 [XNIO-15 I/O-4] DEBUG o.s.c.c.CharSequenceEncoder - [612aa73c] Writing "443. foo bar"
03:15:06.579 [XNIO-15 I/O-4] DEBUG o.s.c.c.CharSequenceEncoder - [612aa73c] Writing "444. foo bar"
03:15:06.579 [XNIO-15 I/O-4] DEBUG o.s.c.c.CharSequenceEncoder - [612aa73c] Writing "445. foo bar"
03:15:06.580 [XNIO-15 I/O-4] DEBUG o.s.c.c.CharSequenceEncoder - [612aa73c] Writing "446. foo bar"
03:15:06.580 [XNIO-15 I/O-4] DEBUG o.s.c.c.CharSequenceEncoder - [612aa73c] Writing "447. foo bar"
03:15:06.580 [XNIO-15 I/O-4] DEBUG o.s.c.c.CharSequenceEncoder - [612aa73c] Writing "448. foo bar"
03:15:06.580 [XNIO-15 I/O-4] DEBUG o.s.c.c.CharSequenceEncoder - [612aa73c] Writing "449. foo bar"
03:15:06.580 [XNIO-15 I/O-4] DEBUG o.s.c.c.CharSequenceEncoder - [612aa73c] Writing "450. foo bar"
03:15:06.580 [XNIO-15 I/O-4] DEBUG o.s.c.c.CharSequenceEncoder - [612aa73c] Writing "451. foo bar"
03:15:06.581 [XNIO-15 I/O-4] DEBUG o.s.c.c.CharSequenceEncoder - [612aa73c] Writing "452. foo bar"
03:15:06.581 [XNIO-15 I/O-4] DEBUG o.s.c.c.CharSequenceEncoder - [612aa73c] Writing "453. foo bar"
03:15:06.581 [XNIO-15 I/O-4] DEBUG o.s.c.c.CharSequenceEncoder - [612aa73c] Writing "454. foo bar"
03:15:06.581 [XNIO-15 I/O-4] DEBUG o.s.c.c.CharSequenceEncoder - [612aa73c] Writing "455. foo bar"
03:15:06.581 [XNIO-15 I/O-4] DEBUG o.s.c.c.CharSequenceEncoder - [612aa73c] Writing "456. foo bar"
03:15:06.581 [XNIO-15 I/O-4] DEBUG o.s.c.c.CharSequenceEncoder - [612aa73c] Writing "457. foo bar"
03:15:06.581 [XNIO-15 I/O-4] DEBUG o.s.c.c.CharSequenceEncoder - [612aa73c] Writing "458. foo bar"
03:15:06.581 [XNIO-15 I/O-4] DEBUG o.s.c.c.CharSequenceEncoder - [612aa73c] Writing "459. foo bar"
03:15:06.582 [XNIO-15 I/O-4] DEBUG o.s.c.c.CharSequenceEncoder - [612aa73c] Writing "460. foo bar"
03:15:06.582 [XNIO-15 I/O-4] DEBUG o.s.c.c.CharSequenceEncoder - [612aa73c] Writing "461. foo bar"
03:15:06.582 [XNIO-15 I/O-4] DEBUG o.s.c.c.CharSequenceEncoder - [612aa73c] Writing "462. foo bar"
03:15:06.582 [XNIO-15 I/O-4] DEBUG o.s.c.c.CharSequenceEncoder - [612aa73c] Writing "463. foo bar"
03:15:06.582 [XNIO-15 I/O-4] DEBUG o.s.c.c.CharSequenceEncoder - [612aa73c] Writing "464. foo bar"
03:15:06.582 [XNIO-15 I/O-4] DEBUG o.s.c.c.CharSequenceEncoder - [612aa73c] Writing "465. foo bar"
03:15:06.582 [XNIO-15 I/O-4] DEBUG o.s.c.c.CharSequenceEncoder - [612aa73c] Writing "466. foo bar"
03:15:06.582 [XNIO-15 I/O-4] DEBUG o.s.c.c.CharSequenceEncoder - [612aa73c] Writing "467. foo bar"
03:15:06.582 [XNIO-15 I/O-4] DEBUG o.s.c.c.CharSequenceEncoder - [612aa73c] Writing "468. foo bar"
03:15:06.583 [XNIO-15 I/O-4] DEBUG o.s.c.c.CharSequenceEncoder - [612aa73c] Writing "469. foo bar"
03:15:06.583 [XNIO-15 I/O-4] DEBUG o.s.c.c.CharSequenceEncoder - [612aa73c] Writing "470. foo bar"
03:15:06.583 [XNIO-15 I/O-4] DEBUG o.s.c.c.CharSequenceEncoder - [612aa73c] Writing "471. foo bar"
03:15:06.583 [XNIO-15 I/O-4] DEBUG o.s.c.c.CharSequenceEncoder - [612aa73c] Writing "472. foo bar"
03:15:06.583 [XNIO-15 I/O-4] DEBUG o.s.c.c.CharSequenceEncoder - [612aa73c] Writing "473. foo bar"
03:15:06.583 [XNIO-15 I/O-4] DEBUG o.s.c.c.CharSequenceEncoder - [612aa73c] Writing "474. foo bar"
03:15:06.583 [XNIO-15 I/O-4] DEBUG o.s.c.c.CharSequenceEncoder - [612aa73c] Writing "475. foo bar"
03:15:06.583 [XNIO-15 I/O-4] DEBUG o.s.c.c.CharSequenceEncoder - [612aa73c] Writing "476. foo bar"
03:15:06.583 [XNIO-15 I/O-4] DEBUG o.s.c.c.CharSequenceEncoder - [612aa73c] Writing "477. foo bar"
03:15:06.583 [XNIO-15 I/O-4] DEBUG o.s.c.c.CharSequenceEncoder - [612aa73c] Writing "478. foo bar"
03:15:06.584 [XNIO-15 I/O-4] DEBUG o.s.c.c.CharSequenceEncoder - [612aa73c] Writing "479. foo bar"
03:15:06.584 [XNIO-15 I/O-4] DEBUG o.s.c.c.CharSequenceEncoder - [612aa73c] Writing "480. foo bar"
03:15:06.584 [XNIO-15 I/O-4] DEBUG o.s.c.c.CharSequenceEncoder - [612aa73c] Writing "481. foo bar"
03:15:06.584 [XNIO-15 I/O-4] DEBUG o.s.c.c.CharSequenceEncoder - [612aa73c] Writing "482. foo bar"
03:15:06.584 [XNIO-15 I/O-4] DEBUG o.s.c.c.CharSequenceEncoder - [612aa73c] Writing "483. foo bar"
03:15:06.584 [XNIO-15 I/O-4] DEBUG o.s.c.c.CharSequenceEncoder - [612aa73c] Writing "484. foo bar"
03:15:06.584 [XNIO-15 I/O-4] DEBUG o.s.c.c.CharSequenceEncoder - [612aa73c] Writing "485. foo bar"
03:15:06.584 [XNIO-15 I/O-4] DEBUG o.s.c.c.CharSequenceEncoder - [612aa73c] Writing "486. foo bar"
03:15:06.584 [XNIO-15 I/O-4] DEBUG o.s.c.c.CharSequenceEncoder - [612aa73c] Writing "487. foo bar"
03:15:06.584 [XNIO-15 I/O-4] DEBUG o.s.c.c.CharSequenceEncoder - [612aa73c] Writing "488. foo bar"
03:15:06.587 [XNIO-15 I/O-4] DEBUG o.s.c.c.CharSequenceEncoder - [612aa73c] Writing "489. foo bar"
03:15:06.587 [XNIO-15 I/O-4] DEBUG o.s.c.c.CharSequenceEncoder - [612aa73c] Writing "490. foo bar"
03:15:06.587 [XNIO-15 I/O-4] DEBUG o.s.c.c.CharSequenceEncoder - [612aa73c] Writing "491. foo bar"
03:15:06.587 [XNIO-15 I/O-4] DEBUG o.s.c.c.CharSequenceEncoder - [612aa73c] Writing "492. foo bar"
03:15:06.588 [XNIO-15 I/O-4] DEBUG o.s.c.c.CharSequenceEncoder - [612aa73c] Writing "493. foo bar"
03:15:06.588 [XNIO-15 I/O-4] DEBUG o.s.c.c.CharSequenceEncoder - [612aa73c] Writing "494. foo bar"
03:15:06.588 [XNIO-15 I/O-4] DEBUG o.s.c.c.CharSequenceEncoder - [612aa73c] Writing "495. foo bar"
03:15:06.591 [XNIO-15 I/O-4] DEBUG o.s.c.c.CharSequenceEncoder - [612aa73c] Writing "496. foo bar"
03:15:06.591 [XNIO-15 I/O-4] DEBUG o.s.c.c.CharSequenceEncoder - [612aa73c] Writing "497. foo bar"
03:15:06.591 [XNIO-15 I/O-4] DEBUG o.s.c.c.CharSequenceEncoder - [612aa73c] Writing "498. foo bar"
03:15:06.591 [XNIO-15 I/O-4] DEBUG o.s.c.c.CharSequenceEncoder - [612aa73c] Writing "499. foo bar"
03:15:06.591 [XNIO-15 I/O-4] DEBUG o.s.c.c.CharSequenceEncoder - [612aa73c] Writing "500. foo bar"
03:15:06.591 [XNIO-15 I/O-4] DEBUG o.s.c.c.CharSequenceEncoder - [612aa73c] Writing "501. foo bar"
03:15:06.592 [XNIO-15 I/O-4] DEBUG o.s.c.c.CharSequenceEncoder - [612aa73c] Writing "502. foo bar"
03:15:06.592 [XNIO-15 I/O-4] DEBUG o.s.c.c.CharSequenceEncoder - [612aa73c] Writing "503. foo bar"
03:15:06.592 [XNIO-15 I/O-4] DEBUG o.s.c.c.CharSequenceEncoder - [612aa73c] Writing "504. foo bar"
03:15:06.592 [XNIO-15 I/O-4] DEBUG o.s.c.c.CharSequenceEncoder - [612aa73c] Writing "505. foo bar"
03:15:06.592 [XNIO-15 I/O-4] DEBUG o.s.c.c.CharSequenceEncoder - [612aa73c] Writing "506. foo bar"
03:15:06.592 [XNIO-15 I/O-4] DEBUG o.s.c.c.CharSequenceEncoder - [612aa73c] Writing "507. foo bar"
03:15:06.592 [XNIO-15 I/O-4] DEBUG o.s.c.c.CharSequenceEncoder - [612aa73c] Writing "508. foo bar"
03:15:06.592 [XNIO-15 I/O-4] DEBUG o.s.c.c.CharSequenceEncoder - [612aa73c] Writing "509. foo bar"
03:15:06.592 [XNIO-15 I/O-4] DEBUG o.s.c.c.CharSequenceEncoder - [612aa73c] Writing "510. foo bar"
03:15:06.592 [XNIO-15 I/O-4] DEBUG o.s.c.c.CharSequenceEncoder - [612aa73c] Writing "511. foo bar"
03:15:06.593 [XNIO-15 I/O-4] DEBUG o.s.c.c.CharSequenceEncoder - [612aa73c] Writing "512. foo bar"
03:15:06.593 [XNIO-15 I/O-4] DEBUG o.s.c.c.CharSequenceEncoder - [612aa73c] Writing "513. foo bar"
03:15:06.593 [XNIO-15 I/O-4] DEBUG o.s.c.c.CharSequenceEncoder - [612aa73c] Writing "514. foo bar"
03:15:06.593 [XNIO-15 I/O-4] DEBUG o.s.c.c.CharSequenceEncoder - [612aa73c] Writing "515. foo bar"
03:15:06.593 [XNIO-15 I/O-4] DEBUG o.s.c.c.CharSequenceEncoder - [612aa73c] Writing "516. foo bar"
03:15:06.593 [XNIO-15 I/O-4] DEBUG o.s.c.c.CharSequenceEncoder - [612aa73c] Writing "517. foo bar"
03:15:06.593 [XNIO-15 I/O-4] DEBUG o.s.c.c.CharSequenceEncoder - [612aa73c] Writing "518. foo bar"
03:15:06.593 [XNIO-15 I/O-4] DEBUG o.s.c.c.CharSequenceEncoder - [612aa73c] Writing "519. foo bar"
03:15:06.593 [XNIO-15 I/O-4] DEBUG o.s.c.c.CharSequenceEncoder - [612aa73c] Writing "520. foo bar"
03:15:06.593 [XNIO-15 I/O-4] DEBUG o.s.c.c.CharSequenceEncoder - [612aa73c] Writing "521. foo bar"
03:15:06.594 [XNIO-15 I/O-4] DEBUG o.s.c.c.CharSequenceEncoder - [612aa73c] Writing "522. foo bar"
03:15:06.594 [XNIO-15 I/O-4] DEBUG o.s.c.c.CharSequenceEncoder - [612aa73c] Writing "523. foo bar"
03:15:06.594 [XNIO-15 I/O-4] DEBUG o.s.c.c.CharSequenceEncoder - [612aa73c] Writing "524. foo bar"
03:15:06.594 [XNIO-15 I/O-4] DEBUG o.s.c.c.CharSequenceEncoder - [612aa73c] Writing "525. foo bar"
03:15:06.594 [XNIO-15 I/O-4] DEBUG o.s.c.c.CharSequenceEncoder - [612aa73c] Writing "526. foo bar"
03:15:06.594 [XNIO-15 I/O-4] DEBUG o.s.c.c.CharSequenceEncoder - [612aa73c] Writing "527. foo bar"
03:15:06.594 [XNIO-15 I/O-4] DEBUG o.s.c.c.CharSequenceEncoder - [612aa73c] Writing "528. foo bar"
03:15:06.594 [XNIO-15 I/O-4] DEBUG o.s.c.c.CharSequenceEncoder - [612aa73c] Writing "529. foo bar"
03:15:06.594 [XNIO-15 I/O-4] DEBUG o.s.c.c.CharSequenceEncoder - [612aa73c] Writing "530. foo bar"
03:15:06.594 [XNIO-15 I/O-4] DEBUG o.s.c.c.CharSequenceEncoder - [612aa73c] Writing "531. foo bar"
03:15:06.594 [XNIO-15 I/O-4] DEBUG o.s.c.c.CharSequenceEncoder - [612aa73c] Writing "532. foo bar"
03:15:06.595 [XNIO-15 I/O-4] DEBUG o.s.c.c.CharSequenceEncoder - [612aa73c] Writing "533. foo bar"
03:15:06.595 [XNIO-15 I/O-4] DEBUG o.s.c.c.CharSequenceEncoder - [612aa73c] Writing "534. foo bar"
03:15:06.595 [XNIO-15 I/O-4] DEBUG o.s.c.c.CharSequenceEncoder - [612aa73c] Writing "535. foo bar"
03:15:06.595 [XNIO-15 I/O-4] DEBUG o.s.c.c.CharSequenceEncoder - [612aa73c] Writing "536. foo bar"
03:15:06.595 [XNIO-15 I/O-4] DEBUG o.s.c.c.CharSequenceEncoder - [612aa73c] Writing "537. foo bar"
03:15:06.595 [XNIO-15 I/O-4] DEBUG o.s.c.c.CharSequenceEncoder - [612aa73c] Writing "538. foo bar"
03:15:06.595 [XNIO-15 I/O-4] DEBUG o.s.c.c.CharSequenceEncoder - [612aa73c] Writing "539. foo bar"
03:15:06.595 [XNIO-15 I/O-4] DEBUG o.s.c.c.CharSequenceEncoder - [612aa73c] Writing "540. foo bar"
03:15:06.595 [XNIO-15 I/O-4] DEBUG o.s.c.c.CharSequenceEncoder - [612aa73c] Writing "541. foo bar"
03:15:06.595 [XNIO-15 I/O-4] DEBUG o.s.c.c.CharSequenceEncoder - [612aa73c] Writing "542. foo bar"
03:15:06.596 [XNIO-15 I/O-4] DEBUG o.s.c.c.CharSequenceEncoder - [612aa73c] Writing "543. foo bar"
03:15:06.596 [XNIO-15 I/O-4] DEBUG o.s.c.c.CharSequenceEncoder - [612aa73c] Writing "544. foo bar"
03:15:06.596 [XNIO-15 I/O-4] DEBUG o.s.c.c.CharSequenceEncoder - [612aa73c] Writing "545. foo bar"
03:15:06.596 [XNIO-15 I/O-4] DEBUG o.s.c.c.CharSequenceEncoder - [612aa73c] Writing "546. foo bar"
03:15:06.596 [XNIO-15 I/O-4] DEBUG o.s.c.c.CharSequenceEncoder - [612aa73c] Writing "547. foo bar"
03:15:06.596 [XNIO-15 I/O-4] DEBUG o.s.c.c.CharSequenceEncoder - [612aa73c] Writing "548. foo bar"
03:15:06.596 [XNIO-15 I/O-4] DEBUG o.s.c.c.CharSequenceEncoder - [612aa73c] Writing "549. foo bar"
03:15:06.596 [XNIO-15 I/O-4] DEBUG o.s.c.c.CharSequenceEncoder - [612aa73c] Writing "550. foo bar"
03:15:06.596 [XNIO-15 I/O-4] DEBUG o.s.c.c.CharSequenceEncoder - [612aa73c] Writing "551. foo bar"
03:15:06.597 [XNIO-15 I/O-4] DEBUG o.s.c.c.CharSequenceEncoder - [612aa73c] Writing "552. foo bar"
03:15:06.597 [XNIO-15 I/O-4] DEBUG o.s.c.c.CharSequenceEncoder - [612aa73c] Writing "553. foo bar"
03:15:06.597 [XNIO-15 I/O-4] DEBUG o.s.c.c.CharSequenceEncoder - [612aa73c] Writing "554. foo bar"
03:15:06.597 [XNIO-15 I/O-4] DEBUG o.s.c.c.CharSequenceEncoder - [612aa73c] Writing "555. foo bar"
03:15:06.597 [XNIO-15 I/O-4] DEBUG o.s.c.c.CharSequenceEncoder - [612aa73c] Writing "556. foo bar"
03:15:06.597 [XNIO-15 I/O-4] DEBUG o.s.c.c.CharSequenceEncoder - [612aa73c] Writing "557. foo bar"
03:15:06.597 [XNIO-15 I/O-4] DEBUG o.s.c.c.CharSequenceEncoder - [612aa73c] Writing "558. foo bar"
03:15:06.597 [XNIO-15 I/O-4] DEBUG o.s.c.c.CharSequenceEncoder - [612aa73c] Writing "559. foo bar"
03:15:06.597 [XNIO-15 I/O-4] DEBUG o.s.c.c.CharSequenceEncoder - [612aa73c] Writing "560. foo bar"
03:15:06.598 [XNIO-15 I/O-4] DEBUG o.s.c.c.CharSequenceEncoder - [612aa73c] Writing "561. foo bar"
03:15:06.598 [XNIO-15 I/O-4] DEBUG o.s.c.c.CharSequenceEncoder - [612aa73c] Writing "562. foo bar"
03:15:06.598 [XNIO-15 I/O-4] DEBUG o.s.c.c.CharSequenceEncoder - [612aa73c] Writing "563. foo bar"
03:15:06.598 [XNIO-15 I/O-4] DEBUG o.s.c.c.CharSequenceEncoder - [612aa73c] Writing "564. foo bar"
03:15:06.598 [XNIO-15 I/O-4] DEBUG o.s.c.c.CharSequenceEncoder - [612aa73c] Writing "565. foo bar"
03:15:06.598 [XNIO-15 I/O-4] DEBUG o.s.c.c.CharSequenceEncoder - [612aa73c] Writing "566. foo bar"
03:15:06.598 [XNIO-15 I/O-4] DEBUG o.s.c.c.CharSequenceEncoder - [612aa73c] Writing "567. foo bar"
03:15:06.599 [XNIO-15 I/O-4] DEBUG o.s.c.c.CharSequenceEncoder - [612aa73c] Writing "568. foo bar"
03:15:06.599 [XNIO-15 I/O-4] DEBUG o.s.c.c.CharSequenceEncoder - [612aa73c] Writing "569. foo bar"
03:15:06.599 [XNIO-15 I/O-4] DEBUG o.s.c.c.CharSequenceEncoder - [612aa73c] Writing "570. foo bar"
03:15:06.599 [XNIO-15 I/O-4] DEBUG o.s.c.c.CharSequenceEncoder - [612aa73c] Writing "571. foo bar"
03:15:06.599 [XNIO-15 I/O-4] DEBUG o.s.c.c.CharSequenceEncoder - [612aa73c] Writing "572. foo bar"
03:15:06.599 [XNIO-15 I/O-4] DEBUG o.s.c.c.CharSequenceEncoder - [612aa73c] Writing "573. foo bar"
03:15:06.599 [XNIO-15 I/O-4] DEBUG o.s.c.c.CharSequenceEncoder - [612aa73c] Writing "574. foo bar"
03:15:06.599 [XNIO-15 I/O-4] DEBUG o.s.c.c.CharSequenceEncoder - [612aa73c] Writing "575. foo bar"
03:15:06.599 [XNIO-15 I/O-4] DEBUG o.s.c.c.CharSequenceEncoder - [612aa73c] Writing "576. foo bar"
03:15:06.600 [XNIO-15 I/O-4] DEBUG o.s.c.c.CharSequenceEncoder - [612aa73c] Writing "577. foo bar"
03:15:06.600 [XNIO-15 I/O-4] DEBUG o.s.c.c.CharSequenceEncoder - [612aa73c] Writing "578. foo bar"
03:15:06.600 [XNIO-15 I/O-4] DEBUG o.s.c.c.CharSequenceEncoder - [612aa73c] Writing "579. foo bar"
03:15:06.600 [XNIO-15 I/O-4] DEBUG o.s.c.c.CharSequenceEncoder - [612aa73c] Writing "580. foo bar"
03:15:06.600 [XNIO-15 I/O-4] DEBUG o.s.c.c.CharSequenceEncoder - [612aa73c] Writing "581. foo bar"
03:15:06.600 [XNIO-15 I/O-4] DEBUG o.s.c.c.CharSequenceEncoder - [612aa73c] Writing "582. foo bar"
03:15:06.600 [XNIO-15 I/O-4] DEBUG o.s.c.c.CharSequenceEncoder - [612aa73c] Writing "583. foo bar"
03:15:06.600 [XNIO-15 I/O-4] DEBUG o.s.c.c.CharSequenceEncoder - [612aa73c] Writing "584. foo bar"
03:15:06.600 [XNIO-15 I/O-4] DEBUG o.s.c.c.CharSequenceEncoder - [612aa73c] Writing "585. foo bar"
03:15:06.600 [XNIO-15 I/O-4] DEBUG o.s.c.c.CharSequenceEncoder - [612aa73c] Writing "586. foo bar"
03:15:06.601 [XNIO-15 I/O-4] DEBUG o.s.c.c.CharSequenceEncoder - [612aa73c] Writing "587. foo bar"
03:15:06.601 [XNIO-15 I/O-4] DEBUG o.s.c.c.CharSequenceEncoder - [612aa73c] Writing "588. foo bar"
03:15:06.601 [XNIO-15 I/O-4] DEBUG o.s.c.c.CharSequenceEncoder - [612aa73c] Writing "589. foo bar"
03:15:06.601 [XNIO-15 I/O-4] DEBUG o.s.c.c.CharSequenceEncoder - [612aa73c] Writing "590. foo bar"
03:15:06.601 [XNIO-15 I/O-4] DEBUG o.s.c.c.CharSequenceEncoder - [612aa73c] Writing "591. foo bar"
03:15:06.601 [XNIO-15 I/O-4] DEBUG o.s.c.c.CharSequenceEncoder - [612aa73c] Writing "592. foo bar"
03:15:06.601 [XNIO-15 I/O-4] DEBUG o.s.c.c.CharSequenceEncoder - [612aa73c] Writing "593. foo bar"
03:15:06.601 [XNIO-15 I/O-4] DEBUG o.s.c.c.CharSequenceEncoder - [612aa73c] Writing "594. foo bar"
03:15:06.601 [XNIO-15 I/O-4] DEBUG o.s.c.c.CharSequenceEncoder - [612aa73c] Writing "595. foo bar"
03:15:06.601 [XNIO-15 I/O-4] DEBUG o.s.c.c.CharSequenceEncoder - [612aa73c] Writing "596. foo bar"
03:15:06.602 [XNIO-15 I/O-4] DEBUG o.s.c.c.CharSequenceEncoder - [612aa73c] Writing "597. foo bar"
03:15:06.602 [XNIO-15 I/O-4] DEBUG o.s.c.c.CharSequenceEncoder - [612aa73c] Writing "598. foo bar"
03:15:06.602 [XNIO-15 I/O-4] DEBUG o.s.c.c.CharSequenceEncoder - [612aa73c] Writing "599. foo bar"
03:15:06.602 [XNIO-15 I/O-4] DEBUG o.s.c.c.CharSequenceEncoder - [612aa73c] Writing "600. foo bar"
03:15:06.602 [XNIO-15 I/O-4] DEBUG o.s.c.c.CharSequenceEncoder - [612aa73c] Writing "601. foo bar"
03:15:06.602 [XNIO-15 I/O-4] DEBUG o.s.c.c.CharSequenceEncoder - [612aa73c] Writing "602. foo bar"
03:15:06.602 [XNIO-15 I/O-4] DEBUG o.s.c.c.CharSequenceEncoder - [612aa73c] Writing "603. foo bar"
03:15:06.602 [XNIO-15 I/O-4] DEBUG o.s.c.c.CharSequenceEncoder - [612aa73c] Writing "604. foo bar"
03:15:06.602 [XNIO-15 I/O-4] DEBUG o.s.c.c.CharSequenceEncoder - [612aa73c] Writing "605. foo bar"
03:15:06.602 [XNIO-15 I/O-4] DEBUG o.s.c.c.CharSequenceEncoder - [612aa73c] Writing "606. foo bar"
03:15:06.602 [XNIO-15 I/O-4] DEBUG o.s.c.c.CharSequenceEncoder - [612aa73c] Writing "607. foo bar"
03:15:06.603 [XNIO-15 I/O-4] DEBUG o.s.c.c.CharSequenceEncoder - [612aa73c] Writing "608. foo bar"
03:15:06.603 [XNIO-15 I/O-4] DEBUG o.s.c.c.CharSequenceEncoder - [612aa73c] Writing "609. foo bar"
03:15:06.603 [XNIO-15 I/O-4] DEBUG o.s.c.c.CharSequenceEncoder - [612aa73c] Writing "610. foo bar"
03:15:06.603 [XNIO-15 I/O-4] DEBUG o.s.c.c.CharSequenceEncoder - [612aa73c] Writing "611. foo bar"
03:15:06.603 [XNIO-15 I/O-4] DEBUG o.s.c.c.CharSequenceEncoder - [612aa73c] Writing "612. foo bar"
03:15:06.603 [XNIO-15 I/O-4] DEBUG o.s.c.c.CharSequenceEncoder - [612aa73c] Writing "613. foo bar"
03:15:06.603 [XNIO-15 I/O-4] DEBUG o.s.c.c.CharSequenceEncoder - [612aa73c] Writing "614. foo bar"
03:15:06.603 [XNIO-15 I/O-4] DEBUG o.s.c.c.CharSequenceEncoder - [612aa73c] Writing "615. foo bar"
03:15:06.603 [XNIO-15 I/O-4] DEBUG o.s.c.c.CharSequenceEncoder - [612aa73c] Writing "616. foo bar"
03:15:06.603 [XNIO-15 I/O-4] DEBUG o.s.c.c.CharSequenceEncoder - [612aa73c] Writing "617. foo bar"
03:15:06.604 [XNIO-15 I/O-4] DEBUG o.s.c.c.CharSequenceEncoder - [612aa73c] Writing "618. foo bar"
03:15:06.604 [XNIO-15 I/O-4] DEBUG o.s.c.c.CharSequenceEncoder - [612aa73c] Writing "619. foo bar"
03:15:06.604 [XNIO-15 I/O-4] DEBUG o.s.c.c.CharSequenceEncoder - [612aa73c] Writing "620. foo bar"
03:15:06.604 [XNIO-15 I/O-4] DEBUG o.s.c.c.CharSequenceEncoder - [612aa73c] Writing "621. foo bar"
03:15:06.604 [XNIO-15 I/O-4] DEBUG o.s.c.c.CharSequenceEncoder - [612aa73c] Writing "622. foo bar"
03:15:06.604 [XNIO-15 I/O-4] DEBUG o.s.c.c.CharSequenceEncoder - [612aa73c] Writing "623. foo bar"
03:15:06.604 [XNIO-15 I/O-4] DEBUG o.s.c.c.CharSequenceEncoder - [612aa73c] Writing "624. foo bar"
03:15:06.604 [XNIO-15 I/O-4] DEBUG o.s.c.c.CharSequenceEncoder - [612aa73c] Writing "625. foo bar"
03:15:06.604 [XNIO-15 I/O-4] DEBUG o.s.c.c.CharSequenceEncoder - [612aa73c] Writing "626. foo bar"
03:15:06.604 [XNIO-15 I/O-4] DEBUG o.s.c.c.CharSequenceEncoder - [612aa73c] Writing "627. foo bar"
03:15:06.604 [XNIO-15 I/O-4] DEBUG o.s.c.c.CharSequenceEncoder - [612aa73c] Writing "628. foo bar"
03:15:06.605 [XNIO-15 I/O-4] DEBUG o.s.c.c.CharSequenceEncoder - [612aa73c] Writing "629. foo bar"
03:15:06.605 [XNIO-15 I/O-4] DEBUG o.s.c.c.CharSequenceEncoder - [612aa73c] Writing "630. foo bar"
03:15:06.605 [XNIO-15 I/O-4] DEBUG o.s.c.c.CharSequenceEncoder - [612aa73c] Writing "631. foo bar"
03:15:06.605 [XNIO-15 I/O-4] DEBUG o.s.c.c.CharSequenceEncoder - [612aa73c] Writing "632. foo bar"
03:15:06.605 [XNIO-15 I/O-4] DEBUG o.s.c.c.CharSequenceEncoder - [612aa73c] Writing "633. foo bar"
03:15:06.605 [XNIO-15 I/O-4] DEBUG o.s.c.c.CharSequenceEncoder - [612aa73c] Writing "634. foo bar"
03:15:06.605 [XNIO-15 I/O-4] DEBUG o.s.c.c.CharSequenceEncoder - [612aa73c] Writing "635. foo bar"
03:15:06.605 [XNIO-15 I/O-4] DEBUG o.s.c.c.CharSequenceEncoder - [612aa73c] Writing "636. foo bar"
03:15:06.605 [XNIO-15 I/O-4] DEBUG o.s.c.c.CharSequenceEncoder - [612aa73c] Writing "637. foo bar"
03:15:06.605 [XNIO-15 I/O-4] DEBUG o.s.c.c.CharSequenceEncoder - [612aa73c] Writing "638. foo bar"
03:15:06.606 [XNIO-15 I/O-4] DEBUG o.s.c.c.CharSequenceEncoder - [612aa73c] Writing "639. foo bar"
03:15:06.606 [XNIO-15 I/O-4] DEBUG o.s.c.c.CharSequenceEncoder - [612aa73c] Writing "640. foo bar"
03:15:06.606 [XNIO-15 I/O-4] DEBUG o.s.c.c.CharSequenceEncoder - [612aa73c] Writing "641. foo bar"
03:15:06.606 [XNIO-15 I/O-4] DEBUG o.s.c.c.CharSequenceEncoder - [612aa73c] Writing "642. foo bar"
03:15:06.606 [XNIO-15 I/O-4] DEBUG o.s.c.c.CharSequenceEncoder - [612aa73c] Writing "643. foo bar"
03:15:06.606 [XNIO-15 I/O-4] DEBUG o.s.c.c.CharSequenceEncoder - [612aa73c] Writing "644. foo bar"
03:15:06.606 [XNIO-15 I/O-4] DEBUG o.s.c.c.CharSequenceEncoder - [612aa73c] Writing "645. foo bar"
03:15:06.606 [XNIO-15 I/O-4] DEBUG o.s.c.c.CharSequenceEncoder - [612aa73c] Writing "646. foo bar"
03:15:06.606 [XNIO-15 I/O-4] DEBUG o.s.c.c.CharSequenceEncoder - [612aa73c] Writing "647. foo bar"
03:15:06.606 [XNIO-15 I/O-4] DEBUG o.s.c.c.CharSequenceEncoder - [612aa73c] Writing "648. foo bar"
03:15:06.607 [XNIO-15 I/O-4] DEBUG o.s.c.c.CharSequenceEncoder - [612aa73c] Writing "649. foo bar"
03:15:06.607 [XNIO-15 I/O-4] DEBUG o.s.c.c.CharSequenceEncoder - [612aa73c] Writing "650. foo bar"
03:15:06.607 [XNIO-15 I/O-4] DEBUG o.s.c.c.CharSequenceEncoder - [612aa73c] Writing "651. foo bar"
03:15:06.607 [XNIO-15 I/O-4] DEBUG o.s.c.c.CharSequenceEncoder - [612aa73c] Writing "652. foo bar"
03:15:06.607 [XNIO-15 I/O-4] DEBUG o.s.c.c.CharSequenceEncoder - [612aa73c] Writing "653. foo bar"
03:15:06.607 [XNIO-15 I/O-4] DEBUG o.s.c.c.CharSequenceEncoder - [612aa73c] Writing "654. foo bar"
03:15:06.607 [XNIO-15 I/O-4] DEBUG o.s.c.c.CharSequenceEncoder - [612aa73c] Writing "655. foo bar"
03:15:06.607 [XNIO-15 I/O-4] DEBUG o.s.c.c.CharSequenceEncoder - [612aa73c] Writing "656. foo bar"
03:15:06.607 [XNIO-15 I/O-4] DEBUG o.s.c.c.CharSequenceEncoder - [612aa73c] Writing "657. foo bar"
03:15:06.646 [XNIO-15 I/O-4] DEBUG o.s.c.c.CharSequenceEncoder - [612aa73c] Writing "658. foo bar"
03:15:06.647 [XNIO-15 I/O-4] DEBUG o.s.c.c.CharSequenceEncoder - [612aa73c] Writing "659. foo bar"
03:15:06.647 [XNIO-15 I/O-4] DEBUG o.s.c.c.CharSequenceEncoder - [612aa73c] Writing "660. foo bar"
03:15:06.647 [XNIO-15 I/O-4] DEBUG o.s.c.c.CharSequenceEncoder - [612aa73c] Writing "661. foo bar"
03:15:06.647 [XNIO-15 I/O-4] DEBUG o.s.c.c.CharSequenceEncoder - [612aa73c] Writing "662. foo bar"
03:15:06.647 [XNIO-15 I/O-4] DEBUG o.s.c.c.CharSequenceEncoder - [612aa73c] Writing "663. foo bar"
03:15:06.647 [XNIO-15 I/O-4] DEBUG o.s.c.c.CharSequenceEncoder - [612aa73c] Writing "664. foo bar"
03:15:06.647 [XNIO-15 I/O-4] DEBUG o.s.c.c.CharSequenceEncoder - [612aa73c] Writing "665. foo bar"
03:15:06.652 [XNIO-15 I/O-4] DEBUG o.s.c.c.CharSequenceEncoder - [612aa73c] Writing "666. foo bar"
03:15:06.653 [XNIO-15 I/O-4] DEBUG o.s.c.c.CharSequenceEncoder - [612aa73c] Writing "667. foo bar"
03:15:06.653 [XNIO-15 I/O-4] DEBUG o.s.c.c.CharSequenceEncoder - [612aa73c] Writing "668. foo bar"
03:15:06.653 [XNIO-15 I/O-4] DEBUG o.s.c.c.CharSequenceEncoder - [612aa73c] Writing "669. foo bar"
03:15:06.653 [XNIO-15 I/O-4] DEBUG o.s.c.c.CharSequenceEncoder - [612aa73c] Writing "670. foo bar"
03:15:06.653 [XNIO-15 I/O-4] DEBUG o.s.c.c.CharSequenceEncoder - [612aa73c] Writing "671. foo bar"
03:15:06.654 [XNIO-15 I/O-4] DEBUG o.s.c.c.CharSequenceEncoder - [612aa73c] Writing "672. foo bar"
03:15:06.654 [XNIO-15 I/O-4] DEBUG o.s.c.c.CharSequenceEncoder - [612aa73c] Writing "673. foo bar"
03:15:06.654 [XNIO-15 I/O-4] DEBUG o.s.c.c.CharSequenceEncoder - [612aa73c] Writing "674. foo bar"
03:15:06.655 [XNIO-15 I/O-4] DEBUG o.s.c.c.CharSequenceEncoder - [612aa73c] Writing "675. foo bar"
03:15:06.655 [XNIO-15 I/O-4] DEBUG o.s.c.c.CharSequenceEncoder - [612aa73c] Writing "676. foo bar"
03:15:06.655 [XNIO-15 I/O-4] DEBUG o.s.c.c.CharSequenceEncoder - [612aa73c] Writing "677. foo bar"
03:15:06.655 [XNIO-15 I/O-4] DEBUG o.s.c.c.CharSequenceEncoder - [612aa73c] Writing "678. foo bar"
03:15:06.656 [XNIO-15 I/O-4] DEBUG o.s.c.c.CharSequenceEncoder - [612aa73c] Writing "679. foo bar"
03:15:06.656 [XNIO-15 I/O-4] DEBUG o.s.c.c.CharSequenceEncoder - [612aa73c] Writing "680. foo bar"
03:15:06.656 [XNIO-15 I/O-4] DEBUG o.s.c.c.CharSequenceEncoder - [612aa73c] Writing "681. foo bar"
03:15:06.656 [XNIO-15 I/O-4] DEBUG o.s.c.c.CharSequenceEncoder - [612aa73c] Writing "682. foo bar"
03:15:06.656 [XNIO-15 I/O-4] DEBUG o.s.c.c.CharSequenceEncoder - [612aa73c] Writing "683. foo bar"
03:15:06.657 [XNIO-15 I/O-4] DEBUG o.s.c.c.CharSequenceEncoder - [612aa73c] Writing "684. foo bar"
03:15:06.657 [XNIO-15 I/O-4] DEBUG o.s.c.c.CharSequenceEncoder - [612aa73c] Writing "685. foo bar"
03:15:06.657 [XNIO-15 I/O-4] DEBUG o.s.c.c.CharSequenceEncoder - [612aa73c] Writing "686. foo bar"
03:15:06.657 [XNIO-15 I/O-4] DEBUG o.s.c.c.CharSequenceEncoder - [612aa73c] Writing "687. foo bar"
03:15:06.659 [XNIO-15 I/O-4] DEBUG o.s.c.c.CharSequenceEncoder - [612aa73c] Writing "688. foo bar"
03:15:06.659 [XNIO-15 I/O-4] DEBUG o.s.c.c.CharSequenceEncoder - [612aa73c] Writing "689. foo bar"
03:15:06.660 [XNIO-15 I/O-4] DEBUG o.s.c.c.CharSequenceEncoder - [612aa73c] Writing "690. foo bar"
03:15:06.660 [XNIO-15 I/O-4] DEBUG o.s.c.c.CharSequenceEncoder - [612aa73c] Writing "691. foo bar"
03:15:06.660 [XNIO-15 I/O-4] DEBUG o.s.c.c.CharSequenceEncoder - [612aa73c] Writing "692. foo bar"
03:15:06.660 [XNIO-15 I/O-4] DEBUG o.s.c.c.CharSequenceEncoder - [612aa73c] Writing "693. foo bar"
03:15:06.661 [XNIO-15 I/O-4] DEBUG o.s.c.c.CharSequenceEncoder - [612aa73c] Writing "694. foo bar"
03:15:06.661 [XNIO-15 I/O-4] DEBUG o.s.c.c.CharSequenceEncoder - [612aa73c] Writing "695. foo bar"
03:15:06.661 [XNIO-15 I/O-4] DEBUG o.s.c.c.CharSequenceEncoder - [612aa73c] Writing "696. foo bar"
03:15:06.661 [XNIO-15 I/O-4] DEBUG o.s.c.c.CharSequenceEncoder - [612aa73c] Writing "697. foo bar"
03:15:06.663 [XNIO-15 I/O-4] DEBUG o.s.c.c.CharSequenceEncoder - [612aa73c] Writing "698. foo bar"
03:15:06.674 [XNIO-15 I/O-4] DEBUG o.s.c.c.CharSequenceEncoder - [612aa73c] Writing "699. foo bar"
03:15:06.674 [XNIO-15 I/O-4] DEBUG o.s.c.c.CharSequenceEncoder - [612aa73c] Writing "700. foo bar"
03:15:06.675 [XNIO-15 I/O-4] DEBUG o.s.c.c.CharSequenceEncoder - [612aa73c] Writing "701. foo bar"
03:15:06.676 [XNIO-15 I/O-4] DEBUG o.s.c.c.CharSequenceEncoder - [612aa73c] Writing "702. foo bar"
03:15:06.676 [XNIO-15 I/O-4] DEBUG o.s.c.c.CharSequenceEncoder - [612aa73c] Writing "703. foo bar"
03:15:06.677 [XNIO-15 I/O-4] DEBUG o.s.c.c.CharSequenceEncoder - [612aa73c] Writing "704. foo bar"
03:15:06.677 [XNIO-15 I/O-4] DEBUG o.s.c.c.CharSequenceEncoder - [612aa73c] Writing "705. foo bar"
03:15:06.677 [XNIO-15 I/O-4] DEBUG o.s.c.c.CharSequenceEncoder - [612aa73c] Writing "706. foo bar"
03:15:06.678 [XNIO-15 I/O-4] DEBUG o.s.c.c.CharSequenceEncoder - [612aa73c] Writing "707. foo bar"
03:15:06.678 [XNIO-15 I/O-4] DEBUG o.s.c.c.CharSequenceEncoder - [612aa73c] Writing "708. foo bar"
03:15:06.678 [XNIO-15 I/O-4] DEBUG o.s.c.c.CharSequenceEncoder - [612aa73c] Writing "709. foo bar"
03:15:06.679 [XNIO-15 I/O-4] DEBUG o.s.c.c.CharSequenceEncoder - [612aa73c] Writing "710. foo bar"
03:15:06.679 [XNIO-15 I/O-4] DEBUG o.s.c.c.CharSequenceEncoder - [612aa73c] Writing "711. foo bar"
03:15:06.679 [XNIO-15 I/O-4] DEBUG o.s.c.c.CharSequenceEncoder - [612aa73c] Writing "712. foo bar"
03:15:06.680 [XNIO-15 I/O-4] DEBUG o.s.c.c.CharSequenceEncoder - [612aa73c] Writing "713. foo bar"
03:15:06.680 [XNIO-15 I/O-4] DEBUG o.s.c.c.CharSequenceEncoder - [612aa73c] Writing "714. foo bar"
03:15:06.682 [XNIO-15 I/O-4] DEBUG o.s.c.c.CharSequenceEncoder - [612aa73c] Writing "715. foo bar"
03:15:06.683 [XNIO-15 I/O-4] DEBUG o.s.c.c.CharSequenceEncoder - [612aa73c] Writing "716. foo bar"
03:15:06.683 [XNIO-15 I/O-4] DEBUG o.s.c.c.CharSequenceEncoder - [612aa73c] Writing "717. foo bar"
03:15:06.684 [XNIO-15 I/O-4] DEBUG o.s.c.c.CharSequenceEncoder - [612aa73c] Writing "718. foo bar"
03:15:06.684 [XNIO-15 I/O-4] DEBUG o.s.c.c.CharSequenceEncoder - [612aa73c] Writing "719. foo bar"
03:15:06.684 [XNIO-15 I/O-4] DEBUG o.s.c.c.CharSequenceEncoder - [612aa73c] Writing "720. foo bar"
03:15:06.685 [XNIO-15 I/O-4] DEBUG o.s.c.c.CharSequenceEncoder - [612aa73c] Writing "721. foo bar"
03:15:06.685 [XNIO-15 I/O-4] DEBUG o.s.c.c.CharSequenceEncoder - [612aa73c] Writing "722. foo bar"
03:15:06.685 [XNIO-15 I/O-4] DEBUG o.s.c.c.CharSequenceEncoder - [612aa73c] Writing "723. foo bar"
03:15:06.686 [XNIO-15 I/O-4] DEBUG o.s.c.c.CharSequenceEncoder - [612aa73c] Writing "724. foo bar"
03:15:06.686 [XNIO-15 I/O-4] DEBUG o.s.c.c.CharSequenceEncoder - [612aa73c] Writing "725. foo bar"
03:15:06.686 [XNIO-15 I/O-4] DEBUG o.s.c.c.CharSequenceEncoder - [612aa73c] Writing "726. foo bar"
03:15:06.687 [XNIO-15 I/O-4] DEBUG o.s.c.c.CharSequenceEncoder - [612aa73c] Writing "727. foo bar"
03:15:06.687 [XNIO-15 I/O-4] DEBUG o.s.c.c.CharSequenceEncoder - [612aa73c] Writing "728. foo bar"
03:15:06.688 [XNIO-15 I/O-4] DEBUG o.s.c.c.CharSequenceEncoder - [612aa73c] Writing "729. foo bar"
03:15:06.688 [XNIO-15 I/O-4] DEBUG o.s.c.c.CharSequenceEncoder - [612aa73c] Writing "730. foo bar"
03:15:06.688 [XNIO-15 I/O-4] DEBUG o.s.c.c.CharSequenceEncoder - [612aa73c] Writing "731. foo bar"
03:15:06.689 [XNIO-15 I/O-4] DEBUG o.s.c.c.CharSequenceEncoder - [612aa73c] Writing "732. foo bar"
03:15:06.689 [XNIO-15 I/O-4] DEBUG o.s.c.c.CharSequenceEncoder - [612aa73c] Writing "733. foo bar"
03:15:06.689 [XNIO-15 I/O-4] DEBUG o.s.c.c.CharSequenceEncoder - [612aa73c] Writing "734. foo bar"
03:15:06.690 [XNIO-15 I/O-4] DEBUG o.s.c.c.CharSequenceEncoder - [612aa73c] Writing "735. foo bar"
03:15:06.690 [XNIO-15 I/O-4] DEBUG o.s.c.c.CharSequenceEncoder - [612aa73c] Writing "736. foo bar"
03:15:06.690 [XNIO-15 I/O-4] DEBUG o.s.c.c.CharSequenceEncoder - [612aa73c] Writing "737. foo bar"
03:15:06.691 [XNIO-15 I/O-4] DEBUG o.s.c.c.CharSequenceEncoder - [612aa73c] Writing "738. foo bar"
03:15:06.691 [XNIO-15 I/O-4] DEBUG o.s.c.c.CharSequenceEncoder - [612aa73c] Writing "739. foo bar"
03:15:06.691 [XNIO-15 I/O-4] DEBUG o.s.c.c.CharSequenceEncoder - [612aa73c] Writing "740. foo bar"
03:15:06.692 [XNIO-15 I/O-4] DEBUG o.s.c.c.CharSequenceEncoder - [612aa73c] Writing "741. foo bar"
03:15:06.692 [XNIO-15 I/O-4] DEBUG o.s.c.c.CharSequenceEncoder - [612aa73c] Writing "742. foo bar"
03:15:06.692 [XNIO-15 I/O-4] DEBUG o.s.c.c.CharSequenceEncoder - [612aa73c] Writing "743. foo bar"
03:15:06.693 [XNIO-15 I/O-4] DEBUG o.s.c.c.CharSequenceEncoder - [612aa73c] Writing "744. foo bar"
03:15:06.693 [XNIO-15 I/O-4] DEBUG o.s.c.c.CharSequenceEncoder - [612aa73c] Writing "745. foo bar"
03:15:06.693 [XNIO-15 I/O-4] DEBUG o.s.c.c.CharSequenceEncoder - [612aa73c] Writing "746. foo bar"
03:15:06.694 [XNIO-15 I/O-4] DEBUG o.s.c.c.CharSequenceEncoder - [612aa73c] Writing "747. foo bar"
03:15:06.694 [XNIO-15 I/O-4] DEBUG o.s.c.c.CharSequenceEncoder - [612aa73c] Writing "748. foo bar"
03:15:06.694 [XNIO-15 I/O-4] DEBUG o.s.c.c.CharSequenceEncoder - [612aa73c] Writing "749. foo bar"
03:15:06.695 [XNIO-15 I/O-4] DEBUG o.s.c.c.CharSequenceEncoder - [612aa73c] Writing "750. foo bar"
03:15:06.695 [XNIO-15 I/O-4] DEBUG o.s.c.c.CharSequenceEncoder - [612aa73c] Writing "751. foo bar"
03:15:06.695 [XNIO-15 I/O-4] DEBUG o.s.c.c.CharSequenceEncoder - [612aa73c] Writing "752. foo bar"
03:15:06.695 [XNIO-15 I/O-4] DEBUG o.s.c.c.CharSequenceEncoder - [612aa73c] Writing "753. foo bar"
03:15:06.696 [XNIO-15 I/O-4] DEBUG o.s.c.c.CharSequenceEncoder - [612aa73c] Writing "754. foo bar"
03:15:06.696 [XNIO-15 I/O-4] DEBUG o.s.c.c.CharSequenceEncoder - [612aa73c] Writing "755. foo bar"
03:15:06.696 [XNIO-15 I/O-4] DEBUG o.s.c.c.CharSequenceEncoder - [612aa73c] Writing "756. foo bar"
03:15:06.697 [XNIO-15 I/O-4] DEBUG o.s.c.c.CharSequenceEncoder - [612aa73c] Writing "757. foo bar"
03:15:06.697 [XNIO-15 I/O-4] DEBUG o.s.c.c.CharSequenceEncoder - [612aa73c] Writing "758. foo bar"
03:15:06.697 [XNIO-15 I/O-4] DEBUG o.s.c.c.CharSequenceEncoder - [612aa73c] Writing "759. foo bar"
03:15:06.698 [XNIO-15 I/O-4] DEBUG o.s.c.c.CharSequenceEncoder - [612aa73c] Writing "760. foo bar"
03:15:06.698 [XNIO-15 I/O-4] DEBUG o.s.c.c.CharSequenceEncoder - [612aa73c] Writing "761. foo bar"
03:15:06.698 [XNIO-15 I/O-4] DEBUG o.s.c.c.CharSequenceEncoder - [612aa73c] Writing "762. foo bar"
03:15:06.699 [XNIO-15 I/O-4] DEBUG o.s.c.c.CharSequenceEncoder - [612aa73c] Writing "763. foo bar"
03:15:06.699 [XNIO-15 I/O-4] DEBUG o.s.c.c.CharSequenceEncoder - [612aa73c] Writing "764. foo bar"
03:15:06.699 [XNIO-15 I/O-4] DEBUG o.s.c.c.CharSequenceEncoder - [612aa73c] Writing "765. foo bar"
03:15:06.700 [XNIO-15 I/O-4] DEBUG o.s.c.c.CharSequenceEncoder - [612aa73c] Writing "766. foo bar"
03:15:06.700 [XNIO-15 I/O-4] DEBUG o.s.c.c.CharSequenceEncoder - [612aa73c] Writing "767. foo bar"
03:15:06.700 [XNIO-15 I/O-4] DEBUG o.s.c.c.CharSequenceEncoder - [612aa73c] Writing "768. foo bar"
03:15:06.701 [XNIO-15 I/O-4] DEBUG o.s.c.c.CharSequenceEncoder - [612aa73c] Writing "769. foo bar"
03:15:06.701 [XNIO-15 I/O-4] DEBUG o.s.c.c.CharSequenceEncoder - [612aa73c] Writing "770. foo bar"
03:15:06.701 [XNIO-15 I/O-4] DEBUG o.s.c.c.CharSequenceEncoder - [612aa73c] Writing "771. foo bar"
03:15:06.701 [XNIO-15 I/O-4] DEBUG o.s.c.c.CharSequenceEncoder - [612aa73c] Writing "772. foo bar"
03:15:06.702 [XNIO-15 I/O-4] DEBUG o.s.c.c.CharSequenceEncoder - [612aa73c] Writing "773. foo bar"
03:15:06.702 [XNIO-15 I/O-4] DEBUG o.s.c.c.CharSequenceEncoder - [612aa73c] Writing "774. foo bar"
03:15:06.702 [XNIO-15 I/O-4] DEBUG o.s.c.c.CharSequenceEncoder - [612aa73c] Writing "775. foo bar"
03:15:06.703 [XNIO-15 I/O-4] DEBUG o.s.c.c.CharSequenceEncoder - [612aa73c] Writing "776. foo bar"
03:15:06.703 [XNIO-15 I/O-4] DEBUG o.s.c.c.CharSequenceEncoder - [612aa73c] Writing "777. foo bar"
03:15:06.703 [XNIO-15 I/O-4] DEBUG o.s.c.c.CharSequenceEncoder - [612aa73c] Writing "778. foo bar"
03:15:06.704 [XNIO-15 I/O-4] DEBUG o.s.c.c.CharSequenceEncoder - [612aa73c] Writing "779. foo bar"
03:15:06.704 [XNIO-15 I/O-4] DEBUG o.s.c.c.CharSequenceEncoder - [612aa73c] Writing "780. foo bar"
03:15:06.704 [XNIO-15 I/O-4] DEBUG o.s.c.c.CharSequenceEncoder - [612aa73c] Writing "781. foo bar"
03:15:06.704 [XNIO-15 I/O-4] DEBUG o.s.c.c.CharSequenceEncoder - [612aa73c] Writing "782. foo bar"
03:15:06.705 [XNIO-15 I/O-4] DEBUG o.s.c.c.CharSequenceEncoder - [612aa73c] Writing "783. foo bar"
03:15:06.705 [XNIO-15 I/O-4] DEBUG o.s.c.c.CharSequenceEncoder - [612aa73c] Writing "784. foo bar"
03:15:06.705 [XNIO-15 I/O-4] DEBUG o.s.c.c.CharSequenceEncoder - [612aa73c] Writing "785. foo bar"
03:15:06.706 [XNIO-15 I/O-4] DEBUG o.s.c.c.CharSequenceEncoder - [612aa73c] Writing "786. foo bar"
03:15:06.706 [XNIO-15 I/O-4] DEBUG o.s.c.c.CharSequenceEncoder - [612aa73c] Writing "787. foo bar"
03:15:06.706 [XNIO-15 I/O-4] DEBUG o.s.c.c.CharSequenceEncoder - [612aa73c] Writing "788. foo bar"
03:15:06.706 [XNIO-15 I/O-4] DEBUG o.s.c.c.CharSequenceEncoder - [612aa73c] Writing "789. foo bar"
03:15:06.707 [XNIO-15 I/O-4] DEBUG o.s.c.c.CharSequenceEncoder - [612aa73c] Writing "790. foo bar"
03:15:06.707 [XNIO-15 I/O-4] DEBUG o.s.c.c.CharSequenceEncoder - [612aa73c] Writing "791. foo bar"
03:15:06.708 [XNIO-15 I/O-4] DEBUG o.s.c.c.CharSequenceEncoder - [612aa73c] Writing "792. foo bar"
03:15:06.708 [XNIO-15 I/O-4] DEBUG o.s.c.c.CharSequenceEncoder - [612aa73c] Writing "793. foo bar"
03:15:06.708 [XNIO-15 I/O-4] DEBUG o.s.c.c.CharSequenceEncoder - [612aa73c] Writing "794. foo bar"
03:15:06.709 [XNIO-15 I/O-4] DEBUG o.s.c.c.CharSequenceEncoder - [612aa73c] Writing "795. foo bar"
03:15:06.709 [XNIO-15 I/O-4] DEBUG o.s.c.c.CharSequenceEncoder - [612aa73c] Writing "796. foo bar"
03:15:06.709 [XNIO-15 I/O-4] DEBUG o.s.c.c.CharSequenceEncoder - [612aa73c] Writing "797. foo bar"
03:15:06.710 [XNIO-15 I/O-4] DEBUG o.s.c.c.CharSequenceEncoder - [612aa73c] Writing "798. foo bar"
03:15:06.710 [XNIO-15 I/O-4] DEBUG o.s.c.c.CharSequenceEncoder - [612aa73c] Writing "799. foo bar"
03:15:06.710 [XNIO-15 I/O-4] DEBUG o.s.c.c.CharSequenceEncoder - [612aa73c] Writing "800. foo bar"
03:15:06.711 [XNIO-15 I/O-4] DEBUG o.s.c.c.CharSequenceEncoder - [612aa73c] Writing "801. foo bar"
03:15:06.711 [XNIO-15 I/O-4] DEBUG o.s.c.c.CharSequenceEncoder - [612aa73c] Writing "802. foo bar"
03:15:06.711 [XNIO-15 I/O-4] DEBUG o.s.c.c.CharSequenceEncoder - [612aa73c] Writing "803. foo bar"
03:15:06.711 [XNIO-15 I/O-4] DEBUG o.s.c.c.CharSequenceEncoder - [612aa73c] Writing "804. foo bar"
03:15:06.712 [XNIO-15 I/O-4] DEBUG o.s.c.c.CharSequenceEncoder - [612aa73c] Writing "805. foo bar"
03:15:06.712 [XNIO-15 I/O-4] DEBUG o.s.c.c.CharSequenceEncoder - [612aa73c] Writing "806. foo bar"
03:15:06.712 [XNIO-15 I/O-4] DEBUG o.s.c.c.CharSequenceEncoder - [612aa73c] Writing "807. foo bar"
03:15:06.713 [XNIO-15 I/O-4] DEBUG o.s.c.c.CharSequenceEncoder - [612aa73c] Writing "808. foo bar"
03:15:06.713 [XNIO-15 I/O-4] DEBUG o.s.c.c.CharSequenceEncoder - [612aa73c] Writing "809. foo bar"
03:15:06.713 [XNIO-15 I/O-4] DEBUG o.s.c.c.CharSequenceEncoder - [612aa73c] Writing "810. foo bar"
03:15:06.714 [XNIO-15 I/O-4] DEBUG o.s.c.c.CharSequenceEncoder - [612aa73c] Writing "811. foo bar"
03:15:06.714 [XNIO-15 I/O-4] DEBUG o.s.c.c.CharSequenceEncoder - [612aa73c] Writing "812. foo bar"
03:15:06.714 [XNIO-15 I/O-4] DEBUG o.s.c.c.CharSequenceEncoder - [612aa73c] Writing "813. foo bar"
03:15:06.715 [XNIO-15 I/O-4] DEBUG o.s.c.c.CharSequenceEncoder - [612aa73c] Writing "814. foo bar"
03:15:06.715 [XNIO-15 I/O-4] DEBUG o.s.c.c.CharSequenceEncoder - [612aa73c] Writing "815. foo bar"
03:15:06.715 [XNIO-15 I/O-4] DEBUG o.s.c.c.CharSequenceEncoder - [612aa73c] Writing "816. foo bar"
03:15:06.715 [XNIO-15 I/O-4] DEBUG o.s.c.c.CharSequenceEncoder - [612aa73c] Writing "817. foo bar"
03:15:06.716 [XNIO-15 I/O-4] DEBUG o.s.c.c.CharSequenceEncoder - [612aa73c] Writing "818. foo bar"
03:15:06.716 [XNIO-15 I/O-4] DEBUG o.s.c.c.CharSequenceEncoder - [612aa73c] Writing "819. foo bar"
03:15:06.716 [XNIO-15 I/O-4] DEBUG o.s.c.c.CharSequenceEncoder - [612aa73c] Writing "820. foo bar"
03:15:06.716 [XNIO-15 I/O-4] DEBUG o.s.c.c.CharSequenceEncoder - [612aa73c] Writing "821. foo bar"
03:15:06.717 [XNIO-15 I/O-4] DEBUG o.s.c.c.CharSequenceEncoder - [612aa73c] Writing "822. foo bar"
03:15:06.717 [XNIO-15 I/O-4] DEBUG o.s.c.c.CharSequenceEncoder - [612aa73c] Writing "823. foo bar"
03:15:06.717 [XNIO-15 I/O-4] DEBUG o.s.c.c.CharSequenceEncoder - [612aa73c] Writing "824. foo bar"
03:15:06.717 [XNIO-15 I/O-4] DEBUG o.s.c.c.CharSequenceEncoder - [612aa73c] Writing "825. foo bar"
03:15:06.718 [XNIO-15 I/O-4] DEBUG o.s.c.c.CharSequenceEncoder - [612aa73c] Writing "826. foo bar"
03:15:06.718 [XNIO-15 I/O-4] DEBUG o.s.c.c.CharSequenceEncoder - [612aa73c] Writing "827. foo bar"
03:15:06.718 [XNIO-15 I/O-4] DEBUG o.s.c.c.CharSequenceEncoder - [612aa73c] Writing "828. foo bar"
03:15:06.718 [XNIO-15 I/O-4] DEBUG o.s.c.c.CharSequenceEncoder - [612aa73c] Writing "829. foo bar"
03:15:06.719 [XNIO-15 I/O-4] DEBUG o.s.c.c.CharSequenceEncoder - [612aa73c] Writing "830. foo bar"
03:15:06.720 [XNIO-15 I/O-4] DEBUG o.s.c.c.CharSequenceEncoder - [612aa73c] Writing "831. foo bar"
03:15:06.721 [XNIO-15 I/O-4] DEBUG o.s.c.c.CharSequenceEncoder - [612aa73c] Writing "832. foo bar"
03:15:06.721 [XNIO-15 I/O-4] DEBUG o.s.c.c.CharSequenceEncoder - [612aa73c] Writing "833. foo bar"
03:15:06.721 [XNIO-15 I/O-4] DEBUG o.s.c.c.CharSequenceEncoder - [612aa73c] Writing "834. foo bar"
03:15:06.722 [XNIO-15 I/O-4] DEBUG o.s.c.c.CharSequenceEncoder - [612aa73c] Writing "835. foo bar"
03:15:06.722 [XNIO-15 I/O-4] DEBUG o.s.c.c.CharSequenceEncoder - [612aa73c] Writing "836. foo bar"
03:15:06.722 [XNIO-15 I/O-4] DEBUG o.s.c.c.CharSequenceEncoder - [612aa73c] Writing "837. foo bar"
03:15:06.722 [XNIO-15 I/O-4] DEBUG o.s.c.c.CharSequenceEncoder - [612aa73c] Writing "838. foo bar"
03:15:06.723 [XNIO-15 I/O-4] DEBUG o.s.c.c.CharSequenceEncoder - [612aa73c] Writing "839. foo bar"
03:15:06.723 [XNIO-15 I/O-4] DEBUG o.s.c.c.CharSequenceEncoder - [612aa73c] Writing "840. foo bar"
03:15:06.723 [XNIO-15 I/O-4] DEBUG o.s.c.c.CharSequenceEncoder - [612aa73c] Writing "841. foo bar"
03:15:06.724 [XNIO-15 I/O-4] DEBUG o.s.c.c.CharSequenceEncoder - [612aa73c] Writing "842. foo bar"
03:15:06.724 [XNIO-15 I/O-4] DEBUG o.s.c.c.CharSequenceEncoder - [612aa73c] Writing "843. foo bar"
03:15:06.724 [XNIO-15 I/O-4] DEBUG o.s.c.c.CharSequenceEncoder - [612aa73c] Writing "844. foo bar"
03:15:06.724 [XNIO-15 I/O-4] DEBUG o.s.c.c.CharSequenceEncoder - [612aa73c] Writing "845. foo bar"
03:15:06.724 [XNIO-15 I/O-4] DEBUG o.s.c.c.CharSequenceEncoder - [612aa73c] Writing "846. foo bar"
03:15:06.725 [XNIO-15 I/O-4] DEBUG o.s.c.c.CharSequenceEncoder - [612aa73c] Writing "847. foo bar"
03:15:06.725 [XNIO-15 I/O-4] DEBUG o.s.c.c.CharSequenceEncoder - [612aa73c] Writing "848. foo bar"
03:15:06.725 [XNIO-15 I/O-4] DEBUG o.s.c.c.CharSequenceEncoder - [612aa73c] Writing "849. foo bar"
03:15:06.725 [XNIO-15 I/O-4] DEBUG o.s.c.c.CharSequenceEncoder - [612aa73c] Writing "850. foo bar"
03:15:06.725 [XNIO-15 I/O-4] DEBUG o.s.c.c.CharSequenceEncoder - [612aa73c] Writing "851. foo bar"
03:15:06.726 [XNIO-15 I/O-4] DEBUG o.s.c.c.CharSequenceEncoder - [612aa73c] Writing "852. foo bar"
03:15:06.726 [XNIO-15 I/O-4] DEBUG o.s.c.c.CharSequenceEncoder - [612aa73c] Writing "853. foo bar"
03:15:06.726 [XNIO-15 I/O-4] DEBUG o.s.c.c.CharSequenceEncoder - [612aa73c] Writing "854. foo bar"
03:15:06.726 [XNIO-15 I/O-4] DEBUG o.s.c.c.CharSequenceEncoder - [612aa73c] Writing "855. foo bar"
03:15:06.726 [XNIO-15 I/O-4] DEBUG o.s.c.c.CharSequenceEncoder - [612aa73c] Writing "856. foo bar"
03:15:06.726 [XNIO-15 I/O-4] DEBUG o.s.c.c.CharSequenceEncoder - [612aa73c] Writing "857. foo bar"
03:15:06.727 [XNIO-15 I/O-4] DEBUG o.s.c.c.CharSequenceEncoder - [612aa73c] Writing "858. foo bar"
03:15:06.727 [XNIO-15 I/O-4] DEBUG o.s.c.c.CharSequenceEncoder - [612aa73c] Writing "859. foo bar"
03:15:06.727 [XNIO-15 I/O-4] DEBUG o.s.c.c.CharSequenceEncoder - [612aa73c] Writing "860. foo bar"
03:15:06.727 [XNIO-15 I/O-4] DEBUG o.s.c.c.CharSequenceEncoder - [612aa73c] Writing "861. foo bar"
03:15:06.727 [XNIO-15 I/O-4] DEBUG o.s.c.c.CharSequenceEncoder - [612aa73c] Writing "862. foo bar"
03:15:06.727 [XNIO-15 I/O-4] DEBUG o.s.c.c.CharSequenceEncoder - [612aa73c] Writing "863. foo bar"
03:15:06.728 [XNIO-15 I/O-4] DEBUG o.s.c.c.CharSequenceEncoder - [612aa73c] Writing "864. foo bar"
03:15:06.728 [XNIO-15 I/O-4] DEBUG o.s.c.c.CharSequenceEncoder - [612aa73c] Writing "865. foo bar"
03:15:06.728 [XNIO-15 I/O-4] DEBUG o.s.c.c.CharSequenceEncoder - [612aa73c] Writing "866. foo bar"
03:15:06.728 [XNIO-15 I/O-4] DEBUG o.s.c.c.CharSequenceEncoder - [612aa73c] Writing "867. foo bar"
03:15:06.728 [XNIO-15 I/O-4] DEBUG o.s.c.c.CharSequenceEncoder - [612aa73c] Writing "868. foo bar"
03:15:06.728 [XNIO-15 I/O-4] DEBUG o.s.c.c.CharSequenceEncoder - [612aa73c] Writing "869. foo bar"
03:15:06.739 [XNIO-15 I/O-4] DEBUG o.s.c.c.CharSequenceEncoder - [612aa73c] Writing "870. foo bar"
03:15:06.739 [XNIO-15 I/O-4] DEBUG o.s.c.c.CharSequenceEncoder - [612aa73c] Writing "871. foo bar"
03:15:06.740 [XNIO-15 I/O-4] DEBUG o.s.c.c.CharSequenceEncoder - [612aa73c] Writing "872. foo bar"
03:15:06.740 [XNIO-15 I/O-4] DEBUG o.s.c.c.CharSequenceEncoder - [612aa73c] Writing "873. foo bar"
03:15:06.741 [XNIO-15 I/O-4] DEBUG o.s.c.c.CharSequenceEncoder - [612aa73c] Writing "874. foo bar"
03:15:06.741 [XNIO-15 I/O-4] DEBUG o.s.c.c.CharSequenceEncoder - [612aa73c] Writing "875. foo bar"
03:15:06.741 [XNIO-15 I/O-4] DEBUG o.s.c.c.CharSequenceEncoder - [612aa73c] Writing "876. foo bar"
03:15:06.742 [XNIO-15 I/O-4] DEBUG o.s.c.c.CharSequenceEncoder - [612aa73c] Writing "877. foo bar"
03:15:06.742 [XNIO-15 I/O-4] DEBUG o.s.c.c.CharSequenceEncoder - [612aa73c] Writing "878. foo bar"
03:15:06.742 [XNIO-15 I/O-4] DEBUG o.s.c.c.CharSequenceEncoder - [612aa73c] Writing "879. foo bar"
03:15:06.743 [XNIO-15 I/O-4] DEBUG o.s.c.c.CharSequenceEncoder - [612aa73c] Writing "880. foo bar"
03:15:06.743 [XNIO-15 I/O-4] DEBUG o.s.c.c.CharSequenceEncoder - [612aa73c] Writing "881. foo bar"
03:15:06.743 [XNIO-15 I/O-4] DEBUG o.s.c.c.CharSequenceEncoder - [612aa73c] Writing "882. foo bar"
03:15:06.744 [XNIO-15 I/O-4] DEBUG o.s.c.c.CharSequenceEncoder - [612aa73c] Writing "883. foo bar"
03:15:06.744 [XNIO-15 I/O-4] DEBUG o.s.c.c.CharSequenceEncoder - [612aa73c] Writing "884. foo bar"
03:15:06.744 [XNIO-15 I/O-4] DEBUG o.s.c.c.CharSequenceEncoder - [612aa73c] Writing "885. foo bar"
03:15:06.745 [XNIO-15 I/O-4] DEBUG o.s.c.c.CharSequenceEncoder - [612aa73c] Writing "886. foo bar"
03:15:06.745 [XNIO-15 I/O-4] DEBUG o.s.c.c.CharSequenceEncoder - [612aa73c] Writing "887. foo bar"
03:15:06.745 [XNIO-15 I/O-4] DEBUG o.s.c.c.CharSequenceEncoder - [612aa73c] Writing "888. foo bar"
03:15:06.745 [XNIO-15 I/O-4] DEBUG o.s.c.c.CharSequenceEncoder - [612aa73c] Writing "889. foo bar"
03:15:06.746 [XNIO-15 I/O-4] DEBUG o.s.c.c.CharSequenceEncoder - [612aa73c] Writing "890. foo bar"
03:15:06.746 [XNIO-15 I/O-4] DEBUG o.s.c.c.CharSequenceEncoder - [612aa73c] Writing "891. foo bar"
03:15:06.746 [XNIO-15 I/O-4] DEBUG o.s.c.c.CharSequenceEncoder - [612aa73c] Writing "892. foo bar"
03:15:06.747 [XNIO-15 I/O-4] DEBUG o.s.c.c.CharSequenceEncoder - [612aa73c] Writing "893. foo bar"
03:15:06.747 [XNIO-15 I/O-4] DEBUG o.s.c.c.CharSequenceEncoder - [612aa73c] Writing "894. foo bar"
03:15:06.747 [XNIO-15 I/O-4] DEBUG o.s.c.c.CharSequenceEncoder - [612aa73c] Writing "895. foo bar"
03:15:06.747 [XNIO-15 I/O-4] DEBUG o.s.c.c.CharSequenceEncoder - [612aa73c] Writing "896. foo bar"
03:15:06.747 [XNIO-15 I/O-4] DEBUG o.s.c.c.CharSequenceEncoder - [612aa73c] Writing "897. foo bar"
03:15:06.755 [XNIO-15 I/O-4] DEBUG o.s.c.c.CharSequenceEncoder - [612aa73c] Writing "898. foo bar"
03:15:06.756 [XNIO-15 I/O-4] DEBUG o.s.c.c.CharSequenceEncoder - [612aa73c] Writing "899. foo bar"
03:15:06.756 [XNIO-15 I/O-4] DEBUG o.s.c.c.CharSequenceEncoder - [612aa73c] Writing "900. foo bar"
03:15:06.756 [XNIO-15 I/O-4] DEBUG o.s.c.c.CharSequenceEncoder - [612aa73c] Writing "901. foo bar"
03:15:06.756 [XNIO-15 I/O-4] DEBUG o.s.c.c.CharSequenceEncoder - [612aa73c] Writing "902. foo bar"
03:15:06.756 [XNIO-15 I/O-4] DEBUG o.s.c.c.CharSequenceEncoder - [612aa73c] Writing "903. foo bar"
03:15:06.757 [XNIO-15 I/O-4] DEBUG o.s.c.c.CharSequenceEncoder - [612aa73c] Writing "904. foo bar"
03:15:06.757 [XNIO-15 I/O-4] DEBUG o.s.c.c.CharSequenceEncoder - [612aa73c] Writing "905. foo bar"
03:15:06.757 [XNIO-15 I/O-4] DEBUG o.s.c.c.CharSequenceEncoder - [612aa73c] Writing "906. foo bar"
03:15:06.757 [XNIO-15 I/O-4] DEBUG o.s.c.c.CharSequenceEncoder - [612aa73c] Writing "907. foo bar"
03:15:06.757 [XNIO-15 I/O-4] DEBUG o.s.c.c.CharSequenceEncoder - [612aa73c] Writing "908. foo bar"
03:15:06.758 [XNIO-15 I/O-4] DEBUG o.s.c.c.CharSequenceEncoder - [612aa73c] Writing "909. foo bar"
03:15:06.758 [XNIO-15 I/O-4] DEBUG o.s.c.c.CharSequenceEncoder - [612aa73c] Writing "910. foo bar"
03:15:06.758 [XNIO-15 I/O-4] DEBUG o.s.c.c.CharSequenceEncoder - [612aa73c] Writing "911. foo bar"
03:15:06.758 [XNIO-15 I/O-4] DEBUG o.s.c.c.CharSequenceEncoder - [612aa73c] Writing "912. foo bar"
03:15:06.758 [XNIO-15 I/O-4] DEBUG o.s.c.c.CharSequenceEncoder - [612aa73c] Writing "913. foo bar"
03:15:06.759 [XNIO-15 I/O-4] DEBUG o.s.c.c.CharSequenceEncoder - [612aa73c] Writing "914. foo bar"
03:15:06.759 [XNIO-15 I/O-4] DEBUG o.s.c.c.CharSequenceEncoder - [612aa73c] Writing "915. foo bar"
03:15:06.759 [XNIO-15 I/O-4] DEBUG o.s.c.c.CharSequenceEncoder - [612aa73c] Writing "916. foo bar"
03:15:06.759 [XNIO-15 I/O-4] DEBUG o.s.c.c.CharSequenceEncoder - [612aa73c] Writing "917. foo bar"
03:15:06.760 [XNIO-15 I/O-4] DEBUG o.s.c.c.CharSequenceEncoder - [612aa73c] Writing "918. foo bar"
03:15:06.760 [XNIO-15 I/O-4] DEBUG o.s.c.c.CharSequenceEncoder - [612aa73c] Writing "919. foo bar"
03:15:06.760 [XNIO-15 I/O-4] DEBUG o.s.c.c.CharSequenceEncoder - [612aa73c] Writing "920. foo bar"
03:15:06.760 [XNIO-15 I/O-4] DEBUG o.s.c.c.CharSequenceEncoder - [612aa73c] Writing "921. foo bar"
03:15:06.760 [XNIO-15 I/O-4] DEBUG o.s.c.c.CharSequenceEncoder - [612aa73c] Writing "922. foo bar"
03:15:06.761 [XNIO-15 I/O-4] DEBUG o.s.c.c.CharSequenceEncoder - [612aa73c] Writing "923. foo bar"
03:15:06.761 [XNIO-15 I/O-4] DEBUG o.s.c.c.CharSequenceEncoder - [612aa73c] Writing "924. foo bar"
03:15:06.761 [XNIO-15 I/O-4] DEBUG o.s.c.c.CharSequenceEncoder - [612aa73c] Writing "925. foo bar"
03:15:06.761 [XNIO-15 I/O-4] DEBUG o.s.c.c.CharSequenceEncoder - [612aa73c] Writing "926. foo bar"
03:15:06.761 [XNIO-15 I/O-4] DEBUG o.s.c.c.CharSequenceEncoder - [612aa73c] Writing "927. foo bar"
03:15:06.762 [XNIO-15 I/O-4] DEBUG o.s.c.c.CharSequenceEncoder - [612aa73c] Writing "928. foo bar"
03:15:06.762 [XNIO-15 I/O-4] DEBUG o.s.c.c.CharSequenceEncoder - [612aa73c] Writing "929. foo bar"
03:15:06.762 [XNIO-15 I/O-4] DEBUG o.s.c.c.CharSequenceEncoder - [612aa73c] Writing "930. foo bar"
03:15:06.762 [XNIO-15 I/O-4] DEBUG o.s.c.c.CharSequenceEncoder - [612aa73c] Writing "931. foo bar"
03:15:06.762 [XNIO-15 I/O-4] DEBUG o.s.c.c.CharSequenceEncoder - [612aa73c] Writing "932. foo bar"
03:15:06.763 [XNIO-15 I/O-4] DEBUG o.s.c.c.CharSequenceEncoder - [612aa73c] Writing "933. foo bar"
03:15:06.763 [XNIO-15 I/O-4] DEBUG o.s.c.c.CharSequenceEncoder - [612aa73c] Writing "934. foo bar"
03:15:06.763 [XNIO-15 I/O-4] DEBUG o.s.c.c.CharSequenceEncoder - [612aa73c] Writing "935. foo bar"
03:15:06.763 [XNIO-15 I/O-4] DEBUG o.s.c.c.CharSequenceEncoder - [612aa73c] Writing "936. foo bar"
03:15:06.764 [XNIO-15 I/O-4] DEBUG o.s.c.c.CharSequenceEncoder - [612aa73c] Writing "937. foo bar"
03:15:06.764 [XNIO-15 I/O-4] DEBUG o.s.c.c.CharSequenceEncoder - [612aa73c] Writing "938. foo bar"
03:15:06.764 [XNIO-15 I/O-4] DEBUG o.s.c.c.CharSequenceEncoder - [612aa73c] Writing "939. foo bar"
03:15:06.765 [XNIO-15 I/O-4] DEBUG o.s.c.c.CharSequenceEncoder - [612aa73c] Writing "940. foo bar"
03:15:06.765 [XNIO-15 I/O-4] DEBUG o.s.c.c.CharSequenceEncoder - [612aa73c] Writing "941. foo bar"
03:15:06.765 [XNIO-15 I/O-4] DEBUG o.s.c.c.CharSequenceEncoder - [612aa73c] Writing "942. foo bar"
03:15:06.766 [XNIO-15 I/O-4] DEBUG o.s.c.c.CharSequenceEncoder - [612aa73c] Writing "943. foo bar"
03:15:06.766 [XNIO-15 I/O-4] DEBUG o.s.c.c.CharSequenceEncoder - [612aa73c] Writing "944. foo bar"
03:15:06.766 [XNIO-15 I/O-4] DEBUG o.s.c.c.CharSequenceEncoder - [612aa73c] Writing "945. foo bar"
03:15:06.767 [XNIO-15 I/O-4] DEBUG o.s.c.c.CharSequenceEncoder - [612aa73c] Writing "946. foo bar"
03:15:06.767 [XNIO-15 I/O-4] DEBUG o.s.c.c.CharSequenceEncoder - [612aa73c] Writing "947. foo bar"
03:15:06.768 [XNIO-15 I/O-4] DEBUG o.s.c.c.CharSequenceEncoder - [612aa73c] Writing "948. foo bar"
03:15:06.768 [XNIO-15 I/O-4] DEBUG o.s.c.c.CharSequenceEncoder - [612aa73c] Writing "949. foo bar"
03:15:06.768 [XNIO-15 I/O-4] DEBUG o.s.c.c.CharSequenceEncoder - [612aa73c] Writing "950. foo bar"
03:15:06.768 [XNIO-15 I/O-4] DEBUG o.s.c.c.CharSequenceEncoder - [612aa73c] Writing "951. foo bar"
03:15:06.769 [XNIO-15 I/O-4] DEBUG o.s.c.c.CharSequenceEncoder - [612aa73c] Writing "952. foo bar"
03:15:06.769 [XNIO-15 I/O-4] DEBUG o.s.c.c.CharSequenceEncoder - [612aa73c] Writing "953. foo bar"
03:15:06.774 [XNIO-15 I/O-4] DEBUG o.s.c.c.CharSequenceEncoder - [612aa73c] Writing "954. foo bar"
03:15:06.774 [XNIO-15 I/O-4] DEBUG o.s.c.c.CharSequenceEncoder - [612aa73c] Writing "955. foo bar"
03:15:06.775 [XNIO-15 I/O-4] DEBUG o.s.c.c.CharSequenceEncoder - [612aa73c] Writing "956. foo bar"
03:15:06.775 [XNIO-15 I/O-4] DEBUG o.s.c.c.CharSequenceEncoder - [612aa73c] Writing "957. foo bar"
03:15:06.775 [XNIO-15 I/O-4] DEBUG o.s.c.c.CharSequenceEncoder - [612aa73c] Writing "958. foo bar"
03:15:06.776 [XNIO-15 I/O-4] DEBUG o.s.c.c.CharSequenceEncoder - [612aa73c] Writing "959. foo bar"
03:15:06.776 [XNIO-15 I/O-4] DEBUG o.s.c.c.CharSequenceEncoder - [612aa73c] Writing "960. foo bar"
03:15:06.777 [XNIO-15 I/O-4] DEBUG o.s.c.c.CharSequenceEncoder - [612aa73c] Writing "961. foo bar"
03:15:06.777 [XNIO-15 I/O-4] DEBUG o.s.c.c.CharSequenceEncoder - [612aa73c] Writing "962. foo bar"
03:15:06.777 [XNIO-15 I/O-4] DEBUG o.s.c.c.CharSequenceEncoder - [612aa73c] Writing "963. foo bar"
03:15:06.777 [XNIO-15 I/O-4] DEBUG o.s.c.c.CharSequenceEncoder - [612aa73c] Writing "964. foo bar"
03:15:06.777 [XNIO-15 I/O-4] DEBUG o.s.c.c.CharSequenceEncoder - [612aa73c] Writing "965. foo bar"
03:15:06.777 [XNIO-15 I/O-4] DEBUG o.s.c.c.CharSequenceEncoder - [612aa73c] Writing "966. foo bar"
03:15:06.778 [XNIO-15 I/O-4] DEBUG o.s.c.c.CharSequenceEncoder - [612aa73c] Writing "967. foo bar"
03:15:06.778 [XNIO-15 I/O-4] DEBUG o.s.c.c.CharSequenceEncoder - [612aa73c] Writing "968. foo bar"
03:15:06.778 [XNIO-15 I/O-4] DEBUG o.s.c.c.CharSequenceEncoder - [612aa73c] Writing "969. foo bar"
03:15:06.778 [XNIO-15 I/O-4] DEBUG o.s.c.c.CharSequenceEncoder - [612aa73c] Writing "970. foo bar"
03:15:06.778 [XNIO-15 I/O-4] DEBUG o.s.c.c.CharSequenceEncoder - [612aa73c] Writing "971. foo bar"
03:15:06.778 [XNIO-15 I/O-4] DEBUG o.s.c.c.CharSequenceEncoder - [612aa73c] Writing "972. foo bar"
03:15:06.778 [XNIO-15 I/O-4] DEBUG o.s.c.c.CharSequenceEncoder - [612aa73c] Writing "973. foo bar"
03:15:06.779 [XNIO-15 I/O-4] DEBUG o.s.c.c.CharSequenceEncoder - [612aa73c] Writing "974. foo bar"
03:15:06.779 [XNIO-15 I/O-4] DEBUG o.s.c.c.CharSequenceEncoder - [612aa73c] Writing "975. foo bar"
03:15:06.779 [XNIO-15 I/O-4] DEBUG o.s.c.c.CharSequenceEncoder - [612aa73c] Writing "976. foo bar"
03:15:06.779 [XNIO-15 I/O-4] DEBUG o.s.c.c.CharSequenceEncoder - [612aa73c] Writing "977. foo bar"
03:15:06.779 [XNIO-15 I/O-4] DEBUG o.s.c.c.CharSequenceEncoder - [612aa73c] Writing "978. foo bar"
03:15:06.779 [XNIO-15 I/O-4] DEBUG o.s.c.c.CharSequenceEncoder - [612aa73c] Writing "979. foo bar"
03:15:06.779 [XNIO-15 I/O-4] DEBUG o.s.c.c.CharSequenceEncoder - [612aa73c] Writing "980. foo bar"
03:15:06.779 [XNIO-15 I/O-4] DEBUG o.s.c.c.CharSequenceEncoder - [612aa73c] Writing "981. foo bar"
03:15:06.779 [XNIO-15 I/O-4] DEBUG o.s.c.c.CharSequenceEncoder - [612aa73c] Writing "982. foo bar"
03:15:06.779 [XNIO-15 I/O-4] DEBUG o.s.c.c.CharSequenceEncoder - [612aa73c] Writing "983. foo bar"
03:15:06.780 [XNIO-15 I/O-4] DEBUG o.s.c.c.CharSequenceEncoder - [612aa73c] Writing "984. foo bar"
03:15:06.780 [XNIO-15 I/O-4] DEBUG o.s.c.c.CharSequenceEncoder - [612aa73c] Writing "985. foo bar"
03:15:06.780 [XNIO-15 I/O-4] DEBUG o.s.c.c.CharSequenceEncoder - [612aa73c] Writing "986. foo bar"
03:15:06.780 [XNIO-15 I/O-4] DEBUG o.s.c.c.CharSequenceEncoder - [612aa73c] Writing "987. foo bar"
03:15:06.780 [XNIO-15 I/O-4] DEBUG o.s.c.c.CharSequenceEncoder - [612aa73c] Writing "988. foo bar"
03:15:06.780 [XNIO-15 I/O-4] DEBUG o.s.c.c.CharSequenceEncoder - [612aa73c] Writing "989. foo bar"
03:15:06.780 [XNIO-15 I/O-4] DEBUG o.s.c.c.CharSequenceEncoder - [612aa73c] Writing "990. foo bar"
03:15:06.780 [XNIO-15 I/O-4] DEBUG o.s.c.c.CharSequenceEncoder - [612aa73c] Writing "991. foo bar"
03:15:06.780 [XNIO-15 I/O-4] DEBUG o.s.c.c.CharSequenceEncoder - [612aa73c] Writing "992. foo bar"
03:15:06.781 [XNIO-15 I/O-4] DEBUG o.s.c.c.CharSequenceEncoder - [612aa73c] Writing "993. foo bar"
03:15:06.781 [XNIO-15 I/O-4] DEBUG o.s.c.c.CharSequenceEncoder - [612aa73c] Writing "994. foo bar"
03:15:06.781 [XNIO-15 I/O-4] DEBUG o.s.c.c.CharSequenceEncoder - [612aa73c] Writing "995. foo bar"
03:15:06.781 [XNIO-15 I/O-4] DEBUG o.s.c.c.CharSequenceEncoder - [612aa73c] Writing "996. foo bar"
03:15:06.781 [XNIO-15 I/O-4] DEBUG o.s.c.c.CharSequenceEncoder - [612aa73c] Writing "997. foo bar"
03:15:06.781 [XNIO-15 I/O-4] DEBUG o.s.c.c.CharSequenceEncoder - [612aa73c] Writing "998. foo bar"
03:15:06.781 [XNIO-15 I/O-4] DEBUG o.s.c.c.CharSequenceEncoder - [612aa73c] Writing "999. foo bar"
03:15:06.783 [XNIO-15 I/O-4] ERROR o.s.w.s.a.HttpWebHandlerAdapter - [612aa73c] Error [java.lang.RuntimeException: Random error] for HTTP GET "/SPR-16051", but ServerHttpResponse already committed (200 OK)
03:15:06.783 [XNIO-15 I/O-4] DEBUG o.s.h.s.r.UndertowHttpHandlerAdapter - [612aa73c] Closing connection
03:15:06.784 [Test worker] DEBUG o.s.w.t.h.s.r.b.UndertowHttpServer - Stopping UndertowHttpServer...
03:15:06.784 [Test worker] INFO  i.undertow - stopping server: Undertow - 2.1.3.Final
03:15:06.788 [XNIO-15 I/O-4] ERROR r.c.p.Operators - Operator called default onErrorDropped
java.util.concurrent.RejectedExecutionException: XNIO007007: Thread is terminating
	at org.xnio.nio.WorkerThread.execute(WorkerThread.java:620) ~[xnio-nio-3.8.0.Final.jar:3.8.0.Final]
	at org.xnio.nio.NioTcpServerHandle.channelClosed(NioTcpServerHandle.java:111) ~[xnio-nio-3.8.0.Final.jar:3.8.0.Final]
	at org.xnio.nio.NioSocketStreamConnection.closeAction(NioSocketStreamConnection.java:139) ~[xnio-nio-3.8.0.Final.jar:3.8.0.Final]
	at org.xnio.Connection.close(Connection.java:132) ~[xnio-api-3.8.0.Final.jar:3.8.0.Final]
	at io.undertow.server.AbstractServerConnection.close(AbstractServerConnection.java:159) ~[undertow-core-2.1.3.Final.jar:2.1.3.Final]
	at org.springframework.http.server.reactive.UndertowHttpHandlerAdapter$HandlerResultSubscriber.onError(UndertowHttpHandlerAdapter.java:119) ~[spring-web-5.3.0-M1.jar:5.3.0-M1]
	at reactor.core.publisher.StrictSubscriber.onError(StrictSubscriber.java:106) ~[reactor-core-3.4.0-M1.jar:3.4.0-M1]
	at reactor.core.publisher.Operators$MonoSubscriber.onError(Operators.java:1829) ~[reactor-core-3.4.0-M1.jar:3.4.0-M1]
	at reactor.core.publisher.MonoIgnoreThen$ThenIgnoreInner.onError(MonoIgnoreThen.java:235) ~[reactor-core-3.4.0-M1.jar:3.4.0-M1]
	at reactor.core.publisher.FluxOnErrorResume$ResumeSubscriber.onError(FluxOnErrorResume.java:100) ~[reactor-core-3.4.0-M1.jar:3.4.0-M1]
	at reactor.core.publisher.Operators.error(Operators.java:196) ~[reactor-core-3.4.0-M1.jar:3.4.0-M1]
	at reactor.core.publisher.MonoError.subscribe(MonoError.java:52) ~[reactor-core-3.4.0-M1.jar:3.4.0-M1]
	at reactor.core.publisher.Mono.subscribe(Mono.java:4219) ~[reactor-core-3.4.0-M1.jar:3.4.0-M1]
	at reactor.core.publisher.FluxOnErrorResume$ResumeSubscriber.onError(FluxOnErrorResume.java:97) ~[reactor-core-3.4.0-M1.jar:3.4.0-M1]
	at reactor.core.publisher.MonoPeekTerminal$MonoTerminalPeekSubscriber.onError(MonoPeekTerminal.java:251) ~[reactor-core-3.4.0-M1.jar:3.4.0-M1]
	at reactor.core.publisher.FluxOnErrorResume$ResumeSubscriber.onError(FluxOnErrorResume.java:100) ~[reactor-core-3.4.0-M1.jar:3.4.0-M1]
	at reactor.core.publisher.Operators.error(Operators.java:196) ~[reactor-core-3.4.0-M1.jar:3.4.0-M1]
	at reactor.core.publisher.MonoError.subscribe(MonoError.java:52) ~[reactor-core-3.4.0-M1.jar:3.4.0-M1]
	at reactor.core.publisher.Mono.subscribe(Mono.java:4219) ~[reactor-core-3.4.0-M1.jar:3.4.0-M1]
	at reactor.core.publisher.FluxOnErrorResume$ResumeSubscriber.onError(FluxOnErrorResume.java:97) ~[reactor-core-3.4.0-M1.jar:3.4.0-M1]
	at reactor.core.publisher.FluxOnErrorResume$ResumeSubscriber.onError(FluxOnErrorResume.java:100) ~[reactor-core-3.4.0-M1.jar:3.4.0-M1]
	at reactor.core.publisher.FluxOnAssembly$OnAssemblySubscriber.onError(FluxOnAssembly.java:390) ~[reactor-core-3.4.0-M1.jar:3.4.0-M1]
	at reactor.core.publisher.Operators.error(Operators.java:196) ~[reactor-core-3.4.0-M1.jar:3.4.0-M1]
	at reactor.core.publisher.MonoError.subscribe(MonoError.java:52) ~[reactor-core-3.4.0-M1.jar:3.4.0-M1]
	at reactor.core.publisher.Mono.subscribe(Mono.java:4219) ~[reactor-core-3.4.0-M1.jar:3.4.0-M1]
	at reactor.core.publisher.FluxOnErrorResume$ResumeSubscriber.onError(FluxOnErrorResume.java:97) ~[reactor-core-3.4.0-M1.jar:3.4.0-M1]
	at reactor.core.publisher.MonoFlatMap$FlatMapMain.secondError(MonoFlatMap.java:185) ~[reactor-core-3.4.0-M1.jar:3.4.0-M1]
	at reactor.core.publisher.MonoFlatMap$FlatMapInner.onError(MonoFlatMap.java:251) ~[reactor-core-3.4.0-M1.jar:3.4.0-M1]
	at reactor.core.publisher.FluxOnErrorResume$ResumeSubscriber.onError(FluxOnErrorResume.java:100) ~[reactor-core-3.4.0-M1.jar:3.4.0-M1]
	at reactor.core.publisher.Operators.error(Operators.java:196) ~[reactor-core-3.4.0-M1.jar:3.4.0-M1]
	at reactor.core.publisher.FluxFlatMap.trySubscribeScalarMap(FluxFlatMap.java:134) ~[reactor-core-3.4.0-M1.jar:3.4.0-M1]
	at reactor.core.publisher.MonoFlatMap.subscribeOrReturn(MonoFlatMap.java:53) ~[reactor-core-3.4.0-M1.jar:3.4.0-M1]
	at reactor.core.publisher.Mono.subscribe(Mono.java:4204) ~[reactor-core-3.4.0-M1.jar:3.4.0-M1]
	at reactor.core.publisher.FluxOnErrorResume$ResumeSubscriber.onError(FluxOnErrorResume.java:97) ~[reactor-core-3.4.0-M1.jar:3.4.0-M1]
	at reactor.core.publisher.FluxOnAssembly$OnAssemblySubscriber.onError(FluxOnAssembly.java:390) ~[reactor-core-3.4.0-M1.jar:3.4.0-M1]
	at reactor.core.publisher.MonoPeekTerminal$MonoTerminalPeekSubscriber.onError(MonoPeekTerminal.java:251) ~[reactor-core-3.4.0-M1.jar:3.4.0-M1]
	at org.springframework.http.server.reactive.ChannelSendOperator$WriteCompletionBarrier.onError(ChannelSendOperator.java:414) ~[spring-web-5.3.0-M1.jar:5.3.0-M1]
	at reactor.core.publisher.MonoIgnoreElements$IgnoreElementsSubscriber.onError(MonoIgnoreElements.java:76) ~[reactor-core-3.4.0-M1.jar:3.4.0-M1]
	at reactor.core.publisher.Operators$MultiSubscriptionSubscriber.onError(Operators.java:2021) ~[reactor-core-3.4.0-M1.jar:3.4.0-M1]
	at reactor.core.publisher.MonoNext$NextSubscriber.onError(MonoNext.java:87) ~[reactor-core-3.4.0-M1.jar:3.4.0-M1]
	at reactor.core.publisher.MonoNext$NextSubscriber.onError(MonoNext.java:87) ~[reactor-core-3.4.0-M1.jar:3.4.0-M1]
	at org.springframework.http.server.reactive.WriteResultPublisher$State.publishError(WriteResultPublisher.java:267) ~[spring-web-5.3.0-M1.jar:5.3.0-M1]
	at org.springframework.http.server.reactive.WriteResultPublisher.publishError(WriteResultPublisher.java:94) ~[spring-web-5.3.0-M1.jar:5.3.0-M1]
	at org.springframework.http.server.reactive.AbstractListenerWriteFlushProcessor$State.onError(AbstractListenerWriteFlushProcessor.java:381) ~[spring-web-5.3.0-M1.jar:5.3.0-M1]
	at org.springframework.http.server.reactive.AbstractListenerWriteFlushProcessor.onError(AbstractListenerWriteFlushProcessor.java:115) ~[spring-web-5.3.0-M1.jar:5.3.0-M1]
	at org.springframework.http.server.reactive.AbstractListenerWriteFlushProcessor$State$WriteResultSubscriber.onError(AbstractListenerWriteFlushProcessor.java:426) ~[spring-web-5.3.0-M1.jar:5.3.0-M1]
	at org.springframework.http.server.reactive.WriteResultPublisher$State.publishError(WriteResultPublisher.java:267) ~[spring-web-5.3.0-M1.jar:5.3.0-M1]
	at org.springframework.http.server.reactive.WriteResultPublisher.publishError(WriteResultPublisher.java:94) ~[spring-web-5.3.0-M1.jar:5.3.0-M1]
	at org.springframework.http.server.reactive.AbstractListenerWriteProcessor$State.onError(AbstractListenerWriteProcessor.java:448) ~[spring-web-5.3.0-M1.jar:5.3.0-M1]
	at org.springframework.http.server.reactive.AbstractListenerWriteProcessor.onError(AbstractListenerWriteProcessor.java:129) ~[spring-web-5.3.0-M1.jar:5.3.0-M1]
	at org.springframework.http.server.reactive.ChannelSendOperator$WriteBarrier.onError(ChannelSendOperator.java:211) ~[spring-web-5.3.0-M1.jar:5.3.0-M1]
	at reactor.core.publisher.FluxMapFuseable$MapFuseableSubscriber.onError(FluxMapFuseable.java:134) ~[reactor-core-3.4.0-M1.jar:3.4.0-M1]
	at reactor.core.publisher.FluxMapFuseable$MapFuseableSubscriber.onError(FluxMapFuseable.java:134) ~[reactor-core-3.4.0-M1.jar:3.4.0-M1]
	at reactor.core.publisher.FluxMapFuseable$MapFuseableSubscriber.onNext(FluxMapFuseable.java:113) ~[reactor-core-3.4.0-M1.jar:3.4.0-M1]
	at reactor.core.publisher.FluxRange$RangeSubscription.slowPath(FluxRange.java:154) ~[reactor-core-3.4.0-M1.jar:3.4.0-M1]
	at reactor.core.publisher.FluxRange$RangeSubscription.request(FluxRange.java:109) ~[reactor-core-3.4.0-M1.jar:3.4.0-M1]
	at reactor.core.publisher.FluxMapFuseable$MapFuseableSubscriber.request(FluxMapFuseable.java:162) ~[reactor-core-3.4.0-M1.jar:3.4.0-M1]
	at reactor.core.publisher.FluxMapFuseable$MapFuseableSubscriber.request(FluxMapFuseable.java:162) ~[reactor-core-3.4.0-M1.jar:3.4.0-M1]
	at org.springframework.http.server.reactive.ChannelSendOperator$WriteBarrier.request(ChannelSendOperator.java:272) ~[spring-web-5.3.0-M1.jar:5.3.0-M1]
	at org.springframework.http.server.reactive.AbstractListenerWriteProcessor$State$3.onWritePossible(AbstractListenerWriteProcessor.java:384) ~[spring-web-5.3.0-M1.jar:5.3.0-M1]
	at org.springframework.http.server.reactive.AbstractListenerWriteProcessor.onWritePossible(AbstractListenerWriteProcessor.java:153) ~[spring-web-5.3.0-M1.jar:5.3.0-M1]
	at org.springframework.http.server.reactive.UndertowServerHttpResponse$ResponseBodyProcessor.lambda$new$0(UndertowServerHttpResponse.java:181) ~[spring-web-5.3.0-M1.jar:5.3.0-M1]
	at org.xnio.ChannelListeners.invokeChannelListener(ChannelListeners.java:92) [xnio-api-3.8.0.Final.jar:3.8.0.Final]
	at io.undertow.channels.DetachableStreamSinkChannel$SetterDelegatingListener.handleEvent(DetachableStreamSinkChannel.java:285) [undertow-core-2.1.3.Final.jar:2.1.3.Final]
	at io.undertow.channels.DetachableStreamSinkChannel$SetterDelegatingListener.handleEvent(DetachableStreamSinkChannel.java:272) [undertow-core-2.1.3.Final.jar:2.1.3.Final]
	at org.xnio.ChannelListeners.invokeChannelListener(ChannelListeners.java:92) [xnio-api-3.8.0.Final.jar:3.8.0.Final]
	at org.xnio.conduits.WriteReadyHandler$ChannelListenerHandler.writeReady(WriteReadyHandler.java:65) [xnio-api-3.8.0.Final.jar:3.8.0.Final]
	at org.xnio.nio.NioSocketConduit.handleReady(NioSocketConduit.java:94) [xnio-nio-3.8.0.Final.jar:3.8.0.Final]
	at org.xnio.nio.WorkerThread.run(WorkerThread.java:591) [xnio-nio-3.8.0.Final.jar:3.8.0.Final]
03:15:06.791 [XNIO-15 I/O-4] ERROR o.x.listener - XNIO001007: A channel event listener threw an exception
reactor.core.Exceptions$BubblingException: java.util.concurrent.RejectedExecutionException: XNIO007007: Thread is terminating
	at reactor.core.Exceptions.bubble(Exceptions.java:173) ~[reactor-core-3.4.0-M1.jar:3.4.0-M1]
	at reactor.core.publisher.Operators.onErrorDropped(Operators.java:635) ~[reactor-core-3.4.0-M1.jar:3.4.0-M1]
	at reactor.core.publisher.StrictSubscriber.onError(StrictSubscriber.java:110) ~[reactor-core-3.4.0-M1.jar:3.4.0-M1]
	at reactor.core.publisher.Operators$MonoSubscriber.onError(Operators.java:1829) ~[reactor-core-3.4.0-M1.jar:3.4.0-M1]
	at reactor.core.publisher.MonoIgnoreThen$ThenIgnoreInner.onError(MonoIgnoreThen.java:235) ~[reactor-core-3.4.0-M1.jar:3.4.0-M1]
	at reactor.core.publisher.FluxOnErrorResume$ResumeSubscriber.onError(FluxOnErrorResume.java:100) ~[reactor-core-3.4.0-M1.jar:3.4.0-M1]
	at reactor.core.publisher.Operators.reportThrowInSubscribe(Operators.java:230) ~[reactor-core-3.4.0-M1.jar:3.4.0-M1]
	at reactor.core.publisher.Mono.subscribe(Mono.java:4222) ~[reactor-core-3.4.0-M1.jar:3.4.0-M1]
	at reactor.core.publisher.FluxOnErrorResume$ResumeSubscriber.onError(FluxOnErrorResume.java:97) ~[reactor-core-3.4.0-M1.jar:3.4.0-M1]
	at reactor.core.publisher.MonoPeekTerminal$MonoTerminalPeekSubscriber.onError(MonoPeekTerminal.java:251) ~[reactor-core-3.4.0-M1.jar:3.4.0-M1]
	at reactor.core.publisher.FluxOnErrorResume$ResumeSubscriber.onError(FluxOnErrorResume.java:100) ~[reactor-core-3.4.0-M1.jar:3.4.0-M1]
	at reactor.core.publisher.Operators.error(Operators.java:196) ~[reactor-core-3.4.0-M1.jar:3.4.0-M1]
	at reactor.core.publisher.MonoError.subscribe(MonoError.java:52) ~[reactor-core-3.4.0-M1.jar:3.4.0-M1]
	at reactor.core.publisher.Mono.subscribe(Mono.java:4219) ~[reactor-core-3.4.0-M1.jar:3.4.0-M1]
	at reactor.core.publisher.FluxOnErrorResume$ResumeSubscriber.onError(FluxOnErrorResume.java:97) ~[reactor-core-3.4.0-M1.jar:3.4.0-M1]
	at reactor.core.publisher.FluxOnErrorResume$ResumeSubscriber.onError(FluxOnErrorResume.java:100) ~[reactor-core-3.4.0-M1.jar:3.4.0-M1]
	at reactor.core.publisher.FluxOnAssembly$OnAssemblySubscriber.onError(FluxOnAssembly.java:390) ~[reactor-core-3.4.0-M1.jar:3.4.0-M1]
	at reactor.core.publisher.Operators.error(Operators.java:196) ~[reactor-core-3.4.0-M1.jar:3.4.0-M1]
	at reactor.core.publisher.MonoError.subscribe(MonoError.java:52) ~[reactor-core-3.4.0-M1.jar:3.4.0-M1]
	at reactor.core.publisher.Mono.subscribe(Mono.java:4219) ~[reactor-core-3.4.0-M1.jar:3.4.0-M1]
	at reactor.core.publisher.FluxOnErrorResume$ResumeSubscriber.onError(FluxOnErrorResume.java:97) ~[reactor-core-3.4.0-M1.jar:3.4.0-M1]
	at reactor.core.publisher.MonoFlatMap$FlatMapMain.secondError(MonoFlatMap.java:185) ~[reactor-core-3.4.0-M1.jar:3.4.0-M1]
	at reactor.core.publisher.MonoFlatMap$FlatMapInner.onError(MonoFlatMap.java:251) ~[reactor-core-3.4.0-M1.jar:3.4.0-M1]
	at reactor.core.publisher.FluxOnErrorResume$ResumeSubscriber.onError(FluxOnErrorResume.java:100) ~[reactor-core-3.4.0-M1.jar:3.4.0-M1]
	at reactor.core.publisher.Operators.error(Operators.java:196) ~[reactor-core-3.4.0-M1.jar:3.4.0-M1]
	at reactor.core.publisher.FluxFlatMap.trySubscribeScalarMap(FluxFlatMap.java:134) ~[reactor-core-3.4.0-M1.jar:3.4.0-M1]
	at reactor.core.publisher.MonoFlatMap.subscribeOrReturn(MonoFlatMap.java:53) ~[reactor-core-3.4.0-M1.jar:3.4.0-M1]
	at reactor.core.publisher.Mono.subscribe(Mono.java:4204) ~[reactor-core-3.4.0-M1.jar:3.4.0-M1]
	at reactor.core.publisher.FluxOnErrorResume$ResumeSubscriber.onError(FluxOnErrorResume.java:97) ~[reactor-core-3.4.0-M1.jar:3.4.0-M1]
	at reactor.core.publisher.FluxOnAssembly$OnAssemblySubscriber.onError(FluxOnAssembly.java:390) ~[reactor-core-3.4.0-M1.jar:3.4.0-M1]
	at reactor.core.publisher.MonoPeekTerminal$MonoTerminalPeekSubscriber.onError(MonoPeekTerminal.java:251) ~[reactor-core-3.4.0-M1.jar:3.4.0-M1]
	at org.springframework.http.server.reactive.ChannelSendOperator$WriteCompletionBarrier.onError(ChannelSendOperator.java:414) ~[spring-web-5.3.0-M1.jar:5.3.0-M1]
	at reactor.core.publisher.MonoIgnoreElements$IgnoreElementsSubscriber.onError(MonoIgnoreElements.java:76) ~[reactor-core-3.4.0-M1.jar:3.4.0-M1]
	at reactor.core.publisher.Operators$MultiSubscriptionSubscriber.onError(Operators.java:2021) ~[reactor-core-3.4.0-M1.jar:3.4.0-M1]
	at reactor.core.publisher.MonoNext$NextSubscriber.onError(MonoNext.java:87) ~[reactor-core-3.4.0-M1.jar:3.4.0-M1]
	at reactor.core.publisher.MonoNext$NextSubscriber.onError(MonoNext.java:87) ~[reactor-core-3.4.0-M1.jar:3.4.0-M1]
	at org.springframework.http.server.reactive.WriteResultPublisher$State.publishError(WriteResultPublisher.java:267) ~[spring-web-5.3.0-M1.jar:5.3.0-M1]
	at org.springframework.http.server.reactive.WriteResultPublisher.publishError(WriteResultPublisher.java:94) ~[spring-web-5.3.0-M1.jar:5.3.0-M1]
	at org.springframework.http.server.reactive.AbstractListenerWriteFlushProcessor$State.onError(AbstractListenerWriteFlushProcessor.java:381) ~[spring-web-5.3.0-M1.jar:5.3.0-M1]
	at org.springframework.http.server.reactive.AbstractListenerWriteFlushProcessor.onError(AbstractListenerWriteFlushProcessor.java:115) ~[spring-web-5.3.0-M1.jar:5.3.0-M1]
	at org.springframework.http.server.reactive.AbstractListenerWriteFlushProcessor$State$WriteResultSubscriber.onError(AbstractListenerWriteFlushProcessor.java:426) ~[spring-web-5.3.0-M1.jar:5.3.0-M1]
	at org.springframework.http.server.reactive.WriteResultPublisher$State.publishError(WriteResultPublisher.java:267) ~[spring-web-5.3.0-M1.jar:5.3.0-M1]
	at org.springframework.http.server.reactive.WriteResultPublisher.publishError(WriteResultPublisher.java:94) ~[spring-web-5.3.0-M1.jar:5.3.0-M1]
	at org.springframework.http.server.reactive.AbstractListenerWriteProcessor$State.onError(AbstractListenerWriteProcessor.java:448) ~[spring-web-5.3.0-M1.jar:5.3.0-M1]
	at org.springframework.http.server.reactive.AbstractListenerWriteProcessor.onError(AbstractListenerWriteProcessor.java:129) ~[spring-web-5.3.0-M1.jar:5.3.0-M1]
	at org.springframework.http.server.reactive.ChannelSendOperator$WriteBarrier.onError(ChannelSendOperator.java:211) ~[spring-web-5.3.0-M1.jar:5.3.0-M1]
	at reactor.core.publisher.FluxMapFuseable$MapFuseableSubscriber.onError(FluxMapFuseable.java:134) ~[reactor-core-3.4.0-M1.jar:3.4.0-M1]
	at reactor.core.publisher.FluxMapFuseable$MapFuseableSubscriber.onError(FluxMapFuseable.java:134) ~[reactor-core-3.4.0-M1.jar:3.4.0-M1]
	at reactor.core.publisher.FluxMapFuseable$MapFuseableSubscriber.onNext(FluxMapFuseable.java:113) ~[reactor-core-3.4.0-M1.jar:3.4.0-M1]
	at reactor.core.publisher.FluxRange$RangeSubscription.slowPath(FluxRange.java:154) ~[reactor-core-3.4.0-M1.jar:3.4.0-M1]
	at reactor.core.publisher.FluxRange$RangeSubscription.request(FluxRange.java:109) ~[reactor-core-3.4.0-M1.jar:3.4.0-M1]
	at reactor.core.publisher.FluxMapFuseable$MapFuseableSubscriber.request(FluxMapFuseable.java:162) ~[reactor-core-3.4.0-M1.jar:3.4.0-M1]
	at reactor.core.publisher.FluxMapFuseable$MapFuseableSubscriber.request(FluxMapFuseable.java:162) ~[reactor-core-3.4.0-M1.jar:3.4.0-M1]
	at org.springframework.http.server.reactive.ChannelSendOperator$WriteBarrier.request(ChannelSendOperator.java:272) ~[spring-web-5.3.0-M1.jar:5.3.0-M1]
	at org.springframework.http.server.reactive.AbstractListenerWriteProcessor$State$3.onWritePossible(AbstractListenerWriteProcessor.java:384) ~[spring-web-5.3.0-M1.jar:5.3.0-M1]
	at org.springframework.http.server.reactive.AbstractListenerWriteProcessor.onWritePossible(AbstractListenerWriteProcessor.java:153) ~[spring-web-5.3.0-M1.jar:5.3.0-M1]
	at org.springframework.http.server.reactive.UndertowServerHttpResponse$ResponseBodyProcessor.lambda$new$0(UndertowServerHttpResponse.java:181) ~[spring-web-5.3.0-M1.jar:5.3.0-M1]
	at org.xnio.ChannelListeners.invokeChannelListener(ChannelListeners.java:92) [xnio-api-3.8.0.Final.jar:3.8.0.Final]
	at io.undertow.channels.DetachableStreamSinkChannel$SetterDelegatingListener.handleEvent(DetachableStreamSinkChannel.java:285) [undertow-core-2.1.3.Final.jar:2.1.3.Final]
	at io.undertow.channels.DetachableStreamSinkChannel$SetterDelegatingListener.handleEvent(DetachableStreamSinkChannel.java:272) [undertow-core-2.1.3.Final.jar:2.1.3.Final]
	at org.xnio.ChannelListeners.invokeChannelListener(ChannelListeners.java:92) [xnio-api-3.8.0.Final.jar:3.8.0.Final]
	at org.xnio.conduits.WriteReadyHandler$ChannelListenerHandler.writeReady(WriteReadyHandler.java:65) [xnio-api-3.8.0.Final.jar:3.8.0.Final]
	at org.xnio.nio.NioSocketConduit.handleReady(NioSocketConduit.java:94) [xnio-nio-3.8.0.Final.jar:3.8.0.Final]
	at org.xnio.nio.WorkerThread.run(WorkerThread.java:591) [xnio-nio-3.8.0.Final.jar:3.8.0.Final]
Caused by: java.util.concurrent.RejectedExecutionException: XNIO007007: Thread is terminating
	at org.xnio.nio.WorkerThread.execute(WorkerThread.java:620) ~[xnio-nio-3.8.0.Final.jar:3.8.0.Final]
	at org.xnio.nio.NioTcpServerHandle.channelClosed(NioTcpServerHandle.java:111) ~[xnio-nio-3.8.0.Final.jar:3.8.0.Final]
	at org.xnio.nio.NioSocketStreamConnection.closeAction(NioSocketStreamConnection.java:139) ~[xnio-nio-3.8.0.Final.jar:3.8.0.Final]
	at org.xnio.Connection.close(Connection.java:132) ~[xnio-api-3.8.0.Final.jar:3.8.0.Final]
	at io.undertow.server.AbstractServerConnection.close(AbstractServerConnection.java:159) ~[undertow-core-2.1.3.Final.jar:2.1.3.Final]
	at org.springframework.http.server.reactive.UndertowHttpHandlerAdapter$HandlerResultSubscriber.onError(UndertowHttpHandlerAdapter.java:119) ~[spring-web-5.3.0-M1.jar:5.3.0-M1]
	at reactor.core.publisher.StrictSubscriber.onError(StrictSubscriber.java:106) ~[reactor-core-3.4.0-M1.jar:3.4.0-M1]
	at reactor.core.publisher.Operators$MonoSubscriber.onError(Operators.java:1829) ~[reactor-core-3.4.0-M1.jar:3.4.0-M1]
	at reactor.core.publisher.MonoIgnoreThen$ThenIgnoreInner.onError(MonoIgnoreThen.java:235) ~[reactor-core-3.4.0-M1.jar:3.4.0-M1]
	at reactor.core.publisher.FluxOnErrorResume$ResumeSubscriber.onError(FluxOnErrorResume.java:100) ~[reactor-core-3.4.0-M1.jar:3.4.0-M1]
	at reactor.core.publisher.Operators.error(Operators.java:196) ~[reactor-core-3.4.0-M1.jar:3.4.0-M1]
	at reactor.core.publisher.MonoError.subscribe(MonoError.java:52) ~[reactor-core-3.4.0-M1.jar:3.4.0-M1]
	at reactor.core.publisher.Mono.subscribe(Mono.java:4219) ~[reactor-core-3.4.0-M1.jar:3.4.0-M1]
	... 56 more
03:15:06.793 [Test worker] DEBUG o.s.w.t.h.s.r.b.UndertowHttpServer - Server stopped (0 millis).
03:15:06.869 [Test worker] DEBUG o.s.w.r.r.m.a.RequestMappingHandlerMapping - 6 mappings in 'requestMappingHandlerMapping'
03:15:06.932 [Test worker] DEBUG o.s.w.r.r.m.a.ControllerMethodResolver - ControllerAdvice beans: none
03:15:06.999 [Test worker] DEBUG o.s.w.s.a.HttpWebHandlerAdapter - enableLoggingRequestDetails='false': form data and headers will be masked to prevent unsafe logging of potentially sensitive data
03:15:07.000 [Test worker] WARN  o.e.j.s.h.ContextHandler - Empty contextPath
03:15:07.001 [Test worker] INFO  o.e.j.s.h.ContextHandler - Started o.e.j.s.ServletContextHandler@6c2b20ee{/,null,AVAILABLE}
03:15:07.001 [Test worker] DEBUG o.s.w.t.h.s.r.b.JettyHttpServer - Starting JettyHttpServer...
03:15:07.001 [Test worker] INFO  o.e.j.s.Server - jetty-9.4.30.v20200611; built: 2020-06-11T12:34:51.929Z; git: 271836e4c1f4612f12b7bb13ef5a92a927634b0d; jvm 1.8.0_251-b08
03:15:07.028 [Test worker] INFO  o.e.j.s.AbstractConnector - Started ServerConnector@2102c669{HTTP/1.1, (http/1.1)}{0.0.0.0:55300}
03:15:07.028 [Test worker] INFO  o.e.j.s.Server - Started @67466ms
03:15:07.029 [Test worker] DEBUG o.s.w.t.h.s.r.b.JettyHttpServer - Server started on port 55300(0 millis).
03:15:07.029 [Test worker] DEBUG o.s.w.c.RestTemplate - HTTP GET http://localhost:55300/thrown-exception-with-cause
03:15:07.029 [Test worker] DEBUG o.s.w.c.RestTemplate - Accept=[text/plain, application/json, application/x-jackson-smile, application/*+json, */*]
03:15:07.032 [qtp1255386922-717] DEBUG o.s.w.s.a.HttpWebHandlerAdapter - [e00340c] HTTP GET "/thrown-exception-with-cause"
03:15:07.033 [qtp1255386922-717] DEBUG o.s.w.r.r.m.a.RequestMappingHandlerMapping - [e00340c] Mapped to org.springframework.web.reactive.result.method.annotation.RequestMappingExceptionHandlingIntegrationTests$TestController#handleAndThrowExceptionWithCause()
03:15:07.034 [qtp1255386922-717] DEBUG o.s.w.r.r.m.a.RequestMappingHandlerAdapter - [e00340c] Using @ExceptionHandler org.springframework.web.reactive.result.method.annotation.RequestMappingExceptionHandlingIntegrationTests$TestController#handleStateException(IllegalStateException)
03:15:07.035 [qtp1255386922-717] DEBUG o.s.w.r.r.m.a.ResponseEntityResultHandler - Using 'text/plain;charset=UTF-8' given [text/plain, application/json, application/x-jackson-smile, application/*+json, */*] and supported [text/plain;charset=UTF-8, text/event-stream, text/plain;charset=UTF-8, */*]
03:15:07.035 [qtp1255386922-717] DEBUG o.s.w.r.r.m.a.ResponseEntityResultHandler - [e00340c] 0..1 [java.lang.String]
03:15:07.035 [qtp1255386922-717] DEBUG o.s.c.c.CharSequenceEncoder - [e00340c] Writing "Recovered from error: State"
03:15:07.036 [Test worker] DEBUG o.s.w.c.RestTemplate - Response 200 OK
03:15:07.036 [qtp1255386922-717] DEBUG o.s.w.s.a.HttpWebHandlerAdapter - [e00340c] Completed 200 OK
03:15:07.036 [Test worker] DEBUG o.s.w.c.RestTemplate - Reading to [java.lang.String] as "text/plain;charset=utf-8"
03:15:07.037 [Test worker] DEBUG o.s.w.t.h.s.r.b.JettyHttpServer - Stopping JettyHttpServer...
03:15:07.037 [Test worker] INFO  o.e.j.s.h.ContextHandler - Stopped o.e.j.s.ServletContextHandler@6c2b20ee{/,null,UNAVAILABLE}
03:15:07.039 [Test worker] INFO  o.e.j.s.AbstractConnector - Stopped ServerConnector@2102c669{HTTP/1.1, (http/1.1)}{0.0.0.0:0}
03:15:07.039 [Test worker] DEBUG o.s.w.t.h.s.r.b.JettyHttpServer - Server stopped (0 millis).
03:15:07.098 [Test worker] DEBUG o.s.w.r.r.m.a.RequestMappingHandlerMapping - 6 mappings in 'requestMappingHandlerMapping'
03:15:07.115 [Test worker] DEBUG o.s.w.r.r.m.a.ControllerMethodResolver - ControllerAdvice beans: none
03:15:07.129 [Test worker] DEBUG o.s.w.s.a.HttpWebHandlerAdapter - enableLoggingRequestDetails='false': form data and headers will be masked to prevent unsafe logging of potentially sensitive data
03:15:07.129 [Test worker] DEBUG o.s.w.t.h.s.r.b.ReactorHttpServer - Starting ReactorHttpServer...
03:15:07.130 [Test worker] DEBUG o.s.w.t.h.s.r.b.ReactorHttpServer - Server started on port 55306(0 millis).
03:15:07.130 [Test worker] DEBUG o.s.w.c.RestTemplate - HTTP GET http://localhost:55306/thrown-exception-with-cause
03:15:07.131 [Test worker] DEBUG o.s.w.c.RestTemplate - Accept=[text/plain, application/json, application/x-jackson-smile, application/*+json, */*]
03:15:07.133 [reactor-http-nio-4] DEBUG o.s.w.s.a.HttpWebHandlerAdapter - [bdb71745-16] HTTP GET "/thrown-exception-with-cause"
03:15:07.133 [reactor-http-nio-4] DEBUG o.s.w.r.r.m.a.RequestMappingHandlerMapping - [bdb71745-16] Mapped to org.springframework.web.reactive.result.method.annotation.RequestMappingExceptionHandlingIntegrationTests$TestController#handleAndThrowExceptionWithCause()
03:15:07.134 [reactor-http-nio-4] DEBUG o.s.w.r.r.m.a.RequestMappingHandlerAdapter - [bdb71745-16] Using @ExceptionHandler org.springframework.web.reactive.result.method.annotation.RequestMappingExceptionHandlingIntegrationTests$TestController#handleStateException(IllegalStateException)
03:15:07.135 [reactor-http-nio-4] DEBUG o.s.w.r.r.m.a.ResponseEntityResultHandler - Using 'text/plain;charset=UTF-8' given [text/plain, application/json, application/x-jackson-smile, application/*+json, */*] and supported [text/plain;charset=UTF-8, text/event-stream, text/plain;charset=UTF-8, */*]
03:15:07.135 [reactor-http-nio-4] DEBUG o.s.w.r.r.m.a.ResponseEntityResultHandler - [bdb71745-16] 0..1 [java.lang.String]
03:15:07.135 [reactor-http-nio-4] DEBUG o.s.c.c.CharSequenceEncoder - [bdb71745-16] Writing "Recovered from error: State"
03:15:07.136 [reactor-http-nio-4] DEBUG o.s.w.s.a.HttpWebHandlerAdapter - [bdb71745-16] Completed 200 OK
03:15:07.136 [Test worker] DEBUG o.s.w.c.RestTemplate - Response 200 OK
03:15:07.136 [Test worker] DEBUG o.s.w.c.RestTemplate - Reading to [java.lang.String] as "text/plain;charset=UTF-8"
03:15:07.136 [Test worker] DEBUG o.s.w.t.h.s.r.b.ReactorHttpServer - Stopping ReactorHttpServer...
03:15:07.136 [Test worker] DEBUG o.s.w.t.h.s.r.b.ReactorHttpServer - Server stopped (0 millis).
03:15:07.198 [Test worker] DEBUG o.s.w.r.r.m.a.RequestMappingHandlerMapping - 6 mappings in 'requestMappingHandlerMapping'
03:15:07.240 [Test worker] DEBUG o.s.w.r.r.m.a.ControllerMethodResolver - ControllerAdvice beans: none
03:15:07.261 [Test worker] DEBUG o.s.w.s.a.HttpWebHandlerAdapter - enableLoggingRequestDetails='false': form data and headers will be masked to prevent unsafe logging of potentially sensitive data
03:15:07.262 [Test worker] DEBUG o.s.w.t.h.s.r.b.TomcatHttpServer - Starting TomcatHttpServer...
03:15:07.277 [Test worker] DEBUG o.s.w.t.h.s.r.b.TomcatHttpServer - Server started on port 55308(0 millis).
03:15:07.277 [Test worker] DEBUG o.s.w.c.RestTemplate - HTTP GET http://localhost:55308/thrown-exception-with-cause
03:15:07.277 [Test worker] DEBUG o.s.w.c.RestTemplate - Accept=[text/plain, application/json, application/x-jackson-smile, application/*+json, */*]
03:15:07.286 [http-nio-auto-16-exec-1] DEBUG o.s.w.s.a.HttpWebHandlerAdapter - [537e9393] HTTP GET "/thrown-exception-with-cause"
03:15:07.287 [http-nio-auto-16-exec-1] DEBUG o.s.w.r.r.m.a.RequestMappingHandlerMapping - [537e9393] Mapped to org.springframework.web.reactive.result.method.annotation.RequestMappingExceptionHandlingIntegrationTests$TestController#handleAndThrowExceptionWithCause()
03:15:07.287 [http-nio-auto-16-exec-1] DEBUG o.s.w.r.r.m.a.RequestMappingHandlerAdapter - [537e9393] Using @ExceptionHandler org.springframework.web.reactive.result.method.annotation.RequestMappingExceptionHandlingIntegrationTests$TestController#handleStateException(IllegalStateException)
03:15:07.288 [http-nio-auto-16-exec-1] DEBUG o.s.w.r.r.m.a.ResponseEntityResultHandler - Using 'text/plain;charset=UTF-8' given [text/plain, application/json, application/x-jackson-smile, application/*+json, */*] and supported [text/plain;charset=UTF-8, text/event-stream, text/plain;charset=UTF-8, */*]
03:15:07.288 [http-nio-auto-16-exec-1] DEBUG o.s.w.r.r.m.a.ResponseEntityResultHandler - [537e9393] 0..1 [java.lang.String]
03:15:07.288 [http-nio-auto-16-exec-1] DEBUG o.s.c.c.CharSequenceEncoder - [537e9393] Writing "Recovered from error: State"
03:15:07.289 [http-nio-auto-16-exec-1] DEBUG o.s.w.s.a.HttpWebHandlerAdapter - [537e9393] Completed 200 OK
03:15:07.289 [Test worker] DEBUG o.s.w.c.RestTemplate - Response 200 OK
03:15:07.289 [Test worker] DEBUG o.s.w.c.RestTemplate - Reading to [java.lang.String] as "text/plain;charset=UTF-8"
03:15:07.305 [Test worker] DEBUG o.s.w.t.h.s.r.b.TomcatHttpServer - Stopping TomcatHttpServer...
03:15:07.524 [Test worker] DEBUG o.s.w.t.h.s.r.b.TomcatHttpServer - Server stopped (0 millis).
03:15:07.589 [Test worker] DEBUG o.s.w.r.r.m.a.RequestMappingHandlerMapping - 6 mappings in 'requestMappingHandlerMapping'
03:15:07.620 [Test worker] DEBUG o.s.w.r.r.m.a.ControllerMethodResolver - ControllerAdvice beans: none
03:15:07.639 [Test worker] DEBUG o.s.w.s.a.HttpWebHandlerAdapter - enableLoggingRequestDetails='false': form data and headers will be masked to prevent unsafe logging of potentially sensitive data
03:15:07.639 [Test worker] DEBUG o.s.w.t.h.s.r.b.UndertowHttpServer - Starting UndertowHttpServer...
03:15:07.639 [Test worker] INFO  i.undertow - starting server: Undertow - 2.1.3.Final
03:15:07.649 [Test worker] DEBUG o.s.w.t.h.s.r.b.UndertowHttpServer - Server started on port 55325(0 millis).
03:15:07.649 [Test worker] DEBUG o.s.w.c.RestTemplate - HTTP GET http://localhost:55325/thrown-exception-with-cause
03:15:07.650 [Test worker] DEBUG o.s.w.c.RestTemplate - Accept=[text/plain, application/json, application/x-jackson-smile, application/*+json, */*]
03:15:07.652 [XNIO-16 I/O-4] DEBUG o.s.w.s.a.HttpWebHandlerAdapter - [7f20bcb5] HTTP GET "/thrown-exception-with-cause"
03:15:07.653 [XNIO-16 I/O-4] DEBUG o.s.w.r.r.m.a.RequestMappingHandlerMapping - [7f20bcb5] Mapped to org.springframework.web.reactive.result.method.annotation.RequestMappingExceptionHandlingIntegrationTests$TestController#handleAndThrowExceptionWithCause()
03:15:07.654 [XNIO-16 I/O-4] DEBUG o.s.w.r.r.m.a.RequestMappingHandlerAdapter - [7f20bcb5] Using @ExceptionHandler org.springframework.web.reactive.result.method.annotation.RequestMappingExceptionHandlingIntegrationTests$TestController#handleStateException(IllegalStateException)
03:15:07.654 [XNIO-16 I/O-4] DEBUG o.s.w.r.r.m.a.ResponseEntityResultHandler - Using 'text/plain;charset=UTF-8' given [text/plain, application/json, application/x-jackson-smile, application/*+json, */*] and supported [text/plain;charset=UTF-8, text/event-stream, text/plain;charset=UTF-8, */*]
03:15:07.654 [XNIO-16 I/O-4] DEBUG o.s.w.r.r.m.a.ResponseEntityResultHandler - [7f20bcb5] 0..1 [java.lang.String]
03:15:07.654 [XNIO-16 I/O-4] DEBUG o.s.c.c.CharSequenceEncoder - [7f20bcb5] Writing "Recovered from error: State"
03:15:07.655 [Test worker] DEBUG o.s.w.c.RestTemplate - Response 200 OK
03:15:07.655 [XNIO-16 I/O-4] DEBUG o.s.w.s.a.HttpWebHandlerAdapter - [7f20bcb5] Completed 200 OK
03:15:07.655 [Test worker] DEBUG o.s.w.c.RestTemplate - Reading to [java.lang.String] as "text/plain;charset=UTF-8"
03:15:07.656 [Test worker] DEBUG o.s.w.t.h.s.r.b.UndertowHttpServer - Stopping UndertowHttpServer...
03:15:07.656 [Test worker] INFO  i.undertow - stopping server: Undertow - 2.1.3.Final
03:15:07.659 [Test worker] DEBUG o.s.w.t.h.s.r.b.UndertowHttpServer - Server stopped (0 millis).
]]></system-out>
  <system-err><![CDATA[]]></system-err>
</testsuite>
