<?xml version="1.0" encoding="UTF-8"?>
<testsuite name="org.springframework.web.reactive.resource.ResourceWebHandlerTests" tests="31" skipped="0" failures="0" errors="0" timestamp="2023-03-06T08:14:48" hostname="DESKTOP-VGJP1PJ" time="0.327">
  <properties/>
  <testcase name="getResourceNoCache()" classname="org.springframework.web.reactive.resource.ResourceWebHandlerTests" time="0.037"/>
  <testcase name="getResourceFromAlternatePath()" classname="org.springframework.web.reactive.resource.ResourceWebHandlerTests" time="0.008"/>
  <testcase name="missingResourcePath()" classname="org.springframework.web.reactive.resource.ResourceWebHandlerTests" time="0.001"/>
  <testcase name="partialContentMultipleByteRanges()" classname="org.springframework.web.reactive.resource.ResourceWebHandlerTests" time="0.013"/>
  <testcase name="testInvalidPath()" classname="org.springframework.web.reactive.resource.ResourceWebHandlerTests" time="0.025"/>
  <testcase name="partialContentByteRange()" classname="org.springframework.web.reactive.resource.ResourceWebHandlerTests" time="0.005"/>
  <testcase name="getResourceFromSubDirectoryOfAlternatePath()" classname="org.springframework.web.reactive.resource.ResourceWebHandlerTests" time="0.005"/>
  <testcase name="getResourceHttpOptions()" classname="org.springframework.web.reactive.resource.ResourceWebHandlerTests" time="0.001"/>
  <testcase name="directory()" classname="org.springframework.web.reactive.resource.ResourceWebHandlerTests" time="0.003"/>
  <testcase name="modified()" classname="org.springframework.web.reactive.resource.ResourceWebHandlerTests" time="0.005"/>
  <testcase name="partialContentByteRangeNoEnd()" classname="org.springframework.web.reactive.resource.ResourceWebHandlerTests" time="0.006"/>
  <testcase name="resourceNotFound()" classname="org.springframework.web.reactive.resource.ResourceWebHandlerTests" time="0.046"/>
  <testcase name="unsupportedHttpMethod()" classname="org.springframework.web.reactive.resource.ResourceWebHandlerTests" time="0.002"/>
  <testcase name="notModified()" classname="org.springframework.web.reactive.resource.ResourceWebHandlerTests" time="0.004"/>
  <testcase name="processPath()" classname="org.springframework.web.reactive.resource.ResourceWebHandlerTests" time="0.001"/>
  <testcase name="partialContentSuffixRange()" classname="org.springframework.web.reactive.resource.ResourceWebHandlerTests" time="0.006"/>
  <testcase name="doOverwriteExistingCacheControlHeaders()" classname="org.springframework.web.reactive.resource.ResourceWebHandlerTests" time="0.005"/>
  <testcase name="getResourceWithHtmlMediaType()" classname="org.springframework.web.reactive.resource.ResourceWebHandlerTests" time="0.006"/>
  <testcase name="partialContentInvalidRangeHeader()" classname="org.springframework.web.reactive.resource.ResourceWebHandlerTests" time="0.003"/>
  <testcase name="directoryInJarFile()" classname="org.springframework.web.reactive.resource.ResourceWebHandlerTests" time="0.003"/>
  <testcase name="initAllowedLocationsWithExplicitConfiguration()" classname="org.springframework.web.reactive.resource.ResourceWebHandlerTests" time="0.0"/>
  <testcase name="testResolvePathWithTraversal()" classname="org.springframework.web.reactive.resource.ResourceWebHandlerTests" time="0.084"/>
  <testcase name="getMediaTypeWithFavorPathExtensionOff()" classname="org.springframework.web.reactive.resource.ResourceWebHandlerTests" time="0.004"/>
  <testcase name="partialContentSuffixRangeLargeSuffix()" classname="org.springframework.web.reactive.resource.ResourceWebHandlerTests" time="0.005"/>
  <testcase name="noPathWithinHandlerMappingAttribute()" classname="org.springframework.web.reactive.resource.ResourceWebHandlerTests" time="0.001"/>
  <testcase name="partialContentByteRangeLargeEnd()" classname="org.springframework.web.reactive.resource.ResourceWebHandlerTests" time="0.005"/>
  <testcase name="getResourceFromSubDirectory()" classname="org.springframework.web.reactive.resource.ResourceWebHandlerTests" time="0.005"/>
  <testcase name="getVersionedResource()" classname="org.springframework.web.reactive.resource.ResourceWebHandlerTests" time="0.015"/>
  <testcase name="initAllowedLocations()" classname="org.springframework.web.reactive.resource.ResourceWebHandlerTests" time="0.0"/>
  <testcase name="getResource()" classname="org.springframework.web.reactive.resource.ResourceWebHandlerTests" time="0.005"/>
  <testcase name="getResourceHttpHeader()" classname="org.springframework.web.reactive.resource.ResourceWebHandlerTests" time="0.003"/>
  <system-out><![CDATA[03:14:48.099 [Test worker] DEBUG o.s.c.c.ResourceEncoder - [cbb03ad] Writing [class path resource [org/springframework/web/reactive/resource/test/foo.css]]
03:14:48.122 [Test worker] DEBUG o.s.c.c.ResourceEncoder - [372316da] Writing [class path resource [org/springframework/web/reactive/resource/testalternatepath/baz.css]]
03:14:48.126 [Test worker] DEBUG o.s.w.r.r.ResourceWebHandler - [3bf68964] Resource not found
03:14:48.130 [Test worker] DEBUG o.s.c.c.ResourceRegionEncoder - [382fb7fa] Writing region 0-2 of [class path resource [org/springframework/web/reactive/resource/test/foo.txt]]
03:14:48.133 [Thread-8] DEBUG o.s.c.c.ResourceRegionEncoder - [382fb7fa] Writing region 4-6 of [class path resource [org/springframework/web/reactive/resource/test/foo.txt]]
03:14:48.135 [Thread-7] DEBUG o.s.c.c.ResourceRegionEncoder - [382fb7fa] Writing region 8-10 of [class path resource [org/springframework/web/reactive/resource/test/foo.txt]]
03:14:48.157 [Test worker] WARN  o.s.w.r.r.ResourceWebHandler - Path contains "../" after call to StringUtils#cleanPath: [../testsecret/secret.txt]
03:14:48.158 [Test worker] DEBUG o.s.w.r.r.ResourceWebHandler - [72fc2b0e] Resource not found
03:14:48.158 [Test worker] WARN  o.s.w.r.r.ResourceWebHandler - Path contains "../" after call to StringUtils#cleanPath: [test/../../testsecret/secret.txt]
03:14:48.159 [Test worker] DEBUG o.s.w.r.r.ResourceWebHandler - [3af3a203] Resource not found
03:14:48.160 [Test worker] WARN  o.s.w.r.r.ResourceWebHandler - Path contains "../" after call to StringUtils#cleanPath: [:/../../testsecret/secret.txt]
03:14:48.160 [Test worker] DEBUG o.s.w.r.r.ResourceWebHandler - [61797b63] Resource not found
03:14:48.161 [Test worker] WARN  o.s.w.r.r.ResourceWebHandler - Path represents URL or has "url:" prefix: [file:/F:/spring-framework-5.3.x/spring-framework-5.3.0-M1/spring-webflux/build/resources/test/org/springframework/web/reactive/resource/testsecret/secret.txt]
03:14:48.161 [Test worker] DEBUG o.s.w.r.r.ResourceWebHandler - [724e9819] Resource not found
03:14:48.162 [Test worker] WARN  o.s.w.r.r.ResourceWebHandler - Path represents URL or has "url:" prefix: [/file:/F:/spring-framework-5.3.x/spring-framework-5.3.0-M1/spring-webflux/build/resources/test/org/springframework/web/reactive/resource/testsecret/secret.txt]
03:14:48.162 [Test worker] DEBUG o.s.w.r.r.ResourceWebHandler - [5834bca1] Resource not found
03:14:48.163 [Test worker] WARN  o.s.w.r.r.ResourceWebHandler - Path represents URL or has "url:" prefix: [url:/F:/spring-framework-5.3.x/spring-framework-5.3.0-M1/spring-webflux/build/resources/test/org/springframework/web/reactive/resource/testsecret/secret.txt]
03:14:48.163 [Test worker] DEBUG o.s.w.r.r.ResourceWebHandler - [7f70ee1e] Resource not found
03:14:48.163 [Test worker] WARN  o.s.w.r.r.ResourceWebHandler - Path represents URL or has "url:" prefix: [/url:/F:/spring-framework-5.3.x/spring-framework-5.3.0-M1/spring-webflux/build/resources/test/org/springframework/web/reactive/resource/testsecret/secret.txt]
03:14:48.163 [Test worker] DEBUG o.s.w.r.r.ResourceWebHandler - [55f830f0] Resource not found
03:14:48.164 [Test worker] WARN  o.s.w.r.r.ResourceWebHandler - Path contains "../" after call to StringUtils#cleanPath: [/../../F:/spring-framework-5.3.x/spring-framework-5.3.0-M1/spring-webflux/build/resources/test/org/springframework/web/reactive/resource/testsecret/secret.txt]
03:14:48.164 [Test worker] DEBUG o.s.w.r.r.ResourceWebHandler - [5370f406] Resource not found
03:14:48.165 [Test worker] WARN  o.s.w.r.r.ResourceWebHandler - Path contains "../" after call to StringUtils#cleanPath: [/../testsecret/secret.txt]
03:14:48.165 [Test worker] DEBUG o.s.w.r.r.ResourceWebHandler - [2e5c8b7d] Resource not found
03:14:48.165 [Test worker] WARN  o.s.w.r.r.ResourceWebHandler - Path contains "../" after call to StringUtils#cleanPath: [/../testsecret/secret.txt]
03:14:48.165 [Test worker] DEBUG o.s.w.r.r.ResourceWebHandler - [562490b6] Resource not found
03:14:48.166 [Test worker] WARN  o.s.w.r.r.ResourceWebHandler - Path contains "../" after call to StringUtils#cleanPath: [/../../F:/spring-framework-5.3.x/spring-framework-5.3.0-M1/spring-webflux/build/resources/test/org/springframework/web/reactive/resource/testsecret/secret.txt]
03:14:48.166 [Test worker] DEBUG o.s.w.r.r.ResourceWebHandler - [424f5532] Resource not found
03:14:48.170 [Test worker] DEBUG o.s.c.c.ResourceRegionEncoder - [16cb49b9] Writing region 0-2 of [class path resource [org/springframework/web/reactive/resource/test/foo.txt]]
03:14:48.175 [Test worker] DEBUG o.s.c.c.ResourceEncoder - [5c062f7e] Writing [class path resource [org/springframework/web/reactive/resource/testalternatepath/js/baz.js]]
03:14:48.182 [Test worker] DEBUG o.s.w.r.r.ResourceWebHandler - [160b8345] Resource not found
03:14:48.186 [Test worker] DEBUG o.s.c.c.ResourceEncoder - [37512f45] Writing [class path resource [org/springframework/web/reactive/resource/test/foo.css]]
03:14:48.192 [Test worker] DEBUG o.s.c.c.ResourceRegionEncoder - [342ca232] Writing region 9-10 of [class path resource [org/springframework/web/reactive/resource/test/foo.txt]]
03:14:48.197 [Test worker] DEBUG o.s.w.r.r.ResourceWebHandler - [7ef71e59] Resource not found
03:14:48.199 [Test worker] DEBUG o.s.w.r.r.ResourceWebHandler - [7ef71e59] Resource not found
03:14:48.202 [Test worker] DEBUG o.s.w.r.r.ResourceWebHandler - [7ef71e59] Resource not found
03:14:48.203 [Test worker] DEBUG o.s.w.r.r.ResourceWebHandler - [1effca7] Resource not found
03:14:48.205 [Test worker] DEBUG o.s.w.r.r.ResourceWebHandler - [1effca7] Resource not found
03:14:48.206 [Test worker] DEBUG o.s.w.r.r.ResourceWebHandler - [1effca7] Resource not found
03:14:48.208 [Test worker] DEBUG o.s.w.r.r.ResourceWebHandler - [120c8bc] Resource not found
03:14:48.210 [Test worker] DEBUG o.s.w.r.r.ResourceWebHandler - [120c8bc] Resource not found
03:14:48.211 [Test worker] DEBUG o.s.w.r.r.ResourceWebHandler - [120c8bc] Resource not found
03:14:48.213 [Test worker] DEBUG o.s.w.r.r.ResourceWebHandler - [16275a9f] Resource not found
03:14:48.214 [Test worker] DEBUG o.s.w.r.r.ResourceWebHandler - [16275a9f] Resource not found
03:14:48.216 [Test worker] DEBUG o.s.w.r.r.ResourceWebHandler - [16275a9f] Resource not found
03:14:48.219 [Test worker] DEBUG o.s.w.r.r.ResourceWebHandler - [30938559] Resource not found
03:14:48.221 [Test worker] DEBUG o.s.w.r.r.ResourceWebHandler - [30938559] Resource not found
03:14:48.223 [Test worker] DEBUG o.s.w.r.r.ResourceWebHandler - [30938559] Resource not found
03:14:48.225 [Test worker] DEBUG o.s.w.r.r.ResourceWebHandler - [4e674d28] Resource not found
03:14:48.227 [Test worker] DEBUG o.s.w.r.r.ResourceWebHandler - [4e674d28] Resource not found
03:14:48.228 [Test worker] DEBUG o.s.w.r.r.ResourceWebHandler - [4e674d28] Resource not found
03:14:48.231 [Test worker] DEBUG o.s.w.r.r.ResourceWebHandler - [49051970] Resource not found
03:14:48.233 [Test worker] DEBUG o.s.w.r.r.ResourceWebHandler - [49051970] Resource not found
03:14:48.235 [Test worker] DEBUG o.s.w.r.r.ResourceWebHandler - [49051970] Resource not found
03:14:48.237 [Test worker] DEBUG o.s.w.r.r.ResourceWebHandler - [655a516d] Resource not found
03:14:48.239 [Test worker] DEBUG o.s.w.r.r.ResourceWebHandler - [655a516d] Resource not found
03:14:48.240 [Test worker] DEBUG o.s.w.r.r.ResourceWebHandler - [655a516d] Resource not found
03:14:48.255 [Test worker] DEBUG o.s.c.c.ResourceRegionEncoder - [447f3232] Writing region 9-10 of [class path resource [org/springframework/web/reactive/resource/test/foo.txt]]
03:14:48.259 [Test worker] DEBUG o.s.c.c.ResourceEncoder - [4f8a64db] Writing [class path resource [org/springframework/web/reactive/resource/test/foo.css]]
03:14:48.265 [Test worker] DEBUG o.s.c.c.ResourceEncoder - [597baf4d] Writing [class path resource [org/springframework/web/reactive/resource/test/foo.html]]
03:14:48.275 [Test worker] DEBUG o.s.w.r.r.ResourceWebHandler - [21071cc5] Resource not found
03:14:48.277 [Test worker] WARN  o.s.w.r.r.ResourceWebHandler - Path contains "../" after call to StringUtils#cleanPath: [../testsecret/secret.txt]
03:14:48.278 [Test worker] DEBUG o.s.w.r.r.ResourceWebHandler - [69382fd] Resource not found
03:14:48.279 [Test worker] WARN  o.s.w.r.r.ResourceWebHandler - Path contains "../" after call to StringUtils#cleanPath: [test/../../testsecret/secret.txt]
03:14:48.279 [Test worker] DEBUG o.s.w.r.r.ResourceWebHandler - [2c2d82ad] Resource not found
03:14:48.280 [Test worker] WARN  o.s.w.r.r.ResourceWebHandler - Path contains "../" after call to StringUtils#cleanPath: [:/../../testsecret/secret.txt]
03:14:48.280 [Test worker] DEBUG o.s.w.r.r.ResourceWebHandler - [1fd30b2b] Resource not found
03:14:48.281 [Test worker] WARN  o.s.w.r.r.ResourceWebHandler - Path represents URL or has "url:" prefix: [file:/F:/spring-framework-5.3.x/spring-framework-5.3.0-M1/spring-webflux/build/resources/test/org/springframework/web/reactive/resource/testsecret/secret.txt]
03:14:48.281 [Test worker] DEBUG o.s.w.r.r.ResourceWebHandler - [5cde646] Resource not found
03:14:48.282 [Test worker] WARN  o.s.w.r.r.ResourceWebHandler - Path represents URL or has "url:" prefix: [/file:/F:/spring-framework-5.3.x/spring-framework-5.3.0-M1/spring-webflux/build/resources/test/org/springframework/web/reactive/resource/testsecret/secret.txt]
03:14:48.282 [Test worker] DEBUG o.s.w.r.r.ResourceWebHandler - [1a085d68] Resource not found
03:14:48.283 [Test worker] WARN  o.s.w.r.r.ResourceWebHandler - Path represents URL or has "url:" prefix: [url:/F:/spring-framework-5.3.x/spring-framework-5.3.0-M1/spring-webflux/build/resources/test/org/springframework/web/reactive/resource/testsecret/secret.txt]
03:14:48.283 [Test worker] DEBUG o.s.w.r.r.ResourceWebHandler - [5af09c6e] Resource not found
03:14:48.283 [Test worker] WARN  o.s.w.r.r.ResourceWebHandler - Path represents URL or has "url:" prefix: [/url:/F:/spring-framework-5.3.x/spring-framework-5.3.0-M1/spring-webflux/build/resources/test/org/springframework/web/reactive/resource/testsecret/secret.txt]
03:14:48.284 [Test worker] DEBUG o.s.w.r.r.ResourceWebHandler - [5dfd4e48] Resource not found
03:14:48.285 [Test worker] WARN  o.s.w.r.r.ResourceWebHandler - Path contains "../" after call to StringUtils#cleanPath: [/../../F:/spring-framework-5.3.x/spring-framework-5.3.0-M1/spring-webflux/build/resources/test/org/springframework/web/reactive/resource/testsecret/secret.txt]
03:14:48.285 [Test worker] DEBUG o.s.w.r.r.ResourceWebHandler - [37e87c67] Resource not found
03:14:48.286 [Test worker] WARN  o.s.w.r.r.ResourceWebHandler - Path contains "../" after call to StringUtils#cleanPath: [/../testsecret/secret.txt]
03:14:48.286 [Test worker] DEBUG o.s.w.r.r.ResourceWebHandler - [6fd384ef] Resource not found
03:14:48.288 [Test worker] WARN  o.s.w.r.r.ResourceWebHandler - Path contains "../" after call to StringUtils#cleanPath: [/../testsecret/secret.txt]
03:14:48.288 [Test worker] DEBUG o.s.w.r.r.ResourceWebHandler - [311e6697] Resource not found
03:14:48.289 [Test worker] WARN  o.s.w.r.r.ResourceWebHandler - Path represents URL or has "url:" prefix: [url:/F:/spring-framework-5.3.x/spring-framework-5.3.0-M1/spring-webflux/build/resources/test/org/springframework/web/reactive/resource/testsecret/secret.txt]
03:14:48.289 [Test worker] DEBUG o.s.w.r.r.ResourceWebHandler - [6a6e1f2] Resource not found
03:14:48.290 [Test worker] WARN  o.s.w.r.r.ResourceWebHandler - Path contains "../" after call to StringUtils#cleanPath: [../testsecret/secret.txt]
03:14:48.290 [Test worker] DEBUG o.s.w.r.r.ResourceWebHandler - [72d9ae05] Resource not found
03:14:48.290 [Test worker] WARN  o.s.w.r.r.ResourceWebHandler - Path contains "../" after call to StringUtils#cleanPath: [test/../../testsecret/secret.txt]
03:14:48.291 [Test worker] DEBUG o.s.w.r.r.ResourceWebHandler - [15ea84d] Resource not found
03:14:48.291 [Test worker] WARN  o.s.w.r.r.ResourceWebHandler - Path contains "../" after call to StringUtils#cleanPath: [:/../../testsecret/secret.txt]
03:14:48.292 [Test worker] DEBUG o.s.w.r.r.ResourceWebHandler - [43b65c2f] Resource not found
03:14:48.293 [Test worker] WARN  o.s.w.r.r.ResourceWebHandler - Path represents URL or has "url:" prefix: [file:/F:/spring-framework-5.3.x/spring-framework-5.3.0-M1/spring-webflux/build/resources/test/org/springframework/web/reactive/resource/testsecret/secret.txt]
03:14:48.293 [Test worker] DEBUG o.s.w.r.r.ResourceWebHandler - [722e9cda] Resource not found
03:14:48.294 [Test worker] WARN  o.s.w.r.r.ResourceWebHandler - Path represents URL or has "url:" prefix: [/file:/F:/spring-framework-5.3.x/spring-framework-5.3.0-M1/spring-webflux/build/resources/test/org/springframework/web/reactive/resource/testsecret/secret.txt]
03:14:48.294 [Test worker] DEBUG o.s.w.r.r.ResourceWebHandler - [4d38ad1c] Resource not found
03:14:48.294 [Test worker] WARN  o.s.w.r.r.ResourceWebHandler - Path represents URL or has "url:" prefix: [url:/F:/spring-framework-5.3.x/spring-framework-5.3.0-M1/spring-webflux/build/resources/test/org/springframework/web/reactive/resource/testsecret/secret.txt]
03:14:48.295 [Test worker] DEBUG o.s.w.r.r.ResourceWebHandler - [39d07836] Resource not found
03:14:48.295 [Test worker] WARN  o.s.w.r.r.ResourceWebHandler - Path represents URL or has "url:" prefix: [/url:/F:/spring-framework-5.3.x/spring-framework-5.3.0-M1/spring-webflux/build/resources/test/org/springframework/web/reactive/resource/testsecret/secret.txt]
03:14:48.296 [Test worker] DEBUG o.s.w.r.r.ResourceWebHandler - [48f61c07] Resource not found
03:14:48.296 [Test worker] WARN  o.s.w.r.r.ResourceWebHandler - Path contains "../" after call to StringUtils#cleanPath: [/../../F:/spring-framework-5.3.x/spring-framework-5.3.0-M1/spring-webflux/build/resources/test/org/springframework/web/reactive/resource/testsecret/secret.txt]
03:14:48.297 [Test worker] DEBUG o.s.w.r.r.ResourceWebHandler - [4eb8818f] Resource not found
03:14:48.297 [Test worker] WARN  o.s.w.r.r.ResourceWebHandler - Path contains "../" after call to StringUtils#cleanPath: [/../testsecret/secret.txt]
03:14:48.297 [Test worker] DEBUG o.s.w.r.r.ResourceWebHandler - [46609509] Resource not found
03:14:48.298 [Test worker] WARN  o.s.w.r.r.ResourceWebHandler - Path contains "../" after call to StringUtils#cleanPath: [/../testsecret/secret.txt]
03:14:48.298 [Test worker] DEBUG o.s.w.r.r.ResourceWebHandler - [7c4b543b] Resource not found
03:14:48.299 [Test worker] WARN  o.s.w.r.r.ResourceWebHandler - Path represents URL or has "url:" prefix: [url:/F:/spring-framework-5.3.x/spring-framework-5.3.0-M1/spring-webflux/build/resources/test/org/springframework/web/reactive/resource/testsecret/secret.txt]
03:14:48.299 [Test worker] DEBUG o.s.w.r.r.ResourceWebHandler - [4257991] Resource not found
03:14:48.299 [Test worker] WARN  o.s.w.r.r.ResourceWebHandler - Path contains "../" after call to StringUtils#cleanPath: [../testsecret/secret.txt]
03:14:48.299 [Test worker] DEBUG o.s.w.r.r.ResourceWebHandler - [e1b2463] Resource not found
03:14:48.300 [Test worker] WARN  o.s.w.r.r.ResourceWebHandler - Path contains "../" after call to StringUtils#cleanPath: [test/../../testsecret/secret.txt]
03:14:48.300 [Test worker] DEBUG o.s.w.r.r.ResourceWebHandler - [4c113074] Resource not found
03:14:48.301 [Test worker] WARN  o.s.w.r.r.ResourceWebHandler - Path contains "../" after call to StringUtils#cleanPath: [:/../../testsecret/secret.txt]
03:14:48.301 [Test worker] DEBUG o.s.w.r.r.ResourceWebHandler - [6a5d4f41] Resource not found
03:14:48.302 [Test worker] WARN  o.s.w.r.r.ResourceWebHandler - Path represents URL or has "url:" prefix: [file:/F:/spring-framework-5.3.x/spring-framework-5.3.0-M1/spring-webflux/build/resources/test/org/springframework/web/reactive/resource/testsecret/secret.txt]
03:14:48.302 [Test worker] DEBUG o.s.w.r.r.ResourceWebHandler - [451b5a6a] Resource not found
03:14:48.303 [Test worker] WARN  o.s.w.r.r.ResourceWebHandler - Path represents URL or has "url:" prefix: [/file:/F:/spring-framework-5.3.x/spring-framework-5.3.0-M1/spring-webflux/build/resources/test/org/springframework/web/reactive/resource/testsecret/secret.txt]
03:14:48.303 [Test worker] DEBUG o.s.w.r.r.ResourceWebHandler - [12f44696] Resource not found
03:14:48.304 [Test worker] WARN  o.s.w.r.r.ResourceWebHandler - Path represents URL or has "url:" prefix: [url:/F:/spring-framework-5.3.x/spring-framework-5.3.0-M1/spring-webflux/build/resources/test/org/springframework/web/reactive/resource/testsecret/secret.txt]
03:14:48.304 [Test worker] DEBUG o.s.w.r.r.ResourceWebHandler - [5723462c] Resource not found
03:14:48.304 [Test worker] WARN  o.s.w.r.r.ResourceWebHandler - Path represents URL or has "url:" prefix: [/url:/F:/spring-framework-5.3.x/spring-framework-5.3.0-M1/spring-webflux/build/resources/test/org/springframework/web/reactive/resource/testsecret/secret.txt]
03:14:48.304 [Test worker] DEBUG o.s.w.r.r.ResourceWebHandler - [57842cce] Resource not found
03:14:48.305 [Test worker] WARN  o.s.w.r.r.ResourceWebHandler - Path contains "../" after call to StringUtils#cleanPath: [/../../F:/spring-framework-5.3.x/spring-framework-5.3.0-M1/spring-webflux/build/resources/test/org/springframework/web/reactive/resource/testsecret/secret.txt]
03:14:48.305 [Test worker] DEBUG o.s.w.r.r.ResourceWebHandler - [4853f45e] Resource not found
03:14:48.306 [Test worker] WARN  o.s.w.r.r.ResourceWebHandler - Path contains "../" after call to StringUtils#cleanPath: [/../testsecret/secret.txt]
03:14:48.306 [Test worker] DEBUG o.s.w.r.r.ResourceWebHandler - [7823db34] Resource not found
03:14:48.307 [Test worker] WARN  o.s.w.r.r.ResourceWebHandler - Path contains "../" after call to StringUtils#cleanPath: [/../testsecret/secret.txt]
03:14:48.307 [Test worker] DEBUG o.s.w.r.r.ResourceWebHandler - [357ce03a] Resource not found
03:14:48.308 [Test worker] WARN  o.s.w.r.r.ResourceWebHandler - Path represents URL or has "url:" prefix: [url:/F:/spring-framework-5.3.x/spring-framework-5.3.0-M1/spring-webflux/build/resources/test/org/springframework/web/reactive/resource/testsecret/secret.txt]
03:14:48.308 [Test worker] DEBUG o.s.w.r.r.ResourceWebHandler - [43685807] Resource not found
03:14:48.309 [Test worker] WARN  o.s.w.r.r.ResourceWebHandler - Path contains "../" after call to StringUtils#cleanPath: [../testsecret/secret.txt]
03:14:48.309 [Test worker] DEBUG o.s.w.r.r.ResourceWebHandler - [14ceb530] Resource not found
03:14:48.310 [Test worker] WARN  o.s.w.r.r.ResourceWebHandler - Path contains "../" after call to StringUtils#cleanPath: [test/../../testsecret/secret.txt]
03:14:48.310 [Test worker] DEBUG o.s.w.r.r.ResourceWebHandler - [725226e6] Resource not found
03:14:48.311 [Test worker] WARN  o.s.w.r.r.ResourceWebHandler - Path contains "../" after call to StringUtils#cleanPath: [:/../../testsecret/secret.txt]
03:14:48.311 [Test worker] DEBUG o.s.w.r.r.ResourceWebHandler - [20fd75a6] Resource not found
03:14:48.312 [Test worker] WARN  o.s.w.r.r.ResourceWebHandler - Path represents URL or has "url:" prefix: [file:/F:/spring-framework-5.3.x/spring-framework-5.3.0-M1/spring-webflux/build/resources/test/org/springframework/web/reactive/resource/testsecret/secret.txt]
03:14:48.312 [Test worker] DEBUG o.s.w.r.r.ResourceWebHandler - [21d4b9de] Resource not found
03:14:48.313 [Test worker] WARN  o.s.w.r.r.ResourceWebHandler - Path represents URL or has "url:" prefix: [/file:/F:/spring-framework-5.3.x/spring-framework-5.3.0-M1/spring-webflux/build/resources/test/org/springframework/web/reactive/resource/testsecret/secret.txt]
03:14:48.313 [Test worker] DEBUG o.s.w.r.r.ResourceWebHandler - [4052ffe1] Resource not found
03:14:48.313 [Test worker] WARN  o.s.w.r.r.ResourceWebHandler - Path represents URL or has "url:" prefix: [url:/F:/spring-framework-5.3.x/spring-framework-5.3.0-M1/spring-webflux/build/resources/test/org/springframework/web/reactive/resource/testsecret/secret.txt]
03:14:48.314 [Test worker] DEBUG o.s.w.r.r.ResourceWebHandler - [2354841b] Resource not found
03:14:48.314 [Test worker] WARN  o.s.w.r.r.ResourceWebHandler - Path represents URL or has "url:" prefix: [/url:/F:/spring-framework-5.3.x/spring-framework-5.3.0-M1/spring-webflux/build/resources/test/org/springframework/web/reactive/resource/testsecret/secret.txt]
03:14:48.314 [Test worker] DEBUG o.s.w.r.r.ResourceWebHandler - [68cf9592] Resource not found
03:14:48.315 [Test worker] WARN  o.s.w.r.r.ResourceWebHandler - Path contains "../" after call to StringUtils#cleanPath: [/../../F:/spring-framework-5.3.x/spring-framework-5.3.0-M1/spring-webflux/build/resources/test/org/springframework/web/reactive/resource/testsecret/secret.txt]
03:14:48.315 [Test worker] DEBUG o.s.w.r.r.ResourceWebHandler - [6cd1db1c] Resource not found
03:14:48.315 [Test worker] WARN  o.s.w.r.r.ResourceWebHandler - Path contains "../" after call to StringUtils#cleanPath: [/../testsecret/secret.txt]
03:14:48.316 [Test worker] DEBUG o.s.w.r.r.ResourceWebHandler - [3bab9c90] Resource not found
03:14:48.316 [Test worker] WARN  o.s.w.r.r.ResourceWebHandler - Path contains "../" after call to StringUtils#cleanPath: [/../testsecret/secret.txt]
03:14:48.318 [Test worker] DEBUG o.s.w.r.r.ResourceWebHandler - [3c58b3a2] Resource not found
03:14:48.319 [Test worker] WARN  o.s.w.r.r.ResourceWebHandler - Path represents URL or has "url:" prefix: [url:/F:/spring-framework-5.3.x/spring-framework-5.3.0-M1/spring-webflux/build/resources/test/org/springframework/web/reactive/resource/testsecret/secret.txt]
03:14:48.320 [Test worker] DEBUG o.s.w.r.r.ResourceWebHandler - [28afc2be] Resource not found
03:14:48.321 [Test worker] WARN  o.s.w.r.r.ResourceWebHandler - Path contains "../" after call to StringUtils#cleanPath: [../testsecret/secret.txt]
03:14:48.322 [Test worker] DEBUG o.s.w.r.r.ResourceWebHandler - [4ac4f58c] Resource not found
03:14:48.322 [Test worker] WARN  o.s.w.r.r.ResourceWebHandler - Path contains "../" after call to StringUtils#cleanPath: [test/../../testsecret/secret.txt]
03:14:48.323 [Test worker] DEBUG o.s.w.r.r.ResourceWebHandler - [2decaf58] Resource not found
03:14:48.324 [Test worker] WARN  o.s.w.r.r.ResourceWebHandler - Path contains "../" after call to StringUtils#cleanPath: [:/../../testsecret/secret.txt]
03:14:48.324 [Test worker] DEBUG o.s.w.r.r.ResourceWebHandler - [5450cce4] Resource not found
03:14:48.325 [Test worker] WARN  o.s.w.r.r.ResourceWebHandler - Path represents URL or has "url:" prefix: [file:/F:/spring-framework-5.3.x/spring-framework-5.3.0-M1/spring-webflux/build/resources/test/org/springframework/web/reactive/resource/testsecret/secret.txt]
03:14:48.325 [Test worker] DEBUG o.s.w.r.r.ResourceWebHandler - [2bc4ee2] Resource not found
03:14:48.326 [Test worker] WARN  o.s.w.r.r.ResourceWebHandler - Path represents URL or has "url:" prefix: [/file:/F:/spring-framework-5.3.x/spring-framework-5.3.0-M1/spring-webflux/build/resources/test/org/springframework/web/reactive/resource/testsecret/secret.txt]
03:14:48.326 [Test worker] DEBUG o.s.w.r.r.ResourceWebHandler - [6fb9b3ac] Resource not found
03:14:48.326 [Test worker] WARN  o.s.w.r.r.ResourceWebHandler - Path represents URL or has "url:" prefix: [url:/F:/spring-framework-5.3.x/spring-framework-5.3.0-M1/spring-webflux/build/resources/test/org/springframework/web/reactive/resource/testsecret/secret.txt]
03:14:48.327 [Test worker] DEBUG o.s.w.r.r.ResourceWebHandler - [2767476c] Resource not found
03:14:48.328 [Test worker] WARN  o.s.w.r.r.ResourceWebHandler - Path represents URL or has "url:" prefix: [/url:/F:/spring-framework-5.3.x/spring-framework-5.3.0-M1/spring-webflux/build/resources/test/org/springframework/web/reactive/resource/testsecret/secret.txt]
03:14:48.328 [Test worker] DEBUG o.s.w.r.r.ResourceWebHandler - [75829888] Resource not found
03:14:48.329 [Test worker] WARN  o.s.w.r.r.ResourceWebHandler - Path contains "../" after call to StringUtils#cleanPath: [/../../F:/spring-framework-5.3.x/spring-framework-5.3.0-M1/spring-webflux/build/resources/test/org/springframework/web/reactive/resource/testsecret/secret.txt]
03:14:48.329 [Test worker] DEBUG o.s.w.r.r.ResourceWebHandler - [15a91384] Resource not found
03:14:48.330 [Test worker] WARN  o.s.w.r.r.ResourceWebHandler - Path contains "../" after call to StringUtils#cleanPath: [/../testsecret/secret.txt]
03:14:48.330 [Test worker] DEBUG o.s.w.r.r.ResourceWebHandler - [372fe64e] Resource not found
03:14:48.331 [Test worker] WARN  o.s.w.r.r.ResourceWebHandler - Path contains "../" after call to StringUtils#cleanPath: [/../testsecret/secret.txt]
03:14:48.331 [Test worker] DEBUG o.s.w.r.r.ResourceWebHandler - [2a6e8be0] Resource not found
03:14:48.332 [Test worker] WARN  o.s.w.r.r.ResourceWebHandler - Path represents URL or has "url:" prefix: [url:/F:/spring-framework-5.3.x/spring-framework-5.3.0-M1/spring-webflux/build/resources/test/org/springframework/web/reactive/resource/testsecret/secret.txt]
03:14:48.332 [Test worker] DEBUG o.s.w.r.r.ResourceWebHandler - [4bc900fd] Resource not found
03:14:48.333 [Test worker] WARN  o.s.w.r.r.ResourceWebHandler - Path contains "../" after call to StringUtils#cleanPath: [../testsecret/secret.txt]
03:14:48.333 [Test worker] DEBUG o.s.w.r.r.ResourceWebHandler - [16a10f33] Resource not found
03:14:48.333 [Test worker] WARN  o.s.w.r.r.ResourceWebHandler - Path contains "../" after call to StringUtils#cleanPath: [test/../../testsecret/secret.txt]
03:14:48.334 [Test worker] DEBUG o.s.w.r.r.ResourceWebHandler - [5e74863f] Resource not found
03:14:48.335 [Test worker] WARN  o.s.w.r.r.ResourceWebHandler - Path contains "../" after call to StringUtils#cleanPath: [:/../../testsecret/secret.txt]
03:14:48.335 [Test worker] DEBUG o.s.w.r.r.ResourceWebHandler - [9b279a] Resource not found
03:14:48.336 [Test worker] WARN  o.s.w.r.r.ResourceWebHandler - Path represents URL or has "url:" prefix: [file:/F:/spring-framework-5.3.x/spring-framework-5.3.0-M1/spring-webflux/build/resources/test/org/springframework/web/reactive/resource/testsecret/secret.txt]
03:14:48.337 [Test worker] DEBUG o.s.w.r.r.ResourceWebHandler - [356019c] Resource not found
03:14:48.337 [Test worker] WARN  o.s.w.r.r.ResourceWebHandler - Path represents URL or has "url:" prefix: [/file:/F:/spring-framework-5.3.x/spring-framework-5.3.0-M1/spring-webflux/build/resources/test/org/springframework/web/reactive/resource/testsecret/secret.txt]
03:14:48.337 [Test worker] DEBUG o.s.w.r.r.ResourceWebHandler - [1d904e52] Resource not found
03:14:48.338 [Test worker] WARN  o.s.w.r.r.ResourceWebHandler - Path represents URL or has "url:" prefix: [url:/F:/spring-framework-5.3.x/spring-framework-5.3.0-M1/spring-webflux/build/resources/test/org/springframework/web/reactive/resource/testsecret/secret.txt]
03:14:48.338 [Test worker] DEBUG o.s.w.r.r.ResourceWebHandler - [67af76a1] Resource not found
03:14:48.339 [Test worker] WARN  o.s.w.r.r.ResourceWebHandler - Path represents URL or has "url:" prefix: [/url:/F:/spring-framework-5.3.x/spring-framework-5.3.0-M1/spring-webflux/build/resources/test/org/springframework/web/reactive/resource/testsecret/secret.txt]
03:14:48.339 [Test worker] DEBUG o.s.w.r.r.ResourceWebHandler - [3ed12a39] Resource not found
03:14:48.340 [Test worker] WARN  o.s.w.r.r.ResourceWebHandler - Path contains "../" after call to StringUtils#cleanPath: [/../../F:/spring-framework-5.3.x/spring-framework-5.3.0-M1/spring-webflux/build/resources/test/org/springframework/web/reactive/resource/testsecret/secret.txt]
03:14:48.340 [Test worker] DEBUG o.s.w.r.r.ResourceWebHandler - [d38869e] Resource not found
03:14:48.341 [Test worker] WARN  o.s.w.r.r.ResourceWebHandler - Path contains "../" after call to StringUtils#cleanPath: [/../testsecret/secret.txt]
03:14:48.341 [Test worker] DEBUG o.s.w.r.r.ResourceWebHandler - [1245bbb5] Resource not found
03:14:48.341 [Test worker] WARN  o.s.w.r.r.ResourceWebHandler - Path contains "../" after call to StringUtils#cleanPath: [/../testsecret/secret.txt]
03:14:48.342 [Test worker] DEBUG o.s.w.r.r.ResourceWebHandler - [e43cd22] Resource not found
03:14:48.342 [Test worker] WARN  o.s.w.r.r.ResourceWebHandler - Path represents URL or has "url:" prefix: [url:/F:/spring-framework-5.3.x/spring-framework-5.3.0-M1/spring-webflux/build/resources/test/org/springframework/web/reactive/resource/testsecret/secret.txt]
03:14:48.342 [Test worker] DEBUG o.s.w.r.r.ResourceWebHandler - [39f4be31] Resource not found
03:14:48.343 [Test worker] WARN  o.s.w.r.r.ResourceWebHandler - Path contains "../" after call to StringUtils#cleanPath: [../testsecret/secret.txt]
03:14:48.343 [Test worker] DEBUG o.s.w.r.r.ResourceWebHandler - [7031d3e7] Resource not found
03:14:48.344 [Test worker] WARN  o.s.w.r.r.ResourceWebHandler - Path contains "../" after call to StringUtils#cleanPath: [test/../../testsecret/secret.txt]
03:14:48.344 [Test worker] DEBUG o.s.w.r.r.ResourceWebHandler - [4f165647] Resource not found
03:14:48.345 [Test worker] WARN  o.s.w.r.r.ResourceWebHandler - Path contains "../" after call to StringUtils#cleanPath: [:/../../testsecret/secret.txt]
03:14:48.345 [Test worker] DEBUG o.s.w.r.r.ResourceWebHandler - [5facb85a] Resource not found
03:14:48.345 [Test worker] WARN  o.s.w.r.r.ResourceWebHandler - Path represents URL or has "url:" prefix: [file:/F:/spring-framework-5.3.x/spring-framework-5.3.0-M1/spring-webflux/build/resources/test/org/springframework/web/reactive/resource/testsecret/secret.txt]
03:14:48.346 [Test worker] DEBUG o.s.w.r.r.ResourceWebHandler - [43b580a8] Resource not found
03:14:48.346 [Test worker] WARN  o.s.w.r.r.ResourceWebHandler - Path represents URL or has "url:" prefix: [/file:/F:/spring-framework-5.3.x/spring-framework-5.3.0-M1/spring-webflux/build/resources/test/org/springframework/web/reactive/resource/testsecret/secret.txt]
03:14:48.346 [Test worker] DEBUG o.s.w.r.r.ResourceWebHandler - [3de5cdd2] Resource not found
03:14:48.347 [Test worker] WARN  o.s.w.r.r.ResourceWebHandler - Path represents URL or has "url:" prefix: [url:/F:/spring-framework-5.3.x/spring-framework-5.3.0-M1/spring-webflux/build/resources/test/org/springframework/web/reactive/resource/testsecret/secret.txt]
03:14:48.347 [Test worker] DEBUG o.s.w.r.r.ResourceWebHandler - [403c1047] Resource not found
03:14:48.348 [Test worker] WARN  o.s.w.r.r.ResourceWebHandler - Path represents URL or has "url:" prefix: [/url:/F:/spring-framework-5.3.x/spring-framework-5.3.0-M1/spring-webflux/build/resources/test/org/springframework/web/reactive/resource/testsecret/secret.txt]
03:14:48.348 [Test worker] DEBUG o.s.w.r.r.ResourceWebHandler - [7a680e72] Resource not found
03:14:48.348 [Test worker] WARN  o.s.w.r.r.ResourceWebHandler - Path contains "../" after call to StringUtils#cleanPath: [/../../F:/spring-framework-5.3.x/spring-framework-5.3.0-M1/spring-webflux/build/resources/test/org/springframework/web/reactive/resource/testsecret/secret.txt]
03:14:48.349 [Test worker] DEBUG o.s.w.r.r.ResourceWebHandler - [15376157] Resource not found
03:14:48.349 [Test worker] WARN  o.s.w.r.r.ResourceWebHandler - Path contains "../" after call to StringUtils#cleanPath: [/../testsecret/secret.txt]
03:14:48.349 [Test worker] DEBUG o.s.w.r.r.ResourceWebHandler - [62fb57e] Resource not found
03:14:48.350 [Test worker] WARN  o.s.w.r.r.ResourceWebHandler - Path contains "../" after call to StringUtils#cleanPath: [/../testsecret/secret.txt]
03:14:48.350 [Test worker] DEBUG o.s.w.r.r.ResourceWebHandler - [26b133d4] Resource not found
03:14:48.351 [Test worker] WARN  o.s.w.r.r.ResourceWebHandler - Path represents URL or has "url:" prefix: [url:/F:/spring-framework-5.3.x/spring-framework-5.3.0-M1/spring-webflux/build/resources/test/org/springframework/web/reactive/resource/testsecret/secret.txt]
03:14:48.351 [Test worker] DEBUG o.s.w.r.r.ResourceWebHandler - [1c10a2ee] Resource not found
03:14:48.351 [Test worker] WARN  o.s.w.r.r.ResourceWebHandler - Path contains "../" after call to StringUtils#cleanPath: [../testsecret/secret.txt]
03:14:48.351 [Test worker] DEBUG o.s.w.r.r.ResourceWebHandler - [328345e2] Resource not found
03:14:48.352 [Test worker] WARN  o.s.w.r.r.ResourceWebHandler - Path contains "../" after call to StringUtils#cleanPath: [test/../../testsecret/secret.txt]
03:14:48.352 [Test worker] DEBUG o.s.w.r.r.ResourceWebHandler - [49fc9289] Resource not found
03:14:48.353 [Test worker] WARN  o.s.w.r.r.ResourceWebHandler - Path contains "../" after call to StringUtils#cleanPath: [:/../../testsecret/secret.txt]
03:14:48.353 [Test worker] DEBUG o.s.w.r.r.ResourceWebHandler - [66fc27f1] Resource not found
03:14:48.354 [Test worker] WARN  o.s.w.r.r.ResourceWebHandler - Path represents URL or has "url:" prefix: [file:/F:/spring-framework-5.3.x/spring-framework-5.3.0-M1/spring-webflux/build/resources/test/org/springframework/web/reactive/resource/testsecret/secret.txt]
03:14:48.355 [Test worker] DEBUG o.s.w.r.r.ResourceWebHandler - [7f62fe12] Resource not found
03:14:48.355 [Test worker] WARN  o.s.w.r.r.ResourceWebHandler - Path represents URL or has "url:" prefix: [/file:/F:/spring-framework-5.3.x/spring-framework-5.3.0-M1/spring-webflux/build/resources/test/org/springframework/web/reactive/resource/testsecret/secret.txt]
03:14:48.355 [Test worker] DEBUG o.s.w.r.r.ResourceWebHandler - [57661849] Resource not found
03:14:48.356 [Test worker] WARN  o.s.w.r.r.ResourceWebHandler - Path represents URL or has "url:" prefix: [url:/F:/spring-framework-5.3.x/spring-framework-5.3.0-M1/spring-webflux/build/resources/test/org/springframework/web/reactive/resource/testsecret/secret.txt]
03:14:48.356 [Test worker] DEBUG o.s.w.r.r.ResourceWebHandler - [7aa3a0f6] Resource not found
03:14:48.357 [Test worker] WARN  o.s.w.r.r.ResourceWebHandler - Path represents URL or has "url:" prefix: [/url:/F:/spring-framework-5.3.x/spring-framework-5.3.0-M1/spring-webflux/build/resources/test/org/springframework/web/reactive/resource/testsecret/secret.txt]
03:14:48.357 [Test worker] DEBUG o.s.w.r.r.ResourceWebHandler - [7de7d3fc] Resource not found
03:14:48.358 [Test worker] WARN  o.s.w.r.r.ResourceWebHandler - Path contains "../" after call to StringUtils#cleanPath: [/../../F:/spring-framework-5.3.x/spring-framework-5.3.0-M1/spring-webflux/build/resources/test/org/springframework/web/reactive/resource/testsecret/secret.txt]
03:14:48.358 [Test worker] DEBUG o.s.w.r.r.ResourceWebHandler - [159d203c] Resource not found
03:14:48.359 [Test worker] WARN  o.s.w.r.r.ResourceWebHandler - Path contains "../" after call to StringUtils#cleanPath: [/../testsecret/secret.txt]
03:14:48.359 [Test worker] DEBUG o.s.w.r.r.ResourceWebHandler - [725ec696] Resource not found
03:14:48.359 [Test worker] WARN  o.s.w.r.r.ResourceWebHandler - Path contains "../" after call to StringUtils#cleanPath: [/../testsecret/secret.txt]
03:14:48.359 [Test worker] DEBUG o.s.w.r.r.ResourceWebHandler - [151d6c3b] Resource not found
03:14:48.360 [Test worker] WARN  o.s.w.r.r.ResourceWebHandler - Path represents URL or has "url:" prefix: [url:/F:/spring-framework-5.3.x/spring-framework-5.3.0-M1/spring-webflux/build/resources/test/org/springframework/web/reactive/resource/testsecret/secret.txt]
03:14:48.360 [Test worker] DEBUG o.s.w.r.r.ResourceWebHandler - [56262557] Resource not found
03:14:48.363 [Test worker] DEBUG o.s.c.c.ResourceEncoder - [2ac6736f] Writing [class path resource [org/springframework/web/reactive/resource/test/foo.html]]
03:14:48.368 [Test worker] DEBUG o.s.c.c.ResourceRegionEncoder - [2ea86ad7] Writing region 0-10 of [class path resource [org/springframework/web/reactive/resource/test/foo.txt]]
03:14:48.375 [Test worker] DEBUG o.s.c.c.ResourceRegionEncoder - [2e056cce] Writing region 9-10 of [class path resource [org/springframework/web/reactive/resource/test/foo.txt]]
03:14:48.379 [Test worker] DEBUG o.s.c.c.ResourceEncoder - [4396550b] Writing [class path resource [org/springframework/web/reactive/resource/test/js/foo.js]]
03:14:48.395 [Test worker] DEBUG o.s.c.c.ResourceEncoder - [7d7ee344] Writing [class path resource [org/springframework/web/reactive/resource/test/foo.css]]
03:14:48.401 [Test worker] DEBUG o.s.c.c.ResourceEncoder - [1c9a6969] Writing [class path resource [org/springframework/web/reactive/resource/test/foo.css]]
]]></system-out>
  <system-err><![CDATA[]]></system-err>
</testsuite>
