<?xml version="1.0" encoding="UTF-8"?>
<testsuite name="org.springframework.web.reactive.config.WebFluxConfigurationSupportTests" tests="9" skipped="0" failures="0" errors="0" timestamp="2023-03-06T08:12:02" hostname="DESKTOP-VGJP1PJ" time="7.025">
  <properties/>
  <testcase name="resourceUrlProvider()" classname="org.springframework.web.reactive.config.WebFluxConfigurationSupportTests" time="0.792"/>
  <testcase name="customPathMatchConfig()" classname="org.springframework.web.reactive.config.WebFluxConfigurationSupportTests" time="3.395"/>
  <testcase name="requestMappingHandlerAdapter()" classname="org.springframework.web.reactive.config.WebFluxConfigurationSupportTests" time="0.443"/>
  <testcase name="customMessageConverterConfig()" classname="org.springframework.web.reactive.config.WebFluxConfigurationSupportTests" time="0.184"/>
  <testcase name="responseBodyResultHandler()" classname="org.springframework.web.reactive.config.WebFluxConfigurationSupportTests" time="0.183"/>
  <testcase name="viewResolutionResultHandler()" classname="org.springframework.web.reactive.config.WebFluxConfigurationSupportTests" time="1.712"/>
  <testcase name="requestMappingHandlerMapping()" classname="org.springframework.web.reactive.config.WebFluxConfigurationSupportTests" time="0.115"/>
  <testcase name="resourceHandler()" classname="org.springframework.web.reactive.config.WebFluxConfigurationSupportTests" time="0.118"/>
  <testcase name="responseEntityResultHandler()" classname="org.springframework.web.reactive.config.WebFluxConfigurationSupportTests" time="0.08"/>
  <system-out><![CDATA[03:12:03.025 [Test worker] DEBUG o.s.w.r.r.m.a.ControllerMethodResolver - ControllerAdvice beans: none
03:12:05.522 [Test worker] DEBUG o.s.w.r.r.m.a.RequestMappingHandlerMapping - 1 mappings in 'requestMappingHandlerMapping'
03:12:06.164 [Test worker] DEBUG o.s.w.r.r.m.a.ControllerMethodResolver - ControllerAdvice beans: none
03:12:06.543 [Test worker] DEBUG o.s.w.r.r.m.a.ControllerMethodResolver - ControllerAdvice beans: none
03:12:06.970 [Test worker] DEBUG o.s.w.r.r.m.a.ControllerMethodResolver - ControllerAdvice beans: none
03:12:07.216 [Test worker] DEBUG o.s.w.r.r.m.a.ControllerMethodResolver - ControllerAdvice beans: none
03:12:08.926 [Test worker] DEBUG o.s.w.r.r.m.a.ControllerMethodResolver - ControllerAdvice beans: none
03:12:09.049 [Test worker] DEBUG o.s.w.r.r.m.a.ControllerMethodResolver - ControllerAdvice beans: none
03:12:09.157 [Test worker] DEBUG o.s.w.r.h.SimpleUrlHandlerMapping - Patterns [/images/**] in 'resourceHandlerMapping'
03:12:09.178 [Test worker] DEBUG o.s.w.r.r.m.a.ControllerMethodResolver - ControllerAdvice beans: none
03:12:09.267 [Test worker] DEBUG o.s.w.r.r.m.a.ControllerMethodResolver - ControllerAdvice beans: none
]]></system-out>
  <system-err><![CDATA[]]></system-err>
</testsuite>
