<?xml version="1.0" encoding="UTF-8"?>
<testsuite name="org.springframework.web.reactive.function.server.ToStringVisitorTests" tests="2" skipped="0" failures="0" errors="0" timestamp="2023-03-06T08:13:07" hostname="DESKTOP-VGJP1PJ" time="0.007">
  <properties/>
  <testcase name="nested()" classname="org.springframework.web.reactive.function.server.ToStringVisitorTests" time="0.002"/>
  <testcase name="predicates()" classname="org.springframework.web.reactive.function.server.ToStringVisitorTests" time="0.005"/>
  <system-out><![CDATA[]]></system-out>
  <system-err><![CDATA[]]></system-err>
</testsuite>
