<?xml version="1.0" encoding="UTF-8"?>
<testsuite name="org.springframework.web.reactive.function.server.RouterFunctionTests" tests="4" skipped="0" failures="0" errors="0" timestamp="2023-03-06T08:17:48" hostname="DESKTOP-VGJP1PJ" time="0.018">
  <properties/>
  <testcase name="filter()" classname="org.springframework.web.reactive.function.server.RouterFunctionTests" time="0.008"/>
  <testcase name="andOther()" classname="org.springframework.web.reactive.function.server.RouterFunctionTests" time="0.005"/>
  <testcase name="andRoute()" classname="org.springframework.web.reactive.function.server.RouterFunctionTests" time="0.002"/>
  <testcase name="and()" classname="org.springframework.web.reactive.function.server.RouterFunctionTests" time="0.002"/>
  <system-out><![CDATA[]]></system-out>
  <system-err><![CDATA[]]></system-err>
</testsuite>
