<?xml version="1.0" encoding="UTF-8"?>
<testsuite name="org.springframework.web.reactive.result.method.annotation.MessageReaderArgumentResolverTests" tests="17" skipped="0" failures="0" errors="0" timestamp="2023-03-06T08:16:27" hostname="DESKTOP-VGJP1PJ" time="0.352">
  <properties/>
  <testcase name="futureTestBean()" classname="org.springframework.web.reactive.result.method.annotation.MessageReaderArgumentResolverTests" time="0.01"/>
  <testcase name="maybeTestBean()" classname="org.springframework.web.reactive.result.method.annotation.MessageReaderArgumentResolverTests" time="0.009"/>
  <testcase name="observableTestBean()" classname="org.springframework.web.reactive.result.method.annotation.MessageReaderArgumentResolverTests" time="0.039"/>
  <testcase name="emptyBody()" classname="org.springframework.web.reactive.result.method.annotation.MessageReaderArgumentResolverTests" time="0.004"/>
  <testcase name="testBean()" classname="org.springframework.web.reactive.result.method.annotation.MessageReaderArgumentResolverTests" time="0.004"/>
  <testcase name="fluxTestBean()" classname="org.springframework.web.reactive.result.method.annotation.MessageReaderArgumentResolverTests" time="0.012"/>
  <testcase name="flowableTestBean()" classname="org.springframework.web.reactive.result.method.annotation.MessageReaderArgumentResolverTests" time="0.009"/>
  <testcase name="singleTestBean()" classname="org.springframework.web.reactive.result.method.annotation.MessageReaderArgumentResolverTests" time="0.004"/>
  <testcase name="monoTestBean()" classname="org.springframework.web.reactive.result.method.annotation.MessageReaderArgumentResolverTests" time="0.003"/>
  <testcase name="monoList()" classname="org.springframework.web.reactive.result.method.annotation.MessageReaderArgumentResolverTests" time="0.005"/>
  <testcase name="missingContentType()" classname="org.springframework.web.reactive.result.method.annotation.MessageReaderArgumentResolverTests" time="0.003"/>
  <testcase name="map()" classname="org.springframework.web.reactive.result.method.annotation.MessageReaderArgumentResolverTests" time="0.003"/>
  <testcase name="list()" classname="org.springframework.web.reactive.result.method.annotation.MessageReaderArgumentResolverTests" time="0.004"/>
  <testcase name="array()" classname="org.springframework.web.reactive.result.method.annotation.MessageReaderArgumentResolverTests" time="0.022"/>
  <testcase name="parameterizedMethodArgument()" classname="org.springframework.web.reactive.result.method.annotation.MessageReaderArgumentResolverTests" time="0.043"/>
  <testcase name="validateFluxTestBean()" classname="org.springframework.web.reactive.result.method.annotation.MessageReaderArgumentResolverTests" time="0.015"/>
  <testcase name="validateMonoTestBean()" classname="org.springframework.web.reactive.result.method.annotation.MessageReaderArgumentResolverTests" time="0.019"/>
  <system-out><![CDATA[03:16:27.092 [Test worker] DEBUG o.s.w.r.r.m.a.MessageReaderArgumentResolverTests$1 - [380cf1ad] Content-Type:application/json
03:16:27.095 [Test worker] DEBUG o.s.w.r.r.m.a.MessageReaderArgumentResolverTests$1 - [380cf1ad] 0..1 [org.springframework.web.reactive.result.method.annotation.MessageReaderArgumentResolverTests$TestBean]
03:16:27.096 [Test worker] DEBUG o.s.h.c.j.Jackson2JsonDecoder - [380cf1ad] Decoded [TestBean[foo='f1', bar='b1']]
03:16:27.102 [Test worker] DEBUG o.s.w.r.r.m.a.MessageReaderArgumentResolverTests$1 - [49b59030] Content-Type:application/json
03:16:27.102 [Test worker] DEBUG o.s.w.r.r.m.a.MessageReaderArgumentResolverTests$1 - [49b59030] 0..1 [org.springframework.web.reactive.result.method.annotation.MessageReaderArgumentResolverTests$TestBean]
03:16:27.109 [Test worker] DEBUG o.s.h.c.j.Jackson2JsonDecoder - [49b59030] Decoded [TestBean[foo='f1', bar='b1']]
03:16:27.114 [Test worker] DEBUG o.s.w.r.r.m.a.MessageReaderArgumentResolverTests$1 - [5d6b51e2] Content-Type:application/json
03:16:27.115 [Test worker] DEBUG o.s.w.r.r.m.a.MessageReaderArgumentResolverTests$1 - [5d6b51e2] 0..N [org.springframework.web.reactive.result.method.annotation.MessageReaderArgumentResolverTests$TestBean]
03:16:27.152 [Test worker] DEBUG o.s.h.c.j.Jackson2JsonDecoder - [5d6b51e2] Decoded [TestBean[foo='f1', bar='b1']]
03:16:27.152 [Test worker] DEBUG o.s.h.c.j.Jackson2JsonDecoder - [5d6b51e2] Decoded [TestBean[foo='f2', bar='b2']]
03:16:27.158 [Test worker] DEBUG o.s.w.r.r.m.a.MessageReaderArgumentResolverTests$1 - [69d0c3e4] Content-Type:application/json
03:16:27.159 [Test worker] DEBUG o.s.w.r.r.m.a.MessageReaderArgumentResolverTests$1 - [69d0c3e4] 0..1 [org.springframework.web.reactive.result.method.annotation.MessageReaderArgumentResolverTests$TestBean]
03:16:27.166 [Test worker] DEBUG o.s.w.r.r.m.a.MessageReaderArgumentResolverTests$1 - [6fa0e1f0] Content-Type:application/json
03:16:27.168 [Test worker] DEBUG o.s.w.r.r.m.a.MessageReaderArgumentResolverTests$1 - [6fa0e1f0] 0..1 [org.springframework.web.reactive.result.method.annotation.MessageReaderArgumentResolverTests$TestBean]
03:16:27.169 [Test worker] DEBUG o.s.h.c.j.Jackson2JsonDecoder - [6fa0e1f0] Decoded [TestBean[foo='f1', bar='b1']]
03:16:27.177 [Test worker] DEBUG o.s.w.r.r.m.a.MessageReaderArgumentResolverTests$1 - [2fea0449] Content-Type:application/json
03:16:27.179 [Test worker] DEBUG o.s.w.r.r.m.a.MessageReaderArgumentResolverTests$1 - [2fea0449] 0..N [org.springframework.web.reactive.result.method.annotation.MessageReaderArgumentResolverTests$TestBean]
03:16:27.181 [Test worker] DEBUG o.s.h.c.j.Jackson2JsonDecoder - [2fea0449] Decoded [TestBean[foo='f1', bar='b1']]
03:16:27.187 [Test worker] DEBUG o.s.h.c.j.Jackson2JsonDecoder - [2fea0449] Decoded [TestBean[foo='f2', bar='b2']]
03:16:27.193 [Test worker] DEBUG o.s.w.r.r.m.a.MessageReaderArgumentResolverTests$1 - [2385444a] Content-Type:application/json
03:16:27.194 [Test worker] DEBUG o.s.w.r.r.m.a.MessageReaderArgumentResolverTests$1 - [2385444a] 0..N [org.springframework.web.reactive.result.method.annotation.MessageReaderArgumentResolverTests$TestBean]
03:16:27.200 [Test worker] DEBUG o.s.h.c.j.Jackson2JsonDecoder - [2385444a] Decoded [TestBean[foo='f1', bar='b1']]
03:16:27.200 [Test worker] DEBUG o.s.h.c.j.Jackson2JsonDecoder - [2385444a] Decoded [TestBean[foo='f2', bar='b2']]
03:16:27.205 [Test worker] DEBUG o.s.w.r.r.m.a.MessageReaderArgumentResolverTests$1 - [612148a7] Content-Type:application/json
03:16:27.206 [Test worker] DEBUG o.s.w.r.r.m.a.MessageReaderArgumentResolverTests$1 - [612148a7] 0..1 [org.springframework.web.reactive.result.method.annotation.MessageReaderArgumentResolverTests$TestBean]
03:16:27.208 [Test worker] DEBUG o.s.h.c.j.Jackson2JsonDecoder - [612148a7] Decoded [TestBean[foo='f1', bar='b1']]
03:16:27.213 [Test worker] DEBUG o.s.w.r.r.m.a.MessageReaderArgumentResolverTests$1 - [4fc20487] Content-Type:application/json
03:16:27.214 [Test worker] DEBUG o.s.w.r.r.m.a.MessageReaderArgumentResolverTests$1 - [4fc20487] 0..1 [org.springframework.web.reactive.result.method.annotation.MessageReaderArgumentResolverTests$TestBean]
03:16:27.214 [Test worker] DEBUG o.s.h.c.j.Jackson2JsonDecoder - [4fc20487] Decoded [TestBean[foo='FOOFOO', bar='BARBAR']]
03:16:27.220 [Test worker] DEBUG o.s.w.r.r.m.a.MessageReaderArgumentResolverTests$1 - [63aba8b4] Content-Type:application/json
03:16:27.222 [Test worker] DEBUG o.s.w.r.r.m.a.MessageReaderArgumentResolverTests$1 - [63aba8b4] 0..1 [java.util.List<org.springframework.web.reactive.result.method.annotation.MessageReaderArgumentResolverTests$TestBean>]
03:16:27.223 [Test worker] DEBUG o.s.h.c.j.Jackson2JsonDecoder - [63aba8b4] Decoded [[TestBean[foo='f1', bar='b1'], TestBean[foo='f2', bar='b2']]]
03:16:27.228 [Test worker] DEBUG o.s.w.r.r.m.a.MessageReaderArgumentResolverTests$1 - [5291a0e7] No Content-Type, using application/octet-stream
03:16:27.237 [Test worker] DEBUG o.s.w.r.r.m.a.MessageReaderArgumentResolverTests$1 - [17767acb] Content-Type:application/json
03:16:27.238 [Test worker] DEBUG o.s.w.r.r.m.a.MessageReaderArgumentResolverTests$1 - [17767acb] 0..1 [java.util.Map<java.lang.String, java.lang.String>]
03:16:27.238 [Test worker] DEBUG o.s.h.c.j.Jackson2JsonDecoder - [17767acb] Decoded [{bar=b1, foo=f1}]
03:16:27.244 [Test worker] DEBUG o.s.w.r.r.m.a.MessageReaderArgumentResolverTests$1 - [48030178] Content-Type:application/json
03:16:27.245 [Test worker] DEBUG o.s.w.r.r.m.a.MessageReaderArgumentResolverTests$1 - [48030178] 0..1 [java.util.List<org.springframework.web.reactive.result.method.annotation.MessageReaderArgumentResolverTests$TestBean>]
03:16:27.246 [Test worker] DEBUG o.s.h.c.j.Jackson2JsonDecoder - [48030178] Decoded [[TestBean[foo='f1', bar='b1'], TestBean[foo='f2', bar='b2']]]
03:16:27.252 [Test worker] DEBUG o.s.w.r.r.m.a.MessageReaderArgumentResolverTests$1 - [4a28c413] Content-Type:application/json
03:16:27.254 [Test worker] DEBUG o.s.w.r.r.m.a.MessageReaderArgumentResolverTests$1 - [4a28c413] 0..1 [org.springframework.web.reactive.result.method.annotation.MessageReaderArgumentResolverTests$TestBean[]]
03:16:27.258 [Test worker] DEBUG o.s.h.c.j.Jackson2JsonDecoder - [4a28c413] Decoded [[Lorg.springframework.web.reactive.result.method.annotation.MessageReaderArgumentResolverTests$TestB (truncated)...]
03:16:27.282 [Test worker] DEBUG o.s.w.r.r.m.a.MessageReaderArgumentResolverTests$1 - [56e73414] Content-Type:application/json
03:16:27.284 [Test worker] DEBUG o.s.w.r.r.m.a.MessageReaderArgumentResolverTests$1 - [56e73414] 0..1 [org.springframework.web.reactive.result.method.annotation.MessageReaderArgumentResolverTests$SimpleBean]
03:16:27.323 [Test worker] DEBUG o.s.h.c.j.Jackson2JsonDecoder - [56e73414] Decoded [org.springframework.web.reactive.result.method.annotation.MessageReaderArgumentResolverTests$SimpleB (truncated)...]
03:16:27.331 [Test worker] DEBUG o.s.w.r.r.m.a.MessageReaderArgumentResolverTests$1 - [6dde8a9e] Content-Type:application/json
03:16:27.335 [Test worker] DEBUG o.s.w.r.r.m.a.MessageReaderArgumentResolverTests$1 - [6dde8a9e] 0..N [org.springframework.web.reactive.result.method.annotation.MessageReaderArgumentResolverTests$TestBean]
03:16:27.336 [Test worker] DEBUG o.s.h.c.j.Jackson2JsonDecoder - [6dde8a9e] Decoded [TestBean[foo='f1', bar='b1']]
03:16:27.337 [Test worker] DEBUG o.s.h.c.j.Jackson2JsonDecoder - [6dde8a9e] Decoded [TestBean[foo='null', bar='b2']]
03:16:27.429 [Test worker] DEBUG o.s.w.r.r.m.a.MessageReaderArgumentResolverTests$1 - [7a454356] Content-Type:application/json
03:16:27.435 [Test worker] DEBUG o.s.w.r.r.m.a.MessageReaderArgumentResolverTests$1 - [7a454356] 0..1 [org.springframework.web.reactive.result.method.annotation.MessageReaderArgumentResolverTests$TestBean]
03:16:27.437 [Test worker] DEBUG o.s.h.c.j.Jackson2JsonDecoder - [7a454356] Decoded [TestBean[foo='null', bar='b1']]
]]></system-out>
  <system-err><![CDATA[]]></system-err>
</testsuite>
