<?xml version="1.0" encoding="UTF-8"?>
<testsuite name="org.springframework.web.reactive.config.DelegatingWebFluxConfigurationTests" tests="5" skipped="0" failures="0" errors="0" timestamp="2023-03-06T08:14:14" hostname="DESKTOP-VGJP1PJ" time="14.539">
  <properties/>
  <testcase name="requestMappingHandlerAdapter()" classname="org.springframework.web.reactive.config.DelegatingWebFluxConfigurationTests" time="14.458"/>
  <testcase name="responseBodyResultHandler()" classname="org.springframework.web.reactive.config.DelegatingWebFluxConfigurationTests" time="0.032"/>
  <testcase name="viewResolutionResultHandler()" classname="org.springframework.web.reactive.config.DelegatingWebFluxConfigurationTests" time="0.008"/>
  <testcase name="requestMappingHandlerMapping()" classname="org.springframework.web.reactive.config.DelegatingWebFluxConfigurationTests" time="0.026"/>
  <testcase name="resourceHandlerMapping()" classname="org.springframework.web.reactive.config.DelegatingWebFluxConfigurationTests" time="0.012"/>
  <system-out><![CDATA[03:14:28.298 [Test worker] WARN  o.s.h.c.j.Jackson2ObjectMapperBuilder - For Jackson Kotlin classes support please add "com.fasterxml.jackson.module:jackson-module-kotlin" to the classpath
]]></system-out>
  <system-err><![CDATA[]]></system-err>
</testsuite>
