<?xml version="1.0" encoding="UTF-8"?>
<testsuite name="org.springframework.web.reactive.result.view.LocaleContextResolverIntegrationTests" tests="4" skipped="0" failures="0" errors="0" timestamp="2023-03-06T08:18:53" hostname="DESKTOP-VGJP1PJ" time="0.524">
  <properties/>
  <testcase name="fixedLocale(HttpServer)[1]" classname="org.springframework.web.reactive.result.view.LocaleContextResolverIntegrationTests" time="0.104"/>
  <testcase name="fixedLocale(HttpServer)[2]" classname="org.springframework.web.reactive.result.view.LocaleContextResolverIntegrationTests" time="0.056"/>
  <testcase name="fixedLocale(HttpServer)[3]" classname="org.springframework.web.reactive.result.view.LocaleContextResolverIntegrationTests" time="0.241"/>
  <testcase name="fixedLocale(HttpServer)[4]" classname="org.springframework.web.reactive.result.view.LocaleContextResolverIntegrationTests" time="0.094"/>
  <system-out><![CDATA[03:18:53.316 [Test worker] DEBUG o.s.w.r.r.m.a.RequestMappingHandlerMapping - 1 mappings in 'requestMappingHandlerMapping'
03:18:53.341 [Test worker] DEBUG o.s.w.r.r.m.a.ControllerMethodResolver - ControllerAdvice beans: none
03:18:53.356 [Test worker] DEBUG o.s.w.s.a.HttpWebHandlerAdapter - enableLoggingRequestDetails='false': form data and headers will be masked to prevent unsafe logging of potentially sensitive data
03:18:53.357 [Test worker] WARN  o.e.j.s.h.ContextHandler - Empty contextPath
03:18:53.357 [Test worker] INFO  o.e.j.s.h.ContextHandler - Started o.e.j.s.ServletContextHandler@d868fda{/,null,AVAILABLE}
03:18:53.357 [Test worker] DEBUG o.s.w.t.h.s.r.b.JettyHttpServer - Starting JettyHttpServer...
03:18:53.357 [Test worker] INFO  o.e.j.s.Server - jetty-9.4.30.v20200611; built: 2020-06-11T12:34:51.929Z; git: 271836e4c1f4612f12b7bb13ef5a92a927634b0d; jvm 1.8.0_251-b08
03:18:53.360 [Test worker] INFO  o.e.j.s.AbstractConnector - Started ServerConnector@6606931a{HTTP/1.1, (http/1.1)}{0.0.0.0:58946}
03:18:53.361 [Test worker] INFO  o.e.j.s.Server - Started @121799ms
03:18:53.361 [Test worker] DEBUG o.s.w.t.h.s.r.b.JettyHttpServer - Server started on port 58946(0 millis).
03:18:53.361 [Test worker] DEBUG o.s.w.r.f.c.ExchangeFunctions - [1fc61e6d] HTTP GET http://localhost:58946/
03:18:53.364 [qtp10275363-2724] DEBUG o.s.w.s.a.HttpWebHandlerAdapter - [6e236d62] HTTP GET "/"
03:18:53.365 [qtp10275363-2724] DEBUG o.s.w.r.r.m.a.RequestMappingHandlerMapping - [6e236d62] Mapped to org.springframework.web.reactive.result.view.LocaleContextResolverIntegrationTests$TestController#foo()
03:18:53.368 [qtp10275363-2724] DEBUG o.s.w.r.r.v.ViewResolutionResultHandler - Using 'text/html' given [*/*] and supported [text/html]
03:18:53.368 [qtp10275363-2724] DEBUG o.s.w.s.a.HttpWebHandlerAdapter - [6e236d62] Completed 200 OK
03:18:53.369 [reactor-http-nio-3] DEBUG o.s.w.r.f.c.ExchangeFunctions - [1fc61e6d] Response 200 OK
03:18:53.371 [Test worker] DEBUG o.s.w.t.h.s.r.b.JettyHttpServer - Stopping JettyHttpServer...
03:18:53.371 [Test worker] INFO  o.e.j.s.h.ContextHandler - Stopped o.e.j.s.ServletContextHandler@d868fda{/,null,UNAVAILABLE}
03:18:53.373 [Test worker] INFO  o.e.j.s.AbstractConnector - Stopped ServerConnector@6606931a{HTTP/1.1, (http/1.1)}{0.0.0.0:0}
03:18:53.374 [Test worker] DEBUG o.s.w.t.h.s.r.b.JettyHttpServer - Server stopped (0 millis).
03:18:53.406 [Test worker] DEBUG o.s.w.r.r.m.a.RequestMappingHandlerMapping - 1 mappings in 'requestMappingHandlerMapping'
03:18:53.421 [Test worker] DEBUG o.s.w.r.r.m.a.ControllerMethodResolver - ControllerAdvice beans: none
03:18:53.434 [Test worker] DEBUG o.s.w.s.a.HttpWebHandlerAdapter - enableLoggingRequestDetails='false': form data and headers will be masked to prevent unsafe logging of potentially sensitive data
03:18:53.434 [Test worker] DEBUG o.s.w.t.h.s.r.b.ReactorHttpServer - Starting ReactorHttpServer...
03:18:53.435 [Test worker] DEBUG o.s.w.t.h.s.r.b.ReactorHttpServer - Server started on port 58952(0 millis).
03:18:53.435 [Test worker] DEBUG o.s.w.r.f.c.ExchangeFunctions - [5fed5f47] HTTP GET http://localhost:58952/
03:18:53.437 [reactor-http-nio-2] DEBUG o.s.w.s.a.HttpWebHandlerAdapter - [794d3929-45] HTTP GET "/"
03:18:53.437 [reactor-http-nio-2] DEBUG o.s.w.r.r.m.a.RequestMappingHandlerMapping - [794d3929-45] Mapped to org.springframework.web.reactive.result.view.LocaleContextResolverIntegrationTests$TestController#foo()
03:18:53.438 [reactor-http-nio-2] DEBUG o.s.w.r.r.v.ViewResolutionResultHandler - Using 'text/html' given [*/*] and supported [text/html]
03:18:53.438 [reactor-http-nio-2] DEBUG o.s.w.s.a.HttpWebHandlerAdapter - [794d3929-45] Completed 200 OK
03:18:53.439 [reactor-http-nio-1] DEBUG o.s.w.r.f.c.ExchangeFunctions - [5fed5f47] Response 200 OK
03:18:53.439 [Test worker] DEBUG o.s.w.t.h.s.r.b.ReactorHttpServer - Stopping ReactorHttpServer...
03:18:53.439 [Test worker] DEBUG o.s.w.t.h.s.r.b.ReactorHttpServer - Server stopped (0 millis).
03:18:53.468 [Test worker] DEBUG o.s.w.r.r.m.a.RequestMappingHandlerMapping - 1 mappings in 'requestMappingHandlerMapping'
03:18:53.483 [Test worker] DEBUG o.s.w.r.r.m.a.ControllerMethodResolver - ControllerAdvice beans: none
03:18:53.496 [Test worker] DEBUG o.s.w.s.a.HttpWebHandlerAdapter - enableLoggingRequestDetails='false': form data and headers will be masked to prevent unsafe logging of potentially sensitive data
03:18:53.497 [Test worker] DEBUG o.s.w.t.h.s.r.b.TomcatHttpServer - Starting TomcatHttpServer...
03:18:53.506 [Test worker] DEBUG o.s.w.t.h.s.r.b.TomcatHttpServer - Server started on port 58954(0 millis).
03:18:53.506 [Test worker] DEBUG o.s.w.r.f.c.ExchangeFunctions - [36c373a0] HTTP GET http://localhost:58954/
03:18:53.513 [http-nio-auto-44-exec-1] DEBUG o.s.w.s.a.HttpWebHandlerAdapter - [7db3e8e2] HTTP GET "/"
03:18:53.513 [http-nio-auto-44-exec-1] DEBUG o.s.w.r.r.m.a.RequestMappingHandlerMapping - [7db3e8e2] Mapped to org.springframework.web.reactive.result.view.LocaleContextResolverIntegrationTests$TestController#foo()
03:18:53.514 [http-nio-auto-44-exec-1] DEBUG o.s.w.r.r.v.ViewResolutionResultHandler - Using 'text/html' given [*/*] and supported [text/html]
03:18:53.514 [http-nio-auto-44-exec-1] DEBUG o.s.w.s.a.HttpWebHandlerAdapter - [7db3e8e2] Completed 200 OK
03:18:53.515 [reactor-http-nio-3] DEBUG o.s.w.r.f.c.ExchangeFunctions - [36c373a0] Response 200 OK
03:18:53.515 [Test worker] DEBUG o.s.w.t.h.s.r.b.TomcatHttpServer - Stopping TomcatHttpServer...
03:18:53.690 [Test worker] DEBUG o.s.w.t.h.s.r.b.TomcatHttpServer - Server stopped (0 millis).
03:18:53.738 [Test worker] DEBUG o.s.w.r.r.m.a.RequestMappingHandlerMapping - 1 mappings in 'requestMappingHandlerMapping'
03:18:53.759 [Test worker] DEBUG o.s.w.r.r.m.a.ControllerMethodResolver - ControllerAdvice beans: none
03:18:53.775 [Test worker] DEBUG o.s.w.s.a.HttpWebHandlerAdapter - enableLoggingRequestDetails='false': form data and headers will be masked to prevent unsafe logging of potentially sensitive data
03:18:53.775 [Test worker] DEBUG o.s.w.t.h.s.r.b.UndertowHttpServer - Starting UndertowHttpServer...
03:18:53.775 [Test worker] INFO  i.undertow - starting server: Undertow - 2.1.3.Final
03:18:53.783 [Test worker] DEBUG o.s.w.t.h.s.r.b.UndertowHttpServer - Server started on port 58972(0 millis).
03:18:53.784 [Test worker] DEBUG o.s.w.r.f.c.ExchangeFunctions - [25d4059c] HTTP GET http://localhost:58972/
03:18:53.789 [XNIO-42 I/O-4] DEBUG o.s.w.s.a.HttpWebHandlerAdapter - [13692657] HTTP GET "/"
03:18:53.789 [XNIO-42 I/O-4] DEBUG o.s.w.r.r.m.a.RequestMappingHandlerMapping - [13692657] Mapped to org.springframework.web.reactive.result.view.LocaleContextResolverIntegrationTests$TestController#foo()
03:18:53.790 [XNIO-42 I/O-4] DEBUG o.s.w.r.r.v.ViewResolutionResultHandler - Using 'text/html' given [*/*] and supported [text/html]
03:18:53.790 [XNIO-42 I/O-4] DEBUG o.s.w.s.a.HttpWebHandlerAdapter - [13692657] Completed 200 OK
03:18:53.791 [reactor-http-nio-4] DEBUG o.s.w.r.f.c.ExchangeFunctions - [25d4059c] Response 200 OK
03:18:53.791 [Test worker] DEBUG o.s.w.t.h.s.r.b.UndertowHttpServer - Stopping UndertowHttpServer...
03:18:53.791 [Test worker] INFO  i.undertow - stopping server: Undertow - 2.1.3.Final
03:18:53.793 [Test worker] DEBUG o.s.w.t.h.s.r.b.UndertowHttpServer - Server stopped (0 millis).
]]></system-out>
  <system-err><![CDATA[]]></system-err>
</testsuite>
