<?xml version="1.0" encoding="UTF-8"?>
<testsuite name="org.springframework.web.reactive.result.SimpleUrlHandlerMappingIntegrationTests" tests="16" skipped="0" failures="0" errors="0" timestamp="2023-03-06T08:14:23" hostname="DESKTOP-VGJP1PJ" time="1.488">
  <properties/>
  <testcase name="testHandlerNotFound(HttpServer)[1]" classname="org.springframework.web.reactive.result.SimpleUrlHandlerMappingIntegrationTests" time="0.085"/>
  <testcase name="testHandlerNotFound(HttpServer)[2]" classname="org.springframework.web.reactive.result.SimpleUrlHandlerMappingIntegrationTests" time="0.025"/>
  <testcase name="testHandlerNotFound(HttpServer)[3]" classname="org.springframework.web.reactive.result.SimpleUrlHandlerMappingIntegrationTests" time="0.222"/>
  <testcase name="testHandlerNotFound(HttpServer)[4]" classname="org.springframework.web.reactive.result.SimpleUrlHandlerMappingIntegrationTests" time="0.032"/>
  <testcase name="testRequestToFooHandler(HttpServer)[1]" classname="org.springframework.web.reactive.result.SimpleUrlHandlerMappingIntegrationTests" time="0.049"/>
  <testcase name="testRequestToFooHandler(HttpServer)[2]" classname="org.springframework.web.reactive.result.SimpleUrlHandlerMappingIntegrationTests" time="0.031"/>
  <testcase name="testRequestToFooHandler(HttpServer)[3]" classname="org.springframework.web.reactive.result.SimpleUrlHandlerMappingIntegrationTests" time="0.248"/>
  <testcase name="testRequestToFooHandler(HttpServer)[4]" classname="org.springframework.web.reactive.result.SimpleUrlHandlerMappingIntegrationTests" time="0.028"/>
  <testcase name="testRequestToHeaderSettingHandler(HttpServer)[1]" classname="org.springframework.web.reactive.result.SimpleUrlHandlerMappingIntegrationTests" time="0.022"/>
  <testcase name="testRequestToHeaderSettingHandler(HttpServer)[2]" classname="org.springframework.web.reactive.result.SimpleUrlHandlerMappingIntegrationTests" time="0.021"/>
  <testcase name="testRequestToHeaderSettingHandler(HttpServer)[3]" classname="org.springframework.web.reactive.result.SimpleUrlHandlerMappingIntegrationTests" time="0.23"/>
  <testcase name="testRequestToHeaderSettingHandler(HttpServer)[4]" classname="org.springframework.web.reactive.result.SimpleUrlHandlerMappingIntegrationTests" time="0.039"/>
  <testcase name="testRequestToBarHandler(HttpServer)[1]" classname="org.springframework.web.reactive.result.SimpleUrlHandlerMappingIntegrationTests" time="0.038"/>
  <testcase name="testRequestToBarHandler(HttpServer)[2]" classname="org.springframework.web.reactive.result.SimpleUrlHandlerMappingIntegrationTests" time="0.036"/>
  <testcase name="testRequestToBarHandler(HttpServer)[3]" classname="org.springframework.web.reactive.result.SimpleUrlHandlerMappingIntegrationTests" time="0.283"/>
  <testcase name="testRequestToBarHandler(HttpServer)[4]" classname="org.springframework.web.reactive.result.SimpleUrlHandlerMappingIntegrationTests" time="0.09"/>
  <system-out><![CDATA[03:14:23.506 [Test worker] DEBUG o.s.w.r.h.SimpleUrlHandlerMapping - Patterns [/foo, /bar, /header] in 'handlerMapping'
03:14:23.507 [Test worker] DEBUG o.s.w.s.a.HttpWebHandlerAdapter - enableLoggingRequestDetails='false': form data and headers will be masked to prevent unsafe logging of potentially sensitive data
03:14:23.507 [Test worker] WARN  o.e.j.s.h.ContextHandler - Empty contextPath
03:14:23.507 [Test worker] INFO  o.e.j.s.h.ContextHandler - Started o.e.j.s.ServletContextHandler@4c546532{/,null,AVAILABLE}
03:14:23.508 [Test worker] DEBUG o.s.w.t.h.s.r.b.JettyHttpServer - Starting JettyHttpServer...
03:14:23.508 [Test worker] INFO  o.e.j.s.Server - jetty-9.4.30.v20200611; built: 2020-06-11T12:34:51.929Z; git: 271836e4c1f4612f12b7bb13ef5a92a927634b0d; jvm 1.8.0_251-b08
03:14:23.512 [Test worker] INFO  o.e.j.s.AbstractConnector - Started ServerConnector@1a3d38f3{HTTP/1.1, (http/1.1)}{0.0.0.0:54644}
03:14:23.512 [Test worker] INFO  o.e.j.s.Server - Started @180130ms
03:14:23.512 [Test worker] DEBUG o.s.w.t.h.s.r.b.JettyHttpServer - Server started on port 54644(0 millis).
03:14:23.525 [Test worker] DEBUG o.s.w.c.RestTemplate - HTTP GET http://localhost:54644/oops
03:14:23.525 [Test worker] DEBUG o.s.w.c.RestTemplate - Accept=[application/octet-stream, application/json, application/x-jackson-smile, application/*+json, */*]
03:14:23.528 [qtp417355574-2855] DEBUG o.s.w.s.a.HttpWebHandlerAdapter - [192702f3] HTTP GET "/oops"
03:14:23.533 [qtp417355574-2855] DEBUG o.s.w.s.h.ResponseStatusExceptionHandler - [192702f3] Resolved [ResponseStatusException: 404 NOT_FOUND "No matching handler"] for HTTP GET /oops
03:14:23.533 [qtp417355574-2855] DEBUG o.s.w.s.a.HttpWebHandlerAdapter - [192702f3] Completed 404 NOT_FOUND
03:14:23.535 [Test worker] DEBUG o.s.w.c.RestTemplate - Response 404 NOT_FOUND
03:14:23.535 [Test worker] DEBUG o.s.w.t.h.s.r.b.JettyHttpServer - Stopping JettyHttpServer...
03:14:23.536 [Test worker] INFO  o.e.j.s.h.ContextHandler - Stopped o.e.j.s.ServletContextHandler@4c546532{/,null,UNAVAILABLE}
03:14:23.537 [Test worker] INFO  o.e.j.s.AbstractConnector - Stopped ServerConnector@1a3d38f3{HTTP/1.1, (http/1.1)}{0.0.0.0:0}
03:14:23.538 [Test worker] DEBUG o.s.w.t.h.s.r.b.JettyHttpServer - Server stopped (0 millis).
03:14:23.544 [Test worker] DEBUG o.s.w.r.h.SimpleUrlHandlerMapping - Patterns [/foo, /bar, /header] in 'handlerMapping'
03:14:23.545 [Test worker] DEBUG o.s.w.s.a.HttpWebHandlerAdapter - enableLoggingRequestDetails='false': form data and headers will be masked to prevent unsafe logging of potentially sensitive data
03:14:23.545 [Test worker] DEBUG o.s.w.t.h.s.r.b.ReactorHttpServer - Starting ReactorHttpServer...
03:14:23.547 [Test worker] DEBUG o.s.w.t.h.s.r.b.ReactorHttpServer - Server started on port 54650(0 millis).
03:14:23.558 [Test worker] DEBUG o.s.w.c.RestTemplate - HTTP GET http://localhost:54650/oops
03:14:23.559 [Test worker] DEBUG o.s.w.c.RestTemplate - Accept=[application/octet-stream, application/json, application/x-jackson-smile, application/*+json, */*]
03:14:23.562 [reactor-http-nio-1] DEBUG o.s.w.s.a.HttpWebHandlerAdapter - [d5510ea6-72] HTTP GET "/oops"
03:14:23.562 [reactor-http-nio-1] DEBUG o.s.w.s.h.ResponseStatusExceptionHandler - [d5510ea6-72] Resolved [ResponseStatusException: 404 NOT_FOUND "No matching handler"] for HTTP GET /oops
03:14:23.562 [reactor-http-nio-1] DEBUG o.s.w.s.a.HttpWebHandlerAdapter - [d5510ea6-72] Completed 404 NOT_FOUND
03:14:23.563 [Test worker] DEBUG o.s.w.c.RestTemplate - Response 404 NOT_FOUND
03:14:23.564 [Test worker] DEBUG o.s.w.t.h.s.r.b.ReactorHttpServer - Stopping ReactorHttpServer...
03:14:23.564 [Test worker] DEBUG o.s.w.t.h.s.r.b.ReactorHttpServer - Server stopped (0 millis).
03:14:23.567 [Test worker] DEBUG o.s.w.r.h.SimpleUrlHandlerMapping - Patterns [/foo, /bar, /header] in 'handlerMapping'
03:14:23.568 [Test worker] DEBUG o.s.w.s.a.HttpWebHandlerAdapter - enableLoggingRequestDetails='false': form data and headers will be masked to prevent unsafe logging of potentially sensitive data
03:14:23.568 [Test worker] DEBUG o.s.w.t.h.s.r.b.TomcatHttpServer - Starting TomcatHttpServer...
03:14:23.578 [Test worker] DEBUG o.s.w.t.h.s.r.b.TomcatHttpServer - Server started on port 54652(0 millis).
03:14:23.591 [Test worker] DEBUG o.s.w.c.RestTemplate - HTTP GET http://localhost:54652/oops
03:14:23.592 [Test worker] DEBUG o.s.w.c.RestTemplate - Accept=[application/octet-stream, application/json, application/x-jackson-smile, application/*+json, */*]
03:14:23.595 [http-nio-auto-69-exec-1] DEBUG o.s.w.s.a.HttpWebHandlerAdapter - [65582865] HTTP GET "/oops"
03:14:23.595 [http-nio-auto-69-exec-1] DEBUG o.s.w.s.h.ResponseStatusExceptionHandler - [65582865] Resolved [ResponseStatusException: 404 NOT_FOUND "No matching handler"] for HTTP GET /oops
03:14:23.595 [http-nio-auto-69-exec-1] DEBUG o.s.w.s.a.HttpWebHandlerAdapter - [65582865] Completed 404 NOT_FOUND
03:14:23.596 [Test worker] DEBUG o.s.w.c.RestTemplate - Response 404 NOT_FOUND
03:14:23.597 [Test worker] DEBUG o.s.w.t.h.s.r.b.TomcatHttpServer - Stopping TomcatHttpServer...
03:14:23.786 [Test worker] DEBUG o.s.w.t.h.s.r.b.TomcatHttpServer - Server stopped (0 millis).
03:14:23.792 [Test worker] DEBUG o.s.w.r.h.SimpleUrlHandlerMapping - Patterns [/foo, /bar, /header] in 'handlerMapping'
03:14:23.792 [Test worker] DEBUG o.s.w.s.a.HttpWebHandlerAdapter - enableLoggingRequestDetails='false': form data and headers will be masked to prevent unsafe logging of potentially sensitive data
03:14:23.792 [Test worker] DEBUG o.s.w.t.h.s.r.b.UndertowHttpServer - Starting UndertowHttpServer...
03:14:23.792 [Test worker] INFO  i.undertow - starting server: Undertow - 2.1.3.Final
03:14:23.799 [Test worker] DEBUG o.s.w.t.h.s.r.b.UndertowHttpServer - Server started on port 54669(0 millis).
03:14:23.810 [Test worker] DEBUG o.s.w.c.RestTemplate - HTTP GET http://localhost:54669/oops
03:14:23.811 [Test worker] DEBUG o.s.w.c.RestTemplate - Accept=[application/octet-stream, application/json, application/x-jackson-smile, application/*+json, */*]
03:14:23.814 [XNIO-68 I/O-3] DEBUG o.s.w.s.a.HttpWebHandlerAdapter - [4bddf308] HTTP GET "/oops"
03:14:23.814 [XNIO-68 I/O-3] DEBUG o.s.w.s.h.ResponseStatusExceptionHandler - [4bddf308] Resolved [ResponseStatusException: 404 NOT_FOUND "No matching handler"] for HTTP GET /oops
03:14:23.814 [XNIO-68 I/O-3] DEBUG o.s.w.s.a.HttpWebHandlerAdapter - [4bddf308] Completed 404 NOT_FOUND
03:14:23.815 [Test worker] DEBUG o.s.w.c.RestTemplate - Response 404 NOT_FOUND
03:14:23.815 [Test worker] DEBUG o.s.w.t.h.s.r.b.UndertowHttpServer - Stopping UndertowHttpServer...
03:14:23.815 [Test worker] INFO  i.undertow - stopping server: Undertow - 2.1.3.Final
03:14:23.817 [Test worker] DEBUG o.s.w.t.h.s.r.b.UndertowHttpServer - Server stopped (0 millis).
03:14:23.827 [Test worker] DEBUG o.s.w.r.h.SimpleUrlHandlerMapping - Patterns [/foo, /bar, /header] in 'handlerMapping'
03:14:23.827 [Test worker] DEBUG o.s.w.s.a.HttpWebHandlerAdapter - enableLoggingRequestDetails='false': form data and headers will be masked to prevent unsafe logging of potentially sensitive data
03:14:23.828 [Test worker] WARN  o.e.j.s.h.ContextHandler - Empty contextPath
03:14:23.828 [Test worker] INFO  o.e.j.s.h.ContextHandler - Started o.e.j.s.ServletContextHandler@22dbc0a9{/,null,AVAILABLE}
03:14:23.828 [Test worker] DEBUG o.s.w.t.h.s.r.b.JettyHttpServer - Starting JettyHttpServer...
03:14:23.828 [Test worker] INFO  o.e.j.s.Server - jetty-9.4.30.v20200611; built: 2020-06-11T12:34:51.929Z; git: 271836e4c1f4612f12b7bb13ef5a92a927634b0d; jvm 1.8.0_251-b08
03:14:23.832 [Test worker] INFO  o.e.j.s.AbstractConnector - Started ServerConnector@7e21df5c{HTTP/1.1, (http/1.1)}{0.0.0.0:54671}
03:14:23.832 [Test worker] INFO  o.e.j.s.Server - Started @180451ms
03:14:23.832 [Test worker] DEBUG o.s.w.t.h.s.r.b.JettyHttpServer - Server started on port 54671(0 millis).
03:14:23.853 [Test worker] DEBUG o.s.w.c.RestTemplate - HTTP GET http://localhost:54671/foo
03:14:23.853 [Test worker] DEBUG o.s.w.c.RestTemplate - Accept=[application/octet-stream, application/json, application/x-jackson-smile, application/*+json, */*]
03:14:23.862 [qtp671764294-2884] DEBUG o.s.w.s.a.HttpWebHandlerAdapter - [2a571576] HTTP GET "/foo"
03:14:23.863 [qtp671764294-2884] DEBUG o.s.w.r.h.SimpleUrlHandlerMapping - [2a571576] Mapped to org.springframework.web.reactive.result.SimpleUrlHandlerMappingIntegrationTests$WebConfig$$Lambda$1356/55004488@2490ee4c
03:14:23.864 [Test worker] DEBUG o.s.w.c.RestTemplate - Response 200 OK
03:14:23.864 [qtp671764294-2884] DEBUG o.s.w.s.a.HttpWebHandlerAdapter - [2a571576] Completed 200 OK
03:14:23.864 [Test worker] DEBUG o.s.w.c.RestTemplate - Reading to [[B] as "application/octet-stream"
03:14:23.864 [Test worker] DEBUG o.s.w.t.h.s.r.b.JettyHttpServer - Stopping JettyHttpServer...
03:14:23.864 [Test worker] INFO  o.e.j.s.h.ContextHandler - Stopped o.e.j.s.ServletContextHandler@22dbc0a9{/,null,UNAVAILABLE}
03:14:23.866 [Test worker] INFO  o.e.j.s.AbstractConnector - Stopped ServerConnector@7e21df5c{HTTP/1.1, (http/1.1)}{0.0.0.0:0}
03:14:23.867 [Test worker] DEBUG o.s.w.t.h.s.r.b.JettyHttpServer - Server stopped (0 millis).
03:14:23.871 [Test worker] DEBUG o.s.w.r.h.SimpleUrlHandlerMapping - Patterns [/foo, /bar, /header] in 'handlerMapping'
03:14:23.871 [Test worker] DEBUG o.s.w.s.a.HttpWebHandlerAdapter - enableLoggingRequestDetails='false': form data and headers will be masked to prevent unsafe logging of potentially sensitive data
03:14:23.872 [Test worker] DEBUG o.s.w.t.h.s.r.b.ReactorHttpServer - Starting ReactorHttpServer...
03:14:23.872 [Test worker] DEBUG o.s.w.t.h.s.r.b.ReactorHttpServer - Server started on port 54677(0 millis).
03:14:23.890 [Test worker] DEBUG o.s.w.c.RestTemplate - HTTP GET http://localhost:54677/foo
03:14:23.891 [Test worker] DEBUG o.s.w.c.RestTemplate - Accept=[application/octet-stream, application/json, application/x-jackson-smile, application/*+json, */*]
03:14:23.895 [reactor-http-nio-3] DEBUG o.s.w.s.a.HttpWebHandlerAdapter - [30309a74-73] HTTP GET "/foo"
03:14:23.895 [reactor-http-nio-3] DEBUG o.s.w.r.h.SimpleUrlHandlerMapping - [30309a74-73] Mapped to org.springframework.web.reactive.result.SimpleUrlHandlerMappingIntegrationTests$WebConfig$$Lambda$1356/55004488@2490ee4c
03:14:23.896 [Test worker] DEBUG o.s.w.c.RestTemplate - Response 200 OK
03:14:23.897 [Test worker] DEBUG o.s.w.c.RestTemplate - Reading to [[B] as "application/octet-stream"
03:14:23.897 [reactor-http-nio-3] DEBUG o.s.w.s.a.HttpWebHandlerAdapter - [30309a74-73] Completed 200 OK
03:14:23.898 [Test worker] DEBUG o.s.w.t.h.s.r.b.ReactorHttpServer - Stopping ReactorHttpServer...
03:14:23.898 [Test worker] DEBUG o.s.w.t.h.s.r.b.ReactorHttpServer - Server stopped (0 millis).
03:14:23.904 [Test worker] DEBUG o.s.w.r.h.SimpleUrlHandlerMapping - Patterns [/foo, /bar, /header] in 'handlerMapping'
03:14:23.904 [Test worker] DEBUG o.s.w.s.a.HttpWebHandlerAdapter - enableLoggingRequestDetails='false': form data and headers will be masked to prevent unsafe logging of potentially sensitive data
03:14:23.905 [Test worker] DEBUG o.s.w.t.h.s.r.b.TomcatHttpServer - Starting TomcatHttpServer...
03:14:23.916 [Test worker] DEBUG o.s.w.t.h.s.r.b.TomcatHttpServer - Server started on port 54679(0 millis).
03:14:23.930 [Test worker] DEBUG o.s.w.c.RestTemplate - HTTP GET http://localhost:54679/foo
03:14:23.931 [Test worker] DEBUG o.s.w.c.RestTemplate - Accept=[application/octet-stream, application/json, application/x-jackson-smile, application/*+json, */*]
03:14:23.932 [http-nio-auto-70-exec-1] DEBUG o.s.w.s.a.HttpWebHandlerAdapter - [5697ca55] HTTP GET "/foo"
03:14:23.932 [http-nio-auto-70-exec-1] DEBUG o.s.w.r.h.SimpleUrlHandlerMapping - [5697ca55] Mapped to org.springframework.web.reactive.result.SimpleUrlHandlerMappingIntegrationTests$WebConfig$$Lambda$1356/55004488@2490ee4c
03:14:23.933 [http-nio-auto-70-exec-1] DEBUG o.s.w.s.a.HttpWebHandlerAdapter - [5697ca55] Completed 200 OK
03:14:23.933 [Test worker] DEBUG o.s.w.c.RestTemplate - Response 200 OK
03:14:23.933 [Test worker] DEBUG o.s.w.c.RestTemplate - Reading to [[B] as "application/octet-stream"
03:14:23.933 [Test worker] DEBUG o.s.w.t.h.s.r.b.TomcatHttpServer - Stopping TomcatHttpServer...
03:14:24.146 [Test worker] DEBUG o.s.w.t.h.s.r.b.TomcatHttpServer - Server stopped (0 millis).
03:14:24.152 [Test worker] DEBUG o.s.w.r.h.SimpleUrlHandlerMapping - Patterns [/foo, /bar, /header] in 'handlerMapping'
03:14:24.152 [Test worker] DEBUG o.s.w.s.a.HttpWebHandlerAdapter - enableLoggingRequestDetails='false': form data and headers will be masked to prevent unsafe logging of potentially sensitive data
03:14:24.152 [Test worker] DEBUG o.s.w.t.h.s.r.b.UndertowHttpServer - Starting UndertowHttpServer...
03:14:24.152 [Test worker] INFO  i.undertow - starting server: Undertow - 2.1.3.Final
03:14:24.158 [Test worker] DEBUG o.s.w.t.h.s.r.b.UndertowHttpServer - Server started on port 54697(0 millis).
03:14:24.169 [Test worker] DEBUG o.s.w.c.RestTemplate - HTTP GET http://localhost:54697/foo
03:14:24.170 [Test worker] DEBUG o.s.w.c.RestTemplate - Accept=[application/octet-stream, application/json, application/x-jackson-smile, application/*+json, */*]
03:14:24.172 [XNIO-69 I/O-2] DEBUG o.s.w.s.a.HttpWebHandlerAdapter - [2c0d0fe8] HTTP GET "/foo"
03:14:24.172 [XNIO-69 I/O-2] DEBUG o.s.w.r.h.SimpleUrlHandlerMapping - [2c0d0fe8] Mapped to org.springframework.web.reactive.result.SimpleUrlHandlerMappingIntegrationTests$WebConfig$$Lambda$1356/55004488@2490ee4c
03:14:24.173 [XNIO-69 I/O-2] DEBUG o.s.w.s.a.HttpWebHandlerAdapter - [2c0d0fe8] Completed 200 OK
03:14:24.173 [Test worker] DEBUG o.s.w.c.RestTemplate - Response 200 OK
03:14:24.173 [Test worker] DEBUG o.s.w.c.RestTemplate - Reading to [[B] as "application/octet-stream"
03:14:24.173 [Test worker] DEBUG o.s.w.t.h.s.r.b.UndertowHttpServer - Stopping UndertowHttpServer...
03:14:24.173 [Test worker] INFO  i.undertow - stopping server: Undertow - 2.1.3.Final
03:14:24.175 [Test worker] DEBUG o.s.w.t.h.s.r.b.UndertowHttpServer - Server stopped (0 millis).
03:14:24.181 [Test worker] DEBUG o.s.w.r.h.SimpleUrlHandlerMapping - Patterns [/foo, /bar, /header] in 'handlerMapping'
03:14:24.181 [Test worker] DEBUG o.s.w.s.a.HttpWebHandlerAdapter - enableLoggingRequestDetails='false': form data and headers will be masked to prevent unsafe logging of potentially sensitive data
03:14:24.181 [Test worker] WARN  o.e.j.s.h.ContextHandler - Empty contextPath
03:14:24.181 [Test worker] INFO  o.e.j.s.h.ContextHandler - Started o.e.j.s.ServletContextHandler@20d2993d{/,null,AVAILABLE}
03:14:24.181 [Test worker] DEBUG o.s.w.t.h.s.r.b.JettyHttpServer - Starting JettyHttpServer...
03:14:24.181 [Test worker] INFO  o.e.j.s.Server - jetty-9.4.30.v20200611; built: 2020-06-11T12:34:51.929Z; git: 271836e4c1f4612f12b7bb13ef5a92a927634b0d; jvm 1.8.0_251-b08
03:14:24.184 [Test worker] INFO  o.e.j.s.AbstractConnector - Started ServerConnector@5e597f78{HTTP/1.1, (http/1.1)}{0.0.0.0:54699}
03:14:24.184 [Test worker] INFO  o.e.j.s.Server - Started @180802ms
03:14:24.184 [Test worker] DEBUG o.s.w.t.h.s.r.b.JettyHttpServer - Server started on port 54699(0 millis).
03:14:24.192 [Test worker] DEBUG o.s.w.c.RestTemplate - HTTP GET http://localhost:54699/header
03:14:24.192 [Test worker] DEBUG o.s.w.c.RestTemplate - Accept=[application/octet-stream, application/json, application/x-jackson-smile, application/*+json, */*]
03:14:24.195 [qtp78823314-2914] DEBUG o.s.w.s.a.HttpWebHandlerAdapter - [1c91db44] HTTP GET "/header"
03:14:24.195 [qtp78823314-2914] DEBUG o.s.w.r.h.SimpleUrlHandlerMapping - [1c91db44] Mapped to org.springframework.web.reactive.result.SimpleUrlHandlerMappingIntegrationTests$WebConfig$$Lambda$1358/1164082096@125626a6
03:14:24.195 [qtp78823314-2914] DEBUG o.s.w.s.a.HttpWebHandlerAdapter - [1c91db44] Completed 200 OK
03:14:24.196 [Test worker] DEBUG o.s.w.c.RestTemplate - Response 200 OK
03:14:24.196 [Test worker] DEBUG o.s.w.t.h.s.r.b.JettyHttpServer - Stopping JettyHttpServer...
03:14:24.196 [Test worker] INFO  o.e.j.s.h.ContextHandler - Stopped o.e.j.s.ServletContextHandler@20d2993d{/,null,UNAVAILABLE}
03:14:24.197 [Test worker] INFO  o.e.j.s.AbstractConnector - Stopped ServerConnector@5e597f78{HTTP/1.1, (http/1.1)}{0.0.0.0:0}
03:14:24.198 [Test worker] DEBUG o.s.w.t.h.s.r.b.JettyHttpServer - Server stopped (0 millis).
03:14:24.201 [Test worker] DEBUG o.s.w.r.h.SimpleUrlHandlerMapping - Patterns [/foo, /bar, /header] in 'handlerMapping'
03:14:24.202 [Test worker] DEBUG o.s.w.s.a.HttpWebHandlerAdapter - enableLoggingRequestDetails='false': form data and headers will be masked to prevent unsafe logging of potentially sensitive data
03:14:24.202 [Test worker] DEBUG o.s.w.t.h.s.r.b.ReactorHttpServer - Starting ReactorHttpServer...
03:14:24.203 [Test worker] DEBUG o.s.w.t.h.s.r.b.ReactorHttpServer - Server started on port 54705(0 millis).
03:14:24.215 [Test worker] DEBUG o.s.w.c.RestTemplate - HTTP GET http://localhost:54705/header
03:14:24.215 [Test worker] DEBUG o.s.w.c.RestTemplate - Accept=[application/octet-stream, application/json, application/x-jackson-smile, application/*+json, */*]
03:14:24.218 [reactor-http-nio-1] DEBUG o.s.w.s.a.HttpWebHandlerAdapter - [01f310a5-74] HTTP GET "/header"
03:14:24.218 [reactor-http-nio-1] DEBUG o.s.w.r.h.SimpleUrlHandlerMapping - [01f310a5-74] Mapped to org.springframework.web.reactive.result.SimpleUrlHandlerMappingIntegrationTests$WebConfig$$Lambda$1358/1164082096@125626a6
03:14:24.218 [reactor-http-nio-1] DEBUG o.s.w.s.a.HttpWebHandlerAdapter - [01f310a5-74] Completed 200 OK
03:14:24.219 [Test worker] DEBUG o.s.w.c.RestTemplate - Response 200 OK
03:14:24.219 [Test worker] DEBUG o.s.w.t.h.s.r.b.ReactorHttpServer - Stopping ReactorHttpServer...
03:14:24.220 [Test worker] DEBUG o.s.w.t.h.s.r.b.ReactorHttpServer - Server stopped (0 millis).
03:14:24.226 [Test worker] DEBUG o.s.w.r.h.SimpleUrlHandlerMapping - Patterns [/foo, /bar, /header] in 'handlerMapping'
03:14:24.227 [Test worker] DEBUG o.s.w.s.a.HttpWebHandlerAdapter - enableLoggingRequestDetails='false': form data and headers will be masked to prevent unsafe logging of potentially sensitive data
03:14:24.227 [Test worker] DEBUG o.s.w.t.h.s.r.b.TomcatHttpServer - Starting TomcatHttpServer...
03:14:24.235 [Test worker] DEBUG o.s.w.t.h.s.r.b.TomcatHttpServer - Server started on port 54707(0 millis).
03:14:24.246 [Test worker] DEBUG o.s.w.c.RestTemplate - HTTP GET http://localhost:54707/header
03:14:24.246 [Test worker] DEBUG o.s.w.c.RestTemplate - Accept=[application/octet-stream, application/json, application/x-jackson-smile, application/*+json, */*]
03:14:24.247 [http-nio-auto-71-exec-1] DEBUG o.s.w.s.a.HttpWebHandlerAdapter - [2edfb425] HTTP GET "/header"
03:14:24.248 [http-nio-auto-71-exec-1] DEBUG o.s.w.r.h.SimpleUrlHandlerMapping - [2edfb425] Mapped to org.springframework.web.reactive.result.SimpleUrlHandlerMappingIntegrationTests$WebConfig$$Lambda$1358/1164082096@125626a6
03:14:24.248 [http-nio-auto-71-exec-1] DEBUG o.s.w.s.a.HttpWebHandlerAdapter - [2edfb425] Completed 200 OK
03:14:24.248 [Test worker] DEBUG o.s.w.c.RestTemplate - Response 200 OK
03:14:24.248 [Test worker] DEBUG o.s.w.t.h.s.r.b.TomcatHttpServer - Stopping TomcatHttpServer...
03:14:24.450 [Test worker] DEBUG o.s.w.t.h.s.r.b.TomcatHttpServer - Server stopped (0 millis).
03:14:24.458 [Test worker] DEBUG o.s.w.r.h.SimpleUrlHandlerMapping - Patterns [/foo, /bar, /header] in 'handlerMapping'
03:14:24.459 [Test worker] DEBUG o.s.w.s.a.HttpWebHandlerAdapter - enableLoggingRequestDetails='false': form data and headers will be masked to prevent unsafe logging of potentially sensitive data
03:14:24.459 [Test worker] DEBUG o.s.w.t.h.s.r.b.UndertowHttpServer - Starting UndertowHttpServer...
03:14:24.459 [Test worker] INFO  i.undertow - starting server: Undertow - 2.1.3.Final
03:14:24.467 [Test worker] DEBUG o.s.w.t.h.s.r.b.UndertowHttpServer - Server started on port 54724(0 millis).
03:14:24.481 [Test worker] DEBUG o.s.w.c.RestTemplate - HTTP GET http://localhost:54724/header
03:14:24.482 [Test worker] DEBUG o.s.w.c.RestTemplate - Accept=[application/octet-stream, application/json, application/x-jackson-smile, application/*+json, */*]
03:14:24.485 [XNIO-70 I/O-2] DEBUG o.s.w.s.a.HttpWebHandlerAdapter - [20b03ed1] HTTP GET "/header"
03:14:24.485 [XNIO-70 I/O-2] DEBUG o.s.w.r.h.SimpleUrlHandlerMapping - [20b03ed1] Mapped to org.springframework.web.reactive.result.SimpleUrlHandlerMappingIntegrationTests$WebConfig$$Lambda$1358/1164082096@125626a6
03:14:24.485 [XNIO-70 I/O-2] DEBUG o.s.w.s.a.HttpWebHandlerAdapter - [20b03ed1] Completed 200 OK
03:14:24.488 [Test worker] DEBUG o.s.w.c.RestTemplate - Response 200 OK
03:14:24.488 [Test worker] DEBUG o.s.w.t.h.s.r.b.UndertowHttpServer - Stopping UndertowHttpServer...
03:14:24.488 [Test worker] INFO  i.undertow - stopping server: Undertow - 2.1.3.Final
03:14:24.490 [Test worker] DEBUG o.s.w.t.h.s.r.b.UndertowHttpServer - Server stopped (0 millis).
03:14:24.497 [Test worker] DEBUG o.s.w.r.h.SimpleUrlHandlerMapping - Patterns [/foo, /bar, /header] in 'handlerMapping'
03:14:24.498 [Test worker] DEBUG o.s.w.s.a.HttpWebHandlerAdapter - enableLoggingRequestDetails='false': form data and headers will be masked to prevent unsafe logging of potentially sensitive data
03:14:24.499 [Test worker] WARN  o.e.j.s.h.ContextHandler - Empty contextPath
03:14:24.499 [Test worker] INFO  o.e.j.s.h.ContextHandler - Started o.e.j.s.ServletContextHandler@341d170f{/,null,AVAILABLE}
03:14:24.499 [Test worker] DEBUG o.s.w.t.h.s.r.b.JettyHttpServer - Starting JettyHttpServer...
03:14:24.499 [Test worker] INFO  o.e.j.s.Server - jetty-9.4.30.v20200611; built: 2020-06-11T12:34:51.929Z; git: 271836e4c1f4612f12b7bb13ef5a92a927634b0d; jvm 1.8.0_251-b08
03:14:24.502 [Test worker] INFO  o.e.j.s.AbstractConnector - Started ServerConnector@1daeac10{HTTP/1.1, (http/1.1)}{0.0.0.0:54726}
03:14:24.503 [Test worker] INFO  o.e.j.s.Server - Started @181120ms
03:14:24.503 [Test worker] DEBUG o.s.w.t.h.s.r.b.JettyHttpServer - Server started on port 54726(0 millis).
03:14:24.520 [Test worker] DEBUG o.s.w.c.RestTemplate - HTTP GET http://localhost:54726/bar
03:14:24.520 [Test worker] DEBUG o.s.w.c.RestTemplate - Accept=[application/octet-stream, application/json, application/x-jackson-smile, application/*+json, */*]
03:14:24.524 [qtp593267742-2943] DEBUG o.s.w.s.a.HttpWebHandlerAdapter - [31123e65] HTTP GET "/bar"
03:14:24.524 [qtp593267742-2943] DEBUG o.s.w.r.h.SimpleUrlHandlerMapping - [31123e65] Mapped to org.springframework.web.reactive.result.SimpleUrlHandlerMappingIntegrationTests$WebConfig$$Lambda$1357/164401211@3fd5d637
03:14:24.525 [Test worker] DEBUG o.s.w.c.RestTemplate - Response 200 OK
03:14:24.525 [Test worker] DEBUG o.s.w.c.RestTemplate - Reading to [[B] as "application/octet-stream"
03:14:24.525 [qtp593267742-2943] DEBUG o.s.w.s.a.HttpWebHandlerAdapter - [31123e65] Completed 200 OK
03:14:24.526 [Test worker] DEBUG o.s.w.t.h.s.r.b.JettyHttpServer - Stopping JettyHttpServer...
03:14:24.526 [Test worker] INFO  o.e.j.s.h.ContextHandler - Stopped o.e.j.s.ServletContextHandler@341d170f{/,null,UNAVAILABLE}
03:14:24.529 [Test worker] INFO  o.e.j.s.AbstractConnector - Stopped ServerConnector@1daeac10{HTTP/1.1, (http/1.1)}{0.0.0.0:0}
03:14:24.529 [Test worker] DEBUG o.s.w.t.h.s.r.b.JettyHttpServer - Server stopped (0 millis).
03:14:24.536 [Test worker] DEBUG o.s.w.r.h.SimpleUrlHandlerMapping - Patterns [/foo, /bar, /header] in 'handlerMapping'
03:14:24.537 [Test worker] DEBUG o.s.w.s.a.HttpWebHandlerAdapter - enableLoggingRequestDetails='false': form data and headers will be masked to prevent unsafe logging of potentially sensitive data
03:14:24.537 [Test worker] DEBUG o.s.w.t.h.s.r.b.ReactorHttpServer - Starting ReactorHttpServer...
03:14:24.538 [Test worker] DEBUG o.s.w.t.h.s.r.b.ReactorHttpServer - Server started on port 54732(0 millis).
03:14:24.555 [Test worker] DEBUG o.s.w.c.RestTemplate - HTTP GET http://localhost:54732/bar
03:14:24.556 [Test worker] DEBUG o.s.w.c.RestTemplate - Accept=[application/octet-stream, application/json, application/x-jackson-smile, application/*+json, */*]
03:14:24.562 [reactor-http-nio-3] DEBUG o.s.w.s.a.HttpWebHandlerAdapter - [59115077-75] HTTP GET "/bar"
03:14:24.564 [reactor-http-nio-3] DEBUG o.s.w.r.h.SimpleUrlHandlerMapping - [59115077-75] Mapped to org.springframework.web.reactive.result.SimpleUrlHandlerMappingIntegrationTests$WebConfig$$Lambda$1357/164401211@3fd5d637
03:14:24.565 [reactor-http-nio-3] DEBUG o.s.w.s.a.HttpWebHandlerAdapter - [59115077-75] Completed 200 OK
03:14:24.566 [Test worker] DEBUG o.s.w.c.RestTemplate - Response 200 OK
03:14:24.566 [Test worker] DEBUG o.s.w.c.RestTemplate - Reading to [[B] as "application/octet-stream"
03:14:24.566 [Test worker] DEBUG o.s.w.t.h.s.r.b.ReactorHttpServer - Stopping ReactorHttpServer...
03:14:24.567 [Test worker] DEBUG o.s.w.t.h.s.r.b.ReactorHttpServer - Server stopped (0 millis).
03:14:24.573 [Test worker] DEBUG o.s.w.r.h.SimpleUrlHandlerMapping - Patterns [/foo, /bar, /header] in 'handlerMapping'
03:14:24.584 [Test worker] DEBUG o.s.w.s.a.HttpWebHandlerAdapter - enableLoggingRequestDetails='false': form data and headers will be masked to prevent unsafe logging of potentially sensitive data
03:14:24.584 [Test worker] DEBUG o.s.w.t.h.s.r.b.TomcatHttpServer - Starting TomcatHttpServer...
03:14:24.599 [Test worker] DEBUG o.s.w.t.h.s.r.b.TomcatHttpServer - Server started on port 54734(0 millis).
03:14:24.614 [Test worker] DEBUG o.s.w.c.RestTemplate - HTTP GET http://localhost:54734/bar
03:14:24.614 [Test worker] DEBUG o.s.w.c.RestTemplate - Accept=[application/octet-stream, application/json, application/x-jackson-smile, application/*+json, */*]
03:14:24.616 [http-nio-auto-72-exec-1] DEBUG o.s.w.s.a.HttpWebHandlerAdapter - [9af6086] HTTP GET "/bar"
03:14:24.616 [http-nio-auto-72-exec-1] DEBUG o.s.w.r.h.SimpleUrlHandlerMapping - [9af6086] Mapped to org.springframework.web.reactive.result.SimpleUrlHandlerMappingIntegrationTests$WebConfig$$Lambda$1357/164401211@3fd5d637
03:14:24.617 [http-nio-auto-72-exec-1] DEBUG o.s.w.s.a.HttpWebHandlerAdapter - [9af6086] Completed 200 OK
03:14:24.617 [Test worker] DEBUG o.s.w.c.RestTemplate - Response 200 OK
03:14:24.617 [Test worker] DEBUG o.s.w.c.RestTemplate - Reading to [[B] as "application/octet-stream"
03:14:24.617 [Test worker] DEBUG o.s.w.t.h.s.r.b.TomcatHttpServer - Stopping TomcatHttpServer...
03:14:24.850 [Test worker] DEBUG o.s.w.t.h.s.r.b.TomcatHttpServer - Server stopped (0 millis).
03:14:24.859 [Test worker] DEBUG o.s.w.r.h.SimpleUrlHandlerMapping - Patterns [/foo, /bar, /header] in 'handlerMapping'
03:14:24.861 [Test worker] DEBUG o.s.w.s.a.HttpWebHandlerAdapter - enableLoggingRequestDetails='false': form data and headers will be masked to prevent unsafe logging of potentially sensitive data
03:14:24.861 [Test worker] DEBUG o.s.w.t.h.s.r.b.UndertowHttpServer - Starting UndertowHttpServer...
03:14:24.861 [Test worker] INFO  i.undertow - starting server: Undertow - 2.1.3.Final
03:14:24.869 [Test worker] DEBUG o.s.w.t.h.s.r.b.UndertowHttpServer - Server started on port 54752(0 millis).
03:14:24.935 [Test worker] DEBUG o.s.w.c.RestTemplate - HTTP GET http://localhost:54752/bar
03:14:24.935 [Test worker] DEBUG o.s.w.c.RestTemplate - Accept=[application/octet-stream, application/json, application/x-jackson-smile, application/*+json, */*]
03:14:24.938 [XNIO-71 I/O-2] DEBUG o.s.w.s.a.HttpWebHandlerAdapter - [5b9e2a6a] HTTP GET "/bar"
03:14:24.938 [XNIO-71 I/O-2] DEBUG o.s.w.r.h.SimpleUrlHandlerMapping - [5b9e2a6a] Mapped to org.springframework.web.reactive.result.SimpleUrlHandlerMappingIntegrationTests$WebConfig$$Lambda$1357/164401211@3fd5d637
03:14:24.938 [XNIO-71 I/O-2] DEBUG o.s.w.s.a.HttpWebHandlerAdapter - [5b9e2a6a] Completed 200 OK
03:14:24.938 [Test worker] DEBUG o.s.w.c.RestTemplate - Response 200 OK
03:14:24.939 [Test worker] DEBUG o.s.w.c.RestTemplate - Reading to [[B] as "application/octet-stream"
03:14:24.939 [Test worker] DEBUG o.s.w.t.h.s.r.b.UndertowHttpServer - Stopping UndertowHttpServer...
03:14:24.939 [Test worker] INFO  i.undertow - stopping server: Undertow - 2.1.3.Final
03:14:24.941 [Test worker] DEBUG o.s.w.t.h.s.r.b.UndertowHttpServer - Server stopped (0 millis).
]]></system-out>
  <system-err><![CDATA[]]></system-err>
</testsuite>
