<?xml version="1.0" encoding="UTF-8"?>
<testsuite name="org.springframework.web.reactive.result.method.annotation.ControllerInputIntegrationTests" tests="12" skipped="0" failures="0" errors="0" timestamp="2023-03-06T08:14:48" hostname="DESKTOP-VGJP1PJ" time="8.472">
  <properties/>
  <testcase name="handleWithEncodedParam(HttpServer)[1]" classname="org.springframework.web.reactive.result.method.annotation.ControllerInputIntegrationTests" time="0.373"/>
  <testcase name="handleWithEncodedParam(HttpServer)[2]" classname="org.springframework.web.reactive.result.method.annotation.ControllerInputIntegrationTests" time="0.449"/>
  <testcase name="handleWithEncodedParam(HttpServer)[3]" classname="org.springframework.web.reactive.result.method.annotation.ControllerInputIntegrationTests" time="1.808"/>
  <testcase name="handleWithEncodedParam(HttpServer)[4]" classname="org.springframework.web.reactive.result.method.annotation.ControllerInputIntegrationTests" time="0.579"/>
  <testcase name="matrixVariable(HttpServer)[1]" classname="org.springframework.web.reactive.result.method.annotation.ControllerInputIntegrationTests" time="0.23"/>
  <testcase name="matrixVariable(HttpServer)[2]" classname="org.springframework.web.reactive.result.method.annotation.ControllerInputIntegrationTests" time="0.788"/>
  <testcase name="matrixVariable(HttpServer)[3]" classname="org.springframework.web.reactive.result.method.annotation.ControllerInputIntegrationTests" time="1.081"/>
  <testcase name="matrixVariable(HttpServer)[4]" classname="org.springframework.web.reactive.result.method.annotation.ControllerInputIntegrationTests" time="1.026"/>
  <testcase name="handleWithParam(HttpServer)[1]" classname="org.springframework.web.reactive.result.method.annotation.ControllerInputIntegrationTests" time="0.47"/>
  <testcase name="handleWithParam(HttpServer)[2]" classname="org.springframework.web.reactive.result.method.annotation.ControllerInputIntegrationTests" time="0.265"/>
  <testcase name="handleWithParam(HttpServer)[3]" classname="org.springframework.web.reactive.result.method.annotation.ControllerInputIntegrationTests" time="0.616"/>
  <testcase name="handleWithParam(HttpServer)[4]" classname="org.springframework.web.reactive.result.method.annotation.ControllerInputIntegrationTests" time="0.573"/>
  <system-out><![CDATA[03:14:48.759 [Test worker] DEBUG o.s.w.r.r.m.a.RequestMappingHandlerMapping - 2 mappings in 'requestMappingHandlerMapping'
03:14:48.831 [Test worker] DEBUG o.s.w.r.r.m.a.ControllerMethodResolver - ControllerAdvice beans: none
03:14:48.899 [Test worker] DEBUG o.s.w.s.a.HttpWebHandlerAdapter - enableLoggingRequestDetails='false': form data and headers will be masked to prevent unsafe logging of potentially sensitive data
03:14:48.899 [Test worker] WARN  o.e.j.s.h.ContextHandler - Empty contextPath
03:14:48.899 [Test worker] INFO  o.e.j.s.h.ContextHandler - Started o.e.j.s.ServletContextHandler@661bf1c8{/,null,AVAILABLE}
03:14:48.900 [Test worker] DEBUG o.s.w.t.h.s.r.b.JettyHttpServer - Starting JettyHttpServer...
03:14:48.900 [Test worker] INFO  o.e.j.s.Server - jetty-9.4.30.v20200611; built: 2020-06-11T12:34:51.929Z; git: 271836e4c1f4612f12b7bb13ef5a92a927634b0d; jvm 1.8.0_251-b08
03:14:49.033 [Test worker] INFO  o.e.j.s.AbstractConnector - Started ServerConnector@abc4df9{HTTP/1.1, (http/1.1)}{0.0.0.0:55081}
03:14:49.033 [Test worker] INFO  o.e.j.s.Server - Started @49470ms
03:14:49.033 [Test worker] DEBUG o.s.w.t.h.s.r.b.JettyHttpServer - Server started on port 55081(0 millis).
03:14:49.037 [Test worker] DEBUG o.s.w.c.RestTemplate - HTTP GET http://localhost:55081/param?name=%20%2B+%C3%A0
03:14:49.037 [Test worker] DEBUG o.s.w.c.RestTemplate - Accept=[text/plain, application/json, application/x-jackson-smile, application/*+json, */*]
03:14:49.041 [qtp1515077565-390] DEBUG o.s.w.s.a.HttpWebHandlerAdapter - [90ca57] HTTP GET "/param?name=%20%2B+%C3%A0"
03:14:49.042 [qtp1515077565-390] DEBUG o.s.w.r.r.m.a.RequestMappingHandlerMapping - [90ca57] Mapped to org.springframework.web.reactive.result.method.annotation.ControllerInputIntegrationTests$TestRestController#param(String)
03:14:49.077 [qtp1515077565-390] DEBUG o.s.w.r.r.m.a.ResponseBodyResultHandler - Using 'text/plain;charset=UTF-8' given [text/plain, application/json, application/x-jackson-smile, application/*+json, */*] and supported [text/plain;charset=UTF-8, text/event-stream, text/plain;charset=UTF-8, */*]
03:14:49.077 [qtp1515077565-390] DEBUG o.s.w.r.r.m.a.ResponseBodyResultHandler - [90ca57] 0..N [java.lang.String]
03:14:49.078 [qtp1515077565-390] DEBUG o.s.c.c.CharSequenceEncoder - [90ca57] Writing "Hello "
03:14:49.078 [Test worker] DEBUG o.s.w.c.RestTemplate - Response 200 OK
03:14:49.078 [Test worker] DEBUG o.s.w.c.RestTemplate - Reading to [java.lang.String] as "text/plain;charset=utf-8"
03:14:49.079 [qtp1515077565-390] DEBUG o.s.c.c.CharSequenceEncoder - [90ca57] Writing " + à"
03:14:49.080 [qtp1515077565-390] DEBUG o.s.c.c.CharSequenceEncoder - [90ca57] Writing "!"
03:14:49.081 [qtp1515077565-390] DEBUG o.s.w.s.a.HttpWebHandlerAdapter - [90ca57] Completed 200 OK
03:14:49.081 [Test worker] DEBUG o.s.w.t.h.s.r.b.JettyHttpServer - Stopping JettyHttpServer...
03:14:49.082 [Test worker] INFO  o.e.j.s.h.ContextHandler - Stopped o.e.j.s.ServletContextHandler@661bf1c8{/,null,UNAVAILABLE}
03:14:49.084 [Test worker] INFO  o.e.j.s.AbstractConnector - Stopped ServerConnector@abc4df9{HTTP/1.1, (http/1.1)}{0.0.0.0:0}
03:14:49.085 [Test worker] DEBUG o.s.w.t.h.s.r.b.JettyHttpServer - Server stopped (0 millis).
03:14:49.173 [Test worker] DEBUG o.s.w.r.r.m.a.RequestMappingHandlerMapping - 2 mappings in 'requestMappingHandlerMapping'
03:14:49.238 [Test worker] DEBUG o.s.w.r.r.m.a.ControllerMethodResolver - ControllerAdvice beans: none
03:14:49.407 [Test worker] DEBUG o.s.w.s.a.HttpWebHandlerAdapter - enableLoggingRequestDetails='false': form data and headers will be masked to prevent unsafe logging of potentially sensitive data
03:14:49.408 [Test worker] DEBUG o.s.w.t.h.s.r.b.ReactorHttpServer - Starting ReactorHttpServer...
03:14:49.410 [Test worker] DEBUG o.s.w.t.h.s.r.b.ReactorHttpServer - Server started on port 55087(0 millis).
03:14:49.532 [Test worker] DEBUG o.s.w.c.RestTemplate - HTTP GET http://localhost:55087/param?name=%20%2B+%C3%A0
03:14:49.533 [Test worker] DEBUG o.s.w.c.RestTemplate - Accept=[text/plain, application/json, application/x-jackson-smile, application/*+json, */*]
03:14:49.539 [reactor-http-nio-4] DEBUG o.s.w.s.a.HttpWebHandlerAdapter - [82a25eea-8] HTTP GET "/param?name=%20%2B+%C3%A0"
03:14:49.539 [reactor-http-nio-4] DEBUG o.s.w.r.r.m.a.RequestMappingHandlerMapping - [82a25eea-8] Mapped to org.springframework.web.reactive.result.method.annotation.ControllerInputIntegrationTests$TestRestController#param(String)
03:14:49.544 [reactor-http-nio-4] DEBUG o.s.w.r.r.m.a.ResponseBodyResultHandler - Using 'text/plain;charset=UTF-8' given [text/plain, application/json, application/x-jackson-smile, application/*+json, */*] and supported [text/plain;charset=UTF-8, text/event-stream, text/plain;charset=UTF-8, */*]
03:14:49.544 [reactor-http-nio-4] DEBUG o.s.w.r.r.m.a.ResponseBodyResultHandler - [82a25eea-8] 0..N [java.lang.String]
03:14:49.544 [reactor-http-nio-4] DEBUG o.s.c.c.CharSequenceEncoder - [82a25eea-8] Writing "Hello "
03:14:49.546 [reactor-http-nio-4] DEBUG o.s.c.c.CharSequenceEncoder - [82a25eea-8] Writing " + à"
03:14:49.546 [reactor-http-nio-4] DEBUG o.s.c.c.CharSequenceEncoder - [82a25eea-8] Writing "!"
03:14:49.548 [reactor-http-nio-4] DEBUG o.s.w.s.a.HttpWebHandlerAdapter - [82a25eea-8] Completed 200 OK
03:14:49.549 [Test worker] DEBUG o.s.w.c.RestTemplate - Response 200 OK
03:14:49.549 [Test worker] DEBUG o.s.w.c.RestTemplate - Reading to [java.lang.String] as "text/plain;charset=UTF-8"
03:14:49.549 [Test worker] DEBUG o.s.w.t.h.s.r.b.ReactorHttpServer - Stopping ReactorHttpServer...
03:14:49.552 [Test worker] DEBUG o.s.w.t.h.s.r.b.ReactorHttpServer - Server stopped (0 millis).
03:14:49.745 [Test worker] DEBUG o.s.w.r.r.m.a.RequestMappingHandlerMapping - 2 mappings in 'requestMappingHandlerMapping'
03:14:49.864 [Test worker] DEBUG o.s.w.r.r.m.a.ControllerMethodResolver - ControllerAdvice beans: none
03:14:49.948 [Test worker] DEBUG o.s.w.s.a.HttpWebHandlerAdapter - enableLoggingRequestDetails='false': form data and headers will be masked to prevent unsafe logging of potentially sensitive data
03:14:49.950 [Test worker] DEBUG o.s.w.t.h.s.r.b.TomcatHttpServer - Starting TomcatHttpServer...
03:14:49.987 [Test worker] DEBUG o.s.w.t.h.s.r.b.TomcatHttpServer - Server started on port 55089(0 millis).
03:14:49.990 [Test worker] DEBUG o.s.w.c.RestTemplate - HTTP GET http://localhost:55089/param?name=%20%2B+%C3%A0
03:14:49.993 [Test worker] DEBUG o.s.w.c.RestTemplate - Accept=[text/plain, application/json, application/x-jackson-smile, application/*+json, */*]
03:14:50.282 [http-nio-auto-8-exec-1] DEBUG o.s.w.s.a.HttpWebHandlerAdapter - [73b0c23] HTTP GET "/param?name=%20%2B+%C3%A0"
03:14:50.283 [http-nio-auto-8-exec-1] DEBUG o.s.w.r.r.m.a.RequestMappingHandlerMapping - [73b0c23] Mapped to org.springframework.web.reactive.result.method.annotation.ControllerInputIntegrationTests$TestRestController#param(String)
03:14:50.292 [http-nio-auto-8-exec-1] DEBUG o.s.w.r.r.m.a.ResponseBodyResultHandler - Using 'text/plain;charset=UTF-8' given [text/plain, application/json, application/x-jackson-smile, application/*+json, */*] and supported [text/plain;charset=UTF-8, text/event-stream, text/plain;charset=UTF-8, */*]
03:14:50.292 [http-nio-auto-8-exec-1] DEBUG o.s.w.r.r.m.a.ResponseBodyResultHandler - [73b0c23] 0..N [java.lang.String]
03:14:50.292 [http-nio-auto-8-exec-1] DEBUG o.s.c.c.CharSequenceEncoder - [73b0c23] Writing "Hello "
03:14:50.293 [http-nio-auto-8-exec-1] DEBUG o.s.c.c.CharSequenceEncoder - [73b0c23] Writing " + à"
03:14:50.293 [http-nio-auto-8-exec-1] DEBUG o.s.c.c.CharSequenceEncoder - [73b0c23] Writing "!"
03:14:50.299 [Test worker] DEBUG o.s.w.c.RestTemplate - Response 200 OK
03:14:50.300 [Test worker] DEBUG o.s.w.c.RestTemplate - Reading to [java.lang.String] as "text/plain;charset=UTF-8"
03:14:50.300 [http-nio-auto-8-exec-1] DEBUG o.s.w.s.a.HttpWebHandlerAdapter - [73b0c23] Completed 200 OK
03:14:50.301 [Test worker] DEBUG o.s.w.t.h.s.r.b.TomcatHttpServer - Stopping TomcatHttpServer...
03:14:51.384 [Test worker] DEBUG o.s.w.t.h.s.r.b.TomcatHttpServer - Server stopped (0 millis).
03:14:51.651 [Test worker] DEBUG o.s.w.r.r.m.a.RequestMappingHandlerMapping - 2 mappings in 'requestMappingHandlerMapping'
03:14:51.712 [Test worker] DEBUG o.s.w.r.r.m.a.ControllerMethodResolver - ControllerAdvice beans: none
03:14:51.775 [Test worker] DEBUG o.s.w.s.a.HttpWebHandlerAdapter - enableLoggingRequestDetails='false': form data and headers will be masked to prevent unsafe logging of potentially sensitive data
03:14:51.776 [Test worker] DEBUG o.s.w.t.h.s.r.b.UndertowHttpServer - Starting UndertowHttpServer...
03:14:51.776 [Test worker] INFO  i.undertow - starting server: Undertow - 2.1.3.Final
03:14:51.790 [Test worker] DEBUG o.s.w.t.h.s.r.b.UndertowHttpServer - Server started on port 55106(0 millis).
03:14:51.790 [Test worker] DEBUG o.s.w.c.RestTemplate - HTTP GET http://localhost:55106/param?name=%20%2B+%C3%A0
03:14:51.790 [Test worker] DEBUG o.s.w.c.RestTemplate - Accept=[text/plain, application/json, application/x-jackson-smile, application/*+json, */*]
03:14:51.965 [XNIO-8 I/O-3] DEBUG o.s.w.s.a.HttpWebHandlerAdapter - [2073307d] HTTP GET "/param?name=%20%2B+%C3%A0"
03:14:51.966 [XNIO-8 I/O-3] DEBUG o.s.w.r.r.m.a.RequestMappingHandlerMapping - [2073307d] Mapped to org.springframework.web.reactive.result.method.annotation.ControllerInputIntegrationTests$TestRestController#param(String)
03:14:51.969 [XNIO-8 I/O-3] DEBUG o.s.w.r.r.m.a.ResponseBodyResultHandler - Using 'text/plain;charset=UTF-8' given [text/plain, application/json, application/x-jackson-smile, application/*+json, */*] and supported [text/plain;charset=UTF-8, text/event-stream, text/plain;charset=UTF-8, */*]
03:14:51.969 [XNIO-8 I/O-3] DEBUG o.s.w.r.r.m.a.ResponseBodyResultHandler - [2073307d] 0..N [java.lang.String]
03:14:51.969 [XNIO-8 I/O-3] DEBUG o.s.c.c.CharSequenceEncoder - [2073307d] Writing "Hello "
03:14:51.971 [Test worker] DEBUG o.s.w.c.RestTemplate - Response 200 OK
03:14:51.971 [Test worker] DEBUG o.s.w.c.RestTemplate - Reading to [java.lang.String] as "text/plain;charset=UTF-8"
03:14:51.971 [XNIO-8 I/O-3] DEBUG o.s.c.c.CharSequenceEncoder - [2073307d] Writing " + à"
03:14:51.973 [XNIO-8 I/O-3] DEBUG o.s.c.c.CharSequenceEncoder - [2073307d] Writing "!"
03:14:51.973 [XNIO-8 I/O-3] DEBUG o.s.w.s.a.HttpWebHandlerAdapter - [2073307d] Completed 200 OK
03:14:51.974 [Test worker] DEBUG o.s.w.t.h.s.r.b.UndertowHttpServer - Stopping UndertowHttpServer...
03:14:51.974 [Test worker] INFO  i.undertow - stopping server: Undertow - 2.1.3.Final
03:14:51.982 [Test worker] DEBUG o.s.w.t.h.s.r.b.UndertowHttpServer - Server stopped (0 millis).
03:14:52.055 [Test worker] DEBUG o.s.w.r.r.m.a.RequestMappingHandlerMapping - 2 mappings in 'requestMappingHandlerMapping'
03:14:52.131 [Test worker] DEBUG o.s.w.r.r.m.a.ControllerMethodResolver - ControllerAdvice beans: none
03:14:52.187 [Test worker] DEBUG o.s.w.s.a.HttpWebHandlerAdapter - enableLoggingRequestDetails='false': form data and headers will be masked to prevent unsafe logging of potentially sensitive data
03:14:52.187 [Test worker] WARN  o.e.j.s.h.ContextHandler - Empty contextPath
03:14:52.188 [Test worker] INFO  o.e.j.s.h.ContextHandler - Started o.e.j.s.ServletContextHandler@62251cfe{/,null,AVAILABLE}
03:14:52.189 [Test worker] DEBUG o.s.w.t.h.s.r.b.JettyHttpServer - Starting JettyHttpServer...
03:14:52.189 [Test worker] INFO  o.e.j.s.Server - jetty-9.4.30.v20200611; built: 2020-06-11T12:34:51.929Z; git: 271836e4c1f4612f12b7bb13ef5a92a927634b0d; jvm 1.8.0_251-b08
03:14:52.209 [Test worker] INFO  o.e.j.s.AbstractConnector - Started ServerConnector@704abb2e{HTTP/1.1, (http/1.1)}{0.0.0.0:55108}
03:14:52.209 [Test worker] INFO  o.e.j.s.Server - Started @52646ms
03:14:52.210 [Test worker] DEBUG o.s.w.t.h.s.r.b.JettyHttpServer - Server started on port 55108(0 millis).
03:14:52.210 [Test worker] DEBUG o.s.w.c.RestTemplate - HTTP GET http://localhost:55108/first;p=11/second;q=22/third-fourth;q=44
03:14:52.210 [Test worker] DEBUG o.s.w.c.RestTemplate - Accept=[text/plain, application/json, application/x-jackson-smile, application/*+json, */*]
03:14:52.216 [qtp234091081-430] DEBUG o.s.w.s.a.HttpWebHandlerAdapter - [54967a89] HTTP GET "/first;p=11/second;q=22/third-fourth;q=44"
03:14:52.216 [qtp234091081-430] DEBUG o.s.w.r.r.m.a.RequestMappingHandlerMapping - [54967a89] Mapped to org.springframework.web.reactive.result.method.annotation.ControllerInputIntegrationTests$TestRestController#matrixVar(int, int, int)
03:14:52.225 [qtp234091081-430] DEBUG o.s.w.r.r.m.a.ResponseBodyResultHandler - Using 'text/plain;charset=UTF-8' given [text/plain, application/json, application/x-jackson-smile, application/*+json, */*] and supported [text/plain;charset=UTF-8, text/event-stream, text/plain;charset=UTF-8, */*]
03:14:52.225 [qtp234091081-430] DEBUG o.s.w.r.r.m.a.ResponseBodyResultHandler - [54967a89] 0..1 [java.lang.String]
03:14:52.225 [qtp234091081-430] DEBUG o.s.c.c.CharSequenceEncoder - [54967a89] Writing "p=11, q2=22, q4=44"
03:14:52.226 [Test worker] DEBUG o.s.w.c.RestTemplate - Response 200 OK
03:14:52.226 [qtp234091081-430] DEBUG o.s.w.s.a.HttpWebHandlerAdapter - [54967a89] Completed 200 OK
03:14:52.226 [Test worker] DEBUG o.s.w.c.RestTemplate - Reading to [java.lang.String] as "text/plain;charset=utf-8"
03:14:52.227 [Test worker] DEBUG o.s.w.t.h.s.r.b.JettyHttpServer - Stopping JettyHttpServer...
03:14:52.227 [Test worker] INFO  o.e.j.s.h.ContextHandler - Stopped o.e.j.s.ServletContextHandler@62251cfe{/,null,UNAVAILABLE}
03:14:52.229 [Test worker] INFO  o.e.j.s.AbstractConnector - Stopped ServerConnector@704abb2e{HTTP/1.1, (http/1.1)}{0.0.0.0:0}
03:14:52.237 [Test worker] DEBUG o.s.w.t.h.s.r.b.JettyHttpServer - Server stopped (0 millis).
03:14:52.335 [Test worker] DEBUG o.s.w.r.r.m.a.RequestMappingHandlerMapping - 2 mappings in 'requestMappingHandlerMapping'
03:14:52.403 [Test worker] DEBUG o.s.w.r.r.m.a.ControllerMethodResolver - ControllerAdvice beans: none
03:14:52.496 [Test worker] DEBUG o.s.w.s.a.HttpWebHandlerAdapter - enableLoggingRequestDetails='false': form data and headers will be masked to prevent unsafe logging of potentially sensitive data
03:14:52.497 [Test worker] DEBUG o.s.w.t.h.s.r.b.ReactorHttpServer - Starting ReactorHttpServer...
03:14:52.498 [Test worker] DEBUG o.s.w.t.h.s.r.b.ReactorHttpServer - Server started on port 55114(0 millis).
03:14:52.499 [Test worker] DEBUG o.s.w.c.RestTemplate - HTTP GET http://localhost:55114/first;p=11/second;q=22/third-fourth;q=44
03:14:52.501 [Test worker] DEBUG o.s.w.c.RestTemplate - Accept=[text/plain, application/json, application/x-jackson-smile, application/*+json, */*]
03:14:53.040 [reactor-http-nio-2] DEBUG o.s.w.s.a.HttpWebHandlerAdapter - [b8b0f6f7-9] HTTP GET "/first;p=11/second;q=22/third-fourth;q=44"
03:14:53.040 [reactor-http-nio-2] DEBUG o.s.w.r.r.m.a.RequestMappingHandlerMapping - [b8b0f6f7-9] Mapped to org.springframework.web.reactive.result.method.annotation.ControllerInputIntegrationTests$TestRestController#matrixVar(int, int, int)
03:14:53.043 [reactor-http-nio-2] DEBUG o.s.w.r.r.m.a.ResponseBodyResultHandler - Using 'text/plain;charset=UTF-8' given [text/plain, application/json, application/x-jackson-smile, application/*+json, */*] and supported [text/plain;charset=UTF-8, text/event-stream, text/plain;charset=UTF-8, */*]
03:14:53.043 [reactor-http-nio-2] DEBUG o.s.w.r.r.m.a.ResponseBodyResultHandler - [b8b0f6f7-9] 0..1 [java.lang.String]
03:14:53.044 [reactor-http-nio-2] DEBUG o.s.c.c.CharSequenceEncoder - [b8b0f6f7-9] Writing "p=11, q2=22, q4=44"
03:14:53.045 [reactor-http-nio-2] DEBUG o.s.w.s.a.HttpWebHandlerAdapter - [b8b0f6f7-9] Completed 200 OK
03:14:53.045 [Test worker] DEBUG o.s.w.c.RestTemplate - Response 200 OK
03:14:53.045 [Test worker] DEBUG o.s.w.c.RestTemplate - Reading to [java.lang.String] as "text/plain;charset=UTF-8"
03:14:53.046 [Test worker] DEBUG o.s.w.t.h.s.r.b.ReactorHttpServer - Stopping ReactorHttpServer...
03:14:53.046 [Test worker] DEBUG o.s.w.t.h.s.r.b.ReactorHttpServer - Server stopped (0 millis).
03:14:53.291 [Test worker] DEBUG o.s.w.r.r.m.a.RequestMappingHandlerMapping - 2 mappings in 'requestMappingHandlerMapping'
03:14:53.509 [Test worker] DEBUG o.s.w.r.r.m.a.ControllerMethodResolver - ControllerAdvice beans: none
03:14:53.632 [Test worker] DEBUG o.s.w.s.a.HttpWebHandlerAdapter - enableLoggingRequestDetails='false': form data and headers will be masked to prevent unsafe logging of potentially sensitive data
03:14:53.633 [Test worker] DEBUG o.s.w.t.h.s.r.b.TomcatHttpServer - Starting TomcatHttpServer...
03:14:53.658 [Test worker] DEBUG o.s.w.t.h.s.r.b.TomcatHttpServer - Server started on port 55116(0 millis).
03:14:53.658 [Test worker] DEBUG o.s.w.c.RestTemplate - HTTP GET http://localhost:55116/first;p=11/second;q=22/third-fourth;q=44
03:14:53.659 [Test worker] DEBUG o.s.w.c.RestTemplate - Accept=[text/plain, application/json, application/x-jackson-smile, application/*+json, */*]
03:14:53.737 [http-nio-auto-9-exec-1] DEBUG o.s.w.s.a.HttpWebHandlerAdapter - [645bdc62] HTTP GET "/first;p=11/second;q=22/third-fourth;q=44"
03:14:53.737 [http-nio-auto-9-exec-1] DEBUG o.s.w.r.r.m.a.RequestMappingHandlerMapping - [645bdc62] Mapped to org.springframework.web.reactive.result.method.annotation.ControllerInputIntegrationTests$TestRestController#matrixVar(int, int, int)
03:14:53.740 [http-nio-auto-9-exec-1] DEBUG o.s.w.r.r.m.a.ResponseBodyResultHandler - Using 'text/plain;charset=UTF-8' given [text/plain, application/json, application/x-jackson-smile, application/*+json, */*] and supported [text/plain;charset=UTF-8, text/event-stream, text/plain;charset=UTF-8, */*]
03:14:53.740 [http-nio-auto-9-exec-1] DEBUG o.s.w.r.r.m.a.ResponseBodyResultHandler - [645bdc62] 0..1 [java.lang.String]
03:14:53.740 [http-nio-auto-9-exec-1] DEBUG o.s.c.c.CharSequenceEncoder - [645bdc62] Writing "p=11, q2=22, q4=44"
03:14:53.741 [http-nio-auto-9-exec-1] DEBUG o.s.w.s.a.HttpWebHandlerAdapter - [645bdc62] Completed 200 OK
03:14:53.741 [Test worker] DEBUG o.s.w.c.RestTemplate - Response 200 OK
03:14:53.741 [Test worker] DEBUG o.s.w.c.RestTemplate - Reading to [java.lang.String] as "text/plain;charset=UTF-8"
03:14:53.746 [Test worker] DEBUG o.s.w.t.h.s.r.b.TomcatHttpServer - Stopping TomcatHttpServer...
03:14:54.144 [Test worker] DEBUG o.s.w.t.h.s.r.b.TomcatHttpServer - Server stopped (0 millis).
03:14:54.219 [Test worker] DEBUG o.s.w.r.r.m.a.RequestMappingHandlerMapping - 2 mappings in 'requestMappingHandlerMapping'
03:14:54.294 [Test worker] DEBUG o.s.w.r.r.m.a.ControllerMethodResolver - ControllerAdvice beans: none
03:14:54.368 [Test worker] DEBUG o.s.w.s.a.HttpWebHandlerAdapter - enableLoggingRequestDetails='false': form data and headers will be masked to prevent unsafe logging of potentially sensitive data
03:14:54.368 [Test worker] DEBUG o.s.w.t.h.s.r.b.UndertowHttpServer - Starting UndertowHttpServer...
03:14:54.369 [Test worker] INFO  i.undertow - starting server: Undertow - 2.1.3.Final
03:14:54.491 [Test worker] DEBUG o.s.w.t.h.s.r.b.UndertowHttpServer - Server started on port 55133(0 millis).
03:14:54.492 [Test worker] DEBUG o.s.w.c.RestTemplate - HTTP GET http://localhost:55133/first;p=11/second;q=22/third-fourth;q=44
03:14:54.492 [Test worker] DEBUG o.s.w.c.RestTemplate - Accept=[text/plain, application/json, application/x-jackson-smile, application/*+json, */*]
03:14:55.175 [XNIO-9 I/O-4] DEBUG o.s.w.s.a.HttpWebHandlerAdapter - [3a56f4b2] HTTP GET "/first;p=11/second;q=22/third-fourth;q=44"
03:14:55.176 [XNIO-9 I/O-4] DEBUG o.s.w.r.r.m.a.RequestMappingHandlerMapping - [3a56f4b2] Mapped to org.springframework.web.reactive.result.method.annotation.ControllerInputIntegrationTests$TestRestController#matrixVar(int, int, int)
03:14:55.179 [XNIO-9 I/O-4] DEBUG o.s.w.r.r.m.a.ResponseBodyResultHandler - Using 'text/plain;charset=UTF-8' given [text/plain, application/json, application/x-jackson-smile, application/*+json, */*] and supported [text/plain;charset=UTF-8, text/event-stream, text/plain;charset=UTF-8, */*]
03:14:55.179 [XNIO-9 I/O-4] DEBUG o.s.w.r.r.m.a.ResponseBodyResultHandler - [3a56f4b2] 0..1 [java.lang.String]
03:14:55.179 [XNIO-9 I/O-4] DEBUG o.s.c.c.CharSequenceEncoder - [3a56f4b2] Writing "p=11, q2=22, q4=44"
03:14:55.180 [XNIO-9 I/O-4] DEBUG o.s.w.s.a.HttpWebHandlerAdapter - [3a56f4b2] Completed 200 OK
03:14:55.181 [Test worker] DEBUG o.s.w.c.RestTemplate - Response 200 OK
03:14:55.181 [Test worker] DEBUG o.s.w.c.RestTemplate - Reading to [java.lang.String] as "text/plain;charset=UTF-8"
03:14:55.181 [Test worker] DEBUG o.s.w.t.h.s.r.b.UndertowHttpServer - Stopping UndertowHttpServer...
03:14:55.181 [Test worker] INFO  i.undertow - stopping server: Undertow - 2.1.3.Final
03:14:55.185 [Test worker] DEBUG o.s.w.t.h.s.r.b.UndertowHttpServer - Server stopped (0 millis).
03:14:55.318 [Test worker] DEBUG o.s.w.r.r.m.a.RequestMappingHandlerMapping - 2 mappings in 'requestMappingHandlerMapping'
03:14:55.376 [Test worker] DEBUG o.s.w.r.r.m.a.ControllerMethodResolver - ControllerAdvice beans: none
03:14:55.420 [Test worker] DEBUG o.s.w.s.a.HttpWebHandlerAdapter - enableLoggingRequestDetails='false': form data and headers will be masked to prevent unsafe logging of potentially sensitive data
03:14:55.421 [Test worker] WARN  o.e.j.s.h.ContextHandler - Empty contextPath
03:14:55.421 [Test worker] INFO  o.e.j.s.h.ContextHandler - Started o.e.j.s.ServletContextHandler@23994237{/,null,AVAILABLE}
03:14:55.421 [Test worker] DEBUG o.s.w.t.h.s.r.b.JettyHttpServer - Starting JettyHttpServer...
03:14:55.422 [Test worker] INFO  o.e.j.s.Server - jetty-9.4.30.v20200611; built: 2020-06-11T12:34:51.929Z; git: 271836e4c1f4612f12b7bb13ef5a92a927634b0d; jvm 1.8.0_251-b08
03:14:55.501 [Test worker] INFO  o.e.j.s.AbstractConnector - Started ServerConnector@c51abc8{HTTP/1.1, (http/1.1)}{0.0.0.0:55135}
03:14:55.501 [Test worker] INFO  o.e.j.s.Server - Started @55938ms
03:14:55.501 [Test worker] DEBUG o.s.w.t.h.s.r.b.JettyHttpServer - Server started on port 55135(0 millis).
03:14:55.501 [Test worker] DEBUG o.s.w.c.RestTemplate - HTTP GET http://localhost:55135/param?name=George
03:14:55.501 [Test worker] DEBUG o.s.w.c.RestTemplate - Accept=[text/plain, application/json, application/x-jackson-smile, application/*+json, */*]
03:14:55.655 [qtp1007674411-469] DEBUG o.s.w.s.a.HttpWebHandlerAdapter - [1e9eb500] HTTP GET "/param?name=George"
03:14:55.656 [qtp1007674411-469] DEBUG o.s.w.r.r.m.a.RequestMappingHandlerMapping - [1e9eb500] Mapped to org.springframework.web.reactive.result.method.annotation.ControllerInputIntegrationTests$TestRestController#param(String)
03:14:55.659 [qtp1007674411-469] DEBUG o.s.w.r.r.m.a.ResponseBodyResultHandler - Using 'text/plain;charset=UTF-8' given [text/plain, application/json, application/x-jackson-smile, application/*+json, */*] and supported [text/plain;charset=UTF-8, text/event-stream, text/plain;charset=UTF-8, */*]
03:14:55.659 [qtp1007674411-469] DEBUG o.s.w.r.r.m.a.ResponseBodyResultHandler - [1e9eb500] 0..N [java.lang.String]
03:14:55.659 [qtp1007674411-469] DEBUG o.s.c.c.CharSequenceEncoder - [1e9eb500] Writing "Hello "
03:14:55.662 [Test worker] DEBUG o.s.w.c.RestTemplate - Response 200 OK
03:14:55.662 [Test worker] DEBUG o.s.w.c.RestTemplate - Reading to [java.lang.String] as "text/plain;charset=utf-8"
03:14:55.663 [qtp1007674411-469] DEBUG o.s.c.c.CharSequenceEncoder - [1e9eb500] Writing "George"
03:14:55.664 [qtp1007674411-469] DEBUG o.s.c.c.CharSequenceEncoder - [1e9eb500] Writing "!"
03:14:55.669 [qtp1007674411-469] DEBUG o.s.w.s.a.HttpWebHandlerAdapter - [1e9eb500] Completed 200 OK
03:14:55.669 [Test worker] DEBUG o.s.w.t.h.s.r.b.JettyHttpServer - Stopping JettyHttpServer...
03:14:55.670 [Test worker] INFO  o.e.j.s.h.ContextHandler - Stopped o.e.j.s.ServletContextHandler@23994237{/,null,UNAVAILABLE}
03:14:55.679 [Test worker] INFO  o.e.j.s.AbstractConnector - Stopped ServerConnector@c51abc8{HTTP/1.1, (http/1.1)}{0.0.0.0:0}
03:14:55.680 [Test worker] DEBUG o.s.w.t.h.s.r.b.JettyHttpServer - Server stopped (0 millis).
03:14:55.826 [Test worker] DEBUG o.s.w.r.r.m.a.RequestMappingHandlerMapping - 2 mappings in 'requestMappingHandlerMapping'
03:14:55.883 [Test worker] DEBUG o.s.w.r.r.m.a.ControllerMethodResolver - ControllerAdvice beans: none
03:14:55.933 [Test worker] DEBUG o.s.w.s.a.HttpWebHandlerAdapter - enableLoggingRequestDetails='false': form data and headers will be masked to prevent unsafe logging of potentially sensitive data
03:14:55.933 [Test worker] DEBUG o.s.w.t.h.s.r.b.ReactorHttpServer - Starting ReactorHttpServer...
03:14:55.934 [Test worker] DEBUG o.s.w.t.h.s.r.b.ReactorHttpServer - Server started on port 55141(0 millis).
03:14:55.935 [Test worker] DEBUG o.s.w.c.RestTemplate - HTTP GET http://localhost:55141/param?name=George
03:14:55.935 [Test worker] DEBUG o.s.w.c.RestTemplate - Accept=[text/plain, application/json, application/x-jackson-smile, application/*+json, */*]
03:14:55.956 [reactor-http-nio-4] DEBUG o.s.w.s.a.HttpWebHandlerAdapter - [b4071583-10] HTTP GET "/param?name=George"
03:14:55.957 [reactor-http-nio-4] DEBUG o.s.w.r.r.m.a.RequestMappingHandlerMapping - [b4071583-10] Mapped to org.springframework.web.reactive.result.method.annotation.ControllerInputIntegrationTests$TestRestController#param(String)
03:14:55.960 [reactor-http-nio-4] DEBUG o.s.w.r.r.m.a.ResponseBodyResultHandler - Using 'text/plain;charset=UTF-8' given [text/plain, application/json, application/x-jackson-smile, application/*+json, */*] and supported [text/plain;charset=UTF-8, text/event-stream, text/plain;charset=UTF-8, */*]
03:14:55.960 [reactor-http-nio-4] DEBUG o.s.w.r.r.m.a.ResponseBodyResultHandler - [b4071583-10] 0..N [java.lang.String]
03:14:55.960 [reactor-http-nio-4] DEBUG o.s.c.c.CharSequenceEncoder - [b4071583-10] Writing "Hello "
03:14:55.962 [reactor-http-nio-4] DEBUG o.s.c.c.CharSequenceEncoder - [b4071583-10] Writing "George"
03:14:55.962 [reactor-http-nio-4] DEBUG o.s.c.c.CharSequenceEncoder - [b4071583-10] Writing "!"
03:14:55.963 [reactor-http-nio-4] DEBUG o.s.w.s.a.HttpWebHandlerAdapter - [b4071583-10] Completed 200 OK
03:14:55.964 [Test worker] DEBUG o.s.w.c.RestTemplate - Response 200 OK
03:14:55.964 [Test worker] DEBUG o.s.w.c.RestTemplate - Reading to [java.lang.String] as "text/plain;charset=UTF-8"
03:14:55.964 [Test worker] DEBUG o.s.w.t.h.s.r.b.ReactorHttpServer - Stopping ReactorHttpServer...
03:14:55.965 [Test worker] DEBUG o.s.w.t.h.s.r.b.ReactorHttpServer - Server stopped (0 millis).
03:14:56.027 [Test worker] DEBUG o.s.w.r.r.m.a.RequestMappingHandlerMapping - 2 mappings in 'requestMappingHandlerMapping'
03:14:56.060 [Test worker] DEBUG o.s.w.r.r.m.a.ControllerMethodResolver - ControllerAdvice beans: none
03:14:56.090 [Test worker] DEBUG o.s.w.s.a.HttpWebHandlerAdapter - enableLoggingRequestDetails='false': form data and headers will be masked to prevent unsafe logging of potentially sensitive data
03:14:56.091 [Test worker] DEBUG o.s.w.t.h.s.r.b.TomcatHttpServer - Starting TomcatHttpServer...
03:14:56.114 [Test worker] DEBUG o.s.w.t.h.s.r.b.TomcatHttpServer - Server started on port 55143(0 millis).
03:14:56.115 [Test worker] DEBUG o.s.w.c.RestTemplate - HTTP GET http://localhost:55143/param?name=George
03:14:56.115 [Test worker] DEBUG o.s.w.c.RestTemplate - Accept=[text/plain, application/json, application/x-jackson-smile, application/*+json, */*]
03:14:56.201 [http-nio-auto-10-exec-1] DEBUG o.s.w.s.a.HttpWebHandlerAdapter - [7f58a2ae] HTTP GET "/param?name=George"
03:14:56.201 [http-nio-auto-10-exec-1] DEBUG o.s.w.r.r.m.a.RequestMappingHandlerMapping - [7f58a2ae] Mapped to org.springframework.web.reactive.result.method.annotation.ControllerInputIntegrationTests$TestRestController#param(String)
03:14:56.203 [http-nio-auto-10-exec-1] DEBUG o.s.w.r.r.m.a.ResponseBodyResultHandler - Using 'text/plain;charset=UTF-8' given [text/plain, application/json, application/x-jackson-smile, application/*+json, */*] and supported [text/plain;charset=UTF-8, text/event-stream, text/plain;charset=UTF-8, */*]
03:14:56.203 [http-nio-auto-10-exec-1] DEBUG o.s.w.r.r.m.a.ResponseBodyResultHandler - [7f58a2ae] 0..N [java.lang.String]
03:14:56.203 [http-nio-auto-10-exec-1] DEBUG o.s.c.c.CharSequenceEncoder - [7f58a2ae] Writing "Hello "
03:14:56.204 [http-nio-auto-10-exec-1] DEBUG o.s.c.c.CharSequenceEncoder - [7f58a2ae] Writing "George"
03:14:56.204 [http-nio-auto-10-exec-1] DEBUG o.s.c.c.CharSequenceEncoder - [7f58a2ae] Writing "!"
03:14:56.205 [http-nio-auto-10-exec-1] DEBUG o.s.w.s.a.HttpWebHandlerAdapter - [7f58a2ae] Completed 200 OK
03:14:56.205 [Test worker] DEBUG o.s.w.c.RestTemplate - Response 200 OK
03:14:56.205 [Test worker] DEBUG o.s.w.c.RestTemplate - Reading to [java.lang.String] as "text/plain;charset=UTF-8"
03:14:56.208 [Test worker] DEBUG o.s.w.t.h.s.r.b.TomcatHttpServer - Stopping TomcatHttpServer...
03:14:56.601 [Test worker] DEBUG o.s.w.t.h.s.r.b.TomcatHttpServer - Server stopped (0 millis).
03:14:56.663 [Test worker] DEBUG o.s.w.r.r.m.a.RequestMappingHandlerMapping - 2 mappings in 'requestMappingHandlerMapping'
03:14:56.741 [Test worker] DEBUG o.s.w.r.r.m.a.ControllerMethodResolver - ControllerAdvice beans: none
03:14:56.838 [Test worker] DEBUG o.s.w.s.a.HttpWebHandlerAdapter - enableLoggingRequestDetails='false': form data and headers will be masked to prevent unsafe logging of potentially sensitive data
03:14:56.839 [Test worker] DEBUG o.s.w.t.h.s.r.b.UndertowHttpServer - Starting UndertowHttpServer...
03:14:56.839 [Test worker] INFO  i.undertow - starting server: Undertow - 2.1.3.Final
03:14:56.893 [Test worker] DEBUG o.s.w.t.h.s.r.b.UndertowHttpServer - Server started on port 55160(0 millis).
03:14:56.895 [Test worker] DEBUG o.s.w.c.RestTemplate - HTTP GET http://localhost:55160/param?name=George
03:14:56.896 [Test worker] DEBUG o.s.w.c.RestTemplate - Accept=[text/plain, application/json, application/x-jackson-smile, application/*+json, */*]
03:14:57.176 [XNIO-10 I/O-3] DEBUG o.s.w.s.a.HttpWebHandlerAdapter - [32acab61] HTTP GET "/param?name=George"
03:14:57.177 [XNIO-10 I/O-3] DEBUG o.s.w.r.r.m.a.RequestMappingHandlerMapping - [32acab61] Mapped to org.springframework.web.reactive.result.method.annotation.ControllerInputIntegrationTests$TestRestController#param(String)
03:14:57.179 [XNIO-10 I/O-3] DEBUG o.s.w.r.r.m.a.ResponseBodyResultHandler - Using 'text/plain;charset=UTF-8' given [text/plain, application/json, application/x-jackson-smile, application/*+json, */*] and supported [text/plain;charset=UTF-8, text/event-stream, text/plain;charset=UTF-8, */*]
03:14:57.179 [XNIO-10 I/O-3] DEBUG o.s.w.r.r.m.a.ResponseBodyResultHandler - [32acab61] 0..N [java.lang.String]
03:14:57.179 [XNIO-10 I/O-3] DEBUG o.s.c.c.CharSequenceEncoder - [32acab61] Writing "Hello "
03:14:57.179 [XNIO-10 I/O-3] DEBUG o.s.c.c.CharSequenceEncoder - [32acab61] Writing "George"
03:14:57.180 [Test worker] DEBUG o.s.w.c.RestTemplate - Response 200 OK
03:14:57.180 [XNIO-10 I/O-3] DEBUG o.s.c.c.CharSequenceEncoder - [32acab61] Writing "!"
03:14:57.180 [Test worker] DEBUG o.s.w.c.RestTemplate - Reading to [java.lang.String] as "text/plain;charset=UTF-8"
03:14:57.180 [XNIO-10 I/O-3] DEBUG o.s.w.s.a.HttpWebHandlerAdapter - [32acab61] Completed 200 OK
03:14:57.180 [Test worker] DEBUG o.s.w.t.h.s.r.b.UndertowHttpServer - Stopping UndertowHttpServer...
03:14:57.180 [Test worker] INFO  i.undertow - stopping server: Undertow - 2.1.3.Final
03:14:57.185 [Test worker] DEBUG o.s.w.t.h.s.r.b.UndertowHttpServer - Server stopped (0 millis).
]]></system-out>
  <system-err><![CDATA[]]></system-err>
</testsuite>
