<?xml version="1.0" encoding="UTF-8"?>
<testsuite name="org.springframework.web.reactive.result.method.annotation.RequestAttributeMethodArgumentResolverTests" tests="6" skipped="0" failures="0" errors="0" timestamp="2023-03-06T08:13:34" hostname="DESKTOP-VGJP1PJ" time="0.143">
  <properties/>
  <testcase name="resolveOptional()" classname="org.springframework.web.reactive.result.method.annotation.RequestAttributeMethodArgumentResolverTests" time="0.038"/>
  <testcase name="resolveMonoParameter()" classname="org.springframework.web.reactive.result.method.annotation.RequestAttributeMethodArgumentResolverTests" time="0.067"/>
  <testcase name="resolve()" classname="org.springframework.web.reactive.result.method.annotation.RequestAttributeMethodArgumentResolverTests" time="0.007"/>
  <testcase name="resolveNotRequired()" classname="org.springframework.web.reactive.result.method.annotation.RequestAttributeMethodArgumentResolverTests" time="0.006"/>
  <testcase name="resolveWithName()" classname="org.springframework.web.reactive.result.method.annotation.RequestAttributeMethodArgumentResolverTests" time="0.012"/>
  <testcase name="supportsParameter()" classname="org.springframework.web.reactive.result.method.annotation.RequestAttributeMethodArgumentResolverTests" time="0.008"/>
  <system-out><![CDATA[]]></system-out>
  <system-err><![CDATA[]]></system-err>
</testsuite>
