<?xml version="1.0" encoding="UTF-8"?>
<testsuite name="org.springframework.web.reactive.result.method.HandlerMethodMappingTests" tests="7" skipped="0" failures="0" errors="0" timestamp="2023-03-06T08:15:18" hostname="DESKTOP-VGJP1PJ" time="0.009">
  <properties/>
  <testcase name="directMatch()" classname="org.springframework.web.reactive.result.method.HandlerMethodMappingTests" time="0.002"/>
  <testcase name="patternMatch()" classname="org.springframework.web.reactive.result.method.HandlerMethodMappingTests" time="0.001"/>
  <testcase name="unregisterMapping()" classname="org.springframework.web.reactive.result.method.HandlerMethodMappingTests" time="0.002"/>
  <testcase name="registerMappingWithSameMethodAndTwoHandlerInstances()" classname="org.springframework.web.reactive.result.method.HandlerMethodMappingTests" time="0.0"/>
  <testcase name="registerDuplicates()" classname="org.springframework.web.reactive.result.method.HandlerMethodMappingTests" time="0.001"/>
  <testcase name="registerMapping()" classname="org.springframework.web.reactive.result.method.HandlerMethodMappingTests" time="0.001"/>
  <testcase name="ambiguousMatch()" classname="org.springframework.web.reactive.result.method.HandlerMethodMappingTests" time="0.001"/>
  <system-out><![CDATA[03:15:18.715 [Test worker] DEBUG o.s.w.r.r.m.HandlerMethodMappingTests$MyHandlerMethodMapping - [24c17247] Mapped to org.springframework.web.reactive.result.method.HandlerMethodMappingTests$MyHandler#handlerMethod1()
03:15:18.716 [Test worker] DEBUG o.s.w.r.r.m.HandlerMethodMappingTests$MyHandlerMethodMapping - [57d15591] Mapped to org.springframework.web.reactive.result.method.HandlerMethodMappingTests$MyHandler#handlerMethod1()
03:15:18.717 [Test worker] DEBUG o.s.w.r.r.m.HandlerMethodMappingTests$MyHandlerMethodMapping - [499b5cb8] Mapped to org.springframework.web.reactive.result.method.HandlerMethodMappingTests$MyHandler#handlerMethod1()
]]></system-out>
  <system-err><![CDATA[]]></system-err>
</testsuite>
