<?xml version="1.0" encoding="UTF-8"?>
<testsuite name="org.springframework.web.reactive.function.server.RenderingResponseExtensionsTests" tests="1" skipped="0" failures="0" errors="0" timestamp="2023-03-06T08:15:37" hostname="DESKTOP-VGJP1PJ" time="6.486">
  <properties/>
  <testcase name="buildAndAwait()" classname="org.springframework.web.reactive.function.server.RenderingResponseExtensionsTests" time="6.486"/>
  <system-out><![CDATA[]]></system-out>
  <system-err><![CDATA[]]></system-err>
</testsuite>
