<?xml version="1.0" encoding="UTF-8"?>
<testsuite name="org.springframework.web.reactive.result.method.annotation.RequestMappingIntegrationTests" tests="12" skipped="0" failures="0" errors="0" timestamp="2023-03-06T08:18:32" hostname="DESKTOP-VGJP1PJ" time="2.638">
  <properties/>
  <testcase name="forwardedHeaders(HttpServer)[1]" classname="org.springframework.web.reactive.result.method.annotation.RequestMappingIntegrationTests" time="0.109"/>
  <testcase name="forwardedHeaders(HttpServer)[2]" classname="org.springframework.web.reactive.result.method.annotation.RequestMappingIntegrationTests" time="0.053"/>
  <testcase name="forwardedHeaders(HttpServer)[3]" classname="org.springframework.web.reactive.result.method.annotation.RequestMappingIntegrationTests" time="0.262"/>
  <testcase name="forwardedHeaders(HttpServer)[4]" classname="org.springframework.web.reactive.result.method.annotation.RequestMappingIntegrationTests" time="0.064"/>
  <testcase name="stream(HttpServer)[1]" classname="org.springframework.web.reactive.result.method.annotation.RequestMappingIntegrationTests" time="0.342"/>
  <testcase name="stream(HttpServer)[2]" classname="org.springframework.web.reactive.result.method.annotation.RequestMappingIntegrationTests" time="0.36"/>
  <testcase name="stream(HttpServer)[3]" classname="org.springframework.web.reactive.result.method.annotation.RequestMappingIntegrationTests" time="0.529"/>
  <testcase name="stream(HttpServer)[4]" classname="org.springframework.web.reactive.result.method.annotation.RequestMappingIntegrationTests" time="0.352"/>
  <testcase name="httpHead(HttpServer)[1]" classname="org.springframework.web.reactive.result.method.annotation.RequestMappingIntegrationTests" time="0.062"/>
  <testcase name="httpHead(HttpServer)[2]" classname="org.springframework.web.reactive.result.method.annotation.RequestMappingIntegrationTests" time="0.051"/>
  <testcase name="httpHead(HttpServer)[3]" classname="org.springframework.web.reactive.result.method.annotation.RequestMappingIntegrationTests" time="0.236"/>
  <testcase name="httpHead(HttpServer)[4]" classname="org.springframework.web.reactive.result.method.annotation.RequestMappingIntegrationTests" time="0.072"/>
  <system-out><![CDATA[03:18:32.687 [Test worker] DEBUG o.s.w.r.r.m.a.RequestMappingHandlerMapping - 4 mappings in 'requestMappingHandlerMapping'
03:18:32.707 [Test worker] DEBUG o.s.w.r.r.m.a.ControllerMethodResolver - ControllerAdvice beans: none
03:18:32.729 [Test worker] DEBUG o.s.w.s.a.HttpWebHandlerAdapter - enableLoggingRequestDetails='false': form data and headers will be masked to prevent unsafe logging of potentially sensitive data
03:18:32.729 [Test worker] WARN  o.e.j.s.h.ContextHandler - Empty contextPath
03:18:32.729 [Test worker] INFO  o.e.j.s.h.ContextHandler - Started o.e.j.s.ServletContextHandler@5e0250c9{/,null,AVAILABLE}
03:18:32.729 [Test worker] DEBUG o.s.w.t.h.s.r.b.JettyHttpServer - Starting JettyHttpServer...
03:18:32.729 [Test worker] INFO  o.e.j.s.Server - jetty-9.4.30.v20200611; built: 2020-06-11T12:34:51.929Z; git: 271836e4c1f4612f12b7bb13ef5a92a927634b0d; jvm 1.8.0_251-b08
03:18:32.732 [Test worker] INFO  o.e.j.s.AbstractConnector - Started ServerConnector@7afe0fed{HTTP/1.1, (http/1.1)}{0.0.0.0:58393}
03:18:32.732 [Test worker] INFO  o.e.j.s.Server - Started @101171ms
03:18:32.732 [Test worker] DEBUG o.s.w.t.h.s.r.b.JettyHttpServer - Server started on port 58393(0 millis).
03:18:32.733 [Test worker] DEBUG o.s.w.c.RestTemplate - HTTP GET http://localhost:58393/uri
03:18:32.733 [Test worker] DEBUG o.s.w.c.RestTemplate - Accept=[text/plain, application/json, application/x-jackson-smile, application/*+json, */*]
03:18:32.736 [qtp496405426-2038] DEBUG o.s.w.s.a.HttpWebHandlerAdapter - [4674395f] HTTP GET "/uri"
03:18:32.736 [qtp496405426-2038] DEBUG o.s.w.r.r.m.a.RequestMappingHandlerMapping - [4674395f] Mapped to org.springframework.web.reactive.result.method.annotation.RequestMappingIntegrationTests$TestRestController#uri(ServerHttpRequest)
03:18:32.737 [qtp496405426-2038] DEBUG o.s.w.r.r.m.a.ResponseBodyResultHandler - Using 'text/plain;charset=UTF-8' given [text/plain, application/json, application/x-jackson-smile, application/*+json, */*] and supported [text/plain;charset=UTF-8, text/event-stream, text/plain;charset=UTF-8, */*]
03:18:32.737 [qtp496405426-2038] DEBUG o.s.w.r.r.m.a.ResponseBodyResultHandler - [4674395f] 0..1 [java.lang.String]
03:18:32.737 [qtp496405426-2038] DEBUG o.s.c.c.CharSequenceEncoder - [4674395f] Writing "https://84.198.58.199/uri"
03:18:32.738 [Test worker] DEBUG o.s.w.c.RestTemplate - Response 200 OK
03:18:32.738 [qtp496405426-2038] DEBUG o.s.w.s.a.HttpWebHandlerAdapter - [4674395f] Completed 200 OK
03:18:32.738 [Test worker] DEBUG o.s.w.c.RestTemplate - Reading to [java.lang.String] as "text/plain;charset=utf-8"
03:18:32.738 [Test worker] DEBUG o.s.w.t.h.s.r.b.JettyHttpServer - Stopping JettyHttpServer...
03:18:32.739 [Test worker] INFO  o.e.j.s.h.ContextHandler - Stopped o.e.j.s.ServletContextHandler@5e0250c9{/,null,UNAVAILABLE}
03:18:32.741 [Test worker] INFO  o.e.j.s.AbstractConnector - Stopped ServerConnector@7afe0fed{HTTP/1.1, (http/1.1)}{0.0.0.0:0}
03:18:32.742 [Test worker] DEBUG o.s.w.t.h.s.r.b.JettyHttpServer - Server stopped (0 millis).
03:18:32.765 [Test worker] DEBUG o.s.w.r.r.m.a.RequestMappingHandlerMapping - 4 mappings in 'requestMappingHandlerMapping'
03:18:32.779 [Test worker] DEBUG o.s.w.r.r.m.a.ControllerMethodResolver - ControllerAdvice beans: none
03:18:32.795 [Test worker] DEBUG o.s.w.s.a.HttpWebHandlerAdapter - enableLoggingRequestDetails='false': form data and headers will be masked to prevent unsafe logging of potentially sensitive data
03:18:32.795 [Test worker] DEBUG o.s.w.t.h.s.r.b.ReactorHttpServer - Starting ReactorHttpServer...
03:18:32.796 [Test worker] DEBUG o.s.w.t.h.s.r.b.ReactorHttpServer - Server started on port 58400(0 millis).
03:18:32.796 [Test worker] DEBUG o.s.w.c.RestTemplate - HTTP GET http://localhost:58400/uri
03:18:32.797 [Test worker] DEBUG o.s.w.c.RestTemplate - Accept=[text/plain, application/json, application/x-jackson-smile, application/*+json, */*]
03:18:32.800 [reactor-http-nio-3] DEBUG o.s.w.s.a.HttpWebHandlerAdapter - [be60ec65-33] HTTP GET "/uri"
03:18:32.800 [reactor-http-nio-3] DEBUG o.s.w.r.r.m.a.RequestMappingHandlerMapping - [be60ec65-33] Mapped to org.springframework.web.reactive.result.method.annotation.RequestMappingIntegrationTests$TestRestController#uri(ServerHttpRequest)
03:18:32.801 [reactor-http-nio-3] DEBUG o.s.w.r.r.m.a.ResponseBodyResultHandler - Using 'text/plain;charset=UTF-8' given [text/plain, application/json, application/x-jackson-smile, application/*+json, */*] and supported [text/plain;charset=UTF-8, text/event-stream, text/plain;charset=UTF-8, */*]
03:18:32.801 [reactor-http-nio-3] DEBUG o.s.w.r.r.m.a.ResponseBodyResultHandler - [be60ec65-33] 0..1 [java.lang.String]
03:18:32.801 [reactor-http-nio-3] DEBUG o.s.c.c.CharSequenceEncoder - [be60ec65-33] Writing "https://84.198.58.199/uri"
03:18:32.802 [reactor-http-nio-3] DEBUG o.s.w.s.a.HttpWebHandlerAdapter - [be60ec65-33] Completed 200 OK
03:18:32.802 [Test worker] DEBUG o.s.w.c.RestTemplate - Response 200 OK
03:18:32.802 [Test worker] DEBUG o.s.w.c.RestTemplate - Reading to [java.lang.String] as "text/plain;charset=UTF-8"
03:18:32.803 [Test worker] DEBUG o.s.w.t.h.s.r.b.ReactorHttpServer - Stopping ReactorHttpServer...
03:18:32.803 [Test worker] DEBUG o.s.w.t.h.s.r.b.ReactorHttpServer - Server stopped (0 millis).
03:18:32.835 [Test worker] DEBUG o.s.w.r.r.m.a.RequestMappingHandlerMapping - 4 mappings in 'requestMappingHandlerMapping'
03:18:32.851 [Test worker] DEBUG o.s.w.r.r.m.a.ControllerMethodResolver - ControllerAdvice beans: none
03:18:32.864 [Test worker] DEBUG o.s.w.s.a.HttpWebHandlerAdapter - enableLoggingRequestDetails='false': form data and headers will be masked to prevent unsafe logging of potentially sensitive data
03:18:32.864 [Test worker] DEBUG o.s.w.t.h.s.r.b.TomcatHttpServer - Starting TomcatHttpServer...
03:18:32.874 [Test worker] DEBUG o.s.w.t.h.s.r.b.TomcatHttpServer - Server started on port 58402(0 millis).
03:18:32.874 [Test worker] DEBUG o.s.w.c.RestTemplate - HTTP GET http://localhost:58402/uri
03:18:32.874 [Test worker] DEBUG o.s.w.c.RestTemplate - Accept=[text/plain, application/json, application/x-jackson-smile, application/*+json, */*]
03:18:32.881 [http-nio-auto-32-exec-1] DEBUG o.s.w.s.a.HttpWebHandlerAdapter - [1be2e056] HTTP GET "/uri"
03:18:32.881 [http-nio-auto-32-exec-1] DEBUG o.s.w.r.r.m.a.RequestMappingHandlerMapping - [1be2e056] Mapped to org.springframework.web.reactive.result.method.annotation.RequestMappingIntegrationTests$TestRestController#uri(ServerHttpRequest)
03:18:32.883 [http-nio-auto-32-exec-1] DEBUG o.s.w.r.r.m.a.ResponseBodyResultHandler - Using 'text/plain;charset=UTF-8' given [text/plain, application/json, application/x-jackson-smile, application/*+json, */*] and supported [text/plain;charset=UTF-8, text/event-stream, text/plain;charset=UTF-8, */*]
03:18:32.883 [http-nio-auto-32-exec-1] DEBUG o.s.w.r.r.m.a.ResponseBodyResultHandler - [1be2e056] 0..1 [java.lang.String]
03:18:32.883 [http-nio-auto-32-exec-1] DEBUG o.s.c.c.CharSequenceEncoder - [1be2e056] Writing "https://84.198.58.199/uri"
03:18:32.884 [http-nio-auto-32-exec-1] DEBUG o.s.w.s.a.HttpWebHandlerAdapter - [1be2e056] Completed 200 OK
03:18:32.884 [Test worker] DEBUG o.s.w.c.RestTemplate - Response 200 OK
03:18:32.885 [Test worker] DEBUG o.s.w.c.RestTemplate - Reading to [java.lang.String] as "text/plain;charset=UTF-8"
03:18:32.885 [Test worker] DEBUG o.s.w.t.h.s.r.b.TomcatHttpServer - Stopping TomcatHttpServer...
03:18:33.080 [Test worker] DEBUG o.s.w.t.h.s.r.b.TomcatHttpServer - Server stopped (0 millis).
03:18:33.111 [Test worker] DEBUG o.s.w.r.r.m.a.RequestMappingHandlerMapping - 4 mappings in 'requestMappingHandlerMapping'
03:18:33.129 [Test worker] DEBUG o.s.w.r.r.m.a.ControllerMethodResolver - ControllerAdvice beans: none
03:18:33.140 [Test worker] DEBUG o.s.w.s.a.HttpWebHandlerAdapter - enableLoggingRequestDetails='false': form data and headers will be masked to prevent unsafe logging of potentially sensitive data
03:18:33.140 [Test worker] DEBUG o.s.w.t.h.s.r.b.UndertowHttpServer - Starting UndertowHttpServer...
03:18:33.140 [Test worker] INFO  i.undertow - starting server: Undertow - 2.1.3.Final
03:18:33.146 [Test worker] DEBUG o.s.w.t.h.s.r.b.UndertowHttpServer - Server started on port 58420(0 millis).
03:18:33.147 [Test worker] DEBUG o.s.w.c.RestTemplate - HTTP GET http://localhost:58420/uri
03:18:33.147 [Test worker] DEBUG o.s.w.c.RestTemplate - Accept=[text/plain, application/json, application/x-jackson-smile, application/*+json, */*]
03:18:33.150 [XNIO-30 I/O-2] DEBUG o.s.w.s.a.HttpWebHandlerAdapter - [3a8bb1e] HTTP GET "/uri"
03:18:33.150 [XNIO-30 I/O-2] DEBUG o.s.w.r.r.m.a.RequestMappingHandlerMapping - [3a8bb1e] Mapped to org.springframework.web.reactive.result.method.annotation.RequestMappingIntegrationTests$TestRestController#uri(ServerHttpRequest)
03:18:33.151 [XNIO-30 I/O-2] DEBUG o.s.w.r.r.m.a.ResponseBodyResultHandler - Using 'text/plain;charset=UTF-8' given [text/plain, application/json, application/x-jackson-smile, application/*+json, */*] and supported [text/plain;charset=UTF-8, text/event-stream, text/plain;charset=UTF-8, */*]
03:18:33.151 [XNIO-30 I/O-2] DEBUG o.s.w.r.r.m.a.ResponseBodyResultHandler - [3a8bb1e] 0..1 [java.lang.String]
03:18:33.151 [XNIO-30 I/O-2] DEBUG o.s.c.c.CharSequenceEncoder - [3a8bb1e] Writing "https://84.198.58.199/uri"
03:18:33.152 [XNIO-30 I/O-2] DEBUG o.s.w.s.a.HttpWebHandlerAdapter - [3a8bb1e] Completed 200 OK
03:18:33.152 [Test worker] DEBUG o.s.w.c.RestTemplate - Response 200 OK
03:18:33.152 [Test worker] DEBUG o.s.w.c.RestTemplate - Reading to [java.lang.String] as "text/plain;charset=UTF-8"
03:18:33.152 [Test worker] DEBUG o.s.w.t.h.s.r.b.UndertowHttpServer - Stopping UndertowHttpServer...
03:18:33.152 [Test worker] INFO  i.undertow - stopping server: Undertow - 2.1.3.Final
03:18:33.153 [Test worker] DEBUG o.s.w.t.h.s.r.b.UndertowHttpServer - Server stopped (0 millis).
03:18:33.176 [Test worker] DEBUG o.s.w.r.r.m.a.RequestMappingHandlerMapping - 4 mappings in 'requestMappingHandlerMapping'
03:18:33.190 [Test worker] DEBUG o.s.w.r.r.m.a.ControllerMethodResolver - ControllerAdvice beans: none
03:18:33.204 [Test worker] DEBUG o.s.w.s.a.HttpWebHandlerAdapter - enableLoggingRequestDetails='false': form data and headers will be masked to prevent unsafe logging of potentially sensitive data
03:18:33.204 [Test worker] WARN  o.e.j.s.h.ContextHandler - Empty contextPath
03:18:33.205 [Test worker] INFO  o.e.j.s.h.ContextHandler - Started o.e.j.s.ServletContextHandler@8fb9795{/,null,AVAILABLE}
03:18:33.205 [Test worker] DEBUG o.s.w.t.h.s.r.b.JettyHttpServer - Starting JettyHttpServer...
03:18:33.205 [Test worker] INFO  o.e.j.s.Server - jetty-9.4.30.v20200611; built: 2020-06-11T12:34:51.929Z; git: 271836e4c1f4612f12b7bb13ef5a92a927634b0d; jvm 1.8.0_251-b08
03:18:33.210 [Test worker] INFO  o.e.j.s.AbstractConnector - Started ServerConnector@564cb993{HTTP/1.1, (http/1.1)}{0.0.0.0:58422}
03:18:33.211 [Test worker] INFO  o.e.j.s.Server - Started @101649ms
03:18:33.211 [Test worker] DEBUG o.s.w.t.h.s.r.b.JettyHttpServer - Server started on port 58422(0 millis).
03:18:33.211 [Test worker] DEBUG o.s.w.c.RestTemplate - HTTP GET http://localhost:58422/stream
03:18:33.212 [Test worker] DEBUG o.s.w.c.RestTemplate - Accept=[application/json, application/x-jackson-smile, application/*+json]
03:18:33.216 [qtp1970355915-2079] DEBUG o.s.w.s.a.HttpWebHandlerAdapter - [4f8e302b] HTTP GET "/stream"
03:18:33.217 [qtp1970355915-2079] DEBUG o.s.w.r.r.m.a.RequestMappingHandlerMapping - [4f8e302b] Mapped to org.springframework.web.reactive.result.method.annotation.RequestMappingIntegrationTests$TestRestController#stream()
03:18:33.218 [qtp1970355915-2079] DEBUG o.s.w.r.r.m.a.ResponseBodyResultHandler - Using 'application/json' given [application/json, application/x-jackson-smile, application/*+json] and supported [application/json, application/*+json, application/x-jackson-smile, application/*+x-jackson-smile, text/event-stream]
03:18:33.218 [qtp1970355915-2079] DEBUG o.s.w.r.r.m.a.ResponseBodyResultHandler - [4f8e302b] 0..N [java.lang.Long]
03:18:33.483 [parallel-1] DEBUG o.s.h.c.j.Jackson2JsonEncoder - [4f8e302b] Encoding [[0, 1, 2, 3, 4]]
03:18:33.487 [parallel-1] DEBUG o.s.w.s.a.HttpWebHandlerAdapter - [4f8e302b] Completed 200 OK
03:18:33.488 [Test worker] DEBUG o.s.w.c.RestTemplate - Response 200 OK
03:18:33.493 [Test worker] DEBUG o.s.w.c.RestTemplate - Reading to [java.lang.String[]]
03:18:33.498 [Test worker] DEBUG o.s.w.t.h.s.r.b.JettyHttpServer - Stopping JettyHttpServer...
03:18:33.498 [Test worker] INFO  o.e.j.s.h.ContextHandler - Stopped o.e.j.s.ServletContextHandler@8fb9795{/,null,UNAVAILABLE}
03:18:33.503 [Test worker] INFO  o.e.j.s.AbstractConnector - Stopped ServerConnector@564cb993{HTTP/1.1, (http/1.1)}{0.0.0.0:0}
03:18:33.504 [Test worker] DEBUG o.s.w.t.h.s.r.b.JettyHttpServer - Server stopped (0 millis).
03:18:33.558 [Test worker] DEBUG o.s.w.r.r.m.a.RequestMappingHandlerMapping - 4 mappings in 'requestMappingHandlerMapping'
03:18:33.572 [Test worker] DEBUG o.s.w.r.r.m.a.ControllerMethodResolver - ControllerAdvice beans: none
03:18:33.584 [Test worker] DEBUG o.s.w.s.a.HttpWebHandlerAdapter - enableLoggingRequestDetails='false': form data and headers will be masked to prevent unsafe logging of potentially sensitive data
03:18:33.584 [Test worker] DEBUG o.s.w.t.h.s.r.b.ReactorHttpServer - Starting ReactorHttpServer...
03:18:33.586 [Test worker] DEBUG o.s.w.t.h.s.r.b.ReactorHttpServer - Server started on port 58428(0 millis).
03:18:33.586 [Test worker] DEBUG o.s.w.c.RestTemplate - HTTP GET http://localhost:58428/stream
03:18:33.586 [Test worker] DEBUG o.s.w.c.RestTemplate - Accept=[application/json, application/x-jackson-smile, application/*+json]
03:18:33.589 [reactor-http-nio-1] DEBUG o.s.w.s.a.HttpWebHandlerAdapter - [c89c45d2-34] HTTP GET "/stream"
03:18:33.589 [reactor-http-nio-1] DEBUG o.s.w.r.r.m.a.RequestMappingHandlerMapping - [c89c45d2-34] Mapped to org.springframework.web.reactive.result.method.annotation.RequestMappingIntegrationTests$TestRestController#stream()
03:18:33.590 [reactor-http-nio-1] DEBUG o.s.w.r.r.m.a.ResponseBodyResultHandler - Using 'application/json' given [application/json, application/x-jackson-smile, application/*+json] and supported [application/json, application/*+json, application/x-jackson-smile, application/*+x-jackson-smile, text/event-stream]
03:18:33.590 [reactor-http-nio-1] DEBUG o.s.w.r.r.m.a.ResponseBodyResultHandler - [c89c45d2-34] 0..N [java.lang.Long]
03:18:33.887 [parallel-2] DEBUG o.s.h.c.j.Jackson2JsonEncoder - [c89c45d2-34] Encoding [[0, 1, 2, 3, 4]]
03:18:33.892 [Test worker] DEBUG o.s.w.c.RestTemplate - Response 200 OK
03:18:33.893 [reactor-http-nio-1] DEBUG o.s.w.s.a.HttpWebHandlerAdapter - [c89c45d2-34] Completed 200 OK
03:18:33.893 [Test worker] DEBUG o.s.w.c.RestTemplate - Reading to [java.lang.String[]]
03:18:33.894 [Test worker] DEBUG o.s.w.t.h.s.r.b.ReactorHttpServer - Stopping ReactorHttpServer...
03:18:33.894 [Test worker] DEBUG o.s.w.t.h.s.r.b.ReactorHttpServer - Server stopped (0 millis).
03:18:33.933 [Test worker] DEBUG o.s.w.r.r.m.a.RequestMappingHandlerMapping - 4 mappings in 'requestMappingHandlerMapping'
03:18:33.950 [Test worker] DEBUG o.s.w.r.r.m.a.ControllerMethodResolver - ControllerAdvice beans: none
03:18:33.964 [Test worker] DEBUG o.s.w.s.a.HttpWebHandlerAdapter - enableLoggingRequestDetails='false': form data and headers will be masked to prevent unsafe logging of potentially sensitive data
03:18:33.964 [Test worker] DEBUG o.s.w.t.h.s.r.b.TomcatHttpServer - Starting TomcatHttpServer...
03:18:33.973 [Test worker] DEBUG o.s.w.t.h.s.r.b.TomcatHttpServer - Server started on port 58430(0 millis).
03:18:33.973 [Test worker] DEBUG o.s.w.c.RestTemplate - HTTP GET http://localhost:58430/stream
03:18:33.973 [Test worker] DEBUG o.s.w.c.RestTemplate - Accept=[application/json, application/x-jackson-smile, application/*+json]
03:18:33.979 [http-nio-auto-33-exec-1] DEBUG o.s.w.s.a.HttpWebHandlerAdapter - [83135e0] HTTP GET "/stream"
03:18:33.979 [http-nio-auto-33-exec-1] DEBUG o.s.w.r.r.m.a.RequestMappingHandlerMapping - [83135e0] Mapped to org.springframework.web.reactive.result.method.annotation.RequestMappingIntegrationTests$TestRestController#stream()
03:18:33.980 [http-nio-auto-33-exec-1] DEBUG o.s.w.r.r.m.a.ResponseBodyResultHandler - Using 'application/json' given [application/json, application/x-jackson-smile, application/*+json] and supported [application/json, application/*+json, application/x-jackson-smile, application/*+x-jackson-smile, text/event-stream]
03:18:33.980 [http-nio-auto-33-exec-1] DEBUG o.s.w.r.r.m.a.ResponseBodyResultHandler - [83135e0] 0..N [java.lang.Long]
03:18:34.248 [parallel-3] DEBUG o.s.h.c.j.Jackson2JsonEncoder - [83135e0] Encoding [[0, 1, 2, 3, 4]]
03:18:34.249 [parallel-3] DEBUG o.s.w.s.a.HttpWebHandlerAdapter - [83135e0] Completed 200 OK
03:18:34.256 [Test worker] DEBUG o.s.w.c.RestTemplate - Response 200 OK
03:18:34.256 [Test worker] DEBUG o.s.w.c.RestTemplate - Reading to [java.lang.String[]]
03:18:34.257 [Test worker] DEBUG o.s.w.t.h.s.r.b.TomcatHttpServer - Stopping TomcatHttpServer...
03:18:34.442 [Test worker] DEBUG o.s.w.t.h.s.r.b.TomcatHttpServer - Server stopped (0 millis).
03:18:34.470 [Test worker] DEBUG o.s.w.r.r.m.a.RequestMappingHandlerMapping - 4 mappings in 'requestMappingHandlerMapping'
03:18:34.488 [Test worker] DEBUG o.s.w.r.r.m.a.ControllerMethodResolver - ControllerAdvice beans: none
03:18:34.500 [Test worker] DEBUG o.s.w.s.a.HttpWebHandlerAdapter - enableLoggingRequestDetails='false': form data and headers will be masked to prevent unsafe logging of potentially sensitive data
03:18:34.501 [Test worker] DEBUG o.s.w.t.h.s.r.b.UndertowHttpServer - Starting UndertowHttpServer...
03:18:34.501 [Test worker] INFO  i.undertow - starting server: Undertow - 2.1.3.Final
03:18:34.518 [Test worker] DEBUG o.s.w.t.h.s.r.b.UndertowHttpServer - Server started on port 58448(0 millis).
03:18:34.518 [Test worker] DEBUG o.s.w.c.RestTemplate - HTTP GET http://localhost:58448/stream
03:18:34.518 [Test worker] DEBUG o.s.w.c.RestTemplate - Accept=[application/json, application/x-jackson-smile, application/*+json]
03:18:34.521 [XNIO-31 I/O-1] DEBUG o.s.w.s.a.HttpWebHandlerAdapter - [5e010995] HTTP GET "/stream"
03:18:34.521 [XNIO-31 I/O-1] DEBUG o.s.w.r.r.m.a.RequestMappingHandlerMapping - [5e010995] Mapped to org.springframework.web.reactive.result.method.annotation.RequestMappingIntegrationTests$TestRestController#stream()
03:18:34.522 [XNIO-31 I/O-1] DEBUG o.s.w.r.r.m.a.ResponseBodyResultHandler - Using 'application/json' given [application/json, application/x-jackson-smile, application/*+json] and supported [application/json, application/*+json, application/x-jackson-smile, application/*+x-jackson-smile, text/event-stream]
03:18:34.522 [XNIO-31 I/O-1] DEBUG o.s.w.r.r.m.a.ResponseBodyResultHandler - [5e010995] 0..N [java.lang.Long]
03:18:34.786 [parallel-4] DEBUG o.s.h.c.j.Jackson2JsonEncoder - [5e010995] Encoding [[0, 1, 2, 3, 4]]
03:18:34.791 [XNIO-31 I/O-1] DEBUG o.s.w.s.a.HttpWebHandlerAdapter - [5e010995] Completed 200 OK
03:18:34.791 [Test worker] DEBUG o.s.w.c.RestTemplate - Response 200 OK
03:18:34.792 [Test worker] DEBUG o.s.w.c.RestTemplate - Reading to [java.lang.String[]]
03:18:34.793 [Test worker] DEBUG o.s.w.t.h.s.r.b.UndertowHttpServer - Stopping UndertowHttpServer...
03:18:34.794 [Test worker] INFO  i.undertow - stopping server: Undertow - 2.1.3.Final
03:18:34.802 [Test worker] DEBUG o.s.w.t.h.s.r.b.UndertowHttpServer - Server stopped (0 millis).
03:18:34.844 [Test worker] DEBUG o.s.w.r.r.m.a.RequestMappingHandlerMapping - 4 mappings in 'requestMappingHandlerMapping'
03:18:34.859 [Test worker] DEBUG o.s.w.r.r.m.a.ControllerMethodResolver - ControllerAdvice beans: none
03:18:34.871 [Test worker] DEBUG o.s.w.s.a.HttpWebHandlerAdapter - enableLoggingRequestDetails='false': form data and headers will be masked to prevent unsafe logging of potentially sensitive data
03:18:34.872 [Test worker] WARN  o.e.j.s.h.ContextHandler - Empty contextPath
03:18:34.872 [Test worker] INFO  o.e.j.s.h.ContextHandler - Started o.e.j.s.ServletContextHandler@4a4c9045{/,null,AVAILABLE}
03:18:34.872 [Test worker] DEBUG o.s.w.t.h.s.r.b.JettyHttpServer - Starting JettyHttpServer...
03:18:34.873 [Test worker] INFO  o.e.j.s.Server - jetty-9.4.30.v20200611; built: 2020-06-11T12:34:51.929Z; git: 271836e4c1f4612f12b7bb13ef5a92a927634b0d; jvm 1.8.0_251-b08
03:18:34.876 [Test worker] INFO  o.e.j.s.AbstractConnector - Started ServerConnector@2c8e8140{HTTP/1.1, (http/1.1)}{0.0.0.0:58450}
03:18:34.876 [Test worker] INFO  o.e.j.s.Server - Started @103315ms
03:18:34.876 [Test worker] DEBUG o.s.w.t.h.s.r.b.JettyHttpServer - Server started on port 58450(0 millis).
03:18:34.876 [Test worker] DEBUG o.s.w.c.RestTemplate - HTTP HEAD http://localhost:58450/text
03:18:34.879 [qtp775701102-2120] DEBUG o.s.w.s.a.HttpWebHandlerAdapter - [59f818cc] HTTP HEAD "/text"
03:18:34.880 [qtp775701102-2120] DEBUG o.s.w.r.r.m.a.RequestMappingHandlerMapping - [59f818cc] Mapped to org.springframework.web.reactive.result.method.annotation.RequestMappingIntegrationTests$TestRestController#textHead()
03:18:34.881 [qtp775701102-2120] DEBUG o.s.w.r.r.m.a.ResponseBodyResultHandler - Using 'text/html' given [text/html, image/gif, image/jpeg, */*;q=.2, */*;q=.2] and supported [text/plain;charset=UTF-8, text/event-stream, text/plain;charset=UTF-8, */*]
03:18:34.881 [qtp775701102-2120] DEBUG o.s.w.r.r.m.a.ResponseBodyResultHandler - [59f818cc] 0..1 [java.lang.String]
03:18:34.881 [qtp775701102-2120] DEBUG o.s.c.c.CharSequenceEncoder - [59f818cc] Writing "Foo"
03:18:34.882 [qtp775701102-2120] DEBUG o.s.w.s.a.HttpWebHandlerAdapter - [59f818cc] Completed 200 OK
03:18:34.882 [Test worker] DEBUG o.s.w.c.RestTemplate - Response 200 OK
03:18:34.883 [Test worker] DEBUG o.s.w.t.h.s.r.b.JettyHttpServer - Stopping JettyHttpServer...
03:18:34.883 [Test worker] INFO  o.e.j.s.h.ContextHandler - Stopped o.e.j.s.ServletContextHandler@4a4c9045{/,null,UNAVAILABLE}
03:18:34.884 [Test worker] INFO  o.e.j.s.AbstractConnector - Stopped ServerConnector@2c8e8140{HTTP/1.1, (http/1.1)}{0.0.0.0:0}
03:18:34.885 [Test worker] DEBUG o.s.w.t.h.s.r.b.JettyHttpServer - Server stopped (0 millis).
03:18:34.908 [Test worker] DEBUG o.s.w.r.r.m.a.RequestMappingHandlerMapping - 4 mappings in 'requestMappingHandlerMapping'
03:18:34.924 [Test worker] DEBUG o.s.w.r.r.m.a.ControllerMethodResolver - ControllerAdvice beans: none
03:18:34.939 [Test worker] DEBUG o.s.w.s.a.HttpWebHandlerAdapter - enableLoggingRequestDetails='false': form data and headers will be masked to prevent unsafe logging of potentially sensitive data
03:18:34.939 [Test worker] DEBUG o.s.w.t.h.s.r.b.ReactorHttpServer - Starting ReactorHttpServer...
03:18:34.940 [Test worker] DEBUG o.s.w.t.h.s.r.b.ReactorHttpServer - Server started on port 58456(0 millis).
03:18:34.940 [Test worker] DEBUG o.s.w.c.RestTemplate - HTTP HEAD http://localhost:58456/text
03:18:34.943 [reactor-http-nio-3] DEBUG o.s.w.s.a.HttpWebHandlerAdapter - [fac0efd5-35] HTTP HEAD "/text"
03:18:34.944 [reactor-http-nio-3] DEBUG o.s.w.r.r.m.a.RequestMappingHandlerMapping - [fac0efd5-35] Mapped to org.springframework.web.reactive.result.method.annotation.RequestMappingIntegrationTests$TestRestController#textHead()
03:18:34.945 [reactor-http-nio-3] DEBUG o.s.w.r.r.m.a.ResponseBodyResultHandler - Using 'text/html' given [text/html, image/gif, image/jpeg, */*;q=.2, */*;q=.2] and supported [text/plain;charset=UTF-8, text/event-stream, text/plain;charset=UTF-8, */*]
03:18:34.945 [reactor-http-nio-3] DEBUG o.s.w.r.r.m.a.ResponseBodyResultHandler - [fac0efd5-35] 0..1 [java.lang.String]
03:18:34.945 [reactor-http-nio-3] DEBUG o.s.c.c.CharSequenceEncoder - [fac0efd5-35] Writing "Foo"
03:18:34.945 [reactor-http-nio-3] DEBUG o.s.w.s.a.HttpWebHandlerAdapter - [fac0efd5-35] Completed 200 OK
03:18:34.946 [Test worker] DEBUG o.s.w.c.RestTemplate - Response 200 OK
03:18:34.946 [Test worker] DEBUG o.s.w.t.h.s.r.b.ReactorHttpServer - Stopping ReactorHttpServer...
03:18:34.946 [Test worker] DEBUG o.s.w.t.h.s.r.b.ReactorHttpServer - Server stopped (0 millis).
03:18:34.972 [Test worker] DEBUG o.s.w.r.r.m.a.RequestMappingHandlerMapping - 4 mappings in 'requestMappingHandlerMapping'
03:18:34.987 [Test worker] DEBUG o.s.w.r.r.m.a.ControllerMethodResolver - ControllerAdvice beans: none
03:18:35.002 [Test worker] DEBUG o.s.w.s.a.HttpWebHandlerAdapter - enableLoggingRequestDetails='false': form data and headers will be masked to prevent unsafe logging of potentially sensitive data
03:18:35.002 [Test worker] DEBUG o.s.w.t.h.s.r.b.TomcatHttpServer - Starting TomcatHttpServer...
03:18:35.011 [Test worker] DEBUG o.s.w.t.h.s.r.b.TomcatHttpServer - Server started on port 58458(0 millis).
03:18:35.012 [Test worker] DEBUG o.s.w.c.RestTemplate - HTTP HEAD http://localhost:58458/text
03:18:35.017 [http-nio-auto-34-exec-1] DEBUG o.s.w.s.a.HttpWebHandlerAdapter - [d17f2d3] HTTP HEAD "/text"
03:18:35.018 [http-nio-auto-34-exec-1] DEBUG o.s.w.r.r.m.a.RequestMappingHandlerMapping - [d17f2d3] Mapped to org.springframework.web.reactive.result.method.annotation.RequestMappingIntegrationTests$TestRestController#textHead()
03:18:35.019 [http-nio-auto-34-exec-1] DEBUG o.s.w.r.r.m.a.ResponseBodyResultHandler - Using 'text/html' given [text/html, image/gif, image/jpeg, */*;q=.2, */*;q=.2] and supported [text/plain;charset=UTF-8, text/event-stream, text/plain;charset=UTF-8, */*]
03:18:35.019 [http-nio-auto-34-exec-1] DEBUG o.s.w.r.r.m.a.ResponseBodyResultHandler - [d17f2d3] 0..1 [java.lang.String]
03:18:35.019 [http-nio-auto-34-exec-1] DEBUG o.s.c.c.CharSequenceEncoder - [d17f2d3] Writing "Foo"
03:18:35.019 [http-nio-auto-34-exec-1] DEBUG o.s.w.s.a.HttpWebHandlerAdapter - [d17f2d3] Completed 200 OK
03:18:35.019 [Test worker] DEBUG o.s.w.c.RestTemplate - Response 200 OK
03:18:35.020 [Test worker] DEBUG o.s.w.t.h.s.r.b.TomcatHttpServer - Stopping TomcatHttpServer...
03:18:35.191 [Test worker] DEBUG o.s.w.t.h.s.r.b.TomcatHttpServer - Server stopped (0 millis).
03:18:35.227 [Test worker] DEBUG o.s.w.r.r.m.a.RequestMappingHandlerMapping - 4 mappings in 'requestMappingHandlerMapping'
03:18:35.243 [Test worker] DEBUG o.s.w.r.r.m.a.ControllerMethodResolver - ControllerAdvice beans: none
03:18:35.255 [Test worker] DEBUG o.s.w.s.a.HttpWebHandlerAdapter - enableLoggingRequestDetails='false': form data and headers will be masked to prevent unsafe logging of potentially sensitive data
03:18:35.255 [Test worker] DEBUG o.s.w.t.h.s.r.b.UndertowHttpServer - Starting UndertowHttpServer...
03:18:35.255 [Test worker] INFO  i.undertow - starting server: Undertow - 2.1.3.Final
03:18:35.262 [Test worker] DEBUG o.s.w.t.h.s.r.b.UndertowHttpServer - Server started on port 58476(0 millis).
03:18:35.262 [Test worker] DEBUG o.s.w.c.RestTemplate - HTTP HEAD http://localhost:58476/text
03:18:35.265 [XNIO-32 I/O-2] DEBUG o.s.w.s.a.HttpWebHandlerAdapter - [1ac862c2] HTTP HEAD "/text"
03:18:35.267 [XNIO-32 I/O-2] DEBUG o.s.w.r.r.m.a.RequestMappingHandlerMapping - [1ac862c2] Mapped to org.springframework.web.reactive.result.method.annotation.RequestMappingIntegrationTests$TestRestController#textHead()
03:18:35.268 [XNIO-32 I/O-2] DEBUG o.s.w.r.r.m.a.ResponseBodyResultHandler - Using 'text/html' given [text/html, image/gif, image/jpeg, */*;q=.2, */*;q=.2] and supported [text/plain;charset=UTF-8, text/event-stream, text/plain;charset=UTF-8, */*]
03:18:35.268 [XNIO-32 I/O-2] DEBUG o.s.w.r.r.m.a.ResponseBodyResultHandler - [1ac862c2] 0..1 [java.lang.String]
03:18:35.268 [XNIO-32 I/O-2] DEBUG o.s.c.c.CharSequenceEncoder - [1ac862c2] Writing "Foo"
03:18:35.268 [XNIO-32 I/O-2] DEBUG o.s.w.s.a.HttpWebHandlerAdapter - [1ac862c2] Completed 200 OK
03:18:35.269 [Test worker] DEBUG o.s.w.c.RestTemplate - Response 200 OK
03:18:35.269 [Test worker] DEBUG o.s.w.t.h.s.r.b.UndertowHttpServer - Stopping UndertowHttpServer...
03:18:35.269 [Test worker] INFO  i.undertow - stopping server: Undertow - 2.1.3.Final
03:18:35.271 [Test worker] DEBUG o.s.w.t.h.s.r.b.UndertowHttpServer - Server stopped (0 millis).
]]></system-out>
  <system-err><![CDATA[]]></system-err>
</testsuite>
