<?xml version="1.0" encoding="UTF-8"?>
<testsuite name="org.springframework.web.reactive.result.view.freemarker.FreeMarkerMacroTests" tests="27" skipped="0" failures="0" errors="0" timestamp="2023-03-06T08:14:24" hostname="DESKTOP-VGJP1PJ" time="1.585">
  <properties/>
  <testcase name="formSingleSelectFromList()" classname="org.springframework.web.reactive.result.view.freemarker.FreeMarkerMacroTests" time="0.79"/>
  <testcase name="formInputText()" classname="org.springframework.web.reactive.result.view.freemarker.FreeMarkerMacroTests" time="0.053"/>
  <testcase name="formMultiSelect()" classname="org.springframework.web.reactive.result.view.freemarker.FreeMarkerMacroTests" time="0.072"/>
  <testcase name="formInputWithCss()" classname="org.springframework.web.reactive.result.view.freemarker.FreeMarkerMacroTests" time="0.022"/>
  <testcase name="formRadioButtons()" classname="org.springframework.web.reactive.result.view.freemarker.FreeMarkerMacroTests" time="0.122"/>
  <testcase name="springMacroRequestContextIsAutomaticallyExposedAsModelAttribute()" classname="org.springframework.web.reactive.result.view.freemarker.FreeMarkerMacroTests" time="0.043"/>
  <testcase name="defaultMessage()" classname="org.springframework.web.reactive.result.view.freemarker.FreeMarkerMacroTests" time="0.02"/>
  <testcase name="formCheckboxForStringArray()" classname="org.springframework.web.reactive.result.view.freemarker.FreeMarkerMacroTests" time="0.048"/>
  <testcase name="formInputPassword()" classname="org.springframework.web.reactive.result.view.freemarker.FreeMarkerMacroTests" time="0.017"/>
  <testcase name="formCheckboxForBooleanProperty()" classname="org.springframework.web.reactive.result.view.freemarker.FreeMarkerMacroTests" time="0.021"/>
  <testcase name="formCheckboxForStringProperty()" classname="org.springframework.web.reactive.result.view.freemarker.FreeMarkerMacroTests" time="0.02"/>
  <testcase name="messageArgs()" classname="org.springframework.web.reactive.result.view.freemarker.FreeMarkerMacroTests" time="0.031"/>
  <testcase name="formCheckboxForNestedPath()" classname="org.springframework.web.reactive.result.view.freemarker.FreeMarkerMacroTests" time="0.023"/>
  <testcase name="urlParams()" classname="org.springframework.web.reactive.result.view.freemarker.FreeMarkerMacroTests" time="0.016"/>
  <testcase name="age()" classname="org.springframework.web.reactive.result.view.freemarker.FreeMarkerMacroTests" time="0.012"/>
  <testcase name="url()" classname="org.springframework.web.reactive.result.view.freemarker.FreeMarkerMacroTests" time="0.013"/>
  <testcase name="name()" classname="org.springframework.web.reactive.result.view.freemarker.FreeMarkerMacroTests" time="0.012"/>
  <testcase name="formSingleSelectFromMap()" classname="org.springframework.web.reactive.result.view.freemarker.FreeMarkerMacroTests" time="0.033"/>
  <testcase name="formTextareaWithCustomRowsAndColumns()" classname="org.springframework.web.reactive.result.view.freemarker.FreeMarkerMacroTests" time="0.015"/>
  <testcase name="message()" classname="org.springframework.web.reactive.result.view.freemarker.FreeMarkerMacroTests" time="0.019"/>
  <testcase name="forInputWithNestedPath()" classname="org.springframework.web.reactive.result.view.freemarker.FreeMarkerMacroTests" time="0.019"/>
  <testcase name="formTextarea()" classname="org.springframework.web.reactive.result.view.freemarker.FreeMarkerMacroTests" time="0.013"/>
  <testcase name="messageArgsWithDefaultMessage()" classname="org.springframework.web.reactive.result.view.freemarker.FreeMarkerMacroTests" time="0.013"/>
  <testcase name="formPasswordInput()" classname="org.springframework.web.reactive.result.view.freemarker.FreeMarkerMacroTests" time="0.014"/>
  <testcase name="formHiddenInput()" classname="org.springframework.web.reactive.result.view.freemarker.FreeMarkerMacroTests" time="0.022"/>
  <testcase name="formInput()" classname="org.springframework.web.reactive.result.view.freemarker.FreeMarkerMacroTests" time="0.045"/>
  <testcase name="formInputHidden()" classname="org.springframework.web.reactive.result.view.freemarker.FreeMarkerMacroTests" time="0.033"/>
  <system-out><![CDATA[03:14:24.947 [Test worker] DEBUG o.s.w.r.r.v.f.FreeMarkerConfigurer - Template loader path [class path resource []] resolved to file path [F:\spring-framework-5.3.x\spring-framework-5.3.0-M1\spring-webflux\build\classes\java\test]
03:14:24.953 [Test worker] DEBUG o.s.w.r.r.v.f.FreeMarkerConfigurer - Template loader path [URL [file://C:/Users/radl/AppData/Local/Temp/]] resolved to file path [C:\Users\radl\AppData\Local\Temp]
03:14:25.100 [Test worker] DEBUG o.s.w.r.r.v.f.FreeMarkerView - [25fc4b08] View name 'myView', model {command=Darren, springMacroRequestContext=org.springframework.web.reactive.result.view.DummyMacroRequestContext@5f10efa3, msgArgs=[Ljava.lang.Object;@30b8c216, nameOptionMap={Rob&Harrop=Rob Harrop, Darren=Darren Davison, John=John Doe, Fred=Fred Bloggs}, options=[Rob Harrop, Darren Davison, John Doe, Fred Bloggs]}
03:14:25.105 [Test worker] DEBUG o.s.w.r.r.v.f.FreeMarkerView - [25fc4b08] Rendering [tmp.ftl]
03:14:25.734 [Test worker] DEBUG o.s.w.r.r.v.f.FreeMarkerConfigurer - Template loader path [class path resource []] resolved to file path [F:\spring-framework-5.3.x\spring-framework-5.3.0-M1\spring-webflux\build\classes\java\test]
03:14:25.734 [Test worker] DEBUG o.s.w.r.r.v.f.FreeMarkerConfigurer - Template loader path [URL [file://C:/Users/radl/AppData/Local/Temp/]] resolved to file path [C:\Users\radl\AppData\Local\Temp]
03:14:25.735 [Test worker] DEBUG o.s.w.r.r.v.f.FreeMarkerView - [42e4e69d] View name 'myView', model {command=Darren, springMacroRequestContext=org.springframework.web.reactive.result.view.DummyMacroRequestContext@56bab0d, msgArgs=[Ljava.lang.Object;@7a80b9b2, nameOptionMap={Rob&Harrop=Rob Harrop, Darren=Darren Davison, John=John Doe, Fred=Fred Bloggs}, options=[Rob Harrop, Darren Davison, John Doe, Fred Bloggs]}
03:14:25.736 [Test worker] DEBUG o.s.w.r.r.v.f.FreeMarkerView - [42e4e69d] Rendering [tmp.ftl]
03:14:25.787 [Test worker] DEBUG o.s.w.r.r.v.f.FreeMarkerConfigurer - Template loader path [class path resource []] resolved to file path [F:\spring-framework-5.3.x\spring-framework-5.3.0-M1\spring-webflux\build\classes\java\test]
03:14:25.787 [Test worker] DEBUG o.s.w.r.r.v.f.FreeMarkerConfigurer - Template loader path [URL [file://C:/Users/radl/AppData/Local/Temp/]] resolved to file path [C:\Users\radl\AppData\Local\Temp]
03:14:25.789 [Test worker] DEBUG o.s.w.r.r.v.f.FreeMarkerView - [6f330a45] View name 'myView', model {command=Darren, springMacroRequestContext=org.springframework.web.reactive.result.view.DummyMacroRequestContext@55babf76, msgArgs=[Ljava.lang.Object;@7517af44, nameOptionMap={Rob&Harrop=Rob Harrop, Darren=Darren Davison, John=John Doe, Fred=Fred Bloggs}, options=[Rob Harrop, Darren Davison, John Doe, Fred Bloggs]}
03:14:25.789 [Test worker] DEBUG o.s.w.r.r.v.f.FreeMarkerView - [6f330a45] Rendering [tmp.ftl]
03:14:25.861 [Test worker] DEBUG o.s.w.r.r.v.f.FreeMarkerConfigurer - Template loader path [class path resource []] resolved to file path [F:\spring-framework-5.3.x\spring-framework-5.3.0-M1\spring-webflux\build\classes\java\test]
03:14:25.861 [Test worker] DEBUG o.s.w.r.r.v.f.FreeMarkerConfigurer - Template loader path [URL [file://C:/Users/radl/AppData/Local/Temp/]] resolved to file path [C:\Users\radl\AppData\Local\Temp]
03:14:25.862 [Test worker] DEBUG o.s.w.r.r.v.f.FreeMarkerView - [62acf38] View name 'myView', model {command=Darren, springMacroRequestContext=org.springframework.web.reactive.result.view.DummyMacroRequestContext@4bbe76e9, msgArgs=[Ljava.lang.Object;@7bc71be6, nameOptionMap={Rob&Harrop=Rob Harrop, Darren=Darren Davison, John=John Doe, Fred=Fred Bloggs}, options=[Rob Harrop, Darren Davison, John Doe, Fred Bloggs]}
03:14:25.863 [Test worker] DEBUG o.s.w.r.r.v.f.FreeMarkerView - [62acf38] Rendering [tmp.ftl]
03:14:25.884 [Test worker] DEBUG o.s.w.r.r.v.f.FreeMarkerConfigurer - Template loader path [class path resource []] resolved to file path [F:\spring-framework-5.3.x\spring-framework-5.3.0-M1\spring-webflux\build\classes\java\test]
03:14:25.884 [Test worker] DEBUG o.s.w.r.r.v.f.FreeMarkerConfigurer - Template loader path [URL [file://C:/Users/radl/AppData/Local/Temp/]] resolved to file path [C:\Users\radl\AppData\Local\Temp]
03:14:25.886 [Test worker] DEBUG o.s.w.r.r.v.f.FreeMarkerView - [55472fae] View name 'myView', model {command=Darren, springMacroRequestContext=org.springframework.web.reactive.result.view.DummyMacroRequestContext@2381a4e8, msgArgs=[Ljava.lang.Object;@4be9ea31, nameOptionMap={Rob&Harrop=Rob Harrop, Darren=Darren Davison, John=John Doe, Fred=Fred Bloggs}, options=[Rob Harrop, Darren Davison, John Doe, Fred Bloggs]}
03:14:25.893 [Test worker] DEBUG o.s.w.r.r.v.f.FreeMarkerView - [55472fae] Rendering [tmp.ftl]
03:14:26.007 [Test worker] DEBUG o.s.w.r.r.v.f.FreeMarkerConfigurer - Template loader path [class path resource []] resolved to file path [F:\spring-framework-5.3.x\spring-framework-5.3.0-M1\spring-webflux\build\classes\java\test]
03:14:26.007 [Test worker] DEBUG o.s.w.r.r.v.f.FreeMarkerConfigurer - Template loader path [URL [file://C:/Users/radl/AppData/Local/Temp/]] resolved to file path [C:\Users\radl\AppData\Local\Temp]
03:14:26.008 [Test worker] DEBUG o.s.w.r.r.v.f.FreeMarkerMacroTests$1 - [5ac96fca] View name 'myView', model {testBean=Dilbert}
03:14:26.008 [Test worker] DEBUG o.s.w.r.r.v.f.FreeMarkerMacroTests$1 - [5ac96fca] Rendering [tmp.ftl]
03:14:26.051 [Test worker] DEBUG o.s.w.r.r.v.f.FreeMarkerConfigurer - Template loader path [class path resource []] resolved to file path [F:\spring-framework-5.3.x\spring-framework-5.3.0-M1\spring-webflux\build\classes\java\test]
03:14:26.051 [Test worker] DEBUG o.s.w.r.r.v.f.FreeMarkerConfigurer - Template loader path [URL [file://C:/Users/radl/AppData/Local/Temp/]] resolved to file path [C:\Users\radl\AppData\Local\Temp]
03:14:26.053 [Test worker] DEBUG o.s.w.r.r.v.f.FreeMarkerView - [68475db8] View name 'myView', model {command=Darren, springMacroRequestContext=org.springframework.web.reactive.result.view.DummyMacroRequestContext@332c5cd1, msgArgs=[Ljava.lang.Object;@3d412f30, nameOptionMap={Rob&Harrop=Rob Harrop, Darren=Darren Davison, John=John Doe, Fred=Fred Bloggs}, options=[Rob Harrop, Darren Davison, John Doe, Fred Bloggs]}
03:14:26.053 [Test worker] DEBUG o.s.w.r.r.v.f.FreeMarkerView - [68475db8] Rendering [tmp.ftl]
03:14:26.072 [Test worker] DEBUG o.s.w.r.r.v.f.FreeMarkerConfigurer - Template loader path [class path resource []] resolved to file path [F:\spring-framework-5.3.x\spring-framework-5.3.0-M1\spring-webflux\build\classes\java\test]
03:14:26.072 [Test worker] DEBUG o.s.w.r.r.v.f.FreeMarkerConfigurer - Template loader path [URL [file://C:/Users/radl/AppData/Local/Temp/]] resolved to file path [C:\Users\radl\AppData\Local\Temp]
03:14:26.074 [Test worker] DEBUG o.s.w.r.r.v.f.FreeMarkerView - [32b204d6] View name 'myView', model {command=Darren, springMacroRequestContext=org.springframework.web.reactive.result.view.DummyMacroRequestContext@2691a2b7, msgArgs=[Ljava.lang.Object;@2e8afc8b, nameOptionMap={Rob&Harrop=Rob Harrop, Darren=Darren Davison, John=John Doe, Fred=Fred Bloggs}, options=[Rob Harrop, Darren Davison, John Doe, Fred Bloggs]}
03:14:26.074 [Test worker] DEBUG o.s.w.r.r.v.f.FreeMarkerView - [32b204d6] Rendering [tmp.ftl]
03:14:26.120 [Test worker] DEBUG o.s.w.r.r.v.f.FreeMarkerConfigurer - Template loader path [class path resource []] resolved to file path [F:\spring-framework-5.3.x\spring-framework-5.3.0-M1\spring-webflux\build\classes\java\test]
03:14:26.120 [Test worker] DEBUG o.s.w.r.r.v.f.FreeMarkerConfigurer - Template loader path [URL [file://C:/Users/radl/AppData/Local/Temp/]] resolved to file path [C:\Users\radl\AppData\Local\Temp]
03:14:26.121 [Test worker] DEBUG o.s.w.r.r.v.f.FreeMarkerView - [2428beed] View name 'myView', model {command=Darren, springMacroRequestContext=org.springframework.web.reactive.result.view.DummyMacroRequestContext@159765d8, msgArgs=[Ljava.lang.Object;@2e033c19, nameOptionMap={Rob&Harrop=Rob Harrop, Darren=Darren Davison, John=John Doe, Fred=Fred Bloggs}, options=[Rob Harrop, Darren Davison, John Doe, Fred Bloggs]}
03:14:26.122 [Test worker] DEBUG o.s.w.r.r.v.f.FreeMarkerView - [2428beed] Rendering [tmp.ftl]
03:14:26.139 [Test worker] DEBUG o.s.w.r.r.v.f.FreeMarkerConfigurer - Template loader path [class path resource []] resolved to file path [F:\spring-framework-5.3.x\spring-framework-5.3.0-M1\spring-webflux\build\classes\java\test]
03:14:26.139 [Test worker] DEBUG o.s.w.r.r.v.f.FreeMarkerConfigurer - Template loader path [URL [file://C:/Users/radl/AppData/Local/Temp/]] resolved to file path [C:\Users\radl\AppData\Local\Temp]
03:14:26.141 [Test worker] DEBUG o.s.w.r.r.v.f.FreeMarkerView - [66dd7cd3] View name 'myView', model {command=Darren, springMacroRequestContext=org.springframework.web.reactive.result.view.DummyMacroRequestContext@2fb67731, msgArgs=[Ljava.lang.Object;@257ac92e, nameOptionMap={Rob&Harrop=Rob Harrop, Darren=Darren Davison, John=John Doe, Fred=Fred Bloggs}, options=[Rob Harrop, Darren Davison, John Doe, Fred Bloggs]}
03:14:26.141 [Test worker] DEBUG o.s.w.r.r.v.f.FreeMarkerView - [66dd7cd3] Rendering [tmp.ftl]
03:14:26.161 [Test worker] DEBUG o.s.w.r.r.v.f.FreeMarkerConfigurer - Template loader path [class path resource []] resolved to file path [F:\spring-framework-5.3.x\spring-framework-5.3.0-M1\spring-webflux\build\classes\java\test]
03:14:26.161 [Test worker] DEBUG o.s.w.r.r.v.f.FreeMarkerConfigurer - Template loader path [URL [file://C:/Users/radl/AppData/Local/Temp/]] resolved to file path [C:\Users\radl\AppData\Local\Temp]
03:14:26.163 [Test worker] DEBUG o.s.w.r.r.v.f.FreeMarkerView - [1c0ccc1d] View name 'myView', model {command=Darren, springMacroRequestContext=org.springframework.web.reactive.result.view.DummyMacroRequestContext@4bd9d3e9, msgArgs=[Ljava.lang.Object;@7a37f7e7, nameOptionMap={Rob&Harrop=Rob Harrop, Darren=Darren Davison, John=John Doe, Fred=Fred Bloggs}, options=[Rob Harrop, Darren Davison, John Doe, Fred Bloggs]}
03:14:26.163 [Test worker] DEBUG o.s.w.r.r.v.f.FreeMarkerView - [1c0ccc1d] Rendering [tmp.ftl]
03:14:26.182 [Test worker] DEBUG o.s.w.r.r.v.f.FreeMarkerConfigurer - Template loader path [class path resource []] resolved to file path [F:\spring-framework-5.3.x\spring-framework-5.3.0-M1\spring-webflux\build\classes\java\test]
03:14:26.182 [Test worker] DEBUG o.s.w.r.r.v.f.FreeMarkerConfigurer - Template loader path [URL [file://C:/Users/radl/AppData/Local/Temp/]] resolved to file path [C:\Users\radl\AppData\Local\Temp]
03:14:26.184 [Test worker] DEBUG o.s.w.r.r.v.f.FreeMarkerView - [2362cb69] View name 'myView', model {command=Darren, springMacroRequestContext=org.springframework.web.reactive.result.view.DummyMacroRequestContext@7131444, msgArgs=[Ljava.lang.Object;@2019926c, nameOptionMap={Rob&Harrop=Rob Harrop, Darren=Darren Davison, John=John Doe, Fred=Fred Bloggs}, options=[Rob Harrop, Darren Davison, John Doe, Fred Bloggs]}
03:14:26.184 [Test worker] DEBUG o.s.w.r.r.v.f.FreeMarkerView - [2362cb69] Rendering [tmp.ftl]
03:14:26.217 [Test worker] DEBUG o.s.w.r.r.v.f.FreeMarkerConfigurer - Template loader path [class path resource []] resolved to file path [F:\spring-framework-5.3.x\spring-framework-5.3.0-M1\spring-webflux\build\classes\java\test]
03:14:26.217 [Test worker] DEBUG o.s.w.r.r.v.f.FreeMarkerConfigurer - Template loader path [URL [file://C:/Users/radl/AppData/Local/Temp/]] resolved to file path [C:\Users\radl\AppData\Local\Temp]
03:14:26.219 [Test worker] DEBUG o.s.w.r.r.v.f.FreeMarkerView - [5838bd72] View name 'myView', model {command=Darren, springMacroRequestContext=org.springframework.web.reactive.result.view.DummyMacroRequestContext@27a6765, msgArgs=[Ljava.lang.Object;@372f23e6, nameOptionMap={Rob&Harrop=Rob Harrop, Darren=Darren Davison, John=John Doe, Fred=Fred Bloggs}, options=[Rob Harrop, Darren Davison, John Doe, Fred Bloggs]}
03:14:26.220 [Test worker] DEBUG o.s.w.r.r.v.f.FreeMarkerView - [5838bd72] Rendering [tmp.ftl]
03:14:26.241 [Test worker] DEBUG o.s.w.r.r.v.f.FreeMarkerConfigurer - Template loader path [class path resource []] resolved to file path [F:\spring-framework-5.3.x\spring-framework-5.3.0-M1\spring-webflux\build\classes\java\test]
03:14:26.241 [Test worker] DEBUG o.s.w.r.r.v.f.FreeMarkerConfigurer - Template loader path [URL [file://C:/Users/radl/AppData/Local/Temp/]] resolved to file path [C:\Users\radl\AppData\Local\Temp]
03:14:26.243 [Test worker] DEBUG o.s.w.r.r.v.f.FreeMarkerView - [a716369] View name 'myView', model {command=Darren, springMacroRequestContext=org.springframework.web.reactive.result.view.DummyMacroRequestContext@6e84104e, msgArgs=[Ljava.lang.Object;@58a8d1ba, nameOptionMap={Rob&Harrop=Rob Harrop, Darren=Darren Davison, John=John Doe, Fred=Fred Bloggs}, options=[Rob Harrop, Darren Davison, John Doe, Fred Bloggs]}
03:14:26.243 [Test worker] DEBUG o.s.w.r.r.v.f.FreeMarkerView - [a716369] Rendering [tmp.ftl]
03:14:26.257 [Test worker] DEBUG o.s.w.r.r.v.f.FreeMarkerConfigurer - Template loader path [class path resource []] resolved to file path [F:\spring-framework-5.3.x\spring-framework-5.3.0-M1\spring-webflux\build\classes\java\test]
03:14:26.257 [Test worker] DEBUG o.s.w.r.r.v.f.FreeMarkerConfigurer - Template loader path [URL [file://C:/Users/radl/AppData/Local/Temp/]] resolved to file path [C:\Users\radl\AppData\Local\Temp]
03:14:26.261 [Test worker] DEBUG o.s.w.r.r.v.f.FreeMarkerView - [2765e7b5] View name 'myView', model {command=Darren, springMacroRequestContext=org.springframework.web.reactive.result.view.DummyMacroRequestContext@7b40ff1b, msgArgs=[Ljava.lang.Object;@fdeba2d, nameOptionMap={Rob&Harrop=Rob Harrop, Darren=Darren Davison, John=John Doe, Fred=Fred Bloggs}, options=[Rob Harrop, Darren Davison, John Doe, Fred Bloggs]}
03:14:26.261 [Test worker] DEBUG o.s.w.r.r.v.f.FreeMarkerView - [2765e7b5] Rendering [tmp.ftl]
03:14:26.271 [Test worker] DEBUG o.s.w.r.r.v.f.FreeMarkerConfigurer - Template loader path [class path resource []] resolved to file path [F:\spring-framework-5.3.x\spring-framework-5.3.0-M1\spring-webflux\build\classes\java\test]
03:14:26.271 [Test worker] DEBUG o.s.w.r.r.v.f.FreeMarkerConfigurer - Template loader path [URL [file://C:/Users/radl/AppData/Local/Temp/]] resolved to file path [C:\Users\radl\AppData\Local\Temp]
03:14:26.273 [Test worker] DEBUG o.s.w.r.r.v.f.FreeMarkerView - [7d59209b] View name 'myView', model {command=Darren, springMacroRequestContext=org.springframework.web.reactive.result.view.DummyMacroRequestContext@e7f454c, msgArgs=[Ljava.lang.Object;@297b7779, nameOptionMap={Rob&Harrop=Rob Harrop, Darren=Darren Davison, John=John Doe, Fred=Fred Bloggs}, options=[Rob Harrop, Darren Davison, John Doe, Fred Bloggs]}
03:14:26.273 [Test worker] DEBUG o.s.w.r.r.v.f.FreeMarkerView - [7d59209b] Rendering [tmp.ftl]
03:14:26.284 [Test worker] DEBUG o.s.w.r.r.v.f.FreeMarkerConfigurer - Template loader path [class path resource []] resolved to file path [F:\spring-framework-5.3.x\spring-framework-5.3.0-M1\spring-webflux\build\classes\java\test]
03:14:26.284 [Test worker] DEBUG o.s.w.r.r.v.f.FreeMarkerConfigurer - Template loader path [URL [file://C:/Users/radl/AppData/Local/Temp/]] resolved to file path [C:\Users\radl\AppData\Local\Temp]
03:14:26.286 [Test worker] DEBUG o.s.w.r.r.v.f.FreeMarkerView - [5d74d49] View name 'myView', model {command=Darren, springMacroRequestContext=org.springframework.web.reactive.result.view.DummyMacroRequestContext@7f6d311f, msgArgs=[Ljava.lang.Object;@227783e9, nameOptionMap={Rob&Harrop=Rob Harrop, Darren=Darren Davison, John=John Doe, Fred=Fred Bloggs}, options=[Rob Harrop, Darren Davison, John Doe, Fred Bloggs]}
03:14:26.286 [Test worker] DEBUG o.s.w.r.r.v.f.FreeMarkerView - [5d74d49] Rendering [tmp.ftl]
03:14:26.296 [Test worker] DEBUG o.s.w.r.r.v.f.FreeMarkerConfigurer - Template loader path [class path resource []] resolved to file path [F:\spring-framework-5.3.x\spring-framework-5.3.0-M1\spring-webflux\build\classes\java\test]
03:14:26.296 [Test worker] DEBUG o.s.w.r.r.v.f.FreeMarkerConfigurer - Template loader path [URL [file://C:/Users/radl/AppData/Local/Temp/]] resolved to file path [C:\Users\radl\AppData\Local\Temp]
03:14:26.300 [Test worker] DEBUG o.s.w.r.r.v.f.FreeMarkerView - [49b1639f] View name 'myView', model {command=Darren, springMacroRequestContext=org.springframework.web.reactive.result.view.DummyMacroRequestContext@2990ba0c, msgArgs=[Ljava.lang.Object;@460dd8f6, nameOptionMap={Rob&Harrop=Rob Harrop, Darren=Darren Davison, John=John Doe, Fred=Fred Bloggs}, options=[Rob Harrop, Darren Davison, John Doe, Fred Bloggs]}
03:14:26.300 [Test worker] DEBUG o.s.w.r.r.v.f.FreeMarkerView - [49b1639f] Rendering [tmp.ftl]
03:14:26.330 [Test worker] DEBUG o.s.w.r.r.v.f.FreeMarkerConfigurer - Template loader path [class path resource []] resolved to file path [F:\spring-framework-5.3.x\spring-framework-5.3.0-M1\spring-webflux\build\classes\java\test]
03:14:26.331 [Test worker] DEBUG o.s.w.r.r.v.f.FreeMarkerConfigurer - Template loader path [URL [file://C:/Users/radl/AppData/Local/Temp/]] resolved to file path [C:\Users\radl\AppData\Local\Temp]
03:14:26.333 [Test worker] DEBUG o.s.w.r.r.v.f.FreeMarkerView - [5bedc684] View name 'myView', model {command=Darren, springMacroRequestContext=org.springframework.web.reactive.result.view.DummyMacroRequestContext@6b761125, msgArgs=[Ljava.lang.Object;@4b85bf55, nameOptionMap={Rob&Harrop=Rob Harrop, Darren=Darren Davison, John=John Doe, Fred=Fred Bloggs}, options=[Rob Harrop, Darren Davison, John Doe, Fred Bloggs]}
03:14:26.333 [Test worker] DEBUG o.s.w.r.r.v.f.FreeMarkerView - [5bedc684] Rendering [tmp.ftl]
03:14:26.347 [Test worker] DEBUG o.s.w.r.r.v.f.FreeMarkerConfigurer - Template loader path [class path resource []] resolved to file path [F:\spring-framework-5.3.x\spring-framework-5.3.0-M1\spring-webflux\build\classes\java\test]
03:14:26.347 [Test worker] DEBUG o.s.w.r.r.v.f.FreeMarkerConfigurer - Template loader path [URL [file://C:/Users/radl/AppData/Local/Temp/]] resolved to file path [C:\Users\radl\AppData\Local\Temp]
03:14:26.349 [Test worker] DEBUG o.s.w.r.r.v.f.FreeMarkerView - [15626a61] View name 'myView', model {command=Darren, springMacroRequestContext=org.springframework.web.reactive.result.view.DummyMacroRequestContext@51d594e1, msgArgs=[Ljava.lang.Object;@26211482, nameOptionMap={Rob&Harrop=Rob Harrop, Darren=Darren Davison, John=John Doe, Fred=Fred Bloggs}, options=[Rob Harrop, Darren Davison, John Doe, Fred Bloggs]}
03:14:26.350 [Test worker] DEBUG o.s.w.r.r.v.f.FreeMarkerView - [15626a61] Rendering [tmp.ftl]
03:14:26.365 [Test worker] DEBUG o.s.w.r.r.v.f.FreeMarkerConfigurer - Template loader path [class path resource []] resolved to file path [F:\spring-framework-5.3.x\spring-framework-5.3.0-M1\spring-webflux\build\classes\java\test]
03:14:26.365 [Test worker] DEBUG o.s.w.r.r.v.f.FreeMarkerConfigurer - Template loader path [URL [file://C:/Users/radl/AppData/Local/Temp/]] resolved to file path [C:\Users\radl\AppData\Local\Temp]
03:14:26.368 [Test worker] DEBUG o.s.w.r.r.v.f.FreeMarkerView - [5c26e2b0] View name 'myView', model {command=Darren, springMacroRequestContext=org.springframework.web.reactive.result.view.DummyMacroRequestContext@51724cdb, msgArgs=[Ljava.lang.Object;@691834a7, nameOptionMap={Rob&Harrop=Rob Harrop, Darren=Darren Davison, John=John Doe, Fred=Fred Bloggs}, options=[Rob Harrop, Darren Davison, John Doe, Fred Bloggs]}
03:14:26.368 [Test worker] DEBUG o.s.w.r.r.v.f.FreeMarkerView - [5c26e2b0] Rendering [tmp.ftl]
03:14:26.386 [Test worker] DEBUG o.s.w.r.r.v.f.FreeMarkerConfigurer - Template loader path [class path resource []] resolved to file path [F:\spring-framework-5.3.x\spring-framework-5.3.0-M1\spring-webflux\build\classes\java\test]
03:14:26.386 [Test worker] DEBUG o.s.w.r.r.v.f.FreeMarkerConfigurer - Template loader path [URL [file://C:/Users/radl/AppData/Local/Temp/]] resolved to file path [C:\Users\radl\AppData\Local\Temp]
03:14:26.388 [Test worker] DEBUG o.s.w.r.r.v.f.FreeMarkerView - [41b7589e] View name 'myView', model {command=Darren, springMacroRequestContext=org.springframework.web.reactive.result.view.DummyMacroRequestContext@440c4f4c, msgArgs=[Ljava.lang.Object;@5e5558e9, nameOptionMap={Rob&Harrop=Rob Harrop, Darren=Darren Davison, John=John Doe, Fred=Fred Bloggs}, options=[Rob Harrop, Darren Davison, John Doe, Fred Bloggs]}
03:14:26.388 [Test worker] DEBUG o.s.w.r.r.v.f.FreeMarkerView - [41b7589e] Rendering [tmp.ftl]
03:14:26.400 [Test worker] DEBUG o.s.w.r.r.v.f.FreeMarkerConfigurer - Template loader path [class path resource []] resolved to file path [F:\spring-framework-5.3.x\spring-framework-5.3.0-M1\spring-webflux\build\classes\java\test]
03:14:26.400 [Test worker] DEBUG o.s.w.r.r.v.f.FreeMarkerConfigurer - Template loader path [URL [file://C:/Users/radl/AppData/Local/Temp/]] resolved to file path [C:\Users\radl\AppData\Local\Temp]
03:14:26.401 [Test worker] DEBUG o.s.w.r.r.v.f.FreeMarkerView - [64314fdf] View name 'myView', model {command=Darren, springMacroRequestContext=org.springframework.web.reactive.result.view.DummyMacroRequestContext@4c40a60, msgArgs=[Ljava.lang.Object;@3a48ebbb, nameOptionMap={Rob&Harrop=Rob Harrop, Darren=Darren Davison, John=John Doe, Fred=Fred Bloggs}, options=[Rob Harrop, Darren Davison, John Doe, Fred Bloggs]}
03:14:26.401 [Test worker] DEBUG o.s.w.r.r.v.f.FreeMarkerView - [64314fdf] Rendering [tmp.ftl]
03:14:26.414 [Test worker] DEBUG o.s.w.r.r.v.f.FreeMarkerConfigurer - Template loader path [class path resource []] resolved to file path [F:\spring-framework-5.3.x\spring-framework-5.3.0-M1\spring-webflux\build\classes\java\test]
03:14:26.414 [Test worker] DEBUG o.s.w.r.r.v.f.FreeMarkerConfigurer - Template loader path [URL [file://C:/Users/radl/AppData/Local/Temp/]] resolved to file path [C:\Users\radl\AppData\Local\Temp]
03:14:26.416 [Test worker] DEBUG o.s.w.r.r.v.f.FreeMarkerView - [35718bd6] View name 'myView', model {command=Darren, springMacroRequestContext=org.springframework.web.reactive.result.view.DummyMacroRequestContext@2c6aa5d3, msgArgs=[Ljava.lang.Object;@5c165e51, nameOptionMap={Rob&Harrop=Rob Harrop, Darren=Darren Davison, John=John Doe, Fred=Fred Bloggs}, options=[Rob Harrop, Darren Davison, John Doe, Fred Bloggs]}
03:14:26.416 [Test worker] DEBUG o.s.w.r.r.v.f.FreeMarkerView - [35718bd6] Rendering [tmp.ftl]
03:14:26.429 [Test worker] DEBUG o.s.w.r.r.v.f.FreeMarkerConfigurer - Template loader path [class path resource []] resolved to file path [F:\spring-framework-5.3.x\spring-framework-5.3.0-M1\spring-webflux\build\classes\java\test]
03:14:26.429 [Test worker] DEBUG o.s.w.r.r.v.f.FreeMarkerConfigurer - Template loader path [URL [file://C:/Users/radl/AppData/Local/Temp/]] resolved to file path [C:\Users\radl\AppData\Local\Temp]
03:14:26.431 [Test worker] DEBUG o.s.w.r.r.v.f.FreeMarkerView - [29975972] View name 'myView', model {command=Darren, springMacroRequestContext=org.springframework.web.reactive.result.view.DummyMacroRequestContext@581b1fca, msgArgs=[Ljava.lang.Object;@14afee08, nameOptionMap={Rob&Harrop=Rob Harrop, Darren=Darren Davison, John=John Doe, Fred=Fred Bloggs}, options=[Rob Harrop, Darren Davison, John Doe, Fred Bloggs]}
03:14:26.431 [Test worker] DEBUG o.s.w.r.r.v.f.FreeMarkerView - [29975972] Rendering [tmp.ftl]
03:14:26.452 [Test worker] DEBUG o.s.w.r.r.v.f.FreeMarkerConfigurer - Template loader path [class path resource []] resolved to file path [F:\spring-framework-5.3.x\spring-framework-5.3.0-M1\spring-webflux\build\classes\java\test]
03:14:26.452 [Test worker] DEBUG o.s.w.r.r.v.f.FreeMarkerConfigurer - Template loader path [URL [file://C:/Users/radl/AppData/Local/Temp/]] resolved to file path [C:\Users\radl\AppData\Local\Temp]
03:14:26.455 [Test worker] DEBUG o.s.w.r.r.v.f.FreeMarkerView - [1fd7e38c] View name 'myView', model {command=Darren, springMacroRequestContext=org.springframework.web.reactive.result.view.DummyMacroRequestContext@2db73402, msgArgs=[Ljava.lang.Object;@45c54fec, nameOptionMap={Rob&Harrop=Rob Harrop, Darren=Darren Davison, John=John Doe, Fred=Fred Bloggs}, options=[Rob Harrop, Darren Davison, John Doe, Fred Bloggs]}
03:14:26.455 [Test worker] DEBUG o.s.w.r.r.v.f.FreeMarkerView - [1fd7e38c] Rendering [tmp.ftl]
03:14:26.495 [Test worker] DEBUG o.s.w.r.r.v.f.FreeMarkerConfigurer - Template loader path [class path resource []] resolved to file path [F:\spring-framework-5.3.x\spring-framework-5.3.0-M1\spring-webflux\build\classes\java\test]
03:14:26.495 [Test worker] DEBUG o.s.w.r.r.v.f.FreeMarkerConfigurer - Template loader path [URL [file://C:/Users/radl/AppData/Local/Temp/]] resolved to file path [C:\Users\radl\AppData\Local\Temp]
03:14:26.497 [Test worker] DEBUG o.s.w.r.r.v.f.FreeMarkerView - [64b42ad4] View name 'myView', model {command=Darren, springMacroRequestContext=org.springframework.web.reactive.result.view.DummyMacroRequestContext@61c3dc48, msgArgs=[Ljava.lang.Object;@4596c116, nameOptionMap={Rob&Harrop=Rob Harrop, Darren=Darren Davison, John=John Doe, Fred=Fred Bloggs}, options=[Rob Harrop, Darren Davison, John Doe, Fred Bloggs]}
03:14:26.497 [Test worker] DEBUG o.s.w.r.r.v.f.FreeMarkerView - [64b42ad4] Rendering [tmp.ftl]
]]></system-out>
  <system-err><![CDATA[]]></system-err>
</testsuite>
