<?xml version="1.0" encoding="UTF-8"?>
<testsuite name="org.springframework.web.reactive.socket.server.support.HandshakeWebSocketServiceTests" tests="1" skipped="0" failures="0" errors="0" timestamp="2023-03-06T08:15:06" hostname="DESKTOP-VGJP1PJ" time="0.354">
  <properties/>
  <testcase name="sessionAttributePredicate()" classname="org.springframework.web.reactive.socket.server.support.HandshakeWebSocketServiceTests" time="0.354"/>
  <system-out><![CDATA[]]></system-out>
  <system-err><![CDATA[]]></system-err>
</testsuite>
