<?xml version="1.0" encoding="UTF-8"?>
<testsuite name="org.springframework.web.reactive.accept.HeaderContentTypeResolverTests" tests="2" skipped="0" failures="0" errors="0" timestamp="2023-03-06T08:11:40" hostname="DESKTOP-VGJP1PJ" time="9.029">
  <properties/>
  <testcase name="resolveMediaTypes()" classname="org.springframework.web.reactive.accept.HeaderContentTypeResolverTests" time="9.015"/>
  <testcase name="resolveMediaTypesParseError()" classname="org.springframework.web.reactive.accept.HeaderContentTypeResolverTests" time="0.013"/>
  <system-out><![CDATA[]]></system-out>
  <system-err><![CDATA[]]></system-err>
</testsuite>
