<?xml version="1.0" encoding="UTF-8"?>
<testsuite name="org.springframework.web.reactive.function.client.WebClientExtensionsTests" tests="8" skipped="0" failures="0" errors="0" timestamp="2023-03-06T08:19:01" hostname="DESKTOP-VGJP1PJ" time="4.409">
  <properties/>
  <testcase name="RequestBodySpec#body with CompletableFuture and reified type parameters()" classname="org.springframework.web.reactive.function.client.WebClientExtensionsTests" time="2.429"/>
  <testcase name="bodyToFlow with reified type parameters()" classname="org.springframework.web.reactive.function.client.WebClientExtensionsTests" time="0.847"/>
  <testcase name="ResponseSpec#bodyToMono with reified type parameters()" classname="org.springframework.web.reactive.function.client.WebClientExtensionsTests" time="0.33"/>
  <testcase name="RequestBodySpec#body with Publisher and reified type parameters()" classname="org.springframework.web.reactive.function.client.WebClientExtensionsTests" time="0.205"/>
  <testcase name="awaitExchange()" classname="org.springframework.web.reactive.function.client.WebClientExtensionsTests" time="0.346"/>
  <testcase name="awaitBody()" classname="org.springframework.web.reactive.function.client.WebClientExtensionsTests" time="0.068"/>
  <testcase name="RequestBodySpec#body with Flow and reified type parameters()" classname="org.springframework.web.reactive.function.client.WebClientExtensionsTests" time="0.141"/>
  <testcase name="ResponseSpec#bodyToFlux with reified type parameters()" classname="org.springframework.web.reactive.function.client.WebClientExtensionsTests" time="0.012"/>
  <system-out><![CDATA[]]></system-out>
  <system-err><![CDATA[]]></system-err>
</testsuite>
