<?xml version="1.0" encoding="UTF-8"?>
<testsuite name="org.springframework.web.reactive.function.client.ExchangeFilterFunctionsTests" tests="9" skipped="0" failures="0" errors="0" timestamp="2023-03-06T08:16:01" hostname="DESKTOP-VGJP1PJ" time="0.434">
  <properties/>
  <testcase name="basicAuthenticationInvalidCharacters()" classname="org.springframework.web.reactive.function.client.ExchangeFilterFunctionsTests" time="0.01"/>
  <testcase name="basicAuthenticationUsernamePassword()" classname="org.springframework.web.reactive.function.client.ExchangeFilterFunctionsTests" time="0.051"/>
  <testcase name="statusHandlerNoMatch()" classname="org.springframework.web.reactive.function.client.ExchangeFilterFunctionsTests" time="0.005"/>
  <testcase name="andThen()" classname="org.springframework.web.reactive.function.client.ExchangeFilterFunctionsTests" time="0.003"/>
  <testcase name="basicAuthenticationAttributes()" classname="org.springframework.web.reactive.function.client.ExchangeFilterFunctionsTests" time="0.004"/>
  <testcase name="limitResponseSize()" classname="org.springframework.web.reactive.function.client.ExchangeFilterFunctionsTests" time="0.347"/>
  <testcase name="apply()" classname="org.springframework.web.reactive.function.client.ExchangeFilterFunctionsTests" time="0.002"/>
  <testcase name="basicAuthenticationAbsentAttributes()" classname="org.springframework.web.reactive.function.client.ExchangeFilterFunctionsTests" time="0.001"/>
  <testcase name="statusHandlerMatch()" classname="org.springframework.web.reactive.function.client.ExchangeFilterFunctionsTests" time="0.006"/>
  <system-out><![CDATA[03:16:01.593 [Test worker] WARN  o.s.h.c.j.Jackson2ObjectMapperBuilder - For Jackson Kotlin classes support please add "com.fasterxml.jackson.module:jackson-module-kotlin" to the classpath
]]></system-out>
  <system-err><![CDATA[]]></system-err>
</testsuite>
