<?xml version="1.0" encoding="UTF-8"?>
<testsuite name="org.springframework.cache.ehcache.EhCacheSupportTests" tests="8" skipped="0" failures="0" errors="0" timestamp="2023-03-06T07:56:04" hostname="DESKTOP-VGJP1PJ" time="0.258">
  <properties/>
  <testcase name="testEhCacheFactoryBeanWithExplicitCacheManager()" classname="org.springframework.cache.ehcache.EhCacheSupportTests" time="0.125"/>
  <testcase name="testEhCacheFactoryBeanWithDefaultCacheManager()" classname="org.springframework.cache.ehcache.EhCacheSupportTests" time="0.025"/>
  <testcase name="testBlankCacheManager()" classname="org.springframework.cache.ehcache.EhCacheSupportTests" time="0.012"/>
  <testcase name="testEhCacheFactoryBeanWithBlockingCache()" classname="org.springframework.cache.ehcache.EhCacheSupportTests" time="0.02"/>
  <testcase name="testAcceptExistingCacheManager()" classname="org.springframework.cache.ehcache.EhCacheSupportTests" time="0.016"/>
  <testcase name="testCacheManagerConflict()" classname="org.springframework.cache.ehcache.EhCacheSupportTests" time="0.016"/>
  <testcase name="testEhCacheFactoryBeanWithSelfPopulatingCache()" classname="org.springframework.cache.ehcache.EhCacheSupportTests" time="0.015"/>
  <testcase name="testEhCacheFactoryBeanWithUpdatingSelfPopulatingCache()" classname="org.springframework.cache.ehcache.EhCacheSupportTests" time="0.023"/>
  <system-out><![CDATA[]]></system-out>
  <system-err><![CDATA[]]></system-err>
</testsuite>
