<?xml version="1.0" encoding="UTF-8"?>
<testsuite name="org.springframework.scheduling.quartz.SimpleTriggerFactoryBeanTests" tests="1" skipped="0" failures="0" errors="0" timestamp="2023-03-06T07:56:16" hostname="DESKTOP-VGJP1PJ" time="0.0">
  <properties/>
  <testcase name="createWithoutJobDetail()" classname="org.springframework.scheduling.quartz.SimpleTriggerFactoryBeanTests" time="0.0"/>
  <system-out><![CDATA[]]></system-out>
  <system-err><![CDATA[]]></system-err>
</testsuite>
