<?xml version="1.0" encoding="UTF-8"?>
<testsuite name="org.springframework.validation.beanvalidation2.SpringValidatorAdapterTests" tests="11" skipped="0" failures="0" errors="0" timestamp="2023-03-06T07:56:17" hostname="DESKTOP-VGJP1PJ" time="0.373">
  <properties/>
  <testcase name="testPatternMessage()" classname="org.springframework.validation.beanvalidation2.SpringValidatorAdapterTests" time="0.033"/>
  <testcase name="testMapValueConstraint()" classname="org.springframework.validation.beanvalidation2.SpringValidatorAdapterTests" time="0.045"/>
  <testcase name="testListElementConstraint()" classname="org.springframework.validation.beanvalidation2.SpringValidatorAdapterTests" time="0.049"/>
  <testcase name="testNoStringArgumentValue()" classname="org.springframework.validation.beanvalidation2.SpringValidatorAdapterTests" time="0.01"/>
  <testcase name="testWithList()" classname="org.springframework.validation.beanvalidation2.SpringValidatorAdapterTests" time="0.101"/>
  <testcase name="testApplyMessageSourceResolvableToStringArgumentValueWithUnresolvedLogicalFieldName()" classname="org.springframework.validation.beanvalidation2.SpringValidatorAdapterTests" time="0.005"/>
  <testcase name="testMapEntryConstraint()" classname="org.springframework.validation.beanvalidation2.SpringValidatorAdapterTests" time="0.012"/>
  <testcase name="testWithSet()" classname="org.springframework.validation.beanvalidation2.SpringValidatorAdapterTests" time="0.038"/>
  <testcase name="testApplyMessageSourceResolvableToStringArgumentValueWithAlwaysUseMessageFormat()" classname="org.springframework.validation.beanvalidation2.SpringValidatorAdapterTests" time="0.003"/>
  <testcase name="testUnwrap()" classname="org.springframework.validation.beanvalidation2.SpringValidatorAdapterTests" time="0.001"/>
  <testcase name="testApplyMessageSourceResolvableToStringArgumentValueWithResolvedLogicalFieldName()" classname="org.springframework.validation.beanvalidation2.SpringValidatorAdapterTests" time="0.004"/>
  <system-out><![CDATA[]]></system-out>
  <system-err><![CDATA[]]></system-err>
</testsuite>
