<?xml version="1.0" encoding="UTF-8"?>
<testsuite name="org.springframework.cache.ehcache.EhCacheCacheTests" tests="13" skipped="1" failures="0" errors="0" timestamp="2023-03-06T07:56:04" hostname="DESKTOP-VGJP1PJ" time="0.28">
  <properties/>
  <testcase name="testCacheGetCallableNotInvokedWithHitNull()" classname="org.springframework.cache.ehcache.EhCacheCacheTests" time="0.014"/>
  <testcase name="testCacheGetSynchronized()" classname="org.springframework.cache.ehcache.EhCacheCacheTests" time="0.075"/>
  <testcase name="testCachePutIfAbsent()" classname="org.springframework.cache.ehcache.EhCacheCacheTests" time="0.011"/>
  <testcase name="testCacheClear()" classname="org.springframework.cache.ehcache.EhCacheCacheTests" time="0.068"/>
  <testcase name="testCacheRemove()" classname="org.springframework.cache.ehcache.EhCacheCacheTests" time="0.027"/>
  <testcase name="testCacheGetCallableNotInvokedWithHit()" classname="org.springframework.cache.ehcache.EhCacheCacheTests" time="0.014"/>
  <testcase name="testCacheName()" classname="org.springframework.cache.ehcache.EhCacheCacheTests" time="0.016"/>
  <testcase name="testCachePut()" classname="org.springframework.cache.ehcache.EhCacheCacheTests" time="0.007"/>
  <testcase name="testCacheGetCallable()" classname="org.springframework.cache.ehcache.EhCacheCacheTests" time="0.009"/>
  <testcase name="testNativeCache()" classname="org.springframework.cache.ehcache.EhCacheCacheTests" time="0.007"/>
  <testcase name="testCacheGetCallableFail()" classname="org.springframework.cache.ehcache.EhCacheCacheTests" time="0.008"/>
  <testcase name="testCacheGetCallableWithNull()" classname="org.springframework.cache.ehcache.EhCacheCacheTests" time="0.007"/>
  <testcase name="testExpiredElements()" classname="org.springframework.cache.ehcache.EhCacheCacheTests" time="0.001">
    <skipped/>
  </testcase>
  <system-out><![CDATA[]]></system-out>
  <system-err><![CDATA[]]></system-err>
</testsuite>
