<?xml version="1.0" encoding="UTF-8"?>
<testsuite name="org.springframework.cache.jcache.JCacheEhCacheApiTests" tests="13" skipped="0" failures="0" errors="0" timestamp="2023-03-06T07:56:14" hostname="DESKTOP-VGJP1PJ" time="0.202">
  <properties/>
  <testcase name="testCacheGetCallableNotInvokedWithHitNull()" classname="org.springframework.cache.jcache.JCacheEhCacheApiTests" time="0.013"/>
  <testcase name="testCacheGetSynchronized()" classname="org.springframework.cache.jcache.JCacheEhCacheApiTests" time="0.089"/>
  <testcase name="testCachePutIfAbsent()" classname="org.springframework.cache.jcache.JCacheEhCacheApiTests" time="0.009"/>
  <testcase name="testCacheClear()" classname="org.springframework.cache.jcache.JCacheEhCacheApiTests" time="0.008"/>
  <testcase name="testCacheRemove()" classname="org.springframework.cache.jcache.JCacheEhCacheApiTests" time="0.008"/>
  <testcase name="testCacheGetCallableNotInvokedWithHit()" classname="org.springframework.cache.jcache.JCacheEhCacheApiTests" time="0.008"/>
  <testcase name="testCacheName()" classname="org.springframework.cache.jcache.JCacheEhCacheApiTests" time="0.007"/>
  <testcase name="testCachePut()" classname="org.springframework.cache.jcache.JCacheEhCacheApiTests" time="0.016"/>
  <testcase name="testCacheGetCallable()" classname="org.springframework.cache.jcache.JCacheEhCacheApiTests" time="0.01"/>
  <testcase name="testNativeCache()" classname="org.springframework.cache.jcache.JCacheEhCacheApiTests" time="0.007"/>
  <testcase name="testCacheGetCallableFail()" classname="org.springframework.cache.jcache.JCacheEhCacheApiTests" time="0.008"/>
  <testcase name="testCacheGetCallableWithNull()" classname="org.springframework.cache.jcache.JCacheEhCacheApiTests" time="0.007"/>
  <testcase name="testCachePutNullValueAllowNullFalse()" classname="org.springframework.cache.jcache.JCacheEhCacheApiTests" time="0.008"/>
  <system-out><![CDATA[]]></system-out>
  <system-err><![CDATA[]]></system-err>
</testsuite>
