<?xml version="1.0" encoding="UTF-8"?>
<testsuite name="org.springframework.web.servlet.config.annotation.ViewResolutionIntegrationTests" tests="7" skipped="0" failures="0" errors="0" timestamp="2023-03-06T08:12:18" hostname="DESKTOP-VGJP1PJ" time="37.715">
  <properties/>
  <testcase name="existingViewResolver()" classname="org.springframework.web.servlet.config.annotation.ViewResolutionIntegrationTests" time="7.523"/>
  <testcase name="freemarkerInvalidConfig()" classname="org.springframework.web.servlet.config.annotation.ViewResolutionIntegrationTests" time="0.12"/>
  <testcase name="freemarker()" classname="org.springframework.web.servlet.config.annotation.ViewResolutionIntegrationTests" time="0.115"/>
  <testcase name="tiles()" classname="org.springframework.web.servlet.config.annotation.ViewResolutionIntegrationTests" time="1.914"/>
  <testcase name="groovyMarkup()" classname="org.springframework.web.servlet.config.annotation.ViewResolutionIntegrationTests" time="25.42"/>
  <testcase name="tilesInvalidConfig()" classname="org.springframework.web.servlet.config.annotation.ViewResolutionIntegrationTests" time="1.023"/>
  <testcase name="groovyMarkupInvalidConfig()" classname="org.springframework.web.servlet.config.annotation.ViewResolutionIntegrationTests" time="1.596"/>
  <system-out><![CDATA[]]></system-out>
  <system-err><![CDATA[]]></system-err>
</testsuite>
