<?xml version="1.0" encoding="UTF-8"?>
<testsuite name="org.springframework.web.servlet.config.annotation.ContentNegotiationConfigurerTests" tests="7" skipped="0" failures="0" errors="0" timestamp="2023-03-06T08:12:08" hostname="DESKTOP-VGJP1PJ" time="0.124">
  <properties/>
  <testcase name="setDefaultContentTypeStrategy()" classname="org.springframework.web.servlet.config.annotation.ContentNegotiationConfigurerTests" time="0.013"/>
  <testcase name="defaultSettings()" classname="org.springframework.web.servlet.config.annotation.ContentNegotiationConfigurerTests" time="0.104"/>
  <testcase name="setDefaultContentType()" classname="org.springframework.web.servlet.config.annotation.ContentNegotiationConfigurerTests" time="0.001"/>
  <testcase name="ignoreAcceptHeader()" classname="org.springframework.web.servlet.config.annotation.ContentNegotiationConfigurerTests" time="0.001"/>
  <testcase name="favorParameter()" classname="org.springframework.web.servlet.config.annotation.ContentNegotiationConfigurerTests" time="0.003"/>
  <testcase name="setMultipleDefaultContentTypes()" classname="org.springframework.web.servlet.config.annotation.ContentNegotiationConfigurerTests" time="0.0"/>
  <testcase name="addMediaTypes()" classname="org.springframework.web.servlet.config.annotation.ContentNegotiationConfigurerTests" time="0.0"/>
  <system-out><![CDATA[]]></system-out>
  <system-err><![CDATA[]]></system-err>
</testsuite>
