<?xml version="1.0" encoding="UTF-8"?>
<testsuite name="org.springframework.web.servlet.function.RequestPredicateTests" tests="3" skipped="0" failures="0" errors="0" timestamp="2023-03-06T08:13:23" hostname="DESKTOP-VGJP1PJ" time="0.006">
  <properties/>
  <testcase name="negate()" classname="org.springframework.web.servlet.function.RequestPredicateTests" time="0.003"/>
  <testcase name="or()" classname="org.springframework.web.servlet.function.RequestPredicateTests" time="0.002"/>
  <testcase name="and()" classname="org.springframework.web.servlet.function.RequestPredicateTests" time="0.001"/>
  <system-out><![CDATA[]]></system-out>
  <system-err><![CDATA[]]></system-err>
</testsuite>
