<?xml version="1.0" encoding="UTF-8"?>
<testsuite name="org.springframework.web.servlet.view.feed.RssFeedViewTests" tests="1" skipped="0" failures="0" errors="0" timestamp="2023-03-06T08:14:12" hostname="DESKTOP-VGJP1PJ" time="0.024">
  <properties/>
  <testcase name="render()" classname="org.springframework.web.servlet.view.feed.RssFeedViewTests" time="0.024"/>
  <system-out><![CDATA[]]></system-out>
  <system-err><![CDATA[]]></system-err>
</testsuite>
