<?xml version="1.0" encoding="UTF-8"?>
<testsuite name="org.springframework.web.servlet.mvc.method.annotation.RequestScopedControllerAdviceIntegrationTests" tests="1" skipped="0" failures="0" errors="0" timestamp="2023-03-06T08:13:36" hostname="DESKTOP-VGJP1PJ" time="0.196">
  <properties/>
  <testcase name="loadContextWithRequestScopedControllerAdvice()" classname="org.springframework.web.servlet.mvc.method.annotation.RequestScopedControllerAdviceIntegrationTests" time="0.196"/>
  <system-out><![CDATA[]]></system-out>
  <system-err><![CDATA[]]></system-err>
</testsuite>
