<?xml version="1.0" encoding="UTF-8"?>
<testsuite name="org.springframework.web.servlet.mvc.method.annotation.ServletAnnotationControllerHandlerMethodKotlinTests" tests="6" skipped="0" failures="0" errors="0" timestamp="2023-03-06T08:15:30" hostname="DESKTOP-VGJP1PJ" time="0.656">
  <properties/>
  <testcase name="dataClassBindingWithOptionalParameterAndOnlyMissingParameters(boolean)[1]" classname="org.springframework.web.servlet.mvc.method.annotation.ServletAnnotationControllerHandlerMethodKotlinTests" time="0.237"/>
  <testcase name="dataClassBindingWithOptionalParameterAndOnlyMissingParameters(boolean)[2]" classname="org.springframework.web.servlet.mvc.method.annotation.ServletAnnotationControllerHandlerMethodKotlinTests" time="0.075"/>
  <testcase name="dataClassBinding(boolean)[1]" classname="org.springframework.web.servlet.mvc.method.annotation.ServletAnnotationControllerHandlerMethodKotlinTests" time="0.09"/>
  <testcase name="dataClassBinding(boolean)[2]" classname="org.springframework.web.servlet.mvc.method.annotation.ServletAnnotationControllerHandlerMethodKotlinTests" time="0.076"/>
  <testcase name="dataClassBindingWithOptionalParameterAndAllParameters(boolean)[1]" classname="org.springframework.web.servlet.mvc.method.annotation.ServletAnnotationControllerHandlerMethodKotlinTests" time="0.111"/>
  <testcase name="dataClassBindingWithOptionalParameterAndAllParameters(boolean)[2]" classname="org.springframework.web.servlet.mvc.method.annotation.ServletAnnotationControllerHandlerMethodKotlinTests" time="0.046"/>
  <system-out><![CDATA[]]></system-out>
  <system-err><![CDATA[]]></system-err>
</testsuite>
