<?xml version="1.0" encoding="UTF-8"?>
<testsuite name="org.springframework.web.servlet.tags.HtmlEscapeTagTests" tests="7" skipped="0" failures="0" errors="0" timestamp="2023-03-06T08:14:00" hostname="DESKTOP-VGJP1PJ" time="0.096">
  <properties/>
  <testcase name="htmlEscapeTag()" classname="org.springframework.web.servlet.tags.HtmlEscapeTagTests" time="0.004"/>
  <testcase name="escapeBodyWithHtmlEscape()" classname="org.springframework.web.servlet.tags.HtmlEscapeTagTests" time="0.004"/>
  <testcase name="escapeBody()" classname="org.springframework.web.servlet.tags.HtmlEscapeTagTests" time="0.005"/>
  <testcase name="htmlEscapeTagWithContextParamFalse()" classname="org.springframework.web.servlet.tags.HtmlEscapeTagTests" time="0.067"/>
  <testcase name="escapeBodyWithHtmlEscapeAndJavaScriptEscape()" classname="org.springframework.web.servlet.tags.HtmlEscapeTagTests" time="0.004"/>
  <testcase name="htmlEscapeTagWithContextParamTrue()" classname="org.springframework.web.servlet.tags.HtmlEscapeTagTests" time="0.004"/>
  <testcase name="escapeBodyWithJavaScriptEscape()" classname="org.springframework.web.servlet.tags.HtmlEscapeTagTests" time="0.004"/>
  <system-out><![CDATA[]]></system-out>
  <system-err><![CDATA[]]></system-err>
</testsuite>
