<?xml version="1.0" encoding="UTF-8"?>
<testsuite name="org.springframework.web.servlet.handler.HandlerMethodMappingTests" tests="9" skipped="0" failures="0" errors="0" timestamp="2023-03-06T08:13:24" hostname="DESKTOP-VGJP1PJ" time="0.029">
  <properties/>
  <testcase name="directMatch()" classname="org.springframework.web.servlet.handler.HandlerMethodMappingTests" time="0.002"/>
  <testcase name="getCorsConfigWithBeanNameHandler()" classname="org.springframework.web.servlet.handler.HandlerMethodMappingTests" time="0.003"/>
  <testcase name="detectHandlerMethodsInAncestorContexts()" classname="org.springframework.web.servlet.handler.HandlerMethodMappingTests" time="0.002"/>
  <testcase name="patternMatch()" classname="org.springframework.web.servlet.handler.HandlerMethodMappingTests" time="0.001"/>
  <testcase name="unregisterMapping()" classname="org.springframework.web.servlet.handler.HandlerMethodMappingTests" time="0.001"/>
  <testcase name="registerMappingWithSameMethodAndTwoHandlerInstances()" classname="org.springframework.web.servlet.handler.HandlerMethodMappingTests" time="0.001"/>
  <testcase name="registerDuplicates()" classname="org.springframework.web.servlet.handler.HandlerMethodMappingTests" time="0.002"/>
  <testcase name="registerMapping()" classname="org.springframework.web.servlet.handler.HandlerMethodMappingTests" time="0.008"/>
  <testcase name="ambiguousMatch()" classname="org.springframework.web.servlet.handler.HandlerMethodMappingTests" time="0.003"/>
  <system-out><![CDATA[]]></system-out>
  <system-err><![CDATA[]]></system-err>
</testsuite>
