<?xml version="1.0" encoding="UTF-8"?>
<testsuite name="org.springframework.web.servlet.mvc.annotation.JdkProxyControllerTests" tests="3" skipped="0" failures="0" errors="0" timestamp="2023-03-06T08:13:25" hostname="DESKTOP-VGJP1PJ" time="0.28">
  <properties/>
  <testcase name="methodLevel()" classname="org.springframework.web.servlet.mvc.annotation.JdkProxyControllerTests" time="0.154"/>
  <testcase name="typeLevel()" classname="org.springframework.web.servlet.mvc.annotation.JdkProxyControllerTests" time="0.059"/>
  <testcase name="typeAndMethodLevel()" classname="org.springframework.web.servlet.mvc.annotation.JdkProxyControllerTests" time="0.066"/>
  <system-out><![CDATA[]]></system-out>
  <system-err><![CDATA[]]></system-err>
</testsuite>
