<?xml version="1.0" encoding="UTF-8"?>
<testsuite name="org.springframework.web.servlet.support.RequestContextTests" tests="4" skipped="0" failures="0" errors="0" timestamp="2023-03-06T08:13:55" hostname="DESKTOP-VGJP1PJ" time="0.006">
  <properties/>
  <testcase name="testGetContextUrlWithMap()" classname="org.springframework.web.servlet.support.RequestContextTests" time="0.002"/>
  <testcase name="testPathToServlet()" classname="org.springframework.web.servlet.support.RequestContextTests" time="0.001"/>
  <testcase name="testGetContextUrlWithMapEscaping()" classname="org.springframework.web.servlet.support.RequestContextTests" time="0.001"/>
  <testcase name="testGetContextUrl()" classname="org.springframework.web.servlet.support.RequestContextTests" time="0.001"/>
  <system-out><![CDATA[]]></system-out>
  <system-err><![CDATA[]]></system-err>
</testsuite>
