<?xml version="1.0" encoding="UTF-8"?>
<testsuite name="org.springframework.web.servlet.tags.UrlTagTests" tests="36" skipped="0" failures="0" errors="0" timestamp="2023-03-06T08:14:00" hostname="DESKTOP-VGJP1PJ" time="0.524">
  <properties/>
  <testcase name="replaceUriTemplateParamsTemplateWithParamMatchValueEncoded()" classname="org.springframework.web.servlet.tags.UrlTagTests" time="0.019"/>
  <testcase name="createQueryStringOneParamForExsistingQueryString()" classname="org.springframework.web.servlet.tags.UrlTagTests" time="0.009"/>
  <testcase name="createUrlRemoteContext()" classname="org.springframework.web.servlet.tags.UrlTagTests" time="0.006"/>
  <testcase name="createUrlWithParams()" classname="org.springframework.web.servlet.tags.UrlTagTests" time="0.008"/>
  <testcase name="replaceUriTemplateParamsTemplateWithParamMatch()" classname="org.springframework.web.servlet.tags.UrlTagTests" time="0.009"/>
  <testcase name="replaceUriTemplateParamsTemplateWithParamMatchNamePreEncoding()" classname="org.springframework.web.servlet.tags.UrlTagTests" time="0.129"/>
  <testcase name="createUrlWithParamAndExistingQueryString()" classname="org.springframework.web.servlet.tags.UrlTagTests" time="0.031"/>
  <testcase name="replaceUriTemplateParamsTemplateWithPathSegment()" classname="org.springframework.web.servlet.tags.UrlTagTests" time="0.013"/>
  <testcase name="createQueryStringParamEmptyName()" classname="org.springframework.web.servlet.tags.UrlTagTests" time="0.029"/>
  <testcase name="setJavaScriptEscapeTrue()" classname="org.springframework.web.servlet.tags.UrlTagTests" time="0.021"/>
  <testcase name="replaceUriTemplateParamsNoParams()" classname="org.springframework.web.servlet.tags.UrlTagTests" time="0.007"/>
  <testcase name="replaceUriTemplateParamsTemplateWithPath()" classname="org.springframework.web.servlet.tags.UrlTagTests" time="0.025"/>
  <testcase name="createQueryStringParamNullName()" classname="org.springframework.web.servlet.tags.UrlTagTests" time="0.012"/>
  <testcase name="createQueryStringNoParams()" classname="org.springframework.web.servlet.tags.UrlTagTests" time="0.007"/>
  <testcase name="createQueryStringOneParamNullValue()" classname="org.springframework.web.servlet.tags.UrlTagTests" time="0.008"/>
  <testcase name="createQueryStringUrlEncoding()" classname="org.springframework.web.servlet.tags.UrlTagTests" time="0.012"/>
  <testcase name="paramSupport()" classname="org.springframework.web.servlet.tags.UrlTagTests" time="0.005"/>
  <testcase name="createQueryStringTwoParams()" classname="org.springframework.web.servlet.tags.UrlTagTests" time="0.004"/>
  <testcase name="doEndTag()" classname="org.springframework.web.servlet.tags.UrlTagTests" time="0.005"/>
  <testcase name="createQueryStringOneParamAlreadyUsed()" classname="org.springframework.web.servlet.tags.UrlTagTests" time="0.008"/>
  <testcase name="doStartTag()" classname="org.springframework.web.servlet.tags.UrlTagTests" time="0.005"/>
  <testcase name="setHtmlEscapeTrue()" classname="org.springframework.web.servlet.tags.UrlTagTests" time="0.006"/>
  <testcase name="varDefaultScope()" classname="org.springframework.web.servlet.tags.UrlTagTests" time="0.006"/>
  <testcase name="createUrlRemoteContextWithSlash()" classname="org.springframework.web.servlet.tags.UrlTagTests" time="0.01"/>
  <testcase name="createUrlLocalContext()" classname="org.springframework.web.servlet.tags.UrlTagTests" time="0.018"/>
  <testcase name="setHtmlEscapeFalse()" classname="org.springframework.web.servlet.tags.UrlTagTests" time="0.009"/>
  <testcase name="varExplicitScope()" classname="org.springframework.web.servlet.tags.UrlTagTests" time="0.004"/>
  <testcase name="setHtmlEscapeDefault()" classname="org.springframework.web.servlet.tags.UrlTagTests" time="0.004"/>
  <testcase name="createQueryStringOneParam()" classname="org.springframework.web.servlet.tags.UrlTagTests" time="0.005"/>
  <testcase name="createUrlRemoteServer()" classname="org.springframework.web.servlet.tags.UrlTagTests" time="0.005"/>
  <testcase name="createUrlWithTemplateParams()" classname="org.springframework.web.servlet.tags.UrlTagTests" time="0.005"/>
  <testcase name="createQueryStringOneParamEmptyValue()" classname="org.springframework.web.servlet.tags.UrlTagTests" time="0.004"/>
  <testcase name="createUrlRemoteContextSingleSlash()" classname="org.springframework.web.servlet.tags.UrlTagTests" time="0.035"/>
  <testcase name="createUrlRelative()" classname="org.springframework.web.servlet.tags.UrlTagTests" time="0.004"/>
  <testcase name="setHtmlAndJavaScriptEscapeTrue()" classname="org.springframework.web.servlet.tags.UrlTagTests" time="0.005"/>
  <testcase name="replaceUriTemplateParamsTemplateWithoutParamMatch()" classname="org.springframework.web.servlet.tags.UrlTagTests" time="0.005"/>
  <system-out><![CDATA[]]></system-out>
  <system-err><![CDATA[]]></system-err>
</testsuite>
