<?xml version="1.0" encoding="UTF-8"?>
<testsuite name="org.springframework.web.servlet.mvc.method.annotation.ResponseBodyEmitterTests" tests="11" skipped="0" failures="0" errors="0" timestamp="2023-03-06T08:13:36" hostname="DESKTOP-VGJP1PJ" time="0.038">
  <properties/>
  <testcase name="sendDuplicateBeforeHandlerInitialized()" classname="org.springframework.web.servlet.mvc.method.annotation.ResponseBodyEmitterTests" time="0.011"/>
  <testcase name="sendBeforeHandlerInitializedWithError()" classname="org.springframework.web.servlet.mvc.method.annotation.ResponseBodyEmitterTests" time="0.001"/>
  <testcase name="sendAfterHandlerInitializedWithError()" classname="org.springframework.web.servlet.mvc.method.annotation.ResponseBodyEmitterTests" time="0.002"/>
  <testcase name="sendFailsAfterComplete()" classname="org.springframework.web.servlet.mvc.method.annotation.ResponseBodyEmitterTests" time="0.003"/>
  <testcase name="onCompletionBeforeHandlerInitialized()" classname="org.springframework.web.servlet.mvc.method.annotation.ResponseBodyEmitterTests" time="0.002"/>
  <testcase name="sendBeforeHandlerInitialized()" classname="org.springframework.web.servlet.mvc.method.annotation.ResponseBodyEmitterTests" time="0.001"/>
  <testcase name="sendAfterHandlerInitialized()" classname="org.springframework.web.servlet.mvc.method.annotation.ResponseBodyEmitterTests" time="0.001"/>
  <testcase name="onTimeoutAfterHandlerInitialized()" classname="org.springframework.web.servlet.mvc.method.annotation.ResponseBodyEmitterTests" time="0.002"/>
  <testcase name="sendWithError()" classname="org.springframework.web.servlet.mvc.method.annotation.ResponseBodyEmitterTests" time="0.009"/>
  <testcase name="onCompletionAfterHandlerInitialized()" classname="org.springframework.web.servlet.mvc.method.annotation.ResponseBodyEmitterTests" time="0.002"/>
  <testcase name="onTimeoutBeforeHandlerInitialized()" classname="org.springframework.web.servlet.mvc.method.annotation.ResponseBodyEmitterTests" time="0.002"/>
  <system-out><![CDATA[]]></system-out>
  <system-err><![CDATA[]]></system-err>
</testsuite>
