<?xml version="1.0" encoding="UTF-8"?>
<testsuite name="org.springframework.web.servlet.mvc.method.annotation.RequestMappingHandlerAdapterIntegrationTests" tests="9" skipped="0" failures="0" errors="0" timestamp="2023-03-06T08:13:30" hostname="DESKTOP-VGJP1PJ" time="0.351">
  <properties/>
  <testcase name="handleHttpEntityWithCacheControl()" classname="org.springframework.web.servlet.mvc.method.annotation.RequestMappingHandlerAdapterIntegrationTests" time="0.022"/>
  <testcase name="handle()" classname="org.springframework.web.servlet.mvc.method.annotation.RequestMappingHandlerAdapterIntegrationTests" time="0.119"/>
  <testcase name="handleInInterface()" classname="org.springframework.web.servlet.mvc.method.annotation.RequestMappingHandlerAdapterIntegrationTests" time="0.017"/>
  <testcase name="handleAndValidateRequestBody()" classname="org.springframework.web.servlet.mvc.method.annotation.RequestMappingHandlerAdapterIntegrationTests" time="0.016"/>
  <testcase name="handleAndValidateRequestPart()" classname="org.springframework.web.servlet.mvc.method.annotation.RequestMappingHandlerAdapterIntegrationTests" time="0.02"/>
  <testcase name="handleAndCompleteSession()" classname="org.springframework.web.servlet.mvc.method.annotation.RequestMappingHandlerAdapterIntegrationTests" time="0.016"/>
  <testcase name="handleRequestBody()" classname="org.springframework.web.servlet.mvc.method.annotation.RequestMappingHandlerAdapterIntegrationTests" time="0.017"/>
  <testcase name="handleRequestPart()" classname="org.springframework.web.servlet.mvc.method.annotation.RequestMappingHandlerAdapterIntegrationTests" time="0.02"/>
  <testcase name="handleHttpEntity()" classname="org.springframework.web.servlet.mvc.method.annotation.RequestMappingHandlerAdapterIntegrationTests" time="0.101"/>
  <system-out><![CDATA[]]></system-out>
  <system-err><![CDATA[]]></system-err>
</testsuite>
