<?xml version="1.0" encoding="UTF-8"?>
<testsuite name="org.springframework.web.servlet.tags.form.OptionsTagTests" tests="7" skipped="0" failures="0" errors="0" timestamp="2023-03-06T08:13:58" hostname="DESKTOP-VGJP1PJ" time="0.342">
  <properties/>
  <testcase name="withoutItems()" classname="org.springframework.web.servlet.tags.form.OptionsTagTests" time="0.011"/>
  <testcase name="withItemsNullReference()" classname="org.springframework.web.servlet.tags.form.OptionsTagTests" time="0.007"/>
  <testcase name="withCollection()" classname="org.springframework.web.servlet.tags.form.OptionsTagTests" time="0.204"/>
  <testcase name="withoutItemsEnumParent()" classname="org.springframework.web.servlet.tags.form.OptionsTagTests" time="0.087"/>
  <testcase name="withCollectionAndCustomEditor()" classname="org.springframework.web.servlet.tags.form.OptionsTagTests" time="0.009"/>
  <testcase name="withCollectionAndDynamicAttributes()" classname="org.springframework.web.servlet.tags.form.OptionsTagTests" time="0.012"/>
  <testcase name="withoutItemsEnumParentWithExplicitLabelsAndValues()" classname="org.springframework.web.servlet.tags.form.OptionsTagTests" time="0.008"/>
  <system-out><![CDATA[]]></system-out>
  <system-err><![CDATA[]]></system-err>
</testsuite>
