<?xml version="1.0" encoding="UTF-8"?>
<testsuite name="org.springframework.web.servlet.DispatcherServletTests" tests="50" skipped="0" failures="0" errors="0" timestamp="2023-03-06T08:13:15" hostname="DESKTOP-VGJP1PJ" time="7.342">
  <properties/>
  <testcase name="simpleMappingExceptionResolverWithDefaultErrorView()" classname="org.springframework.web.servlet.DispatcherServletTests" time="1.541"/>
  <testcase name="headMethodWithNoBodyResponse()" classname="org.springframework.web.servlet.DispatcherServletTests" time="0.681"/>
  <testcase name="throwExceptionIfNoHandlerFound()" classname="org.springframework.web.servlet.DispatcherServletTests" time="0.338"/>
  <testcase name="publishEventsOff()" classname="org.springframework.web.servlet.DispatcherServletTests" time="0.091"/>
  <testcase name="notDetectAllHandlerAdapters()" classname="org.springframework.web.servlet.DispatcherServletTests" time="0.336"/>
  <testcase name="handlerNotMappedWithAutodetect()" classname="org.springframework.web.servlet.DispatcherServletTests" time="0.201"/>
  <testcase name="modelAndViewDefiningException()" classname="org.springframework.web.servlet.DispatcherServletTests" time="0.095"/>
  <testcase name="noCleanupAfterInclude()" classname="org.springframework.web.servlet.DispatcherServletTests" time="0.111"/>
  <testcase name="handlerInterceptorAbort()" classname="org.springframework.web.servlet.DispatcherServletTests" time="0.153"/>
  <testcase name="requestHandledEvent()" classname="org.springframework.web.servlet.DispatcherServletTests" time="0.083"/>
  <testcase name="environmentOperations()" classname="org.springframework.web.servlet.DispatcherServletTests" time="0.076"/>
  <testcase name="detectAllHandlerAdapters()" classname="org.springframework.web.servlet.DispatcherServletTests" time="0.092"/>
  <testcase name="cleanupAfterIncludeWithRemove()" classname="org.springframework.web.servlet.DispatcherServletTests" time="0.098"/>
  <testcase name="notDetectAllHandlerExceptionResolvers()" classname="org.springframework.web.servlet.DispatcherServletTests" time="0.285"/>
  <testcase name="withNoViewNested()" classname="org.springframework.web.servlet.DispatcherServletTests" time="0.072"/>
  <testcase name="detectHandlerMappingFromParent()" classname="org.springframework.web.servlet.DispatcherServletTests" time="0.08"/>
  <testcase name="multipartResolutionFailed()" classname="org.springframework.web.servlet.DispatcherServletTests" time="0.05"/>
  <testcase name="dispatcherServletContextRefresh()" classname="org.springframework.web.servlet.DispatcherServletTests" time="0.346"/>
  <testcase name="headMethodWithExplicitHandling()" classname="org.springframework.web.servlet.DispatcherServletTests" time="0.058"/>
  <testcase name="withNoViewAndSamePath()" classname="org.springframework.web.servlet.DispatcherServletTests" time="0.036"/>
  <testcase name="notDetectAllHandlerMappings()" classname="org.springframework.web.servlet.DispatcherServletTests" time="0.042"/>
  <testcase name="contextInitializers()" classname="org.springframework.web.servlet.DispatcherServletTests" time="0.068"/>
  <testcase name="simpleMappingExceptionResolverWithAllHandlers1()" classname="org.springframework.web.servlet.DispatcherServletTests" time="0.038"/>
  <testcase name="simpleMappingExceptionResolverWithAllHandlers2()" classname="org.springframework.web.servlet.DispatcherServletTests" time="0.038"/>
  <testcase name="contextInitializerClasses()" classname="org.springframework.web.servlet.DispatcherServletTests" time="0.088"/>
  <testcase name="unknownRequest()" classname="org.springframework.web.servlet.DispatcherServletTests" time="0.062"/>
  <testcase name="simpleMappingExceptionResolverWithSpecificHandler1()" classname="org.springframework.web.servlet.DispatcherServletTests" time="0.048"/>
  <testcase name="simpleMappingExceptionResolverWithSpecificHandler2()" classname="org.springframework.web.servlet.DispatcherServletTests" time="0.072"/>
  <testcase name="themeChangeInterceptor1()" classname="org.springframework.web.servlet.DispatcherServletTests" time="0.078"/>
  <testcase name="themeChangeInterceptor2()" classname="org.springframework.web.servlet.DispatcherServletTests" time="0.067"/>
  <testcase name="anotherLocaleRequest()" classname="org.springframework.web.servlet.DispatcherServletTests" time="0.069"/>
  <testcase name="cleanupAfterIncludeWithRestore()" classname="org.springframework.web.servlet.DispatcherServletTests" time="0.059"/>
  <testcase name="notDetectAllViewResolvers()" classname="org.springframework.web.servlet.DispatcherServletTests" time="0.077"/>
  <testcase name="parameterizableViewController()" classname="org.springframework.web.servlet.DispatcherServletTests" time="0.062"/>
  <testcase name="existingMultipartRequest()" classname="org.springframework.web.servlet.DispatcherServletTests" time="0.035"/>
  <testcase name="invalidRequest()" classname="org.springframework.web.servlet.DispatcherServletTests" time="0.044"/>
  <testcase name="localeChangeInterceptor1()" classname="org.springframework.web.servlet.DispatcherServletTests" time="0.036"/>
  <testcase name="localeChangeInterceptor2()" classname="org.springframework.web.servlet.DispatcherServletTests" time="0.065"/>
  <testcase name="dispatcherServletRefresh()" classname="org.springframework.web.servlet.DispatcherServletTests" time="0.153"/>
  <testcase name="handlerInterceptorSuppressesView()" classname="org.springframework.web.servlet.DispatcherServletTests" time="0.059"/>
  <testcase name="configuredDispatcherServlets()" classname="org.springframework.web.servlet.DispatcherServletTests" time="0.041"/>
  <testcase name="localeRequest()" classname="org.springframework.web.servlet.DispatcherServletTests" time="0.04"/>
  <testcase name="servletHandlerAdapter()" classname="org.springframework.web.servlet.DispatcherServletTests" time="0.042"/>
  <testcase name="noHandlerFoundExceptionMessage()" classname="org.springframework.web.servlet.DispatcherServletTests" time="0.041"/>
  <testcase name="notAuthorized()" classname="org.springframework.web.servlet.DispatcherServletTests" time="0.076"/>
  <testcase name="globalInitializerClasses()" classname="org.springframework.web.servlet.DispatcherServletTests" time="0.064"/>
  <testcase name="mixedInitializerClasses()" classname="org.springframework.web.servlet.DispatcherServletTests" time="0.134"/>
  <testcase name="allowedOptionsIncludesPatchMethod()" classname="org.springframework.web.servlet.DispatcherServletTests" time="0.68"/>
  <testcase name="withNoView()" classname="org.springframework.web.servlet.DispatcherServletTests" time="0.045"/>
  <testcase name="existingMultipartRequestButWrapped()" classname="org.springframework.web.servlet.DispatcherServletTests" time="0.05"/>
  <system-out><![CDATA[03:13:17.718 [Test worker] WARN  o.s.w.s.PageNotFound - No mapping for GET /unknown
03:13:17.779 [Test worker] WARN  o.s.w.s.PageNotFound - No handler found for GET /unknown
03:13:17.779 [Test worker] WARN  o.s.w.s.m.s.DefaultHandlerExceptionResolver - Resolved [org.springframework.web.servlet.NoHandlerFoundException: No handler found for GET /unknown]
03:13:18.407 [Test worker] WARN  o.s.w.s.PageNotFound - No mapping for GET /knownOnlyToParent.do
03:13:18.615 [Test worker] WARN  o.s.w.s.PageNotFound - No mapping for GET /form.do
03:13:19.131 [Test worker] WARN  o.s.w.s.PageNotFound - No mapping for GET /form.do
03:13:20.107 [Test worker] WARN  o.s.w.s.PageNotFound - No mapping for GET /unknown.do
03:13:20.805 [Test worker] WARN  o.s.w.s.PageNotFound - No mapping for GET /form.do
03:13:21.024 [Test worker] WARN  o.s.w.s.PageNotFound - No mapping for GET /invalid.do
]]></system-out>
  <system-err><![CDATA[]]></system-err>
</testsuite>
