<?xml version="1.0" encoding="UTF-8"?>
<testsuite name="org.springframework.web.servlet.mvc.method.annotation.HttpEntityMethodProcessorTests" tests="7" skipped="0" failures="0" errors="0" timestamp="2023-03-06T08:13:29" hostname="DESKTOP-VGJP1PJ" time="0.219">
  <properties/>
  <testcase name="resolveArgumentWithEmptyBody()" classname="org.springframework.web.servlet.mvc.method.annotation.HttpEntityMethodProcessorTests" time="0.133"/>
  <testcase name="handleReturnValueWithETagAndETagFilter()" classname="org.springframework.web.servlet.mvc.method.annotation.HttpEntityMethodProcessorTests" time="0.002"/>
  <testcase name="resolveArgumentTypeVariable()" classname="org.springframework.web.servlet.mvc.method.annotation.HttpEntityMethodProcessorTests" time="0.006"/>
  <testcase name="resolveArgument()" classname="org.springframework.web.servlet.mvc.method.annotation.HttpEntityMethodProcessorTests" time="0.006"/>
  <testcase name="jacksonTypeInfoList()" classname="org.springframework.web.servlet.mvc.method.annotation.HttpEntityMethodProcessorTests" time="0.062"/>
  <testcase name="resolveGenericArgument()" classname="org.springframework.web.servlet.mvc.method.annotation.HttpEntityMethodProcessorTests" time="0.006"/>
  <testcase name="handleReturnValueCharSequence()" classname="org.springframework.web.servlet.mvc.method.annotation.HttpEntityMethodProcessorTests" time="0.002"/>
  <system-out><![CDATA[]]></system-out>
  <system-err><![CDATA[]]></system-err>
</testsuite>
