<?xml version="1.0" encoding="UTF-8"?>
<testsuite name="org.springframework.web.servlet.handler.PathMatchingUrlHandlerMappingTests" tests="8" skipped="0" failures="0" errors="0" timestamp="2023-03-06T08:13:25" hostname="DESKTOP-VGJP1PJ" time="0.085">
  <properties/>
  <testcase name="defaultMapping(HandlerMapping, WebApplicationContext)[1]" classname="org.springframework.web.servlet.handler.PathMatchingUrlHandlerMappingTests" time="0.001"/>
  <testcase name="defaultMapping(HandlerMapping, WebApplicationContext)[2]" classname="org.springframework.web.servlet.handler.PathMatchingUrlHandlerMappingTests" time="0.001"/>
  <testcase name="actualPathMatching(SimpleUrlHandlerMapping, WebApplicationContext)[1]" classname="org.springframework.web.servlet.handler.PathMatchingUrlHandlerMappingTests" time="0.01"/>
  <testcase name="actualPathMatching(SimpleUrlHandlerMapping, WebApplicationContext)[2]" classname="org.springframework.web.servlet.handler.PathMatchingUrlHandlerMappingTests" time="0.007"/>
  <testcase name="mappingExposedInRequest(HandlerMapping, WebApplicationContext)[1]" classname="org.springframework.web.servlet.handler.PathMatchingUrlHandlerMappingTests" time="0.0"/>
  <testcase name="mappingExposedInRequest(HandlerMapping, WebApplicationContext)[2]" classname="org.springframework.web.servlet.handler.PathMatchingUrlHandlerMappingTests" time="0.001"/>
  <testcase name="requestsWithHandlers(HandlerMapping, WebApplicationContext)[1]" classname="org.springframework.web.servlet.handler.PathMatchingUrlHandlerMappingTests" time="0.001"/>
  <testcase name="requestsWithHandlers(HandlerMapping, WebApplicationContext)[2]" classname="org.springframework.web.servlet.handler.PathMatchingUrlHandlerMappingTests" time="0.0"/>
  <system-out><![CDATA[]]></system-out>
  <system-err><![CDATA[]]></system-err>
</testsuite>
