<?xml version="1.0" encoding="UTF-8"?>
<testsuite name="org.springframework.web.servlet.mvc.method.annotation.DeferredResultReturnValueHandlerTests" tests="8" skipped="0" failures="0" errors="0" timestamp="2023-03-06T08:13:26" hostname="DESKTOP-VGJP1PJ" time="0.071">
  <properties/>
  <testcase name="doesNotSupportReturnType()" classname="org.springframework.web.servlet.mvc.method.annotation.DeferredResultReturnValueHandlerTests" time="0.022"/>
  <testcase name="completableFuture()" classname="org.springframework.web.servlet.mvc.method.annotation.DeferredResultReturnValueHandlerTests" time="0.015"/>
  <testcase name="listenableFutureWithError()" classname="org.springframework.web.servlet.mvc.method.annotation.DeferredResultReturnValueHandlerTests" time="0.01"/>
  <testcase name="listenableFuture()" classname="org.springframework.web.servlet.mvc.method.annotation.DeferredResultReturnValueHandlerTests" time="0.004"/>
  <testcase name="deferredResult()" classname="org.springframework.web.servlet.mvc.method.annotation.DeferredResultReturnValueHandlerTests" time="0.002"/>
  <testcase name="deferredResultWithError()" classname="org.springframework.web.servlet.mvc.method.annotation.DeferredResultReturnValueHandlerTests" time="0.002"/>
  <testcase name="completableFutureWithError()" classname="org.springframework.web.servlet.mvc.method.annotation.DeferredResultReturnValueHandlerTests" time="0.01"/>
  <testcase name="supportsReturnType()" classname="org.springframework.web.servlet.mvc.method.annotation.DeferredResultReturnValueHandlerTests" time="0.004"/>
  <system-out><![CDATA[]]></system-out>
  <system-err><![CDATA[]]></system-err>
</testsuite>
