<?xml version="1.0" encoding="UTF-8"?>
<testsuite name="org.springframework.web.context.XmlWebApplicationContextTests" tests="42" skipped="0" failures="0" errors="0" timestamp="2023-03-06T08:12:00" hostname="DESKTOP-VGJP1PJ" time="7.701">
  <properties/>
  <testcase name="factoryIsInitialized()" classname="org.springframework.web.context.XmlWebApplicationContextTests" time="0.184"/>
  <testcase name="inheritance()" classname="org.springframework.web.context.XmlWebApplicationContextTests" time="0.629"/>
  <testcase name="factorySingleton()" classname="org.springframework.web.context.XmlWebApplicationContextTests" time="0.366"/>
  <testcase name="getSharedInstanceByMatchingClassNoCatch()" classname="org.springframework.web.context.XmlWebApplicationContextTests" time="0.202"/>
  <testcase name="getSharedInstanceByMatchingClass()" classname="org.springframework.web.context.XmlWebApplicationContextTests" time="0.147"/>
  <testcase name="getSharedInstanceByNonmatchingClass()" classname="org.springframework.web.context.XmlWebApplicationContextTests" time="0.112"/>
  <testcase name="prototypeInstancesAreIndependent()" classname="org.springframework.web.context.XmlWebApplicationContextTests" time="0.362"/>
  <testcase name="factoryPrototype()" classname="org.springframework.web.context.XmlWebApplicationContextTests" time="0.138"/>
  <testcase name="lifecycleCallbacks()" classname="org.springframework.web.context.XmlWebApplicationContextTests" time="0.973"/>
  <testcase name="typeMismatch()" classname="org.springframework.web.context.XmlWebApplicationContextTests" time="0.196"/>
  <testcase name="grandparentDefinitionFoundInBeanFactory()" classname="org.springframework.web.context.XmlWebApplicationContextTests" time="0.328"/>
  <testcase name="validEmpty()" classname="org.springframework.web.context.XmlWebApplicationContextTests" time="0.064"/>
  <testcase name="findsValidInstance()" classname="org.springframework.web.context.XmlWebApplicationContextTests" time="0.072"/>
  <testcase name="getFactoryItself()" classname="org.springframework.web.context.XmlWebApplicationContextTests" time="0.081"/>
  <testcase name="getInstanceByMatchingClass()" classname="org.springframework.web.context.XmlWebApplicationContextTests" time="0.089"/>
  <testcase name="getInstanceByNonmatchingClass()" classname="org.springframework.web.context.XmlWebApplicationContextTests" time="0.089"/>
  <testcase name="getBeanWithNullArg()" classname="org.springframework.web.context.XmlWebApplicationContextTests" time="0.197"/>
  <testcase name="rejectsFactoryGetOnNormalBean()" classname="org.springframework.web.context.XmlWebApplicationContextTests" time="0.346"/>
  <testcase name="sharedInstancesAreEqual()" classname="org.springframework.web.context.XmlWebApplicationContextTests" time="0.258"/>
  <testcase name="notThere()" classname="org.springframework.web.context.XmlWebApplicationContextTests" time="0.683"/>
  <testcase name="aliasing()" classname="org.springframework.web.context.XmlWebApplicationContextTests" time="0.299"/>
  <testcase name="initializingBeanCallback()" classname="org.springframework.web.context.XmlWebApplicationContextTests" time="0.108"/>
  <testcase name="containsBeanDefinition()" classname="org.springframework.web.context.XmlWebApplicationContextTests" time="0.114"/>
  <testcase name="getDefinitionsForNoSuchClass()" classname="org.springframework.web.context.XmlWebApplicationContextTests" time="0.064"/>
  <testcase name="getCountForFactoryClass()" classname="org.springframework.web.context.XmlWebApplicationContextTests" time="0.064"/>
  <testcase name="closeTriggersDestroy()" classname="org.springframework.web.context.XmlWebApplicationContextTests" time="0.047"/>
  <testcase name="grandparentNull()" classname="org.springframework.web.context.XmlWebApplicationContextTests" time="0.04"/>
  <testcase name="eventsWithNoSource()" classname="org.springframework.web.context.XmlWebApplicationContextTests" time="0.114"/>
  <testcase name="parentNonNull()" classname="org.springframework.web.context.XmlWebApplicationContextTests" time="0.165"/>
  <testcase name="grandparentDefinitionFound()" classname="org.springframework.web.context.XmlWebApplicationContextTests" time="0.068"/>
  <testcase name="messageSource()" classname="org.springframework.web.context.XmlWebApplicationContextTests" time="0.038"/>
  <testcase name="events()" classname="org.springframework.web.context.XmlWebApplicationContextTests" time="0.099"/>
  <testcase name="contextAwareSingletonWasCalledBack()" classname="org.springframework.web.context.XmlWebApplicationContextTests" time="0.069"/>
  <testcase name="contextAwarePrototypeWasCalledBack()" classname="org.springframework.web.context.XmlWebApplicationContextTests" time="0.032"/>
  <testcase name="overrideWorked()" classname="org.springframework.web.context.XmlWebApplicationContextTests" time="0.127"/>
  <testcase name="beanAutomaticallyHearsEvents()" classname="org.springframework.web.context.XmlWebApplicationContextTests" time="0.051"/>
  <testcase name="grandparentTypedDefinitionFound()" classname="org.springframework.web.context.XmlWebApplicationContextTests" time="0.042"/>
  <testcase name="initializingBeanAndInitMethod()" classname="org.springframework.web.context.XmlWebApplicationContextTests" time="0.301"/>
  <testcase name="withoutMessageSource()" classname="org.springframework.web.context.XmlWebApplicationContextTests" time="0.109"/>
  <testcase name="count()" classname="org.springframework.web.context.XmlWebApplicationContextTests" time="0.059"/>
  <testcase name="environmentMerge()" classname="org.springframework.web.context.XmlWebApplicationContextTests" time="0.051"/>
  <testcase name="contextNesting()" classname="org.springframework.web.context.XmlWebApplicationContextTests" time="0.046"/>
  <system-out><![CDATA[]]></system-out>
  <system-err><![CDATA[]]></system-err>
</testsuite>
