<?xml version="1.0" encoding="UTF-8"?>
<testsuite name="org.springframework.web.servlet.mvc.method.annotation.RequestResponseBodyAdviceChainTests" tests="4" skipped="0" failures="0" errors="0" timestamp="2023-03-06T08:13:34" hostname="DESKTOP-VGJP1PJ" time="0.069">
  <properties/>
  <testcase name="controllerAdviceNotApplicable()" classname="org.springframework.web.servlet.mvc.method.annotation.RequestResponseBodyAdviceChainTests" time="0.001"/>
  <testcase name="controllerAdvice()" classname="org.springframework.web.servlet.mvc.method.annotation.RequestResponseBodyAdviceChainTests" time="0.001"/>
  <testcase name="responseBodyAdvice()" classname="org.springframework.web.servlet.mvc.method.annotation.RequestResponseBodyAdviceChainTests" time="0.041"/>
  <testcase name="requestBodyAdvice()" classname="org.springframework.web.servlet.mvc.method.annotation.RequestResponseBodyAdviceChainTests" time="0.013"/>
  <system-out><![CDATA[]]></system-out>
  <system-err><![CDATA[]]></system-err>
</testsuite>
