<?xml version="1.0" encoding="UTF-8"?>
<testsuite name="org.springframework.web.servlet.resource.AppCacheManifestTransformerTests" tests="3" skipped="0" failures="0" errors="0" timestamp="2023-03-06T08:13:49" hostname="DESKTOP-VGJP1PJ" time="0.083">
  <properties/>
  <testcase name="noTransformIfExtensionDoesNotMatch()" classname="org.springframework.web.servlet.resource.AppCacheManifestTransformerTests" time="0.001"/>
  <testcase name="transformManifest()" classname="org.springframework.web.servlet.resource.AppCacheManifestTransformerTests" time="0.054"/>
  <testcase name="syntaxErrorInManifest()" classname="org.springframework.web.servlet.resource.AppCacheManifestTransformerTests" time="0.028"/>
  <system-out><![CDATA[]]></system-out>
  <system-err><![CDATA[]]></system-err>
</testsuite>
