<?xml version="1.0" encoding="UTF-8"?>
<testsuite name="org.springframework.web.servlet.mvc.ControllerTests" tests="6" skipped="0" failures="0" errors="0" timestamp="2023-03-06T08:13:26" hostname="DESKTOP-VGJP1PJ" time="0.085">
  <properties/>
  <testcase name="servletWrappingController()" classname="org.springframework.web.servlet.mvc.ControllerTests" time="0.014"/>
  <testcase name="parameterizableViewController()" classname="org.springframework.web.servlet.mvc.ControllerTests" time="0.001"/>
  <testcase name="servletWrappingControllerWithBeanName()" classname="org.springframework.web.servlet.mvc.ControllerTests" time="0.001"/>
  <testcase name="servletForwardingControllerWithInclude()" classname="org.springframework.web.servlet.mvc.ControllerTests" time="0.061"/>
  <testcase name="servletForwardingControllerWithBeanName()" classname="org.springframework.web.servlet.mvc.ControllerTests" time="0.002"/>
  <testcase name="servletForwardingController()" classname="org.springframework.web.servlet.mvc.ControllerTests" time="0.002"/>
  <system-out><![CDATA[]]></system-out>
  <system-err><![CDATA[]]></system-err>
</testsuite>
