<?xml version="1.0" encoding="UTF-8"?>
<testsuite name="org.springframework.web.servlet.support.AnnotationConfigDispatcherServletInitializerTests" tests="4" skipped="0" failures="0" errors="0" timestamp="2023-03-06T08:13:55" hostname="DESKTOP-VGJP1PJ" time="0.158">
  <properties/>
  <testcase name="register()" classname="org.springframework.web.servlet.support.AnnotationConfigDispatcherServletInitializerTests" time="0.033"/>
  <testcase name="noFilters()" classname="org.springframework.web.servlet.support.AnnotationConfigDispatcherServletInitializerTests" time="0.0"/>
  <testcase name="rootContextOnly()" classname="org.springframework.web.servlet.support.AnnotationConfigDispatcherServletInitializerTests" time="0.124"/>
  <testcase name="asyncSupportedFalse()" classname="org.springframework.web.servlet.support.AnnotationConfigDispatcherServletInitializerTests" time="0.0"/>
  <system-out><![CDATA[]]></system-out>
  <system-err><![CDATA[]]></system-err>
</testsuite>
