<?xml version="1.0" encoding="UTF-8"?>
<testsuite name="org.springframework.web.servlet.function.DefaultServerRequestBuilderTests" tests="1" skipped="0" failures="0" errors="0" timestamp="2023-03-06T08:13:23" hostname="DESKTOP-VGJP1PJ" time="0.025">
  <properties/>
  <testcase name="from()" classname="org.springframework.web.servlet.function.DefaultServerRequestBuilderTests" time="0.025"/>
  <system-out><![CDATA[]]></system-out>
  <system-err><![CDATA[]]></system-err>
</testsuite>
