<?xml version="1.0" encoding="UTF-8"?>
<testsuite name="org.springframework.web.servlet.resource.ResourceTransformerSupportTests" tests="4" skipped="0" failures="0" errors="0" timestamp="2023-03-06T08:13:50" hostname="DESKTOP-VGJP1PJ" time="0.009">
  <properties/>
  <testcase name="toAbsolutePath()" classname="org.springframework.web.servlet.resource.ResourceTransformerSupportTests" time="0.001"/>
  <testcase name="resolveUrlPathWithRelativePath()" classname="org.springframework.web.servlet.resource.ResourceTransformerSupportTests" time="0.002"/>
  <testcase name="resolveUrlPathWithRelativePathInParentDirectory()" classname="org.springframework.web.servlet.resource.ResourceTransformerSupportTests" time="0.001"/>
  <testcase name="resolveUrlPath()" classname="org.springframework.web.servlet.resource.ResourceTransformerSupportTests" time="0.003"/>
  <system-out><![CDATA[]]></system-out>
  <system-err><![CDATA[]]></system-err>
</testsuite>
