<?xml version="1.0" encoding="UTF-8"?>
<testsuite name="org.springframework.web.servlet.resource.CachingResourceResolverTests" tests="9" skipped="0" failures="0" errors="0" timestamp="2023-03-06T08:13:50" hostname="DESKTOP-VGJP1PJ" time="0.03">
  <properties/>
  <testcase name="resolveResourceMatchingEncoding()" classname="org.springframework.web.servlet.resource.CachingResourceResolverTests" time="0.012"/>
  <testcase name="resolveResourceInternal()" classname="org.springframework.web.servlet.resource.CachingResourceResolverTests" time="0.001"/>
  <testcase name="resolverUrlPathNoMatch()" classname="org.springframework.web.servlet.resource.CachingResourceResolverTests" time="0.001"/>
  <testcase name="resolverUrlPath()" classname="org.springframework.web.servlet.resource.CachingResourceResolverTests" time="0.006"/>
  <testcase name="resolverUrlPathFromCache()" classname="org.springframework.web.servlet.resource.CachingResourceResolverTests" time="0.0"/>
  <testcase name="resolveResourceInternalNoMatch()" classname="org.springframework.web.servlet.resource.CachingResourceResolverTests" time="0.001"/>
  <testcase name="resolveResourceNoAcceptEncoding()" classname="org.springframework.web.servlet.resource.CachingResourceResolverTests" time="0.001"/>
  <testcase name="resolveResourceAcceptEncodingInCacheKey(GzippedFiles)" classname="org.springframework.web.servlet.resource.CachingResourceResolverTests" time="0.007"/>
  <testcase name="resolveResourceInternalFromCache()" classname="org.springframework.web.servlet.resource.CachingResourceResolverTests" time="0.0"/>
  <system-out><![CDATA[]]></system-out>
  <system-err><![CDATA[]]></system-err>
</testsuite>
