<?xml version="1.0" encoding="UTF-8"?>
<testsuite name="org.springframework.web.servlet.view.script.ScriptTemplateViewTests" tests="16" skipped="0" failures="0" errors="0" timestamp="2023-03-06T08:15:16" hostname="DESKTOP-VGJP1PJ" time="0.276">
  <properties/>
  <testcase name="detectScriptTemplateConfigWithEngineName()" classname="org.springframework.web.servlet.view.script.ScriptTemplateViewTests" time="0.014"/>
  <testcase name="nonInvocableScriptEngineWithRenderFunction()" classname="org.springframework.web.servlet.view.script.ScriptTemplateViewTests" time="0.065"/>
  <testcase name="engineAndEngineNameBothDefined()" classname="org.springframework.web.servlet.view.script.ScriptTemplateViewTests" time="0.024"/>
  <testcase name="nonSharedEngine()" classname="org.springframework.web.servlet.view.script.ScriptTemplateViewTests" time="0.136"/>
  <testcase name="missingTemplate()" classname="org.springframework.web.servlet.view.script.ScriptTemplateViewTests" time="0.002"/>
  <testcase name="contentType()" classname="org.springframework.web.servlet.view.script.ScriptTemplateViewTests" time="0.013"/>
  <testcase name="engineSupplierWithNonSharedEngine()" classname="org.springframework.web.servlet.view.script.ScriptTemplateViewTests" time="0.001"/>
  <testcase name="engineNameAndEngineSupplierBothDefined()" classname="org.springframework.web.servlet.view.script.ScriptTemplateViewTests" time="0.001"/>
  <testcase name="missingScriptTemplateConfig()" classname="org.springframework.web.servlet.view.script.ScriptTemplateViewTests" time="0.002"/>
  <testcase name="engineSetterAndNonSharedEngine()" classname="org.springframework.web.servlet.view.script.ScriptTemplateViewTests" time="0.001"/>
  <testcase name="customEngineAndRenderFunction()" classname="org.springframework.web.servlet.view.script.ScriptTemplateViewTests" time="0.001"/>
  <testcase name="resourceLoaderPath()" classname="org.springframework.web.servlet.view.script.ScriptTemplateViewTests" time="0.009"/>
  <testcase name="engineSupplierWithSharedEngine()" classname="org.springframework.web.servlet.view.script.ScriptTemplateViewTests" time="0.002"/>
  <testcase name="engineAndEngineSupplierBothDefined()" classname="org.springframework.web.servlet.view.script.ScriptTemplateViewTests" time="0.002"/>
  <testcase name="nonInvocableScriptEngine()" classname="org.springframework.web.servlet.view.script.ScriptTemplateViewTests" time="0.0"/>
  <testcase name="detectScriptTemplateConfigWithEngine()" classname="org.springframework.web.servlet.view.script.ScriptTemplateViewTests" time="0.0"/>
  <system-out><![CDATA[]]></system-out>
  <system-err><![CDATA[]]></system-err>
</testsuite>
