<?xml version="1.0" encoding="UTF-8"?>
<testsuite name="org.springframework.web.servlet.tags.form.ButtonTagTests" tests="2" skipped="0" failures="0" errors="0" timestamp="2023-03-06T08:13:57" hostname="DESKTOP-VGJP1PJ" time="0.04">
  <properties/>
  <testcase name="buttonTag()" classname="org.springframework.web.servlet.tags.form.ButtonTagTests" time="0.033"/>
  <testcase name="disabled()" classname="org.springframework.web.servlet.tags.form.ButtonTagTests" time="0.007"/>
  <system-out><![CDATA[]]></system-out>
  <system-err><![CDATA[]]></system-err>
</testsuite>
