<?xml version="1.0" encoding="UTF-8"?>
<testsuite name="org.springframework.web.servlet.mvc.condition.PatternsRequestConditionTests" tests="18" skipped="0" failures="0" errors="0" timestamp="2023-03-06T08:13:26" hostname="DESKTOP-VGJP1PJ" time="0.012">
  <properties/>
  <testcase name="combineOnePatternWithEmptySet()" classname="org.springframework.web.servlet.mvc.condition.PatternsRequestConditionTests" time="0.0"/>
  <testcase name="matchWithEmptyPatterns()" classname="org.springframework.web.servlet.mvc.condition.PatternsRequestConditionTests" time="0.001"/>
  <testcase name="matchPatternContainsExtension()" classname="org.springframework.web.servlet.mvc.condition.PatternsRequestConditionTests" time="0.001"/>
  <testcase name="comparePatternSpecificity()" classname="org.springframework.web.servlet.mvc.condition.PatternsRequestConditionTests" time="0.0"/>
  <testcase name="prependNonEmptyPatternsOnly()" classname="org.springframework.web.servlet.mvc.condition.PatternsRequestConditionTests" time="0.0"/>
  <testcase name="matchTrailingSlash()" classname="org.springframework.web.servlet.mvc.condition.PatternsRequestConditionTests" time="0.0"/>
  <testcase name="matchDirectPath()" classname="org.springframework.web.servlet.mvc.condition.PatternsRequestConditionTests" time="0.0"/>
  <testcase name="matchSuffixPatternUsingFileExtensions()" classname="org.springframework.web.servlet.mvc.condition.PatternsRequestConditionTests" time="0.001"/>
  <testcase name="getDirectUrls()" classname="org.springframework.web.servlet.mvc.condition.PatternsRequestConditionTests" time="0.0"/>
  <testcase name="matchSortPatterns()" classname="org.springframework.web.servlet.mvc.condition.PatternsRequestConditionTests" time="0.001"/>
  <testcase name="matchPattern()" classname="org.springframework.web.servlet.mvc.condition.PatternsRequestConditionTests" time="0.0"/>
  <testcase name="combineMultiplePatterns()" classname="org.springframework.web.servlet.mvc.condition.PatternsRequestConditionTests" time="0.001"/>
  <testcase name="compareNumberOfMatchingPatterns()" classname="org.springframework.web.servlet.mvc.condition.PatternsRequestConditionTests" time="0.0"/>
  <testcase name="matchSuffixPattern()" classname="org.springframework.web.servlet.mvc.condition.PatternsRequestConditionTests" time="0.001"/>
  <testcase name="prependSlash()" classname="org.springframework.web.servlet.mvc.condition.PatternsRequestConditionTests" time="0.0"/>
  <testcase name="combineEmptySets()" classname="org.springframework.web.servlet.mvc.condition.PatternsRequestConditionTests" time="0.0"/>
  <testcase name="matchSuffixPatternUsingFileExtensions2()" classname="org.springframework.web.servlet.mvc.condition.PatternsRequestConditionTests" time="0.0"/>
  <testcase name="compareEqualPatterns()" classname="org.springframework.web.servlet.mvc.condition.PatternsRequestConditionTests" time="0.0"/>
  <system-out><![CDATA[]]></system-out>
  <system-err><![CDATA[]]></system-err>
</testsuite>
