<?xml version="1.0" encoding="UTF-8"?>
<testsuite name="org.springframework.web.servlet.function.ServerRequestExtensionsTests" tests="13" skipped="0" failures="0" errors="0" timestamp="2023-03-06T08:15:24" hostname="DESKTOP-VGJP1PJ" time="4.819">
  <properties/>
  <testcase name="contentTypeOrNull with value()" classname="org.springframework.web.servlet.function.ServerRequestExtensionsTests" time="3.428"/>
  <testcase name="contentLengthOrNull with value()" classname="org.springframework.web.servlet.function.ServerRequestExtensionsTests" time="0.456"/>
  <testcase name="attributeOrNull with null()" classname="org.springframework.web.servlet.function.ServerRequestExtensionsTests" time="0.16"/>
  <testcase name="remoteAddressOrNull with value()" classname="org.springframework.web.servlet.function.ServerRequestExtensionsTests" time="0.014"/>
  <testcase name="principalOrNull with value()" classname="org.springframework.web.servlet.function.ServerRequestExtensionsTests" time="0.132"/>
  <testcase name="principalOrNull with null()" classname="org.springframework.web.servlet.function.ServerRequestExtensionsTests" time="0.01"/>
  <testcase name="paramOrNull with null()" classname="org.springframework.web.servlet.function.ServerRequestExtensionsTests" time="0.018"/>
  <testcase name="paramOrNull with value()" classname="org.springframework.web.servlet.function.ServerRequestExtensionsTests" time="0.011"/>
  <testcase name="body()" classname="org.springframework.web.servlet.function.ServerRequestExtensionsTests" time="0.403"/>
  <testcase name="contentTypeOrNull with null()" classname="org.springframework.web.servlet.function.ServerRequestExtensionsTests" time="0.023"/>
  <testcase name="attributeOrNull with value()" classname="org.springframework.web.servlet.function.ServerRequestExtensionsTests" time="0.021"/>
  <testcase name="contentLengthOrNull with null()" classname="org.springframework.web.servlet.function.ServerRequestExtensionsTests" time="0.013"/>
  <testcase name="remoteAddressOrNull with null()" classname="org.springframework.web.servlet.function.ServerRequestExtensionsTests" time="0.011"/>
  <system-out><![CDATA[]]></system-out>
  <system-err><![CDATA[]]></system-err>
</testsuite>
