<?xml version="1.0" encoding="UTF-8"?>
<testsuite name="org.springframework.web.servlet.view.groovy.GroovyMarkupConfigurerTests" tests="9" skipped="0" failures="0" errors="0" timestamp="2023-03-06T08:14:14" hostname="DESKTOP-VGJP1PJ" time="0.054">
  <properties/>
  <testcase name="resolveI18nDefaultLocale()" classname="org.springframework.web.servlet.view.groovy.GroovyMarkupConfigurerTests" time="0.035"/>
  <testcase name="defaultTemplateEngine()" classname="org.springframework.web.servlet.view.groovy.GroovyMarkupConfigurerTests" time="0.006"/>
  <testcase name="customTemplateEngine()" classname="org.springframework.web.servlet.view.groovy.GroovyMarkupConfigurerTests" time="0.005"/>
  <testcase name="resolveI18nPartialLocale()" classname="org.springframework.web.servlet.view.groovy.GroovyMarkupConfigurerTests" time="0.001"/>
  <testcase name="resolveI18nFullLocale()" classname="org.springframework.web.servlet.view.groovy.GroovyMarkupConfigurerTests" time="0.001"/>
  <testcase name="customTemplateConfiguration()" classname="org.springframework.web.servlet.view.groovy.GroovyMarkupConfigurerTests" time="0.001"/>
  <testcase name="parentLoader()" classname="org.springframework.web.servlet.view.groovy.GroovyMarkupConfigurerTests" time="0.001"/>
  <testcase name="failMissingTemplate()" classname="org.springframework.web.servlet.view.groovy.GroovyMarkupConfigurerTests" time="0.002"/>
  <testcase name="resolveSampleTemplate()" classname="org.springframework.web.servlet.view.groovy.GroovyMarkupConfigurerTests" time="0.001"/>
  <system-out><![CDATA[]]></system-out>
  <system-err><![CDATA[]]></system-err>
</testsuite>
