<?xml version="1.0" encoding="UTF-8"?>
<testsuite name="org.springframework.web.servlet.view.json.MappingJackson2JsonViewTests" tests="16" skipped="0" failures="0" errors="0" timestamp="2023-03-06T08:14:18" hostname="DESKTOP-VGJP1PJ" time="2.956">
  <properties/>
  <testcase name="renderSimpleBean()" classname="org.springframework.web.servlet.view.json.MappingJackson2JsonViewTests" time="2.829"/>
  <testcase name="renderOnlyIncludedAttributes()" classname="org.springframework.web.servlet.view.json.MappingJackson2JsonViewTests" time="0.024"/>
  <testcase name="renderSimpleBeanWithFilters()" classname="org.springframework.web.servlet.view.json.MappingJackson2JsonViewTests" time="0.013"/>
  <testcase name="renderSimpleBeanWithJsonView()" classname="org.springframework.web.servlet.view.json.MappingJackson2JsonViewTests" time="0.008"/>
  <testcase name="renderCaching()" classname="org.springframework.web.servlet.view.json.MappingJackson2JsonViewTests" time="0.006"/>
  <testcase name="renderSimpleMapPrefixed()" classname="org.springframework.web.servlet.view.json.MappingJackson2JsonViewTests" time="0.008"/>
  <testcase name="isExposePathVars()" classname="org.springframework.web.servlet.view.json.MappingJackson2JsonViewTests" time="0.004"/>
  <testcase name="filterSingleKeyModel()" classname="org.springframework.web.servlet.view.json.MappingJackson2JsonViewTests" time="0.004"/>
  <testcase name="renderWithSelectedContentType()" classname="org.springframework.web.servlet.view.json.MappingJackson2JsonViewTests" time="0.003"/>
  <testcase name="renderSimpleMap()" classname="org.springframework.web.servlet.view.json.MappingJackson2JsonViewTests" time="0.006"/>
  <testcase name="filterTwoKeyModel()" classname="org.springframework.web.servlet.view.json.MappingJackson2JsonViewTests" time="0.005"/>
  <testcase name="renderWithCustomSerializerLocatedByFactory()" classname="org.springframework.web.servlet.view.json.MappingJackson2JsonViewTests" time="0.008"/>
  <testcase name="renderWithCustomSerializerLocatedByAnnotation()" classname="org.springframework.web.servlet.view.json.MappingJackson2JsonViewTests" time="0.009"/>
  <testcase name="renderSimpleBeanPrefixed()" classname="org.springframework.web.servlet.view.json.MappingJackson2JsonViewTests" time="0.008"/>
  <testcase name="renderWithPrettyPrint()" classname="org.springframework.web.servlet.view.json.MappingJackson2JsonViewTests" time="0.008"/>
  <testcase name="renderSimpleBeanNotPrefixed()" classname="org.springframework.web.servlet.view.json.MappingJackson2JsonViewTests" time="0.009"/>
  <system-out><![CDATA[]]></system-out>
  <system-err><![CDATA[]]></system-err>
</testsuite>
