<?xml version="1.0" encoding="UTF-8"?>
<testsuite name="org.springframework.web.servlet.tags.ParamTagTests" tests="6" skipped="0" failures="0" errors="0" timestamp="2023-03-06T08:14:00" hostname="DESKTOP-VGJP1PJ" time="0.063">
  <properties/>
  <testcase name="paramWithNameAndValue()" classname="org.springframework.web.servlet.tags.ParamTagTests" time="0.008"/>
  <testcase name="paramWithNoParent()" classname="org.springframework.web.servlet.tags.ParamTagTests" time="0.006"/>
  <testcase name="paramWithValueThenReleaseThenBodyValue()" classname="org.springframework.web.servlet.tags.ParamTagTests" time="0.014"/>
  <testcase name="paramWithImplicitNullValue()" classname="org.springframework.web.servlet.tags.ParamTagTests" time="0.007"/>
  <testcase name="paramWithBodyValue()" classname="org.springframework.web.servlet.tags.ParamTagTests" time="0.014"/>
  <testcase name="paramWithExplicitNullValue()" classname="org.springframework.web.servlet.tags.ParamTagTests" time="0.012"/>
  <system-out><![CDATA[]]></system-out>
  <system-err><![CDATA[]]></system-err>
</testsuite>
