<?xml version="1.0" encoding="UTF-8"?>
<testsuite name="org.springframework.web.servlet.handler.HandlerMappingIntrospectorTests" tests="7" skipped="0" failures="0" errors="0" timestamp="2023-03-06T08:13:24" hostname="DESKTOP-VGJP1PJ" time="0.214">
  <properties/>
  <testcase name="getMatchableWhereHandlerMappingDoesNotImplementMatchableInterface()" classname="org.springframework.web.servlet.handler.HandlerMappingIntrospectorTests" time="0.004"/>
  <testcase name="getCorsConfigurationPreFlight()" classname="org.springframework.web.servlet.handler.HandlerMappingIntrospectorTests" time="0.11"/>
  <testcase name="detectHandlerMappings()" classname="org.springframework.web.servlet.handler.HandlerMappingIntrospectorTests" time="0.006"/>
  <testcase name="getMatchable(boolean)[1]" classname="org.springframework.web.servlet.handler.HandlerMappingIntrospectorTests" time="0.007"/>
  <testcase name="getMatchable(boolean)[2]" classname="org.springframework.web.servlet.handler.HandlerMappingIntrospectorTests" time="0.006"/>
  <testcase name="detectHandlerMappingsOrdered()" classname="org.springframework.web.servlet.handler.HandlerMappingIntrospectorTests" time="0.001"/>
  <testcase name="getCorsConfigurationActual()" classname="org.springframework.web.servlet.handler.HandlerMappingIntrospectorTests" time="0.021"/>
  <system-out><![CDATA[]]></system-out>
  <system-err><![CDATA[]]></system-err>
</testsuite>
