<?xml version="1.0" encoding="UTF-8"?>
<testsuite name="org.springframework.web.servlet.function.RouterFunctionsTests" tests="4" skipped="0" failures="0" errors="0" timestamp="2023-03-06T08:13:23" hostname="DESKTOP-VGJP1PJ" time="0.027">
  <properties/>
  <testcase name="routeNoMatch()" classname="org.springframework.web.servlet.function.RouterFunctionsTests" time="0.02"/>
  <testcase name="nestNoMatch()" classname="org.springframework.web.servlet.function.RouterFunctionsTests" time="0.003"/>
  <testcase name="routeMatch()" classname="org.springframework.web.servlet.function.RouterFunctionsTests" time="0.001"/>
  <testcase name="nestMatch()" classname="org.springframework.web.servlet.function.RouterFunctionsTests" time="0.002"/>
  <system-out><![CDATA[]]></system-out>
  <system-err><![CDATA[]]></system-err>
</testsuite>
