<?xml version="1.0" encoding="UTF-8"?>
<testsuite name="org.springframework.web.servlet.mvc.condition.HeadersRequestConditionTests" tests="14" skipped="0" failures="0" errors="0" timestamp="2023-03-06T08:13:26" hostname="DESKTOP-VGJP1PJ" time="0.013">
  <properties/>
  <testcase name="headerCaseSensitiveValueMatch()" classname="org.springframework.web.servlet.mvc.condition.HeadersRequestConditionTests" time="0.001"/>
  <testcase name="compareTo()" classname="org.springframework.web.servlet.mvc.condition.HeadersRequestConditionTests" time="0.0"/>
  <testcase name="headerValueMatchNegated()" classname="org.springframework.web.servlet.mvc.condition.HeadersRequestConditionTests" time="0.0"/>
  <testcase name="getMatchingCondition()" classname="org.springframework.web.servlet.mvc.condition.HeadersRequestConditionTests" time="0.0"/>
  <testcase name="headerPresent()" classname="org.springframework.web.servlet.mvc.condition.HeadersRequestConditionTests" time="0.001"/>
  <testcase name="headerPresentNoMatch()" classname="org.springframework.web.servlet.mvc.condition.HeadersRequestConditionTests" time="0.0"/>
  <testcase name="headerValueNoMatchNegated()" classname="org.springframework.web.servlet.mvc.condition.HeadersRequestConditionTests" time="0.0"/>
  <testcase name="headerValueMatch()" classname="org.springframework.web.servlet.mvc.condition.HeadersRequestConditionTests" time="0.0"/>
  <testcase name="combine()" classname="org.springframework.web.servlet.mvc.condition.HeadersRequestConditionTests" time="0.0"/>
  <testcase name="headerValueNoMatch()" classname="org.springframework.web.servlet.mvc.condition.HeadersRequestConditionTests" time="0.001"/>
  <testcase name="headerNotPresent()" classname="org.springframework.web.servlet.mvc.condition.HeadersRequestConditionTests" time="0.005"/>
  <testcase name="compareToWithNegatedMatch()" classname="org.springframework.web.servlet.mvc.condition.HeadersRequestConditionTests" time="0.0"/>
  <testcase name="headerEquals()" classname="org.springframework.web.servlet.mvc.condition.HeadersRequestConditionTests" time="0.001"/>
  <testcase name="compareToWithMoreSpecificMatchByValue()" classname="org.springframework.web.servlet.mvc.condition.HeadersRequestConditionTests" time="0.0"/>
  <system-out><![CDATA[]]></system-out>
  <system-err><![CDATA[]]></system-err>
</testsuite>
