<?xml version="1.0" encoding="UTF-8"?>
<testsuite name="org.springframework.web.servlet.FlashMapTests" tests="7" skipped="0" failures="0" errors="0" timestamp="2023-03-06T08:13:22" hostname="DESKTOP-VGJP1PJ" time="0.224">
  <properties/>
  <testcase name="isExpired()" classname="org.springframework.web.servlet.FlashMapTests" time="0.115"/>
  <testcase name="compareTo()" classname="org.springframework.web.servlet.FlashMapTests" time="0.001"/>
  <testcase name="addTargetRequestParamNullValue()" classname="org.springframework.web.servlet.FlashMapTests" time="0.0"/>
  <testcase name="addTargetRequestParamsNullValue()" classname="org.springframework.web.servlet.FlashMapTests" time="0.001"/>
  <testcase name="addTargetRequestParamNullKey()" classname="org.springframework.web.servlet.FlashMapTests" time="0.0"/>
  <testcase name="addTargetRequestParamsNullKey()" classname="org.springframework.web.servlet.FlashMapTests" time="0.001"/>
  <testcase name="notExpired()" classname="org.springframework.web.servlet.FlashMapTests" time="0.104"/>
  <system-out><![CDATA[]]></system-out>
  <system-err><![CDATA[]]></system-err>
</testsuite>
