<?xml version="1.0" encoding="UTF-8"?>
<testsuite name="org.springframework.web.servlet.tags.form.TextareaTagTests" tests="6" skipped="0" failures="0" errors="0" timestamp="2023-03-06T08:13:59" hostname="DESKTOP-VGJP1PJ" time="0.038">
  <properties/>
  <testcase name="customBind()" classname="org.springframework.web.servlet.tags.form.TextareaTagTests" time="0.008"/>
  <testcase name="simpleBind()" classname="org.springframework.web.servlet.tags.form.TextareaTagTests" time="0.007"/>
  <testcase name="simpleBindWithDynamicAttributes()" classname="org.springframework.web.servlet.tags.form.TextareaTagTests" time="0.005"/>
  <testcase name="simpleBindWithHtmlEscaping()" classname="org.springframework.web.servlet.tags.form.TextareaTagTests" time="0.005"/>
  <testcase name="complexBind()" classname="org.springframework.web.servlet.tags.form.TextareaTagTests" time="0.005"/>
  <testcase name="firstNewLine()" classname="org.springframework.web.servlet.tags.form.TextareaTagTests" time="0.005"/>
  <system-out><![CDATA[<textarea id="name" name="name">
Rob &quot;I Love Mangos&quot; Harrop</textarea>
]]></system-out>
  <system-err><![CDATA[]]></system-err>
</testsuite>
