<?xml version="1.0" encoding="UTF-8"?>
<testsuite name="org.springframework.web.servlet.resource.WebJarsResourceResolverTests" tests="7" skipped="0" failures="0" errors="0" timestamp="2023-03-06T08:13:52" hostname="DESKTOP-VGJP1PJ" time="3.124">
  <properties/>
  <testcase name="resolveResourceWebJar()" classname="org.springframework.web.servlet.resource.WebJarsResourceResolverTests" time="0.303"/>
  <testcase name="resolveUrlExistingNotInJarFile()" classname="org.springframework.web.servlet.resource.WebJarsResourceResolverTests" time="0.424"/>
  <testcase name="resolveUrlWebJarResource()" classname="org.springframework.web.servlet.resource.WebJarsResourceResolverTests" time="0.413"/>
  <testcase name="resolveResourceNotFound()" classname="org.springframework.web.servlet.resource.WebJarsResourceResolverTests" time="0.271"/>
  <testcase name="resolveUrlExisting()" classname="org.springframework.web.servlet.resource.WebJarsResourceResolverTests" time="0.703"/>
  <testcase name="resolveUrlWebJarResourceNotFound()" classname="org.springframework.web.servlet.resource.WebJarsResourceResolverTests" time="0.793"/>
  <testcase name="resolveResourceExisting()" classname="org.springframework.web.servlet.resource.WebJarsResourceResolverTests" time="0.215"/>
  <system-out><![CDATA[]]></system-out>
  <system-err><![CDATA[]]></system-err>
</testsuite>
