<?xml version="1.0" encoding="UTF-8"?>
<testsuite name="org.springframework.web.servlet.handler.HandlerMappingTests" tests="2" skipped="0" failures="0" errors="0" timestamp="2023-03-06T08:13:24" hostname="DESKTOP-VGJP1PJ" time="0.013">
  <properties/>
  <testcase name="orderedInterceptors(TestHandlerMapping, Function)[1]" classname="org.springframework.web.servlet.handler.HandlerMappingTests" time="0.003"/>
  <testcase name="orderedInterceptors(TestHandlerMapping, Function)[2]" classname="org.springframework.web.servlet.handler.HandlerMappingTests" time="0.001"/>
  <system-out><![CDATA[]]></system-out>
  <system-err><![CDATA[]]></system-err>
</testsuite>
