<?xml version="1.0" encoding="UTF-8"?>
<testsuite name="org.springframework.web.servlet.view.xslt.XsltViewTests" tests="12" skipped="0" failures="0" errors="0" timestamp="2023-03-06T08:15:18" hostname="DESKTOP-VGJP1PJ" time="2.356">
  <properties/>
  <testcase name="withoutUrl()" classname="org.springframework.web.servlet.view.xslt.XsltViewTests" time="0.001"/>
  <testcase name="testSimpleTransformWithInputStream()" classname="org.springframework.web.servlet.view.xslt.XsltViewTests" time="1.527"/>
  <testcase name="withNoSource()" classname="org.springframework.web.servlet.view.xslt.XsltViewTests" time="0.11"/>
  <testcase name="testSimpleTransformWithReader()" classname="org.springframework.web.servlet.view.xslt.XsltViewTests" time="0.043"/>
  <testcase name="testStaticAttributesCarriedAcross()" classname="org.springframework.web.servlet.view.xslt.XsltViewTests" time="0.102"/>
  <testcase name="simpleTransformWithSource()" classname="org.springframework.web.servlet.view.xslt.XsltViewTests" time="0.096"/>
  <testcase name="testSimpleTransformWithNode()" classname="org.springframework.web.servlet.view.xslt.XsltViewTests" time="0.156"/>
  <testcase name="testContentTypeCarriedFromTemplate()" classname="org.springframework.web.servlet.view.xslt.XsltViewTests" time="0.025"/>
  <testcase name="testSimpleTransformWithResource()" classname="org.springframework.web.servlet.view.xslt.XsltViewTests" time="0.126"/>
  <testcase name="testWithSourceKey()" classname="org.springframework.web.servlet.view.xslt.XsltViewTests" time="0.023"/>
  <testcase name="testSimpleTransformWithDocument()" classname="org.springframework.web.servlet.view.xslt.XsltViewTests" time="0.072"/>
  <testcase name="testModelParametersCarriedAcross()" classname="org.springframework.web.servlet.view.xslt.XsltViewTests" time="0.071"/>
  <system-out><![CDATA[]]></system-out>
  <system-err><![CDATA[]]></system-err>
</testsuite>
