<?xml version="1.0" encoding="UTF-8"?>
<testsuite name="org.springframework.web.servlet.view.xml.MappingJackson2XmlViewTests" tests="10" skipped="0" failures="0" errors="0" timestamp="2023-03-06T08:15:17" hostname="DESKTOP-VGJP1PJ" time="0.697">
  <properties/>
  <testcase name="renderOnlySpecifiedModelKey()" classname="org.springframework.web.servlet.view.xml.MappingJackson2XmlViewTests" time="0.263"/>
  <testcase name="renderSimpleBean()" classname="org.springframework.web.servlet.view.xml.MappingJackson2XmlViewTests" time="0.11"/>
  <testcase name="renderModelWithMultipleKeys()" classname="org.springframework.web.servlet.view.xml.MappingJackson2XmlViewTests" time="0.014"/>
  <testcase name="renderSimpleBeanWithJsonView()" classname="org.springframework.web.servlet.view.xml.MappingJackson2XmlViewTests" time="0.01"/>
  <testcase name="renderCaching()" classname="org.springframework.web.servlet.view.xml.MappingJackson2XmlViewTests" time="0.033"/>
  <testcase name="isExposePathVars()" classname="org.springframework.web.servlet.view.xml.MappingJackson2XmlViewTests" time="0.005"/>
  <testcase name="renderWithSelectedContentType()" classname="org.springframework.web.servlet.view.xml.MappingJackson2XmlViewTests" time="0.01"/>
  <testcase name="renderSimpleMap()" classname="org.springframework.web.servlet.view.xml.MappingJackson2XmlViewTests" time="0.038"/>
  <testcase name="renderWithCustomSerializerLocatedByFactory()" classname="org.springframework.web.servlet.view.xml.MappingJackson2XmlViewTests" time="0.16"/>
  <testcase name="renderWithCustomSerializerLocatedByAnnotation()" classname="org.springframework.web.servlet.view.xml.MappingJackson2XmlViewTests" time="0.051"/>
  <system-out><![CDATA[]]></system-out>
  <system-err><![CDATA[]]></system-err>
</testsuite>
