<?xml version="1.0" encoding="UTF-8"?>
<testsuite name="org.springframework.web.servlet.handler.SimpleUrlHandlerMappingTests" tests="5" skipped="0" failures="0" errors="0" timestamp="2023-03-06T08:13:25" hostname="DESKTOP-VGJP1PJ" time="0.109">
  <properties/>
  <testcase name="checkMappings(String)[1]" classname="org.springframework.web.servlet.handler.SimpleUrlHandlerMappingTests" time="0.036"/>
  <testcase name="checkMappings(String)[2]" classname="org.springframework.web.servlet.handler.SimpleUrlHandlerMappingTests" time="0.014"/>
  <testcase name="checkMappings(String)[3]" classname="org.springframework.web.servlet.handler.SimpleUrlHandlerMappingTests" time="0.016"/>
  <testcase name="testNewlineInRequest()" classname="org.springframework.web.servlet.handler.SimpleUrlHandlerMappingTests" time="0.001"/>
  <testcase name="handlerBeanNotFound()" classname="org.springframework.web.servlet.handler.SimpleUrlHandlerMappingTests" time="0.039"/>
  <system-out><![CDATA[]]></system-out>
  <system-err><![CDATA[]]></system-err>
</testsuite>
