<?xml version="1.0" encoding="UTF-8"?>
<testsuite name="org.springframework.web.servlet.view.document.XlsViewTests" tests="3" skipped="0" failures="0" errors="0" timestamp="2023-03-06T08:14:01" hostname="DESKTOP-VGJP1PJ" time="10.08">
  <properties/>
  <testcase name="testXls()" classname="org.springframework.web.servlet.view.document.XlsViewTests" time="2.26"/>
  <testcase name="testXlsxView()" classname="org.springframework.web.servlet.view.document.XlsViewTests" time="5.412"/>
  <testcase name="testXlsxStreamingView()" classname="org.springframework.web.servlet.view.document.XlsViewTests" time="2.407"/>
  <system-out><![CDATA[]]></system-out>
  <system-err><![CDATA[]]></system-err>
</testsuite>
