<?xml version="1.0" encoding="UTF-8"?>
<testsuite name="org.springframework.web.servlet.mvc.method.annotation.RequestMappingHandlerAdapterTests" tests="13" skipped="0" failures="0" errors="0" timestamp="2023-03-06T08:13:30" hostname="DESKTOP-VGJP1PJ" time="0.278">
  <properties/>
  <testcase name="setReturnValueHandlers()" classname="org.springframework.web.servlet.mvc.method.annotation.RequestMappingHandlerAdapterTests" time="0.026"/>
  <testcase name="cacheControlWithSessionAttributes()" classname="org.springframework.web.servlet.mvc.method.annotation.RequestMappingHandlerAdapterTests" time="0.022"/>
  <testcase name="setInitBinderArgumentResolvers()" classname="org.springframework.web.servlet.mvc.method.annotation.RequestMappingHandlerAdapterTests" time="0.017"/>
  <testcase name="setArgumentResolvers()" classname="org.springframework.web.servlet.mvc.method.annotation.RequestMappingHandlerAdapterTests" time="0.018"/>
  <testcase name="setCustomReturnValueHandlers()" classname="org.springframework.web.servlet.mvc.method.annotation.RequestMappingHandlerAdapterTests" time="0.015"/>
  <testcase name="responseBodyAdvice()" classname="org.springframework.web.servlet.mvc.method.annotation.RequestMappingHandlerAdapterTests" time="0.05"/>
  <testcase name="modelAttributePackageNameAdvice()" classname="org.springframework.web.servlet.mvc.method.annotation.RequestMappingHandlerAdapterTests" time="0.011"/>
  <testcase name="modelAttributeAdvice()" classname="org.springframework.web.servlet.mvc.method.annotation.RequestMappingHandlerAdapterTests" time="0.018"/>
  <testcase name="setCustomArgumentResolvers()" classname="org.springframework.web.servlet.mvc.method.annotation.RequestMappingHandlerAdapterTests" time="0.014"/>
  <testcase name="modelAttributeAdviceInParentContext()" classname="org.springframework.web.servlet.mvc.method.annotation.RequestMappingHandlerAdapterTests" time="0.018"/>
  <testcase name="setAlwaysUseRedirectAttributes()" classname="org.springframework.web.servlet.mvc.method.annotation.RequestMappingHandlerAdapterTests" time="0.015"/>
  <testcase name="prototypeControllerAdvice()" classname="org.springframework.web.servlet.mvc.method.annotation.RequestMappingHandlerAdapterTests" time="0.026"/>
  <testcase name="cacheControlWithoutSessionAttributes()" classname="org.springframework.web.servlet.mvc.method.annotation.RequestMappingHandlerAdapterTests" time="0.013"/>
  <system-out><![CDATA[]]></system-out>
  <system-err><![CDATA[]]></system-err>
</testsuite>
