<?xml version="1.0" encoding="UTF-8"?>
<testsuite name="org.springframework.web.servlet.config.annotation.WebMvcConfigurationSupportTests" tests="15" skipped="0" failures="0" errors="0" timestamp="2023-03-06T08:12:59" hostname="DESKTOP-VGJP1PJ" time="2.776">
  <properties/>
  <testcase name="uriComponentsContributor()" classname="org.springframework.web.servlet.config.annotation.WebMvcConfigurationSupportTests" time="0.603"/>
  <testcase name="emptyHandlerMappings()" classname="org.springframework.web.servlet.config.annotation.WebMvcConfigurationSupportTests" time="0.381"/>
  <testcase name="requestMappingHandlerAdapter()" classname="org.springframework.web.servlet.config.annotation.WebMvcConfigurationSupportTests" time="0.199"/>
  <testcase name="mvcViewResolverWithOrderSet()" classname="org.springframework.web.servlet.config.annotation.WebMvcConfigurationSupportTests" time="0.085"/>
  <testcase name="defaultRequestToViewNameConfiguration()" classname="org.springframework.web.servlet.config.annotation.WebMvcConfigurationSupportTests" time="0.105"/>
  <testcase name="defaultFlashMapManagerConfiguration()" classname="org.springframework.web.servlet.config.annotation.WebMvcConfigurationSupportTests" time="0.074"/>
  <testcase name="defaultLocaleResolverConfiguration()" classname="org.springframework.web.servlet.config.annotation.WebMvcConfigurationSupportTests" time="0.099"/>
  <testcase name="customArgumentResolvers()" classname="org.springframework.web.servlet.config.annotation.WebMvcConfigurationSupportTests" time="0.111"/>
  <testcase name="requestMappingHandlerMapping()" classname="org.springframework.web.servlet.config.annotation.WebMvcConfigurationSupportTests" time="0.172"/>
  <testcase name="mvcViewResolverWithExistingResolver()" classname="org.springframework.web.servlet.config.annotation.WebMvcConfigurationSupportTests" time="0.094"/>
  <testcase name="defaultThemeResolverfiguration()" classname="org.springframework.web.servlet.config.annotation.WebMvcConfigurationSupportTests" time="0.103"/>
  <testcase name="beanNameHandlerMapping()" classname="org.springframework.web.servlet.config.annotation.WebMvcConfigurationSupportTests" time="0.166"/>
  <testcase name="defaultPathMatchConfiguration()" classname="org.springframework.web.servlet.config.annotation.WebMvcConfigurationSupportTests" time="0.33"/>
  <testcase name="handlerExceptionResolver()" classname="org.springframework.web.servlet.config.annotation.WebMvcConfigurationSupportTests" time="0.119"/>
  <testcase name="mvcViewResolver()" classname="org.springframework.web.servlet.config.annotation.WebMvcConfigurationSupportTests" time="0.121"/>
  <system-out><![CDATA[]]></system-out>
  <system-err><![CDATA[]]></system-err>
</testsuite>
