<?xml version="1.0" encoding="UTF-8"?>
<testsuite name="org.springframework.context.annotation.scope.ClassPathBeanDefinitionScannerScopeIntegrationTests" tests="9" skipped="0" failures="0" errors="0" timestamp="2023-03-06T08:10:39" hostname="DESKTOP-VGJP1PJ" time="0.176">
  <properties/>
  <testcase name="sessionScopeWithNoProxy()" classname="org.springframework.context.annotation.scope.ClassPathBeanDefinitionScannerScopeIntegrationTests" time="0.016"/>
  <testcase name="requestScopeWithNoProxy()" classname="org.springframework.context.annotation.scope.ClassPathBeanDefinitionScannerScopeIntegrationTests" time="0.026"/>
  <testcase name="singletonScopeWithNoProxy()" classname="org.springframework.context.annotation.scope.ClassPathBeanDefinitionScannerScopeIntegrationTests" time="0.019"/>
  <testcase name="sessionScopeWithProxiedTargetClass()" classname="org.springframework.context.annotation.scope.ClassPathBeanDefinitionScannerScopeIntegrationTests" time="0.024"/>
  <testcase name="singletonScopeIgnoresProxyInterfaces()" classname="org.springframework.context.annotation.scope.ClassPathBeanDefinitionScannerScopeIntegrationTests" time="0.016"/>
  <testcase name="requestScopeWithProxiedTargetClass()" classname="org.springframework.context.annotation.scope.ClassPathBeanDefinitionScannerScopeIntegrationTests" time="0.018"/>
  <testcase name="singletonScopeIgnoresProxyTargetClass()" classname="org.springframework.context.annotation.scope.ClassPathBeanDefinitionScannerScopeIntegrationTests" time="0.012"/>
  <testcase name="requestScopeWithProxiedInterfaces()" classname="org.springframework.context.annotation.scope.ClassPathBeanDefinitionScannerScopeIntegrationTests" time="0.018"/>
  <testcase name="sessionScopeWithProxiedInterfaces()" classname="org.springframework.context.annotation.scope.ClassPathBeanDefinitionScannerScopeIntegrationTests" time="0.018"/>
  <system-out><![CDATA[03:10:39.412 [Test worker] DEBUG o.s.c.a.ClassPathBeanDefinitionScanner - Identified candidate component class: file [F:\spring-framework-5.3.x\spring-framework-5.3.0-M1\integration-tests\build\classes\java\test\org\springframework\context\annotation\scope\ClassPathBeanDefinitionScannerScopeIntegrationTests$RequestScopedTestBean.class]
03:10:39.413 [Test worker] DEBUG o.s.c.a.ClassPathBeanDefinitionScanner - Identified candidate component class: file [F:\spring-framework-5.3.x\spring-framework-5.3.0-M1\integration-tests\build\classes\java\test\org\springframework\context\annotation\scope\ClassPathBeanDefinitionScannerScopeIntegrationTests$SessionScopedTestBean.class]
03:10:39.414 [Test worker] DEBUG o.s.c.a.ClassPathBeanDefinitionScanner - Identified candidate component class: file [F:\spring-framework-5.3.x\spring-framework-5.3.0-M1\integration-tests\build\classes\java\test\org\springframework\context\annotation\scope\ClassPathBeanDefinitionScannerScopeIntegrationTests$SingletonScopedTestBean.class]
03:10:39.417 [Test worker] DEBUG o.s.c.a.ClassPathBeanDefinitionScanner - Identified candidate component class: file [F:\spring-framework-5.3.x\spring-framework-5.3.0-M1\integration-tests\build\classes\java\test\org\springframework\context\annotation\scope\ClassPathBeanDefinitionScannerScopeIntegrationTests$RequestScopedTestBean.class]
03:10:39.418 [Test worker] DEBUG o.s.c.a.ClassPathBeanDefinitionScanner - Identified candidate component class: file [F:\spring-framework-5.3.x\spring-framework-5.3.0-M1\integration-tests\build\classes\java\test\org\springframework\context\annotation\scope\ClassPathBeanDefinitionScannerScopeIntegrationTests$SessionScopedTestBean.class]
03:10:39.418 [Test worker] DEBUG o.s.c.a.ClassPathBeanDefinitionScanner - Identified candidate component class: file [F:\spring-framework-5.3.x\spring-framework-5.3.0-M1\integration-tests\build\classes\java\test\org\springframework\context\annotation\scope\ClassPathBeanDefinitionScannerScopeIntegrationTests$SingletonScopedTestBean.class]
03:10:39.418 [Test worker] DEBUG o.s.w.c.s.GenericWebApplicationContext - Refreshing org.springframework.web.context.support.GenericWebApplicationContext@1f44c844
03:10:39.419 [Test worker] DEBUG o.s.u.c.s.UiApplicationContextUtils - Unable to locate ThemeSource with name 'themeSource': using default [org.springframework.ui.context.support.ResourceBundleThemeSource@2a60736d]
03:10:39.419 [Test worker] DEBUG o.s.b.f.s.DefaultListableBeanFactory - Creating shared instance of singleton bean 'singleton'
03:10:39.427 [Test worker] DEBUG o.s.c.a.ClassPathBeanDefinitionScanner - Identified candidate component class: file [F:\spring-framework-5.3.x\spring-framework-5.3.0-M1\integration-tests\build\classes\java\test\org\springframework\context\annotation\scope\ClassPathBeanDefinitionScannerScopeIntegrationTests$RequestScopedTestBean.class]
03:10:39.430 [Test worker] DEBUG o.s.c.a.ClassPathBeanDefinitionScanner - Identified candidate component class: file [F:\spring-framework-5.3.x\spring-framework-5.3.0-M1\integration-tests\build\classes\java\test\org\springframework\context\annotation\scope\ClassPathBeanDefinitionScannerScopeIntegrationTests$SessionScopedTestBean.class]
03:10:39.432 [Test worker] DEBUG o.s.c.a.ClassPathBeanDefinitionScanner - Identified candidate component class: file [F:\spring-framework-5.3.x\spring-framework-5.3.0-M1\integration-tests\build\classes\java\test\org\springframework\context\annotation\scope\ClassPathBeanDefinitionScannerScopeIntegrationTests$SingletonScopedTestBean.class]
03:10:39.436 [Test worker] DEBUG o.s.c.a.ClassPathBeanDefinitionScanner - Identified candidate component class: file [F:\spring-framework-5.3.x\spring-framework-5.3.0-M1\integration-tests\build\classes\java\test\org\springframework\context\annotation\scope\ClassPathBeanDefinitionScannerScopeIntegrationTests$RequestScopedTestBean.class]
03:10:39.442 [Test worker] DEBUG o.s.c.a.ClassPathBeanDefinitionScanner - Identified candidate component class: file [F:\spring-framework-5.3.x\spring-framework-5.3.0-M1\integration-tests\build\classes\java\test\org\springframework\context\annotation\scope\ClassPathBeanDefinitionScannerScopeIntegrationTests$SessionScopedTestBean.class]
03:10:39.443 [Test worker] DEBUG o.s.c.a.ClassPathBeanDefinitionScanner - Identified candidate component class: file [F:\spring-framework-5.3.x\spring-framework-5.3.0-M1\integration-tests\build\classes\java\test\org\springframework\context\annotation\scope\ClassPathBeanDefinitionScannerScopeIntegrationTests$SingletonScopedTestBean.class]
03:10:39.444 [Test worker] DEBUG o.s.w.c.s.GenericWebApplicationContext - Refreshing org.springframework.web.context.support.GenericWebApplicationContext@5b2222f0
03:10:39.445 [Test worker] DEBUG o.s.u.c.s.UiApplicationContextUtils - Unable to locate ThemeSource with name 'themeSource': using default [org.springframework.ui.context.support.ResourceBundleThemeSource@34ac4725]
03:10:39.446 [Test worker] DEBUG o.s.b.f.s.DefaultListableBeanFactory - Creating shared instance of singleton bean 'singleton'
03:10:39.465 [Test worker] DEBUG o.s.c.a.ClassPathBeanDefinitionScanner - Identified candidate component class: file [F:\spring-framework-5.3.x\spring-framework-5.3.0-M1\integration-tests\build\classes\java\test\org\springframework\context\annotation\scope\ClassPathBeanDefinitionScannerScopeIntegrationTests$RequestScopedTestBean.class]
03:10:39.466 [Test worker] DEBUG o.s.c.a.ClassPathBeanDefinitionScanner - Identified candidate component class: file [F:\spring-framework-5.3.x\spring-framework-5.3.0-M1\integration-tests\build\classes\java\test\org\springframework\context\annotation\scope\ClassPathBeanDefinitionScannerScopeIntegrationTests$SessionScopedTestBean.class]
03:10:39.467 [Test worker] DEBUG o.s.c.a.ClassPathBeanDefinitionScanner - Identified candidate component class: file [F:\spring-framework-5.3.x\spring-framework-5.3.0-M1\integration-tests\build\classes\java\test\org\springframework\context\annotation\scope\ClassPathBeanDefinitionScannerScopeIntegrationTests$SingletonScopedTestBean.class]
03:10:39.469 [Test worker] DEBUG o.s.c.a.ClassPathBeanDefinitionScanner - Identified candidate component class: file [F:\spring-framework-5.3.x\spring-framework-5.3.0-M1\integration-tests\build\classes\java\test\org\springframework\context\annotation\scope\ClassPathBeanDefinitionScannerScopeIntegrationTests$RequestScopedTestBean.class]
03:10:39.470 [Test worker] DEBUG o.s.c.a.ClassPathBeanDefinitionScanner - Identified candidate component class: file [F:\spring-framework-5.3.x\spring-framework-5.3.0-M1\integration-tests\build\classes\java\test\org\springframework\context\annotation\scope\ClassPathBeanDefinitionScannerScopeIntegrationTests$SessionScopedTestBean.class]
03:10:39.470 [Test worker] DEBUG o.s.c.a.ClassPathBeanDefinitionScanner - Identified candidate component class: file [F:\spring-framework-5.3.x\spring-framework-5.3.0-M1\integration-tests\build\classes\java\test\org\springframework\context\annotation\scope\ClassPathBeanDefinitionScannerScopeIntegrationTests$SingletonScopedTestBean.class]
03:10:39.470 [Test worker] DEBUG o.s.w.c.s.GenericWebApplicationContext - Refreshing org.springframework.web.context.support.GenericWebApplicationContext@561d4866
03:10:39.471 [Test worker] DEBUG o.s.u.c.s.UiApplicationContextUtils - Unable to locate ThemeSource with name 'themeSource': using default [org.springframework.ui.context.support.ResourceBundleThemeSource@1f731354]
03:10:39.471 [Test worker] DEBUG o.s.b.f.s.DefaultListableBeanFactory - Creating shared instance of singleton bean 'singleton'
03:10:39.476 [Test worker] DEBUG o.s.c.a.ClassPathBeanDefinitionScanner - Identified candidate component class: file [F:\spring-framework-5.3.x\spring-framework-5.3.0-M1\integration-tests\build\classes\java\test\org\springframework\context\annotation\scope\ClassPathBeanDefinitionScannerScopeIntegrationTests$RequestScopedTestBean.class]
03:10:39.477 [Test worker] DEBUG o.s.c.a.ClassPathBeanDefinitionScanner - Identified candidate component class: file [F:\spring-framework-5.3.x\spring-framework-5.3.0-M1\integration-tests\build\classes\java\test\org\springframework\context\annotation\scope\ClassPathBeanDefinitionScannerScopeIntegrationTests$SessionScopedTestBean.class]
03:10:39.478 [Test worker] DEBUG o.s.c.a.ClassPathBeanDefinitionScanner - Identified candidate component class: file [F:\spring-framework-5.3.x\spring-framework-5.3.0-M1\integration-tests\build\classes\java\test\org\springframework\context\annotation\scope\ClassPathBeanDefinitionScannerScopeIntegrationTests$SingletonScopedTestBean.class]
03:10:39.480 [Test worker] DEBUG o.s.c.a.ClassPathBeanDefinitionScanner - Identified candidate component class: file [F:\spring-framework-5.3.x\spring-framework-5.3.0-M1\integration-tests\build\classes\java\test\org\springframework\context\annotation\scope\ClassPathBeanDefinitionScannerScopeIntegrationTests$RequestScopedTestBean.class]
03:10:39.481 [Test worker] DEBUG o.s.c.a.ClassPathBeanDefinitionScanner - Identified candidate component class: file [F:\spring-framework-5.3.x\spring-framework-5.3.0-M1\integration-tests\build\classes\java\test\org\springframework\context\annotation\scope\ClassPathBeanDefinitionScannerScopeIntegrationTests$SessionScopedTestBean.class]
03:10:39.481 [Test worker] DEBUG o.s.c.a.ClassPathBeanDefinitionScanner - Identified candidate component class: file [F:\spring-framework-5.3.x\spring-framework-5.3.0-M1\integration-tests\build\classes\java\test\org\springframework\context\annotation\scope\ClassPathBeanDefinitionScannerScopeIntegrationTests$SingletonScopedTestBean.class]
03:10:39.481 [Test worker] DEBUG o.s.w.c.s.GenericWebApplicationContext - Refreshing org.springframework.web.context.support.GenericWebApplicationContext@5ef1988
03:10:39.482 [Test worker] DEBUG o.s.u.c.s.UiApplicationContextUtils - Unable to locate ThemeSource with name 'themeSource': using default [org.springframework.ui.context.support.ResourceBundleThemeSource@1c6ba571]
03:10:39.482 [Test worker] DEBUG o.s.b.f.s.DefaultListableBeanFactory - Creating shared instance of singleton bean 'request'
03:10:39.487 [Test worker] DEBUG o.s.b.f.s.DefaultListableBeanFactory - Creating shared instance of singleton bean 'session'
03:10:39.491 [Test worker] DEBUG o.s.b.f.s.DefaultListableBeanFactory - Creating shared instance of singleton bean 'singleton'
03:10:39.502 [Test worker] DEBUG o.s.c.a.ClassPathBeanDefinitionScanner - Identified candidate component class: file [F:\spring-framework-5.3.x\spring-framework-5.3.0-M1\integration-tests\build\classes\java\test\org\springframework\context\annotation\scope\ClassPathBeanDefinitionScannerScopeIntegrationTests$RequestScopedTestBean.class]
03:10:39.503 [Test worker] DEBUG o.s.c.a.ClassPathBeanDefinitionScanner - Identified candidate component class: file [F:\spring-framework-5.3.x\spring-framework-5.3.0-M1\integration-tests\build\classes\java\test\org\springframework\context\annotation\scope\ClassPathBeanDefinitionScannerScopeIntegrationTests$SessionScopedTestBean.class]
03:10:39.503 [Test worker] DEBUG o.s.c.a.ClassPathBeanDefinitionScanner - Identified candidate component class: file [F:\spring-framework-5.3.x\spring-framework-5.3.0-M1\integration-tests\build\classes\java\test\org\springframework\context\annotation\scope\ClassPathBeanDefinitionScannerScopeIntegrationTests$SingletonScopedTestBean.class]
03:10:39.506 [Test worker] DEBUG o.s.c.a.ClassPathBeanDefinitionScanner - Identified candidate component class: file [F:\spring-framework-5.3.x\spring-framework-5.3.0-M1\integration-tests\build\classes\java\test\org\springframework\context\annotation\scope\ClassPathBeanDefinitionScannerScopeIntegrationTests$RequestScopedTestBean.class]
03:10:39.506 [Test worker] DEBUG o.s.c.a.ClassPathBeanDefinitionScanner - Identified candidate component class: file [F:\spring-framework-5.3.x\spring-framework-5.3.0-M1\integration-tests\build\classes\java\test\org\springframework\context\annotation\scope\ClassPathBeanDefinitionScannerScopeIntegrationTests$SessionScopedTestBean.class]
03:10:39.506 [Test worker] DEBUG o.s.c.a.ClassPathBeanDefinitionScanner - Identified candidate component class: file [F:\spring-framework-5.3.x\spring-framework-5.3.0-M1\integration-tests\build\classes\java\test\org\springframework\context\annotation\scope\ClassPathBeanDefinitionScannerScopeIntegrationTests$SingletonScopedTestBean.class]
03:10:39.507 [Test worker] DEBUG o.s.w.c.s.GenericWebApplicationContext - Refreshing org.springframework.web.context.support.GenericWebApplicationContext@7ba0a08b
03:10:39.507 [Test worker] DEBUG o.s.u.c.s.UiApplicationContextUtils - Unable to locate ThemeSource with name 'themeSource': using default [org.springframework.ui.context.support.ResourceBundleThemeSource@1cf88ecb]
03:10:39.508 [Test worker] DEBUG o.s.b.f.s.DefaultListableBeanFactory - Creating shared instance of singleton bean 'request'
03:10:39.511 [Test worker] DEBUG o.s.b.f.s.DefaultListableBeanFactory - Creating shared instance of singleton bean 'session'
03:10:39.512 [Test worker] DEBUG o.s.b.f.s.DefaultListableBeanFactory - Creating shared instance of singleton bean 'singleton'
03:10:39.517 [Test worker] DEBUG o.s.c.a.ClassPathBeanDefinitionScanner - Identified candidate component class: file [F:\spring-framework-5.3.x\spring-framework-5.3.0-M1\integration-tests\build\classes\java\test\org\springframework\context\annotation\scope\ClassPathBeanDefinitionScannerScopeIntegrationTests$RequestScopedTestBean.class]
03:10:39.519 [Test worker] DEBUG o.s.c.a.ClassPathBeanDefinitionScanner - Identified candidate component class: file [F:\spring-framework-5.3.x\spring-framework-5.3.0-M1\integration-tests\build\classes\java\test\org\springframework\context\annotation\scope\ClassPathBeanDefinitionScannerScopeIntegrationTests$SessionScopedTestBean.class]
03:10:39.520 [Test worker] DEBUG o.s.c.a.ClassPathBeanDefinitionScanner - Identified candidate component class: file [F:\spring-framework-5.3.x\spring-framework-5.3.0-M1\integration-tests\build\classes\java\test\org\springframework\context\annotation\scope\ClassPathBeanDefinitionScannerScopeIntegrationTests$SingletonScopedTestBean.class]
03:10:39.523 [Test worker] DEBUG o.s.c.a.ClassPathBeanDefinitionScanner - Identified candidate component class: file [F:\spring-framework-5.3.x\spring-framework-5.3.0-M1\integration-tests\build\classes\java\test\org\springframework\context\annotation\scope\ClassPathBeanDefinitionScannerScopeIntegrationTests$RequestScopedTestBean.class]
03:10:39.523 [Test worker] DEBUG o.s.c.a.ClassPathBeanDefinitionScanner - Identified candidate component class: file [F:\spring-framework-5.3.x\spring-framework-5.3.0-M1\integration-tests\build\classes\java\test\org\springframework\context\annotation\scope\ClassPathBeanDefinitionScannerScopeIntegrationTests$SessionScopedTestBean.class]
03:10:39.523 [Test worker] DEBUG o.s.c.a.ClassPathBeanDefinitionScanner - Identified candidate component class: file [F:\spring-framework-5.3.x\spring-framework-5.3.0-M1\integration-tests\build\classes\java\test\org\springframework\context\annotation\scope\ClassPathBeanDefinitionScannerScopeIntegrationTests$SingletonScopedTestBean.class]
03:10:39.524 [Test worker] DEBUG o.s.w.c.s.GenericWebApplicationContext - Refreshing org.springframework.web.context.support.GenericWebApplicationContext@24c97050
03:10:39.525 [Test worker] DEBUG o.s.u.c.s.UiApplicationContextUtils - Unable to locate ThemeSource with name 'themeSource': using default [org.springframework.ui.context.support.ResourceBundleThemeSource@793fb15d]
03:10:39.526 [Test worker] DEBUG o.s.b.f.s.DefaultListableBeanFactory - Creating shared instance of singleton bean 'request'
03:10:39.527 [Test worker] DEBUG o.s.b.f.s.DefaultListableBeanFactory - Creating shared instance of singleton bean 'session'
03:10:39.527 [Test worker] DEBUG o.s.b.f.s.DefaultListableBeanFactory - Creating shared instance of singleton bean 'singleton'
03:10:39.536 [Test worker] DEBUG o.s.c.a.ClassPathBeanDefinitionScanner - Identified candidate component class: file [F:\spring-framework-5.3.x\spring-framework-5.3.0-M1\integration-tests\build\classes\java\test\org\springframework\context\annotation\scope\ClassPathBeanDefinitionScannerScopeIntegrationTests$RequestScopedTestBean.class]
03:10:39.537 [Test worker] DEBUG o.s.c.a.ClassPathBeanDefinitionScanner - Identified candidate component class: file [F:\spring-framework-5.3.x\spring-framework-5.3.0-M1\integration-tests\build\classes\java\test\org\springframework\context\annotation\scope\ClassPathBeanDefinitionScannerScopeIntegrationTests$SessionScopedTestBean.class]
03:10:39.538 [Test worker] DEBUG o.s.c.a.ClassPathBeanDefinitionScanner - Identified candidate component class: file [F:\spring-framework-5.3.x\spring-framework-5.3.0-M1\integration-tests\build\classes\java\test\org\springframework\context\annotation\scope\ClassPathBeanDefinitionScannerScopeIntegrationTests$SingletonScopedTestBean.class]
03:10:39.541 [Test worker] DEBUG o.s.c.a.ClassPathBeanDefinitionScanner - Identified candidate component class: file [F:\spring-framework-5.3.x\spring-framework-5.3.0-M1\integration-tests\build\classes\java\test\org\springframework\context\annotation\scope\ClassPathBeanDefinitionScannerScopeIntegrationTests$RequestScopedTestBean.class]
03:10:39.541 [Test worker] DEBUG o.s.c.a.ClassPathBeanDefinitionScanner - Identified candidate component class: file [F:\spring-framework-5.3.x\spring-framework-5.3.0-M1\integration-tests\build\classes\java\test\org\springframework\context\annotation\scope\ClassPathBeanDefinitionScannerScopeIntegrationTests$SessionScopedTestBean.class]
03:10:39.541 [Test worker] DEBUG o.s.c.a.ClassPathBeanDefinitionScanner - Identified candidate component class: file [F:\spring-framework-5.3.x\spring-framework-5.3.0-M1\integration-tests\build\classes\java\test\org\springframework\context\annotation\scope\ClassPathBeanDefinitionScannerScopeIntegrationTests$SingletonScopedTestBean.class]
03:10:39.542 [Test worker] DEBUG o.s.w.c.s.GenericWebApplicationContext - Refreshing org.springframework.web.context.support.GenericWebApplicationContext@50b18276
03:10:39.542 [Test worker] DEBUG o.s.u.c.s.UiApplicationContextUtils - Unable to locate ThemeSource with name 'themeSource': using default [org.springframework.ui.context.support.ResourceBundleThemeSource@38100559]
03:10:39.542 [Test worker] DEBUG o.s.b.f.s.DefaultListableBeanFactory - Creating shared instance of singleton bean 'request'
03:10:39.543 [Test worker] DEBUG o.s.b.f.s.DefaultListableBeanFactory - Creating shared instance of singleton bean 'session'
03:10:39.544 [Test worker] DEBUG o.s.b.f.s.DefaultListableBeanFactory - Creating shared instance of singleton bean 'singleton'
03:10:39.550 [Test worker] DEBUG o.s.c.a.ClassPathBeanDefinitionScanner - Identified candidate component class: file [F:\spring-framework-5.3.x\spring-framework-5.3.0-M1\integration-tests\build\classes\java\test\org\springframework\context\annotation\scope\ClassPathBeanDefinitionScannerScopeIntegrationTests$RequestScopedTestBean.class]
03:10:39.552 [Test worker] DEBUG o.s.c.a.ClassPathBeanDefinitionScanner - Identified candidate component class: file [F:\spring-framework-5.3.x\spring-framework-5.3.0-M1\integration-tests\build\classes\java\test\org\springframework\context\annotation\scope\ClassPathBeanDefinitionScannerScopeIntegrationTests$SessionScopedTestBean.class]
03:10:39.553 [Test worker] DEBUG o.s.c.a.ClassPathBeanDefinitionScanner - Identified candidate component class: file [F:\spring-framework-5.3.x\spring-framework-5.3.0-M1\integration-tests\build\classes\java\test\org\springframework\context\annotation\scope\ClassPathBeanDefinitionScannerScopeIntegrationTests$SingletonScopedTestBean.class]
03:10:39.555 [Test worker] DEBUG o.s.c.a.ClassPathBeanDefinitionScanner - Identified candidate component class: file [F:\spring-framework-5.3.x\spring-framework-5.3.0-M1\integration-tests\build\classes\java\test\org\springframework\context\annotation\scope\ClassPathBeanDefinitionScannerScopeIntegrationTests$RequestScopedTestBean.class]
03:10:39.556 [Test worker] DEBUG o.s.c.a.ClassPathBeanDefinitionScanner - Identified candidate component class: file [F:\spring-framework-5.3.x\spring-framework-5.3.0-M1\integration-tests\build\classes\java\test\org\springframework\context\annotation\scope\ClassPathBeanDefinitionScannerScopeIntegrationTests$SessionScopedTestBean.class]
03:10:39.556 [Test worker] DEBUG o.s.c.a.ClassPathBeanDefinitionScanner - Identified candidate component class: file [F:\spring-framework-5.3.x\spring-framework-5.3.0-M1\integration-tests\build\classes\java\test\org\springframework\context\annotation\scope\ClassPathBeanDefinitionScannerScopeIntegrationTests$SingletonScopedTestBean.class]
03:10:39.556 [Test worker] DEBUG o.s.w.c.s.GenericWebApplicationContext - Refreshing org.springframework.web.context.support.GenericWebApplicationContext@2d3ddd63
03:10:39.557 [Test worker] DEBUG o.s.u.c.s.UiApplicationContextUtils - Unable to locate ThemeSource with name 'themeSource': using default [org.springframework.ui.context.support.ResourceBundleThemeSource@f2c7d3]
03:10:39.558 [Test worker] DEBUG o.s.b.f.s.DefaultListableBeanFactory - Creating shared instance of singleton bean 'request'
03:10:39.559 [Test worker] DEBUG o.s.b.f.s.DefaultListableBeanFactory - Creating shared instance of singleton bean 'session'
03:10:39.561 [Test worker] DEBUG o.s.b.f.s.DefaultListableBeanFactory - Creating shared instance of singleton bean 'singleton'
03:10:39.568 [Test worker] DEBUG o.s.c.a.ClassPathBeanDefinitionScanner - Identified candidate component class: file [F:\spring-framework-5.3.x\spring-framework-5.3.0-M1\integration-tests\build\classes\java\test\org\springframework\context\annotation\scope\ClassPathBeanDefinitionScannerScopeIntegrationTests$RequestScopedTestBean.class]
03:10:39.570 [Test worker] DEBUG o.s.c.a.ClassPathBeanDefinitionScanner - Identified candidate component class: file [F:\spring-framework-5.3.x\spring-framework-5.3.0-M1\integration-tests\build\classes\java\test\org\springframework\context\annotation\scope\ClassPathBeanDefinitionScannerScopeIntegrationTests$SessionScopedTestBean.class]
03:10:39.571 [Test worker] DEBUG o.s.c.a.ClassPathBeanDefinitionScanner - Identified candidate component class: file [F:\spring-framework-5.3.x\spring-framework-5.3.0-M1\integration-tests\build\classes\java\test\org\springframework\context\annotation\scope\ClassPathBeanDefinitionScannerScopeIntegrationTests$SingletonScopedTestBean.class]
03:10:39.573 [Test worker] DEBUG o.s.c.a.ClassPathBeanDefinitionScanner - Identified candidate component class: file [F:\spring-framework-5.3.x\spring-framework-5.3.0-M1\integration-tests\build\classes\java\test\org\springframework\context\annotation\scope\ClassPathBeanDefinitionScannerScopeIntegrationTests$RequestScopedTestBean.class]
03:10:39.576 [Test worker] DEBUG o.s.c.a.ClassPathBeanDefinitionScanner - Identified candidate component class: file [F:\spring-framework-5.3.x\spring-framework-5.3.0-M1\integration-tests\build\classes\java\test\org\springframework\context\annotation\scope\ClassPathBeanDefinitionScannerScopeIntegrationTests$SessionScopedTestBean.class]
03:10:39.576 [Test worker] DEBUG o.s.c.a.ClassPathBeanDefinitionScanner - Identified candidate component class: file [F:\spring-framework-5.3.x\spring-framework-5.3.0-M1\integration-tests\build\classes\java\test\org\springframework\context\annotation\scope\ClassPathBeanDefinitionScannerScopeIntegrationTests$SingletonScopedTestBean.class]
03:10:39.576 [Test worker] DEBUG o.s.w.c.s.GenericWebApplicationContext - Refreshing org.springframework.web.context.support.GenericWebApplicationContext@8a506c6
03:10:39.577 [Test worker] DEBUG o.s.u.c.s.UiApplicationContextUtils - Unable to locate ThemeSource with name 'themeSource': using default [org.springframework.ui.context.support.ResourceBundleThemeSource@73351d1d]
03:10:39.577 [Test worker] DEBUG o.s.b.f.s.DefaultListableBeanFactory - Creating shared instance of singleton bean 'request'
03:10:39.578 [Test worker] DEBUG o.s.b.f.s.DefaultListableBeanFactory - Creating shared instance of singleton bean 'session'
03:10:39.580 [Test worker] DEBUG o.s.b.f.s.DefaultListableBeanFactory - Creating shared instance of singleton bean 'singleton'
]]></system-out>
  <system-err><![CDATA[]]></system-err>
</testsuite>
