<?xml version="1.0" encoding="UTF-8"?>
<testsuite name="org.springframework.transaction.annotation.EnableTransactionManagementIntegrationTests" tests="9" skipped="0" failures="0" errors="0" timestamp="2023-03-06T08:10:40" hostname="DESKTOP-VGJP1PJ" time="1.778">
  <properties/>
  <testcase name="repositoryIsTxProxy_withCustomTxManagerName()" classname="org.springframework.transaction.annotation.EnableTransactionManagementIntegrationTests" time="1.472"/>
  <testcase name="explicitTxManager()" classname="org.springframework.transaction.annotation.EnableTransactionManagementIntegrationTests" time="0.043"/>
  <testcase name="apcEscalation()" classname="org.springframework.transaction.annotation.EnableTransactionManagementIntegrationTests" time="0.077"/>
  <testcase name="repositoryIsTxProxy_withNonConventionalTxManagerName_fallsBackToByTypeLookup()" classname="org.springframework.transaction.annotation.EnableTransactionManagementIntegrationTests" time="0.04"/>
  <testcase name="repositoryIsTxProxy_withDefaultTxManagerName()" classname="org.springframework.transaction.annotation.EnableTransactionManagementIntegrationTests" time="0.06"/>
  <testcase name="implicitTxManager()" classname="org.springframework.transaction.annotation.EnableTransactionManagementIntegrationTests" time="0.031"/>
  <testcase name="repositoryUsesAspectJAdviceMode()" classname="org.springframework.transaction.annotation.EnableTransactionManagementIntegrationTests" time="0.005"/>
  <testcase name="repositoryIsNotTxProxy()" classname="org.springframework.transaction.annotation.EnableTransactionManagementIntegrationTests" time="0.01"/>
  <testcase name="repositoryIsClassBasedTxProxy()" classname="org.springframework.transaction.annotation.EnableTransactionManagementIntegrationTests" time="0.033"/>
  <system-out><![CDATA[03:10:40.269 [Test worker] DEBUG o.s.c.a.AnnotationConfigApplicationContext - Refreshing org.springframework.context.annotation.AnnotationConfigApplicationContext@7ea5e939
03:10:40.270 [Test worker] DEBUG o.s.b.f.s.DefaultListableBeanFactory - Creating shared instance of singleton bean 'org.springframework.context.annotation.internalConfigurationAnnotationProcessor'
03:10:40.283 [Test worker] DEBUG o.s.b.f.s.DefaultListableBeanFactory - Creating shared instance of singleton bean 'org.springframework.context.event.internalEventListenerProcessor'
03:10:40.283 [Test worker] DEBUG o.s.b.f.s.DefaultListableBeanFactory - Creating shared instance of singleton bean 'org.springframework.context.event.internalEventListenerFactory'
03:10:40.284 [Test worker] DEBUG o.s.b.f.s.DefaultListableBeanFactory - Creating shared instance of singleton bean 'org.springframework.transaction.config.internalTransactionalEventListenerFactory'
03:10:40.284 [Test worker] DEBUG o.s.b.f.s.DefaultListableBeanFactory - Creating shared instance of singleton bean 'org.springframework.context.annotation.internalAutowiredAnnotationProcessor'
03:10:40.285 [Test worker] DEBUG o.s.b.f.s.DefaultListableBeanFactory - Creating shared instance of singleton bean 'org.springframework.context.annotation.internalCommonAnnotationProcessor'
03:10:40.285 [Test worker] DEBUG o.s.b.f.s.DefaultListableBeanFactory - Creating shared instance of singleton bean 'org.springframework.context.annotation.internalPersistenceAnnotationProcessor'
03:10:40.286 [Test worker] DEBUG o.s.b.f.s.DefaultListableBeanFactory - Creating shared instance of singleton bean 'org.springframework.aop.config.internalAutoProxyCreator'
03:10:40.287 [Test worker] DEBUG o.s.b.f.s.DefaultListableBeanFactory - Creating shared instance of singleton bean 'enableTransactionManagementIntegrationTests.Config'
03:10:40.291 [Test worker] DEBUG o.s.b.f.s.DefaultListableBeanFactory - Creating shared instance of singleton bean 'org.springframework.transaction.config.internalTransactionAdvisor'
03:10:40.291 [Test worker] DEBUG o.s.b.f.s.DefaultListableBeanFactory - Creating shared instance of singleton bean 'org.springframework.transaction.annotation.ProxyTransactionManagementConfiguration'
03:10:40.297 [Test worker] DEBUG o.s.b.f.s.DefaultListableBeanFactory - Creating shared instance of singleton bean 'transactionAttributeSource'
03:10:40.303 [Test worker] DEBUG o.s.b.f.s.DefaultListableBeanFactory - Creating shared instance of singleton bean 'transactionInterceptor'
03:10:40.304 [Test worker] DEBUG o.s.b.f.s.DefaultListableBeanFactory - Autowiring by type from bean name 'transactionInterceptor' via factory method to bean named 'transactionAttributeSource'
03:10:40.383 [Test worker] DEBUG o.s.b.f.s.DefaultListableBeanFactory - Autowiring by type from bean name 'org.springframework.transaction.config.internalTransactionAdvisor' via factory method to bean named 'transactionAttributeSource'
03:10:40.383 [Test worker] DEBUG o.s.b.f.s.DefaultListableBeanFactory - Autowiring by type from bean name 'org.springframework.transaction.config.internalTransactionAdvisor' via factory method to bean named 'transactionInterceptor'
03:10:40.387 [Test worker] DEBUG o.s.b.f.s.DefaultListableBeanFactory - Creating shared instance of singleton bean 'enableTransactionManagementIntegrationTests.CustomTxManagerNameConfig'
03:10:40.392 [Test worker] DEBUG o.s.b.f.s.DefaultListableBeanFactory - Creating shared instance of singleton bean 'fooRepository'
03:10:40.396 [Test worker] DEBUG o.s.b.f.s.DefaultListableBeanFactory - Creating shared instance of singleton bean 'dataSource'
03:10:40.708 [Test worker] INFO  o.s.j.d.e.EmbeddedDatabaseFactory - Starting embedded database: url='jdbc:hsqldb:mem:testdb', username='sa'
03:10:40.728 [Test worker] DEBUG o.s.j.d.DataSourceUtils - Fetching JDBC Connection from DataSource
03:10:40.728 [Test worker] DEBUG o.s.j.d.SimpleDriverDataSource - Creating new JDBC Driver Connection to [jdbc:hsqldb:mem:testdb]
03:10:41.699 [Test worker] DEBUG o.s.b.f.s.DefaultListableBeanFactory - Creating shared instance of singleton bean 'txManager'
03:10:41.700 [Test worker] DEBUG o.s.b.f.s.DefaultListableBeanFactory - Autowiring by type from bean name 'txManager' via factory method to bean named 'dataSource'
03:10:41.733 [Test worker] DEBUG o.s.j.d.DataSourceTransactionManager - Creating new transaction with name [org.springframework.transaction.annotation.EnableTransactionManagementIntegrationTests$JdbcFooRepository.findAll]: PROPAGATION_REQUIRED,ISOLATION_DEFAULT
03:10:41.734 [Test worker] DEBUG o.s.j.d.SimpleDriverDataSource - Creating new JDBC Driver Connection to [jdbc:hsqldb:mem:testdb]
03:10:41.734 [Test worker] DEBUG o.s.j.d.DataSourceTransactionManager - Acquired Connection [org.hsqldb.jdbc.JDBCConnection@5adfdcc2] for JDBC transaction
03:10:41.736 [Test worker] DEBUG o.s.j.d.DataSourceTransactionManager - Switching JDBC Connection [org.hsqldb.jdbc.JDBCConnection@5adfdcc2] to manual commit
03:10:41.736 [Test worker] DEBUG o.s.j.d.DataSourceTransactionManager - Initiating transaction commit
03:10:41.736 [Test worker] DEBUG o.s.j.d.DataSourceTransactionManager - Committing JDBC transaction on Connection [org.hsqldb.jdbc.JDBCConnection@5adfdcc2]
03:10:41.736 [Test worker] DEBUG o.s.j.d.DataSourceTransactionManager - Releasing JDBC Connection [org.hsqldb.jdbc.JDBCConnection@5adfdcc2] after transaction
03:10:41.738 [Test worker] DEBUG o.s.c.a.AnnotationConfigApplicationContext - Refreshing org.springframework.context.annotation.AnnotationConfigApplicationContext@3b2fd44f
03:10:41.738 [Test worker] DEBUG o.s.b.f.s.DefaultListableBeanFactory - Creating shared instance of singleton bean 'org.springframework.context.annotation.internalConfigurationAnnotationProcessor'
03:10:41.745 [Test worker] DEBUG o.s.b.f.s.DefaultListableBeanFactory - Creating shared instance of singleton bean 'org.springframework.context.event.internalEventListenerProcessor'
03:10:41.745 [Test worker] DEBUG o.s.b.f.s.DefaultListableBeanFactory - Creating shared instance of singleton bean 'org.springframework.context.event.internalEventListenerFactory'
03:10:41.745 [Test worker] DEBUG o.s.b.f.s.DefaultListableBeanFactory - Creating shared instance of singleton bean 'org.springframework.transaction.config.internalTransactionalEventListenerFactory'
03:10:41.746 [Test worker] DEBUG o.s.b.f.s.DefaultListableBeanFactory - Creating shared instance of singleton bean 'org.springframework.context.annotation.internalAutowiredAnnotationProcessor'
03:10:41.746 [Test worker] DEBUG o.s.b.f.s.DefaultListableBeanFactory - Creating shared instance of singleton bean 'org.springframework.context.annotation.internalCommonAnnotationProcessor'
03:10:41.746 [Test worker] DEBUG o.s.b.f.s.DefaultListableBeanFactory - Creating shared instance of singleton bean 'org.springframework.context.annotation.internalPersistenceAnnotationProcessor'
03:10:41.746 [Test worker] DEBUG o.s.b.f.s.DefaultListableBeanFactory - Creating shared instance of singleton bean 'org.springframework.aop.config.internalAutoProxyCreator'
03:10:41.747 [Test worker] DEBUG o.s.b.f.s.DefaultListableBeanFactory - Creating shared instance of singleton bean 'enableTransactionManagementIntegrationTests.ExplicitTxManagerConfig'
03:10:41.757 [Test worker] DEBUG o.s.b.f.s.DefaultListableBeanFactory - Creating shared instance of singleton bean 'org.springframework.transaction.config.internalTransactionAdvisor'
03:10:41.758 [Test worker] DEBUG o.s.b.f.s.DefaultListableBeanFactory - Creating shared instance of singleton bean 'org.springframework.transaction.annotation.ProxyTransactionManagementConfiguration'
03:10:41.760 [Test worker] DEBUG o.s.b.f.s.DefaultListableBeanFactory - Creating shared instance of singleton bean 'txManager1'
03:10:41.767 [Test worker] DEBUG o.s.b.f.s.DefaultListableBeanFactory - Creating shared instance of singleton bean 'transactionAttributeSource'
03:10:41.769 [Test worker] DEBUG o.s.b.f.s.DefaultListableBeanFactory - Creating shared instance of singleton bean 'transactionInterceptor'
03:10:41.769 [Test worker] DEBUG o.s.b.f.s.DefaultListableBeanFactory - Autowiring by type from bean name 'transactionInterceptor' via factory method to bean named 'transactionAttributeSource'
03:10:41.771 [Test worker] DEBUG o.s.b.f.s.DefaultListableBeanFactory - Autowiring by type from bean name 'org.springframework.transaction.config.internalTransactionAdvisor' via factory method to bean named 'transactionAttributeSource'
03:10:41.771 [Test worker] DEBUG o.s.b.f.s.DefaultListableBeanFactory - Autowiring by type from bean name 'org.springframework.transaction.config.internalTransactionAdvisor' via factory method to bean named 'transactionInterceptor'
03:10:41.773 [Test worker] DEBUG o.s.b.f.s.DefaultListableBeanFactory - Creating shared instance of singleton bean 'txManager2'
03:10:41.774 [Test worker] DEBUG o.s.b.f.s.DefaultListableBeanFactory - Creating shared instance of singleton bean 'fooRepository'
03:10:41.779 [Test worker] DEBUG o.s.t.t.CallCountingTransactionManager - Creating new transaction with name [org.springframework.transaction.annotation.EnableTransactionManagementIntegrationTests$DummyFooRepository.findAll]: PROPAGATION_REQUIRED,ISOLATION_DEFAULT
03:10:41.779 [Test worker] DEBUG o.s.t.t.CallCountingTransactionManager - Initiating transaction commit
03:10:41.785 [Test worker] DEBUG o.s.c.a.AnnotationConfigApplicationContext - Refreshing org.springframework.context.annotation.AnnotationConfigApplicationContext@2de8cddb
03:10:41.785 [Test worker] DEBUG o.s.b.f.s.DefaultListableBeanFactory - Creating shared instance of singleton bean 'org.springframework.context.annotation.internalConfigurationAnnotationProcessor'
03:10:41.815 [Test worker] DEBUG o.s.b.f.x.XmlBeanDefinitionReader - Loaded 4 bean definitions from class path resource [org/springframework/transaction/annotation/enable-caching.xml]
03:10:41.819 [Test worker] DEBUG o.s.b.f.s.DefaultListableBeanFactory - Creating shared instance of singleton bean 'org.springframework.context.event.internalEventListenerProcessor'
03:10:41.819 [Test worker] DEBUG o.s.b.f.s.DefaultListableBeanFactory - Creating shared instance of singleton bean 'org.springframework.context.event.internalEventListenerFactory'
03:10:41.819 [Test worker] DEBUG o.s.b.f.s.DefaultListableBeanFactory - Creating shared instance of singleton bean 'org.springframework.transaction.config.internalTransactionalEventListenerFactory'
03:10:41.821 [Test worker] DEBUG o.s.b.f.s.DefaultListableBeanFactory - Creating shared instance of singleton bean 'org.springframework.context.annotation.internalAutowiredAnnotationProcessor'
03:10:41.822 [Test worker] DEBUG o.s.b.f.s.DefaultListableBeanFactory - Creating shared instance of singleton bean 'org.springframework.context.annotation.internalCommonAnnotationProcessor'
03:10:41.822 [Test worker] DEBUG o.s.b.f.s.DefaultListableBeanFactory - Creating shared instance of singleton bean 'org.springframework.context.annotation.internalPersistenceAnnotationProcessor'
03:10:41.823 [Test worker] DEBUG o.s.b.f.s.DefaultListableBeanFactory - Creating shared instance of singleton bean 'org.springframework.aop.config.internalAutoProxyCreator'
03:10:41.825 [Test worker] DEBUG o.s.b.f.s.DefaultListableBeanFactory - Creating shared instance of singleton bean 'enableTransactionManagementIntegrationTests.EnableTxAndCachingConfig'
03:10:41.828 [Test worker] DEBUG o.s.b.f.s.DefaultListableBeanFactory - Creating shared instance of singleton bean 'org.springframework.transaction.config.internalTransactionAdvisor'
03:10:41.828 [Test worker] DEBUG o.s.b.f.s.DefaultListableBeanFactory - Creating shared instance of singleton bean 'org.springframework.transaction.annotation.ProxyTransactionManagementConfiguration'
03:10:41.829 [Test worker] DEBUG o.s.b.f.s.DefaultListableBeanFactory - Creating shared instance of singleton bean 'org.springframework.cache.config.internalCacheAdvisor'
03:10:41.830 [Test worker] DEBUG o.s.b.f.s.DefaultListableBeanFactory - Creating shared instance of singleton bean 'org.springframework.cache.annotation.AnnotationCacheOperationSource#0'
03:10:41.833 [Test worker] DEBUG o.s.b.f.s.DefaultListableBeanFactory - Creating shared instance of singleton bean 'transactionAttributeSource'
03:10:41.837 [Test worker] DEBUG o.s.b.f.s.DefaultListableBeanFactory - Creating shared instance of singleton bean 'transactionInterceptor'
03:10:41.837 [Test worker] DEBUG o.s.b.f.s.DefaultListableBeanFactory - Autowiring by type from bean name 'transactionInterceptor' via factory method to bean named 'transactionAttributeSource'
03:10:41.838 [Test worker] DEBUG o.s.b.f.s.DefaultListableBeanFactory - Autowiring by type from bean name 'org.springframework.transaction.config.internalTransactionAdvisor' via factory method to bean named 'transactionAttributeSource'
03:10:41.839 [Test worker] DEBUG o.s.b.f.s.DefaultListableBeanFactory - Autowiring by type from bean name 'org.springframework.transaction.config.internalTransactionAdvisor' via factory method to bean named 'transactionInterceptor'
03:10:41.842 [Test worker] DEBUG o.s.b.f.s.DefaultListableBeanFactory - Creating shared instance of singleton bean 'txManager'
03:10:41.846 [Test worker] DEBUG o.s.b.f.s.DefaultListableBeanFactory - Creating shared instance of singleton bean 'fooRepository'
03:10:41.849 [Test worker] DEBUG o.s.b.f.s.DefaultListableBeanFactory - Creating shared instance of singleton bean 'cacheManager'
03:10:41.856 [Test worker] DEBUG o.s.b.f.s.DefaultListableBeanFactory - Creating shared instance of singleton bean 'org.springframework.cache.interceptor.CacheInterceptor#0'
03:10:41.861 [Test worker] DEBUG o.s.c.a.AnnotationConfigApplicationContext - Refreshing org.springframework.context.annotation.AnnotationConfigApplicationContext@5ce3c496
03:10:41.862 [Test worker] DEBUG o.s.b.f.s.DefaultListableBeanFactory - Creating shared instance of singleton bean 'org.springframework.context.annotation.internalConfigurationAnnotationProcessor'
03:10:41.875 [Test worker] DEBUG o.s.b.f.s.DefaultListableBeanFactory - Creating shared instance of singleton bean 'org.springframework.context.event.internalEventListenerProcessor'
03:10:41.875 [Test worker] DEBUG o.s.b.f.s.DefaultListableBeanFactory - Creating shared instance of singleton bean 'org.springframework.context.event.internalEventListenerFactory'
03:10:41.875 [Test worker] DEBUG o.s.b.f.s.DefaultListableBeanFactory - Creating shared instance of singleton bean 'org.springframework.transaction.config.internalTransactionalEventListenerFactory'
03:10:41.876 [Test worker] DEBUG o.s.b.f.s.DefaultListableBeanFactory - Creating shared instance of singleton bean 'org.springframework.context.annotation.internalAutowiredAnnotationProcessor'
03:10:41.876 [Test worker] DEBUG o.s.b.f.s.DefaultListableBeanFactory - Creating shared instance of singleton bean 'org.springframework.context.annotation.internalCommonAnnotationProcessor'
03:10:41.876 [Test worker] DEBUG o.s.b.f.s.DefaultListableBeanFactory - Creating shared instance of singleton bean 'org.springframework.context.annotation.internalPersistenceAnnotationProcessor'
03:10:41.876 [Test worker] DEBUG o.s.b.f.s.DefaultListableBeanFactory - Creating shared instance of singleton bean 'org.springframework.aop.config.internalAutoProxyCreator'
03:10:41.877 [Test worker] DEBUG o.s.b.f.s.DefaultListableBeanFactory - Creating shared instance of singleton bean 'enableTransactionManagementIntegrationTests.Config'
03:10:41.878 [Test worker] DEBUG o.s.b.f.s.DefaultListableBeanFactory - Creating shared instance of singleton bean 'org.springframework.transaction.config.internalTransactionAdvisor'
03:10:41.879 [Test worker] DEBUG o.s.b.f.s.DefaultListableBeanFactory - Creating shared instance of singleton bean 'org.springframework.transaction.annotation.ProxyTransactionManagementConfiguration'
03:10:41.882 [Test worker] DEBUG o.s.b.f.s.DefaultListableBeanFactory - Creating shared instance of singleton bean 'transactionAttributeSource'
03:10:41.883 [Test worker] DEBUG o.s.b.f.s.DefaultListableBeanFactory - Creating shared instance of singleton bean 'transactionInterceptor'
03:10:41.883 [Test worker] DEBUG o.s.b.f.s.DefaultListableBeanFactory - Autowiring by type from bean name 'transactionInterceptor' via factory method to bean named 'transactionAttributeSource'
03:10:41.884 [Test worker] DEBUG o.s.b.f.s.DefaultListableBeanFactory - Autowiring by type from bean name 'org.springframework.transaction.config.internalTransactionAdvisor' via factory method to bean named 'transactionAttributeSource'
03:10:41.884 [Test worker] DEBUG o.s.b.f.s.DefaultListableBeanFactory - Autowiring by type from bean name 'org.springframework.transaction.config.internalTransactionAdvisor' via factory method to bean named 'transactionInterceptor'
03:10:41.885 [Test worker] DEBUG o.s.b.f.s.DefaultListableBeanFactory - Creating shared instance of singleton bean 'enableTransactionManagementIntegrationTests.NonConventionalTxManagerNameConfig'
03:10:41.889 [Test worker] DEBUG o.s.b.f.s.DefaultListableBeanFactory - Creating shared instance of singleton bean 'fooRepository'
03:10:41.889 [Test worker] DEBUG o.s.b.f.s.DefaultListableBeanFactory - Creating shared instance of singleton bean 'dataSource'
03:10:41.890 [Test worker] INFO  o.s.j.d.e.EmbeddedDatabaseFactory - Starting embedded database: url='jdbc:hsqldb:mem:testdb', username='sa'
03:10:41.890 [Test worker] DEBUG o.s.j.d.DataSourceUtils - Fetching JDBC Connection from DataSource
03:10:41.890 [Test worker] DEBUG o.s.j.d.SimpleDriverDataSource - Creating new JDBC Driver Connection to [jdbc:hsqldb:mem:testdb]
03:10:41.892 [Test worker] DEBUG o.s.b.f.s.DefaultListableBeanFactory - Creating shared instance of singleton bean 'txManager'
03:10:41.892 [Test worker] DEBUG o.s.b.f.s.DefaultListableBeanFactory - Autowiring by type from bean name 'txManager' via factory method to bean named 'dataSource'
03:10:41.896 [Test worker] DEBUG o.s.j.d.DataSourceTransactionManager - Creating new transaction with name [org.springframework.transaction.annotation.EnableTransactionManagementIntegrationTests$JdbcFooRepository.findAll]: PROPAGATION_REQUIRED,ISOLATION_DEFAULT
03:10:41.897 [Test worker] DEBUG o.s.j.d.SimpleDriverDataSource - Creating new JDBC Driver Connection to [jdbc:hsqldb:mem:testdb]
03:10:41.897 [Test worker] DEBUG o.s.j.d.DataSourceTransactionManager - Acquired Connection [org.hsqldb.jdbc.JDBCConnection@4779f398] for JDBC transaction
03:10:41.898 [Test worker] DEBUG o.s.j.d.DataSourceTransactionManager - Switching JDBC Connection [org.hsqldb.jdbc.JDBCConnection@4779f398] to manual commit
03:10:41.898 [Test worker] DEBUG o.s.j.d.DataSourceTransactionManager - Initiating transaction commit
03:10:41.898 [Test worker] DEBUG o.s.j.d.DataSourceTransactionManager - Committing JDBC transaction on Connection [org.hsqldb.jdbc.JDBCConnection@4779f398]
03:10:41.898 [Test worker] DEBUG o.s.j.d.DataSourceTransactionManager - Releasing JDBC Connection [org.hsqldb.jdbc.JDBCConnection@4779f398] after transaction
03:10:41.904 [Test worker] DEBUG o.s.c.a.AnnotationConfigApplicationContext - Refreshing org.springframework.context.annotation.AnnotationConfigApplicationContext@7e621789
03:10:41.905 [Test worker] DEBUG o.s.b.f.s.DefaultListableBeanFactory - Creating shared instance of singleton bean 'org.springframework.context.annotation.internalConfigurationAnnotationProcessor'
03:10:41.927 [Test worker] DEBUG o.s.b.f.s.DefaultListableBeanFactory - Creating shared instance of singleton bean 'org.springframework.context.event.internalEventListenerProcessor'
03:10:41.928 [Test worker] DEBUG o.s.b.f.s.DefaultListableBeanFactory - Creating shared instance of singleton bean 'org.springframework.context.event.internalEventListenerFactory'
03:10:41.928 [Test worker] DEBUG o.s.b.f.s.DefaultListableBeanFactory - Creating shared instance of singleton bean 'org.springframework.transaction.config.internalTransactionalEventListenerFactory'
03:10:41.929 [Test worker] DEBUG o.s.b.f.s.DefaultListableBeanFactory - Creating shared instance of singleton bean 'org.springframework.context.annotation.internalAutowiredAnnotationProcessor'
03:10:41.929 [Test worker] DEBUG o.s.b.f.s.DefaultListableBeanFactory - Creating shared instance of singleton bean 'org.springframework.context.annotation.internalCommonAnnotationProcessor'
03:10:41.929 [Test worker] DEBUG o.s.b.f.s.DefaultListableBeanFactory - Creating shared instance of singleton bean 'org.springframework.context.annotation.internalPersistenceAnnotationProcessor'
03:10:41.930 [Test worker] DEBUG o.s.b.f.s.DefaultListableBeanFactory - Creating shared instance of singleton bean 'org.springframework.aop.config.internalAutoProxyCreator'
03:10:41.931 [Test worker] DEBUG o.s.b.f.s.DefaultListableBeanFactory - Creating shared instance of singleton bean 'enableTransactionManagementIntegrationTests.Config'
03:10:41.932 [Test worker] DEBUG o.s.b.f.s.DefaultListableBeanFactory - Creating shared instance of singleton bean 'org.springframework.transaction.config.internalTransactionAdvisor'
03:10:41.932 [Test worker] DEBUG o.s.b.f.s.DefaultListableBeanFactory - Creating shared instance of singleton bean 'org.springframework.transaction.annotation.ProxyTransactionManagementConfiguration'
03:10:41.936 [Test worker] DEBUG o.s.b.f.s.DefaultListableBeanFactory - Creating shared instance of singleton bean 'transactionAttributeSource'
03:10:41.936 [Test worker] DEBUG o.s.b.f.s.DefaultListableBeanFactory - Creating shared instance of singleton bean 'transactionInterceptor'
03:10:41.937 [Test worker] DEBUG o.s.b.f.s.DefaultListableBeanFactory - Autowiring by type from bean name 'transactionInterceptor' via factory method to bean named 'transactionAttributeSource'
03:10:41.938 [Test worker] DEBUG o.s.b.f.s.DefaultListableBeanFactory - Autowiring by type from bean name 'org.springframework.transaction.config.internalTransactionAdvisor' via factory method to bean named 'transactionAttributeSource'
03:10:41.938 [Test worker] DEBUG o.s.b.f.s.DefaultListableBeanFactory - Autowiring by type from bean name 'org.springframework.transaction.config.internalTransactionAdvisor' via factory method to bean named 'transactionInterceptor'
03:10:41.939 [Test worker] DEBUG o.s.b.f.s.DefaultListableBeanFactory - Creating shared instance of singleton bean 'enableTransactionManagementIntegrationTests.DefaultTxManagerNameConfig'
03:10:41.944 [Test worker] DEBUG o.s.b.f.s.DefaultListableBeanFactory - Creating shared instance of singleton bean 'fooRepository'
03:10:41.944 [Test worker] DEBUG o.s.b.f.s.DefaultListableBeanFactory - Creating shared instance of singleton bean 'dataSource'
03:10:41.945 [Test worker] INFO  o.s.j.d.e.EmbeddedDatabaseFactory - Starting embedded database: url='jdbc:hsqldb:mem:testdb', username='sa'
03:10:41.945 [Test worker] DEBUG o.s.j.d.DataSourceUtils - Fetching JDBC Connection from DataSource
03:10:41.946 [Test worker] DEBUG o.s.j.d.SimpleDriverDataSource - Creating new JDBC Driver Connection to [jdbc:hsqldb:mem:testdb]
03:10:41.953 [Test worker] DEBUG o.s.b.f.s.DefaultListableBeanFactory - Creating shared instance of singleton bean 'transactionManager'
03:10:41.954 [Test worker] DEBUG o.s.b.f.s.DefaultListableBeanFactory - Autowiring by type from bean name 'transactionManager' via factory method to bean named 'dataSource'
03:10:41.959 [Test worker] DEBUG o.s.j.d.DataSourceTransactionManager - Creating new transaction with name [org.springframework.transaction.annotation.EnableTransactionManagementIntegrationTests$JdbcFooRepository.findAll]: PROPAGATION_REQUIRED,ISOLATION_DEFAULT
03:10:41.959 [Test worker] DEBUG o.s.j.d.SimpleDriverDataSource - Creating new JDBC Driver Connection to [jdbc:hsqldb:mem:testdb]
03:10:41.960 [Test worker] DEBUG o.s.j.d.DataSourceTransactionManager - Acquired Connection [org.hsqldb.jdbc.JDBCConnection@1ab22f9a] for JDBC transaction
03:10:41.960 [Test worker] DEBUG o.s.j.d.DataSourceTransactionManager - Switching JDBC Connection [org.hsqldb.jdbc.JDBCConnection@1ab22f9a] to manual commit
03:10:41.960 [Test worker] DEBUG o.s.j.d.DataSourceTransactionManager - Initiating transaction commit
03:10:41.960 [Test worker] DEBUG o.s.j.d.DataSourceTransactionManager - Committing JDBC transaction on Connection [org.hsqldb.jdbc.JDBCConnection@1ab22f9a]
03:10:41.960 [Test worker] DEBUG o.s.j.d.DataSourceTransactionManager - Releasing JDBC Connection [org.hsqldb.jdbc.JDBCConnection@1ab22f9a] after transaction
03:10:41.963 [Test worker] DEBUG o.s.c.a.AnnotationConfigApplicationContext - Refreshing org.springframework.context.annotation.AnnotationConfigApplicationContext@565a671f
03:10:41.964 [Test worker] DEBUG o.s.b.f.s.DefaultListableBeanFactory - Creating shared instance of singleton bean 'org.springframework.context.annotation.internalConfigurationAnnotationProcessor'
03:10:41.973 [Test worker] DEBUG o.s.b.f.s.DefaultListableBeanFactory - Creating shared instance of singleton bean 'org.springframework.context.event.internalEventListenerProcessor'
03:10:41.974 [Test worker] DEBUG o.s.b.f.s.DefaultListableBeanFactory - Creating shared instance of singleton bean 'org.springframework.context.event.internalEventListenerFactory'
03:10:41.974 [Test worker] DEBUG o.s.b.f.s.DefaultListableBeanFactory - Creating shared instance of singleton bean 'org.springframework.transaction.config.internalTransactionalEventListenerFactory'
03:10:41.975 [Test worker] DEBUG o.s.b.f.s.DefaultListableBeanFactory - Creating shared instance of singleton bean 'org.springframework.context.annotation.internalAutowiredAnnotationProcessor'
03:10:41.975 [Test worker] DEBUG o.s.b.f.s.DefaultListableBeanFactory - Creating shared instance of singleton bean 'org.springframework.context.annotation.internalCommonAnnotationProcessor'
03:10:41.976 [Test worker] DEBUG o.s.b.f.s.DefaultListableBeanFactory - Creating shared instance of singleton bean 'org.springframework.context.annotation.internalPersistenceAnnotationProcessor'
03:10:41.976 [Test worker] DEBUG o.s.b.f.s.DefaultListableBeanFactory - Creating shared instance of singleton bean 'org.springframework.aop.config.internalAutoProxyCreator'
03:10:41.978 [Test worker] DEBUG o.s.b.f.s.DefaultListableBeanFactory - Creating shared instance of singleton bean 'enableTransactionManagementIntegrationTests.ImplicitTxManagerConfig'
03:10:41.982 [Test worker] DEBUG o.s.b.f.s.DefaultListableBeanFactory - Creating shared instance of singleton bean 'org.springframework.transaction.config.internalTransactionAdvisor'
03:10:41.982 [Test worker] DEBUG o.s.b.f.s.DefaultListableBeanFactory - Creating shared instance of singleton bean 'org.springframework.transaction.annotation.ProxyTransactionManagementConfiguration'
03:10:41.984 [Test worker] DEBUG o.s.b.f.s.DefaultListableBeanFactory - Creating shared instance of singleton bean 'transactionAttributeSource'
03:10:41.985 [Test worker] DEBUG o.s.b.f.s.DefaultListableBeanFactory - Creating shared instance of singleton bean 'transactionInterceptor'
03:10:41.985 [Test worker] DEBUG o.s.b.f.s.DefaultListableBeanFactory - Autowiring by type from bean name 'transactionInterceptor' via factory method to bean named 'transactionAttributeSource'
03:10:41.986 [Test worker] DEBUG o.s.b.f.s.DefaultListableBeanFactory - Autowiring by type from bean name 'org.springframework.transaction.config.internalTransactionAdvisor' via factory method to bean named 'transactionAttributeSource'
03:10:41.986 [Test worker] DEBUG o.s.b.f.s.DefaultListableBeanFactory - Autowiring by type from bean name 'org.springframework.transaction.config.internalTransactionAdvisor' via factory method to bean named 'transactionInterceptor'
03:10:41.987 [Test worker] DEBUG o.s.b.f.s.DefaultListableBeanFactory - Creating shared instance of singleton bean 'txManager'
03:10:41.990 [Test worker] DEBUG o.s.b.f.s.DefaultListableBeanFactory - Creating shared instance of singleton bean 'fooRepository'
03:10:41.992 [Test worker] DEBUG o.s.t.t.CallCountingTransactionManager - Creating new transaction with name [org.springframework.transaction.annotation.EnableTransactionManagementIntegrationTests$DummyFooRepository.findAll]: PROPAGATION_REQUIRED,ISOLATION_DEFAULT
03:10:41.992 [Test worker] DEBUG o.s.t.t.CallCountingTransactionManager - Initiating transaction commit
03:10:41.996 [Test worker] DEBUG o.s.c.a.AnnotationConfigApplicationContext - Refreshing org.springframework.context.annotation.AnnotationConfigApplicationContext@515521fb
03:10:41.996 [Test worker] DEBUG o.s.b.f.s.DefaultListableBeanFactory - Creating shared instance of singleton bean 'org.springframework.context.annotation.internalConfigurationAnnotationProcessor'
03:10:41.998 [Test worker] WARN  o.s.c.a.AnnotationConfigApplicationContext - Exception encountered during context initialization - cancelling refresh attempt: org.springframework.beans.factory.BeanDefinitionStoreException: Failed to process import candidates for configuration class [org.springframework.transaction.annotation.EnableTransactionManagementIntegrationTests$AspectJTxConfig]; nested exception is java.io.FileNotFoundException: class path resource [org/springframework/transaction/aspectj/AspectJJtaTransactionManagementConfiguration.class] cannot be opened because it does not exist
03:10:42.002 [Test worker] DEBUG o.s.c.a.AnnotationConfigApplicationContext - Refreshing org.springframework.context.annotation.AnnotationConfigApplicationContext@67eceea5
03:10:42.002 [Test worker] DEBUG o.s.b.f.s.DefaultListableBeanFactory - Creating shared instance of singleton bean 'org.springframework.context.annotation.internalConfigurationAnnotationProcessor'
03:10:42.005 [Test worker] DEBUG o.s.b.f.s.DefaultListableBeanFactory - Creating shared instance of singleton bean 'org.springframework.context.event.internalEventListenerProcessor'
03:10:42.005 [Test worker] DEBUG o.s.b.f.s.DefaultListableBeanFactory - Creating shared instance of singleton bean 'org.springframework.context.event.internalEventListenerFactory'
03:10:42.005 [Test worker] DEBUG o.s.b.f.s.DefaultListableBeanFactory - Creating shared instance of singleton bean 'org.springframework.context.annotation.internalAutowiredAnnotationProcessor'
03:10:42.006 [Test worker] DEBUG o.s.b.f.s.DefaultListableBeanFactory - Creating shared instance of singleton bean 'org.springframework.context.annotation.internalCommonAnnotationProcessor'
03:10:42.006 [Test worker] DEBUG o.s.b.f.s.DefaultListableBeanFactory - Creating shared instance of singleton bean 'org.springframework.context.annotation.internalPersistenceAnnotationProcessor'
03:10:42.007 [Test worker] DEBUG o.s.b.f.s.DefaultListableBeanFactory - Creating shared instance of singleton bean 'enableTransactionManagementIntegrationTests.Config'
03:10:42.007 [Test worker] DEBUG o.s.b.f.s.DefaultListableBeanFactory - Creating shared instance of singleton bean 'fooRepository'
03:10:42.008 [Test worker] DEBUG o.s.b.f.s.DefaultListableBeanFactory - Creating shared instance of singleton bean 'dataSource'
03:10:42.008 [Test worker] INFO  o.s.j.d.e.EmbeddedDatabaseFactory - Starting embedded database: url='jdbc:hsqldb:mem:testdb', username='sa'
03:10:42.008 [Test worker] DEBUG o.s.j.d.DataSourceUtils - Fetching JDBC Connection from DataSource
03:10:42.008 [Test worker] DEBUG o.s.j.d.SimpleDriverDataSource - Creating new JDBC Driver Connection to [jdbc:hsqldb:mem:testdb]
03:10:42.012 [Test worker] DEBUG o.s.c.a.AnnotationConfigApplicationContext - Refreshing org.springframework.context.annotation.AnnotationConfigApplicationContext@3dbe63be
03:10:42.013 [Test worker] DEBUG o.s.b.f.s.DefaultListableBeanFactory - Creating shared instance of singleton bean 'org.springframework.context.annotation.internalConfigurationAnnotationProcessor'
03:10:42.020 [Test worker] DEBUG o.s.b.f.s.DefaultListableBeanFactory - Creating shared instance of singleton bean 'org.springframework.context.event.internalEventListenerProcessor'
03:10:42.020 [Test worker] DEBUG o.s.b.f.s.DefaultListableBeanFactory - Creating shared instance of singleton bean 'org.springframework.context.event.internalEventListenerFactory'
03:10:42.020 [Test worker] DEBUG o.s.b.f.s.DefaultListableBeanFactory - Creating shared instance of singleton bean 'org.springframework.transaction.config.internalTransactionalEventListenerFactory'
03:10:42.021 [Test worker] DEBUG o.s.b.f.s.DefaultListableBeanFactory - Creating shared instance of singleton bean 'org.springframework.context.annotation.internalAutowiredAnnotationProcessor'
03:10:42.021 [Test worker] DEBUG o.s.b.f.s.DefaultListableBeanFactory - Creating shared instance of singleton bean 'org.springframework.context.annotation.internalCommonAnnotationProcessor'
03:10:42.021 [Test worker] DEBUG o.s.b.f.s.DefaultListableBeanFactory - Creating shared instance of singleton bean 'org.springframework.context.annotation.internalPersistenceAnnotationProcessor'
03:10:42.021 [Test worker] DEBUG o.s.b.f.s.DefaultListableBeanFactory - Creating shared instance of singleton bean 'org.springframework.aop.config.internalAutoProxyCreator'
03:10:42.022 [Test worker] DEBUG o.s.b.f.s.DefaultListableBeanFactory - Creating shared instance of singleton bean 'enableTransactionManagementIntegrationTests.Config'
03:10:42.023 [Test worker] DEBUG o.s.b.f.s.DefaultListableBeanFactory - Creating shared instance of singleton bean 'org.springframework.transaction.config.internalTransactionAdvisor'
03:10:42.023 [Test worker] DEBUG o.s.b.f.s.DefaultListableBeanFactory - Creating shared instance of singleton bean 'org.springframework.transaction.annotation.ProxyTransactionManagementConfiguration'
03:10:42.025 [Test worker] DEBUG o.s.b.f.s.DefaultListableBeanFactory - Creating shared instance of singleton bean 'transactionAttributeSource'
03:10:42.026 [Test worker] DEBUG o.s.b.f.s.DefaultListableBeanFactory - Creating shared instance of singleton bean 'transactionInterceptor'
03:10:42.026 [Test worker] DEBUG o.s.b.f.s.DefaultListableBeanFactory - Autowiring by type from bean name 'transactionInterceptor' via factory method to bean named 'transactionAttributeSource'
03:10:42.027 [Test worker] DEBUG o.s.b.f.s.DefaultListableBeanFactory - Autowiring by type from bean name 'org.springframework.transaction.config.internalTransactionAdvisor' via factory method to bean named 'transactionAttributeSource'
03:10:42.027 [Test worker] DEBUG o.s.b.f.s.DefaultListableBeanFactory - Autowiring by type from bean name 'org.springframework.transaction.config.internalTransactionAdvisor' via factory method to bean named 'transactionInterceptor'
03:10:42.028 [Test worker] DEBUG o.s.b.f.s.DefaultListableBeanFactory - Creating shared instance of singleton bean 'enableTransactionManagementIntegrationTests.ProxyTargetClassTxConfig'
03:10:42.030 [Test worker] DEBUG o.s.b.f.s.DefaultListableBeanFactory - Creating shared instance of singleton bean 'fooRepository'
03:10:42.031 [Test worker] DEBUG o.s.b.f.s.DefaultListableBeanFactory - Creating shared instance of singleton bean 'dataSource'
03:10:42.031 [Test worker] INFO  o.s.j.d.e.EmbeddedDatabaseFactory - Starting embedded database: url='jdbc:hsqldb:mem:testdb', username='sa'
03:10:42.031 [Test worker] DEBUG o.s.j.d.DataSourceUtils - Fetching JDBC Connection from DataSource
03:10:42.031 [Test worker] DEBUG o.s.j.d.SimpleDriverDataSource - Creating new JDBC Driver Connection to [jdbc:hsqldb:mem:testdb]
03:10:42.035 [Test worker] DEBUG o.s.b.f.s.DefaultListableBeanFactory - Creating shared instance of singleton bean 'transactionManager'
03:10:42.035 [Test worker] DEBUG o.s.b.f.s.DefaultListableBeanFactory - Autowiring by type from bean name 'transactionManager' via factory method to bean named 'dataSource'
03:10:42.039 [Test worker] DEBUG o.s.j.d.DataSourceTransactionManager - Creating new transaction with name [org.springframework.transaction.annotation.EnableTransactionManagementIntegrationTests$JdbcFooRepository.findAll]: PROPAGATION_REQUIRED,ISOLATION_DEFAULT
03:10:42.039 [Test worker] DEBUG o.s.j.d.SimpleDriverDataSource - Creating new JDBC Driver Connection to [jdbc:hsqldb:mem:testdb]
03:10:42.039 [Test worker] DEBUG o.s.j.d.DataSourceTransactionManager - Acquired Connection [org.hsqldb.jdbc.JDBCConnection@3aa46001] for JDBC transaction
03:10:42.039 [Test worker] DEBUG o.s.j.d.DataSourceTransactionManager - Switching JDBC Connection [org.hsqldb.jdbc.JDBCConnection@3aa46001] to manual commit
03:10:42.043 [Test worker] DEBUG o.s.j.d.DataSourceTransactionManager - Initiating transaction commit
03:10:42.043 [Test worker] DEBUG o.s.j.d.DataSourceTransactionManager - Committing JDBC transaction on Connection [org.hsqldb.jdbc.JDBCConnection@3aa46001]
03:10:42.043 [Test worker] DEBUG o.s.j.d.DataSourceTransactionManager - Releasing JDBC Connection [org.hsqldb.jdbc.JDBCConnection@3aa46001] after transaction
]]></system-out>
  <system-err><![CDATA[]]></system-err>
</testsuite>
