<?xml version="1.0" encoding="UTF-8"?>
<testsuite name="org.springframework.context.annotation.jsr330.ClassPathBeanDefinitionScannerJsr330ScopeIntegrationTests" tests="10" skipped="0" failures="0" errors="0" timestamp="2023-03-06T08:10:39" hostname="DESKTOP-VGJP1PJ" time="0.359">
  <properties/>
  <testcase name="testSingletonScopeWithNoProxy()" classname="org.springframework.context.annotation.jsr330.ClassPathBeanDefinitionScannerJsr330ScopeIntegrationTests" time="0.034"/>
  <testcase name="testSessionScopeWithNoProxy()" classname="org.springframework.context.annotation.jsr330.ClassPathBeanDefinitionScannerJsr330ScopeIntegrationTests" time="0.022"/>
  <testcase name="testSingletonScopeIgnoresProxyInterfaces()" classname="org.springframework.context.annotation.jsr330.ClassPathBeanDefinitionScannerJsr330ScopeIntegrationTests" time="0.148"/>
  <testcase name="testRequestScopeWithNoProxy()" classname="org.springframework.context.annotation.jsr330.ClassPathBeanDefinitionScannerJsr330ScopeIntegrationTests" time="0.02"/>
  <testcase name="testSessionScopeWithProxiedTargetClass()" classname="org.springframework.context.annotation.jsr330.ClassPathBeanDefinitionScannerJsr330ScopeIntegrationTests" time="0.029"/>
  <testcase name="testRequestScopeWithProxiedTargetClass()" classname="org.springframework.context.annotation.jsr330.ClassPathBeanDefinitionScannerJsr330ScopeIntegrationTests" time="0.03"/>
  <testcase name="testPrototype()" classname="org.springframework.context.annotation.jsr330.ClassPathBeanDefinitionScannerJsr330ScopeIntegrationTests" time="0.018"/>
  <testcase name="testRequestScopeWithProxiedInterfaces()" classname="org.springframework.context.annotation.jsr330.ClassPathBeanDefinitionScannerJsr330ScopeIntegrationTests" time="0.016"/>
  <testcase name="testSingletonScopeIgnoresProxyTargetClass()" classname="org.springframework.context.annotation.jsr330.ClassPathBeanDefinitionScannerJsr330ScopeIntegrationTests" time="0.018"/>
  <testcase name="testSessionScopeWithProxiedInterfaces()" classname="org.springframework.context.annotation.jsr330.ClassPathBeanDefinitionScannerJsr330ScopeIntegrationTests" time="0.017"/>
  <system-out><![CDATA[03:10:39.061 [Test worker] DEBUG o.s.c.a.ClassPathBeanDefinitionScanner - Identified candidate component class: file [F:\spring-framework-5.3.x\spring-framework-5.3.0-M1\integration-tests\build\classes\java\test\org\springframework\context\annotation\jsr330\ClassPathBeanDefinitionScannerJsr330ScopeIntegrationTests$PrototypeScopedTestBean.class]
03:10:39.064 [Test worker] DEBUG o.s.c.a.ClassPathBeanDefinitionScanner - Identified candidate component class: file [F:\spring-framework-5.3.x\spring-framework-5.3.0-M1\integration-tests\build\classes\java\test\org\springframework\context\annotation\jsr330\ClassPathBeanDefinitionScannerJsr330ScopeIntegrationTests$RequestScopedTestBean.class]
03:10:39.066 [Test worker] DEBUG o.s.c.a.ClassPathBeanDefinitionScanner - Identified candidate component class: file [F:\spring-framework-5.3.x\spring-framework-5.3.0-M1\integration-tests\build\classes\java\test\org\springframework\context\annotation\jsr330\ClassPathBeanDefinitionScannerJsr330ScopeIntegrationTests$SessionScopedTestBean.class]
03:10:39.067 [Test worker] DEBUG o.s.c.a.ClassPathBeanDefinitionScanner - Identified candidate component class: file [F:\spring-framework-5.3.x\spring-framework-5.3.0-M1\integration-tests\build\classes\java\test\org\springframework\context\annotation\jsr330\ClassPathBeanDefinitionScannerJsr330ScopeIntegrationTests$SingletonScopedTestBean.class]
03:10:39.072 [Test worker] DEBUG o.s.c.a.ClassPathBeanDefinitionScanner - Identified candidate component class: file [F:\spring-framework-5.3.x\spring-framework-5.3.0-M1\integration-tests\build\classes\java\test\org\springframework\context\annotation\jsr330\ClassPathBeanDefinitionScannerJsr330ScopeIntegrationTests$PrototypeScopedTestBean.class]
03:10:39.072 [Test worker] DEBUG o.s.c.a.ClassPathBeanDefinitionScanner - Identified candidate component class: file [F:\spring-framework-5.3.x\spring-framework-5.3.0-M1\integration-tests\build\classes\java\test\org\springframework\context\annotation\jsr330\ClassPathBeanDefinitionScannerJsr330ScopeIntegrationTests$RequestScopedTestBean.class]
03:10:39.073 [Test worker] DEBUG o.s.c.a.ClassPathBeanDefinitionScanner - Identified candidate component class: file [F:\spring-framework-5.3.x\spring-framework-5.3.0-M1\integration-tests\build\classes\java\test\org\springframework\context\annotation\jsr330\ClassPathBeanDefinitionScannerJsr330ScopeIntegrationTests$SessionScopedTestBean.class]
03:10:39.073 [Test worker] DEBUG o.s.c.a.ClassPathBeanDefinitionScanner - Identified candidate component class: file [F:\spring-framework-5.3.x\spring-framework-5.3.0-M1\integration-tests\build\classes\java\test\org\springframework\context\annotation\jsr330\ClassPathBeanDefinitionScannerJsr330ScopeIntegrationTests$SingletonScopedTestBean.class]
03:10:39.074 [Test worker] DEBUG o.s.w.c.s.GenericWebApplicationContext - Refreshing org.springframework.web.context.support.GenericWebApplicationContext@60c77a06
03:10:39.074 [Test worker] DEBUG o.s.u.c.s.UiApplicationContextUtils - Unable to locate ThemeSource with name 'themeSource': using default [org.springframework.ui.context.support.ResourceBundleThemeSource@2e678ec9]
03:10:39.075 [Test worker] DEBUG o.s.b.f.s.DefaultListableBeanFactory - Creating shared instance of singleton bean 'singleton'
03:10:39.085 [Test worker] DEBUG o.s.c.a.ClassPathBeanDefinitionScanner - Identified candidate component class: file [F:\spring-framework-5.3.x\spring-framework-5.3.0-M1\integration-tests\build\classes\java\test\org\springframework\context\annotation\jsr330\ClassPathBeanDefinitionScannerJsr330ScopeIntegrationTests$PrototypeScopedTestBean.class]
03:10:39.087 [Test worker] DEBUG o.s.c.a.ClassPathBeanDefinitionScanner - Identified candidate component class: file [F:\spring-framework-5.3.x\spring-framework-5.3.0-M1\integration-tests\build\classes\java\test\org\springframework\context\annotation\jsr330\ClassPathBeanDefinitionScannerJsr330ScopeIntegrationTests$RequestScopedTestBean.class]
03:10:39.088 [Test worker] DEBUG o.s.c.a.ClassPathBeanDefinitionScanner - Identified candidate component class: file [F:\spring-framework-5.3.x\spring-framework-5.3.0-M1\integration-tests\build\classes\java\test\org\springframework\context\annotation\jsr330\ClassPathBeanDefinitionScannerJsr330ScopeIntegrationTests$SessionScopedTestBean.class]
03:10:39.089 [Test worker] DEBUG o.s.c.a.ClassPathBeanDefinitionScanner - Identified candidate component class: file [F:\spring-framework-5.3.x\spring-framework-5.3.0-M1\integration-tests\build\classes\java\test\org\springframework\context\annotation\jsr330\ClassPathBeanDefinitionScannerJsr330ScopeIntegrationTests$SingletonScopedTestBean.class]
03:10:39.095 [Test worker] DEBUG o.s.c.a.ClassPathBeanDefinitionScanner - Identified candidate component class: file [F:\spring-framework-5.3.x\spring-framework-5.3.0-M1\integration-tests\build\classes\java\test\org\springframework\context\annotation\jsr330\ClassPathBeanDefinitionScannerJsr330ScopeIntegrationTests$PrototypeScopedTestBean.class]
03:10:39.095 [Test worker] DEBUG o.s.c.a.ClassPathBeanDefinitionScanner - Identified candidate component class: file [F:\spring-framework-5.3.x\spring-framework-5.3.0-M1\integration-tests\build\classes\java\test\org\springframework\context\annotation\jsr330\ClassPathBeanDefinitionScannerJsr330ScopeIntegrationTests$RequestScopedTestBean.class]
03:10:39.096 [Test worker] DEBUG o.s.c.a.ClassPathBeanDefinitionScanner - Identified candidate component class: file [F:\spring-framework-5.3.x\spring-framework-5.3.0-M1\integration-tests\build\classes\java\test\org\springframework\context\annotation\jsr330\ClassPathBeanDefinitionScannerJsr330ScopeIntegrationTests$SessionScopedTestBean.class]
03:10:39.096 [Test worker] DEBUG o.s.c.a.ClassPathBeanDefinitionScanner - Identified candidate component class: file [F:\spring-framework-5.3.x\spring-framework-5.3.0-M1\integration-tests\build\classes\java\test\org\springframework\context\annotation\jsr330\ClassPathBeanDefinitionScannerJsr330ScopeIntegrationTests$SingletonScopedTestBean.class]
03:10:39.098 [Test worker] DEBUG o.s.w.c.s.GenericWebApplicationContext - Refreshing org.springframework.web.context.support.GenericWebApplicationContext@29cbc542
03:10:39.098 [Test worker] DEBUG o.s.u.c.s.UiApplicationContextUtils - Unable to locate ThemeSource with name 'themeSource': using default [org.springframework.ui.context.support.ResourceBundleThemeSource@4aeac441]
03:10:39.099 [Test worker] DEBUG o.s.b.f.s.DefaultListableBeanFactory - Creating shared instance of singleton bean 'singleton'
03:10:39.108 [Test worker] DEBUG o.s.c.a.ClassPathBeanDefinitionScanner - Identified candidate component class: file [F:\spring-framework-5.3.x\spring-framework-5.3.0-M1\integration-tests\build\classes\java\test\org\springframework\context\annotation\jsr330\ClassPathBeanDefinitionScannerJsr330ScopeIntegrationTests$PrototypeScopedTestBean.class]
03:10:39.109 [Test worker] DEBUG o.s.c.a.ClassPathBeanDefinitionScanner - Identified candidate component class: file [F:\spring-framework-5.3.x\spring-framework-5.3.0-M1\integration-tests\build\classes\java\test\org\springframework\context\annotation\jsr330\ClassPathBeanDefinitionScannerJsr330ScopeIntegrationTests$RequestScopedTestBean.class]
03:10:39.201 [Test worker] DEBUG o.s.c.a.ClassPathBeanDefinitionScanner - Identified candidate component class: file [F:\spring-framework-5.3.x\spring-framework-5.3.0-M1\integration-tests\build\classes\java\test\org\springframework\context\annotation\jsr330\ClassPathBeanDefinitionScannerJsr330ScopeIntegrationTests$SessionScopedTestBean.class]
03:10:39.201 [Test worker] DEBUG o.s.c.a.ClassPathBeanDefinitionScanner - Identified candidate component class: file [F:\spring-framework-5.3.x\spring-framework-5.3.0-M1\integration-tests\build\classes\java\test\org\springframework\context\annotation\jsr330\ClassPathBeanDefinitionScannerJsr330ScopeIntegrationTests$SingletonScopedTestBean.class]
03:10:39.220 [Test worker] DEBUG o.s.c.a.ClassPathBeanDefinitionScanner - Identified candidate component class: file [F:\spring-framework-5.3.x\spring-framework-5.3.0-M1\integration-tests\build\classes\java\test\org\springframework\context\annotation\jsr330\ClassPathBeanDefinitionScannerJsr330ScopeIntegrationTests$PrototypeScopedTestBean.class]
03:10:39.220 [Test worker] DEBUG o.s.c.a.ClassPathBeanDefinitionScanner - Identified candidate component class: file [F:\spring-framework-5.3.x\spring-framework-5.3.0-M1\integration-tests\build\classes\java\test\org\springframework\context\annotation\jsr330\ClassPathBeanDefinitionScannerJsr330ScopeIntegrationTests$RequestScopedTestBean.class]
03:10:39.220 [Test worker] DEBUG o.s.c.a.ClassPathBeanDefinitionScanner - Identified candidate component class: file [F:\spring-framework-5.3.x\spring-framework-5.3.0-M1\integration-tests\build\classes\java\test\org\springframework\context\annotation\jsr330\ClassPathBeanDefinitionScannerJsr330ScopeIntegrationTests$SessionScopedTestBean.class]
03:10:39.221 [Test worker] DEBUG o.s.c.a.ClassPathBeanDefinitionScanner - Identified candidate component class: file [F:\spring-framework-5.3.x\spring-framework-5.3.0-M1\integration-tests\build\classes\java\test\org\springframework\context\annotation\jsr330\ClassPathBeanDefinitionScannerJsr330ScopeIntegrationTests$SingletonScopedTestBean.class]
03:10:39.235 [Test worker] DEBUG o.s.w.c.s.GenericWebApplicationContext - Refreshing org.springframework.web.context.support.GenericWebApplicationContext@269c28df
03:10:39.238 [Test worker] DEBUG o.s.u.c.s.UiApplicationContextUtils - Unable to locate ThemeSource with name 'themeSource': using default [org.springframework.ui.context.support.ResourceBundleThemeSource@bcaf593]
03:10:39.239 [Test worker] DEBUG o.s.b.f.s.DefaultListableBeanFactory - Creating shared instance of singleton bean 'request'
03:10:39.247 [Test worker] DEBUG o.s.b.f.s.DefaultListableBeanFactory - Creating shared instance of singleton bean 'classPathBeanDefinitionScannerJsr330ScopeIntegrationTests.SessionScopedTestBean'
03:10:39.248 [Test worker] DEBUG o.s.b.f.s.DefaultListableBeanFactory - Creating shared instance of singleton bean 'singleton'
03:10:39.258 [Test worker] DEBUG o.s.c.a.ClassPathBeanDefinitionScanner - Identified candidate component class: file [F:\spring-framework-5.3.x\spring-framework-5.3.0-M1\integration-tests\build\classes\java\test\org\springframework\context\annotation\jsr330\ClassPathBeanDefinitionScannerJsr330ScopeIntegrationTests$PrototypeScopedTestBean.class]
03:10:39.260 [Test worker] DEBUG o.s.c.a.ClassPathBeanDefinitionScanner - Identified candidate component class: file [F:\spring-framework-5.3.x\spring-framework-5.3.0-M1\integration-tests\build\classes\java\test\org\springframework\context\annotation\jsr330\ClassPathBeanDefinitionScannerJsr330ScopeIntegrationTests$RequestScopedTestBean.class]
03:10:39.261 [Test worker] DEBUG o.s.c.a.ClassPathBeanDefinitionScanner - Identified candidate component class: file [F:\spring-framework-5.3.x\spring-framework-5.3.0-M1\integration-tests\build\classes\java\test\org\springframework\context\annotation\jsr330\ClassPathBeanDefinitionScannerJsr330ScopeIntegrationTests$SessionScopedTestBean.class]
03:10:39.261 [Test worker] DEBUG o.s.c.a.ClassPathBeanDefinitionScanner - Identified candidate component class: file [F:\spring-framework-5.3.x\spring-framework-5.3.0-M1\integration-tests\build\classes\java\test\org\springframework\context\annotation\jsr330\ClassPathBeanDefinitionScannerJsr330ScopeIntegrationTests$SingletonScopedTestBean.class]
03:10:39.266 [Test worker] DEBUG o.s.c.a.ClassPathBeanDefinitionScanner - Identified candidate component class: file [F:\spring-framework-5.3.x\spring-framework-5.3.0-M1\integration-tests\build\classes\java\test\org\springframework\context\annotation\jsr330\ClassPathBeanDefinitionScannerJsr330ScopeIntegrationTests$PrototypeScopedTestBean.class]
03:10:39.267 [Test worker] DEBUG o.s.c.a.ClassPathBeanDefinitionScanner - Identified candidate component class: file [F:\spring-framework-5.3.x\spring-framework-5.3.0-M1\integration-tests\build\classes\java\test\org\springframework\context\annotation\jsr330\ClassPathBeanDefinitionScannerJsr330ScopeIntegrationTests$RequestScopedTestBean.class]
03:10:39.267 [Test worker] DEBUG o.s.c.a.ClassPathBeanDefinitionScanner - Identified candidate component class: file [F:\spring-framework-5.3.x\spring-framework-5.3.0-M1\integration-tests\build\classes\java\test\org\springframework\context\annotation\jsr330\ClassPathBeanDefinitionScannerJsr330ScopeIntegrationTests$SessionScopedTestBean.class]
03:10:39.267 [Test worker] DEBUG o.s.c.a.ClassPathBeanDefinitionScanner - Identified candidate component class: file [F:\spring-framework-5.3.x\spring-framework-5.3.0-M1\integration-tests\build\classes\java\test\org\springframework\context\annotation\jsr330\ClassPathBeanDefinitionScannerJsr330ScopeIntegrationTests$SingletonScopedTestBean.class]
03:10:39.268 [Test worker] DEBUG o.s.w.c.s.GenericWebApplicationContext - Refreshing org.springframework.web.context.support.GenericWebApplicationContext@3d809c6e
03:10:39.269 [Test worker] DEBUG o.s.u.c.s.UiApplicationContextUtils - Unable to locate ThemeSource with name 'themeSource': using default [org.springframework.ui.context.support.ResourceBundleThemeSource@6d4c9711]
03:10:39.269 [Test worker] DEBUG o.s.b.f.s.DefaultListableBeanFactory - Creating shared instance of singleton bean 'singleton'
03:10:39.275 [Test worker] DEBUG o.s.c.a.ClassPathBeanDefinitionScanner - Identified candidate component class: file [F:\spring-framework-5.3.x\spring-framework-5.3.0-M1\integration-tests\build\classes\java\test\org\springframework\context\annotation\jsr330\ClassPathBeanDefinitionScannerJsr330ScopeIntegrationTests$PrototypeScopedTestBean.class]
03:10:39.276 [Test worker] DEBUG o.s.c.a.ClassPathBeanDefinitionScanner - Identified candidate component class: file [F:\spring-framework-5.3.x\spring-framework-5.3.0-M1\integration-tests\build\classes\java\test\org\springframework\context\annotation\jsr330\ClassPathBeanDefinitionScannerJsr330ScopeIntegrationTests$RequestScopedTestBean.class]
03:10:39.277 [Test worker] DEBUG o.s.c.a.ClassPathBeanDefinitionScanner - Identified candidate component class: file [F:\spring-framework-5.3.x\spring-framework-5.3.0-M1\integration-tests\build\classes\java\test\org\springframework\context\annotation\jsr330\ClassPathBeanDefinitionScannerJsr330ScopeIntegrationTests$SessionScopedTestBean.class]
03:10:39.278 [Test worker] DEBUG o.s.c.a.ClassPathBeanDefinitionScanner - Identified candidate component class: file [F:\spring-framework-5.3.x\spring-framework-5.3.0-M1\integration-tests\build\classes\java\test\org\springframework\context\annotation\jsr330\ClassPathBeanDefinitionScannerJsr330ScopeIntegrationTests$SingletonScopedTestBean.class]
03:10:39.281 [Test worker] DEBUG o.s.c.a.ClassPathBeanDefinitionScanner - Identified candidate component class: file [F:\spring-framework-5.3.x\spring-framework-5.3.0-M1\integration-tests\build\classes\java\test\org\springframework\context\annotation\jsr330\ClassPathBeanDefinitionScannerJsr330ScopeIntegrationTests$PrototypeScopedTestBean.class]
03:10:39.281 [Test worker] DEBUG o.s.c.a.ClassPathBeanDefinitionScanner - Identified candidate component class: file [F:\spring-framework-5.3.x\spring-framework-5.3.0-M1\integration-tests\build\classes\java\test\org\springframework\context\annotation\jsr330\ClassPathBeanDefinitionScannerJsr330ScopeIntegrationTests$RequestScopedTestBean.class]
03:10:39.282 [Test worker] DEBUG o.s.c.a.ClassPathBeanDefinitionScanner - Identified candidate component class: file [F:\spring-framework-5.3.x\spring-framework-5.3.0-M1\integration-tests\build\classes\java\test\org\springframework\context\annotation\jsr330\ClassPathBeanDefinitionScannerJsr330ScopeIntegrationTests$SessionScopedTestBean.class]
03:10:39.282 [Test worker] DEBUG o.s.c.a.ClassPathBeanDefinitionScanner - Identified candidate component class: file [F:\spring-framework-5.3.x\spring-framework-5.3.0-M1\integration-tests\build\classes\java\test\org\springframework\context\annotation\jsr330\ClassPathBeanDefinitionScannerJsr330ScopeIntegrationTests$SingletonScopedTestBean.class]
03:10:39.282 [Test worker] DEBUG o.s.w.c.s.GenericWebApplicationContext - Refreshing org.springframework.web.context.support.GenericWebApplicationContext@337a0237
03:10:39.283 [Test worker] DEBUG o.s.u.c.s.UiApplicationContextUtils - Unable to locate ThemeSource with name 'themeSource': using default [org.springframework.ui.context.support.ResourceBundleThemeSource@742832e8]
03:10:39.284 [Test worker] DEBUG o.s.b.f.s.DefaultListableBeanFactory - Creating shared instance of singleton bean 'request'
03:10:39.288 [Test worker] DEBUG o.s.b.f.s.DefaultListableBeanFactory - Creating shared instance of singleton bean 'classPathBeanDefinitionScannerJsr330ScopeIntegrationTests.SessionScopedTestBean'
03:10:39.294 [Test worker] DEBUG o.s.b.f.s.DefaultListableBeanFactory - Creating shared instance of singleton bean 'singleton'
03:10:39.310 [Test worker] DEBUG o.s.c.a.ClassPathBeanDefinitionScanner - Identified candidate component class: file [F:\spring-framework-5.3.x\spring-framework-5.3.0-M1\integration-tests\build\classes\java\test\org\springframework\context\annotation\jsr330\ClassPathBeanDefinitionScannerJsr330ScopeIntegrationTests$PrototypeScopedTestBean.class]
03:10:39.313 [Test worker] DEBUG o.s.c.a.ClassPathBeanDefinitionScanner - Identified candidate component class: file [F:\spring-framework-5.3.x\spring-framework-5.3.0-M1\integration-tests\build\classes\java\test\org\springframework\context\annotation\jsr330\ClassPathBeanDefinitionScannerJsr330ScopeIntegrationTests$RequestScopedTestBean.class]
03:10:39.315 [Test worker] DEBUG o.s.c.a.ClassPathBeanDefinitionScanner - Identified candidate component class: file [F:\spring-framework-5.3.x\spring-framework-5.3.0-M1\integration-tests\build\classes\java\test\org\springframework\context\annotation\jsr330\ClassPathBeanDefinitionScannerJsr330ScopeIntegrationTests$SessionScopedTestBean.class]
03:10:39.315 [Test worker] DEBUG o.s.c.a.ClassPathBeanDefinitionScanner - Identified candidate component class: file [F:\spring-framework-5.3.x\spring-framework-5.3.0-M1\integration-tests\build\classes\java\test\org\springframework\context\annotation\jsr330\ClassPathBeanDefinitionScannerJsr330ScopeIntegrationTests$SingletonScopedTestBean.class]
03:10:39.319 [Test worker] DEBUG o.s.c.a.ClassPathBeanDefinitionScanner - Identified candidate component class: file [F:\spring-framework-5.3.x\spring-framework-5.3.0-M1\integration-tests\build\classes\java\test\org\springframework\context\annotation\jsr330\ClassPathBeanDefinitionScannerJsr330ScopeIntegrationTests$PrototypeScopedTestBean.class]
03:10:39.320 [Test worker] DEBUG o.s.c.a.ClassPathBeanDefinitionScanner - Identified candidate component class: file [F:\spring-framework-5.3.x\spring-framework-5.3.0-M1\integration-tests\build\classes\java\test\org\springframework\context\annotation\jsr330\ClassPathBeanDefinitionScannerJsr330ScopeIntegrationTests$RequestScopedTestBean.class]
03:10:39.320 [Test worker] DEBUG o.s.c.a.ClassPathBeanDefinitionScanner - Identified candidate component class: file [F:\spring-framework-5.3.x\spring-framework-5.3.0-M1\integration-tests\build\classes\java\test\org\springframework\context\annotation\jsr330\ClassPathBeanDefinitionScannerJsr330ScopeIntegrationTests$SessionScopedTestBean.class]
03:10:39.321 [Test worker] DEBUG o.s.c.a.ClassPathBeanDefinitionScanner - Identified candidate component class: file [F:\spring-framework-5.3.x\spring-framework-5.3.0-M1\integration-tests\build\classes\java\test\org\springframework\context\annotation\jsr330\ClassPathBeanDefinitionScannerJsr330ScopeIntegrationTests$SingletonScopedTestBean.class]
03:10:39.322 [Test worker] DEBUG o.s.w.c.s.GenericWebApplicationContext - Refreshing org.springframework.web.context.support.GenericWebApplicationContext@308d0bb0
03:10:39.323 [Test worker] DEBUG o.s.u.c.s.UiApplicationContextUtils - Unable to locate ThemeSource with name 'themeSource': using default [org.springframework.ui.context.support.ResourceBundleThemeSource@7ed0e00c]
03:10:39.323 [Test worker] DEBUG o.s.b.f.s.DefaultListableBeanFactory - Creating shared instance of singleton bean 'request'
03:10:39.326 [Test worker] DEBUG o.s.b.f.s.DefaultListableBeanFactory - Creating shared instance of singleton bean 'classPathBeanDefinitionScannerJsr330ScopeIntegrationTests.SessionScopedTestBean'
03:10:39.327 [Test worker] DEBUG o.s.b.f.s.DefaultListableBeanFactory - Creating shared instance of singleton bean 'singleton'
03:10:39.336 [Test worker] DEBUG o.s.c.a.ClassPathBeanDefinitionScanner - Identified candidate component class: file [F:\spring-framework-5.3.x\spring-framework-5.3.0-M1\integration-tests\build\classes\java\test\org\springframework\context\annotation\jsr330\ClassPathBeanDefinitionScannerJsr330ScopeIntegrationTests$PrototypeScopedTestBean.class]
03:10:39.337 [Test worker] DEBUG o.s.c.a.ClassPathBeanDefinitionScanner - Identified candidate component class: file [F:\spring-framework-5.3.x\spring-framework-5.3.0-M1\integration-tests\build\classes\java\test\org\springframework\context\annotation\jsr330\ClassPathBeanDefinitionScannerJsr330ScopeIntegrationTests$RequestScopedTestBean.class]
03:10:39.338 [Test worker] DEBUG o.s.c.a.ClassPathBeanDefinitionScanner - Identified candidate component class: file [F:\spring-framework-5.3.x\spring-framework-5.3.0-M1\integration-tests\build\classes\java\test\org\springframework\context\annotation\jsr330\ClassPathBeanDefinitionScannerJsr330ScopeIntegrationTests$SessionScopedTestBean.class]
03:10:39.339 [Test worker] DEBUG o.s.c.a.ClassPathBeanDefinitionScanner - Identified candidate component class: file [F:\spring-framework-5.3.x\spring-framework-5.3.0-M1\integration-tests\build\classes\java\test\org\springframework\context\annotation\jsr330\ClassPathBeanDefinitionScannerJsr330ScopeIntegrationTests$SingletonScopedTestBean.class]
03:10:39.342 [Test worker] DEBUG o.s.c.a.ClassPathBeanDefinitionScanner - Identified candidate component class: file [F:\spring-framework-5.3.x\spring-framework-5.3.0-M1\integration-tests\build\classes\java\test\org\springframework\context\annotation\jsr330\ClassPathBeanDefinitionScannerJsr330ScopeIntegrationTests$PrototypeScopedTestBean.class]
03:10:39.344 [Test worker] DEBUG o.s.c.a.ClassPathBeanDefinitionScanner - Identified candidate component class: file [F:\spring-framework-5.3.x\spring-framework-5.3.0-M1\integration-tests\build\classes\java\test\org\springframework\context\annotation\jsr330\ClassPathBeanDefinitionScannerJsr330ScopeIntegrationTests$RequestScopedTestBean.class]
03:10:39.344 [Test worker] DEBUG o.s.c.a.ClassPathBeanDefinitionScanner - Identified candidate component class: file [F:\spring-framework-5.3.x\spring-framework-5.3.0-M1\integration-tests\build\classes\java\test\org\springframework\context\annotation\jsr330\ClassPathBeanDefinitionScannerJsr330ScopeIntegrationTests$SessionScopedTestBean.class]
03:10:39.344 [Test worker] DEBUG o.s.c.a.ClassPathBeanDefinitionScanner - Identified candidate component class: file [F:\spring-framework-5.3.x\spring-framework-5.3.0-M1\integration-tests\build\classes\java\test\org\springframework\context\annotation\jsr330\ClassPathBeanDefinitionScannerJsr330ScopeIntegrationTests$SingletonScopedTestBean.class]
03:10:39.348 [Test worker] DEBUG o.s.w.c.s.GenericWebApplicationContext - Refreshing org.springframework.web.context.support.GenericWebApplicationContext@26d8b4ed
03:10:39.348 [Test worker] DEBUG o.s.u.c.s.UiApplicationContextUtils - Unable to locate ThemeSource with name 'themeSource': using default [org.springframework.ui.context.support.ResourceBundleThemeSource@6296e3c2]
03:10:39.348 [Test worker] DEBUG o.s.b.f.s.DefaultListableBeanFactory - Creating shared instance of singleton bean 'singleton'
03:10:39.355 [Test worker] DEBUG o.s.c.a.ClassPathBeanDefinitionScanner - Identified candidate component class: file [F:\spring-framework-5.3.x\spring-framework-5.3.0-M1\integration-tests\build\classes\java\test\org\springframework\context\annotation\jsr330\ClassPathBeanDefinitionScannerJsr330ScopeIntegrationTests$PrototypeScopedTestBean.class]
03:10:39.356 [Test worker] DEBUG o.s.c.a.ClassPathBeanDefinitionScanner - Identified candidate component class: file [F:\spring-framework-5.3.x\spring-framework-5.3.0-M1\integration-tests\build\classes\java\test\org\springframework\context\annotation\jsr330\ClassPathBeanDefinitionScannerJsr330ScopeIntegrationTests$RequestScopedTestBean.class]
03:10:39.358 [Test worker] DEBUG o.s.c.a.ClassPathBeanDefinitionScanner - Identified candidate component class: file [F:\spring-framework-5.3.x\spring-framework-5.3.0-M1\integration-tests\build\classes\java\test\org\springframework\context\annotation\jsr330\ClassPathBeanDefinitionScannerJsr330ScopeIntegrationTests$SessionScopedTestBean.class]
03:10:39.358 [Test worker] DEBUG o.s.c.a.ClassPathBeanDefinitionScanner - Identified candidate component class: file [F:\spring-framework-5.3.x\spring-framework-5.3.0-M1\integration-tests\build\classes\java\test\org\springframework\context\annotation\jsr330\ClassPathBeanDefinitionScannerJsr330ScopeIntegrationTests$SingletonScopedTestBean.class]
03:10:39.361 [Test worker] DEBUG o.s.c.a.ClassPathBeanDefinitionScanner - Identified candidate component class: file [F:\spring-framework-5.3.x\spring-framework-5.3.0-M1\integration-tests\build\classes\java\test\org\springframework\context\annotation\jsr330\ClassPathBeanDefinitionScannerJsr330ScopeIntegrationTests$PrototypeScopedTestBean.class]
03:10:39.361 [Test worker] DEBUG o.s.c.a.ClassPathBeanDefinitionScanner - Identified candidate component class: file [F:\spring-framework-5.3.x\spring-framework-5.3.0-M1\integration-tests\build\classes\java\test\org\springframework\context\annotation\jsr330\ClassPathBeanDefinitionScannerJsr330ScopeIntegrationTests$RequestScopedTestBean.class]
03:10:39.362 [Test worker] DEBUG o.s.c.a.ClassPathBeanDefinitionScanner - Identified candidate component class: file [F:\spring-framework-5.3.x\spring-framework-5.3.0-M1\integration-tests\build\classes\java\test\org\springframework\context\annotation\jsr330\ClassPathBeanDefinitionScannerJsr330ScopeIntegrationTests$SessionScopedTestBean.class]
03:10:39.362 [Test worker] DEBUG o.s.c.a.ClassPathBeanDefinitionScanner - Identified candidate component class: file [F:\spring-framework-5.3.x\spring-framework-5.3.0-M1\integration-tests\build\classes\java\test\org\springframework\context\annotation\jsr330\ClassPathBeanDefinitionScannerJsr330ScopeIntegrationTests$SingletonScopedTestBean.class]
03:10:39.362 [Test worker] DEBUG o.s.w.c.s.GenericWebApplicationContext - Refreshing org.springframework.web.context.support.GenericWebApplicationContext@18a5ca1
03:10:39.363 [Test worker] DEBUG o.s.u.c.s.UiApplicationContextUtils - Unable to locate ThemeSource with name 'themeSource': using default [org.springframework.ui.context.support.ResourceBundleThemeSource@22aaaeae]
03:10:39.364 [Test worker] DEBUG o.s.b.f.s.DefaultListableBeanFactory - Creating shared instance of singleton bean 'request'
03:10:39.364 [Test worker] DEBUG o.s.b.f.s.DefaultListableBeanFactory - Creating shared instance of singleton bean 'classPathBeanDefinitionScannerJsr330ScopeIntegrationTests.SessionScopedTestBean'
03:10:39.365 [Test worker] DEBUG o.s.b.f.s.DefaultListableBeanFactory - Creating shared instance of singleton bean 'singleton'
03:10:39.372 [Test worker] DEBUG o.s.c.a.ClassPathBeanDefinitionScanner - Identified candidate component class: file [F:\spring-framework-5.3.x\spring-framework-5.3.0-M1\integration-tests\build\classes\java\test\org\springframework\context\annotation\jsr330\ClassPathBeanDefinitionScannerJsr330ScopeIntegrationTests$PrototypeScopedTestBean.class]
03:10:39.374 [Test worker] DEBUG o.s.c.a.ClassPathBeanDefinitionScanner - Identified candidate component class: file [F:\spring-framework-5.3.x\spring-framework-5.3.0-M1\integration-tests\build\classes\java\test\org\springframework\context\annotation\jsr330\ClassPathBeanDefinitionScannerJsr330ScopeIntegrationTests$RequestScopedTestBean.class]
03:10:39.377 [Test worker] DEBUG o.s.c.a.ClassPathBeanDefinitionScanner - Identified candidate component class: file [F:\spring-framework-5.3.x\spring-framework-5.3.0-M1\integration-tests\build\classes\java\test\org\springframework\context\annotation\jsr330\ClassPathBeanDefinitionScannerJsr330ScopeIntegrationTests$SessionScopedTestBean.class]
03:10:39.377 [Test worker] DEBUG o.s.c.a.ClassPathBeanDefinitionScanner - Identified candidate component class: file [F:\spring-framework-5.3.x\spring-framework-5.3.0-M1\integration-tests\build\classes\java\test\org\springframework\context\annotation\jsr330\ClassPathBeanDefinitionScannerJsr330ScopeIntegrationTests$SingletonScopedTestBean.class]
03:10:39.381 [Test worker] DEBUG o.s.c.a.ClassPathBeanDefinitionScanner - Identified candidate component class: file [F:\spring-framework-5.3.x\spring-framework-5.3.0-M1\integration-tests\build\classes\java\test\org\springframework\context\annotation\jsr330\ClassPathBeanDefinitionScannerJsr330ScopeIntegrationTests$PrototypeScopedTestBean.class]
03:10:39.381 [Test worker] DEBUG o.s.c.a.ClassPathBeanDefinitionScanner - Identified candidate component class: file [F:\spring-framework-5.3.x\spring-framework-5.3.0-M1\integration-tests\build\classes\java\test\org\springframework\context\annotation\jsr330\ClassPathBeanDefinitionScannerJsr330ScopeIntegrationTests$RequestScopedTestBean.class]
03:10:39.382 [Test worker] DEBUG o.s.c.a.ClassPathBeanDefinitionScanner - Identified candidate component class: file [F:\spring-framework-5.3.x\spring-framework-5.3.0-M1\integration-tests\build\classes\java\test\org\springframework\context\annotation\jsr330\ClassPathBeanDefinitionScannerJsr330ScopeIntegrationTests$SessionScopedTestBean.class]
03:10:39.382 [Test worker] DEBUG o.s.c.a.ClassPathBeanDefinitionScanner - Identified candidate component class: file [F:\spring-framework-5.3.x\spring-framework-5.3.0-M1\integration-tests\build\classes\java\test\org\springframework\context\annotation\jsr330\ClassPathBeanDefinitionScannerJsr330ScopeIntegrationTests$SingletonScopedTestBean.class]
03:10:39.382 [Test worker] DEBUG o.s.w.c.s.GenericWebApplicationContext - Refreshing org.springframework.web.context.support.GenericWebApplicationContext@7116810e
03:10:39.384 [Test worker] DEBUG o.s.u.c.s.UiApplicationContextUtils - Unable to locate ThemeSource with name 'themeSource': using default [org.springframework.ui.context.support.ResourceBundleThemeSource@22e198e0]
03:10:39.384 [Test worker] DEBUG o.s.b.f.s.DefaultListableBeanFactory - Creating shared instance of singleton bean 'request'
03:10:39.385 [Test worker] DEBUG o.s.b.f.s.DefaultListableBeanFactory - Creating shared instance of singleton bean 'classPathBeanDefinitionScannerJsr330ScopeIntegrationTests.SessionScopedTestBean'
03:10:39.385 [Test worker] DEBUG o.s.b.f.s.DefaultListableBeanFactory - Creating shared instance of singleton bean 'singleton'
03:10:39.392 [Test worker] DEBUG o.s.c.a.ClassPathBeanDefinitionScanner - Identified candidate component class: file [F:\spring-framework-5.3.x\spring-framework-5.3.0-M1\integration-tests\build\classes\java\test\org\springframework\context\annotation\jsr330\ClassPathBeanDefinitionScannerJsr330ScopeIntegrationTests$PrototypeScopedTestBean.class]
03:10:39.393 [Test worker] DEBUG o.s.c.a.ClassPathBeanDefinitionScanner - Identified candidate component class: file [F:\spring-framework-5.3.x\spring-framework-5.3.0-M1\integration-tests\build\classes\java\test\org\springframework\context\annotation\jsr330\ClassPathBeanDefinitionScannerJsr330ScopeIntegrationTests$RequestScopedTestBean.class]
03:10:39.394 [Test worker] DEBUG o.s.c.a.ClassPathBeanDefinitionScanner - Identified candidate component class: file [F:\spring-framework-5.3.x\spring-framework-5.3.0-M1\integration-tests\build\classes\java\test\org\springframework\context\annotation\jsr330\ClassPathBeanDefinitionScannerJsr330ScopeIntegrationTests$SessionScopedTestBean.class]
03:10:39.395 [Test worker] DEBUG o.s.c.a.ClassPathBeanDefinitionScanner - Identified candidate component class: file [F:\spring-framework-5.3.x\spring-framework-5.3.0-M1\integration-tests\build\classes\java\test\org\springframework\context\annotation\jsr330\ClassPathBeanDefinitionScannerJsr330ScopeIntegrationTests$SingletonScopedTestBean.class]
03:10:39.398 [Test worker] DEBUG o.s.c.a.ClassPathBeanDefinitionScanner - Identified candidate component class: file [F:\spring-framework-5.3.x\spring-framework-5.3.0-M1\integration-tests\build\classes\java\test\org\springframework\context\annotation\jsr330\ClassPathBeanDefinitionScannerJsr330ScopeIntegrationTests$PrototypeScopedTestBean.class]
03:10:39.399 [Test worker] DEBUG o.s.c.a.ClassPathBeanDefinitionScanner - Identified candidate component class: file [F:\spring-framework-5.3.x\spring-framework-5.3.0-M1\integration-tests\build\classes\java\test\org\springframework\context\annotation\jsr330\ClassPathBeanDefinitionScannerJsr330ScopeIntegrationTests$RequestScopedTestBean.class]
03:10:39.399 [Test worker] DEBUG o.s.c.a.ClassPathBeanDefinitionScanner - Identified candidate component class: file [F:\spring-framework-5.3.x\spring-framework-5.3.0-M1\integration-tests\build\classes\java\test\org\springframework\context\annotation\jsr330\ClassPathBeanDefinitionScannerJsr330ScopeIntegrationTests$SessionScopedTestBean.class]
03:10:39.399 [Test worker] DEBUG o.s.c.a.ClassPathBeanDefinitionScanner - Identified candidate component class: file [F:\spring-framework-5.3.x\spring-framework-5.3.0-M1\integration-tests\build\classes\java\test\org\springframework\context\annotation\jsr330\ClassPathBeanDefinitionScannerJsr330ScopeIntegrationTests$SingletonScopedTestBean.class]
03:10:39.400 [Test worker] DEBUG o.s.w.c.s.GenericWebApplicationContext - Refreshing org.springframework.web.context.support.GenericWebApplicationContext@673a6343
03:10:39.400 [Test worker] DEBUG o.s.u.c.s.UiApplicationContextUtils - Unable to locate ThemeSource with name 'themeSource': using default [org.springframework.ui.context.support.ResourceBundleThemeSource@2bd08606]
03:10:39.400 [Test worker] DEBUG o.s.b.f.s.DefaultListableBeanFactory - Creating shared instance of singleton bean 'request'
03:10:39.401 [Test worker] DEBUG o.s.b.f.s.DefaultListableBeanFactory - Creating shared instance of singleton bean 'classPathBeanDefinitionScannerJsr330ScopeIntegrationTests.SessionScopedTestBean'
03:10:39.401 [Test worker] DEBUG o.s.b.f.s.DefaultListableBeanFactory - Creating shared instance of singleton bean 'singleton'
]]></system-out>
  <system-err><![CDATA[]]></system-err>
</testsuite>
