<?xml version="1.0" encoding="UTF-8"?>
<testsuite name="org.springframework.aop.config.AopNamespaceHandlerAdviceOrderIntegrationTests$AfterAdviceFirstTests" tests="1" skipped="0" failures="0" errors="0" timestamp="2023-03-06T08:10:36" hostname="DESKTOP-VGJP1PJ" time="0.021">
  <properties/>
  <testcase name="afterAdviceIsInvokedFirst(Echo, InvocationTrackingAspect)" classname="org.springframework.aop.config.AopNamespaceHandlerAdviceOrderIntegrationTests$AfterAdviceFirstTests" time="0.021"/>
  <system-out><![CDATA[03:10:35.940 [Test worker] DEBUG o.s.t.c.BootstrapUtils - Instantiating CacheAwareContextLoaderDelegate from class [org.springframework.test.context.cache.DefaultCacheAwareContextLoaderDelegate]
03:10:35.941 [Test worker] DEBUG o.s.t.c.BootstrapUtils - Instantiating BootstrapContext using constructor [public org.springframework.test.context.support.DefaultBootstrapContext(java.lang.Class,org.springframework.test.context.CacheAwareContextLoaderDelegate)]
03:10:35.943 [Test worker] DEBUG o.s.t.c.BootstrapUtils - Instantiating TestContextBootstrapper for test class [org.springframework.aop.config.AopNamespaceHandlerAdviceOrderIntegrationTests$AfterAdviceFirstTests] from class [org.springframework.test.context.support.DefaultTestContextBootstrapper]
03:10:35.949 [Test worker] DEBUG o.s.t.c.s.AbstractDelegatingSmartContextLoader - Delegating to GenericXmlContextLoader to process context configuration [ContextConfigurationAttributes@4f195b0a declaringClass = 'org.springframework.aop.config.AopNamespaceHandlerAdviceOrderIntegrationTests$AfterAdviceFirstTests', classes = '{}', locations = '{AopNamespaceHandlerAdviceOrderIntegrationTests-afterFirst.xml}', inheritLocations = true, initializers = '{}', inheritInitializers = true, name = [null], contextLoaderClass = 'org.springframework.test.context.ContextLoader'].
03:10:35.950 [Test worker] DEBUG o.s.t.c.s.ActiveProfilesUtils - Could not find an 'annotation declaring class' for annotation type [org.springframework.test.context.ActiveProfiles] and class [org.springframework.aop.config.AopNamespaceHandlerAdviceOrderIntegrationTests$AfterAdviceFirstTests]
03:10:35.950 [Test worker] DEBUG o.s.t.c.s.DefaultTestContextBootstrapper - @TestExecutionListeners is not present for class [org.springframework.aop.config.AopNamespaceHandlerAdviceOrderIntegrationTests$AfterAdviceFirstTests]: using defaults.
03:10:35.951 [Test worker] INFO  o.s.t.c.s.DefaultTestContextBootstrapper - Loaded default TestExecutionListener class names from location [META-INF/spring.factories]: [org.springframework.test.context.web.ServletTestExecutionListener, org.springframework.test.context.support.DirtiesContextBeforeModesTestExecutionListener, org.springframework.test.context.support.DependencyInjectionTestExecutionListener, org.springframework.test.context.support.DirtiesContextTestExecutionListener, org.springframework.test.context.transaction.TransactionalTestExecutionListener, org.springframework.test.context.jdbc.SqlScriptsTestExecutionListener, org.springframework.test.context.event.EventPublishingTestExecutionListener]
03:10:35.951 [Test worker] INFO  o.s.t.c.s.DefaultTestContextBootstrapper - Using TestExecutionListeners: [org.springframework.test.context.web.ServletTestExecutionListener@b4597b3, org.springframework.test.context.support.DirtiesContextBeforeModesTestExecutionListener@58196ada, org.springframework.test.context.support.DependencyInjectionTestExecutionListener@53f09493, org.springframework.test.context.support.DirtiesContextTestExecutionListener@56b444ec, org.springframework.test.context.transaction.TransactionalTestExecutionListener@71ebb986, org.springframework.test.context.jdbc.SqlScriptsTestExecutionListener@623752db, org.springframework.test.context.event.EventPublishingTestExecutionListener@35340602]
03:10:35.952 [Test worker] DEBUG o.s.t.c.s.AbstractDirtiesContextTestExecutionListener - Before test class: context [DefaultTestContext@4153b76c testClass = AopNamespaceHandlerAdviceOrderIntegrationTests.AfterAdviceFirstTests, testInstance = [null], testMethod = [null], testException = [null], mergedContextConfiguration = [MergedContextConfiguration@6dd80149 testClass = AopNamespaceHandlerAdviceOrderIntegrationTests.AfterAdviceFirstTests, locations = '{classpath:/org/springframework/aop/config/AopNamespaceHandlerAdviceOrderIntegrationTests-afterFirst.xml}', classes = '{}', contextInitializerClasses = '[]', activeProfiles = '{}', propertySourceLocations = '{}', propertySourceProperties = '{}', contextCustomizers = set[[empty]], contextLoader = 'org.springframework.test.context.support.DelegatingSmartContextLoader', parent = [null]], attributes = map[[empty]]], class annotated with @DirtiesContext [true] with mode [AFTER_CLASS].
03:10:35.954 [Test worker] DEBUG o.s.t.c.s.DependencyInjectionTestExecutionListener - Performing dependency injection for test context [[DefaultTestContext@4153b76c testClass = AopNamespaceHandlerAdviceOrderIntegrationTests.AfterAdviceFirstTests, testInstance = org.springframework.aop.config.AopNamespaceHandlerAdviceOrderIntegrationTests$AfterAdviceFirstTests@35a127a3, testMethod = [null], testException = [null], mergedContextConfiguration = [MergedContextConfiguration@6dd80149 testClass = AopNamespaceHandlerAdviceOrderIntegrationTests.AfterAdviceFirstTests, locations = '{classpath:/org/springframework/aop/config/AopNamespaceHandlerAdviceOrderIntegrationTests-afterFirst.xml}', classes = '{}', contextInitializerClasses = '[]', activeProfiles = '{}', propertySourceLocations = '{}', propertySourceProperties = '{}', contextCustomizers = set[[empty]], contextLoader = 'org.springframework.test.context.support.DelegatingSmartContextLoader', parent = [null]], attributes = map[[empty]]]].
03:10:35.955 [Test worker] DEBUG o.s.t.c.s.AbstractDelegatingSmartContextLoader - Delegating to GenericXmlContextLoader to load context from [MergedContextConfiguration@6dd80149 testClass = AopNamespaceHandlerAdviceOrderIntegrationTests.AfterAdviceFirstTests, locations = '{classpath:/org/springframework/aop/config/AopNamespaceHandlerAdviceOrderIntegrationTests-afterFirst.xml}', classes = '{}', contextInitializerClasses = '[]', activeProfiles = '{}', propertySourceLocations = '{}', propertySourceProperties = '{}', contextCustomizers = set[[empty]], contextLoader = 'org.springframework.test.context.support.DelegatingSmartContextLoader', parent = [null]].
03:10:35.955 [Test worker] DEBUG o.s.t.c.s.AbstractGenericContextLoader - Loading ApplicationContext for merged context configuration [[MergedContextConfiguration@6dd80149 testClass = AopNamespaceHandlerAdviceOrderIntegrationTests.AfterAdviceFirstTests, locations = '{classpath:/org/springframework/aop/config/AopNamespaceHandlerAdviceOrderIntegrationTests-afterFirst.xml}', classes = '{}', contextInitializerClasses = '[]', activeProfiles = '{}', propertySourceLocations = '{}', propertySourceProperties = '{}', contextCustomizers = set[[empty]], contextLoader = 'org.springframework.test.context.support.DelegatingSmartContextLoader', parent = [null]]].
03:10:35.955 [Test worker] DEBUG o.s.c.e.StandardEnvironment - Activating profiles []
03:10:36.090 [Test worker] DEBUG o.s.b.f.x.XmlBeanDefinitionReader - Loaded 9 bean definitions from class path resource [org/springframework/aop/config/AopNamespaceHandlerAdviceOrderIntegrationTests-afterFirst.xml]
03:10:36.090 [Test worker] DEBUG o.s.c.s.GenericApplicationContext - Refreshing org.springframework.context.support.GenericApplicationContext@20302303
03:10:36.093 [Test worker] DEBUG o.s.b.f.s.DefaultListableBeanFactory - Creating shared instance of singleton bean 'org.springframework.context.annotation.internalConfigurationAnnotationProcessor'
03:10:36.096 [Test worker] DEBUG o.s.b.f.s.DefaultListableBeanFactory - Creating shared instance of singleton bean 'org.springframework.context.event.internalEventListenerProcessor'
03:10:36.097 [Test worker] DEBUG o.s.b.f.s.DefaultListableBeanFactory - Creating shared instance of singleton bean 'org.springframework.context.event.internalEventListenerFactory'
03:10:36.100 [Test worker] DEBUG o.s.b.f.s.DefaultListableBeanFactory - Creating shared instance of singleton bean 'org.springframework.context.annotation.internalAutowiredAnnotationProcessor'
03:10:36.101 [Test worker] DEBUG o.s.b.f.s.DefaultListableBeanFactory - Creating shared instance of singleton bean 'org.springframework.context.annotation.internalCommonAnnotationProcessor'
03:10:36.103 [Test worker] DEBUG o.s.b.f.s.DefaultListableBeanFactory - Creating shared instance of singleton bean 'org.springframework.context.annotation.internalPersistenceAnnotationProcessor'
03:10:36.104 [Test worker] DEBUG o.s.b.f.s.DefaultListableBeanFactory - Creating shared instance of singleton bean 'org.springframework.aop.config.internalAutoProxyCreator'
03:10:36.107 [Test worker] DEBUG o.s.b.f.s.DefaultListableBeanFactory - Creating shared instance of singleton bean 'echo'
03:10:36.108 [Test worker] DEBUG o.s.b.f.s.DefaultListableBeanFactory - Creating shared instance of singleton bean 'org.springframework.aop.aspectj.AspectJPointcutAdvisor#0'
03:10:36.122 [Test worker] DEBUG o.s.b.f.s.DefaultListableBeanFactory - Creating shared instance of singleton bean 'org.springframework.aop.aspectj.AspectJPointcutAdvisor#1'
03:10:36.134 [Test worker] DEBUG o.s.b.f.s.DefaultListableBeanFactory - Creating shared instance of singleton bean 'org.springframework.aop.aspectj.AspectJPointcutAdvisor#2'
03:10:36.139 [Test worker] DEBUG o.s.b.f.s.DefaultListableBeanFactory - Creating shared instance of singleton bean 'org.springframework.aop.aspectj.AspectJPointcutAdvisor#3'
03:10:36.145 [Test worker] DEBUG o.s.b.f.s.DefaultListableBeanFactory - Creating shared instance of singleton bean 'org.springframework.aop.aspectj.AspectJPointcutAdvisor#4'
03:10:36.163 [Test worker] DEBUG o.s.b.f.s.DefaultListableBeanFactory - Creating shared instance of singleton bean 'invocationTrackingAspect'
03:10:36.166 [Test worker] DEBUG o.s.t.c.c.DefaultCacheAwareContextLoaderDelegate - Storing ApplicationContext [540025603] in cache under key [[MergedContextConfiguration@6dd80149 testClass = AopNamespaceHandlerAdviceOrderIntegrationTests.AfterAdviceFirstTests, locations = '{classpath:/org/springframework/aop/config/AopNamespaceHandlerAdviceOrderIntegrationTests-afterFirst.xml}', classes = '{}', contextInitializerClasses = '[]', activeProfiles = '{}', propertySourceLocations = '{}', propertySourceProperties = '{}', contextCustomizers = set[[empty]], contextLoader = 'org.springframework.test.context.support.DelegatingSmartContextLoader', parent = [null]]]
03:10:36.167 [Test worker] DEBUG o.s.t.c.cache - Spring test ApplicationContext cache statistics: [DefaultContextCache@689be0ef size = 1, maxSize = 32, parentContextCount = 0, hitCount = 8, missCount = 2]
03:10:36.170 [Test worker] DEBUG o.s.t.c.c.DefaultCacheAwareContextLoaderDelegate - Retrieved ApplicationContext [540025603] from cache with key [[MergedContextConfiguration@6dd80149 testClass = AopNamespaceHandlerAdviceOrderIntegrationTests.AfterAdviceFirstTests, locations = '{classpath:/org/springframework/aop/config/AopNamespaceHandlerAdviceOrderIntegrationTests-afterFirst.xml}', classes = '{}', contextInitializerClasses = '[]', activeProfiles = '{}', propertySourceLocations = '{}', propertySourceProperties = '{}', contextCustomizers = set[[empty]], contextLoader = 'org.springframework.test.context.support.DelegatingSmartContextLoader', parent = [null]]]
03:10:36.171 [Test worker] DEBUG o.s.t.c.cache - Spring test ApplicationContext cache statistics: [DefaultContextCache@689be0ef size = 1, maxSize = 32, parentContextCount = 0, hitCount = 9, missCount = 2]
03:10:36.175 [Test worker] DEBUG o.s.t.c.s.AbstractDirtiesContextTestExecutionListener - Before test method: context [DefaultTestContext@4153b76c testClass = AopNamespaceHandlerAdviceOrderIntegrationTests.AfterAdviceFirstTests, testInstance = org.springframework.aop.config.AopNamespaceHandlerAdviceOrderIntegrationTests$AfterAdviceFirstTests@35a127a3, testMethod = afterAdviceIsInvokedFirst@AopNamespaceHandlerAdviceOrderIntegrationTests.AfterAdviceFirstTests, testException = [null], mergedContextConfiguration = [MergedContextConfiguration@6dd80149 testClass = AopNamespaceHandlerAdviceOrderIntegrationTests.AfterAdviceFirstTests, locations = '{classpath:/org/springframework/aop/config/AopNamespaceHandlerAdviceOrderIntegrationTests-afterFirst.xml}', classes = '{}', contextInitializerClasses = '[]', activeProfiles = '{}', propertySourceLocations = '{}', propertySourceProperties = '{}', contextCustomizers = set[[empty]], contextLoader = 'org.springframework.test.context.support.DelegatingSmartContextLoader', parent = [null]], attributes = map[[empty]]], class annotated with @DirtiesContext [true] with mode [AFTER_CLASS], method annotated with @DirtiesContext [false] with mode [null].
03:10:36.176 [Test worker] DEBUG o.s.t.c.c.DefaultCacheAwareContextLoaderDelegate - Retrieved ApplicationContext [540025603] from cache with key [[MergedContextConfiguration@6dd80149 testClass = AopNamespaceHandlerAdviceOrderIntegrationTests.AfterAdviceFirstTests, locations = '{classpath:/org/springframework/aop/config/AopNamespaceHandlerAdviceOrderIntegrationTests-afterFirst.xml}', classes = '{}', contextInitializerClasses = '[]', activeProfiles = '{}', propertySourceLocations = '{}', propertySourceProperties = '{}', contextCustomizers = set[[empty]], contextLoader = 'org.springframework.test.context.support.DelegatingSmartContextLoader', parent = [null]]]
03:10:36.176 [Test worker] DEBUG o.s.t.c.cache - Spring test ApplicationContext cache statistics: [DefaultContextCache@689be0ef size = 1, maxSize = 32, parentContextCount = 0, hitCount = 10, missCount = 2]
03:10:36.177 [Test worker] DEBUG o.s.t.c.c.DefaultCacheAwareContextLoaderDelegate - Retrieved ApplicationContext [540025603] from cache with key [[MergedContextConfiguration@6dd80149 testClass = AopNamespaceHandlerAdviceOrderIntegrationTests.AfterAdviceFirstTests, locations = '{classpath:/org/springframework/aop/config/AopNamespaceHandlerAdviceOrderIntegrationTests-afterFirst.xml}', classes = '{}', contextInitializerClasses = '[]', activeProfiles = '{}', propertySourceLocations = '{}', propertySourceProperties = '{}', contextCustomizers = set[[empty]], contextLoader = 'org.springframework.test.context.support.DelegatingSmartContextLoader', parent = [null]]]
03:10:36.178 [Test worker] DEBUG o.s.t.c.cache - Spring test ApplicationContext cache statistics: [DefaultContextCache@689be0ef size = 1, maxSize = 32, parentContextCount = 0, hitCount = 11, missCount = 2]
03:10:36.180 [Test worker] DEBUG o.s.t.c.c.DefaultCacheAwareContextLoaderDelegate - Retrieved ApplicationContext [540025603] from cache with key [[MergedContextConfiguration@6dd80149 testClass = AopNamespaceHandlerAdviceOrderIntegrationTests.AfterAdviceFirstTests, locations = '{classpath:/org/springframework/aop/config/AopNamespaceHandlerAdviceOrderIntegrationTests-afterFirst.xml}', classes = '{}', contextInitializerClasses = '[]', activeProfiles = '{}', propertySourceLocations = '{}', propertySourceProperties = '{}', contextCustomizers = set[[empty]], contextLoader = 'org.springframework.test.context.support.DelegatingSmartContextLoader', parent = [null]]]
03:10:36.180 [Test worker] DEBUG o.s.t.c.cache - Spring test ApplicationContext cache statistics: [DefaultContextCache@689be0ef size = 1, maxSize = 32, parentContextCount = 0, hitCount = 12, missCount = 2]
03:10:36.184 [Test worker] DEBUG o.s.t.c.c.DefaultCacheAwareContextLoaderDelegate - Retrieved ApplicationContext [540025603] from cache with key [[MergedContextConfiguration@6dd80149 testClass = AopNamespaceHandlerAdviceOrderIntegrationTests.AfterAdviceFirstTests, locations = '{classpath:/org/springframework/aop/config/AopNamespaceHandlerAdviceOrderIntegrationTests-afterFirst.xml}', classes = '{}', contextInitializerClasses = '[]', activeProfiles = '{}', propertySourceLocations = '{}', propertySourceProperties = '{}', contextCustomizers = set[[empty]], contextLoader = 'org.springframework.test.context.support.DelegatingSmartContextLoader', parent = [null]]]
03:10:36.185 [Test worker] DEBUG o.s.t.c.cache - Spring test ApplicationContext cache statistics: [DefaultContextCache@689be0ef size = 1, maxSize = 32, parentContextCount = 0, hitCount = 13, missCount = 2]
03:10:36.188 [Test worker] DEBUG o.s.t.c.c.DefaultCacheAwareContextLoaderDelegate - Retrieved ApplicationContext [540025603] from cache with key [[MergedContextConfiguration@6dd80149 testClass = AopNamespaceHandlerAdviceOrderIntegrationTests.AfterAdviceFirstTests, locations = '{classpath:/org/springframework/aop/config/AopNamespaceHandlerAdviceOrderIntegrationTests-afterFirst.xml}', classes = '{}', contextInitializerClasses = '[]', activeProfiles = '{}', propertySourceLocations = '{}', propertySourceProperties = '{}', contextCustomizers = set[[empty]], contextLoader = 'org.springframework.test.context.support.DelegatingSmartContextLoader', parent = [null]]]
03:10:36.189 [Test worker] DEBUG o.s.t.c.cache - Spring test ApplicationContext cache statistics: [DefaultContextCache@689be0ef size = 1, maxSize = 32, parentContextCount = 0, hitCount = 14, missCount = 2]
03:10:36.190 [Test worker] DEBUG o.s.t.c.c.DefaultCacheAwareContextLoaderDelegate - Retrieved ApplicationContext [540025603] from cache with key [[MergedContextConfiguration@6dd80149 testClass = AopNamespaceHandlerAdviceOrderIntegrationTests.AfterAdviceFirstTests, locations = '{classpath:/org/springframework/aop/config/AopNamespaceHandlerAdviceOrderIntegrationTests-afterFirst.xml}', classes = '{}', contextInitializerClasses = '[]', activeProfiles = '{}', propertySourceLocations = '{}', propertySourceProperties = '{}', contextCustomizers = set[[empty]], contextLoader = 'org.springframework.test.context.support.DelegatingSmartContextLoader', parent = [null]]]
03:10:36.191 [Test worker] DEBUG o.s.t.c.cache - Spring test ApplicationContext cache statistics: [DefaultContextCache@689be0ef size = 1, maxSize = 32, parentContextCount = 0, hitCount = 15, missCount = 2]
03:10:36.192 [Test worker] DEBUG o.s.t.c.s.AbstractDirtiesContextTestExecutionListener - After test method: context [DefaultTestContext@4153b76c testClass = AopNamespaceHandlerAdviceOrderIntegrationTests.AfterAdviceFirstTests, testInstance = org.springframework.aop.config.AopNamespaceHandlerAdviceOrderIntegrationTests$AfterAdviceFirstTests@35a127a3, testMethod = afterAdviceIsInvokedFirst@AopNamespaceHandlerAdviceOrderIntegrationTests.AfterAdviceFirstTests, testException = [null], mergedContextConfiguration = [MergedContextConfiguration@6dd80149 testClass = AopNamespaceHandlerAdviceOrderIntegrationTests.AfterAdviceFirstTests, locations = '{classpath:/org/springframework/aop/config/AopNamespaceHandlerAdviceOrderIntegrationTests-afterFirst.xml}', classes = '{}', contextInitializerClasses = '[]', activeProfiles = '{}', propertySourceLocations = '{}', propertySourceProperties = '{}', contextCustomizers = set[[empty]], contextLoader = 'org.springframework.test.context.support.DelegatingSmartContextLoader', parent = [null]], attributes = map[[empty]]], class annotated with @DirtiesContext [true] with mode [AFTER_CLASS], method annotated with @DirtiesContext [false] with mode [null].
03:10:36.193 [Test worker] DEBUG o.s.t.c.c.DefaultCacheAwareContextLoaderDelegate - Retrieved ApplicationContext [540025603] from cache with key [[MergedContextConfiguration@6dd80149 testClass = AopNamespaceHandlerAdviceOrderIntegrationTests.AfterAdviceFirstTests, locations = '{classpath:/org/springframework/aop/config/AopNamespaceHandlerAdviceOrderIntegrationTests-afterFirst.xml}', classes = '{}', contextInitializerClasses = '[]', activeProfiles = '{}', propertySourceLocations = '{}', propertySourceProperties = '{}', contextCustomizers = set[[empty]], contextLoader = 'org.springframework.test.context.support.DelegatingSmartContextLoader', parent = [null]]]
03:10:36.193 [Test worker] DEBUG o.s.t.c.cache - Spring test ApplicationContext cache statistics: [DefaultContextCache@689be0ef size = 1, maxSize = 32, parentContextCount = 0, hitCount = 16, missCount = 2]
03:10:36.194 [Test worker] DEBUG o.s.t.c.s.AbstractDirtiesContextTestExecutionListener - After test class: context [DefaultTestContext@4153b76c testClass = AopNamespaceHandlerAdviceOrderIntegrationTests.AfterAdviceFirstTests, testInstance = [null], testMethod = [null], testException = [null], mergedContextConfiguration = [MergedContextConfiguration@6dd80149 testClass = AopNamespaceHandlerAdviceOrderIntegrationTests.AfterAdviceFirstTests, locations = '{classpath:/org/springframework/aop/config/AopNamespaceHandlerAdviceOrderIntegrationTests-afterFirst.xml}', classes = '{}', contextInitializerClasses = '[]', activeProfiles = '{}', propertySourceLocations = '{}', propertySourceProperties = '{}', contextCustomizers = set[[empty]], contextLoader = 'org.springframework.test.context.support.DelegatingSmartContextLoader', parent = [null]], attributes = map[[empty]]], class annotated with @DirtiesContext [true] with mode [AFTER_CLASS].
03:10:36.195 [Test worker] DEBUG o.s.c.s.GenericApplicationContext - Closing org.springframework.context.support.GenericApplicationContext@20302303, started on Mon Mar 06 03:10:36 EST 2023
]]></system-out>
  <system-err><![CDATA[]]></system-err>
</testsuite>
