<?xml version="1.0" encoding="UTF-8"?>
<testsuite name="org.springframework.aop.framework.autoproxy.AdvisorAutoProxyCreatorIntegrationTests" tests="8" skipped="0" failures="0" errors="0" timestamp="2023-03-06T08:10:36" hostname="DESKTOP-VGJP1PJ" time="1.233">
  <properties/>
  <testcase name="testRollbackRulesOnMethodCauseRollback()" classname="org.springframework.aop.framework.autoproxy.AdvisorAutoProxyCreatorIntegrationTests" time="0.792"/>
  <testcase name="testTransactionAttributeOnMethod()" classname="org.springframework.aop.framework.autoproxy.AdvisorAutoProxyCreatorIntegrationTests" time="0.077"/>
  <testcase name="testTxIsProxied()" classname="org.springframework.aop.framework.autoproxy.AdvisorAutoProxyCreatorIntegrationTests" time="0.046"/>
  <testcase name="testRegexpApplied()" classname="org.springframework.aop.framework.autoproxy.AdvisorAutoProxyCreatorIntegrationTests" time="0.046"/>
  <testcase name="testDefaultExclusionPrefix()" classname="org.springframework.aop.framework.autoproxy.AdvisorAutoProxyCreatorIntegrationTests" time="0.076"/>
  <testcase name="testRollbackRulesOnMethodPreventRollback()" classname="org.springframework.aop.framework.autoproxy.AdvisorAutoProxyCreatorIntegrationTests" time="0.043"/>
  <testcase name="testProgrammaticRollback()" classname="org.springframework.aop.framework.autoproxy.AdvisorAutoProxyCreatorIntegrationTests" time="0.042"/>
  <testcase name="testNoProxy()" classname="org.springframework.aop.framework.autoproxy.AdvisorAutoProxyCreatorIntegrationTests" time="0.102"/>
  <system-out><![CDATA[03:10:36.958 [Test worker] DEBUG o.s.c.s.ClassPathXmlApplicationContext - Refreshing org.springframework.context.support.ClassPathXmlApplicationContext@529e7547
03:10:36.987 [Test worker] DEBUG o.s.b.f.x.XmlBeanDefinitionReader - Loaded 18 bean definitions from class path resource [org/springframework/aop/framework/autoproxy/AdvisorAutoProxyCreatorIntegrationTests-context.xml]
03:10:37.057 [Test worker] DEBUG o.s.b.f.s.DefaultListableBeanFactory - Creating shared instance of singleton bean 'aapc'
03:10:37.058 [Test worker] DEBUG o.s.b.f.s.DefaultListableBeanFactory - Creating shared instance of singleton bean 'orderedBeforeTransaction'
03:10:37.081 [Test worker] DEBUG o.s.b.f.s.DefaultListableBeanFactory - Creating shared instance of singleton bean 'orderedAfterTransaction'
03:10:37.081 [Test worker] DEBUG o.s.b.f.s.DefaultListableBeanFactory - Creating shared instance of singleton bean 'orderedAfterTransaction2'
03:10:37.082 [Test worker] DEBUG o.s.b.f.s.DefaultListableBeanFactory - Creating shared instance of singleton bean 'txManager'
03:10:37.094 [Test worker] DEBUG o.s.b.f.s.DefaultListableBeanFactory - Creating shared instance of singleton bean 'txAdvisor'
03:10:37.100 [Test worker] DEBUG o.s.b.f.s.DefaultListableBeanFactory - Creating shared instance of singleton bean 'txInterceptor'
03:10:37.614 [Test worker] DEBUG o.s.b.f.s.DefaultListableBeanFactory - Creating shared instance of singleton bean 'singletonDependency'
03:10:37.617 [Test worker] DEBUG o.s.b.f.s.DefaultListableBeanFactory - Creating shared instance of singleton bean 'org.springframework.aop.support.RegexpMethodPointcutAdvisor#0'
03:10:37.630 [Test worker] DEBUG o.s.b.f.s.DefaultListableBeanFactory - Creating shared instance of singleton bean 'countingAdvice'
03:10:37.647 [Test worker] DEBUG o.s.b.f.s.DefaultListableBeanFactory - Creating shared instance of singleton bean 'tas'
03:10:37.666 [Test worker] DEBUG o.s.t.i.NameMatchTransactionAttributeSource - Adding transactional method [rollbackOnly] with attribute [PROPAGATION_REQUIRED,ISOLATION_DEFAULT]
03:10:37.666 [Test worker] DEBUG o.s.t.i.NameMatchTransactionAttributeSource - Adding transactional method [setA*] with attribute [PROPAGATION_REQUIRED,ISOLATION_DEFAULT]
03:10:37.668 [Test worker] DEBUG o.s.t.i.NameMatchTransactionAttributeSource - Adding transactional method [echoException] with attribute [PROPAGATION_REQUIRED,ISOLATION_DEFAULT,+javax.servlet.ServletException,-java.lang.Exception]
03:10:37.675 [Test worker] DEBUG o.s.b.f.s.DefaultListableBeanFactory - Creating shared instance of singleton bean 'test'
03:10:37.679 [Test worker] DEBUG o.s.b.f.s.DefaultListableBeanFactory - Creating shared instance of singleton bean 'noSetters'
03:10:37.682 [Test worker] DEBUG o.s.b.f.s.DefaultListableBeanFactory - Creating shared instance of singleton bean 'rollback'
03:10:37.692 [Test worker] DEBUG o.s.b.f.s.DefaultListableBeanFactory - Creating shared instance of singleton bean 'tb'
03:10:37.696 [Test worker] DEBUG o.s.b.f.s.DefaultListableBeanFactory - Creating shared instance of singleton bean 'nullValueReturned'
03:10:37.738 [Test worker] DEBUG o.s.t.t.CallCountingTransactionManager - Creating new transaction with name [org.springframework.aop.framework.autoproxy.Rollback.echoException]: PROPAGATION_REQUIRED,ISOLATION_DEFAULT,+javax.servlet.ServletException,-java.lang.Exception
03:10:37.746 [Test worker] DEBUG o.s.t.t.CallCountingTransactionManager - Initiating transaction commit
03:10:37.746 [Test worker] DEBUG o.s.t.t.CallCountingTransactionManager - Creating new transaction with name [org.springframework.aop.framework.autoproxy.Rollback.echoException]: PROPAGATION_REQUIRED,ISOLATION_DEFAULT,+javax.servlet.ServletException,-java.lang.Exception
03:10:37.746 [Test worker] DEBUG o.s.t.t.CallCountingTransactionManager - Initiating transaction rollback
03:10:37.750 [Test worker] DEBUG o.s.c.s.ClassPathXmlApplicationContext - Refreshing org.springframework.context.support.ClassPathXmlApplicationContext@35d262a7
03:10:37.783 [Test worker] DEBUG o.s.b.f.x.XmlBeanDefinitionReader - Loaded 18 bean definitions from class path resource [org/springframework/aop/framework/autoproxy/AdvisorAutoProxyCreatorIntegrationTests-context.xml]
03:10:37.784 [Test worker] DEBUG o.s.b.f.s.DefaultListableBeanFactory - Creating shared instance of singleton bean 'aapc'
03:10:37.784 [Test worker] DEBUG o.s.b.f.s.DefaultListableBeanFactory - Creating shared instance of singleton bean 'orderedBeforeTransaction'
03:10:37.785 [Test worker] DEBUG o.s.b.f.s.DefaultListableBeanFactory - Creating shared instance of singleton bean 'orderedAfterTransaction'
03:10:37.786 [Test worker] DEBUG o.s.b.f.s.DefaultListableBeanFactory - Creating shared instance of singleton bean 'orderedAfterTransaction2'
03:10:37.786 [Test worker] DEBUG o.s.b.f.s.DefaultListableBeanFactory - Creating shared instance of singleton bean 'txManager'
03:10:37.787 [Test worker] DEBUG o.s.b.f.s.DefaultListableBeanFactory - Creating shared instance of singleton bean 'txAdvisor'
03:10:37.787 [Test worker] DEBUG o.s.b.f.s.DefaultListableBeanFactory - Creating shared instance of singleton bean 'txInterceptor'
03:10:37.788 [Test worker] DEBUG o.s.b.f.s.DefaultListableBeanFactory - Creating shared instance of singleton bean 'singletonDependency'
03:10:37.792 [Test worker] DEBUG o.s.b.f.s.DefaultListableBeanFactory - Creating shared instance of singleton bean 'org.springframework.aop.support.RegexpMethodPointcutAdvisor#0'
03:10:37.794 [Test worker] DEBUG o.s.b.f.s.DefaultListableBeanFactory - Creating shared instance of singleton bean 'countingAdvice'
03:10:37.798 [Test worker] DEBUG o.s.b.f.s.DefaultListableBeanFactory - Creating shared instance of singleton bean 'tas'
03:10:37.798 [Test worker] DEBUG o.s.t.i.NameMatchTransactionAttributeSource - Adding transactional method [rollbackOnly] with attribute [PROPAGATION_REQUIRED,ISOLATION_DEFAULT]
03:10:37.799 [Test worker] DEBUG o.s.t.i.NameMatchTransactionAttributeSource - Adding transactional method [setA*] with attribute [PROPAGATION_REQUIRED,ISOLATION_DEFAULT]
03:10:37.799 [Test worker] DEBUG o.s.t.i.NameMatchTransactionAttributeSource - Adding transactional method [echoException] with attribute [PROPAGATION_REQUIRED,ISOLATION_DEFAULT,+javax.servlet.ServletException,-java.lang.Exception]
03:10:37.802 [Test worker] DEBUG o.s.b.f.s.DefaultListableBeanFactory - Creating shared instance of singleton bean 'test'
03:10:37.804 [Test worker] DEBUG o.s.b.f.s.DefaultListableBeanFactory - Creating shared instance of singleton bean 'noSetters'
03:10:37.811 [Test worker] DEBUG o.s.b.f.s.DefaultListableBeanFactory - Creating shared instance of singleton bean 'rollback'
03:10:37.813 [Test worker] DEBUG o.s.b.f.s.DefaultListableBeanFactory - Creating shared instance of singleton bean 'tb'
03:10:37.821 [Test worker] DEBUG o.s.b.f.s.DefaultListableBeanFactory - Creating shared instance of singleton bean 'nullValueReturned'
03:10:37.826 [Test worker] DEBUG o.s.t.t.CallCountingTransactionManager - Creating new transaction with name [org.springframework.beans.testfixture.beans.TestBean.setAge]: PROPAGATION_REQUIRED,ISOLATION_DEFAULT
03:10:37.826 [Test worker] DEBUG o.s.t.t.CallCountingTransactionManager - Initiating transaction commit
03:10:37.828 [Test worker] DEBUG o.s.c.s.ClassPathXmlApplicationContext - Refreshing org.springframework.context.support.ClassPathXmlApplicationContext@1c2ebd4e
03:10:37.838 [Test worker] DEBUG o.s.b.f.x.XmlBeanDefinitionReader - Loaded 18 bean definitions from class path resource [org/springframework/aop/framework/autoproxy/AdvisorAutoProxyCreatorIntegrationTests-context.xml]
03:10:37.839 [Test worker] DEBUG o.s.b.f.s.DefaultListableBeanFactory - Creating shared instance of singleton bean 'aapc'
03:10:37.839 [Test worker] DEBUG o.s.b.f.s.DefaultListableBeanFactory - Creating shared instance of singleton bean 'orderedBeforeTransaction'
03:10:37.840 [Test worker] DEBUG o.s.b.f.s.DefaultListableBeanFactory - Creating shared instance of singleton bean 'orderedAfterTransaction'
03:10:37.841 [Test worker] DEBUG o.s.b.f.s.DefaultListableBeanFactory - Creating shared instance of singleton bean 'orderedAfterTransaction2'
03:10:37.841 [Test worker] DEBUG o.s.b.f.s.DefaultListableBeanFactory - Creating shared instance of singleton bean 'txManager'
03:10:37.842 [Test worker] DEBUG o.s.b.f.s.DefaultListableBeanFactory - Creating shared instance of singleton bean 'txAdvisor'
03:10:37.842 [Test worker] DEBUG o.s.b.f.s.DefaultListableBeanFactory - Creating shared instance of singleton bean 'txInterceptor'
03:10:37.843 [Test worker] DEBUG o.s.b.f.s.DefaultListableBeanFactory - Creating shared instance of singleton bean 'singletonDependency'
03:10:37.846 [Test worker] DEBUG o.s.b.f.s.DefaultListableBeanFactory - Creating shared instance of singleton bean 'org.springframework.aop.support.RegexpMethodPointcutAdvisor#0'
03:10:37.846 [Test worker] DEBUG o.s.b.f.s.DefaultListableBeanFactory - Creating shared instance of singleton bean 'countingAdvice'
03:10:37.856 [Test worker] DEBUG o.s.b.f.s.DefaultListableBeanFactory - Creating shared instance of singleton bean 'tas'
03:10:37.858 [Test worker] DEBUG o.s.t.i.NameMatchTransactionAttributeSource - Adding transactional method [rollbackOnly] with attribute [PROPAGATION_REQUIRED,ISOLATION_DEFAULT]
03:10:37.858 [Test worker] DEBUG o.s.t.i.NameMatchTransactionAttributeSource - Adding transactional method [setA*] with attribute [PROPAGATION_REQUIRED,ISOLATION_DEFAULT]
03:10:37.859 [Test worker] DEBUG o.s.t.i.NameMatchTransactionAttributeSource - Adding transactional method [echoException] with attribute [PROPAGATION_REQUIRED,ISOLATION_DEFAULT,+javax.servlet.ServletException,-java.lang.Exception]
03:10:37.862 [Test worker] DEBUG o.s.b.f.s.DefaultListableBeanFactory - Creating shared instance of singleton bean 'test'
03:10:37.865 [Test worker] DEBUG o.s.b.f.s.DefaultListableBeanFactory - Creating shared instance of singleton bean 'noSetters'
03:10:37.866 [Test worker] DEBUG o.s.b.f.s.DefaultListableBeanFactory - Creating shared instance of singleton bean 'rollback'
03:10:37.868 [Test worker] DEBUG o.s.b.f.s.DefaultListableBeanFactory - Creating shared instance of singleton bean 'tb'
03:10:37.869 [Test worker] DEBUG o.s.b.f.s.DefaultListableBeanFactory - Creating shared instance of singleton bean 'nullValueReturned'
03:10:37.874 [Test worker] DEBUG o.s.c.s.ClassPathXmlApplicationContext - Refreshing org.springframework.context.support.ClassPathXmlApplicationContext@1eb41aef
03:10:37.884 [Test worker] DEBUG o.s.b.f.x.XmlBeanDefinitionReader - Loaded 18 bean definitions from class path resource [org/springframework/aop/framework/autoproxy/AdvisorAutoProxyCreatorIntegrationTests-context.xml]
03:10:37.885 [Test worker] DEBUG o.s.b.f.s.DefaultListableBeanFactory - Creating shared instance of singleton bean 'aapc'
03:10:37.885 [Test worker] DEBUG o.s.b.f.s.DefaultListableBeanFactory - Creating shared instance of singleton bean 'orderedBeforeTransaction'
03:10:37.886 [Test worker] DEBUG o.s.b.f.s.DefaultListableBeanFactory - Creating shared instance of singleton bean 'orderedAfterTransaction'
03:10:37.887 [Test worker] DEBUG o.s.b.f.s.DefaultListableBeanFactory - Creating shared instance of singleton bean 'orderedAfterTransaction2'
03:10:37.887 [Test worker] DEBUG o.s.b.f.s.DefaultListableBeanFactory - Creating shared instance of singleton bean 'txManager'
03:10:37.887 [Test worker] DEBUG o.s.b.f.s.DefaultListableBeanFactory - Creating shared instance of singleton bean 'txAdvisor'
03:10:37.888 [Test worker] DEBUG o.s.b.f.s.DefaultListableBeanFactory - Creating shared instance of singleton bean 'txInterceptor'
03:10:37.889 [Test worker] DEBUG o.s.b.f.s.DefaultListableBeanFactory - Creating shared instance of singleton bean 'singletonDependency'
03:10:37.892 [Test worker] DEBUG o.s.b.f.s.DefaultListableBeanFactory - Creating shared instance of singleton bean 'org.springframework.aop.support.RegexpMethodPointcutAdvisor#0'
03:10:37.893 [Test worker] DEBUG o.s.b.f.s.DefaultListableBeanFactory - Creating shared instance of singleton bean 'countingAdvice'
03:10:37.897 [Test worker] DEBUG o.s.b.f.s.DefaultListableBeanFactory - Creating shared instance of singleton bean 'tas'
03:10:37.901 [Test worker] DEBUG o.s.t.i.NameMatchTransactionAttributeSource - Adding transactional method [rollbackOnly] with attribute [PROPAGATION_REQUIRED,ISOLATION_DEFAULT]
03:10:37.902 [Test worker] DEBUG o.s.t.i.NameMatchTransactionAttributeSource - Adding transactional method [setA*] with attribute [PROPAGATION_REQUIRED,ISOLATION_DEFAULT]
03:10:37.902 [Test worker] DEBUG o.s.t.i.NameMatchTransactionAttributeSource - Adding transactional method [echoException] with attribute [PROPAGATION_REQUIRED,ISOLATION_DEFAULT,+javax.servlet.ServletException,-java.lang.Exception]
03:10:37.905 [Test worker] DEBUG o.s.b.f.s.DefaultListableBeanFactory - Creating shared instance of singleton bean 'test'
03:10:37.906 [Test worker] DEBUG o.s.b.f.s.DefaultListableBeanFactory - Creating shared instance of singleton bean 'noSetters'
03:10:37.908 [Test worker] DEBUG o.s.b.f.s.DefaultListableBeanFactory - Creating shared instance of singleton bean 'rollback'
03:10:37.915 [Test worker] DEBUG o.s.b.f.s.DefaultListableBeanFactory - Creating shared instance of singleton bean 'tb'
03:10:37.917 [Test worker] DEBUG o.s.b.f.s.DefaultListableBeanFactory - Creating shared instance of singleton bean 'nullValueReturned'
03:10:37.921 [Test worker] DEBUG o.s.c.s.ClassPathXmlApplicationContext - Refreshing org.springframework.context.support.ClassPathXmlApplicationContext@554260b2
03:10:37.950 [Test worker] DEBUG o.s.b.f.x.XmlBeanDefinitionReader - Loaded 18 bean definitions from class path resource [org/springframework/aop/framework/autoproxy/AdvisorAutoProxyCreatorIntegrationTests-context.xml]
03:10:37.952 [Test worker] DEBUG o.s.b.f.s.DefaultListableBeanFactory - Creating shared instance of singleton bean 'aapc'
03:10:37.953 [Test worker] DEBUG o.s.b.f.s.DefaultListableBeanFactory - Creating shared instance of singleton bean 'orderedBeforeTransaction'
03:10:37.954 [Test worker] DEBUG o.s.b.f.s.DefaultListableBeanFactory - Creating shared instance of singleton bean 'orderedAfterTransaction'
03:10:37.955 [Test worker] DEBUG o.s.b.f.s.DefaultListableBeanFactory - Creating shared instance of singleton bean 'orderedAfterTransaction2'
03:10:37.956 [Test worker] DEBUG o.s.b.f.s.DefaultListableBeanFactory - Creating shared instance of singleton bean 'txManager'
03:10:37.956 [Test worker] DEBUG o.s.b.f.s.DefaultListableBeanFactory - Creating shared instance of singleton bean 'txAdvisor'
03:10:37.962 [Test worker] DEBUG o.s.b.f.s.DefaultListableBeanFactory - Creating shared instance of singleton bean 'txInterceptor'
03:10:37.964 [Test worker] DEBUG o.s.b.f.s.DefaultListableBeanFactory - Creating shared instance of singleton bean 'singletonDependency'
03:10:37.968 [Test worker] DEBUG o.s.b.f.s.DefaultListableBeanFactory - Creating shared instance of singleton bean 'org.springframework.aop.support.RegexpMethodPointcutAdvisor#0'
03:10:37.969 [Test worker] DEBUG o.s.b.f.s.DefaultListableBeanFactory - Creating shared instance of singleton bean 'countingAdvice'
03:10:37.971 [Test worker] DEBUG o.s.b.f.s.DefaultListableBeanFactory - Creating shared instance of singleton bean 'tas'
03:10:37.972 [Test worker] DEBUG o.s.t.i.NameMatchTransactionAttributeSource - Adding transactional method [rollbackOnly] with attribute [PROPAGATION_REQUIRED,ISOLATION_DEFAULT]
03:10:37.973 [Test worker] DEBUG o.s.t.i.NameMatchTransactionAttributeSource - Adding transactional method [setA*] with attribute [PROPAGATION_REQUIRED,ISOLATION_DEFAULT]
03:10:37.974 [Test worker] DEBUG o.s.t.i.NameMatchTransactionAttributeSource - Adding transactional method [echoException] with attribute [PROPAGATION_REQUIRED,ISOLATION_DEFAULT,+javax.servlet.ServletException,-java.lang.Exception]
03:10:37.979 [Test worker] DEBUG o.s.b.f.s.DefaultListableBeanFactory - Creating shared instance of singleton bean 'test'
03:10:37.981 [Test worker] DEBUG o.s.b.f.s.DefaultListableBeanFactory - Creating shared instance of singleton bean 'noSetters'
03:10:37.991 [Test worker] DEBUG o.s.b.f.s.DefaultListableBeanFactory - Creating shared instance of singleton bean 'rollback'
03:10:37.992 [Test worker] DEBUG o.s.b.f.s.DefaultListableBeanFactory - Creating shared instance of singleton bean 'tb'
03:10:37.995 [Test worker] DEBUG o.s.b.f.s.DefaultListableBeanFactory - Creating shared instance of singleton bean 'nullValueReturned'
03:10:37.998 [Test worker] DEBUG o.s.c.s.ClassPathXmlApplicationContext - Refreshing org.springframework.context.support.ClassPathXmlApplicationContext@5c93f0a
03:10:38.007 [Test worker] DEBUG o.s.b.f.x.XmlBeanDefinitionReader - Loaded 18 bean definitions from class path resource [org/springframework/aop/framework/autoproxy/AdvisorAutoProxyCreatorIntegrationTests-context.xml]
03:10:38.012 [Test worker] DEBUG o.s.b.f.s.DefaultListableBeanFactory - Creating shared instance of singleton bean 'aapc'
03:10:38.013 [Test worker] DEBUG o.s.b.f.s.DefaultListableBeanFactory - Creating shared instance of singleton bean 'orderedBeforeTransaction'
03:10:38.015 [Test worker] DEBUG o.s.b.f.s.DefaultListableBeanFactory - Creating shared instance of singleton bean 'orderedAfterTransaction'
03:10:38.016 [Test worker] DEBUG o.s.b.f.s.DefaultListableBeanFactory - Creating shared instance of singleton bean 'orderedAfterTransaction2'
03:10:38.016 [Test worker] DEBUG o.s.b.f.s.DefaultListableBeanFactory - Creating shared instance of singleton bean 'txManager'
03:10:38.017 [Test worker] DEBUG o.s.b.f.s.DefaultListableBeanFactory - Creating shared instance of singleton bean 'txAdvisor'
03:10:38.018 [Test worker] DEBUG o.s.b.f.s.DefaultListableBeanFactory - Creating shared instance of singleton bean 'txInterceptor'
03:10:38.018 [Test worker] DEBUG o.s.b.f.s.DefaultListableBeanFactory - Creating shared instance of singleton bean 'singletonDependency'
03:10:38.021 [Test worker] DEBUG o.s.b.f.s.DefaultListableBeanFactory - Creating shared instance of singleton bean 'org.springframework.aop.support.RegexpMethodPointcutAdvisor#0'
03:10:38.022 [Test worker] DEBUG o.s.b.f.s.DefaultListableBeanFactory - Creating shared instance of singleton bean 'countingAdvice'
03:10:38.026 [Test worker] DEBUG o.s.b.f.s.DefaultListableBeanFactory - Creating shared instance of singleton bean 'tas'
03:10:38.027 [Test worker] DEBUG o.s.t.i.NameMatchTransactionAttributeSource - Adding transactional method [rollbackOnly] with attribute [PROPAGATION_REQUIRED,ISOLATION_DEFAULT]
03:10:38.027 [Test worker] DEBUG o.s.t.i.NameMatchTransactionAttributeSource - Adding transactional method [setA*] with attribute [PROPAGATION_REQUIRED,ISOLATION_DEFAULT]
03:10:38.027 [Test worker] DEBUG o.s.t.i.NameMatchTransactionAttributeSource - Adding transactional method [echoException] with attribute [PROPAGATION_REQUIRED,ISOLATION_DEFAULT,+javax.servlet.ServletException,-java.lang.Exception]
03:10:38.029 [Test worker] DEBUG o.s.b.f.s.DefaultListableBeanFactory - Creating shared instance of singleton bean 'test'
03:10:38.031 [Test worker] DEBUG o.s.b.f.s.DefaultListableBeanFactory - Creating shared instance of singleton bean 'noSetters'
03:10:38.032 [Test worker] DEBUG o.s.b.f.s.DefaultListableBeanFactory - Creating shared instance of singleton bean 'rollback'
03:10:38.034 [Test worker] DEBUG o.s.b.f.s.DefaultListableBeanFactory - Creating shared instance of singleton bean 'tb'
03:10:38.035 [Test worker] DEBUG o.s.b.f.s.DefaultListableBeanFactory - Creating shared instance of singleton bean 'nullValueReturned'
03:10:38.041 [Test worker] DEBUG o.s.t.t.CallCountingTransactionManager - Creating new transaction with name [org.springframework.aop.framework.autoproxy.Rollback.echoException]: PROPAGATION_REQUIRED,ISOLATION_DEFAULT,+javax.servlet.ServletException,-java.lang.Exception
03:10:38.041 [Test worker] DEBUG o.s.t.t.CallCountingTransactionManager - Initiating transaction commit
03:10:38.043 [Test worker] DEBUG o.s.c.s.ClassPathXmlApplicationContext - Refreshing org.springframework.context.support.ClassPathXmlApplicationContext@4f8dc30b
03:10:38.054 [Test worker] DEBUG o.s.b.f.x.XmlBeanDefinitionReader - Loaded 18 bean definitions from class path resource [org/springframework/aop/framework/autoproxy/AdvisorAutoProxyCreatorIntegrationTests-context.xml]
03:10:38.056 [Test worker] DEBUG o.s.b.f.s.DefaultListableBeanFactory - Creating shared instance of singleton bean 'aapc'
03:10:38.057 [Test worker] DEBUG o.s.b.f.s.DefaultListableBeanFactory - Creating shared instance of singleton bean 'orderedBeforeTransaction'
03:10:38.058 [Test worker] DEBUG o.s.b.f.s.DefaultListableBeanFactory - Creating shared instance of singleton bean 'orderedAfterTransaction'
03:10:38.059 [Test worker] DEBUG o.s.b.f.s.DefaultListableBeanFactory - Creating shared instance of singleton bean 'orderedAfterTransaction2'
03:10:38.060 [Test worker] DEBUG o.s.b.f.s.DefaultListableBeanFactory - Creating shared instance of singleton bean 'txManager'
03:10:38.061 [Test worker] DEBUG o.s.b.f.s.DefaultListableBeanFactory - Creating shared instance of singleton bean 'txAdvisor'
03:10:38.062 [Test worker] DEBUG o.s.b.f.s.DefaultListableBeanFactory - Creating shared instance of singleton bean 'txInterceptor'
03:10:38.065 [Test worker] DEBUG o.s.b.f.s.DefaultListableBeanFactory - Creating shared instance of singleton bean 'singletonDependency'
03:10:38.068 [Test worker] DEBUG o.s.b.f.s.DefaultListableBeanFactory - Creating shared instance of singleton bean 'org.springframework.aop.support.RegexpMethodPointcutAdvisor#0'
03:10:38.069 [Test worker] DEBUG o.s.b.f.s.DefaultListableBeanFactory - Creating shared instance of singleton bean 'countingAdvice'
03:10:38.071 [Test worker] DEBUG o.s.b.f.s.DefaultListableBeanFactory - Creating shared instance of singleton bean 'tas'
03:10:38.072 [Test worker] DEBUG o.s.t.i.NameMatchTransactionAttributeSource - Adding transactional method [rollbackOnly] with attribute [PROPAGATION_REQUIRED,ISOLATION_DEFAULT]
03:10:38.073 [Test worker] DEBUG o.s.t.i.NameMatchTransactionAttributeSource - Adding transactional method [setA*] with attribute [PROPAGATION_REQUIRED,ISOLATION_DEFAULT]
03:10:38.073 [Test worker] DEBUG o.s.t.i.NameMatchTransactionAttributeSource - Adding transactional method [echoException] with attribute [PROPAGATION_REQUIRED,ISOLATION_DEFAULT,+javax.servlet.ServletException,-java.lang.Exception]
03:10:38.075 [Test worker] DEBUG o.s.b.f.s.DefaultListableBeanFactory - Creating shared instance of singleton bean 'test'
03:10:38.077 [Test worker] DEBUG o.s.b.f.s.DefaultListableBeanFactory - Creating shared instance of singleton bean 'noSetters'
03:10:38.078 [Test worker] DEBUG o.s.b.f.s.DefaultListableBeanFactory - Creating shared instance of singleton bean 'rollback'
03:10:38.079 [Test worker] DEBUG o.s.b.f.s.DefaultListableBeanFactory - Creating shared instance of singleton bean 'tb'
03:10:38.080 [Test worker] DEBUG o.s.b.f.s.DefaultListableBeanFactory - Creating shared instance of singleton bean 'nullValueReturned'
03:10:38.083 [Test worker] DEBUG o.s.t.t.CallCountingTransactionManager - Creating new transaction with name [org.springframework.aop.framework.autoproxy.Rollback.rollbackOnly]: PROPAGATION_REQUIRED,ISOLATION_DEFAULT
03:10:38.083 [Test worker] DEBUG o.s.t.t.CallCountingTransactionManager - Initiating transaction commit
03:10:38.083 [Test worker] DEBUG o.s.t.t.CallCountingTransactionManager - Creating new transaction with name [org.springframework.aop.framework.autoproxy.Rollback.rollbackOnly]: PROPAGATION_REQUIRED,ISOLATION_DEFAULT
03:10:38.083 [Test worker] DEBUG o.s.t.t.CallCountingTransactionManager - Transactional code has requested rollback
03:10:38.083 [Test worker] DEBUG o.s.t.t.CallCountingTransactionManager - Initiating transaction rollback
03:10:38.085 [Test worker] DEBUG o.s.c.s.ClassPathXmlApplicationContext - Refreshing org.springframework.context.support.ClassPathXmlApplicationContext@644d6aac
03:10:38.103 [Test worker] DEBUG o.s.b.f.x.XmlBeanDefinitionReader - Loaded 18 bean definitions from class path resource [org/springframework/aop/framework/autoproxy/AdvisorAutoProxyCreatorIntegrationTests-context.xml]
03:10:38.115 [Test worker] DEBUG o.s.b.f.s.DefaultListableBeanFactory - Creating shared instance of singleton bean 'aapc'
03:10:38.120 [Test worker] DEBUG o.s.b.f.s.DefaultListableBeanFactory - Creating shared instance of singleton bean 'orderedBeforeTransaction'
03:10:38.123 [Test worker] DEBUG o.s.b.f.s.DefaultListableBeanFactory - Creating shared instance of singleton bean 'orderedAfterTransaction'
03:10:38.126 [Test worker] DEBUG o.s.b.f.s.DefaultListableBeanFactory - Creating shared instance of singleton bean 'orderedAfterTransaction2'
03:10:38.127 [Test worker] DEBUG o.s.b.f.s.DefaultListableBeanFactory - Creating shared instance of singleton bean 'txManager'
03:10:38.128 [Test worker] DEBUG o.s.b.f.s.DefaultListableBeanFactory - Creating shared instance of singleton bean 'txAdvisor'
03:10:38.129 [Test worker] DEBUG o.s.b.f.s.DefaultListableBeanFactory - Creating shared instance of singleton bean 'txInterceptor'
03:10:38.130 [Test worker] DEBUG o.s.b.f.s.DefaultListableBeanFactory - Creating shared instance of singleton bean 'singletonDependency'
03:10:38.141 [Test worker] DEBUG o.s.b.f.s.DefaultListableBeanFactory - Creating shared instance of singleton bean 'org.springframework.aop.support.RegexpMethodPointcutAdvisor#0'
03:10:38.142 [Test worker] DEBUG o.s.b.f.s.DefaultListableBeanFactory - Creating shared instance of singleton bean 'countingAdvice'
03:10:38.167 [Test worker] DEBUG o.s.b.f.s.DefaultListableBeanFactory - Creating shared instance of singleton bean 'tas'
03:10:38.168 [Test worker] DEBUG o.s.t.i.NameMatchTransactionAttributeSource - Adding transactional method [rollbackOnly] with attribute [PROPAGATION_REQUIRED,ISOLATION_DEFAULT]
03:10:38.169 [Test worker] DEBUG o.s.t.i.NameMatchTransactionAttributeSource - Adding transactional method [setA*] with attribute [PROPAGATION_REQUIRED,ISOLATION_DEFAULT]
03:10:38.169 [Test worker] DEBUG o.s.t.i.NameMatchTransactionAttributeSource - Adding transactional method [echoException] with attribute [PROPAGATION_REQUIRED,ISOLATION_DEFAULT,+javax.servlet.ServletException,-java.lang.Exception]
03:10:38.171 [Test worker] DEBUG o.s.b.f.s.DefaultListableBeanFactory - Creating shared instance of singleton bean 'test'
03:10:38.174 [Test worker] DEBUG o.s.b.f.s.DefaultListableBeanFactory - Creating shared instance of singleton bean 'noSetters'
03:10:38.178 [Test worker] DEBUG o.s.b.f.s.DefaultListableBeanFactory - Creating shared instance of singleton bean 'rollback'
03:10:38.180 [Test worker] DEBUG o.s.b.f.s.DefaultListableBeanFactory - Creating shared instance of singleton bean 'tb'
03:10:38.185 [Test worker] DEBUG o.s.b.f.s.DefaultListableBeanFactory - Creating shared instance of singleton bean 'nullValueReturned'
]]></system-out>
  <system-err><![CDATA[]]></system-err>
</testsuite>
