<?xml version="1.0" encoding="UTF-8"?>
<testsuite name="org.springframework.aop.config.AopNamespaceHandlerAdviceOrderIntegrationTests$AfterAdviceLastTests" tests="1" skipped="0" failures="0" errors="0" timestamp="2023-03-06T08:10:35" hostname="DESKTOP-VGJP1PJ" time="0.529">
  <properties/>
  <testcase name="afterAdviceIsInvokedLast(Echo, InvocationTrackingAspect)" classname="org.springframework.aop.config.AopNamespaceHandlerAdviceOrderIntegrationTests$AfterAdviceLastTests" time="0.529"/>
  <system-out><![CDATA[03:10:31.466 [Test worker] DEBUG o.s.t.c.BootstrapUtils - Instantiating CacheAwareContextLoaderDelegate from class [org.springframework.test.context.cache.DefaultCacheAwareContextLoaderDelegate]
03:10:31.491 [Test worker] DEBUG o.s.t.c.BootstrapUtils - Instantiating BootstrapContext using constructor [public org.springframework.test.context.support.DefaultBootstrapContext(java.lang.Class,org.springframework.test.context.CacheAwareContextLoaderDelegate)]
03:10:31.523 [Test worker] DEBUG o.s.t.c.BootstrapUtils - Instantiating TestContextBootstrapper for test class [org.springframework.aop.config.AopNamespaceHandlerAdviceOrderIntegrationTests$AfterAdviceLastTests] from class [org.springframework.test.context.support.DefaultTestContextBootstrapper]
03:10:31.544 [Test worker] DEBUG o.s.t.c.s.AbstractDelegatingSmartContextLoader - Delegating to GenericXmlContextLoader to process context configuration [ContextConfigurationAttributes@73367694 declaringClass = 'org.springframework.aop.config.AopNamespaceHandlerAdviceOrderIntegrationTests$AfterAdviceLastTests', classes = '{}', locations = '{AopNamespaceHandlerAdviceOrderIntegrationTests-afterLast.xml}', inheritLocations = true, initializers = '{}', inheritInitializers = true, name = [null], contextLoaderClass = 'org.springframework.test.context.ContextLoader'].
03:10:31.568 [Test worker] DEBUG o.s.t.c.s.ActiveProfilesUtils - Could not find an 'annotation declaring class' for annotation type [org.springframework.test.context.ActiveProfiles] and class [org.springframework.aop.config.AopNamespaceHandlerAdviceOrderIntegrationTests$AfterAdviceLastTests]
03:10:31.569 [Test worker] DEBUG o.s.t.c.s.DefaultTestContextBootstrapper - @TestExecutionListeners is not present for class [org.springframework.aop.config.AopNamespaceHandlerAdviceOrderIntegrationTests$AfterAdviceLastTests]: using defaults.
03:10:31.570 [Test worker] INFO  o.s.t.c.s.DefaultTestContextBootstrapper - Loaded default TestExecutionListener class names from location [META-INF/spring.factories]: [org.springframework.test.context.web.ServletTestExecutionListener, org.springframework.test.context.support.DirtiesContextBeforeModesTestExecutionListener, org.springframework.test.context.support.DependencyInjectionTestExecutionListener, org.springframework.test.context.support.DirtiesContextTestExecutionListener, org.springframework.test.context.transaction.TransactionalTestExecutionListener, org.springframework.test.context.jdbc.SqlScriptsTestExecutionListener, org.springframework.test.context.event.EventPublishingTestExecutionListener]
03:10:31.709 [Test worker] INFO  o.s.t.c.s.DefaultTestContextBootstrapper - Using TestExecutionListeners: [org.springframework.test.context.web.ServletTestExecutionListener@51a6c719, org.springframework.test.context.support.DirtiesContextBeforeModesTestExecutionListener@42c5197b, org.springframework.test.context.support.DependencyInjectionTestExecutionListener@17576451, org.springframework.test.context.support.DirtiesContextTestExecutionListener@7b07c4f3, org.springframework.test.context.transaction.TransactionalTestExecutionListener@1cfe5a85, org.springframework.test.context.jdbc.SqlScriptsTestExecutionListener@761a96a0, org.springframework.test.context.event.EventPublishingTestExecutionListener@5ac311de]
03:10:31.712 [Test worker] DEBUG o.s.t.c.s.AbstractDirtiesContextTestExecutionListener - Before test class: context [DefaultTestContext@71623d2a testClass = AopNamespaceHandlerAdviceOrderIntegrationTests.AfterAdviceLastTests, testInstance = [null], testMethod = [null], testException = [null], mergedContextConfiguration = [MergedContextConfiguration@53ef1a30 testClass = AopNamespaceHandlerAdviceOrderIntegrationTests.AfterAdviceLastTests, locations = '{classpath:/org/springframework/aop/config/AopNamespaceHandlerAdviceOrderIntegrationTests-afterLast.xml}', classes = '{}', contextInitializerClasses = '[]', activeProfiles = '{}', propertySourceLocations = '{}', propertySourceProperties = '{}', contextCustomizers = set[[empty]], contextLoader = 'org.springframework.test.context.support.DelegatingSmartContextLoader', parent = [null]], attributes = map[[empty]]], class annotated with @DirtiesContext [true] with mode [AFTER_CLASS].
03:10:31.744 [Test worker] DEBUG o.s.t.c.s.DependencyInjectionTestExecutionListener - Performing dependency injection for test context [[DefaultTestContext@71623d2a testClass = AopNamespaceHandlerAdviceOrderIntegrationTests.AfterAdviceLastTests, testInstance = org.springframework.aop.config.AopNamespaceHandlerAdviceOrderIntegrationTests$AfterAdviceLastTests@6bfed4d7, testMethod = [null], testException = [null], mergedContextConfiguration = [MergedContextConfiguration@53ef1a30 testClass = AopNamespaceHandlerAdviceOrderIntegrationTests.AfterAdviceLastTests, locations = '{classpath:/org/springframework/aop/config/AopNamespaceHandlerAdviceOrderIntegrationTests-afterLast.xml}', classes = '{}', contextInitializerClasses = '[]', activeProfiles = '{}', propertySourceLocations = '{}', propertySourceProperties = '{}', contextCustomizers = set[[empty]], contextLoader = 'org.springframework.test.context.support.DelegatingSmartContextLoader', parent = [null]], attributes = map[[empty]]]].
03:10:31.746 [Test worker] DEBUG o.s.t.c.s.AbstractDelegatingSmartContextLoader - Delegating to GenericXmlContextLoader to load context from [MergedContextConfiguration@53ef1a30 testClass = AopNamespaceHandlerAdviceOrderIntegrationTests.AfterAdviceLastTests, locations = '{classpath:/org/springframework/aop/config/AopNamespaceHandlerAdviceOrderIntegrationTests-afterLast.xml}', classes = '{}', contextInitializerClasses = '[]', activeProfiles = '{}', propertySourceLocations = '{}', propertySourceProperties = '{}', contextCustomizers = set[[empty]], contextLoader = 'org.springframework.test.context.support.DelegatingSmartContextLoader', parent = [null]].
03:10:31.747 [Test worker] DEBUG o.s.t.c.s.AbstractGenericContextLoader - Loading ApplicationContext for merged context configuration [[MergedContextConfiguration@53ef1a30 testClass = AopNamespaceHandlerAdviceOrderIntegrationTests.AfterAdviceLastTests, locations = '{classpath:/org/springframework/aop/config/AopNamespaceHandlerAdviceOrderIntegrationTests-afterLast.xml}', classes = '{}', contextInitializerClasses = '[]', activeProfiles = '{}', propertySourceLocations = '{}', propertySourceProperties = '{}', contextCustomizers = set[[empty]], contextLoader = 'org.springframework.test.context.support.DelegatingSmartContextLoader', parent = [null]]].
03:10:31.800 [Test worker] DEBUG o.s.c.e.StandardEnvironment - Activating profiles []
03:10:34.032 [Test worker] DEBUG o.s.b.f.x.XmlBeanDefinitionReader - Loaded 9 bean definitions from class path resource [org/springframework/aop/config/AopNamespaceHandlerAdviceOrderIntegrationTests-afterLast.xml]
03:10:34.128 [Test worker] DEBUG o.s.c.s.GenericApplicationContext - Refreshing org.springframework.context.support.GenericApplicationContext@5933a7f1
03:10:34.169 [Test worker] DEBUG o.s.b.f.s.DefaultListableBeanFactory - Creating shared instance of singleton bean 'org.springframework.context.annotation.internalConfigurationAnnotationProcessor'
03:10:34.435 [Test worker] DEBUG o.s.b.f.s.DefaultListableBeanFactory - Creating shared instance of singleton bean 'org.springframework.context.event.internalEventListenerProcessor'
03:10:34.439 [Test worker] DEBUG o.s.b.f.s.DefaultListableBeanFactory - Creating shared instance of singleton bean 'org.springframework.context.event.internalEventListenerFactory'
03:10:34.441 [Test worker] DEBUG o.s.b.f.s.DefaultListableBeanFactory - Creating shared instance of singleton bean 'org.springframework.context.annotation.internalAutowiredAnnotationProcessor'
03:10:34.444 [Test worker] DEBUG o.s.b.f.s.DefaultListableBeanFactory - Creating shared instance of singleton bean 'org.springframework.context.annotation.internalCommonAnnotationProcessor'
03:10:34.452 [Test worker] DEBUG o.s.b.f.s.DefaultListableBeanFactory - Creating shared instance of singleton bean 'org.springframework.context.annotation.internalPersistenceAnnotationProcessor'
03:10:34.454 [Test worker] DEBUG o.s.b.f.s.DefaultListableBeanFactory - Creating shared instance of singleton bean 'org.springframework.aop.config.internalAutoProxyCreator'
03:10:34.560 [Test worker] DEBUG o.s.b.f.s.DefaultListableBeanFactory - Creating shared instance of singleton bean 'echo'
03:10:34.560 [Test worker] DEBUG o.s.b.f.s.DefaultListableBeanFactory - Creating shared instance of singleton bean 'org.springframework.aop.aspectj.AspectJPointcutAdvisor#0'
03:10:35.128 [Test worker] DEBUG o.s.b.f.s.DefaultListableBeanFactory - Creating shared instance of singleton bean 'org.springframework.aop.aspectj.AspectJPointcutAdvisor#1'
03:10:35.134 [Test worker] DEBUG o.s.b.f.s.DefaultListableBeanFactory - Creating shared instance of singleton bean 'org.springframework.aop.aspectj.AspectJPointcutAdvisor#2'
03:10:35.145 [Test worker] DEBUG o.s.b.f.s.DefaultListableBeanFactory - Creating shared instance of singleton bean 'org.springframework.aop.aspectj.AspectJPointcutAdvisor#3'
03:10:35.151 [Test worker] DEBUG o.s.b.f.s.DefaultListableBeanFactory - Creating shared instance of singleton bean 'org.springframework.aop.aspectj.AspectJPointcutAdvisor#4'
03:10:35.369 [Test worker] DEBUG o.s.b.f.s.DefaultListableBeanFactory - Creating shared instance of singleton bean 'invocationTrackingAspect'
03:10:35.381 [Test worker] DEBUG o.s.t.c.c.DefaultCacheAwareContextLoaderDelegate - Storing ApplicationContext [1496557553] in cache under key [[MergedContextConfiguration@53ef1a30 testClass = AopNamespaceHandlerAdviceOrderIntegrationTests.AfterAdviceLastTests, locations = '{classpath:/org/springframework/aop/config/AopNamespaceHandlerAdviceOrderIntegrationTests-afterLast.xml}', classes = '{}', contextInitializerClasses = '[]', activeProfiles = '{}', propertySourceLocations = '{}', propertySourceProperties = '{}', contextCustomizers = set[[empty]], contextLoader = 'org.springframework.test.context.support.DelegatingSmartContextLoader', parent = [null]]]
03:10:35.382 [Test worker] DEBUG o.s.t.c.cache - Spring test ApplicationContext cache statistics: [DefaultContextCache@689be0ef size = 1, maxSize = 32, parentContextCount = 0, hitCount = 0, missCount = 1]
03:10:35.392 [Test worker] DEBUG o.s.t.c.c.DefaultCacheAwareContextLoaderDelegate - Retrieved ApplicationContext [1496557553] from cache with key [[MergedContextConfiguration@53ef1a30 testClass = AopNamespaceHandlerAdviceOrderIntegrationTests.AfterAdviceLastTests, locations = '{classpath:/org/springframework/aop/config/AopNamespaceHandlerAdviceOrderIntegrationTests-afterLast.xml}', classes = '{}', contextInitializerClasses = '[]', activeProfiles = '{}', propertySourceLocations = '{}', propertySourceProperties = '{}', contextCustomizers = set[[empty]], contextLoader = 'org.springframework.test.context.support.DelegatingSmartContextLoader', parent = [null]]]
03:10:35.393 [Test worker] DEBUG o.s.t.c.cache - Spring test ApplicationContext cache statistics: [DefaultContextCache@689be0ef size = 1, maxSize = 32, parentContextCount = 0, hitCount = 1, missCount = 1]
03:10:35.401 [Test worker] DEBUG o.s.t.c.s.AbstractDirtiesContextTestExecutionListener - Before test method: context [DefaultTestContext@71623d2a testClass = AopNamespaceHandlerAdviceOrderIntegrationTests.AfterAdviceLastTests, testInstance = org.springframework.aop.config.AopNamespaceHandlerAdviceOrderIntegrationTests$AfterAdviceLastTests@6bfed4d7, testMethod = afterAdviceIsInvokedLast@AopNamespaceHandlerAdviceOrderIntegrationTests.AfterAdviceLastTests, testException = [null], mergedContextConfiguration = [MergedContextConfiguration@53ef1a30 testClass = AopNamespaceHandlerAdviceOrderIntegrationTests.AfterAdviceLastTests, locations = '{classpath:/org/springframework/aop/config/AopNamespaceHandlerAdviceOrderIntegrationTests-afterLast.xml}', classes = '{}', contextInitializerClasses = '[]', activeProfiles = '{}', propertySourceLocations = '{}', propertySourceProperties = '{}', contextCustomizers = set[[empty]], contextLoader = 'org.springframework.test.context.support.DelegatingSmartContextLoader', parent = [null]], attributes = map[[empty]]], class annotated with @DirtiesContext [true] with mode [AFTER_CLASS], method annotated with @DirtiesContext [false] with mode [null].
03:10:35.407 [Test worker] DEBUG o.s.t.c.c.DefaultCacheAwareContextLoaderDelegate - Retrieved ApplicationContext [1496557553] from cache with key [[MergedContextConfiguration@53ef1a30 testClass = AopNamespaceHandlerAdviceOrderIntegrationTests.AfterAdviceLastTests, locations = '{classpath:/org/springframework/aop/config/AopNamespaceHandlerAdviceOrderIntegrationTests-afterLast.xml}', classes = '{}', contextInitializerClasses = '[]', activeProfiles = '{}', propertySourceLocations = '{}', propertySourceProperties = '{}', contextCustomizers = set[[empty]], contextLoader = 'org.springframework.test.context.support.DelegatingSmartContextLoader', parent = [null]]]
03:10:35.408 [Test worker] DEBUG o.s.t.c.cache - Spring test ApplicationContext cache statistics: [DefaultContextCache@689be0ef size = 1, maxSize = 32, parentContextCount = 0, hitCount = 2, missCount = 1]
03:10:35.410 [Test worker] DEBUG o.s.t.c.c.DefaultCacheAwareContextLoaderDelegate - Retrieved ApplicationContext [1496557553] from cache with key [[MergedContextConfiguration@53ef1a30 testClass = AopNamespaceHandlerAdviceOrderIntegrationTests.AfterAdviceLastTests, locations = '{classpath:/org/springframework/aop/config/AopNamespaceHandlerAdviceOrderIntegrationTests-afterLast.xml}', classes = '{}', contextInitializerClasses = '[]', activeProfiles = '{}', propertySourceLocations = '{}', propertySourceProperties = '{}', contextCustomizers = set[[empty]], contextLoader = 'org.springframework.test.context.support.DelegatingSmartContextLoader', parent = [null]]]
03:10:35.411 [Test worker] DEBUG o.s.t.c.cache - Spring test ApplicationContext cache statistics: [DefaultContextCache@689be0ef size = 1, maxSize = 32, parentContextCount = 0, hitCount = 3, missCount = 1]
03:10:35.420 [Test worker] DEBUG o.s.t.c.c.DefaultCacheAwareContextLoaderDelegate - Retrieved ApplicationContext [1496557553] from cache with key [[MergedContextConfiguration@53ef1a30 testClass = AopNamespaceHandlerAdviceOrderIntegrationTests.AfterAdviceLastTests, locations = '{classpath:/org/springframework/aop/config/AopNamespaceHandlerAdviceOrderIntegrationTests-afterLast.xml}', classes = '{}', contextInitializerClasses = '[]', activeProfiles = '{}', propertySourceLocations = '{}', propertySourceProperties = '{}', contextCustomizers = set[[empty]], contextLoader = 'org.springframework.test.context.support.DelegatingSmartContextLoader', parent = [null]]]
03:10:35.420 [Test worker] DEBUG o.s.t.c.cache - Spring test ApplicationContext cache statistics: [DefaultContextCache@689be0ef size = 1, maxSize = 32, parentContextCount = 0, hitCount = 4, missCount = 1]
03:10:35.430 [Test worker] DEBUG o.s.t.c.c.DefaultCacheAwareContextLoaderDelegate - Retrieved ApplicationContext [1496557553] from cache with key [[MergedContextConfiguration@53ef1a30 testClass = AopNamespaceHandlerAdviceOrderIntegrationTests.AfterAdviceLastTests, locations = '{classpath:/org/springframework/aop/config/AopNamespaceHandlerAdviceOrderIntegrationTests-afterLast.xml}', classes = '{}', contextInitializerClasses = '[]', activeProfiles = '{}', propertySourceLocations = '{}', propertySourceProperties = '{}', contextCustomizers = set[[empty]], contextLoader = 'org.springframework.test.context.support.DelegatingSmartContextLoader', parent = [null]]]
03:10:35.431 [Test worker] DEBUG o.s.t.c.cache - Spring test ApplicationContext cache statistics: [DefaultContextCache@689be0ef size = 1, maxSize = 32, parentContextCount = 0, hitCount = 5, missCount = 1]
03:10:35.908 [Test worker] DEBUG o.s.t.c.c.DefaultCacheAwareContextLoaderDelegate - Retrieved ApplicationContext [1496557553] from cache with key [[MergedContextConfiguration@53ef1a30 testClass = AopNamespaceHandlerAdviceOrderIntegrationTests.AfterAdviceLastTests, locations = '{classpath:/org/springframework/aop/config/AopNamespaceHandlerAdviceOrderIntegrationTests-afterLast.xml}', classes = '{}', contextInitializerClasses = '[]', activeProfiles = '{}', propertySourceLocations = '{}', propertySourceProperties = '{}', contextCustomizers = set[[empty]], contextLoader = 'org.springframework.test.context.support.DelegatingSmartContextLoader', parent = [null]]]
03:10:35.909 [Test worker] DEBUG o.s.t.c.cache - Spring test ApplicationContext cache statistics: [DefaultContextCache@689be0ef size = 1, maxSize = 32, parentContextCount = 0, hitCount = 6, missCount = 1]
03:10:35.913 [Test worker] DEBUG o.s.t.c.c.DefaultCacheAwareContextLoaderDelegate - Retrieved ApplicationContext [1496557553] from cache with key [[MergedContextConfiguration@53ef1a30 testClass = AopNamespaceHandlerAdviceOrderIntegrationTests.AfterAdviceLastTests, locations = '{classpath:/org/springframework/aop/config/AopNamespaceHandlerAdviceOrderIntegrationTests-afterLast.xml}', classes = '{}', contextInitializerClasses = '[]', activeProfiles = '{}', propertySourceLocations = '{}', propertySourceProperties = '{}', contextCustomizers = set[[empty]], contextLoader = 'org.springframework.test.context.support.DelegatingSmartContextLoader', parent = [null]]]
03:10:35.913 [Test worker] DEBUG o.s.t.c.cache - Spring test ApplicationContext cache statistics: [DefaultContextCache@689be0ef size = 1, maxSize = 32, parentContextCount = 0, hitCount = 7, missCount = 1]
03:10:35.914 [Test worker] DEBUG o.s.t.c.s.AbstractDirtiesContextTestExecutionListener - After test method: context [DefaultTestContext@71623d2a testClass = AopNamespaceHandlerAdviceOrderIntegrationTests.AfterAdviceLastTests, testInstance = org.springframework.aop.config.AopNamespaceHandlerAdviceOrderIntegrationTests$AfterAdviceLastTests@6bfed4d7, testMethod = afterAdviceIsInvokedLast@AopNamespaceHandlerAdviceOrderIntegrationTests.AfterAdviceLastTests, testException = [null], mergedContextConfiguration = [MergedContextConfiguration@53ef1a30 testClass = AopNamespaceHandlerAdviceOrderIntegrationTests.AfterAdviceLastTests, locations = '{classpath:/org/springframework/aop/config/AopNamespaceHandlerAdviceOrderIntegrationTests-afterLast.xml}', classes = '{}', contextInitializerClasses = '[]', activeProfiles = '{}', propertySourceLocations = '{}', propertySourceProperties = '{}', contextCustomizers = set[[empty]], contextLoader = 'org.springframework.test.context.support.DelegatingSmartContextLoader', parent = [null]], attributes = map[[empty]]], class annotated with @DirtiesContext [true] with mode [AFTER_CLASS], method annotated with @DirtiesContext [false] with mode [null].
03:10:35.929 [Test worker] DEBUG o.s.t.c.c.DefaultCacheAwareContextLoaderDelegate - Retrieved ApplicationContext [1496557553] from cache with key [[MergedContextConfiguration@53ef1a30 testClass = AopNamespaceHandlerAdviceOrderIntegrationTests.AfterAdviceLastTests, locations = '{classpath:/org/springframework/aop/config/AopNamespaceHandlerAdviceOrderIntegrationTests-afterLast.xml}', classes = '{}', contextInitializerClasses = '[]', activeProfiles = '{}', propertySourceLocations = '{}', propertySourceProperties = '{}', contextCustomizers = set[[empty]], contextLoader = 'org.springframework.test.context.support.DelegatingSmartContextLoader', parent = [null]]]
03:10:35.929 [Test worker] DEBUG o.s.t.c.cache - Spring test ApplicationContext cache statistics: [DefaultContextCache@689be0ef size = 1, maxSize = 32, parentContextCount = 0, hitCount = 8, missCount = 1]
03:10:35.930 [Test worker] DEBUG o.s.t.c.s.AbstractDirtiesContextTestExecutionListener - After test class: context [DefaultTestContext@71623d2a testClass = AopNamespaceHandlerAdviceOrderIntegrationTests.AfterAdviceLastTests, testInstance = [null], testMethod = [null], testException = [null], mergedContextConfiguration = [MergedContextConfiguration@53ef1a30 testClass = AopNamespaceHandlerAdviceOrderIntegrationTests.AfterAdviceLastTests, locations = '{classpath:/org/springframework/aop/config/AopNamespaceHandlerAdviceOrderIntegrationTests-afterLast.xml}', classes = '{}', contextInitializerClasses = '[]', activeProfiles = '{}', propertySourceLocations = '{}', propertySourceProperties = '{}', contextCustomizers = set[[empty]], contextLoader = 'org.springframework.test.context.support.DelegatingSmartContextLoader', parent = [null]], attributes = map[[empty]]], class annotated with @DirtiesContext [true] with mode [AFTER_CLASS].
03:10:35.936 [Test worker] DEBUG o.s.c.s.GenericApplicationContext - Closing org.springframework.context.support.GenericApplicationContext@5933a7f1, started on Mon Mar 06 03:10:34 EST 2023
]]></system-out>
  <system-err><![CDATA[]]></system-err>
</testsuite>
