<?xml version="1.0" encoding="UTF-8"?>
<testsuite name="org.springframework.core.env.PropertyPlaceholderConfigurerEnvironmentIntegrationTests" tests="1" skipped="0" failures="0" errors="0" timestamp="2023-03-06T08:10:40" hostname="DESKTOP-VGJP1PJ" time="0.015">
  <properties/>
  <testcase name="test()" classname="org.springframework.core.env.PropertyPlaceholderConfigurerEnvironmentIntegrationTests" time="0.015"/>
  <system-out><![CDATA[03:10:40.183 [Test worker] DEBUG o.s.c.s.GenericApplicationContext - Refreshing org.springframework.context.support.GenericApplicationContext@49a403bc
03:10:40.183 [Test worker] DEBUG o.s.b.f.s.DefaultListableBeanFactory - Creating shared instance of singleton bean 'ppc'
03:10:40.195 [Test worker] DEBUG o.s.c.s.GenericApplicationContext - Closing org.springframework.context.support.GenericApplicationContext@49a403bc, started on Mon Mar 06 03:10:40 EST 2023
]]></system-out>
  <system-err><![CDATA[]]></system-err>
</testsuite>
