<?xml version="1.0" encoding="UTF-8"?>
<testsuite name="org.springframework.expression.spel.support.Spr7538Tests" tests="1" skipped="0" failures="0" errors="0" timestamp="2023-03-06T08:10:40" hostname="DESKTOP-VGJP1PJ" time="0.06">
  <properties/>
  <testcase name="repro()" classname="org.springframework.expression.spel.support.Spr7538Tests" time="0.06"/>
  <system-out><![CDATA[Result: TypedValue: 'true' of [java.lang.Boolean]
]]></system-out>
  <system-err><![CDATA[]]></system-err>
</testsuite>
