<?xml version="1.0" encoding="UTF-8"?>
<testsuite name="org.springframework.cache.aspectj.JCacheAspectJNamespaceConfigTests" tests="28" skipped="0" failures="0" errors="0" timestamp="2023-03-06T08:11:14" hostname="DESKTOP-VGJP1PJ" time="0.865">
  <properties/>
  <testcase name="earlyPutWithExceptionVetoPut()" classname="org.springframework.cache.aspectj.JCacheAspectJNamespaceConfigTests" time="0.065"/>
  <testcase name="removeWithException()" classname="org.springframework.cache.aspectj.JCacheAspectJNamespaceConfigTests" time="0.023"/>
  <testcase name="cacheExceptionVetoed()" classname="org.springframework.cache.aspectj.JCacheAspectJNamespaceConfigTests" time="0.041"/>
  <testcase name="cacheWithCustomCacheResolver()" classname="org.springframework.cache.aspectj.JCacheAspectJNamespaceConfigTests" time="0.068"/>
  <testcase name="earlyRemove()" classname="org.springframework.cache.aspectj.JCacheAspectJNamespaceConfigTests" time="0.055"/>
  <testcase name="remove()" classname="org.springframework.cache.aspectj.JCacheAspectJNamespaceConfigTests" time="0.05"/>
  <testcase name="earlyPut()" classname="org.springframework.cache.aspectj.JCacheAspectJNamespaceConfigTests" time="0.021"/>
  <testcase name="putWithException()" classname="org.springframework.cache.aspectj.JCacheAspectJNamespaceConfigTests" time="0.021"/>
  <testcase name="removeWithExceptionVetoRemove()" classname="org.springframework.cache.aspectj.JCacheAspectJNamespaceConfigTests" time="0.029"/>
  <testcase name="cacheWithCustomKeyGenerator()" classname="org.springframework.cache.aspectj.JCacheAspectJNamespaceConfigTests" time="0.029"/>
  <testcase name="cacheNull()" classname="org.springframework.cache.aspectj.JCacheAspectJNamespaceConfigTests" time="0.022"/>
  <testcase name="cacheCheckedException()" classname="org.springframework.cache.aspectj.JCacheAspectJNamespaceConfigTests" time="0.025"/>
  <testcase name="earlyRemoveAll()" classname="org.springframework.cache.aspectj.JCacheAspectJNamespaceConfigTests" time="0.025"/>
  <testcase name="put()" classname="org.springframework.cache.aspectj.JCacheAspectJNamespaceConfigTests" time="0.025"/>
  <testcase name="earlyRemoveAllWithExceptionVetoRemove()" classname="org.springframework.cache.aspectj.JCacheAspectJNamespaceConfigTests" time="0.017"/>
  <testcase name="earlyPutWithException()" classname="org.springframework.cache.aspectj.JCacheAspectJNamespaceConfigTests" time="0.025"/>
  <testcase name="cache()" classname="org.springframework.cache.aspectj.JCacheAspectJNamespaceConfigTests" time="0.02"/>
  <testcase name="earlyRemoveAllWithException()" classname="org.springframework.cache.aspectj.JCacheAspectJNamespaceConfigTests" time="0.019"/>
  <testcase name="earlyRemoveWithException()" classname="org.springframework.cache.aspectj.JCacheAspectJNamespaceConfigTests" time="0.022"/>
  <testcase name="cacheAlwaysInvoke()" classname="org.springframework.cache.aspectj.JCacheAspectJNamespaceConfigTests" time="0.019"/>
  <testcase name="removeAllWithExceptionVetoRemove()" classname="org.springframework.cache.aspectj.JCacheAspectJNamespaceConfigTests" time="0.021"/>
  <testcase name="earlyRemoveWithExceptionVetoRemove()" classname="org.springframework.cache.aspectj.JCacheAspectJNamespaceConfigTests" time="0.024"/>
  <testcase name="removeAll()" classname="org.springframework.cache.aspectj.JCacheAspectJNamespaceConfigTests" time="0.033"/>
  <testcase name="removeAllWithException()" classname="org.springframework.cache.aspectj.JCacheAspectJNamespaceConfigTests" time="0.019"/>
  <testcase name="cacheWithPartialKey()" classname="org.springframework.cache.aspectj.JCacheAspectJNamespaceConfigTests" time="0.031"/>
  <testcase name="putWithExceptionVetoPut()" classname="org.springframework.cache.aspectj.JCacheAspectJNamespaceConfigTests" time="0.028"/>
  <testcase name="cacheException()" classname="org.springframework.cache.aspectj.JCacheAspectJNamespaceConfigTests" time="0.022"/>
  <testcase name="cacheExceptionRewriteCallStack()" classname="org.springframework.cache.aspectj.JCacheAspectJNamespaceConfigTests" time="0.038"/>
  <system-out><![CDATA[]]></system-out>
  <system-err><![CDATA[]]></system-err>
</testsuite>
