<?xml version="1.0" encoding="UTF-8"?>
<testsuite name="org.springframework.cache.aspectj.JCacheAspectJJavaConfigTests" tests="28" skipped="0" failures="0" errors="0" timestamp="2023-03-06T08:11:07" hostname="DESKTOP-VGJP1PJ" time="7.052">
  <properties/>
  <testcase name="earlyPutWithExceptionVetoPut()" classname="org.springframework.cache.aspectj.JCacheAspectJJavaConfigTests" time="0.066"/>
  <testcase name="removeWithException()" classname="org.springframework.cache.aspectj.JCacheAspectJJavaConfigTests" time="0.015"/>
  <testcase name="cacheExceptionVetoed()" classname="org.springframework.cache.aspectj.JCacheAspectJJavaConfigTests" time="0.011"/>
  <testcase name="cacheWithCustomCacheResolver()" classname="org.springframework.cache.aspectj.JCacheAspectJJavaConfigTests" time="6.226"/>
  <testcase name="earlyRemove()" classname="org.springframework.cache.aspectj.JCacheAspectJJavaConfigTests" time="0.027"/>
  <testcase name="remove()" classname="org.springframework.cache.aspectj.JCacheAspectJJavaConfigTests" time="0.014"/>
  <testcase name="earlyPut()" classname="org.springframework.cache.aspectj.JCacheAspectJJavaConfigTests" time="0.043"/>
  <testcase name="putWithException()" classname="org.springframework.cache.aspectj.JCacheAspectJJavaConfigTests" time="0.086"/>
  <testcase name="removeWithExceptionVetoRemove()" classname="org.springframework.cache.aspectj.JCacheAspectJJavaConfigTests" time="0.023"/>
  <testcase name="cacheWithCustomKeyGenerator()" classname="org.springframework.cache.aspectj.JCacheAspectJJavaConfigTests" time="0.021"/>
  <testcase name="cacheNull()" classname="org.springframework.cache.aspectj.JCacheAspectJJavaConfigTests" time="0.021"/>
  <testcase name="cacheCheckedException()" classname="org.springframework.cache.aspectj.JCacheAspectJJavaConfigTests" time="0.058"/>
  <testcase name="earlyRemoveAll()" classname="org.springframework.cache.aspectj.JCacheAspectJJavaConfigTests" time="0.012"/>
  <testcase name="put()" classname="org.springframework.cache.aspectj.JCacheAspectJJavaConfigTests" time="0.012"/>
  <testcase name="earlyRemoveAllWithExceptionVetoRemove()" classname="org.springframework.cache.aspectj.JCacheAspectJJavaConfigTests" time="0.015"/>
  <testcase name="earlyPutWithException()" classname="org.springframework.cache.aspectj.JCacheAspectJJavaConfigTests" time="0.015"/>
  <testcase name="cache()" classname="org.springframework.cache.aspectj.JCacheAspectJJavaConfigTests" time="0.012"/>
  <testcase name="earlyRemoveAllWithException()" classname="org.springframework.cache.aspectj.JCacheAspectJJavaConfigTests" time="0.033"/>
  <testcase name="earlyRemoveWithException()" classname="org.springframework.cache.aspectj.JCacheAspectJJavaConfigTests" time="0.012"/>
  <testcase name="cacheAlwaysInvoke()" classname="org.springframework.cache.aspectj.JCacheAspectJJavaConfigTests" time="0.012"/>
  <testcase name="removeAllWithExceptionVetoRemove()" classname="org.springframework.cache.aspectj.JCacheAspectJJavaConfigTests" time="0.011"/>
  <testcase name="earlyRemoveWithExceptionVetoRemove()" classname="org.springframework.cache.aspectj.JCacheAspectJJavaConfigTests" time="0.013"/>
  <testcase name="removeAll()" classname="org.springframework.cache.aspectj.JCacheAspectJJavaConfigTests" time="0.011"/>
  <testcase name="removeAllWithException()" classname="org.springframework.cache.aspectj.JCacheAspectJJavaConfigTests" time="0.028"/>
  <testcase name="cacheWithPartialKey()" classname="org.springframework.cache.aspectj.JCacheAspectJJavaConfigTests" time="0.022"/>
  <testcase name="putWithExceptionVetoPut()" classname="org.springframework.cache.aspectj.JCacheAspectJJavaConfigTests" time="0.014"/>
  <testcase name="cacheException()" classname="org.springframework.cache.aspectj.JCacheAspectJJavaConfigTests" time="0.061"/>
  <testcase name="cacheExceptionRewriteCallStack()" classname="org.springframework.cache.aspectj.JCacheAspectJJavaConfigTests" time="0.141"/>
  <system-out><![CDATA[]]></system-out>
  <system-err><![CDATA[]]></system-err>
</testsuite>
