<?xml version="1.0" encoding="UTF-8"?>
<testsuite name="org.springframework.aop.aspectj.autoproxy.AutoProxyWithCodeStyleAspectsTests" tests="1" skipped="0" failures="0" errors="0" timestamp="2023-03-06T08:11:00" hostname="DESKTOP-VGJP1PJ" time="1.145">
  <properties/>
  <testcase name="noAutoproxyingOfAjcCompiledAspects()" classname="org.springframework.aop.aspectj.autoproxy.AutoProxyWithCodeStyleAspectsTests" time="1.145"/>
  <system-out><![CDATA[]]></system-out>
  <system-err><![CDATA[]]></system-err>
</testsuite>
