<?xml version="1.0" encoding="UTF-8"?>
<testsuite name="org.springframework.scheduling.aspectj.AnnotationDrivenBeanDefinitionParserTests" tests="3" skipped="0" failures="0" errors="0" timestamp="2023-03-06T08:11:15" hostname="DESKTOP-VGJP1PJ" time="0.223">
  <properties/>
  <testcase name="asyncPostProcessorExceptionHandlerReference()" classname="org.springframework.scheduling.aspectj.AnnotationDrivenBeanDefinitionParserTests" time="0.145"/>
  <testcase name="asyncAspectRegistered()" classname="org.springframework.scheduling.aspectj.AnnotationDrivenBeanDefinitionParserTests" time="0.016"/>
  <testcase name="asyncPostProcessorExecutorReference()" classname="org.springframework.scheduling.aspectj.AnnotationDrivenBeanDefinitionParserTests" time="0.062"/>
  <system-out><![CDATA[]]></system-out>
  <system-err><![CDATA[]]></system-err>
</testsuite>
