<?xml version="1.0" encoding="UTF-8"?>
<testsuite name="org.springframework.context.annotation.aspectj.AnnotationBeanConfigurerTests" tests="1" skipped="0" failures="0" errors="0" timestamp="2023-03-06T08:11:15" hostname="DESKTOP-VGJP1PJ" time="0.06">
  <properties/>
  <testcase name="injection()" classname="org.springframework.context.annotation.aspectj.AnnotationBeanConfigurerTests" time="0.06"/>
  <system-out><![CDATA[]]></system-out>
  <system-err><![CDATA[]]></system-err>
</testsuite>
