<?xml version="1.0" encoding="UTF-8"?>
<testsuite name="org.springframework.messaging.simp.annotation.support.SendToMethodReturnValueHandlerTests" tests="24" skipped="0" failures="0" errors="0" timestamp="2023-03-06T07:32:43" hostname="DESKTOP-VGJP1PJ" time="0.195">
  <properties/>
  <testcase name="sendToUserDefaultDestinationSingleSession()" classname="org.springframework.messaging.simp.annotation.support.SendToMethodReturnValueHandlerTests" time="0.112"/>
  <testcase name="jsonView()" classname="org.springframework.messaging.simp.annotation.support.SendToMethodReturnValueHandlerTests" time="0.003"/>
  <testcase name="sendToClassDefaultNoAnnotation()" classname="org.springframework.messaging.simp.annotation.support.SendToMethodReturnValueHandlerTests" time="0.004"/>
  <testcase name="sendToClassDefaultEmptyAnnotation()" classname="org.springframework.messaging.simp.annotation.support.SendToMethodReturnValueHandlerTests" time="0.002"/>
  <testcase name="sendToWithDestinationPlaceholders()" classname="org.springframework.messaging.simp.annotation.support.SendToMethodReturnValueHandlerTests" time="0.002"/>
  <testcase name="sendToUserWithUserNameProvider()" classname="org.springframework.messaging.simp.annotation.support.SendToMethodReturnValueHandlerTests" time="0.002"/>
  <testcase name="sendToClassDefaultOverride()" classname="org.springframework.messaging.simp.annotation.support.SendToMethodReturnValueHandlerTests" time="0.003"/>
  <testcase name="sendToUserDefaultDestination()" classname="org.springframework.messaging.simp.annotation.support.SendToMethodReturnValueHandlerTests" time="0.003"/>
  <testcase name="sendToDefaultDestination()" classname="org.springframework.messaging.simp.annotation.support.SendToMethodReturnValueHandlerTests" time="0.002"/>
  <testcase name="sendToAndSendToUser()" classname="org.springframework.messaging.simp.annotation.support.SendToMethodReturnValueHandlerTests" time="0.002"/>
  <testcase name="sendToDefaultDestinationWhenUsingDotPathSeparator()" classname="org.springframework.messaging.simp.annotation.support.SendToMethodReturnValueHandlerTests" time="0.001"/>
  <testcase name="sendTo()" classname="org.springframework.messaging.simp.annotation.support.SendToMethodReturnValueHandlerTests" time="0.001"/>
  <testcase name="sendToUserClassDefaultOverride()" classname="org.springframework.messaging.simp.annotation.support.SendToMethodReturnValueHandlerTests" time="0.003"/>
  <testcase name="sendToUserWithSendToDefaultOverride()" classname="org.springframework.messaging.simp.annotation.support.SendToMethodReturnValueHandlerTests" time="0.002"/>
  <testcase name="sendToUserDefaultDestinationWhenUsingDotPathSeparator()" classname="org.springframework.messaging.simp.annotation.support.SendToMethodReturnValueHandlerTests" time="0.002"/>
  <testcase name="sendToUserClassDefaultEmptyAnnotation()" classname="org.springframework.messaging.simp.annotation.support.SendToMethodReturnValueHandlerTests" time="0.003"/>
  <testcase name="sendToUser()" classname="org.springframework.messaging.simp.annotation.support.SendToMethodReturnValueHandlerTests" time="0.003"/>
  <testcase name="sendToUserSingleSession()" classname="org.springframework.messaging.simp.annotation.support.SendToMethodReturnValueHandlerTests" time="0.002"/>
  <testcase name="sendToNoAnnotations()" classname="org.springframework.messaging.simp.annotation.support.SendToMethodReturnValueHandlerTests" time="0.002"/>
  <testcase name="testHeadersToSend()" classname="org.springframework.messaging.simp.annotation.support.SendToMethodReturnValueHandlerTests" time="0.027"/>
  <testcase name="sendToUserWithSendToOverride()" classname="org.springframework.messaging.simp.annotation.support.SendToMethodReturnValueHandlerTests" time="0.001"/>
  <testcase name="sendToUserClassDefaultNoAnnotation()" classname="org.springframework.messaging.simp.annotation.support.SendToMethodReturnValueHandlerTests" time="0.001"/>
  <testcase name="sendToUserSessionWithoutUserName()" classname="org.springframework.messaging.simp.annotation.support.SendToMethodReturnValueHandlerTests" time="0.003"/>
  <testcase name="supportsReturnType()" classname="org.springframework.messaging.simp.annotation.support.SendToMethodReturnValueHandlerTests" time="0.002"/>
  <system-out><![CDATA[]]></system-out>
  <system-err><![CDATA[]]></system-err>
</testsuite>
