<?xml version="1.0" encoding="UTF-8"?>
<testsuite name="org.springframework.messaging.handler.annotation.support.DestinationVariableMethodArgumentResolverTests" tests="3" skipped="0" failures="0" errors="0" timestamp="2023-03-06T07:32:37" hostname="DESKTOP-VGJP1PJ" time="0.01">
  <properties/>
  <testcase name="resolveArgumentNotFound()" classname="org.springframework.messaging.handler.annotation.support.DestinationVariableMethodArgumentResolverTests" time="0.004"/>
  <testcase name="resolveArgument()" classname="org.springframework.messaging.handler.annotation.support.DestinationVariableMethodArgumentResolverTests" time="0.002"/>
  <testcase name="supportsParameter()" classname="org.springframework.messaging.handler.annotation.support.DestinationVariableMethodArgumentResolverTests" time="0.003"/>
  <system-out><![CDATA[]]></system-out>
  <system-err><![CDATA[]]></system-err>
</testsuite>
