<?xml version="1.0" encoding="UTF-8"?>
<testsuite name="org.springframework.messaging.handler.annotation.reactive.PayloadMethodArgumentResolverTests" tests="8" skipped="0" failures="0" errors="0" timestamp="2023-03-06T07:32:37" hostname="DESKTOP-VGJP1PJ" time="0.12">
  <properties/>
  <testcase name="emptyBodyWhenNotRequired()" classname="org.springframework.messaging.handler.annotation.reactive.PayloadMethodArgumentResolverTests" time="0.005"/>
  <testcase name="stringFlux()" classname="org.springframework.messaging.handler.annotation.reactive.PayloadMethodArgumentResolverTests" time="0.043"/>
  <testcase name="stringMono()" classname="org.springframework.messaging.handler.annotation.reactive.PayloadMethodArgumentResolverTests" time="0.022"/>
  <testcase name="string()" classname="org.springframework.messaging.handler.annotation.reactive.PayloadMethodArgumentResolverTests" time="0.004"/>
  <testcase name="emptyBodyWhenRequired()" classname="org.springframework.messaging.handler.annotation.reactive.PayloadMethodArgumentResolverTests" time="0.005"/>
  <testcase name="validateStringFlux()" classname="org.springframework.messaging.handler.annotation.reactive.PayloadMethodArgumentResolverTests" time="0.017"/>
  <testcase name="validateStringMono()" classname="org.springframework.messaging.handler.annotation.reactive.PayloadMethodArgumentResolverTests" time="0.003"/>
  <testcase name="supportsParameter()" classname="org.springframework.messaging.handler.annotation.reactive.PayloadMethodArgumentResolverTests" time="0.017"/>
  <system-out><![CDATA[]]></system-out>
  <system-err><![CDATA[]]></system-err>
</testsuite>
