<?xml version="1.0" encoding="UTF-8"?>
<testsuite name="org.springframework.messaging.converter.DefaultContentTypeResolverTests" tests="6" skipped="0" failures="0" errors="0" timestamp="2023-03-06T07:32:29" hostname="DESKTOP-VGJP1PJ" time="1.545">
  <properties/>
  <testcase name="resolveUnknownHeaderType()" classname="org.springframework.messaging.converter.DefaultContentTypeResolverTests" time="1.498"/>
  <testcase name="resolveNoContentTypeHeader()" classname="org.springframework.messaging.converter.DefaultContentTypeResolverTests" time="0.007"/>
  <testcase name="resolveInvalidStringContentType()" classname="org.springframework.messaging.converter.DefaultContentTypeResolverTests" time="0.029"/>
  <testcase name="resolveDefaultMimeType()" classname="org.springframework.messaging.converter.DefaultContentTypeResolverTests" time="0.001"/>
  <testcase name="resolve()" classname="org.springframework.messaging.converter.DefaultContentTypeResolverTests" time="0.001"/>
  <testcase name="resolveStringContentType()" classname="org.springframework.messaging.converter.DefaultContentTypeResolverTests" time="0.002"/>
  <system-out><![CDATA[]]></system-out>
  <system-err><![CDATA[]]></system-err>
</testsuite>
