<?xml version="1.0" encoding="UTF-8"?>
<testsuite name="org.springframework.messaging.simp.annotation.support.SimpAnnotationMethodMessageHandlerKotlinTests" tests="8" skipped="0" failures="0" errors="0" timestamp="2023-03-06T07:33:34" hostname="DESKTOP-VGJP1PJ" time="0.395">
  <properties/>
  <testcase name="nonNullableHeaderWithoutHeader()" classname="org.springframework.messaging.simp.annotation.support.SimpAnnotationMethodMessageHandlerKotlinTests" time="0.197"/>
  <testcase name="nullableHeaderNotRequiredWithHeader()" classname="org.springframework.messaging.simp.annotation.support.SimpAnnotationMethodMessageHandlerKotlinTests" time="0.008"/>
  <testcase name="nonNullableHeaderNotRequiredWithoutHeader()" classname="org.springframework.messaging.simp.annotation.support.SimpAnnotationMethodMessageHandlerKotlinTests" time="0.009"/>
  <testcase name="nonNullableHeaderNotRequiredWithHeader()" classname="org.springframework.messaging.simp.annotation.support.SimpAnnotationMethodMessageHandlerKotlinTests" time="0.005"/>
  <testcase name="nonNullableHeaderWithHeader()" classname="org.springframework.messaging.simp.annotation.support.SimpAnnotationMethodMessageHandlerKotlinTests" time="0.088"/>
  <testcase name="nullableHeaderWithoutHeader()" classname="org.springframework.messaging.simp.annotation.support.SimpAnnotationMethodMessageHandlerKotlinTests" time="0.028"/>
  <testcase name="nullableHeaderNotRequiredWithoutHeader()" classname="org.springframework.messaging.simp.annotation.support.SimpAnnotationMethodMessageHandlerKotlinTests" time="0.003"/>
  <testcase name="nullableHeaderWithHeader()" classname="org.springframework.messaging.simp.annotation.support.SimpAnnotationMethodMessageHandlerKotlinTests" time="0.002"/>
  <system-out><![CDATA[]]></system-out>
  <system-err><![CDATA[]]></system-err>
</testsuite>
