<?xml version="1.0" encoding="UTF-8"?>
<testsuite name="org.springframework.messaging.handler.invocation.reactive.MethodMessageHandlerTests" tests="5" skipped="0" failures="0" errors="0" timestamp="2023-03-06T07:32:38" hostname="DESKTOP-VGJP1PJ" time="0.082">
  <properties/>
  <testcase name="handleException()" classname="org.springframework.messaging.handler.invocation.reactive.MethodMessageHandlerTests" time="0.05"/>
  <testcase name="duplicateMapping()" classname="org.springframework.messaging.handler.invocation.reactive.MethodMessageHandlerTests" time="0.001"/>
  <testcase name="registeredMappings()" classname="org.springframework.messaging.handler.invocation.reactive.MethodMessageHandlerTests" time="0.001"/>
  <testcase name="bestMatch()" classname="org.springframework.messaging.handler.invocation.reactive.MethodMessageHandlerTests" time="0.013"/>
  <testcase name="argumentResolution()" classname="org.springframework.messaging.handler.invocation.reactive.MethodMessageHandlerTests" time="0.015"/>
  <system-out><![CDATA[02:32:38.554 [Test worker] WARN  o.s.m.h.i.r.MethodMessageHandlerTests$TestMethodMessageHandler - No ApplicationContext for auto-detection of beans with message handling methods.
]]></system-out>
  <system-err><![CDATA[]]></system-err>
</testsuite>
