<?xml version="1.0" encoding="UTF-8"?>
<testsuite name="org.springframework.messaging.handler.annotation.reactive.DestinationVariableMethodArgumentResolverTests" tests="3" skipped="0" failures="0" errors="0" timestamp="2023-03-06T07:32:35" hostname="DESKTOP-VGJP1PJ" time="0.112">
  <properties/>
  <testcase name="resolveArgumentNotFound()" classname="org.springframework.messaging.handler.annotation.reactive.DestinationVariableMethodArgumentResolverTests" time="0.022"/>
  <testcase name="resolveArgument()" classname="org.springframework.messaging.handler.annotation.reactive.DestinationVariableMethodArgumentResolverTests" time="0.087"/>
  <testcase name="supportsParameter()" classname="org.springframework.messaging.handler.annotation.reactive.DestinationVariableMethodArgumentResolverTests" time="0.001"/>
  <system-out><![CDATA[]]></system-out>
  <system-err><![CDATA[]]></system-err>
</testsuite>
