<?xml version="1.0" encoding="UTF-8"?>
<testsuite name="org.springframework.messaging.converter.StringMessageConverterTests" tests="8" skipped="0" failures="0" errors="0" timestamp="2023-03-06T07:32:34" hostname="DESKTOP-VGJP1PJ" time="0.01">
  <properties/>
  <testcase name="fromMessageByteArray()" classname="org.springframework.messaging.converter.StringMessageConverterTests" time="0.001"/>
  <testcase name="toMessage()" classname="org.springframework.messaging.converter.StringMessageConverterTests" time="0.0"/>
  <testcase name="fromMessageNoContentTypeHeader()" classname="org.springframework.messaging.converter.StringMessageConverterTests" time="0.0"/>
  <testcase name="fromStringMessage()" classname="org.springframework.messaging.converter.StringMessageConverterTests" time="0.001"/>
  <testcase name="fromMessageDefaultCharset()" classname="org.springframework.messaging.converter.StringMessageConverterTests" time="0.002"/>
  <testcase name="fromMessageTargetClassNotSupported()" classname="org.springframework.messaging.converter.StringMessageConverterTests" time="0.001"/>
  <testcase name="fromMessageCharset()" classname="org.springframework.messaging.converter.StringMessageConverterTests" time="0.001"/>
  <testcase name="fromByteArrayMessage()" classname="org.springframework.messaging.converter.StringMessageConverterTests" time="0.001"/>
  <system-out><![CDATA[]]></system-out>
  <system-err><![CDATA[]]></system-err>
</testsuite>
