<?xml version="1.0" encoding="UTF-8"?>
<testsuite name="org.springframework.messaging.core.CachingDestinationResolverTests" tests="3" skipped="0" failures="0" errors="0" timestamp="2023-03-06T07:32:34" hostname="DESKTOP-VGJP1PJ" time="0.099">
  <properties/>
  <testcase name="nullTargetThroughConstructor()" classname="org.springframework.messaging.core.CachingDestinationResolverTests" time="0.004"/>
  <testcase name="noTargetSet()" classname="org.springframework.messaging.core.CachingDestinationResolverTests" time="0.002"/>
  <testcase name="cachedDestination()" classname="org.springframework.messaging.core.CachingDestinationResolverTests" time="0.092"/>
  <system-out><![CDATA[]]></system-out>
  <system-err><![CDATA[]]></system-err>
</testsuite>
