<?xml version="1.0" encoding="UTF-8"?>
<testsuite name="org.springframework.messaging.handler.annotation.support.HeaderMethodArgumentResolverTests" tests="10" skipped="0" failures="0" errors="0" timestamp="2023-03-06T07:32:37" hostname="DESKTOP-VGJP1PJ" time="0.128">
  <properties/>
  <testcase name="resolveOptionalHeaderWithValue()" classname="org.springframework.messaging.handler.annotation.support.HeaderMethodArgumentResolverTests" time="0.014"/>
  <testcase name="resolveNameFromSystemProperty()" classname="org.springframework.messaging.handler.annotation.support.HeaderMethodArgumentResolverTests" time="0.002"/>
  <testcase name="resolveArgumentNativeHeaderAmbiguity()" classname="org.springframework.messaging.handler.annotation.support.HeaderMethodArgumentResolverTests" time="0.011"/>
  <testcase name="resolveArgumentNativeHeader()" classname="org.springframework.messaging.handler.annotation.support.HeaderMethodArgumentResolverTests" time="0.004"/>
  <testcase name="resolveDefaultValueSystemProperty()" classname="org.springframework.messaging.handler.annotation.support.HeaderMethodArgumentResolverTests" time="0.003"/>
  <testcase name="resolveOptionalHeaderAsEmpty()" classname="org.springframework.messaging.handler.annotation.support.HeaderMethodArgumentResolverTests" time="0.065"/>
  <testcase name="resolveArgumentDefaultValue()" classname="org.springframework.messaging.handler.annotation.support.HeaderMethodArgumentResolverTests" time="0.008"/>
  <testcase name="resolveArgumentNotFound()" classname="org.springframework.messaging.handler.annotation.support.HeaderMethodArgumentResolverTests" time="0.011"/>
  <testcase name="resolveArgument()" classname="org.springframework.messaging.handler.annotation.support.HeaderMethodArgumentResolverTests" time="0.002"/>
  <testcase name="supportsParameter()" classname="org.springframework.messaging.handler.annotation.support.HeaderMethodArgumentResolverTests" time="0.002"/>
  <system-out><![CDATA[]]></system-out>
  <system-err><![CDATA[]]></system-err>
</testsuite>
