<?xml version="1.0" encoding="UTF-8"?>
<testsuite name="org.springframework.messaging.handler.annotation.reactive.HeadersMethodArgumentResolverTests" tests="6" skipped="0" failures="0" errors="0" timestamp="2023-03-06T07:32:36" hostname="DESKTOP-VGJP1PJ" time="0.013">
  <properties/>
  <testcase name="resolveArgumentAnnotatedNotMap()" classname="org.springframework.messaging.handler.annotation.reactive.HeadersMethodArgumentResolverTests" time="0.006"/>
  <testcase name="resolveArgumentAnnotated()" classname="org.springframework.messaging.handler.annotation.reactive.HeadersMethodArgumentResolverTests" time="0.001"/>
  <testcase name="resolveArgumentMessageHeaderAccessor()" classname="org.springframework.messaging.handler.annotation.reactive.HeadersMethodArgumentResolverTests" time="0.0"/>
  <testcase name="resolveArgumentMessageHeaders()" classname="org.springframework.messaging.handler.annotation.reactive.HeadersMethodArgumentResolverTests" time="0.001"/>
  <testcase name="supportsParameter()" classname="org.springframework.messaging.handler.annotation.reactive.HeadersMethodArgumentResolverTests" time="0.002"/>
  <testcase name="resolveArgumentMessageHeaderAccessorSubclass()" classname="org.springframework.messaging.handler.annotation.reactive.HeadersMethodArgumentResolverTests" time="0.001"/>
  <system-out><![CDATA[]]></system-out>
  <system-err><![CDATA[]]></system-err>
</testsuite>
