<?xml version="1.0" encoding="UTF-8"?>
<testsuite name="org.springframework.messaging.rsocket.RSocketClientToServerCoroutinesIntegrationTests" tests="9" skipped="0" failures="0" errors="0" timestamp="2023-03-06T07:33:21" hostname="DESKTOP-VGJP1PJ" time="1.988">
  <properties/>
  <testcase name="unitReturnValueFromExceptionHandler()" classname="org.springframework.messaging.rsocket.RSocketClientToServerCoroutinesIntegrationTests" time="0.486"/>
  <testcase name="echoStreamAsync()" classname="org.springframework.messaging.rsocket.RSocketClientToServerCoroutinesIntegrationTests" time="0.732"/>
  <testcase name="handleWithThrownException()" classname="org.springframework.messaging.rsocket.RSocketClientToServerCoroutinesIntegrationTests" time="0.063"/>
  <testcase name="echoAsync()" classname="org.springframework.messaging.rsocket.RSocketClientToServerCoroutinesIntegrationTests" time="0.074"/>
  <testcase name="echoChannel()" classname="org.springframework.messaging.rsocket.RSocketClientToServerCoroutinesIntegrationTests" time="0.25"/>
  <testcase name="fireAndForgetAsync()" classname="org.springframework.messaging.rsocket.RSocketClientToServerCoroutinesIntegrationTests" time="0.106"/>
  <testcase name="fireAndForget()" classname="org.springframework.messaging.rsocket.RSocketClientToServerCoroutinesIntegrationTests" time="0.098"/>
  <testcase name="echoStream()" classname="org.springframework.messaging.rsocket.RSocketClientToServerCoroutinesIntegrationTests" time="0.13"/>
  <testcase name="unitReturnValue()" classname="org.springframework.messaging.rsocket.RSocketClientToServerCoroutinesIntegrationTests" time="0.043"/>
  <system-out><![CDATA[]]></system-out>
  <system-err><![CDATA[]]></system-err>
</testsuite>
