<?xml version="1.0" encoding="UTF-8"?>
<testsuite name="org.springframework.messaging.simp.user.MultiServerUserRegistryTests" tests="5" skipped="0" failures="0" errors="0" timestamp="2023-03-06T07:33:18" hostname="DESKTOP-VGJP1PJ" time="0.117">
  <properties/>
  <testcase name="getUserFromRemoteRegistry()" classname="org.springframework.messaging.simp.user.MultiServerUserRegistryTests" time="0.044"/>
  <testcase name="getUserFromLocalRegistry()" classname="org.springframework.messaging.simp.user.MultiServerUserRegistryTests" time="0.013"/>
  <testcase name="purgeExpiredRegistries()" classname="org.springframework.messaging.simp.user.MultiServerUserRegistryTests" time="0.016"/>
  <testcase name="findSubscriptionsFromRemoteRegistry()" classname="org.springframework.messaging.simp.user.MultiServerUserRegistryTests" time="0.018"/>
  <testcase name="getSessionsWhenUserIsConnectedToMultipleServers()" classname="org.springframework.messaging.simp.user.MultiServerUserRegistryTests" time="0.024"/>
  <system-out><![CDATA[]]></system-out>
  <system-err><![CDATA[]]></system-err>
</testsuite>
