<?xml version="1.0" encoding="UTF-8"?>
<testsuite name="org.springframework.messaging.converter.MappingJackson2MessageConverterTests" tests="14" skipped="0" failures="0" errors="0" timestamp="2023-03-06T07:32:30" hostname="DESKTOP-VGJP1PJ" time="0.97">
  <properties/>
  <testcase name="fromMessageToList()" classname="org.springframework.messaging.converter.MappingJackson2MessageConverterTests" time="0.675"/>
  <testcase name="fromMessageInvalidJson()" classname="org.springframework.messaging.converter.MappingJackson2MessageConverterTests" time="0.118"/>
  <testcase name="fromMessageMatchingInstance()" classname="org.springframework.messaging.converter.MappingJackson2MessageConverterTests" time="0.002"/>
  <testcase name="fromMessageToMessageWithPojo()" classname="org.springframework.messaging.converter.MappingJackson2MessageConverterTests" time="0.006"/>
  <testcase name="mimetypesParametrizedConstructor()" classname="org.springframework.messaging.converter.MappingJackson2MessageConverterTests" time="0.029"/>
  <testcase name="fromMessageValidJsonWithUnknownProperty()" classname="org.springframework.messaging.converter.MappingJackson2MessageConverterTests" time="0.001"/>
  <testcase name="toMessage()" classname="org.springframework.messaging.converter.MappingJackson2MessageConverterTests" time="0.041"/>
  <testcase name="toMessageJsonView()" classname="org.springframework.messaging.converter.MappingJackson2MessageConverterTests" time="0.03"/>
  <testcase name="defaultConstructor()" classname="org.springframework.messaging.converter.MappingJackson2MessageConverterTests" time="0.002"/>
  <testcase name="mimetypeParametrizedConstructor()" classname="org.springframework.messaging.converter.MappingJackson2MessageConverterTests" time="0.001"/>
  <testcase name="toMessageUtf16String()" classname="org.springframework.messaging.converter.MappingJackson2MessageConverterTests" time="0.002"/>
  <testcase name="fromMessageUntyped()" classname="org.springframework.messaging.converter.MappingJackson2MessageConverterTests" time="0.013"/>
  <testcase name="fromMessage()" classname="org.springframework.messaging.converter.MappingJackson2MessageConverterTests" time="0.041"/>
  <testcase name="toMessageUtf16()" classname="org.springframework.messaging.converter.MappingJackson2MessageConverterTests" time="0.003"/>
  <system-out><![CDATA[]]></system-out>
  <system-err><![CDATA[]]></system-err>
</testsuite>
