<?xml version="1.0" encoding="UTF-8"?>
<testsuite name="org.springframework.messaging.converter.GenericMessageConverterTests" tests="3" skipped="0" failures="0" errors="0" timestamp="2023-03-06T07:32:30" hostname="DESKTOP-VGJP1PJ" time="0.022">
  <properties/>
  <testcase name="fromMessageWithFailedConversion()" classname="org.springframework.messaging.converter.GenericMessageConverterTests" time="0.013"/>
  <testcase name="fromMessageNoConverter()" classname="org.springframework.messaging.converter.GenericMessageConverterTests" time="0.003"/>
  <testcase name="fromMessageWithConversion()" classname="org.springframework.messaging.converter.GenericMessageConverterTests" time="0.001"/>
  <system-out><![CDATA[]]></system-out>
  <system-err><![CDATA[]]></system-err>
</testsuite>
