<?xml version="1.0" encoding="UTF-8"?>
<testsuite name="org.springframework.messaging.simp.SimpAttributesContextHolderTests" tests="8" skipped="0" failures="0" errors="0" timestamp="2023-03-06T07:32:45" hostname="DESKTOP-VGJP1PJ" time="0.037">
  <properties/>
  <testcase name="setAttributesFromMessageWithMissingSessionId()" classname="org.springframework.messaging.simp.SimpAttributesContextHolderTests" time="0.001"/>
  <testcase name="currentAttributesNone()" classname="org.springframework.messaging.simp.SimpAttributesContextHolderTests" time="0.002"/>
  <testcase name="getAttributes()" classname="org.springframework.messaging.simp.SimpAttributesContextHolderTests" time="0.0"/>
  <testcase name="setAttributes()" classname="org.springframework.messaging.simp.SimpAttributesContextHolderTests" time="0.001"/>
  <testcase name="currentAttributes()" classname="org.springframework.messaging.simp.SimpAttributesContextHolderTests" time="0.0"/>
  <testcase name="resetAttributes()" classname="org.springframework.messaging.simp.SimpAttributesContextHolderTests" time="0.001"/>
  <testcase name="setAttributesFromMessageWithMissingSessionAttributes()" classname="org.springframework.messaging.simp.SimpAttributesContextHolderTests" time="0.001"/>
  <testcase name="setAttributesFromMessage()" classname="org.springframework.messaging.simp.SimpAttributesContextHolderTests" time="0.016"/>
  <system-out><![CDATA[]]></system-out>
  <system-err><![CDATA[]]></system-err>
</testsuite>
