<?xml version="1.0" encoding="UTF-8"?>
<testsuite name="org.springframework.expression.spel.KotlinSpelReproTests" tests="1" skipped="0" failures="0" errors="0" timestamp="2023-03-06T07:14:31" hostname="DESKTOP-VGJP1PJ" time="2.77">
  <properties/>
  <testcase name="gh-23812 SpEL cannot invoke Kotlin synthetic classes()" classname="org.springframework.expression.spel.KotlinSpelReproTests" time="2.77"/>
  <system-out><![CDATA[]]></system-out>
  <system-err><![CDATA[]]></system-err>
</testsuite>
