<?xml version="1.0" encoding="UTF-8"?>
<testsuite name="org.springframework.expression.spel.ArrayConstructorTests" tests="10" skipped="0" failures="0" errors="0" timestamp="2023-03-06T07:14:22" hostname="DESKTOP-VGJP1PJ" time="1.744">
  <properties/>
  <testcase name="typeArrayConstructors()" classname="org.springframework.expression.spel.ArrayConstructorTests" time="1.268"/>
  <testcase name="simpleArrayWithInitializer()" classname="org.springframework.expression.spel.ArrayConstructorTests" time="0.17"/>
  <testcase name="basicArray()" classname="org.springframework.expression.spel.ArrayConstructorTests" time="0.006"/>
  <testcase name="multidimensionalArrays()" classname="org.springframework.expression.spel.ArrayConstructorTests" time="0.006"/>
  <testcase name="primitiveTypeArrayConstructors()" classname="org.springframework.expression.spel.ArrayConstructorTests" time="0.018"/>
  <testcase name="primitiveTypeArrayConstructorsElements()" classname="org.springframework.expression.spel.ArrayConstructorTests" time="0.218"/>
  <testcase name="constructorInvocation03()" classname="org.springframework.expression.spel.ArrayConstructorTests" time="0.002"/>
  <testcase name="multiDimensionalArray()" classname="org.springframework.expression.spel.ArrayConstructorTests" time="0.002"/>
  <testcase name="errorCases()" classname="org.springframework.expression.spel.ArrayConstructorTests" time="0.006"/>
  <testcase name="conversion()" classname="org.springframework.expression.spel.ArrayConstructorTests" time="0.003"/>
  <system-out><![CDATA[]]></system-out>
  <system-err><![CDATA[]]></system-err>
</testsuite>
