<?xml version="1.0" encoding="UTF-8"?>
<testsuite name="org.springframework.expression.spel.VariableAndFunctionTests" tests="6" skipped="0" failures="0" errors="0" timestamp="2023-03-06T07:14:31" hostname="DESKTOP-VGJP1PJ" time="0.028">
  <properties/>
  <testcase name="testCallingIllegalFunctions()" classname="org.springframework.expression.spel.VariableAndFunctionTests" time="0.002"/>
  <testcase name="testFunctionAccess01()" classname="org.springframework.expression.spel.VariableAndFunctionTests" time="0.002"/>
  <testcase name="testFunctionAccess02()" classname="org.springframework.expression.spel.VariableAndFunctionTests" time="0.016"/>
  <testcase name="testVariableAccess_WellKnownVariables()" classname="org.springframework.expression.spel.VariableAndFunctionTests" time="0.002"/>
  <testcase name="testVariableAccess01()" classname="org.springframework.expression.spel.VariableAndFunctionTests" time="0.001"/>
  <testcase name="testCallVarargsFunction()" classname="org.springframework.expression.spel.VariableAndFunctionTests" time="0.002"/>
  <system-out><![CDATA[]]></system-out>
  <system-err><![CDATA[]]></system-err>
</testsuite>
