<?xml version="1.0" encoding="UTF-8"?>
<testsuite name="org.springframework.expression.spel.DefaultComparatorUnitTests" tests="5" skipped="0" failures="0" errors="0" timestamp="2023-03-06T07:14:25" hostname="DESKTOP-VGJP1PJ" time="0.014">
  <properties/>
  <testcase name="testObjects()" classname="org.springframework.expression.spel.DefaultComparatorUnitTests" time="0.0"/>
  <testcase name="testPrimitives()" classname="org.springframework.expression.spel.DefaultComparatorUnitTests" time="0.002"/>
  <testcase name="testNonPrimitiveNumbers()" classname="org.springframework.expression.spel.DefaultComparatorUnitTests" time="0.004"/>
  <testcase name="testNulls()" classname="org.springframework.expression.spel.DefaultComparatorUnitTests" time="0.0"/>
  <testcase name="testCanCompare()" classname="org.springframework.expression.spel.DefaultComparatorUnitTests" time="0.001"/>
  <system-out><![CDATA[]]></system-out>
  <system-err><![CDATA[]]></system-err>
</testsuite>
