<?xml version="1.0" encoding="UTF-8"?>
<testsuite name="org.springframework.expression.spel.CachedMethodExecutorTests" tests="2" skipped="0" failures="0" errors="0" timestamp="2023-03-06T07:14:24" hostname="DESKTOP-VGJP1PJ" time="0.078">
  <properties/>
  <testcase name="testCachedExecutionForTarget()" classname="org.springframework.expression.spel.CachedMethodExecutorTests" time="0.071"/>
  <testcase name="testCachedExecutionForParameters()" classname="org.springframework.expression.spel.CachedMethodExecutorTests" time="0.003"/>
  <system-out><![CDATA[]]></system-out>
  <system-err><![CDATA[]]></system-err>
</testsuite>
