<?xml version="1.0" encoding="UTF-8"?>
<testsuite name="org.springframework.aop.support.AopUtilsTests" tests="4" skipped="0" failures="0" errors="0" timestamp="2023-03-06T04:25:25" hostname="DESKTOP-VGJP1PJ" time="0.051">
  <properties/>
  <testcase name="testPointcutAlwaysApplies()" classname="org.springframework.aop.support.AopUtilsTests" time="0.0"/>
  <testcase name="testCanonicalFrameworkClassesStillCanonicalOnDeserialization()" classname="org.springframework.aop.support.AopUtilsTests" time="0.024"/>
  <testcase name="testPointcutAppliesToOneMethodOnObject()" classname="org.springframework.aop.support.AopUtilsTests" time="0.016"/>
  <testcase name="testPointcutCanNeverApply()" classname="org.springframework.aop.support.AopUtilsTests" time="0.01"/>
  <system-out><![CDATA[]]></system-out>
  <system-err><![CDATA[]]></system-err>
</testsuite>
