<?xml version="1.0" encoding="UTF-8"?>
<testsuite name="org.springframework.aop.scope.ScopedProxyAutowireTests" tests="2" skipped="0" failures="0" errors="0" timestamp="2023-03-06T04:25:25" hostname="DESKTOP-VGJP1PJ" time="0.127">
  <properties/>
  <testcase name="testScopedProxyInheritsAutowireCandidateFalse()" classname="org.springframework.aop.scope.ScopedProxyAutowireTests" time="0.08"/>
  <testcase name="testScopedProxyReplacesAutowireCandidateTrue()" classname="org.springframework.aop.scope.ScopedProxyAutowireTests" time="0.046"/>
  <system-out><![CDATA[]]></system-out>
  <system-err><![CDATA[]]></system-err>
</testsuite>
