<?xml version="1.0" encoding="UTF-8"?>
<testsuite name="org.springframework.aop.framework.NullPrimitiveTests" tests="2" skipped="0" failures="0" errors="0" timestamp="2023-03-06T04:25:24" hostname="DESKTOP-VGJP1PJ" time="0.063">
  <properties/>
  <testcase name="testNullPrimitiveWithCglibProxy()" classname="org.springframework.aop.framework.NullPrimitiveTests" time="0.021"/>
  <testcase name="testNullPrimitiveWithJdkProxy()" classname="org.springframework.aop.framework.NullPrimitiveTests" time="0.041"/>
  <system-out><![CDATA[]]></system-out>
  <system-err><![CDATA[]]></system-err>
</testsuite>
