<?xml version="1.0" encoding="UTF-8"?>
<testsuite name="org.springframework.aop.framework.PrototypeTargetTests" tests="2" skipped="0" failures="0" errors="0" timestamp="2023-03-06T04:25:24" hostname="DESKTOP-VGJP1PJ" time="0.398">
  <properties/>
  <testcase name="testSingletonProxyWithPrototypeTarget()" classname="org.springframework.aop.framework.PrototypeTargetTests" time="0.383"/>
  <testcase name="testPrototypeProxyWithPrototypeTarget()" classname="org.springframework.aop.framework.PrototypeTargetTests" time="0.014"/>
  <system-out><![CDATA[]]></system-out>
  <system-err><![CDATA[]]></system-err>
</testsuite>
