<?xml version="1.0" encoding="UTF-8"?>
<testsuite name="org.springframework.aop.aspectj.BeanNamePointcutMatchingTests" tests="2" skipped="0" failures="0" errors="0" timestamp="2023-03-06T04:25:21" hostname="DESKTOP-VGJP1PJ" time="0.015">
  <properties/>
  <testcase name="testNonMatchingPointcuts()" classname="org.springframework.aop.aspectj.BeanNamePointcutMatchingTests" time="0.011"/>
  <testcase name="testMatchingPointcuts()" classname="org.springframework.aop.aspectj.BeanNamePointcutMatchingTests" time="0.003"/>
  <system-out><![CDATA[]]></system-out>
  <system-err><![CDATA[]]></system-err>
</testsuite>
