<?xml version="1.0" encoding="UTF-8"?>
<testsuite name="org.springframework.aop.interceptor.PerformanceMonitorInterceptorTests" tests="3" skipped="0" failures="0" errors="0" timestamp="2023-03-06T04:25:25" hostname="DESKTOP-VGJP1PJ" time="0.006">
  <properties/>
  <testcase name="testExceptionPathStillLogsPerformanceMetricsCorrectly()" classname="org.springframework.aop.interceptor.PerformanceMonitorInterceptorTests" time="0.003"/>
  <testcase name="testSuffixAndPrefixAssignment()" classname="org.springframework.aop.interceptor.PerformanceMonitorInterceptorTests" time="0.001"/>
  <testcase name="testSunnyDayPathLogsPerformanceMetricsCorrectly()" classname="org.springframework.aop.interceptor.PerformanceMonitorInterceptorTests" time="0.002"/>
  <system-out><![CDATA[]]></system-out>
  <system-err><![CDATA[]]></system-err>
</testsuite>
