<?xml version="1.0" encoding="UTF-8"?>
<testsuite name="org.springframework.aop.aspectj.annotation.AspectMetadataTests" tests="4" skipped="0" failures="0" errors="0" timestamp="2023-03-06T04:25:19" hostname="DESKTOP-VGJP1PJ" time="0.08">
  <properties/>
  <testcase name="notAnAspect()" classname="org.springframework.aop.aspectj.annotation.AspectMetadataTests" time="0.001"/>
  <testcase name="perThisAspect()" classname="org.springframework.aop.aspectj.annotation.AspectMetadataTests" time="0.076"/>
  <testcase name="singletonAspect()" classname="org.springframework.aop.aspectj.annotation.AspectMetadataTests" time="0.0"/>
  <testcase name="perTargetAspect()" classname="org.springframework.aop.aspectj.annotation.AspectMetadataTests" time="0.0"/>
  <system-out><![CDATA[]]></system-out>
  <system-err><![CDATA[]]></system-err>
</testsuite>
