<?xml version="1.0" encoding="UTF-8"?>
<testsuite name="org.springframework.aop.framework.IntroductionBenchmarkTests" tests="1" skipped="0" failures="0" errors="0" timestamp="2023-03-06T04:25:24" hostname="DESKTOP-VGJP1PJ" time="0.155">
  <properties/>
  <testcase name="timeManyInvocations()" classname="org.springframework.aop.framework.IntroductionBenchmarkTests" time="0.155"/>
  <system-out><![CDATA[StopWatch '': running time = 144529700 ns
---------------------------------------------
ns         %     Task name
---------------------------------------------
085526700  059%  100000 invocations on proxy, not hitting introduction
058083900  040%  100000 invocations on proxy, hitting introduction
000919100  001%  100000 invocations on target

]]></system-out>
  <system-err><![CDATA[]]></system-err>
</testsuite>
