<?xml version="1.0" encoding="UTF-8"?>
<testsuite name="org.springframework.aop.framework.adapter.ThrowsAdviceInterceptorTests" tests="6" skipped="0" failures="0" errors="0" timestamp="2023-03-06T04:25:22" hostname="DESKTOP-VGJP1PJ" time="1.11">
  <properties/>
  <testcase name="testCorrectHandlerUsedForSubclass()" classname="org.springframework.aop.framework.adapter.ThrowsAdviceInterceptorTests" time="1.066"/>
  <testcase name="testCorrectHandlerUsed()" classname="org.springframework.aop.framework.adapter.ThrowsAdviceInterceptorTests" time="0.031"/>
  <testcase name="testNotInvoked()" classname="org.springframework.aop.framework.adapter.ThrowsAdviceInterceptorTests" time="0.001"/>
  <testcase name="testHandlerMethodThrowsException()" classname="org.springframework.aop.framework.adapter.ThrowsAdviceInterceptorTests" time="0.003"/>
  <testcase name="testNoHandlerMethods()" classname="org.springframework.aop.framework.adapter.ThrowsAdviceInterceptorTests" time="0.003"/>
  <testcase name="testNoHandlerMethodForThrowable()" classname="org.springframework.aop.framework.adapter.ThrowsAdviceInterceptorTests" time="0.002"/>
  <system-out><![CDATA[]]></system-out>
  <system-err><![CDATA[]]></system-err>
</testsuite>
